OpenROAD v2.0-19576-gec1bf1a13 
Features included (+) or not (-): +GPU +GUI +Python : None
This program is licensed under the BSD-3 license. See the LICENSE file for details.
Components of this program may be licensed under more restrictive licenses which must be honored.
[INFO ORD-0030] Using 16 thread(s).
[INFO GPL-0002] DBU: 2000
[INFO GPL-0003] SiteSize: (  0.190  1.400 ) um
[INFO GPL-0004] CoreBBox: (  1.140  1.400 ) ( 1430.320 1286.600 ) um
[WARNING GPL-0001] axi_req_o[0] toplevel port is not placed!
       Replace will regard axi_req_o[0] is placed in (0, 0)
[WARNING GPL-0001] axi_req_o[100] toplevel port is not placed!
       Replace will regard axi_req_o[100] is placed in (0, 0)
[WARNING GPL-0001] axi_req_o[101] toplevel port is not placed!
       Replace will regard axi_req_o[101] is placed in (0, 0)
[WARNING GPL-0001] axi_req_o[102] toplevel port is not placed!
       Replace will regard axi_req_o[102] is placed in (0, 0)
[WARNING GPL-0001] axi_req_o[103] toplevel port is not placed!
       Replace will regard axi_req_o[103] is placed in (0, 0)
[WARNING GPL-0001] axi_req_o[104] toplevel port is not placed!
       Replace will regard axi_req_o[104] is placed in (0, 0)
[WARNING GPL-0001] axi_req_o[105] toplevel port is not placed!
       Replace will regard axi_req_o[105] is placed in (0, 0)
[WARNING GPL-0001] axi_req_o[106] toplevel port is not placed!
       Replace will regard axi_req_o[106] is placed in (0, 0)
[WARNING GPL-0001] axi_req_o[107] toplevel port is not placed!
       Replace will regard axi_req_o[107] is placed in (0, 0)
[WARNING GPL-0001] axi_req_o[108] toplevel port is not placed!
       Replace will regard axi_req_o[108] is placed in (0, 0)
[WARNING GPL-0001] axi_req_o[109] toplevel port is not placed!
       Replace will regard axi_req_o[109] is placed in (0, 0)
[WARNING GPL-0001] axi_req_o[10] toplevel port is not placed!
       Replace will regard axi_req_o[10] is placed in (0, 0)
[WARNING GPL-0001] axi_req_o[110] toplevel port is not placed!
       Replace will regard axi_req_o[110] is placed in (0, 0)
[WARNING GPL-0001] axi_req_o[111] toplevel port is not placed!
       Replace will regard axi_req_o[111] is placed in (0, 0)
[WARNING GPL-0001] axi_req_o[112] toplevel port is not placed!
       Replace will regard axi_req_o[112] is placed in (0, 0)
[WARNING GPL-0001] axi_req_o[113] toplevel port is not placed!
       Replace will regard axi_req_o[113] is placed in (0, 0)
[WARNING GPL-0001] axi_req_o[114] toplevel port is not placed!
       Replace will regard axi_req_o[114] is placed in (0, 0)
[WARNING GPL-0001] axi_req_o[115] toplevel port is not placed!
       Replace will regard axi_req_o[115] is placed in (0, 0)
[WARNING GPL-0001] axi_req_o[116] toplevel port is not placed!
       Replace will regard axi_req_o[116] is placed in (0, 0)
[WARNING GPL-0001] axi_req_o[117] toplevel port is not placed!
       Replace will regard axi_req_o[117] is placed in (0, 0)
[WARNING GPL-0001] axi_req_o[118] toplevel port is not placed!
       Replace will regard axi_req_o[118] is placed in (0, 0)
[WARNING GPL-0001] axi_req_o[119] toplevel port is not placed!
       Replace will regard axi_req_o[119] is placed in (0, 0)
[WARNING GPL-0001] axi_req_o[11] toplevel port is not placed!
       Replace will regard axi_req_o[11] is placed in (0, 0)
[WARNING GPL-0001] axi_req_o[120] toplevel port is not placed!
       Replace will regard axi_req_o[120] is placed in (0, 0)
[WARNING GPL-0001] axi_req_o[121] toplevel port is not placed!
       Replace will regard axi_req_o[121] is placed in (0, 0)
[WARNING GPL-0001] axi_req_o[122] toplevel port is not placed!
       Replace will regard axi_req_o[122] is placed in (0, 0)
[WARNING GPL-0001] axi_req_o[123] toplevel port is not placed!
       Replace will regard axi_req_o[123] is placed in (0, 0)
[WARNING GPL-0001] axi_req_o[124] toplevel port is not placed!
       Replace will regard axi_req_o[124] is placed in (0, 0)
[WARNING GPL-0001] axi_req_o[125] toplevel port is not placed!
       Replace will regard axi_req_o[125] is placed in (0, 0)
[WARNING GPL-0001] axi_req_o[126] toplevel port is not placed!
       Replace will regard axi_req_o[126] is placed in (0, 0)
[WARNING GPL-0001] axi_req_o[127] toplevel port is not placed!
       Replace will regard axi_req_o[127] is placed in (0, 0)
[WARNING GPL-0001] axi_req_o[128] toplevel port is not placed!
       Replace will regard axi_req_o[128] is placed in (0, 0)
[WARNING GPL-0001] axi_req_o[129] toplevel port is not placed!
       Replace will regard axi_req_o[129] is placed in (0, 0)
[WARNING GPL-0001] axi_req_o[12] toplevel port is not placed!
       Replace will regard axi_req_o[12] is placed in (0, 0)
[WARNING GPL-0001] axi_req_o[130] toplevel port is not placed!
       Replace will regard axi_req_o[130] is placed in (0, 0)
[WARNING GPL-0001] axi_req_o[131] toplevel port is not placed!
       Replace will regard axi_req_o[131] is placed in (0, 0)
[WARNING GPL-0001] axi_req_o[132] toplevel port is not placed!
       Replace will regard axi_req_o[132] is placed in (0, 0)
[WARNING GPL-0001] axi_req_o[133] toplevel port is not placed!
       Replace will regard axi_req_o[133] is placed in (0, 0)
[WARNING GPL-0001] axi_req_o[134] toplevel port is not placed!
       Replace will regard axi_req_o[134] is placed in (0, 0)
[WARNING GPL-0001] axi_req_o[135] toplevel port is not placed!
       Replace will regard axi_req_o[135] is placed in (0, 0)
[WARNING GPL-0001] axi_req_o[136] toplevel port is not placed!
       Replace will regard axi_req_o[136] is placed in (0, 0)
[WARNING GPL-0001] axi_req_o[137] toplevel port is not placed!
       Replace will regard axi_req_o[137] is placed in (0, 0)
[WARNING GPL-0001] axi_req_o[138] toplevel port is not placed!
       Replace will regard axi_req_o[138] is placed in (0, 0)
[WARNING GPL-0001] axi_req_o[139] toplevel port is not placed!
       Replace will regard axi_req_o[139] is placed in (0, 0)
[WARNING GPL-0001] axi_req_o[13] toplevel port is not placed!
       Replace will regard axi_req_o[13] is placed in (0, 0)
[WARNING GPL-0001] axi_req_o[140] toplevel port is not placed!
       Replace will regard axi_req_o[140] is placed in (0, 0)
[WARNING GPL-0001] axi_req_o[141] toplevel port is not placed!
       Replace will regard axi_req_o[141] is placed in (0, 0)
[WARNING GPL-0001] axi_req_o[142] toplevel port is not placed!
       Replace will regard axi_req_o[142] is placed in (0, 0)
[WARNING GPL-0001] axi_req_o[143] toplevel port is not placed!
       Replace will regard axi_req_o[143] is placed in (0, 0)
[WARNING GPL-0001] axi_req_o[144] toplevel port is not placed!
       Replace will regard axi_req_o[144] is placed in (0, 0)
[WARNING GPL-0001] axi_req_o[145] toplevel port is not placed!
       Replace will regard axi_req_o[145] is placed in (0, 0)
[WARNING GPL-0001] axi_req_o[146] toplevel port is not placed!
       Replace will regard axi_req_o[146] is placed in (0, 0)
[WARNING GPL-0001] axi_req_o[147] toplevel port is not placed!
       Replace will regard axi_req_o[147] is placed in (0, 0)
[WARNING GPL-0001] axi_req_o[148] toplevel port is not placed!
       Replace will regard axi_req_o[148] is placed in (0, 0)
[WARNING GPL-0001] axi_req_o[149] toplevel port is not placed!
       Replace will regard axi_req_o[149] is placed in (0, 0)
[WARNING GPL-0001] axi_req_o[14] toplevel port is not placed!
       Replace will regard axi_req_o[14] is placed in (0, 0)
[WARNING GPL-0001] axi_req_o[150] toplevel port is not placed!
       Replace will regard axi_req_o[150] is placed in (0, 0)
[WARNING GPL-0001] axi_req_o[151] toplevel port is not placed!
       Replace will regard axi_req_o[151] is placed in (0, 0)
[WARNING GPL-0001] axi_req_o[152] toplevel port is not placed!
       Replace will regard axi_req_o[152] is placed in (0, 0)
[WARNING GPL-0001] axi_req_o[153] toplevel port is not placed!
       Replace will regard axi_req_o[153] is placed in (0, 0)
[WARNING GPL-0001] axi_req_o[154] toplevel port is not placed!
       Replace will regard axi_req_o[154] is placed in (0, 0)
[WARNING GPL-0001] axi_req_o[155] toplevel port is not placed!
       Replace will regard axi_req_o[155] is placed in (0, 0)
[WARNING GPL-0001] axi_req_o[156] toplevel port is not placed!
       Replace will regard axi_req_o[156] is placed in (0, 0)
[WARNING GPL-0001] axi_req_o[157] toplevel port is not placed!
       Replace will regard axi_req_o[157] is placed in (0, 0)
[WARNING GPL-0001] axi_req_o[158] toplevel port is not placed!
       Replace will regard axi_req_o[158] is placed in (0, 0)
[WARNING GPL-0001] axi_req_o[159] toplevel port is not placed!
       Replace will regard axi_req_o[159] is placed in (0, 0)
[WARNING GPL-0001] axi_req_o[15] toplevel port is not placed!
       Replace will regard axi_req_o[15] is placed in (0, 0)
[WARNING GPL-0001] axi_req_o[160] toplevel port is not placed!
       Replace will regard axi_req_o[160] is placed in (0, 0)
[WARNING GPL-0001] axi_req_o[161] toplevel port is not placed!
       Replace will regard axi_req_o[161] is placed in (0, 0)
[WARNING GPL-0001] axi_req_o[162] toplevel port is not placed!
       Replace will regard axi_req_o[162] is placed in (0, 0)
[WARNING GPL-0001] axi_req_o[163] toplevel port is not placed!
       Replace will regard axi_req_o[163] is placed in (0, 0)
[WARNING GPL-0001] axi_req_o[164] toplevel port is not placed!
       Replace will regard axi_req_o[164] is placed in (0, 0)
[WARNING GPL-0001] axi_req_o[165] toplevel port is not placed!
       Replace will regard axi_req_o[165] is placed in (0, 0)
[WARNING GPL-0001] axi_req_o[166] toplevel port is not placed!
       Replace will regard axi_req_o[166] is placed in (0, 0)
[WARNING GPL-0001] axi_req_o[167] toplevel port is not placed!
       Replace will regard axi_req_o[167] is placed in (0, 0)
[WARNING GPL-0001] axi_req_o[168] toplevel port is not placed!
       Replace will regard axi_req_o[168] is placed in (0, 0)
[WARNING GPL-0001] axi_req_o[169] toplevel port is not placed!
       Replace will regard axi_req_o[169] is placed in (0, 0)
[WARNING GPL-0001] axi_req_o[16] toplevel port is not placed!
       Replace will regard axi_req_o[16] is placed in (0, 0)
[WARNING GPL-0001] axi_req_o[170] toplevel port is not placed!
       Replace will regard axi_req_o[170] is placed in (0, 0)
[WARNING GPL-0001] axi_req_o[171] toplevel port is not placed!
       Replace will regard axi_req_o[171] is placed in (0, 0)
[WARNING GPL-0001] axi_req_o[172] toplevel port is not placed!
       Replace will regard axi_req_o[172] is placed in (0, 0)
[WARNING GPL-0001] axi_req_o[173] toplevel port is not placed!
       Replace will regard axi_req_o[173] is placed in (0, 0)
[WARNING GPL-0001] axi_req_o[174] toplevel port is not placed!
       Replace will regard axi_req_o[174] is placed in (0, 0)
[WARNING GPL-0001] axi_req_o[175] toplevel port is not placed!
       Replace will regard axi_req_o[175] is placed in (0, 0)
[WARNING GPL-0001] axi_req_o[176] toplevel port is not placed!
       Replace will regard axi_req_o[176] is placed in (0, 0)
[WARNING GPL-0001] axi_req_o[177] toplevel port is not placed!
       Replace will regard axi_req_o[177] is placed in (0, 0)
[WARNING GPL-0001] axi_req_o[178] toplevel port is not placed!
       Replace will regard axi_req_o[178] is placed in (0, 0)
[WARNING GPL-0001] axi_req_o[179] toplevel port is not placed!
       Replace will regard axi_req_o[179] is placed in (0, 0)
[WARNING GPL-0001] axi_req_o[17] toplevel port is not placed!
       Replace will regard axi_req_o[17] is placed in (0, 0)
[WARNING GPL-0001] axi_req_o[180] toplevel port is not placed!
       Replace will regard axi_req_o[180] is placed in (0, 0)
[WARNING GPL-0001] axi_req_o[181] toplevel port is not placed!
       Replace will regard axi_req_o[181] is placed in (0, 0)
[WARNING GPL-0001] axi_req_o[182] toplevel port is not placed!
       Replace will regard axi_req_o[182] is placed in (0, 0)
[WARNING GPL-0001] axi_req_o[183] toplevel port is not placed!
       Replace will regard axi_req_o[183] is placed in (0, 0)
[WARNING GPL-0001] axi_req_o[184] toplevel port is not placed!
       Replace will regard axi_req_o[184] is placed in (0, 0)
[WARNING GPL-0001] axi_req_o[185] toplevel port is not placed!
       Replace will regard axi_req_o[185] is placed in (0, 0)
[WARNING GPL-0001] axi_req_o[186] toplevel port is not placed!
       Replace will regard axi_req_o[186] is placed in (0, 0)
[WARNING GPL-0001] axi_req_o[187] toplevel port is not placed!
       Replace will regard axi_req_o[187] is placed in (0, 0)
[WARNING GPL-0001] axi_req_o[188] toplevel port is not placed!
       Replace will regard axi_req_o[188] is placed in (0, 0)
[WARNING GPL-0001] axi_req_o[189] toplevel port is not placed!
       Replace will regard axi_req_o[189] is placed in (0, 0)
[WARNING GPL-0001] axi_req_o[18] toplevel port is not placed!
       Replace will regard axi_req_o[18] is placed in (0, 0)
[WARNING GPL-0001] axi_req_o[190] toplevel port is not placed!
       Replace will regard axi_req_o[190] is placed in (0, 0)
[WARNING GPL-0001] axi_req_o[191] toplevel port is not placed!
       Replace will regard axi_req_o[191] is placed in (0, 0)
[WARNING GPL-0001] axi_req_o[192] toplevel port is not placed!
       Replace will regard axi_req_o[192] is placed in (0, 0)
[WARNING GPL-0001] axi_req_o[193] toplevel port is not placed!
       Replace will regard axi_req_o[193] is placed in (0, 0)
[WARNING GPL-0001] axi_req_o[194] toplevel port is not placed!
       Replace will regard axi_req_o[194] is placed in (0, 0)
[WARNING GPL-0001] axi_req_o[195] toplevel port is not placed!
       Replace will regard axi_req_o[195] is placed in (0, 0)
[WARNING GPL-0001] axi_req_o[196] toplevel port is not placed!
       Replace will regard axi_req_o[196] is placed in (0, 0)
[WARNING GPL-0001] axi_req_o[197] toplevel port is not placed!
       Replace will regard axi_req_o[197] is placed in (0, 0)
[WARNING GPL-0001] axi_req_o[198] toplevel port is not placed!
       Replace will regard axi_req_o[198] is placed in (0, 0)
[WARNING GPL-0001] axi_req_o[199] toplevel port is not placed!
       Replace will regard axi_req_o[199] is placed in (0, 0)
[WARNING GPL-0001] axi_req_o[19] toplevel port is not placed!
       Replace will regard axi_req_o[19] is placed in (0, 0)
[WARNING GPL-0001] axi_req_o[1] toplevel port is not placed!
       Replace will regard axi_req_o[1] is placed in (0, 0)
[WARNING GPL-0001] axi_req_o[200] toplevel port is not placed!
       Replace will regard axi_req_o[200] is placed in (0, 0)
[WARNING GPL-0001] axi_req_o[201] toplevel port is not placed!
       Replace will regard axi_req_o[201] is placed in (0, 0)
[WARNING GPL-0001] axi_req_o[202] toplevel port is not placed!
       Replace will regard axi_req_o[202] is placed in (0, 0)
[WARNING GPL-0001] axi_req_o[203] toplevel port is not placed!
       Replace will regard axi_req_o[203] is placed in (0, 0)
[WARNING GPL-0001] axi_req_o[204] toplevel port is not placed!
       Replace will regard axi_req_o[204] is placed in (0, 0)
[WARNING GPL-0001] axi_req_o[205] toplevel port is not placed!
       Replace will regard axi_req_o[205] is placed in (0, 0)
[WARNING GPL-0001] axi_req_o[206] toplevel port is not placed!
       Replace will regard axi_req_o[206] is placed in (0, 0)
[WARNING GPL-0001] axi_req_o[207] toplevel port is not placed!
       Replace will regard axi_req_o[207] is placed in (0, 0)
[WARNING GPL-0001] axi_req_o[208] toplevel port is not placed!
       Replace will regard axi_req_o[208] is placed in (0, 0)
[WARNING GPL-0001] axi_req_o[209] toplevel port is not placed!
       Replace will regard axi_req_o[209] is placed in (0, 0)
[WARNING GPL-0001] axi_req_o[20] toplevel port is not placed!
       Replace will regard axi_req_o[20] is placed in (0, 0)
[WARNING GPL-0001] axi_req_o[210] toplevel port is not placed!
       Replace will regard axi_req_o[210] is placed in (0, 0)
[WARNING GPL-0001] axi_req_o[211] toplevel port is not placed!
       Replace will regard axi_req_o[211] is placed in (0, 0)
[WARNING GPL-0001] axi_req_o[212] toplevel port is not placed!
       Replace will regard axi_req_o[212] is placed in (0, 0)
[WARNING GPL-0001] axi_req_o[213] toplevel port is not placed!
       Replace will regard axi_req_o[213] is placed in (0, 0)
[WARNING GPL-0001] axi_req_o[214] toplevel port is not placed!
       Replace will regard axi_req_o[214] is placed in (0, 0)
[WARNING GPL-0001] axi_req_o[215] toplevel port is not placed!
       Replace will regard axi_req_o[215] is placed in (0, 0)
[WARNING GPL-0001] axi_req_o[216] toplevel port is not placed!
       Replace will regard axi_req_o[216] is placed in (0, 0)
[WARNING GPL-0001] axi_req_o[217] toplevel port is not placed!
       Replace will regard axi_req_o[217] is placed in (0, 0)
[WARNING GPL-0001] axi_req_o[218] toplevel port is not placed!
       Replace will regard axi_req_o[218] is placed in (0, 0)
[WARNING GPL-0001] axi_req_o[219] toplevel port is not placed!
       Replace will regard axi_req_o[219] is placed in (0, 0)
[WARNING GPL-0001] axi_req_o[21] toplevel port is not placed!
       Replace will regard axi_req_o[21] is placed in (0, 0)
[WARNING GPL-0001] axi_req_o[220] toplevel port is not placed!
       Replace will regard axi_req_o[220] is placed in (0, 0)
[WARNING GPL-0001] axi_req_o[221] toplevel port is not placed!
       Replace will regard axi_req_o[221] is placed in (0, 0)
[WARNING GPL-0001] axi_req_o[222] toplevel port is not placed!
       Replace will regard axi_req_o[222] is placed in (0, 0)
[WARNING GPL-0001] axi_req_o[223] toplevel port is not placed!
       Replace will regard axi_req_o[223] is placed in (0, 0)
[WARNING GPL-0001] axi_req_o[224] toplevel port is not placed!
       Replace will regard axi_req_o[224] is placed in (0, 0)
[WARNING GPL-0001] axi_req_o[225] toplevel port is not placed!
       Replace will regard axi_req_o[225] is placed in (0, 0)
[WARNING GPL-0001] axi_req_o[226] toplevel port is not placed!
       Replace will regard axi_req_o[226] is placed in (0, 0)
[WARNING GPL-0001] axi_req_o[227] toplevel port is not placed!
       Replace will regard axi_req_o[227] is placed in (0, 0)
[WARNING GPL-0001] axi_req_o[228] toplevel port is not placed!
       Replace will regard axi_req_o[228] is placed in (0, 0)
[WARNING GPL-0001] axi_req_o[229] toplevel port is not placed!
       Replace will regard axi_req_o[229] is placed in (0, 0)
[WARNING GPL-0001] axi_req_o[22] toplevel port is not placed!
       Replace will regard axi_req_o[22] is placed in (0, 0)
[WARNING GPL-0001] axi_req_o[230] toplevel port is not placed!
       Replace will regard axi_req_o[230] is placed in (0, 0)
[WARNING GPL-0001] axi_req_o[231] toplevel port is not placed!
       Replace will regard axi_req_o[231] is placed in (0, 0)
[WARNING GPL-0001] axi_req_o[232] toplevel port is not placed!
       Replace will regard axi_req_o[232] is placed in (0, 0)
[WARNING GPL-0001] axi_req_o[233] toplevel port is not placed!
       Replace will regard axi_req_o[233] is placed in (0, 0)
[WARNING GPL-0001] axi_req_o[234] toplevel port is not placed!
       Replace will regard axi_req_o[234] is placed in (0, 0)
[WARNING GPL-0001] axi_req_o[235] toplevel port is not placed!
       Replace will regard axi_req_o[235] is placed in (0, 0)
[WARNING GPL-0001] axi_req_o[236] toplevel port is not placed!
       Replace will regard axi_req_o[236] is placed in (0, 0)
[WARNING GPL-0001] axi_req_o[237] toplevel port is not placed!
       Replace will regard axi_req_o[237] is placed in (0, 0)
[WARNING GPL-0001] axi_req_o[238] toplevel port is not placed!
       Replace will regard axi_req_o[238] is placed in (0, 0)
[WARNING GPL-0001] axi_req_o[239] toplevel port is not placed!
       Replace will regard axi_req_o[239] is placed in (0, 0)
[WARNING GPL-0001] axi_req_o[23] toplevel port is not placed!
       Replace will regard axi_req_o[23] is placed in (0, 0)
[WARNING GPL-0001] axi_req_o[240] toplevel port is not placed!
       Replace will regard axi_req_o[240] is placed in (0, 0)
[WARNING GPL-0001] axi_req_o[241] toplevel port is not placed!
       Replace will regard axi_req_o[241] is placed in (0, 0)
[WARNING GPL-0001] axi_req_o[242] toplevel port is not placed!
       Replace will regard axi_req_o[242] is placed in (0, 0)
[WARNING GPL-0001] axi_req_o[243] toplevel port is not placed!
       Replace will regard axi_req_o[243] is placed in (0, 0)
[WARNING GPL-0001] axi_req_o[244] toplevel port is not placed!
       Replace will regard axi_req_o[244] is placed in (0, 0)
[WARNING GPL-0001] axi_req_o[245] toplevel port is not placed!
       Replace will regard axi_req_o[245] is placed in (0, 0)
[WARNING GPL-0001] axi_req_o[246] toplevel port is not placed!
       Replace will regard axi_req_o[246] is placed in (0, 0)
[WARNING GPL-0001] axi_req_o[247] toplevel port is not placed!
       Replace will regard axi_req_o[247] is placed in (0, 0)
[WARNING GPL-0001] axi_req_o[248] toplevel port is not placed!
       Replace will regard axi_req_o[248] is placed in (0, 0)
[WARNING GPL-0001] axi_req_o[249] toplevel port is not placed!
       Replace will regard axi_req_o[249] is placed in (0, 0)
[WARNING GPL-0001] axi_req_o[24] toplevel port is not placed!
       Replace will regard axi_req_o[24] is placed in (0, 0)
[WARNING GPL-0001] axi_req_o[250] toplevel port is not placed!
       Replace will regard axi_req_o[250] is placed in (0, 0)
[WARNING GPL-0001] axi_req_o[251] toplevel port is not placed!
       Replace will regard axi_req_o[251] is placed in (0, 0)
[WARNING GPL-0001] axi_req_o[252] toplevel port is not placed!
       Replace will regard axi_req_o[252] is placed in (0, 0)
[WARNING GPL-0001] axi_req_o[253] toplevel port is not placed!
       Replace will regard axi_req_o[253] is placed in (0, 0)
[WARNING GPL-0001] axi_req_o[254] toplevel port is not placed!
       Replace will regard axi_req_o[254] is placed in (0, 0)
[WARNING GPL-0001] axi_req_o[255] toplevel port is not placed!
       Replace will regard axi_req_o[255] is placed in (0, 0)
[WARNING GPL-0001] axi_req_o[256] toplevel port is not placed!
       Replace will regard axi_req_o[256] is placed in (0, 0)
[WARNING GPL-0001] axi_req_o[257] toplevel port is not placed!
       Replace will regard axi_req_o[257] is placed in (0, 0)
[WARNING GPL-0001] axi_req_o[258] toplevel port is not placed!
       Replace will regard axi_req_o[258] is placed in (0, 0)
[WARNING GPL-0001] axi_req_o[259] toplevel port is not placed!
       Replace will regard axi_req_o[259] is placed in (0, 0)
[WARNING GPL-0001] axi_req_o[25] toplevel port is not placed!
       Replace will regard axi_req_o[25] is placed in (0, 0)
[WARNING GPL-0001] axi_req_o[260] toplevel port is not placed!
       Replace will regard axi_req_o[260] is placed in (0, 0)
[WARNING GPL-0001] axi_req_o[261] toplevel port is not placed!
       Replace will regard axi_req_o[261] is placed in (0, 0)
[WARNING GPL-0001] axi_req_o[262] toplevel port is not placed!
       Replace will regard axi_req_o[262] is placed in (0, 0)
[WARNING GPL-0001] axi_req_o[263] toplevel port is not placed!
       Replace will regard axi_req_o[263] is placed in (0, 0)
[WARNING GPL-0001] axi_req_o[264] toplevel port is not placed!
       Replace will regard axi_req_o[264] is placed in (0, 0)
[WARNING GPL-0001] axi_req_o[265] toplevel port is not placed!
       Replace will regard axi_req_o[265] is placed in (0, 0)
[WARNING GPL-0001] axi_req_o[266] toplevel port is not placed!
       Replace will regard axi_req_o[266] is placed in (0, 0)
[WARNING GPL-0001] axi_req_o[267] toplevel port is not placed!
       Replace will regard axi_req_o[267] is placed in (0, 0)
[WARNING GPL-0001] axi_req_o[268] toplevel port is not placed!
       Replace will regard axi_req_o[268] is placed in (0, 0)
[WARNING GPL-0001] axi_req_o[269] toplevel port is not placed!
       Replace will regard axi_req_o[269] is placed in (0, 0)
[WARNING GPL-0001] axi_req_o[26] toplevel port is not placed!
       Replace will regard axi_req_o[26] is placed in (0, 0)
[WARNING GPL-0001] axi_req_o[270] toplevel port is not placed!
       Replace will regard axi_req_o[270] is placed in (0, 0)
[WARNING GPL-0001] axi_req_o[271] toplevel port is not placed!
       Replace will regard axi_req_o[271] is placed in (0, 0)
[WARNING GPL-0001] axi_req_o[272] toplevel port is not placed!
       Replace will regard axi_req_o[272] is placed in (0, 0)
[WARNING GPL-0001] axi_req_o[273] toplevel port is not placed!
       Replace will regard axi_req_o[273] is placed in (0, 0)
[WARNING GPL-0001] axi_req_o[274] toplevel port is not placed!
       Replace will regard axi_req_o[274] is placed in (0, 0)
[WARNING GPL-0001] axi_req_o[275] toplevel port is not placed!
       Replace will regard axi_req_o[275] is placed in (0, 0)
[WARNING GPL-0001] axi_req_o[276] toplevel port is not placed!
       Replace will regard axi_req_o[276] is placed in (0, 0)
[WARNING GPL-0001] axi_req_o[277] toplevel port is not placed!
       Replace will regard axi_req_o[277] is placed in (0, 0)
[WARNING GPL-0001] axi_req_o[27] toplevel port is not placed!
       Replace will regard axi_req_o[27] is placed in (0, 0)
[WARNING GPL-0001] axi_req_o[28] toplevel port is not placed!
       Replace will regard axi_req_o[28] is placed in (0, 0)
[WARNING GPL-0001] axi_req_o[29] toplevel port is not placed!
       Replace will regard axi_req_o[29] is placed in (0, 0)
[WARNING GPL-0001] axi_req_o[2] toplevel port is not placed!
       Replace will regard axi_req_o[2] is placed in (0, 0)
[WARNING GPL-0001] axi_req_o[30] toplevel port is not placed!
       Replace will regard axi_req_o[30] is placed in (0, 0)
[WARNING GPL-0001] axi_req_o[31] toplevel port is not placed!
       Replace will regard axi_req_o[31] is placed in (0, 0)
[WARNING GPL-0001] axi_req_o[32] toplevel port is not placed!
       Replace will regard axi_req_o[32] is placed in (0, 0)
[WARNING GPL-0001] axi_req_o[33] toplevel port is not placed!
       Replace will regard axi_req_o[33] is placed in (0, 0)
[WARNING GPL-0001] axi_req_o[34] toplevel port is not placed!
       Replace will regard axi_req_o[34] is placed in (0, 0)
[WARNING GPL-0001] axi_req_o[35] toplevel port is not placed!
       Replace will regard axi_req_o[35] is placed in (0, 0)
[WARNING GPL-0001] axi_req_o[36] toplevel port is not placed!
       Replace will regard axi_req_o[36] is placed in (0, 0)
[WARNING GPL-0001] axi_req_o[37] toplevel port is not placed!
       Replace will regard axi_req_o[37] is placed in (0, 0)
[WARNING GPL-0001] axi_req_o[38] toplevel port is not placed!
       Replace will regard axi_req_o[38] is placed in (0, 0)
[WARNING GPL-0001] axi_req_o[39] toplevel port is not placed!
       Replace will regard axi_req_o[39] is placed in (0, 0)
[WARNING GPL-0001] axi_req_o[3] toplevel port is not placed!
       Replace will regard axi_req_o[3] is placed in (0, 0)
[WARNING GPL-0001] axi_req_o[40] toplevel port is not placed!
       Replace will regard axi_req_o[40] is placed in (0, 0)
[WARNING GPL-0001] axi_req_o[41] toplevel port is not placed!
       Replace will regard axi_req_o[41] is placed in (0, 0)
[WARNING GPL-0001] axi_req_o[42] toplevel port is not placed!
       Replace will regard axi_req_o[42] is placed in (0, 0)
[WARNING GPL-0001] axi_req_o[43] toplevel port is not placed!
       Replace will regard axi_req_o[43] is placed in (0, 0)
[WARNING GPL-0001] axi_req_o[44] toplevel port is not placed!
       Replace will regard axi_req_o[44] is placed in (0, 0)
[WARNING GPL-0001] axi_req_o[45] toplevel port is not placed!
       Replace will regard axi_req_o[45] is placed in (0, 0)
[WARNING GPL-0001] axi_req_o[46] toplevel port is not placed!
       Replace will regard axi_req_o[46] is placed in (0, 0)
[WARNING GPL-0001] axi_req_o[47] toplevel port is not placed!
       Replace will regard axi_req_o[47] is placed in (0, 0)
[WARNING GPL-0001] axi_req_o[48] toplevel port is not placed!
       Replace will regard axi_req_o[48] is placed in (0, 0)
[WARNING GPL-0001] axi_req_o[49] toplevel port is not placed!
       Replace will regard axi_req_o[49] is placed in (0, 0)
[WARNING GPL-0001] axi_req_o[4] toplevel port is not placed!
       Replace will regard axi_req_o[4] is placed in (0, 0)
[WARNING GPL-0001] axi_req_o[50] toplevel port is not placed!
       Replace will regard axi_req_o[50] is placed in (0, 0)
[WARNING GPL-0001] axi_req_o[51] toplevel port is not placed!
       Replace will regard axi_req_o[51] is placed in (0, 0)
[WARNING GPL-0001] axi_req_o[52] toplevel port is not placed!
       Replace will regard axi_req_o[52] is placed in (0, 0)
[WARNING GPL-0001] axi_req_o[53] toplevel port is not placed!
       Replace will regard axi_req_o[53] is placed in (0, 0)
[WARNING GPL-0001] axi_req_o[54] toplevel port is not placed!
       Replace will regard axi_req_o[54] is placed in (0, 0)
[WARNING GPL-0001] axi_req_o[55] toplevel port is not placed!
       Replace will regard axi_req_o[55] is placed in (0, 0)
[WARNING GPL-0001] axi_req_o[56] toplevel port is not placed!
       Replace will regard axi_req_o[56] is placed in (0, 0)
[WARNING GPL-0001] axi_req_o[57] toplevel port is not placed!
       Replace will regard axi_req_o[57] is placed in (0, 0)
[WARNING GPL-0001] axi_req_o[58] toplevel port is not placed!
       Replace will regard axi_req_o[58] is placed in (0, 0)
[WARNING GPL-0001] axi_req_o[59] toplevel port is not placed!
       Replace will regard axi_req_o[59] is placed in (0, 0)
[WARNING GPL-0001] axi_req_o[5] toplevel port is not placed!
       Replace will regard axi_req_o[5] is placed in (0, 0)
[WARNING GPL-0001] axi_req_o[60] toplevel port is not placed!
       Replace will regard axi_req_o[60] is placed in (0, 0)
[WARNING GPL-0001] axi_req_o[61] toplevel port is not placed!
       Replace will regard axi_req_o[61] is placed in (0, 0)
[WARNING GPL-0001] axi_req_o[62] toplevel port is not placed!
       Replace will regard axi_req_o[62] is placed in (0, 0)
[WARNING GPL-0001] axi_req_o[63] toplevel port is not placed!
       Replace will regard axi_req_o[63] is placed in (0, 0)
[WARNING GPL-0001] axi_req_o[64] toplevel port is not placed!
       Replace will regard axi_req_o[64] is placed in (0, 0)
[WARNING GPL-0001] axi_req_o[65] toplevel port is not placed!
       Replace will regard axi_req_o[65] is placed in (0, 0)
[WARNING GPL-0001] axi_req_o[66] toplevel port is not placed!
       Replace will regard axi_req_o[66] is placed in (0, 0)
[WARNING GPL-0001] axi_req_o[67] toplevel port is not placed!
       Replace will regard axi_req_o[67] is placed in (0, 0)
[WARNING GPL-0001] axi_req_o[68] toplevel port is not placed!
       Replace will regard axi_req_o[68] is placed in (0, 0)
[WARNING GPL-0001] axi_req_o[69] toplevel port is not placed!
       Replace will regard axi_req_o[69] is placed in (0, 0)
[WARNING GPL-0001] axi_req_o[6] toplevel port is not placed!
       Replace will regard axi_req_o[6] is placed in (0, 0)
[WARNING GPL-0001] axi_req_o[70] toplevel port is not placed!
       Replace will regard axi_req_o[70] is placed in (0, 0)
[WARNING GPL-0001] axi_req_o[71] toplevel port is not placed!
       Replace will regard axi_req_o[71] is placed in (0, 0)
[WARNING GPL-0001] axi_req_o[72] toplevel port is not placed!
       Replace will regard axi_req_o[72] is placed in (0, 0)
[WARNING GPL-0001] axi_req_o[73] toplevel port is not placed!
       Replace will regard axi_req_o[73] is placed in (0, 0)
[WARNING GPL-0001] axi_req_o[74] toplevel port is not placed!
       Replace will regard axi_req_o[74] is placed in (0, 0)
[WARNING GPL-0001] axi_req_o[75] toplevel port is not placed!
       Replace will regard axi_req_o[75] is placed in (0, 0)
[WARNING GPL-0001] axi_req_o[76] toplevel port is not placed!
       Replace will regard axi_req_o[76] is placed in (0, 0)
[WARNING GPL-0001] axi_req_o[77] toplevel port is not placed!
       Replace will regard axi_req_o[77] is placed in (0, 0)
[WARNING GPL-0001] axi_req_o[78] toplevel port is not placed!
       Replace will regard axi_req_o[78] is placed in (0, 0)
[WARNING GPL-0001] axi_req_o[79] toplevel port is not placed!
       Replace will regard axi_req_o[79] is placed in (0, 0)
[WARNING GPL-0001] axi_req_o[7] toplevel port is not placed!
       Replace will regard axi_req_o[7] is placed in (0, 0)
[WARNING GPL-0001] axi_req_o[80] toplevel port is not placed!
       Replace will regard axi_req_o[80] is placed in (0, 0)
[WARNING GPL-0001] axi_req_o[81] toplevel port is not placed!
       Replace will regard axi_req_o[81] is placed in (0, 0)
[WARNING GPL-0001] axi_req_o[82] toplevel port is not placed!
       Replace will regard axi_req_o[82] is placed in (0, 0)
[WARNING GPL-0001] axi_req_o[83] toplevel port is not placed!
       Replace will regard axi_req_o[83] is placed in (0, 0)
[WARNING GPL-0001] axi_req_o[84] toplevel port is not placed!
       Replace will regard axi_req_o[84] is placed in (0, 0)
[WARNING GPL-0001] axi_req_o[85] toplevel port is not placed!
       Replace will regard axi_req_o[85] is placed in (0, 0)
[WARNING GPL-0001] axi_req_o[86] toplevel port is not placed!
       Replace will regard axi_req_o[86] is placed in (0, 0)
[WARNING GPL-0001] axi_req_o[87] toplevel port is not placed!
       Replace will regard axi_req_o[87] is placed in (0, 0)
[WARNING GPL-0001] axi_req_o[88] toplevel port is not placed!
       Replace will regard axi_req_o[88] is placed in (0, 0)
[WARNING GPL-0001] axi_req_o[89] toplevel port is not placed!
       Replace will regard axi_req_o[89] is placed in (0, 0)
[WARNING GPL-0001] axi_req_o[8] toplevel port is not placed!
       Replace will regard axi_req_o[8] is placed in (0, 0)
[WARNING GPL-0001] axi_req_o[90] toplevel port is not placed!
       Replace will regard axi_req_o[90] is placed in (0, 0)
[WARNING GPL-0001] axi_req_o[91] toplevel port is not placed!
       Replace will regard axi_req_o[91] is placed in (0, 0)
[WARNING GPL-0001] axi_req_o[92] toplevel port is not placed!
       Replace will regard axi_req_o[92] is placed in (0, 0)
[WARNING GPL-0001] axi_req_o[93] toplevel port is not placed!
       Replace will regard axi_req_o[93] is placed in (0, 0)
[WARNING GPL-0001] axi_req_o[94] toplevel port is not placed!
       Replace will regard axi_req_o[94] is placed in (0, 0)
[WARNING GPL-0001] axi_req_o[95] toplevel port is not placed!
       Replace will regard axi_req_o[95] is placed in (0, 0)
[WARNING GPL-0001] axi_req_o[96] toplevel port is not placed!
       Replace will regard axi_req_o[96] is placed in (0, 0)
[WARNING GPL-0001] axi_req_o[97] toplevel port is not placed!
       Replace will regard axi_req_o[97] is placed in (0, 0)
[WARNING GPL-0001] axi_req_o[98] toplevel port is not placed!
       Replace will regard axi_req_o[98] is placed in (0, 0)
[WARNING GPL-0001] axi_req_o[99] toplevel port is not placed!
       Replace will regard axi_req_o[99] is placed in (0, 0)
[WARNING GPL-0001] axi_req_o[9] toplevel port is not placed!
       Replace will regard axi_req_o[9] is placed in (0, 0)
[WARNING GPL-0001] axi_resp_i[0] toplevel port is not placed!
       Replace will regard axi_resp_i[0] is placed in (0, 0)
[WARNING GPL-0001] axi_resp_i[10] toplevel port is not placed!
       Replace will regard axi_resp_i[10] is placed in (0, 0)
[WARNING GPL-0001] axi_resp_i[11] toplevel port is not placed!
       Replace will regard axi_resp_i[11] is placed in (0, 0)
[WARNING GPL-0001] axi_resp_i[12] toplevel port is not placed!
       Replace will regard axi_resp_i[12] is placed in (0, 0)
[WARNING GPL-0001] axi_resp_i[13] toplevel port is not placed!
       Replace will regard axi_resp_i[13] is placed in (0, 0)
[WARNING GPL-0001] axi_resp_i[14] toplevel port is not placed!
       Replace will regard axi_resp_i[14] is placed in (0, 0)
[WARNING GPL-0001] axi_resp_i[15] toplevel port is not placed!
       Replace will regard axi_resp_i[15] is placed in (0, 0)
[WARNING GPL-0001] axi_resp_i[16] toplevel port is not placed!
       Replace will regard axi_resp_i[16] is placed in (0, 0)
[WARNING GPL-0001] axi_resp_i[17] toplevel port is not placed!
       Replace will regard axi_resp_i[17] is placed in (0, 0)
[WARNING GPL-0001] axi_resp_i[18] toplevel port is not placed!
       Replace will regard axi_resp_i[18] is placed in (0, 0)
[WARNING GPL-0001] axi_resp_i[19] toplevel port is not placed!
       Replace will regard axi_resp_i[19] is placed in (0, 0)
[WARNING GPL-0001] axi_resp_i[1] toplevel port is not placed!
       Replace will regard axi_resp_i[1] is placed in (0, 0)
[WARNING GPL-0001] axi_resp_i[20] toplevel port is not placed!
       Replace will regard axi_resp_i[20] is placed in (0, 0)
[WARNING GPL-0001] axi_resp_i[21] toplevel port is not placed!
       Replace will regard axi_resp_i[21] is placed in (0, 0)
[WARNING GPL-0001] axi_resp_i[22] toplevel port is not placed!
       Replace will regard axi_resp_i[22] is placed in (0, 0)
[WARNING GPL-0001] axi_resp_i[23] toplevel port is not placed!
       Replace will regard axi_resp_i[23] is placed in (0, 0)
[WARNING GPL-0001] axi_resp_i[24] toplevel port is not placed!
       Replace will regard axi_resp_i[24] is placed in (0, 0)
[WARNING GPL-0001] axi_resp_i[25] toplevel port is not placed!
       Replace will regard axi_resp_i[25] is placed in (0, 0)
[WARNING GPL-0001] axi_resp_i[26] toplevel port is not placed!
       Replace will regard axi_resp_i[26] is placed in (0, 0)
[WARNING GPL-0001] axi_resp_i[27] toplevel port is not placed!
       Replace will regard axi_resp_i[27] is placed in (0, 0)
[WARNING GPL-0001] axi_resp_i[28] toplevel port is not placed!
       Replace will regard axi_resp_i[28] is placed in (0, 0)
[WARNING GPL-0001] axi_resp_i[29] toplevel port is not placed!
       Replace will regard axi_resp_i[29] is placed in (0, 0)
[WARNING GPL-0001] axi_resp_i[2] toplevel port is not placed!
       Replace will regard axi_resp_i[2] is placed in (0, 0)
[WARNING GPL-0001] axi_resp_i[30] toplevel port is not placed!
       Replace will regard axi_resp_i[30] is placed in (0, 0)
[WARNING GPL-0001] axi_resp_i[31] toplevel port is not placed!
       Replace will regard axi_resp_i[31] is placed in (0, 0)
[WARNING GPL-0001] axi_resp_i[32] toplevel port is not placed!
       Replace will regard axi_resp_i[32] is placed in (0, 0)
[WARNING GPL-0001] axi_resp_i[33] toplevel port is not placed!
       Replace will regard axi_resp_i[33] is placed in (0, 0)
[WARNING GPL-0001] axi_resp_i[34] toplevel port is not placed!
       Replace will regard axi_resp_i[34] is placed in (0, 0)
[WARNING GPL-0001] axi_resp_i[35] toplevel port is not placed!
       Replace will regard axi_resp_i[35] is placed in (0, 0)
[WARNING GPL-0001] axi_resp_i[36] toplevel port is not placed!
       Replace will regard axi_resp_i[36] is placed in (0, 0)
[WARNING GPL-0001] axi_resp_i[37] toplevel port is not placed!
       Replace will regard axi_resp_i[37] is placed in (0, 0)
[WARNING GPL-0001] axi_resp_i[38] toplevel port is not placed!
       Replace will regard axi_resp_i[38] is placed in (0, 0)
[WARNING GPL-0001] axi_resp_i[39] toplevel port is not placed!
       Replace will regard axi_resp_i[39] is placed in (0, 0)
[WARNING GPL-0001] axi_resp_i[3] toplevel port is not placed!
       Replace will regard axi_resp_i[3] is placed in (0, 0)
[WARNING GPL-0001] axi_resp_i[40] toplevel port is not placed!
       Replace will regard axi_resp_i[40] is placed in (0, 0)
[WARNING GPL-0001] axi_resp_i[41] toplevel port is not placed!
       Replace will regard axi_resp_i[41] is placed in (0, 0)
[WARNING GPL-0001] axi_resp_i[42] toplevel port is not placed!
       Replace will regard axi_resp_i[42] is placed in (0, 0)
[WARNING GPL-0001] axi_resp_i[43] toplevel port is not placed!
       Replace will regard axi_resp_i[43] is placed in (0, 0)
[WARNING GPL-0001] axi_resp_i[44] toplevel port is not placed!
       Replace will regard axi_resp_i[44] is placed in (0, 0)
[WARNING GPL-0001] axi_resp_i[45] toplevel port is not placed!
       Replace will regard axi_resp_i[45] is placed in (0, 0)
[WARNING GPL-0001] axi_resp_i[46] toplevel port is not placed!
       Replace will regard axi_resp_i[46] is placed in (0, 0)
[WARNING GPL-0001] axi_resp_i[47] toplevel port is not placed!
       Replace will regard axi_resp_i[47] is placed in (0, 0)
[WARNING GPL-0001] axi_resp_i[48] toplevel port is not placed!
       Replace will regard axi_resp_i[48] is placed in (0, 0)
[WARNING GPL-0001] axi_resp_i[49] toplevel port is not placed!
       Replace will regard axi_resp_i[49] is placed in (0, 0)
[WARNING GPL-0001] axi_resp_i[4] toplevel port is not placed!
       Replace will regard axi_resp_i[4] is placed in (0, 0)
[WARNING GPL-0001] axi_resp_i[50] toplevel port is not placed!
       Replace will regard axi_resp_i[50] is placed in (0, 0)
[WARNING GPL-0001] axi_resp_i[51] toplevel port is not placed!
       Replace will regard axi_resp_i[51] is placed in (0, 0)
[WARNING GPL-0001] axi_resp_i[52] toplevel port is not placed!
       Replace will regard axi_resp_i[52] is placed in (0, 0)
[WARNING GPL-0001] axi_resp_i[53] toplevel port is not placed!
       Replace will regard axi_resp_i[53] is placed in (0, 0)
[WARNING GPL-0001] axi_resp_i[54] toplevel port is not placed!
       Replace will regard axi_resp_i[54] is placed in (0, 0)
[WARNING GPL-0001] axi_resp_i[55] toplevel port is not placed!
       Replace will regard axi_resp_i[55] is placed in (0, 0)
[WARNING GPL-0001] axi_resp_i[56] toplevel port is not placed!
       Replace will regard axi_resp_i[56] is placed in (0, 0)
[WARNING GPL-0001] axi_resp_i[57] toplevel port is not placed!
       Replace will regard axi_resp_i[57] is placed in (0, 0)
[WARNING GPL-0001] axi_resp_i[58] toplevel port is not placed!
       Replace will regard axi_resp_i[58] is placed in (0, 0)
[WARNING GPL-0001] axi_resp_i[59] toplevel port is not placed!
       Replace will regard axi_resp_i[59] is placed in (0, 0)
[WARNING GPL-0001] axi_resp_i[5] toplevel port is not placed!
       Replace will regard axi_resp_i[5] is placed in (0, 0)
[WARNING GPL-0001] axi_resp_i[60] toplevel port is not placed!
       Replace will regard axi_resp_i[60] is placed in (0, 0)
[WARNING GPL-0001] axi_resp_i[61] toplevel port is not placed!
       Replace will regard axi_resp_i[61] is placed in (0, 0)
[WARNING GPL-0001] axi_resp_i[62] toplevel port is not placed!
       Replace will regard axi_resp_i[62] is placed in (0, 0)
[WARNING GPL-0001] axi_resp_i[63] toplevel port is not placed!
       Replace will regard axi_resp_i[63] is placed in (0, 0)
[WARNING GPL-0001] axi_resp_i[64] toplevel port is not placed!
       Replace will regard axi_resp_i[64] is placed in (0, 0)
[WARNING GPL-0001] axi_resp_i[65] toplevel port is not placed!
       Replace will regard axi_resp_i[65] is placed in (0, 0)
[WARNING GPL-0001] axi_resp_i[66] toplevel port is not placed!
       Replace will regard axi_resp_i[66] is placed in (0, 0)
[WARNING GPL-0001] axi_resp_i[67] toplevel port is not placed!
       Replace will regard axi_resp_i[67] is placed in (0, 0)
[WARNING GPL-0001] axi_resp_i[68] toplevel port is not placed!
       Replace will regard axi_resp_i[68] is placed in (0, 0)
[WARNING GPL-0001] axi_resp_i[69] toplevel port is not placed!
       Replace will regard axi_resp_i[69] is placed in (0, 0)
[WARNING GPL-0001] axi_resp_i[6] toplevel port is not placed!
       Replace will regard axi_resp_i[6] is placed in (0, 0)
[WARNING GPL-0001] axi_resp_i[70] toplevel port is not placed!
       Replace will regard axi_resp_i[70] is placed in (0, 0)
[WARNING GPL-0001] axi_resp_i[71] toplevel port is not placed!
       Replace will regard axi_resp_i[71] is placed in (0, 0)
[WARNING GPL-0001] axi_resp_i[72] toplevel port is not placed!
       Replace will regard axi_resp_i[72] is placed in (0, 0)
[WARNING GPL-0001] axi_resp_i[73] toplevel port is not placed!
       Replace will regard axi_resp_i[73] is placed in (0, 0)
[WARNING GPL-0001] axi_resp_i[74] toplevel port is not placed!
       Replace will regard axi_resp_i[74] is placed in (0, 0)
[WARNING GPL-0001] axi_resp_i[75] toplevel port is not placed!
       Replace will regard axi_resp_i[75] is placed in (0, 0)
[WARNING GPL-0001] axi_resp_i[76] toplevel port is not placed!
       Replace will regard axi_resp_i[76] is placed in (0, 0)
[WARNING GPL-0001] axi_resp_i[77] toplevel port is not placed!
       Replace will regard axi_resp_i[77] is placed in (0, 0)
[WARNING GPL-0001] axi_resp_i[78] toplevel port is not placed!
       Replace will regard axi_resp_i[78] is placed in (0, 0)
[WARNING GPL-0001] axi_resp_i[79] toplevel port is not placed!
       Replace will regard axi_resp_i[79] is placed in (0, 0)
[WARNING GPL-0001] axi_resp_i[7] toplevel port is not placed!
       Replace will regard axi_resp_i[7] is placed in (0, 0)
[WARNING GPL-0001] axi_resp_i[80] toplevel port is not placed!
       Replace will regard axi_resp_i[80] is placed in (0, 0)
[WARNING GPL-0001] axi_resp_i[81] toplevel port is not placed!
       Replace will regard axi_resp_i[81] is placed in (0, 0)
[WARNING GPL-0001] axi_resp_i[8] toplevel port is not placed!
       Replace will regard axi_resp_i[8] is placed in (0, 0)
[WARNING GPL-0001] axi_resp_i[9] toplevel port is not placed!
       Replace will regard axi_resp_i[9] is placed in (0, 0)
[WARNING GPL-0001] boot_addr_i[0] toplevel port is not placed!
       Replace will regard boot_addr_i[0] is placed in (0, 0)
[WARNING GPL-0001] boot_addr_i[10] toplevel port is not placed!
       Replace will regard boot_addr_i[10] is placed in (0, 0)
[WARNING GPL-0001] boot_addr_i[11] toplevel port is not placed!
       Replace will regard boot_addr_i[11] is placed in (0, 0)
[WARNING GPL-0001] boot_addr_i[12] toplevel port is not placed!
       Replace will regard boot_addr_i[12] is placed in (0, 0)
[WARNING GPL-0001] boot_addr_i[13] toplevel port is not placed!
       Replace will regard boot_addr_i[13] is placed in (0, 0)
[WARNING GPL-0001] boot_addr_i[14] toplevel port is not placed!
       Replace will regard boot_addr_i[14] is placed in (0, 0)
[WARNING GPL-0001] boot_addr_i[15] toplevel port is not placed!
       Replace will regard boot_addr_i[15] is placed in (0, 0)
[WARNING GPL-0001] boot_addr_i[16] toplevel port is not placed!
       Replace will regard boot_addr_i[16] is placed in (0, 0)
[WARNING GPL-0001] boot_addr_i[17] toplevel port is not placed!
       Replace will regard boot_addr_i[17] is placed in (0, 0)
[WARNING GPL-0001] boot_addr_i[18] toplevel port is not placed!
       Replace will regard boot_addr_i[18] is placed in (0, 0)
[WARNING GPL-0001] boot_addr_i[19] toplevel port is not placed!
       Replace will regard boot_addr_i[19] is placed in (0, 0)
[WARNING GPL-0001] boot_addr_i[1] toplevel port is not placed!
       Replace will regard boot_addr_i[1] is placed in (0, 0)
[WARNING GPL-0001] boot_addr_i[20] toplevel port is not placed!
       Replace will regard boot_addr_i[20] is placed in (0, 0)
[WARNING GPL-0001] boot_addr_i[21] toplevel port is not placed!
       Replace will regard boot_addr_i[21] is placed in (0, 0)
[WARNING GPL-0001] boot_addr_i[22] toplevel port is not placed!
       Replace will regard boot_addr_i[22] is placed in (0, 0)
[WARNING GPL-0001] boot_addr_i[23] toplevel port is not placed!
       Replace will regard boot_addr_i[23] is placed in (0, 0)
[WARNING GPL-0001] boot_addr_i[24] toplevel port is not placed!
       Replace will regard boot_addr_i[24] is placed in (0, 0)
[WARNING GPL-0001] boot_addr_i[25] toplevel port is not placed!
       Replace will regard boot_addr_i[25] is placed in (0, 0)
[WARNING GPL-0001] boot_addr_i[26] toplevel port is not placed!
       Replace will regard boot_addr_i[26] is placed in (0, 0)
[WARNING GPL-0001] boot_addr_i[27] toplevel port is not placed!
       Replace will regard boot_addr_i[27] is placed in (0, 0)
[WARNING GPL-0001] boot_addr_i[28] toplevel port is not placed!
       Replace will regard boot_addr_i[28] is placed in (0, 0)
[WARNING GPL-0001] boot_addr_i[29] toplevel port is not placed!
       Replace will regard boot_addr_i[29] is placed in (0, 0)
[WARNING GPL-0001] boot_addr_i[2] toplevel port is not placed!
       Replace will regard boot_addr_i[2] is placed in (0, 0)
[WARNING GPL-0001] boot_addr_i[30] toplevel port is not placed!
       Replace will regard boot_addr_i[30] is placed in (0, 0)
[WARNING GPL-0001] boot_addr_i[31] toplevel port is not placed!
       Replace will regard boot_addr_i[31] is placed in (0, 0)
[WARNING GPL-0001] boot_addr_i[32] toplevel port is not placed!
       Replace will regard boot_addr_i[32] is placed in (0, 0)
[WARNING GPL-0001] boot_addr_i[33] toplevel port is not placed!
       Replace will regard boot_addr_i[33] is placed in (0, 0)
[WARNING GPL-0001] boot_addr_i[34] toplevel port is not placed!
       Replace will regard boot_addr_i[34] is placed in (0, 0)
[WARNING GPL-0001] boot_addr_i[35] toplevel port is not placed!
       Replace will regard boot_addr_i[35] is placed in (0, 0)
[WARNING GPL-0001] boot_addr_i[36] toplevel port is not placed!
       Replace will regard boot_addr_i[36] is placed in (0, 0)
[WARNING GPL-0001] boot_addr_i[37] toplevel port is not placed!
       Replace will regard boot_addr_i[37] is placed in (0, 0)
[WARNING GPL-0001] boot_addr_i[38] toplevel port is not placed!
       Replace will regard boot_addr_i[38] is placed in (0, 0)
[WARNING GPL-0001] boot_addr_i[39] toplevel port is not placed!
       Replace will regard boot_addr_i[39] is placed in (0, 0)
[WARNING GPL-0001] boot_addr_i[3] toplevel port is not placed!
       Replace will regard boot_addr_i[3] is placed in (0, 0)
[WARNING GPL-0001] boot_addr_i[40] toplevel port is not placed!
       Replace will regard boot_addr_i[40] is placed in (0, 0)
[WARNING GPL-0001] boot_addr_i[41] toplevel port is not placed!
       Replace will regard boot_addr_i[41] is placed in (0, 0)
[WARNING GPL-0001] boot_addr_i[42] toplevel port is not placed!
       Replace will regard boot_addr_i[42] is placed in (0, 0)
[WARNING GPL-0001] boot_addr_i[43] toplevel port is not placed!
       Replace will regard boot_addr_i[43] is placed in (0, 0)
[WARNING GPL-0001] boot_addr_i[44] toplevel port is not placed!
       Replace will regard boot_addr_i[44] is placed in (0, 0)
[WARNING GPL-0001] boot_addr_i[45] toplevel port is not placed!
       Replace will regard boot_addr_i[45] is placed in (0, 0)
[WARNING GPL-0001] boot_addr_i[46] toplevel port is not placed!
       Replace will regard boot_addr_i[46] is placed in (0, 0)
[WARNING GPL-0001] boot_addr_i[47] toplevel port is not placed!
       Replace will regard boot_addr_i[47] is placed in (0, 0)
[WARNING GPL-0001] boot_addr_i[48] toplevel port is not placed!
       Replace will regard boot_addr_i[48] is placed in (0, 0)
[WARNING GPL-0001] boot_addr_i[49] toplevel port is not placed!
       Replace will regard boot_addr_i[49] is placed in (0, 0)
[WARNING GPL-0001] boot_addr_i[4] toplevel port is not placed!
       Replace will regard boot_addr_i[4] is placed in (0, 0)
[WARNING GPL-0001] boot_addr_i[50] toplevel port is not placed!
       Replace will regard boot_addr_i[50] is placed in (0, 0)
[WARNING GPL-0001] boot_addr_i[51] toplevel port is not placed!
       Replace will regard boot_addr_i[51] is placed in (0, 0)
[WARNING GPL-0001] boot_addr_i[52] toplevel port is not placed!
       Replace will regard boot_addr_i[52] is placed in (0, 0)
[WARNING GPL-0001] boot_addr_i[53] toplevel port is not placed!
       Replace will regard boot_addr_i[53] is placed in (0, 0)
[WARNING GPL-0001] boot_addr_i[54] toplevel port is not placed!
       Replace will regard boot_addr_i[54] is placed in (0, 0)
[WARNING GPL-0001] boot_addr_i[55] toplevel port is not placed!
       Replace will regard boot_addr_i[55] is placed in (0, 0)
[WARNING GPL-0001] boot_addr_i[56] toplevel port is not placed!
       Replace will regard boot_addr_i[56] is placed in (0, 0)
[WARNING GPL-0001] boot_addr_i[57] toplevel port is not placed!
       Replace will regard boot_addr_i[57] is placed in (0, 0)
[WARNING GPL-0001] boot_addr_i[58] toplevel port is not placed!
       Replace will regard boot_addr_i[58] is placed in (0, 0)
[WARNING GPL-0001] boot_addr_i[59] toplevel port is not placed!
       Replace will regard boot_addr_i[59] is placed in (0, 0)
[WARNING GPL-0001] boot_addr_i[5] toplevel port is not placed!
       Replace will regard boot_addr_i[5] is placed in (0, 0)
[WARNING GPL-0001] boot_addr_i[60] toplevel port is not placed!
       Replace will regard boot_addr_i[60] is placed in (0, 0)
[WARNING GPL-0001] boot_addr_i[61] toplevel port is not placed!
       Replace will regard boot_addr_i[61] is placed in (0, 0)
[WARNING GPL-0001] boot_addr_i[62] toplevel port is not placed!
       Replace will regard boot_addr_i[62] is placed in (0, 0)
[WARNING GPL-0001] boot_addr_i[63] toplevel port is not placed!
       Replace will regard boot_addr_i[63] is placed in (0, 0)
[WARNING GPL-0001] boot_addr_i[6] toplevel port is not placed!
       Replace will regard boot_addr_i[6] is placed in (0, 0)
[WARNING GPL-0001] boot_addr_i[7] toplevel port is not placed!
       Replace will regard boot_addr_i[7] is placed in (0, 0)
[WARNING GPL-0001] boot_addr_i[8] toplevel port is not placed!
       Replace will regard boot_addr_i[8] is placed in (0, 0)
[WARNING GPL-0001] boot_addr_i[9] toplevel port is not placed!
       Replace will regard boot_addr_i[9] is placed in (0, 0)
[WARNING GPL-0001] clk_i toplevel port is not placed!
       Replace will regard clk_i is placed in (0, 0)
[WARNING GPL-0001] debug_req_i toplevel port is not placed!
       Replace will regard debug_req_i is placed in (0, 0)
[WARNING GPL-0001] hart_id_i[0] toplevel port is not placed!
       Replace will regard hart_id_i[0] is placed in (0, 0)
[WARNING GPL-0001] hart_id_i[10] toplevel port is not placed!
       Replace will regard hart_id_i[10] is placed in (0, 0)
[WARNING GPL-0001] hart_id_i[11] toplevel port is not placed!
       Replace will regard hart_id_i[11] is placed in (0, 0)
[WARNING GPL-0001] hart_id_i[12] toplevel port is not placed!
       Replace will regard hart_id_i[12] is placed in (0, 0)
[WARNING GPL-0001] hart_id_i[13] toplevel port is not placed!
       Replace will regard hart_id_i[13] is placed in (0, 0)
[WARNING GPL-0001] hart_id_i[14] toplevel port is not placed!
       Replace will regard hart_id_i[14] is placed in (0, 0)
[WARNING GPL-0001] hart_id_i[15] toplevel port is not placed!
       Replace will regard hart_id_i[15] is placed in (0, 0)
[WARNING GPL-0001] hart_id_i[16] toplevel port is not placed!
       Replace will regard hart_id_i[16] is placed in (0, 0)
[WARNING GPL-0001] hart_id_i[17] toplevel port is not placed!
       Replace will regard hart_id_i[17] is placed in (0, 0)
[WARNING GPL-0001] hart_id_i[18] toplevel port is not placed!
       Replace will regard hart_id_i[18] is placed in (0, 0)
[WARNING GPL-0001] hart_id_i[19] toplevel port is not placed!
       Replace will regard hart_id_i[19] is placed in (0, 0)
[WARNING GPL-0001] hart_id_i[1] toplevel port is not placed!
       Replace will regard hart_id_i[1] is placed in (0, 0)
[WARNING GPL-0001] hart_id_i[20] toplevel port is not placed!
       Replace will regard hart_id_i[20] is placed in (0, 0)
[WARNING GPL-0001] hart_id_i[21] toplevel port is not placed!
       Replace will regard hart_id_i[21] is placed in (0, 0)
[WARNING GPL-0001] hart_id_i[22] toplevel port is not placed!
       Replace will regard hart_id_i[22] is placed in (0, 0)
[WARNING GPL-0001] hart_id_i[23] toplevel port is not placed!
       Replace will regard hart_id_i[23] is placed in (0, 0)
[WARNING GPL-0001] hart_id_i[24] toplevel port is not placed!
       Replace will regard hart_id_i[24] is placed in (0, 0)
[WARNING GPL-0001] hart_id_i[25] toplevel port is not placed!
       Replace will regard hart_id_i[25] is placed in (0, 0)
[WARNING GPL-0001] hart_id_i[26] toplevel port is not placed!
       Replace will regard hart_id_i[26] is placed in (0, 0)
[WARNING GPL-0001] hart_id_i[27] toplevel port is not placed!
       Replace will regard hart_id_i[27] is placed in (0, 0)
[WARNING GPL-0001] hart_id_i[28] toplevel port is not placed!
       Replace will regard hart_id_i[28] is placed in (0, 0)
[WARNING GPL-0001] hart_id_i[29] toplevel port is not placed!
       Replace will regard hart_id_i[29] is placed in (0, 0)
[WARNING GPL-0001] hart_id_i[2] toplevel port is not placed!
       Replace will regard hart_id_i[2] is placed in (0, 0)
[WARNING GPL-0001] hart_id_i[30] toplevel port is not placed!
       Replace will regard hart_id_i[30] is placed in (0, 0)
[WARNING GPL-0001] hart_id_i[31] toplevel port is not placed!
       Replace will regard hart_id_i[31] is placed in (0, 0)
[WARNING GPL-0001] hart_id_i[32] toplevel port is not placed!
       Replace will regard hart_id_i[32] is placed in (0, 0)
[WARNING GPL-0001] hart_id_i[33] toplevel port is not placed!
       Replace will regard hart_id_i[33] is placed in (0, 0)
[WARNING GPL-0001] hart_id_i[34] toplevel port is not placed!
       Replace will regard hart_id_i[34] is placed in (0, 0)
[WARNING GPL-0001] hart_id_i[35] toplevel port is not placed!
       Replace will regard hart_id_i[35] is placed in (0, 0)
[WARNING GPL-0001] hart_id_i[36] toplevel port is not placed!
       Replace will regard hart_id_i[36] is placed in (0, 0)
[WARNING GPL-0001] hart_id_i[37] toplevel port is not placed!
       Replace will regard hart_id_i[37] is placed in (0, 0)
[WARNING GPL-0001] hart_id_i[38] toplevel port is not placed!
       Replace will regard hart_id_i[38] is placed in (0, 0)
[WARNING GPL-0001] hart_id_i[39] toplevel port is not placed!
       Replace will regard hart_id_i[39] is placed in (0, 0)
[WARNING GPL-0001] hart_id_i[3] toplevel port is not placed!
       Replace will regard hart_id_i[3] is placed in (0, 0)
[WARNING GPL-0001] hart_id_i[40] toplevel port is not placed!
       Replace will regard hart_id_i[40] is placed in (0, 0)
[WARNING GPL-0001] hart_id_i[41] toplevel port is not placed!
       Replace will regard hart_id_i[41] is placed in (0, 0)
[WARNING GPL-0001] hart_id_i[42] toplevel port is not placed!
       Replace will regard hart_id_i[42] is placed in (0, 0)
[WARNING GPL-0001] hart_id_i[43] toplevel port is not placed!
       Replace will regard hart_id_i[43] is placed in (0, 0)
[WARNING GPL-0001] hart_id_i[44] toplevel port is not placed!
       Replace will regard hart_id_i[44] is placed in (0, 0)
[WARNING GPL-0001] hart_id_i[45] toplevel port is not placed!
       Replace will regard hart_id_i[45] is placed in (0, 0)
[WARNING GPL-0001] hart_id_i[46] toplevel port is not placed!
       Replace will regard hart_id_i[46] is placed in (0, 0)
[WARNING GPL-0001] hart_id_i[47] toplevel port is not placed!
       Replace will regard hart_id_i[47] is placed in (0, 0)
[WARNING GPL-0001] hart_id_i[48] toplevel port is not placed!
       Replace will regard hart_id_i[48] is placed in (0, 0)
[WARNING GPL-0001] hart_id_i[49] toplevel port is not placed!
       Replace will regard hart_id_i[49] is placed in (0, 0)
[WARNING GPL-0001] hart_id_i[4] toplevel port is not placed!
       Replace will regard hart_id_i[4] is placed in (0, 0)
[WARNING GPL-0001] hart_id_i[50] toplevel port is not placed!
       Replace will regard hart_id_i[50] is placed in (0, 0)
[WARNING GPL-0001] hart_id_i[51] toplevel port is not placed!
       Replace will regard hart_id_i[51] is placed in (0, 0)
[WARNING GPL-0001] hart_id_i[52] toplevel port is not placed!
       Replace will regard hart_id_i[52] is placed in (0, 0)
[WARNING GPL-0001] hart_id_i[53] toplevel port is not placed!
       Replace will regard hart_id_i[53] is placed in (0, 0)
[WARNING GPL-0001] hart_id_i[54] toplevel port is not placed!
       Replace will regard hart_id_i[54] is placed in (0, 0)
[WARNING GPL-0001] hart_id_i[55] toplevel port is not placed!
       Replace will regard hart_id_i[55] is placed in (0, 0)
[WARNING GPL-0001] hart_id_i[56] toplevel port is not placed!
       Replace will regard hart_id_i[56] is placed in (0, 0)
[WARNING GPL-0001] hart_id_i[57] toplevel port is not placed!
       Replace will regard hart_id_i[57] is placed in (0, 0)
[WARNING GPL-0001] hart_id_i[58] toplevel port is not placed!
       Replace will regard hart_id_i[58] is placed in (0, 0)
[WARNING GPL-0001] hart_id_i[59] toplevel port is not placed!
       Replace will regard hart_id_i[59] is placed in (0, 0)
[WARNING GPL-0001] hart_id_i[5] toplevel port is not placed!
       Replace will regard hart_id_i[5] is placed in (0, 0)
[WARNING GPL-0001] hart_id_i[60] toplevel port is not placed!
       Replace will regard hart_id_i[60] is placed in (0, 0)
[WARNING GPL-0001] hart_id_i[61] toplevel port is not placed!
       Replace will regard hart_id_i[61] is placed in (0, 0)
[WARNING GPL-0001] hart_id_i[62] toplevel port is not placed!
       Replace will regard hart_id_i[62] is placed in (0, 0)
[WARNING GPL-0001] hart_id_i[63] toplevel port is not placed!
       Replace will regard hart_id_i[63] is placed in (0, 0)
[WARNING GPL-0001] hart_id_i[6] toplevel port is not placed!
       Replace will regard hart_id_i[6] is placed in (0, 0)
[WARNING GPL-0001] hart_id_i[7] toplevel port is not placed!
       Replace will regard hart_id_i[7] is placed in (0, 0)
[WARNING GPL-0001] hart_id_i[8] toplevel port is not placed!
       Replace will regard hart_id_i[8] is placed in (0, 0)
[WARNING GPL-0001] hart_id_i[9] toplevel port is not placed!
       Replace will regard hart_id_i[9] is placed in (0, 0)
[WARNING GPL-0001] ipi_i toplevel port is not placed!
       Replace will regard ipi_i is placed in (0, 0)
[WARNING GPL-0001] irq_i[0] toplevel port is not placed!
       Replace will regard irq_i[0] is placed in (0, 0)
[WARNING GPL-0001] irq_i[1] toplevel port is not placed!
       Replace will regard irq_i[1] is placed in (0, 0)
[WARNING GPL-0001] rst_ni toplevel port is not placed!
       Replace will regard rst_ni is placed in (0, 0)
[WARNING GPL-0001] time_irq_i toplevel port is not placed!
       Replace will regard time_irq_i is placed in (0, 0)
[INFO GPL-0006] NumInstances:            167271
[INFO GPL-0007] NumPlaceInstances:       167271
[INFO GPL-0008] NumFixedInstances:            0
[INFO GPL-0009] NumDummyInstances:            0
[INFO GPL-0010] NumNets:                 196221
[INFO GPL-0011] NumPins:                 643060
[INFO GPL-0012] DieBBox:  (  0.000  0.000 ) ( 1431.490 1288.540 ) um
[INFO GPL-0013] CoreBBox: (  1.140  1.400 ) ( 1430.320 1286.600 ) um
[INFO GPL-0016] CoreArea:            1836782.136 um^2
[INFO GPL-0017] NonPlaceInstsArea:        0.000 um^2
[INFO GPL-0018] PlaceInstsArea:      735638.960 um^2
[INFO GPL-0019] Util:                    40.050 %
[INFO GPL-0020] StdInstsArea:        306555.424 um^2
[INFO GPL-0021] MacroInstsArea:      429083.536 um^2
[INFO GPL-0031] FillerInit:NumGCells:    809075
[INFO GPL-0032] FillerInit:NumGNets:     196221
[INFO GPL-0033] FillerInit:NumGPins:     643060
[INFO GPL-0023] TargetDensity:            1.000
[INFO GPL-0024] AvrgPlaceInstArea:        4.398 um^2
[INFO GPL-0025] IdealBinArea:             4.398 um^2
[INFO GPL-0026] IdealBinCnt:             417651
[INFO GPL-0027] TotalBinArea:        1836782.136 um^2
[INFO GPL-0028] BinCnt:       512    512
[INFO GPL-0029] BinSize: (  2.792  2.510 )
[INFO GPL-0030] NumBins: 262144
Placement density is 0.6503025209903717, computed from PLACE_DENSITY_LB_ADDON 0.40 and lower bound 0.4005042016506195
rtl_macro_placer -max_num_level 2 -max_num_inst 30000 -min_num_inst 5000 -max_num_macro 16 -min_num_macro 4 -halo_width 10 -halo_height 10 -min_ar 0.33 -signature_net_threshold 30 -area_weight 0.1 -wirelength_weight 100.0 -outline_weight 100.0 -boundary_weight 50.0 -notch_weight 10.0 -target_dead_space 0.05 -report_directory ./objects/nangate45/ariane136/ariane136_run_2_1_2/rtlmp -fence_lx 0.0 -fence_ly 0.0 -fence_ux 100000000.0 -fence_uy 100000000.0 -target_util 0.6503025209903717
Die Area: (0.00, 0.00) (1431.49, 1288.54),  Floorplan Area: (1.14, 1.40) (1430.32, 1286.60)
	Number of std cell instances: 167135
	Area of std cell instances: 306569.88
	Number of macros: 136
	Area of macros: 429083.53
	Halo width: 10.00
	Halo height: 10.00
	Area of macros with halos: 805287.44
	Area of std cell instances + Area of macros: 735653.38
	Floorplan area: 1836782.00
	Design Utilization: 0.40
	Floorplan Utilization: 0.22
	Manufacturing Grid: 10

Took 369 seconds: rtl_macro_placer -max_num_level 2 -max_num_inst 30000 -min_num_inst 5000 -max_num_macro 16 -min_num_macro 4 -halo_width 10 -halo_height 10 -min_ar 0.33 -signature_net_threshold 30 -area_weight 0.1 -wirelength_weight 100.0 -outline_weight 100.0 -boundary_weight 50.0 -notch_weight 10.0 -target_dead_space 0.05 -report_directory ./objects/nangate45/ariane136/ariane136_run_2_1_2/rtlmp -fence_lx 0.0 -fence_ly 0.0 -fence_ux 100000000.0 -fence_uy 100000000.0 -target_util 0.6503025209903717
Elapsed time: 6:14.64[h:]min:sec. CPU time: user 3771.81 sys 74.74 (1026%). Peak memory: 1884900KB.
