OpenROAD v2.0-19576-gec1bf1a13 
Features included (+) or not (-): +GPU +GUI +Python : None
This program is licensed under the BSD-3 license. See the LICENSE file for details.
Components of this program may be licensed under more restrictive licenses which must be honored.
[INFO ORD-0030] Using 16 thread(s).
Placement Analysis
---------------------------------
total displacement     156347.1 u
average displacement        0.9 u
max displacement           21.5 u
original HPWL         5174613.0 u
legalized HPWL        5278209.2 u
delta HPWL                    2 %

Detailed placement improvement.
Importing netlist into detailed improver.
[INFO DPO-0100] Creating network with 181819 cells, 495 terminals, 196221 edges, 643060 pins, and 0 blockages.
[INFO DPO-0109] Network stats: inst 182314, edges 196221, pins 643060
[INFO DPO-0110] Number of regions is 1
[INFO DPO-0401] Setting random seed to 1.
[INFO DPO-0402] Setting maximum displacement 5 1 to 14000 2800 units.
[INFO DPO-0320] Collected 19653 fixed cells.
[INFO DPO-0318] Collected 167135 single height cells.
[INFO DPO-0321] Collected 0 wide cells.
[INFO DPO-0322] Image (2280, 2800) - (2860640, 2573200)
[INFO DPO-0310] Assigned 167135 cells into segments.  Movement in X-direction is 0.000000, movement in Y-direction is 0.000000.
[INFO DPO-0313] Found 0 cells in wrong regions.
[INFO DPO-0315] Found 0 row alignment problems.
[INFO DPO-0314] Found 0 site alignment problems.
[INFO DPO-0311] Found 0 overlaps between adjacent cells.
[INFO DPO-0312] Found 0 edge spacing violations and 0 padding violations.
[INFO DPO-0303] Running algorithm for independent set matching.
[INFO DPO-0300] Set matching objective is wirelength.
[INFO DPO-0301] Pass   1 of matching; objective is 1.078772e+10.
[INFO DPO-0302] End of matching; objective is 1.077660e+10, improvement is 0.10 percent.
[INFO DPO-0303] Running algorithm for global swaps.
[INFO DPO-0306] Pass   1 of global swaps; hpwl is 1.065993e+10.
[INFO DPO-0306] Pass   2 of global swaps; hpwl is 1.063799e+10.
[INFO DPO-0307] End of global swaps; objective is 1.063799e+10, improvement is 1.29 percent.
[INFO DPO-0303] Running algorithm for vertical swaps.
[INFO DPO-0308] Pass   1 of vertical swaps; hpwl is 1.062252e+10.
[INFO DPO-0309] End of vertical swaps; objective is 1.062252e+10, improvement is 0.15 percent.
[INFO DPO-0303] Running algorithm for reordering.
[INFO DPO-0304] Pass   1 of reordering; objective is 1.060909e+10.
[INFO DPO-0305] End of reordering; objective is 1.060909e+10, improvement is 0.13 percent.
[INFO DPO-0303] Running algorithm for random improvement.
[INFO DPO-0324] Random improver is using displacement generator.
[INFO DPO-0325] Random improver is using hpwl objective.
[INFO DPO-0326] Random improver cost string is (a).
[INFO DPO-0332] End of pass, Generator displacement called 3342700 times.
[INFO DPO-0335] Generator displacement, Cumulative attempts 3342700, swaps 493278, moves 911819 since last reset.
[INFO DPO-0333] End of pass, Objective hpwl, Initial cost 1.059282e+10, Scratch cost 1.054741e+10, Incremental cost 1.054741e+10, Mismatch? N
[INFO DPO-0338] End of pass, Total cost is 1.054741e+10.
[INFO DPO-0327] Pass   1 of random improver; improvement in cost is 0.43 percent.
[INFO DPO-0328] End of random improver; improvement is 0.428652 percent.
[INFO DPO-0380] Cell flipping.
[INFO DPO-0382] Changed 83602 cell orientations for row compatibility.
[INFO DPO-0383] Performed 55412 cell flips.
[INFO DPO-0384] End of flipping; objective is 1.049688e+10, improvement is 0.63 percent.
[INFO DPO-0313] Found 0 cells in wrong regions.
[INFO DPO-0315] Found 0 row alignment problems.
[INFO DPO-0314] Found 0 site alignment problems.
[INFO DPO-0311] Found 0 overlaps between adjacent cells.
[INFO DPO-0312] Found 0 edge spacing violations and 0 padding violations.
Detailed Improvement Results
------------------------------------------
Original HPWL          5278209.2 u
Final HPWL             5127358.2 u
Delta HPWL                  -2.9 %

[INFO DPL-0020] Mirrored 12045 instances
[INFO DPL-0021] HPWL before          5127358.2 u
[INFO DPL-0022] HPWL after           5126015.2 u
[INFO DPL-0023] HPWL delta               -0.0 %
[INFO FLW-0012] Placement violations .
Report metrics stage 3, detailed place...

==========================================================================
detailed place report_design_area
--------------------------------------------------------------------------
Design area 735639 u^2 40% utilization.
Elapsed time: 2:18.78[h:]min:sec. CPU time: user 133.17 sys 5.60 (99%). Peak memory: 1922900KB.
