
==========================================================================
global place report_tns
--------------------------------------------------------------------------
tns -38576.84

==========================================================================
global place report_wns
--------------------------------------------------------------------------
wns -214.54

==========================================================================
global place report_worst_slack
--------------------------------------------------------------------------
worst slack -214.54

==========================================================================
global place report_checks -path_delay min
--------------------------------------------------------------------------
Startpoint: rst_ni (input port clocked by core_clock)
Endpoint: cs_registers_i.mcycle_counter_i.counter_q[50]$_DFFE_PN0P_
          (removal check against rising-edge clock core_clock)
Path Group: asynchronous
Path Type: min

Fanout     Cap    Slew   Delay    Time   Description
-----------------------------------------------------------------------------
                  0.00    0.00    0.00   clock core_clock (rise edge)
                          0.00    0.00   clock network delay (ideal)
                        252.00  252.00 ^ input external delay
    79   87.74    0.00    0.00  252.00 ^ rst_ni (in)
                                         rst_ni (net)
                 67.20   21.20  273.20 ^ cs_registers_i.mcycle_counter_i.counter_q[50]$_DFFE_PN0P_/SETN (DFFASRHQNx1_ASAP7_75t_R)
                                273.20   data arrival time

                  0.00    0.00    0.00   clock core_clock (rise edge)
                          0.00    0.00   clock network delay (ideal)
                          0.00    0.00   clock reconvergence pessimism
                                  0.00 ^ cs_registers_i.mcycle_counter_i.counter_q[50]$_DFFE_PN0P_/CLK (DFFASRHQNx1_ASAP7_75t_R)
                         11.63   11.63   library removal time
                                 11.63   data required time
-----------------------------------------------------------------------------
                                 11.63   data required time
                               -273.20   data arrival time
-----------------------------------------------------------------------------
                                261.57   slack (MET)


Startpoint: core_clock_gate_i.en_latch$_DLATCH_N_
            (negative level-sensitive latch clocked by core_clock)
Endpoint: _35046_ (rising clock gating-check end-point clocked by core_clock)
Path Group: gated clock
Path Type: min

Fanout     Cap    Slew   Delay    Time   Description
-----------------------------------------------------------------------------
                  0.00  630.00  630.00   clock core_clock (fall edge)
                          0.00  630.00   clock network delay (ideal)
                  0.00    0.00  630.00 v core_clock_gate_i.en_latch$_DLATCH_N_/CLK (DLLx1_ASAP7_75t_R)
     1    0.32    6.20   17.27  647.27 ^ core_clock_gate_i.en_latch$_DLATCH_N_/Q (DLLx1_ASAP7_75t_R)
                                         core_clock_gate_i.en_latch (net)
                  6.20    0.00  647.27 ^ _35046_/B (AND2x2_ASAP7_75t_R)
                                647.27   data arrival time

                  0.00  630.00  630.00   clock core_clock (fall edge)
                          0.00  630.00   clock network delay (ideal)
                          0.00  630.00   clock reconvergence pessimism
                                630.00 v _35046_/A (AND2x2_ASAP7_75t_R)
                          0.00  630.00   clock gating hold time
                                630.00   data required time
-----------------------------------------------------------------------------
                                630.00   data required time
                               -647.27   data arrival time
-----------------------------------------------------------------------------
                                 17.27   slack (MET)


Startpoint: cs_registers_i.u_mstack_epc_csr.rdata_q[1]$_DFFE_PN0P_
            (rising edge-triggered flip-flop clocked by core_clock)
Endpoint: cs_registers_i.u_mstack_epc_csr.rdata_q[1]$_DFFE_PN0P_
          (rising edge-triggered flip-flop clocked by core_clock)
Path Group: core_clock
Path Type: min

Fanout     Cap    Slew   Delay    Time   Description
-----------------------------------------------------------------------------
                  0.00    0.00    0.00   clock core_clock (rise edge)
                          0.00    0.00   clock network delay (ideal)
                  0.00    0.00    0.00 ^ cs_registers_i.u_mstack_epc_csr.rdata_q[1]$_DFFE_PN0P_/CLK (DFFASRHQNx1_ASAP7_75t_R)
     2    1.23   16.74   37.94   37.94 ^ cs_registers_i.u_mstack_epc_csr.rdata_q[1]$_DFFE_PN0P_/QN (DFFASRHQNx1_ASAP7_75t_R)
                                         _01876_ (net)
                 16.74    0.00   37.95 ^ _27520_/A1 (AOI21x1_ASAP7_75t_R)
     1    0.67    5.55    8.83   46.78 v _27520_/Y (AOI21x1_ASAP7_75t_R)
                                         _02704_ (net)
                  5.55    0.01   46.80 v cs_registers_i.u_mstack_epc_csr.rdata_q[1]$_DFFE_PN0P_/D (DFFASRHQNx1_ASAP7_75t_R)
                                 46.80   data arrival time

                  0.00    0.00    0.00   clock core_clock (rise edge)
                          0.00    0.00   clock network delay (ideal)
                          0.00    0.00   clock reconvergence pessimism
                                  0.00 ^ cs_registers_i.u_mstack_epc_csr.rdata_q[1]$_DFFE_PN0P_/CLK (DFFASRHQNx1_ASAP7_75t_R)
                          9.35    9.35   library hold time
                                  9.35   data required time
-----------------------------------------------------------------------------
                                  9.35   data required time
                                -46.80   data arrival time
-----------------------------------------------------------------------------
                                 37.45   slack (MET)



==========================================================================
global place report_checks -path_delay max
--------------------------------------------------------------------------
Startpoint: rst_ni (input port clocked by core_clock)
Endpoint: gen_regfile_ff.register_file_i.rf_reg_q[132]$_DFFE_PN0P_
          (recovery check against rising-edge clock core_clock)
Path Group: asynchronous
Path Type: max

Fanout     Cap    Slew   Delay    Time   Description
-----------------------------------------------------------------------------
                  0.00    0.00    0.00   clock core_clock (rise edge)
                          0.00    0.00   clock network delay (ideal)
                        252.00  252.00 ^ input external delay
    79  108.85    0.00    0.00  252.00 ^ rst_ni (in)
                                         rst_ni (net)
                103.74   32.73  284.73 ^ load_slew46/A (BUFx16f_ASAP7_75t_R)
    71   98.62   55.01   39.86  324.59 ^ load_slew46/Y (BUFx16f_ASAP7_75t_R)
                                         net68 (net)
                 97.07   26.26  350.85 ^ load_slew43/A (BUFx24_ASAP7_75t_R)
    85  116.15   55.12   44.14  394.99 ^ load_slew43/Y (BUFx24_ASAP7_75t_R)
                                         net65 (net)
                 72.66   14.89  409.88 ^ load_slew41/A (BUFx16f_ASAP7_75t_R)
    48   63.24   38.82   33.96  443.85 ^ load_slew41/Y (BUFx16f_ASAP7_75t_R)
                                         net63 (net)
                 40.32    4.23  448.08 ^ load_slew40/A (BUFx16f_ASAP7_75t_R)
    53   72.59   42.26   27.55  475.64 ^ load_slew40/Y (BUFx16f_ASAP7_75t_R)
                                         net62 (net)
                 74.25   20.33  495.97 ^ load_slew39/A (BUFx24_ASAP7_75t_R)
    92  122.01   48.70   35.84  531.81 ^ load_slew39/Y (BUFx24_ASAP7_75t_R)
                                         net61 (net)
                178.33   55.39  587.19 ^ load_slew37/A (BUFx16f_ASAP7_75t_R)
    67   85.21   50.35   50.81  638.01 ^ load_slew37/Y (BUFx16f_ASAP7_75t_R)
                                         net59 (net)
                 54.57    7.68  645.69 ^ gen_regfile_ff.register_file_i.rf_reg_q[132]$_DFFE_PN0P_/SETN (DFFASRHQNx1_ASAP7_75t_R)
                                645.69   data arrival time

                  0.00 1260.00 1260.00   clock core_clock (rise edge)
                          0.00 1260.00   clock network delay (ideal)
                          0.00 1260.00   clock reconvergence pessimism
                               1260.00 ^ gen_regfile_ff.register_file_i.rf_reg_q[132]$_DFFE_PN0P_/CLK (DFFASRHQNx1_ASAP7_75t_R)
                         -4.80 1255.20   library recovery time
                               1255.20   data required time
-----------------------------------------------------------------------------
                               1255.20   data required time
                               -645.69   data arrival time
-----------------------------------------------------------------------------
                                609.51   slack (MET)


Startpoint: core_clock_gate_i.en_latch$_DLATCH_N_
            (negative level-sensitive latch clocked by core_clock)
Endpoint: _35046_ (rising clock gating-check end-point clocked by core_clock)
Path Group: gated clock
Path Type: max

Fanout     Cap    Slew   Delay    Time   Description
-----------------------------------------------------------------------------
                  0.00  630.00  630.00   clock core_clock (fall edge)
                          0.00  630.00   clock network delay (ideal)
                  0.00    0.00  630.00 v core_clock_gate_i.en_latch$_DLATCH_N_/CLK (DLLx1_ASAP7_75t_R)
     1    0.57    7.54   27.17  657.17 v core_clock_gate_i.en_latch$_DLATCH_N_/Q (DLLx1_ASAP7_75t_R)
                                         core_clock_gate_i.en_latch (net)
                  7.54    0.00  657.17 v _35046_/B (AND2x2_ASAP7_75t_R)
                                657.17   data arrival time

                  0.00 1260.00 1260.00   clock core_clock (rise edge)
                          0.00 1260.00   clock network delay (ideal)
                          0.00 1260.00   clock reconvergence pessimism
                               1260.00 ^ _35046_/A (AND2x2_ASAP7_75t_R)
                          0.00 1260.00   clock gating setup time
                               1260.00   data required time
-----------------------------------------------------------------------------
                               1260.00   data required time
                               -657.17   data arrival time
-----------------------------------------------------------------------------
                                602.83   slack (MET)


Startpoint: if_stage_i.instr_rdata_alu_id_o[20]$_DFFE_PN_
            (rising edge-triggered flip-flop clocked by core_clock)
Endpoint: gen_regfile_ff.register_file_i.rf_reg_q[223]$_DFFE_PN0P_
          (rising edge-triggered flip-flop clocked by core_clock)
Path Group: core_clock
Path Type: max

Fanout     Cap    Slew   Delay    Time   Description
-----------------------------------------------------------------------------
                  0.00    0.00    0.00   clock core_clock (rise edge)
                          0.00    0.00   clock network delay (ideal)
                  0.00    0.00    0.00 ^ if_stage_i.instr_rdata_alu_id_o[20]$_DFFE_PN_/CLK (DFFHQNx2_ASAP7_75t_R)
     6    5.28   27.99   46.73   46.73 ^ if_stage_i.instr_rdata_alu_id_o[20]$_DFFE_PN_/QN (DFFHQNx2_ASAP7_75t_R)
                                         _00368_ (net)
                 27.99    0.09   46.82 ^ _19195_/A (INVx2_ASAP7_75t_R)
     4    4.97   19.41   14.28   61.10 v _19195_/Y (INVx2_ASAP7_75t_R)
                                         _13466_ (net)
                 19.42    0.04   61.13 v _19196_/A (BUFx6f_ASAP7_75t_R)
     6    6.77   10.13   17.90   79.03 v _19196_/Y (BUFx6f_ASAP7_75t_R)
                                         _13467_ (net)
                 11.06    1.61   80.64 v _19197_/A (BUFx6f_ASAP7_75t_R)
     6    5.66    8.48   15.08   95.72 v _19197_/Y (BUFx6f_ASAP7_75t_R)
                                         _13468_ (net)
                  8.54    0.39   96.11 v _19198_/A (BUFx6f_ASAP7_75t_R)
     6    6.85    9.59   14.80  110.91 v _19198_/Y (BUFx6f_ASAP7_75t_R)
                                         _13469_ (net)
                  9.59    0.06  110.97 v _19199_/A (BUFx6f_ASAP7_75t_R)
     6    8.90   11.83   15.93  126.90 v _19199_/Y (BUFx6f_ASAP7_75t_R)
                                         _13470_ (net)
                 11.88    0.44  127.34 v _21321_/A (BUFx12f_ASAP7_75t_R)
     6    8.51    8.82   14.62  141.97 v _21321_/Y (BUFx12f_ASAP7_75t_R)
                                         _15518_ (net)
                 10.35    1.91  143.88 v clone18/A (BUFx4_ASAP7_75t_R)
     6    7.34   15.56   24.04  167.92 v clone18/Y (BUFx4_ASAP7_75t_R)
                                         net18 (net)
                 15.56    0.01  167.92 v _21567_/A (BUFx3_ASAP7_75t_R)
     5    4.61   12.04   18.31  186.24 v _21567_/Y (BUFx3_ASAP7_75t_R)
                                         _15758_ (net)
                 12.04    0.07  186.31 v _22371_/C (OA211x2_ASAP7_75t_R)
     1    0.61    9.06   27.66  213.97 v _22371_/Y (OA211x2_ASAP7_75t_R)
                                         _16538_ (net)
                  9.06    0.00  213.97 v _22376_/B (OR3x1_ASAP7_75t_R)
     1    2.22   18.47   29.02  242.99 v _22376_/Y (OR3x1_ASAP7_75t_R)
                                         _16543_ (net)
                 18.50    0.42  243.42 v _22377_/B (OA21x2_ASAP7_75t_R)
     1    0.65    6.20   15.59  259.01 v _22377_/Y (OA21x2_ASAP7_75t_R)
                                         _16544_ (net)
                  6.20    0.00  259.01 v _22393_/A2 (AO21x1_ASAP7_75t_R)
     1    1.16    9.36   15.18  274.19 v _22393_/Y (AO21x1_ASAP7_75t_R)
                                         _16560_ (net)
                  9.36    0.02  274.21 v _22425_/A2 (OAI21x1_ASAP7_75t_R)
     8   10.12   67.97   30.57  304.77 ^ _22425_/Y (OAI21x1_ASAP7_75t_R)
                                         _16592_ (net)
                 68.77    4.17  308.94 ^ _24194_/B (NOR2x1_ASAP7_75t_R)
     1    0.68   17.16   15.79  324.73 v _24194_/Y (NOR2x1_ASAP7_75t_R)
                                         _05201_ (net)
                 17.16    0.01  324.73 v _24195_/B (AO21x2_ASAP7_75t_R)
     8    5.78   20.25   27.10  351.83 v _24195_/Y (AO21x2_ASAP7_75t_R)
                                         _05202_ (net)
                 20.42    1.04  352.88 v _24442_/A (AND2x2_ASAP7_75t_R)
     1    1.67    8.85   22.69  375.57 v _24442_/Y (AND2x2_ASAP7_75t_R)
                                         _17911_ (net)
                  8.85    0.02  375.59 v _35401_/CI (FAx1_ASAP7_75t_R)
     8   17.01  255.83  116.22  491.80 ^ _35401_/CON (FAx1_ASAP7_75t_R)
                                         _17962_ (net)
     4    7.72  179.51   91.24  583.04 v _35401_/SN (FAx1_ASAP7_75t_R)
                                         _17914_ (net)
                179.51    0.54  583.59 v _35040_/A (INVx2_ASAP7_75t_R)
     2    3.80   41.79   32.42  616.01 ^ _35040_/Y (INVx2_ASAP7_75t_R)
                                         _17913_ (net)
                 41.79    0.05  616.06 ^ _35461_/CI (FAx1_ASAP7_75t_R)
     7   12.02  190.83  206.78  822.84 v _35461_/SN (FAx1_ASAP7_75t_R)
                                         _18080_ (net)
                190.83    0.12  822.96 v _35462_/A (FAx1_ASAP7_75t_R)
     1    2.35   76.37   60.91  883.87 ^ _35462_/CON (FAx1_ASAP7_75t_R)
                                         _18122_ (net)
     1    0.77   56.55   20.60  904.47 v _35462_/SN (FAx1_ASAP7_75t_R)
                                         _18479_ (net)
                 56.55    0.01  904.48 v _34879_/A (INVx1_ASAP7_75t_R)
     1    2.13   26.05   20.92  925.40 ^ _34879_/Y (INVx1_ASAP7_75t_R)
                                         _18081_ (net)
                 26.05    0.05  925.45 ^ _35463_/A (FAx1_ASAP7_75t_R)
     1    0.83   24.96   38.63  964.08 v _35463_/SN (FAx1_ASAP7_75t_R)
                                         _18480_ (net)
                 24.96    0.02  964.10 v _34816_/A (INVx1_ASAP7_75t_R)
     1    1.69   16.44   13.35  977.45 ^ _34816_/Y (INVx1_ASAP7_75t_R)
                                         _18083_ (net)
                 16.44    0.03  977.47 ^ _35467_/CI (FAx1_ASAP7_75t_R)
     1    0.78   26.67   34.71 1012.19 v _35467_/SN (FAx1_ASAP7_75t_R)
                                         _18484_ (net)
                 26.67    0.01 1012.20 v _34856_/A (INVx1_ASAP7_75t_R)
     1    2.29   20.15   15.76 1027.96 ^ _34856_/Y (INVx1_ASAP7_75t_R)
                                         _18092_ (net)
                 20.15    0.05 1028.01 ^ _35468_/B (FAx1_ASAP7_75t_R)
     1    1.34   36.40   44.11 1072.12 v _35468_/SN (FAx1_ASAP7_75t_R)
                                         _18486_ (net)
                 36.40    0.08 1072.19 v _35578_/B (HAxp5_ASAP7_75t_R)
     4    3.70   76.11   70.45 1142.65 v _35578_/SN (HAxp5_ASAP7_75t_R)
                                         _00252_ (net)
                 76.11    0.05 1142.69 v _29453_/B (AO21x1_ASAP7_75t_R)
     1    0.71    8.55   25.72 1168.41 v _29453_/Y (AO21x1_ASAP7_75t_R)
                                         _09481_ (net)
                  8.55    0.01 1168.42 v _29454_/A2 (AO21x1_ASAP7_75t_R)
     2    1.12   10.18   15.70 1184.13 v _29454_/Y (AO21x1_ASAP7_75t_R)
                                         _09482_ (net)
                 10.18    0.00 1184.13 v _29488_/A2 (AO21x1_ASAP7_75t_R)
     1    0.71    8.14   14.91 1199.04 v _29488_/Y (AO21x1_ASAP7_75t_R)
                                         _09514_ (net)
                  8.14    0.01 1199.05 v _29489_/A2 (AO21x1_ASAP7_75t_R)
     2    1.15   10.34   15.68 1214.73 v _29489_/Y (AO21x1_ASAP7_75t_R)
                                         _09515_ (net)
                 10.34    0.01 1214.74 v _29532_/A2 (AO21x1_ASAP7_75t_R)
     1    0.58    7.69   14.57 1229.31 v _29532_/Y (AO21x1_ASAP7_75t_R)
                                         _09557_ (net)
                  7.69    0.01 1229.32 v _29536_/A2 (AO221x1_ASAP7_75t_R)
     2    2.44   17.78   27.14 1256.46 v _29536_/Y (AO221x1_ASAP7_75t_R)
                                         _09561_ (net)
                 17.78    0.06 1256.52 v _29607_/A1 (OA21x2_ASAP7_75t_R)
     4    4.61   16.64   24.55 1281.07 v _29607_/Y (OA21x2_ASAP7_75t_R)
                                         _09630_ (net)
                 16.68    0.43 1281.50 v _29608_/D (OR4x1_ASAP7_75t_R)
     1    0.65   12.68   32.29 1313.80 v _29608_/Y (OR4x1_ASAP7_75t_R)
                                         _09631_ (net)
                 12.68    0.01 1313.80 v _29613_/B (AND4x2_ASAP7_75t_R)
     2    3.13   12.55   19.65 1333.46 v _29613_/Y (AND4x2_ASAP7_75t_R)
                                         _09636_ (net)
                 12.65    0.62 1334.08 v _29616_/B (OR5x1_ASAP7_75t_R)
     1    1.19   15.99   37.17 1371.25 v _29616_/Y (OR5x1_ASAP7_75t_R)
                                         _09639_ (net)
                 15.99    0.03 1371.28 v _29617_/C (AOI211x1_ASAP7_75t_R)
     1    0.88   16.45   12.09 1383.37 ^ _29617_/Y (AOI211x1_ASAP7_75t_R)
                                         _09640_ (net)
                 16.45    0.03 1383.40 ^ _29620_/A2 (OA21x2_ASAP7_75t_R)
     1    4.62   19.26   22.93 1406.33 ^ _29620_/Y (OA21x2_ASAP7_75t_R)
                                         _09643_ (net)
                 19.67    1.53 1407.86 ^ _29624_/B (NOR2x2_ASAP7_75t_R)
     7    8.82   32.41   19.39 1427.25 v _29624_/Y (NOR2x2_ASAP7_75t_R)
                                         _09647_ (net)
                 34.03    3.90 1431.15 v _29773_/A (BUFx3_ASAP7_75t_R)
     5    3.44   10.02   22.30 1453.45 v _29773_/Y (BUFx3_ASAP7_75t_R)
                                         _09761_ (net)
                 10.03    0.11 1453.56 v _29967_/A1 (AO21x1_ASAP7_75t_R)
     1    0.67    6.88   15.60 1469.16 v _29967_/Y (AO21x1_ASAP7_75t_R)
                                         _02995_ (net)
                  6.88    0.01 1469.17 v gen_regfile_ff.register_file_i.rf_reg_q[223]$_DFFE_PN0P_/D (DFFASRHQNx1_ASAP7_75t_R)
                               1469.17   data arrival time

                  0.00 1260.00 1260.00   clock core_clock (rise edge)
                          0.00 1260.00   clock network delay (ideal)
                          0.00 1260.00   clock reconvergence pessimism
                               1260.00 ^ gen_regfile_ff.register_file_i.rf_reg_q[223]$_DFFE_PN0P_/CLK (DFFASRHQNx1_ASAP7_75t_R)
                         -5.38 1254.62   library setup time
                               1254.62   data required time
-----------------------------------------------------------------------------
                               1254.62   data required time
                               -1469.17   data arrival time
-----------------------------------------------------------------------------
                               -214.54   slack (VIOLATED)



==========================================================================
global place report_checks -unconstrained
--------------------------------------------------------------------------
Startpoint: rst_ni (input port clocked by core_clock)
Endpoint: gen_regfile_ff.register_file_i.rf_reg_q[132]$_DFFE_PN0P_
          (recovery check against rising-edge clock core_clock)
Path Group: asynchronous
Path Type: max

Fanout     Cap    Slew   Delay    Time   Description
-----------------------------------------------------------------------------
                  0.00    0.00    0.00   clock core_clock (rise edge)
                          0.00    0.00   clock network delay (ideal)
                        252.00  252.00 ^ input external delay
    79  108.85    0.00    0.00  252.00 ^ rst_ni (in)
                                         rst_ni (net)
                103.74   32.73  284.73 ^ load_slew46/A (BUFx16f_ASAP7_75t_R)
    71   98.62   55.01   39.86  324.59 ^ load_slew46/Y (BUFx16f_ASAP7_75t_R)
                                         net68 (net)
                 97.07   26.26  350.85 ^ load_slew43/A (BUFx24_ASAP7_75t_R)
    85  116.15   55.12   44.14  394.99 ^ load_slew43/Y (BUFx24_ASAP7_75t_R)
                                         net65 (net)
                 72.66   14.89  409.88 ^ load_slew41/A (BUFx16f_ASAP7_75t_R)
    48   63.24   38.82   33.96  443.85 ^ load_slew41/Y (BUFx16f_ASAP7_75t_R)
                                         net63 (net)
                 40.32    4.23  448.08 ^ load_slew40/A (BUFx16f_ASAP7_75t_R)
    53   72.59   42.26   27.55  475.64 ^ load_slew40/Y (BUFx16f_ASAP7_75t_R)
                                         net62 (net)
                 74.25   20.33  495.97 ^ load_slew39/A (BUFx24_ASAP7_75t_R)
    92  122.01   48.70   35.84  531.81 ^ load_slew39/Y (BUFx24_ASAP7_75t_R)
                                         net61 (net)
                178.33   55.39  587.19 ^ load_slew37/A (BUFx16f_ASAP7_75t_R)
    67   85.21   50.35   50.81  638.01 ^ load_slew37/Y (BUFx16f_ASAP7_75t_R)
                                         net59 (net)
                 54.57    7.68  645.69 ^ gen_regfile_ff.register_file_i.rf_reg_q[132]$_DFFE_PN0P_/SETN (DFFASRHQNx1_ASAP7_75t_R)
                                645.69   data arrival time

                  0.00 1260.00 1260.00   clock core_clock (rise edge)
                          0.00 1260.00   clock network delay (ideal)
                          0.00 1260.00   clock reconvergence pessimism
                               1260.00 ^ gen_regfile_ff.register_file_i.rf_reg_q[132]$_DFFE_PN0P_/CLK (DFFASRHQNx1_ASAP7_75t_R)
                         -4.80 1255.20   library recovery time
                               1255.20   data required time
-----------------------------------------------------------------------------
                               1255.20   data required time
                               -645.69   data arrival time
-----------------------------------------------------------------------------
                                609.51   slack (MET)


Startpoint: core_clock_gate_i.en_latch$_DLATCH_N_
            (negative level-sensitive latch clocked by core_clock)
Endpoint: _35046_ (rising clock gating-check end-point clocked by core_clock)
Path Group: gated clock
Path Type: max

Fanout     Cap    Slew   Delay    Time   Description
-----------------------------------------------------------------------------
                  0.00  630.00  630.00   clock core_clock (fall edge)
                          0.00  630.00   clock network delay (ideal)
                  0.00    0.00  630.00 v core_clock_gate_i.en_latch$_DLATCH_N_/CLK (DLLx1_ASAP7_75t_R)
     1    0.57    7.54   27.17  657.17 v core_clock_gate_i.en_latch$_DLATCH_N_/Q (DLLx1_ASAP7_75t_R)
                                         core_clock_gate_i.en_latch (net)
                  7.54    0.00  657.17 v _35046_/B (AND2x2_ASAP7_75t_R)
                                657.17   data arrival time

                  0.00 1260.00 1260.00   clock core_clock (rise edge)
                          0.00 1260.00   clock network delay (ideal)
                          0.00 1260.00   clock reconvergence pessimism
                               1260.00 ^ _35046_/A (AND2x2_ASAP7_75t_R)
                          0.00 1260.00   clock gating setup time
                               1260.00   data required time
-----------------------------------------------------------------------------
                               1260.00   data required time
                               -657.17   data arrival time
-----------------------------------------------------------------------------
                                602.83   slack (MET)


Startpoint: if_stage_i.instr_rdata_alu_id_o[20]$_DFFE_PN_
            (rising edge-triggered flip-flop clocked by core_clock)
Endpoint: gen_regfile_ff.register_file_i.rf_reg_q[223]$_DFFE_PN0P_
          (rising edge-triggered flip-flop clocked by core_clock)
Path Group: core_clock
Path Type: max

Fanout     Cap    Slew   Delay    Time   Description
-----------------------------------------------------------------------------
                  0.00    0.00    0.00   clock core_clock (rise edge)
                          0.00    0.00   clock network delay (ideal)
                  0.00    0.00    0.00 ^ if_stage_i.instr_rdata_alu_id_o[20]$_DFFE_PN_/CLK (DFFHQNx2_ASAP7_75t_R)
     6    5.28   27.99   46.73   46.73 ^ if_stage_i.instr_rdata_alu_id_o[20]$_DFFE_PN_/QN (DFFHQNx2_ASAP7_75t_R)
                                         _00368_ (net)
                 27.99    0.09   46.82 ^ _19195_/A (INVx2_ASAP7_75t_R)
     4    4.97   19.41   14.28   61.10 v _19195_/Y (INVx2_ASAP7_75t_R)
                                         _13466_ (net)
                 19.42    0.04   61.13 v _19196_/A (BUFx6f_ASAP7_75t_R)
     6    6.77   10.13   17.90   79.03 v _19196_/Y (BUFx6f_ASAP7_75t_R)
                                         _13467_ (net)
                 11.06    1.61   80.64 v _19197_/A (BUFx6f_ASAP7_75t_R)
     6    5.66    8.48   15.08   95.72 v _19197_/Y (BUFx6f_ASAP7_75t_R)
                                         _13468_ (net)
                  8.54    0.39   96.11 v _19198_/A (BUFx6f_ASAP7_75t_R)
     6    6.85    9.59   14.80  110.91 v _19198_/Y (BUFx6f_ASAP7_75t_R)
                                         _13469_ (net)
                  9.59    0.06  110.97 v _19199_/A (BUFx6f_ASAP7_75t_R)
     6    8.90   11.83   15.93  126.90 v _19199_/Y (BUFx6f_ASAP7_75t_R)
                                         _13470_ (net)
                 11.88    0.44  127.34 v _21321_/A (BUFx12f_ASAP7_75t_R)
     6    8.51    8.82   14.62  141.97 v _21321_/Y (BUFx12f_ASAP7_75t_R)
                                         _15518_ (net)
                 10.35    1.91  143.88 v clone18/A (BUFx4_ASAP7_75t_R)
     6    7.34   15.56   24.04  167.92 v clone18/Y (BUFx4_ASAP7_75t_R)
                                         net18 (net)
                 15.56    0.01  167.92 v _21567_/A (BUFx3_ASAP7_75t_R)
     5    4.61   12.04   18.31  186.24 v _21567_/Y (BUFx3_ASAP7_75t_R)
                                         _15758_ (net)
                 12.04    0.07  186.31 v _22371_/C (OA211x2_ASAP7_75t_R)
     1    0.61    9.06   27.66  213.97 v _22371_/Y (OA211x2_ASAP7_75t_R)
                                         _16538_ (net)
                  9.06    0.00  213.97 v _22376_/B (OR3x1_ASAP7_75t_R)
     1    2.22   18.47   29.02  242.99 v _22376_/Y (OR3x1_ASAP7_75t_R)
                                         _16543_ (net)
                 18.50    0.42  243.42 v _22377_/B (OA21x2_ASAP7_75t_R)
     1    0.65    6.20   15.59  259.01 v _22377_/Y (OA21x2_ASAP7_75t_R)
                                         _16544_ (net)
                  6.20    0.00  259.01 v _22393_/A2 (AO21x1_ASAP7_75t_R)
     1    1.16    9.36   15.18  274.19 v _22393_/Y (AO21x1_ASAP7_75t_R)
                                         _16560_ (net)
                  9.36    0.02  274.21 v _22425_/A2 (OAI21x1_ASAP7_75t_R)
     8   10.12   67.97   30.57  304.77 ^ _22425_/Y (OAI21x1_ASAP7_75t_R)
                                         _16592_ (net)
                 68.77    4.17  308.94 ^ _24194_/B (NOR2x1_ASAP7_75t_R)
     1    0.68   17.16   15.79  324.73 v _24194_/Y (NOR2x1_ASAP7_75t_R)
                                         _05201_ (net)
                 17.16    0.01  324.73 v _24195_/B (AO21x2_ASAP7_75t_R)
     8    5.78   20.25   27.10  351.83 v _24195_/Y (AO21x2_ASAP7_75t_R)
                                         _05202_ (net)
                 20.42    1.04  352.88 v _24442_/A (AND2x2_ASAP7_75t_R)
     1    1.67    8.85   22.69  375.57 v _24442_/Y (AND2x2_ASAP7_75t_R)
                                         _17911_ (net)
                  8.85    0.02  375.59 v _35401_/CI (FAx1_ASAP7_75t_R)
     8   17.01  255.83  116.22  491.80 ^ _35401_/CON (FAx1_ASAP7_75t_R)
                                         _17962_ (net)
     4    7.72  179.51   91.24  583.04 v _35401_/SN (FAx1_ASAP7_75t_R)
                                         _17914_ (net)
                179.51    0.54  583.59 v _35040_/A (INVx2_ASAP7_75t_R)
     2    3.80   41.79   32.42  616.01 ^ _35040_/Y (INVx2_ASAP7_75t_R)
                                         _17913_ (net)
                 41.79    0.05  616.06 ^ _35461_/CI (FAx1_ASAP7_75t_R)
     7   12.02  190.83  206.78  822.84 v _35461_/SN (FAx1_ASAP7_75t_R)
                                         _18080_ (net)
                190.83    0.12  822.96 v _35462_/A (FAx1_ASAP7_75t_R)
     1    2.35   76.37   60.91  883.87 ^ _35462_/CON (FAx1_ASAP7_75t_R)
                                         _18122_ (net)
     1    0.77   56.55   20.60  904.47 v _35462_/SN (FAx1_ASAP7_75t_R)
                                         _18479_ (net)
                 56.55    0.01  904.48 v _34879_/A (INVx1_ASAP7_75t_R)
     1    2.13   26.05   20.92  925.40 ^ _34879_/Y (INVx1_ASAP7_75t_R)
                                         _18081_ (net)
                 26.05    0.05  925.45 ^ _35463_/A (FAx1_ASAP7_75t_R)
     1    0.83   24.96   38.63  964.08 v _35463_/SN (FAx1_ASAP7_75t_R)
                                         _18480_ (net)
                 24.96    0.02  964.10 v _34816_/A (INVx1_ASAP7_75t_R)
     1    1.69   16.44   13.35  977.45 ^ _34816_/Y (INVx1_ASAP7_75t_R)
                                         _18083_ (net)
                 16.44    0.03  977.47 ^ _35467_/CI (FAx1_ASAP7_75t_R)
     1    0.78   26.67   34.71 1012.19 v _35467_/SN (FAx1_ASAP7_75t_R)
                                         _18484_ (net)
                 26.67    0.01 1012.20 v _34856_/A (INVx1_ASAP7_75t_R)
     1    2.29   20.15   15.76 1027.96 ^ _34856_/Y (INVx1_ASAP7_75t_R)
                                         _18092_ (net)
                 20.15    0.05 1028.01 ^ _35468_/B (FAx1_ASAP7_75t_R)
     1    1.34   36.40   44.11 1072.12 v _35468_/SN (FAx1_ASAP7_75t_R)
                                         _18486_ (net)
                 36.40    0.08 1072.19 v _35578_/B (HAxp5_ASAP7_75t_R)
     4    3.70   76.11   70.45 1142.65 v _35578_/SN (HAxp5_ASAP7_75t_R)
                                         _00252_ (net)
                 76.11    0.05 1142.69 v _29453_/B (AO21x1_ASAP7_75t_R)
     1    0.71    8.55   25.72 1168.41 v _29453_/Y (AO21x1_ASAP7_75t_R)
                                         _09481_ (net)
                  8.55    0.01 1168.42 v _29454_/A2 (AO21x1_ASAP7_75t_R)
     2    1.12   10.18   15.70 1184.13 v _29454_/Y (AO21x1_ASAP7_75t_R)
                                         _09482_ (net)
                 10.18    0.00 1184.13 v _29488_/A2 (AO21x1_ASAP7_75t_R)
     1    0.71    8.14   14.91 1199.04 v _29488_/Y (AO21x1_ASAP7_75t_R)
                                         _09514_ (net)
                  8.14    0.01 1199.05 v _29489_/A2 (AO21x1_ASAP7_75t_R)
     2    1.15   10.34   15.68 1214.73 v _29489_/Y (AO21x1_ASAP7_75t_R)
                                         _09515_ (net)
                 10.34    0.01 1214.74 v _29532_/A2 (AO21x1_ASAP7_75t_R)
     1    0.58    7.69   14.57 1229.31 v _29532_/Y (AO21x1_ASAP7_75t_R)
                                         _09557_ (net)
                  7.69    0.01 1229.32 v _29536_/A2 (AO221x1_ASAP7_75t_R)
     2    2.44   17.78   27.14 1256.46 v _29536_/Y (AO221x1_ASAP7_75t_R)
                                         _09561_ (net)
                 17.78    0.06 1256.52 v _29607_/A1 (OA21x2_ASAP7_75t_R)
     4    4.61   16.64   24.55 1281.07 v _29607_/Y (OA21x2_ASAP7_75t_R)
                                         _09630_ (net)
                 16.68    0.43 1281.50 v _29608_/D (OR4x1_ASAP7_75t_R)
     1    0.65   12.68   32.29 1313.80 v _29608_/Y (OR4x1_ASAP7_75t_R)
                                         _09631_ (net)
                 12.68    0.01 1313.80 v _29613_/B (AND4x2_ASAP7_75t_R)
     2    3.13   12.55   19.65 1333.46 v _29613_/Y (AND4x2_ASAP7_75t_R)
                                         _09636_ (net)
                 12.65    0.62 1334.08 v _29616_/B (OR5x1_ASAP7_75t_R)
     1    1.19   15.99   37.17 1371.25 v _29616_/Y (OR5x1_ASAP7_75t_R)
                                         _09639_ (net)
                 15.99    0.03 1371.28 v _29617_/C (AOI211x1_ASAP7_75t_R)
     1    0.88   16.45   12.09 1383.37 ^ _29617_/Y (AOI211x1_ASAP7_75t_R)
                                         _09640_ (net)
                 16.45    0.03 1383.40 ^ _29620_/A2 (OA21x2_ASAP7_75t_R)
     1    4.62   19.26   22.93 1406.33 ^ _29620_/Y (OA21x2_ASAP7_75t_R)
                                         _09643_ (net)
                 19.67    1.53 1407.86 ^ _29624_/B (NOR2x2_ASAP7_75t_R)
     7    8.82   32.41   19.39 1427.25 v _29624_/Y (NOR2x2_ASAP7_75t_R)
                                         _09647_ (net)
                 34.03    3.90 1431.15 v _29773_/A (BUFx3_ASAP7_75t_R)
     5    3.44   10.02   22.30 1453.45 v _29773_/Y (BUFx3_ASAP7_75t_R)
                                         _09761_ (net)
                 10.03    0.11 1453.56 v _29967_/A1 (AO21x1_ASAP7_75t_R)
     1    0.67    6.88   15.60 1469.16 v _29967_/Y (AO21x1_ASAP7_75t_R)
                                         _02995_ (net)
                  6.88    0.01 1469.17 v gen_regfile_ff.register_file_i.rf_reg_q[223]$_DFFE_PN0P_/D (DFFASRHQNx1_ASAP7_75t_R)
                               1469.17   data arrival time

                  0.00 1260.00 1260.00   clock core_clock (rise edge)
                          0.00 1260.00   clock network delay (ideal)
                          0.00 1260.00   clock reconvergence pessimism
                               1260.00 ^ gen_regfile_ff.register_file_i.rf_reg_q[223]$_DFFE_PN0P_/CLK (DFFASRHQNx1_ASAP7_75t_R)
                         -5.38 1254.62   library setup time
                               1254.62   data required time
-----------------------------------------------------------------------------
                               1254.62   data required time
                               -1469.17   data arrival time
-----------------------------------------------------------------------------
                               -214.54   slack (VIOLATED)



==========================================================================
global place report_power
--------------------------------------------------------------------------
Group                  Internal  Switching    Leakage      Total
                          Power      Power      Power      Power (Watts)
----------------------------------------------------------------
Sequential             3.13e-03   9.84e-04   2.10e-07   4.11e-03  10.2%
Combinational          1.63e-02   1.97e-02   1.76e-06   3.59e-02  89.5%
Clock                  5.95e-07   1.04e-04   1.16e-10   1.04e-04   0.3%
Macro                  0.00e+00   0.00e+00   0.00e+00   0.00e+00   0.0%
Pad                    0.00e+00   0.00e+00   0.00e+00   0.00e+00   0.0%
----------------------------------------------------------------
Total                  1.94e-02   2.08e-02   1.98e-06   4.02e-02 100.0%
                          48.3%      51.7%       0.0%
