OpenROAD v2.0-19576-gec1bf1a13 
Features included (+) or not (-): +GPU +GUI +Python : None
This program is licensed under the BSD-3 license. See the LICENSE file for details.
Components of this program may be licensed under more restrictive licenses which must be honored.
[INFO ORD-0030] Using 16 thread(s).
[INFO GPL-0002] DBU: 2000
[INFO GPL-0003] SiteSize: (  0.190  1.400 ) um
[INFO GPL-0004] CoreBBox: (  1.140  1.400 ) ( 219.640 154.000 ) um
[INFO GPL-0006] NumInstances:             15340
[INFO GPL-0007] NumPlaceInstances:        15067
[INFO GPL-0008] NumFixedInstances:          273
[INFO GPL-0009] NumDummyInstances:            0
[INFO GPL-0010] NumNets:                  16165
[INFO GPL-0011] NumPins:                  56154
[INFO GPL-0012] DieBBox:  (  0.000  0.000 ) ( 220.775 155.145 ) um
[INFO GPL-0013] CoreBBox: (  1.140  1.400 ) ( 219.640 154.000 ) um
[INFO GPL-0016] CoreArea:             33343.100 um^2
[INFO GPL-0017] NonPlaceInstsArea:       72.618 um^2
[INFO GPL-0018] PlaceInstsArea:       21470.456 um^2
[INFO GPL-0019] Util:                    64.533 %
[INFO GPL-0020] StdInstsArea:         21470.456 um^2
[INFO GPL-0021] MacroInstsArea:           0.000 um^2
[INFO GPL-0031] FillerInit:NumGCells:     24213
[INFO GPL-0032] FillerInit:NumGNets:      16165
[INFO GPL-0033] FillerInit:NumGPins:      56154
[INFO GPL-0023] TargetDensity:            1.000
[INFO GPL-0024] AvrgPlaceInstArea:        1.425 um^2
[INFO GPL-0025] IdealBinArea:             1.425 um^2
[INFO GPL-0026] IdealBinCnt:              23398
[INFO GPL-0027] TotalBinArea:         33343.100 um^2
[INFO GPL-0028] BinCnt:       128    128
[INFO GPL-0029] BinSize: (  1.708  1.192 )
[INFO GPL-0030] NumBins: 16384
Placement density is 0.7262643432617187, computed from PLACE_DENSITY_LB_ADDON 0.20 and lower bound 0.6453304290771484
global_placement -density 0.7262643432617187 -pad_left 0 -pad_right 0
[INFO GPL-0002] DBU: 2000
[INFO GPL-0003] SiteSize: (  0.190  1.400 ) um
[INFO GPL-0004] CoreBBox: (  1.140  1.400 ) ( 219.640 154.000 ) um
[INFO GPL-0006] NumInstances:             15340
[INFO GPL-0007] NumPlaceInstances:        15067
[INFO GPL-0008] NumFixedInstances:          273
[INFO GPL-0009] NumDummyInstances:            0
[INFO GPL-0010] NumNets:                  16165
[INFO GPL-0011] NumPins:                  56154
[INFO GPL-0012] DieBBox:  (  0.000  0.000 ) ( 220.775 155.145 ) um
[INFO GPL-0013] CoreBBox: (  1.140  1.400 ) ( 219.640 154.000 ) um
[INFO GPL-0016] CoreArea:             33343.100 um^2
[INFO GPL-0017] NonPlaceInstsArea:       72.618 um^2
[INFO GPL-0018] PlaceInstsArea:       21470.456 um^2
[INFO GPL-0019] Util:                    64.533 %
[INFO GPL-0020] StdInstsArea:         21470.456 um^2
[INFO GPL-0021] MacroInstsArea:           0.000 um^2
[InitialPlace]  Iter: 1 CG residual: 0.00012872 HPWL: 498657253
[InitialPlace]  Iter: 2 CG residual: 0.00004925 HPWL: 186174111
[InitialPlace]  Iter: 3 CG residual: 0.00002637 HPWL: 185045971
[InitialPlace]  Iter: 4 CG residual: 0.00001286 HPWL: 185561260
[InitialPlace]  Iter: 5 CG residual: 0.00001855 HPWL: 185124300
[InitialPlace]  Iter: 6 CG residual: 0.00000336 HPWL: 185542105
[INFO GPL-0031] FillerInit:NumGCells:     17154
[INFO GPL-0032] FillerInit:NumGNets:      16165
[INFO GPL-0033] FillerInit:NumGPins:      56154
[INFO GPL-0023] TargetDensity:            0.726
[INFO GPL-0024] AvrgPlaceInstArea:        1.425 um^2
[INFO GPL-0025] IdealBinArea:             1.962 um^2
[INFO GPL-0026] IdealBinCnt:              16993
[INFO GPL-0027] TotalBinArea:         33343.100 um^2
[INFO GPL-0028] BinCnt:       128    128
[INFO GPL-0029] BinSize: (  1.708  1.192 )
[INFO GPL-0030] NumBins: 16384
[NesterovSolve] Iter:    1 overflow: 0.978 HPWL: 138197245
[NesterovSolve] Iter:   10 overflow: 0.867 HPWL: 161151842
[NesterovSolve] Iter:   20 overflow: 0.850 HPWL: 161077772
[NesterovSolve] Iter:   30 overflow: 0.853 HPWL: 155967811
[NesterovSolve] Iter:   40 overflow: 0.849 HPWL: 154276351
[NesterovSolve] Iter:   50 overflow: 0.845 HPWL: 152625989
[NesterovSolve] Iter:   60 overflow: 0.842 HPWL: 151451118
[NesterovSolve] Iter:   70 overflow: 0.839 HPWL: 150985710
[NesterovSolve] Iter:   80 overflow: 0.837 HPWL: 150904166
[NesterovSolve] Iter:   90 overflow: 0.835 HPWL: 150943339
[NesterovSolve] Iter:  100 overflow: 0.834 HPWL: 150941129
[NesterovSolve] Iter:  110 overflow: 0.834 HPWL: 150934608
[NesterovSolve] Iter:  120 overflow: 0.835 HPWL: 150896421
[NesterovSolve] Iter:  130 overflow: 0.835 HPWL: 150822864
[NesterovSolve] Iter:  140 overflow: 0.836 HPWL: 150787351
[NesterovSolve] Iter:  150 overflow: 0.836 HPWL: 150871538
[NesterovSolve] Iter:  160 overflow: 0.835 HPWL: 151131263
[NesterovSolve] Iter:  170 overflow: 0.834 HPWL: 151649000
[NesterovSolve] Iter:  180 overflow: 0.831 HPWL: 152619570
[NesterovSolve] Iter:  190 overflow: 0.826 HPWL: 154306361
[NesterovSolve] Iter:  200 overflow: 0.820 HPWL: 157260655
[NesterovSolve] Iter:  210 overflow: 0.809 HPWL: 161874369
[NesterovSolve] Iter:  220 overflow: 0.795 HPWL: 168074975
[NesterovSolve] Iter:  230 overflow: 0.778 HPWL: 176056854
[NesterovSolve] Iter:  240 overflow: 0.761 HPWL: 185650326
[NesterovSolve] Iter:  250 overflow: 0.740 HPWL: 196978308
[NesterovSolve] Iter:  260 overflow: 0.721 HPWL: 209036672
[NesterovSolve] Iter:  270 overflow: 0.700 HPWL: 220557946
[NesterovSolve] Iter:  280 overflow: 0.675 HPWL: 230667366
[NesterovSolve] Iter:  290 overflow: 0.651 HPWL: 240426579
[NesterovSolve] Iter:  300 overflow: 0.622 HPWL: 249896420
[NesterovSolve] Iter:  310 overflow: 0.593 HPWL: 260536187
[NesterovSolve] Iter:  320 overflow: 0.559 HPWL: 273319332
[NesterovSolve] Iter:  330 overflow: 0.522 HPWL: 286166646
[NesterovSolve] Iter:  340 overflow: 0.477 HPWL: 300098579
[NesterovSolve] Iter:  350 overflow: 0.419 HPWL: 317975978
[NesterovSolve] Iter:  360 overflow: 0.346 HPWL: 342663976
[NesterovSolve] Iter:  370 overflow: 0.293 HPWL: 360790754
[NesterovSolve] Iter:  380 overflow: 0.251 HPWL: 371515082
[NesterovSolve] Iter:  390 overflow: 0.217 HPWL: 379300666
[NesterovSolve] Iter:  400 overflow: 0.188 HPWL: 385491363
[NesterovSolve] Iter:  410 overflow: 0.164 HPWL: 390624554
[NesterovSolve] Iter:  420 overflow: 0.142 HPWL: 394486850
[NesterovSolve] Iter:  430 overflow: 0.126 HPWL: 397476350
[NesterovSolve] Iter:  440 overflow: 0.109 HPWL: 399653375
[NesterovSolve] Finished with Overflow: 0.099589
Took 7 seconds: global_placement -density 0.7262643432617187 -pad_left 0 -pad_right 0
Report metrics stage 3, global place...

==========================================================================
global place report_design_area
--------------------------------------------------------------------------
Design area 21470 u^2 64% utilization.
Elapsed time: 0:11.12[h:]min:sec. CPU time: user 103.49 sys 0.24 (932%). Peak memory: 190568KB.
