
==========================================================================
detailed place report_tns
--------------------------------------------------------------------------
tns -266.20

==========================================================================
detailed place report_wns
--------------------------------------------------------------------------
wns -20.97

==========================================================================
detailed place report_worst_slack
--------------------------------------------------------------------------
worst slack -20.97

==========================================================================
detailed place report_checks -path_delay min
--------------------------------------------------------------------------
Startpoint: dpath.a_reg.out[11]$_DFFE_PP_
            (rising edge-triggered flip-flop clocked by core_clock)
Endpoint: dpath.a_reg.out[11]$_DFFE_PP_
          (rising edge-triggered flip-flop clocked by core_clock)
Path Group: core_clock
Path Type: min

Fanout     Cap    Slew   Delay    Time   Description
-----------------------------------------------------------------------------
                  0.00    0.00    0.00   clock core_clock (rise edge)
                          0.00    0.00   clock network delay (ideal)
                  0.00    0.00    0.00 ^ dpath.a_reg.out[11]$_DFFE_PP_/CLK (DFFHQNx1_ASAP7_75t_R)
     2    1.60   18.18   36.14   36.14 ^ dpath.a_reg.out[11]$_DFFE_PP_/QN (DFFHQNx1_ASAP7_75t_R)
                                         _043_ (net)
                 18.18    0.03   36.17 ^ _408_/A1 (AOI22x1_ASAP7_75t_R)
     1    0.60    8.74    7.24   43.41 v _408_/Y (AOI22x1_ASAP7_75t_R)
                                         _054_ (net)
                  8.74    0.01   43.41 v dpath.a_reg.out[11]$_DFFE_PP_/D (DFFHQNx1_ASAP7_75t_R)
                                 43.41   data arrival time

                  0.00    0.00    0.00   clock core_clock (rise edge)
                          0.00    0.00   clock network delay (ideal)
                          0.00    0.00   clock reconvergence pessimism
                                  0.00 ^ dpath.a_reg.out[11]$_DFFE_PP_/CLK (DFFHQNx1_ASAP7_75t_R)
                          8.40    8.40   library hold time
                                  8.40   data required time
-----------------------------------------------------------------------------
                                  8.40   data required time
                                -43.41   data arrival time
-----------------------------------------------------------------------------
                                 35.01   slack (MET)



==========================================================================
detailed place report_checks -path_delay max
--------------------------------------------------------------------------
Startpoint: dpath.b_reg.out[4]$_DFFE_PP_
            (rising edge-triggered flip-flop clocked by core_clock)
Endpoint: resp_msg[13] (output port clocked by core_clock)
Path Group: core_clock
Path Type: max

Fanout     Cap    Slew   Delay    Time   Description
-----------------------------------------------------------------------------
                  0.00    0.00    0.00   clock core_clock (rise edge)
                          0.00    0.00   clock network delay (ideal)
                  0.00    0.00    0.00 ^ dpath.b_reg.out[4]$_DFFE_PP_/CLK (DFFHQNx1_ASAP7_75t_R)
     4    3.53   28.44   41.99   41.99 v dpath.b_reg.out[4]$_DFFE_PP_/QN (DFFHQNx1_ASAP7_75t_R)
                                         _291_ (net)
                 28.44    0.12   42.11 v _572_/B (HAxp5_ASAP7_75t_R)
     5    3.74   76.56   68.15  110.26 v _572_/SN (HAxp5_ASAP7_75t_R)
                                         _022_ (net)
                 76.56    0.03  110.30 v _394_/B (OR3x1_ASAP7_75t_R)
     1    0.48    9.83   35.04  145.33 v _394_/Y (OR3x1_ASAP7_75t_R)
                                         _155_ (net)
                  9.83    0.00  145.34 v _395_/B (OA211x2_ASAP7_75t_R)
     3    2.66   14.33   29.49  174.83 v _395_/Y (OA211x2_ASAP7_75t_R)
                                         _156_ (net)
                 14.34    0.10  174.93 v _400_/A1 (OA21x2_ASAP7_75t_R)
     3    2.69   11.37   21.09  196.02 v _400_/Y (OA21x2_ASAP7_75t_R)
                                         _161_ (net)
                 11.37    0.16  196.18 v _402_/A2 (AO21x1_ASAP7_75t_R)
     3    2.52   16.06   20.23  216.41 v _402_/Y (AO21x1_ASAP7_75t_R)
                                         _163_ (net)
                 16.06    0.02  216.43 v _417_/A2 (AO32x1_ASAP7_75t_R)
     1    1.15   11.27   24.23  240.66 v _417_/Y (AO32x1_ASAP7_75t_R)
                                         _175_ (net)
                 11.27    0.02  240.68 v _418_/B (XOR2x2_ASAP7_75t_R)
     2    0.85    9.18   28.28  268.96 ^ _418_/Y (XOR2x2_ASAP7_75t_R)
                                         resp_msg[13] (net)
                  9.18    0.01  268.97 ^ resp_msg[13] (out)
                                268.97   data arrival time

                  0.00  310.00  310.00   clock core_clock (rise edge)
                          0.00  310.00   clock network delay (ideal)
                          0.00  310.00   clock reconvergence pessimism
                        -62.00  248.00   output external delay
                                248.00   data required time
-----------------------------------------------------------------------------
                                248.00   data required time
                               -268.97   data arrival time
-----------------------------------------------------------------------------
                                -20.97   slack (VIOLATED)



==========================================================================
detailed place report_checks -unconstrained
--------------------------------------------------------------------------
Startpoint: dpath.b_reg.out[4]$_DFFE_PP_
            (rising edge-triggered flip-flop clocked by core_clock)
Endpoint: resp_msg[13] (output port clocked by core_clock)
Path Group: core_clock
Path Type: max

Fanout     Cap    Slew   Delay    Time   Description
-----------------------------------------------------------------------------
                  0.00    0.00    0.00   clock core_clock (rise edge)
                          0.00    0.00   clock network delay (ideal)
                  0.00    0.00    0.00 ^ dpath.b_reg.out[4]$_DFFE_PP_/CLK (DFFHQNx1_ASAP7_75t_R)
     4    3.53   28.44   41.99   41.99 v dpath.b_reg.out[4]$_DFFE_PP_/QN (DFFHQNx1_ASAP7_75t_R)
                                         _291_ (net)
                 28.44    0.12   42.11 v _572_/B (HAxp5_ASAP7_75t_R)
     5    3.74   76.56   68.15  110.26 v _572_/SN (HAxp5_ASAP7_75t_R)
                                         _022_ (net)
                 76.56    0.03  110.30 v _394_/B (OR3x1_ASAP7_75t_R)
     1    0.48    9.83   35.04  145.33 v _394_/Y (OR3x1_ASAP7_75t_R)
                                         _155_ (net)
                  9.83    0.00  145.34 v _395_/B (OA211x2_ASAP7_75t_R)
     3    2.66   14.33   29.49  174.83 v _395_/Y (OA211x2_ASAP7_75t_R)
                                         _156_ (net)
                 14.34    0.10  174.93 v _400_/A1 (OA21x2_ASAP7_75t_R)
     3    2.69   11.37   21.09  196.02 v _400_/Y (OA21x2_ASAP7_75t_R)
                                         _161_ (net)
                 11.37    0.16  196.18 v _402_/A2 (AO21x1_ASAP7_75t_R)
     3    2.52   16.06   20.23  216.41 v _402_/Y (AO21x1_ASAP7_75t_R)
                                         _163_ (net)
                 16.06    0.02  216.43 v _417_/A2 (AO32x1_ASAP7_75t_R)
     1    1.15   11.27   24.23  240.66 v _417_/Y (AO32x1_ASAP7_75t_R)
                                         _175_ (net)
                 11.27    0.02  240.68 v _418_/B (XOR2x2_ASAP7_75t_R)
     2    0.85    9.18   28.28  268.96 ^ _418_/Y (XOR2x2_ASAP7_75t_R)
                                         resp_msg[13] (net)
                  9.18    0.01  268.97 ^ resp_msg[13] (out)
                                268.97   data arrival time

                  0.00  310.00  310.00   clock core_clock (rise edge)
                          0.00  310.00   clock network delay (ideal)
                          0.00  310.00   clock reconvergence pessimism
                        -62.00  248.00   output external delay
                                248.00   data required time
-----------------------------------------------------------------------------
                                248.00   data required time
                               -268.97   data arrival time
-----------------------------------------------------------------------------
                                -20.97   slack (VIOLATED)



==========================================================================
detailed place report_check_types -max_slew -max_cap -max_fanout -violators
--------------------------------------------------------------------------

==========================================================================
detailed place max_slew_check_slack
--------------------------------------------------------------------------
232.9300994873047

==========================================================================
detailed place max_slew_check_limit
--------------------------------------------------------------------------
320.0

==========================================================================
detailed place max_slew_check_slack_limit
--------------------------------------------------------------------------
0.7279

==========================================================================
detailed place max_fanout_check_slack
--------------------------------------------------------------------------
1.0000000150474662e+30

==========================================================================
detailed place max_fanout_check_limit
--------------------------------------------------------------------------
1.0000000150474662e+30

==========================================================================
detailed place max_capacitance_check_slack
--------------------------------------------------------------------------
18.737957000732422

==========================================================================
detailed place max_capacitance_check_limit
--------------------------------------------------------------------------
23.040000915527344

==========================================================================
detailed place max_capacitance_check_slack_limit
--------------------------------------------------------------------------
0.8133

==========================================================================
detailed place max_slew_violation_count
--------------------------------------------------------------------------
max slew violation count 0

==========================================================================
detailed place max_fanout_violation_count
--------------------------------------------------------------------------
max fanout violation count 0

==========================================================================
detailed place max_cap_violation_count
--------------------------------------------------------------------------
max cap violation count 0

==========================================================================
detailed place setup_violation_count
--------------------------------------------------------------------------
setup violation count 34

==========================================================================
detailed place hold_violation_count
--------------------------------------------------------------------------
hold violation count 0

==========================================================================
detailed place report_checks -path_delay max reg to reg
--------------------------------------------------------------------------
Startpoint: dpath.b_reg.out[7]$_DFFE_PP_
            (rising edge-triggered flip-flop clocked by core_clock)
Endpoint: dpath.a_reg.out[1]$_DFFE_PP_
          (rising edge-triggered flip-flop clocked by core_clock)
Path Group: core_clock
Path Type: max

  Delay    Time   Description
---------------------------------------------------------
   0.00    0.00   clock core_clock (rise edge)
   0.00    0.00   clock network delay (ideal)
   0.00    0.00 ^ dpath.b_reg.out[7]$_DFFE_PP_/CLK (DFFHQNx1_ASAP7_75t_R)
  42.36   42.36 v dpath.b_reg.out[7]$_DFFE_PP_/QN (DFFHQNx1_ASAP7_75t_R)
  67.31  109.67 v _569_/SN (HAxp5_ASAP7_75t_R)
  37.84  147.51 v _303_/Y (OA211x2_ASAP7_75t_R)
  17.76  165.28 v _305_/Y (OA21x2_ASAP7_75t_R)
  20.42  185.70 v _306_/Y (OR2x2_ASAP7_75t_R)
  20.14  205.84 v _368_/Y (AO21x1_ASAP7_75t_R)
  17.17  223.01 v _370_/Y (AND3x1_ASAP7_75t_R)
  26.38  249.39 ^ _372_/Y (OAI21x1_ASAP7_75t_R)
  25.85  275.24 ^ _444_/Y (BUFx6f_ASAP7_75t_R)
  10.55  285.79 v _445_/Y (NOR2x1_ASAP7_75t_R)
  25.61  311.40 v _446_/Y (OA33x2_ASAP7_75t_R)
   0.01  311.41 v dpath.a_reg.out[1]$_DFFE_PP_/D (DFFHQNx1_ASAP7_75t_R)
         311.41   data arrival time

 310.00  310.00   clock core_clock (rise edge)
   0.00  310.00   clock network delay (ideal)
   0.00  310.00   clock reconvergence pessimism
         310.00 ^ dpath.a_reg.out[1]$_DFFE_PP_/CLK (DFFHQNx1_ASAP7_75t_R)
 -10.87  299.13   library setup time
         299.13   data required time
---------------------------------------------------------
         299.13   data required time
        -311.41   data arrival time
---------------------------------------------------------
         -12.28   slack (VIOLATED)



==========================================================================
detailed place report_checks -path_delay min reg to reg
--------------------------------------------------------------------------
Startpoint: dpath.a_reg.out[11]$_DFFE_PP_
            (rising edge-triggered flip-flop clocked by core_clock)
Endpoint: dpath.a_reg.out[11]$_DFFE_PP_
          (rising edge-triggered flip-flop clocked by core_clock)
Path Group: core_clock
Path Type: min

  Delay    Time   Description
---------------------------------------------------------
   0.00    0.00   clock core_clock (rise edge)
   0.00    0.00   clock network delay (ideal)
   0.00    0.00 ^ dpath.a_reg.out[11]$_DFFE_PP_/CLK (DFFHQNx1_ASAP7_75t_R)
  36.14   36.14 ^ dpath.a_reg.out[11]$_DFFE_PP_/QN (DFFHQNx1_ASAP7_75t_R)
   7.27   43.41 v _408_/Y (AOI22x1_ASAP7_75t_R)
   0.01   43.41 v dpath.a_reg.out[11]$_DFFE_PP_/D (DFFHQNx1_ASAP7_75t_R)
          43.41   data arrival time

   0.00    0.00   clock core_clock (rise edge)
   0.00    0.00   clock network delay (ideal)
   0.00    0.00   clock reconvergence pessimism
           0.00 ^ dpath.a_reg.out[11]$_DFFE_PP_/CLK (DFFHQNx1_ASAP7_75t_R)
   8.40    8.40   library hold time
           8.40   data required time
---------------------------------------------------------
           8.40   data required time
         -43.41   data arrival time
---------------------------------------------------------
          35.01   slack (MET)



==========================================================================
detailed place critical path target clock latency max path
--------------------------------------------------------------------------
0.0000

==========================================================================
detailed place critical path target clock latency min path
--------------------------------------------------------------------------
0.0000

==========================================================================
detailed place critical path source clock latency min path
--------------------------------------------------------------------------
0.0000

==========================================================================
detailed place critical path delay
--------------------------------------------------------------------------
268.9700

==========================================================================
detailed place critical path slack
--------------------------------------------------------------------------
-20.9700

==========================================================================
detailed place slack div critical path delay
--------------------------------------------------------------------------
-7.796409

==========================================================================
detailed place report_power
--------------------------------------------------------------------------
Group                  Internal  Switching    Leakage      Total
                          Power      Power      Power      Power (Watts)
----------------------------------------------------------------
Sequential             2.11e-04   2.35e-05   5.34e-09   2.35e-04  42.0%
Combinational          1.70e-04   1.54e-04   2.17e-08   3.24e-04  58.0%
Clock                  0.00e+00   0.00e+00   0.00e+00   0.00e+00   0.0%
Macro                  0.00e+00   0.00e+00   0.00e+00   0.00e+00   0.0%
Pad                    0.00e+00   0.00e+00   0.00e+00   0.00e+00   0.0%
----------------------------------------------------------------
Total                  3.81e-04   1.78e-04   2.70e-08   5.59e-04 100.0%
                          68.2%      31.8%       0.0%
