
==========================================================================
detailed place report_tns
--------------------------------------------------------------------------
tns -40120.17

==========================================================================
detailed place report_wns
--------------------------------------------------------------------------
wns -229.26

==========================================================================
detailed place report_worst_slack
--------------------------------------------------------------------------
worst slack -229.26

==========================================================================
detailed place report_checks -path_delay min
--------------------------------------------------------------------------
Startpoint: rst_ni (input port clocked by core_clock)
Endpoint: cs_registers_i.minstret_counter_i.counter_q[60]$_DFFE_PN0P_
          (removal check against rising-edge clock core_clock)
Path Group: asynchronous
Path Type: min

Fanout     Cap    Slew   Delay    Time   Description
-----------------------------------------------------------------------------
                  0.00    0.00    0.00   clock core_clock (rise edge)
                          0.00    0.00   clock network delay (ideal)
                        252.00  252.00 ^ input external delay
    67   73.07    0.00    0.00  252.00 ^ rst_ni (in)
                                         rst_ni (net)
                 46.16   14.56  266.56 ^ cs_registers_i.minstret_counter_i.counter_q[60]$_DFFE_PN0P_/SETN (DFFASRHQNx1_ASAP7_75t_R)
                                266.56   data arrival time

                  0.00    0.00    0.00   clock core_clock (rise edge)
                          0.00    0.00   clock network delay (ideal)
                          0.00    0.00   clock reconvergence pessimism
                                  0.00 ^ cs_registers_i.minstret_counter_i.counter_q[60]$_DFFE_PN0P_/CLK (DFFASRHQNx1_ASAP7_75t_R)
                         11.02   11.02   library removal time
                                 11.02   data required time
-----------------------------------------------------------------------------
                                 11.02   data required time
                               -266.56   data arrival time
-----------------------------------------------------------------------------
                                255.55   slack (MET)


Startpoint: core_clock_gate_i.en_latch$_DLATCH_N_
            (negative level-sensitive latch clocked by core_clock)
Endpoint: _35046_ (rising clock gating-check end-point clocked by core_clock)
Path Group: gated clock
Path Type: min

Fanout     Cap    Slew   Delay    Time   Description
-----------------------------------------------------------------------------
                  0.00  630.00  630.00   clock core_clock (fall edge)
                          0.00  630.00   clock network delay (ideal)
                  0.00    0.00  630.00 v core_clock_gate_i.en_latch$_DLATCH_N_/CLK (DLLx1_ASAP7_75t_R)
     1    0.33    6.25   17.30  647.30 ^ core_clock_gate_i.en_latch$_DLATCH_N_/Q (DLLx1_ASAP7_75t_R)
                                         core_clock_gate_i.en_latch (net)
                  6.25    0.00  647.30 ^ _35046_/B (AND2x2_ASAP7_75t_R)
                                647.30   data arrival time

                  0.00  630.00  630.00   clock core_clock (fall edge)
                          0.00  630.00   clock network delay (ideal)
                          0.00  630.00   clock reconvergence pessimism
                                630.00 v _35046_/A (AND2x2_ASAP7_75t_R)
                          0.00  630.00   clock gating hold time
                                630.00   data required time
-----------------------------------------------------------------------------
                                630.00   data required time
                               -647.30   data arrival time
-----------------------------------------------------------------------------
                                 17.30   slack (MET)


Startpoint: gen_regfile_ff.register_file_i.rf_reg_q[680]$_DFFE_PN0P_
            (rising edge-triggered flip-flop clocked by core_clock)
Endpoint: gen_regfile_ff.register_file_i.rf_reg_q[680]$_DFFE_PN0P_
          (rising edge-triggered flip-flop clocked by core_clock)
Path Group: core_clock
Path Type: min

Fanout     Cap    Slew   Delay    Time   Description
-----------------------------------------------------------------------------
                  0.00    0.00    0.00   clock core_clock (rise edge)
                          0.00    0.00   clock network delay (ideal)
                  0.00    0.00    0.00 ^ gen_regfile_ff.register_file_i.rf_reg_q[680]$_DFFE_PN0P_/CLK (DFFASRHQNx1_ASAP7_75t_R)
     2    1.58   19.18   39.52   39.52 ^ gen_regfile_ff.register_file_i.rf_reg_q[680]$_DFFE_PN0P_/QN (DFFASRHQNx1_ASAP7_75t_R)
                                         _00683_ (net)
                 19.18    0.01   39.53 ^ _31173_/A1 (OAI21x1_ASAP7_75t_R)
     1    0.72    6.34    7.49   47.02 v _31173_/Y (OAI21x1_ASAP7_75t_R)
                                         _03502_ (net)
                  6.34    0.02   47.04 v gen_regfile_ff.register_file_i.rf_reg_q[680]$_DFFE_PN0P_/D (DFFASRHQNx1_ASAP7_75t_R)
                                 47.04   data arrival time

                  0.00    0.00    0.00   clock core_clock (rise edge)
                          0.00    0.00   clock network delay (ideal)
                          0.00    0.00   clock reconvergence pessimism
                                  0.00 ^ gen_regfile_ff.register_file_i.rf_reg_q[680]$_DFFE_PN0P_/CLK (DFFASRHQNx1_ASAP7_75t_R)
                          9.26    9.26   library hold time
                                  9.26   data required time
-----------------------------------------------------------------------------
                                  9.26   data required time
                                -47.04   data arrival time
-----------------------------------------------------------------------------
                                 37.78   slack (MET)



==========================================================================
detailed place report_checks -path_delay max
--------------------------------------------------------------------------
Startpoint: rst_ni (input port clocked by core_clock)
Endpoint: gen_regfile_ff.register_file_i.rf_reg_q[71]$_DFFE_PN0P_
          (recovery check against rising-edge clock core_clock)
Path Group: asynchronous
Path Type: max

Fanout     Cap    Slew   Delay    Time   Description
-----------------------------------------------------------------------------
                  0.00    0.00    0.00   clock core_clock (rise edge)
                          0.00    0.00   clock network delay (ideal)
                        252.00  252.00 ^ input external delay
    67   91.14    0.00    0.00  252.00 ^ rst_ni (in)
                                         rst_ni (net)
                 99.25   31.31  283.31 ^ load_slew49/A (BUFx16f_ASAP7_75t_R)
    50   66.54   41.30   36.49  319.80 ^ load_slew49/Y (BUFx16f_ASAP7_75t_R)
                                         net71 (net)
                 48.19    8.55  328.34 ^ load_slew48/A (BUFx24_ASAP7_75t_R)
    84  115.92   50.42   33.59  361.94 ^ load_slew48/Y (BUFx24_ASAP7_75t_R)
                                         net70 (net)
                147.39   45.48  407.42 ^ load_slew41/A (BUFx16f_ASAP7_75t_R)
    74  105.40   60.57   43.84  451.26 ^ load_slew41/Y (BUFx16f_ASAP7_75t_R)
                                         net63 (net)
                 63.37    7.01  458.27 ^ load_slew39/A (BUFx16f_ASAP7_75t_R)
    68   90.04   52.01   40.75  499.01 ^ load_slew39/Y (BUFx16f_ASAP7_75t_R)
                                         net61 (net)
                 52.01    0.05  499.06 ^ load_slew38/A (BUFx24_ASAP7_75t_R)
    84  112.85   49.84   32.92  531.98 ^ load_slew38/Y (BUFx24_ASAP7_75t_R)
                                         net60 (net)
                129.25   38.66  570.64 ^ load_slew37/A (BUFx24_ASAP7_75t_R)
    88  112.94   56.22   46.84  617.48 ^ load_slew37/Y (BUFx24_ASAP7_75t_R)
                                         net59 (net)
                102.84   28.47  645.96 ^ gen_regfile_ff.register_file_i.rf_reg_q[71]$_DFFE_PN0P_/SETN (DFFASRHQNx1_ASAP7_75t_R)
                                645.96   data arrival time

                  0.00 1260.00 1260.00   clock core_clock (rise edge)
                          0.00 1260.00   clock network delay (ideal)
                          0.00 1260.00   clock reconvergence pessimism
                               1260.00 ^ gen_regfile_ff.register_file_i.rf_reg_q[71]$_DFFE_PN0P_/CLK (DFFASRHQNx1_ASAP7_75t_R)
                         -9.79 1250.21   library recovery time
                               1250.21   data required time
-----------------------------------------------------------------------------
                               1250.21   data required time
                               -645.96   data arrival time
-----------------------------------------------------------------------------
                                604.25   slack (MET)


Startpoint: core_clock_gate_i.en_latch$_DLATCH_N_
            (negative level-sensitive latch clocked by core_clock)
Endpoint: _35046_ (rising clock gating-check end-point clocked by core_clock)
Path Group: gated clock
Path Type: max

Fanout     Cap    Slew   Delay    Time   Description
-----------------------------------------------------------------------------
                  0.00  630.00  630.00   clock core_clock (fall edge)
                          0.00  630.00   clock network delay (ideal)
                  0.00    0.00  630.00 v core_clock_gate_i.en_latch$_DLATCH_N_/CLK (DLLx1_ASAP7_75t_R)
     1    0.58    7.58   27.19  657.19 v core_clock_gate_i.en_latch$_DLATCH_N_/Q (DLLx1_ASAP7_75t_R)
                                         core_clock_gate_i.en_latch (net)
                  7.58    0.00  657.20 v _35046_/B (AND2x2_ASAP7_75t_R)
                                657.20   data arrival time

                  0.00 1260.00 1260.00   clock core_clock (rise edge)
                          0.00 1260.00   clock network delay (ideal)
                          0.00 1260.00   clock reconvergence pessimism
                               1260.00 ^ _35046_/A (AND2x2_ASAP7_75t_R)
                          0.00 1260.00   clock gating setup time
                               1260.00   data required time
-----------------------------------------------------------------------------
                               1260.00   data required time
                               -657.20   data arrival time
-----------------------------------------------------------------------------
                                602.80   slack (MET)


Startpoint: if_stage_i.instr_rdata_alu_id_o[21]$_DFFE_PN_
            (rising edge-triggered flip-flop clocked by core_clock)
Endpoint: gen_regfile_ff.register_file_i.rf_reg_q[607]$_DFFE_PN0P_
          (rising edge-triggered flip-flop clocked by core_clock)
Path Group: core_clock
Path Type: max

Fanout     Cap    Slew   Delay    Time   Description
-----------------------------------------------------------------------------
                  0.00    0.00    0.00   clock core_clock (rise edge)
                          0.00    0.00   clock network delay (ideal)
                  0.00    0.00    0.00 ^ if_stage_i.instr_rdata_alu_id_o[21]$_DFFE_PN_/CLK (DFFHQNx2_ASAP7_75t_R)
     5    7.56   34.59   51.66   51.66 v if_stage_i.instr_rdata_alu_id_o[21]$_DFFE_PN_/QN (DFFHQNx2_ASAP7_75t_R)
                                         _01552_ (net)
                 34.59    0.06   51.71 v _19184_/A (BUFx6f_ASAP7_75t_R)
     5    8.12   11.25   22.50   74.22 v _19184_/Y (BUFx6f_ASAP7_75t_R)
                                         _13455_ (net)
                 11.25    0.02   74.24 v _19185_/A (BUFx12f_ASAP7_75t_R)
    11   11.81   10.10   15.50   89.74 v _19185_/Y (BUFx12f_ASAP7_75t_R)
                                         _13456_ (net)
                 11.20    1.75   91.49 v _19186_/A (BUFx6f_ASAP7_75t_R)
     6    9.01   12.43   16.17  107.65 v _19186_/Y (BUFx6f_ASAP7_75t_R)
                                         _13457_ (net)
                 13.31    1.76  109.41 v _19187_/A (BUFx12f_ASAP7_75t_R)
     6   14.36   11.81   15.62  125.02 v _19187_/Y (BUFx12f_ASAP7_75t_R)
                                         _13458_ (net)
                 18.92    4.80  129.82 v _21306_/A (BUFx12f_ASAP7_75t_R)
     6    9.52    8.66   17.66  147.48 v _21306_/Y (BUFx12f_ASAP7_75t_R)
                                         _15503_ (net)
                  8.67    0.11  147.60 v _21307_/A (BUFx6f_ASAP7_75t_R)
     5    8.13   10.48   15.64  163.23 v _21307_/Y (BUFx6f_ASAP7_75t_R)
                                         _15504_ (net)
                 10.48    0.05  163.28 v _21896_/A (BUFx12f_ASAP7_75t_R)
    10    9.20    8.58   14.83  178.11 v _21896_/Y (BUFx12f_ASAP7_75t_R)
                                         _16079_ (net)
                  8.68    0.52  178.63 v _22124_/A1 (OA211x2_ASAP7_75t_R)
     1    0.73    9.31   21.73  200.36 v _22124_/Y (OA211x2_ASAP7_75t_R)
                                         _16299_ (net)
                  9.31    0.02  200.37 v _22125_/C (OR3x1_ASAP7_75t_R)
     1    1.52   14.33   27.25  227.62 v _22125_/Y (OR3x1_ASAP7_75t_R)
                                         _16300_ (net)
                 14.34    0.20  227.82 v _22126_/B (OA211x2_ASAP7_75t_R)
     1    0.66    9.16   26.95  254.78 v _22126_/Y (OA211x2_ASAP7_75t_R)
                                         _16301_ (net)
                  9.16    0.00  254.78 v _22145_/C (OR3x4_ASAP7_75t_R)
     2    3.73   18.16   42.68  297.46 v _22145_/Y (OR3x4_ASAP7_75t_R)
                                         _16320_ (net)
                 18.36    1.03  298.49 v _22179_/B (AND2x4_ASAP7_75t_R)
     6    5.52   12.10   22.00  320.49 v _22179_/Y (AND2x4_ASAP7_75t_R)
                                         _16354_ (net)
                 12.17    0.53  321.02 v _24175_/A2 (AO21x2_ASAP7_75t_R)
     8    7.85   25.51   27.04  348.06 v _24175_/Y (AO21x2_ASAP7_75t_R)
                                         _05187_ (net)
                 25.99    1.94  349.99 v _24418_/B (NAND2x2_ASAP7_75t_R)
     2    3.14   18.32   16.63  366.62 ^ _24418_/Y (NAND2x2_ASAP7_75t_R)
                                         _17865_ (net)
                 18.32    0.09  366.71 ^ _24419_/A (INVx2_ASAP7_75t_R)
     2    3.74   13.69   10.70  377.41 v _24419_/Y (INVx2_ASAP7_75t_R)
                                         _17820_ (net)
                 13.69    0.04  377.45 v _35401_/A (FAx1_ASAP7_75t_R)
     8   17.39  261.33  120.27  497.72 ^ _35401_/CON (FAx1_ASAP7_75t_R)
                                         _17962_ (net)
     4    7.91  184.28   93.12  590.84 v _35401_/SN (FAx1_ASAP7_75t_R)
                                         _17914_ (net)
                184.30    0.88  591.73 v _35040_/A (INVx2_ASAP7_75t_R)
     2    3.78   42.13   32.68  624.41 ^ _35040_/Y (INVx2_ASAP7_75t_R)
                                         _17913_ (net)
                 42.13    0.03  624.44 ^ _35461_/CI (FAx1_ASAP7_75t_R)
     7   12.36  196.26  210.37  834.81 v _35461_/SN (FAx1_ASAP7_75t_R)
                                         _18080_ (net)
                196.26    0.26  835.07 v _35462_/A (FAx1_ASAP7_75t_R)
     1    2.29   76.32   60.89  895.96 ^ _35462_/CON (FAx1_ASAP7_75t_R)
                                         _18122_ (net)
     1    0.74   56.98   20.35  916.32 v _35462_/SN (FAx1_ASAP7_75t_R)
                                         _18479_ (net)
                 56.98    0.01  916.32 v _34879_/A (INVx1_ASAP7_75t_R)
     1    2.08   25.79   20.74  937.06 ^ _34879_/Y (INVx1_ASAP7_75t_R)
                                         _18081_ (net)
                 25.79    0.03  937.10 ^ _35463_/A (FAx1_ASAP7_75t_R)
     1    0.76   23.99   37.48  974.58 v _35463_/SN (FAx1_ASAP7_75t_R)
                                         _18480_ (net)
                 23.99    0.01  974.59 v _34816_/A (INVx1_ASAP7_75t_R)
     1    1.82   16.98   13.55  988.14 ^ _34816_/Y (INVx1_ASAP7_75t_R)
                                         _18083_ (net)
                 16.98    0.07  988.21 ^ _35467_/CI (FAx1_ASAP7_75t_R)
     1    0.75   26.51   34.42 1022.63 v _35467_/SN (FAx1_ASAP7_75t_R)
                                         _18484_ (net)
                 26.51    0.01 1022.64 v _34856_/A (INVx1_ASAP7_75t_R)
     1    2.28   20.08   15.71 1038.35 ^ _34856_/Y (INVx1_ASAP7_75t_R)
                                         _18092_ (net)
                 20.08    0.04 1038.39 ^ _35468_/B (FAx1_ASAP7_75t_R)
     1    1.20   33.36   42.09 1080.48 v _35468_/SN (FAx1_ASAP7_75t_R)
                                         _18486_ (net)
                 33.36    0.04 1080.52 v _35578_/B (HAxp5_ASAP7_75t_R)
     4    3.81   78.19   70.87 1151.39 v _35578_/SN (HAxp5_ASAP7_75t_R)
                                         _00252_ (net)
                 78.19    0.01 1151.40 v _29453_/B (AO21x1_ASAP7_75t_R)
     1    0.68    8.50   25.87 1177.26 v _29453_/Y (AO21x1_ASAP7_75t_R)
                                         _09481_ (net)
                  8.50    0.01 1177.27 v _29454_/A2 (AO21x1_ASAP7_75t_R)
     2    1.30   10.81   16.20 1193.47 v _29454_/Y (AO21x1_ASAP7_75t_R)
                                         _09482_ (net)
                 10.81    0.03 1193.50 v _29488_/A2 (AO21x1_ASAP7_75t_R)
     1    0.67    8.02   14.97 1208.46 v _29488_/Y (AO21x1_ASAP7_75t_R)
                                         _09514_ (net)
                  8.02    0.00 1208.47 v _29489_/A2 (AO21x1_ASAP7_75t_R)
     2    1.23   10.68   15.89 1224.36 v _29489_/Y (AO21x1_ASAP7_75t_R)
                                         _09515_ (net)
                 10.68    0.02 1224.37 v _29532_/A2 (AO21x1_ASAP7_75t_R)
     1    0.65    7.93   14.85 1239.22 v _29532_/Y (AO21x1_ASAP7_75t_R)
                                         _09557_ (net)
                  7.94    0.02 1239.24 v _29536_/A2 (AO221x1_ASAP7_75t_R)
     2    2.41   17.64   27.12 1266.36 v _29536_/Y (AO221x1_ASAP7_75t_R)
                                         _09561_ (net)
                 17.64    0.05 1266.41 v _29607_/A1 (OA21x2_ASAP7_75t_R)
     4    4.77   17.24   24.65 1291.05 v _29607_/Y (OA21x2_ASAP7_75t_R)
                                         _09630_ (net)
                 17.31    0.61 1291.67 v _29608_/D (OR4x1_ASAP7_75t_R)
     1    0.61   12.50   32.26 1323.92 v _29608_/Y (OR4x1_ASAP7_75t_R)
                                         _09631_ (net)
                 12.50    0.00 1323.93 v _29613_/B (AND4x2_ASAP7_75t_R)
     2    3.93   15.21   20.51 1344.44 v _29613_/Y (AND4x2_ASAP7_75t_R)
                                         _09636_ (net)
                 15.51    1.18 1345.62 v _29616_/B (OR5x1_ASAP7_75t_R)
     1    1.19   16.02   37.80 1383.42 v _29616_/Y (OR5x1_ASAP7_75t_R)
                                         _09639_ (net)
                 16.02    0.03 1383.45 v _29617_/C (AOI211x1_ASAP7_75t_R)
     1    0.69   15.07   11.27 1394.72 ^ _29617_/Y (AOI211x1_ASAP7_75t_R)
                                         _09640_ (net)
                 15.07    0.00 1394.73 ^ _29620_/A2 (OA21x2_ASAP7_75t_R)
     1    5.00   20.44   23.00 1417.73 ^ _29620_/Y (OA21x2_ASAP7_75t_R)
                                         _09643_ (net)
                 21.00    1.85 1419.58 ^ _29624_/B (NOR2x2_ASAP7_75t_R)
     7    9.57   34.63   20.65 1440.23 v _29624_/Y (NOR2x2_ASAP7_75t_R)
                                         _09647_ (net)
                 36.07    3.82 1444.04 v _30626_/A (BUFx3_ASAP7_75t_R)
     5    4.09   11.27   23.38 1467.43 v _30626_/Y (BUFx3_ASAP7_75t_R)
                                         _10259_ (net)
                 11.29    0.27 1467.70 v _30976_/A1 (AO21x1_ASAP7_75t_R)
     1    0.71    7.19   16.10 1483.80 v _30976_/Y (AO21x1_ASAP7_75t_R)
                                         _03421_ (net)
                  7.19    0.01 1483.81 v gen_regfile_ff.register_file_i.rf_reg_q[607]$_DFFE_PN0P_/D (DFFASRHQNx1_ASAP7_75t_R)
                               1483.81   data arrival time

                  0.00 1260.00 1260.00   clock core_clock (rise edge)
                          0.00 1260.00   clock network delay (ideal)
                          0.00 1260.00   clock reconvergence pessimism
                               1260.00 ^ gen_regfile_ff.register_file_i.rf_reg_q[607]$_DFFE_PN0P_/CLK (DFFASRHQNx1_ASAP7_75t_R)
                         -5.45 1254.55   library setup time
                               1254.55   data required time
-----------------------------------------------------------------------------
                               1254.55   data required time
                               -1483.81   data arrival time
-----------------------------------------------------------------------------
                               -229.26   slack (VIOLATED)



==========================================================================
detailed place report_checks -unconstrained
--------------------------------------------------------------------------
Startpoint: rst_ni (input port clocked by core_clock)
Endpoint: gen_regfile_ff.register_file_i.rf_reg_q[71]$_DFFE_PN0P_
          (recovery check against rising-edge clock core_clock)
Path Group: asynchronous
Path Type: max

Fanout     Cap    Slew   Delay    Time   Description
-----------------------------------------------------------------------------
                  0.00    0.00    0.00   clock core_clock (rise edge)
                          0.00    0.00   clock network delay (ideal)
                        252.00  252.00 ^ input external delay
    67   91.14    0.00    0.00  252.00 ^ rst_ni (in)
                                         rst_ni (net)
                 99.25   31.31  283.31 ^ load_slew49/A (BUFx16f_ASAP7_75t_R)
    50   66.54   41.30   36.49  319.80 ^ load_slew49/Y (BUFx16f_ASAP7_75t_R)
                                         net71 (net)
                 48.19    8.55  328.34 ^ load_slew48/A (BUFx24_ASAP7_75t_R)
    84  115.92   50.42   33.59  361.94 ^ load_slew48/Y (BUFx24_ASAP7_75t_R)
                                         net70 (net)
                147.39   45.48  407.42 ^ load_slew41/A (BUFx16f_ASAP7_75t_R)
    74  105.40   60.57   43.84  451.26 ^ load_slew41/Y (BUFx16f_ASAP7_75t_R)
                                         net63 (net)
                 63.37    7.01  458.27 ^ load_slew39/A (BUFx16f_ASAP7_75t_R)
    68   90.04   52.01   40.75  499.01 ^ load_slew39/Y (BUFx16f_ASAP7_75t_R)
                                         net61 (net)
                 52.01    0.05  499.06 ^ load_slew38/A (BUFx24_ASAP7_75t_R)
    84  112.85   49.84   32.92  531.98 ^ load_slew38/Y (BUFx24_ASAP7_75t_R)
                                         net60 (net)
                129.25   38.66  570.64 ^ load_slew37/A (BUFx24_ASAP7_75t_R)
    88  112.94   56.22   46.84  617.48 ^ load_slew37/Y (BUFx24_ASAP7_75t_R)
                                         net59 (net)
                102.84   28.47  645.96 ^ gen_regfile_ff.register_file_i.rf_reg_q[71]$_DFFE_PN0P_/SETN (DFFASRHQNx1_ASAP7_75t_R)
                                645.96   data arrival time

                  0.00 1260.00 1260.00   clock core_clock (rise edge)
                          0.00 1260.00   clock network delay (ideal)
                          0.00 1260.00   clock reconvergence pessimism
                               1260.00 ^ gen_regfile_ff.register_file_i.rf_reg_q[71]$_DFFE_PN0P_/CLK (DFFASRHQNx1_ASAP7_75t_R)
                         -9.79 1250.21   library recovery time
                               1250.21   data required time
-----------------------------------------------------------------------------
                               1250.21   data required time
                               -645.96   data arrival time
-----------------------------------------------------------------------------
                                604.25   slack (MET)


Startpoint: core_clock_gate_i.en_latch$_DLATCH_N_
            (negative level-sensitive latch clocked by core_clock)
Endpoint: _35046_ (rising clock gating-check end-point clocked by core_clock)
Path Group: gated clock
Path Type: max

Fanout     Cap    Slew   Delay    Time   Description
-----------------------------------------------------------------------------
                  0.00  630.00  630.00   clock core_clock (fall edge)
                          0.00  630.00   clock network delay (ideal)
                  0.00    0.00  630.00 v core_clock_gate_i.en_latch$_DLATCH_N_/CLK (DLLx1_ASAP7_75t_R)
     1    0.58    7.58   27.19  657.19 v core_clock_gate_i.en_latch$_DLATCH_N_/Q (DLLx1_ASAP7_75t_R)
                                         core_clock_gate_i.en_latch (net)
                  7.58    0.00  657.20 v _35046_/B (AND2x2_ASAP7_75t_R)
                                657.20   data arrival time

                  0.00 1260.00 1260.00   clock core_clock (rise edge)
                          0.00 1260.00   clock network delay (ideal)
                          0.00 1260.00   clock reconvergence pessimism
                               1260.00 ^ _35046_/A (AND2x2_ASAP7_75t_R)
                          0.00 1260.00   clock gating setup time
                               1260.00   data required time
-----------------------------------------------------------------------------
                               1260.00   data required time
                               -657.20   data arrival time
-----------------------------------------------------------------------------
                                602.80   slack (MET)


Startpoint: if_stage_i.instr_rdata_alu_id_o[21]$_DFFE_PN_
            (rising edge-triggered flip-flop clocked by core_clock)
Endpoint: gen_regfile_ff.register_file_i.rf_reg_q[607]$_DFFE_PN0P_
          (rising edge-triggered flip-flop clocked by core_clock)
Path Group: core_clock
Path Type: max

Fanout     Cap    Slew   Delay    Time   Description
-----------------------------------------------------------------------------
                  0.00    0.00    0.00   clock core_clock (rise edge)
                          0.00    0.00   clock network delay (ideal)
                  0.00    0.00    0.00 ^ if_stage_i.instr_rdata_alu_id_o[21]$_DFFE_PN_/CLK (DFFHQNx2_ASAP7_75t_R)
     5    7.56   34.59   51.66   51.66 v if_stage_i.instr_rdata_alu_id_o[21]$_DFFE_PN_/QN (DFFHQNx2_ASAP7_75t_R)
                                         _01552_ (net)
                 34.59    0.06   51.71 v _19184_/A (BUFx6f_ASAP7_75t_R)
     5    8.12   11.25   22.50   74.22 v _19184_/Y (BUFx6f_ASAP7_75t_R)
                                         _13455_ (net)
                 11.25    0.02   74.24 v _19185_/A (BUFx12f_ASAP7_75t_R)
    11   11.81   10.10   15.50   89.74 v _19185_/Y (BUFx12f_ASAP7_75t_R)
                                         _13456_ (net)
                 11.20    1.75   91.49 v _19186_/A (BUFx6f_ASAP7_75t_R)
     6    9.01   12.43   16.17  107.65 v _19186_/Y (BUFx6f_ASAP7_75t_R)
                                         _13457_ (net)
                 13.31    1.76  109.41 v _19187_/A (BUFx12f_ASAP7_75t_R)
     6   14.36   11.81   15.62  125.02 v _19187_/Y (BUFx12f_ASAP7_75t_R)
                                         _13458_ (net)
                 18.92    4.80  129.82 v _21306_/A (BUFx12f_ASAP7_75t_R)
     6    9.52    8.66   17.66  147.48 v _21306_/Y (BUFx12f_ASAP7_75t_R)
                                         _15503_ (net)
                  8.67    0.11  147.60 v _21307_/A (BUFx6f_ASAP7_75t_R)
     5    8.13   10.48   15.64  163.23 v _21307_/Y (BUFx6f_ASAP7_75t_R)
                                         _15504_ (net)
                 10.48    0.05  163.28 v _21896_/A (BUFx12f_ASAP7_75t_R)
    10    9.20    8.58   14.83  178.11 v _21896_/Y (BUFx12f_ASAP7_75t_R)
                                         _16079_ (net)
                  8.68    0.52  178.63 v _22124_/A1 (OA211x2_ASAP7_75t_R)
     1    0.73    9.31   21.73  200.36 v _22124_/Y (OA211x2_ASAP7_75t_R)
                                         _16299_ (net)
                  9.31    0.02  200.37 v _22125_/C (OR3x1_ASAP7_75t_R)
     1    1.52   14.33   27.25  227.62 v _22125_/Y (OR3x1_ASAP7_75t_R)
                                         _16300_ (net)
                 14.34    0.20  227.82 v _22126_/B (OA211x2_ASAP7_75t_R)
     1    0.66    9.16   26.95  254.78 v _22126_/Y (OA211x2_ASAP7_75t_R)
                                         _16301_ (net)
                  9.16    0.00  254.78 v _22145_/C (OR3x4_ASAP7_75t_R)
     2    3.73   18.16   42.68  297.46 v _22145_/Y (OR3x4_ASAP7_75t_R)
                                         _16320_ (net)
                 18.36    1.03  298.49 v _22179_/B (AND2x4_ASAP7_75t_R)
     6    5.52   12.10   22.00  320.49 v _22179_/Y (AND2x4_ASAP7_75t_R)
                                         _16354_ (net)
                 12.17    0.53  321.02 v _24175_/A2 (AO21x2_ASAP7_75t_R)
     8    7.85   25.51   27.04  348.06 v _24175_/Y (AO21x2_ASAP7_75t_R)
                                         _05187_ (net)
                 25.99    1.94  349.99 v _24418_/B (NAND2x2_ASAP7_75t_R)
     2    3.14   18.32   16.63  366.62 ^ _24418_/Y (NAND2x2_ASAP7_75t_R)
                                         _17865_ (net)
                 18.32    0.09  366.71 ^ _24419_/A (INVx2_ASAP7_75t_R)
     2    3.74   13.69   10.70  377.41 v _24419_/Y (INVx2_ASAP7_75t_R)
                                         _17820_ (net)
                 13.69    0.04  377.45 v _35401_/A (FAx1_ASAP7_75t_R)
     8   17.39  261.33  120.27  497.72 ^ _35401_/CON (FAx1_ASAP7_75t_R)
                                         _17962_ (net)
     4    7.91  184.28   93.12  590.84 v _35401_/SN (FAx1_ASAP7_75t_R)
                                         _17914_ (net)
                184.30    0.88  591.73 v _35040_/A (INVx2_ASAP7_75t_R)
     2    3.78   42.13   32.68  624.41 ^ _35040_/Y (INVx2_ASAP7_75t_R)
                                         _17913_ (net)
                 42.13    0.03  624.44 ^ _35461_/CI (FAx1_ASAP7_75t_R)
     7   12.36  196.26  210.37  834.81 v _35461_/SN (FAx1_ASAP7_75t_R)
                                         _18080_ (net)
                196.26    0.26  835.07 v _35462_/A (FAx1_ASAP7_75t_R)
     1    2.29   76.32   60.89  895.96 ^ _35462_/CON (FAx1_ASAP7_75t_R)
                                         _18122_ (net)
     1    0.74   56.98   20.35  916.32 v _35462_/SN (FAx1_ASAP7_75t_R)
                                         _18479_ (net)
                 56.98    0.01  916.32 v _34879_/A (INVx1_ASAP7_75t_R)
     1    2.08   25.79   20.74  937.06 ^ _34879_/Y (INVx1_ASAP7_75t_R)
                                         _18081_ (net)
                 25.79    0.03  937.10 ^ _35463_/A (FAx1_ASAP7_75t_R)
     1    0.76   23.99   37.48  974.58 v _35463_/SN (FAx1_ASAP7_75t_R)
                                         _18480_ (net)
                 23.99    0.01  974.59 v _34816_/A (INVx1_ASAP7_75t_R)
     1    1.82   16.98   13.55  988.14 ^ _34816_/Y (INVx1_ASAP7_75t_R)
                                         _18083_ (net)
                 16.98    0.07  988.21 ^ _35467_/CI (FAx1_ASAP7_75t_R)
     1    0.75   26.51   34.42 1022.63 v _35467_/SN (FAx1_ASAP7_75t_R)
                                         _18484_ (net)
                 26.51    0.01 1022.64 v _34856_/A (INVx1_ASAP7_75t_R)
     1    2.28   20.08   15.71 1038.35 ^ _34856_/Y (INVx1_ASAP7_75t_R)
                                         _18092_ (net)
                 20.08    0.04 1038.39 ^ _35468_/B (FAx1_ASAP7_75t_R)
     1    1.20   33.36   42.09 1080.48 v _35468_/SN (FAx1_ASAP7_75t_R)
                                         _18486_ (net)
                 33.36    0.04 1080.52 v _35578_/B (HAxp5_ASAP7_75t_R)
     4    3.81   78.19   70.87 1151.39 v _35578_/SN (HAxp5_ASAP7_75t_R)
                                         _00252_ (net)
                 78.19    0.01 1151.40 v _29453_/B (AO21x1_ASAP7_75t_R)
     1    0.68    8.50   25.87 1177.26 v _29453_/Y (AO21x1_ASAP7_75t_R)
                                         _09481_ (net)
                  8.50    0.01 1177.27 v _29454_/A2 (AO21x1_ASAP7_75t_R)
     2    1.30   10.81   16.20 1193.47 v _29454_/Y (AO21x1_ASAP7_75t_R)
                                         _09482_ (net)
                 10.81    0.03 1193.50 v _29488_/A2 (AO21x1_ASAP7_75t_R)
     1    0.67    8.02   14.97 1208.46 v _29488_/Y (AO21x1_ASAP7_75t_R)
                                         _09514_ (net)
                  8.02    0.00 1208.47 v _29489_/A2 (AO21x1_ASAP7_75t_R)
     2    1.23   10.68   15.89 1224.36 v _29489_/Y (AO21x1_ASAP7_75t_R)
                                         _09515_ (net)
                 10.68    0.02 1224.37 v _29532_/A2 (AO21x1_ASAP7_75t_R)
     1    0.65    7.93   14.85 1239.22 v _29532_/Y (AO21x1_ASAP7_75t_R)
                                         _09557_ (net)
                  7.94    0.02 1239.24 v _29536_/A2 (AO221x1_ASAP7_75t_R)
     2    2.41   17.64   27.12 1266.36 v _29536_/Y (AO221x1_ASAP7_75t_R)
                                         _09561_ (net)
                 17.64    0.05 1266.41 v _29607_/A1 (OA21x2_ASAP7_75t_R)
     4    4.77   17.24   24.65 1291.05 v _29607_/Y (OA21x2_ASAP7_75t_R)
                                         _09630_ (net)
                 17.31    0.61 1291.67 v _29608_/D (OR4x1_ASAP7_75t_R)
     1    0.61   12.50   32.26 1323.92 v _29608_/Y (OR4x1_ASAP7_75t_R)
                                         _09631_ (net)
                 12.50    0.00 1323.93 v _29613_/B (AND4x2_ASAP7_75t_R)
     2    3.93   15.21   20.51 1344.44 v _29613_/Y (AND4x2_ASAP7_75t_R)
                                         _09636_ (net)
                 15.51    1.18 1345.62 v _29616_/B (OR5x1_ASAP7_75t_R)
     1    1.19   16.02   37.80 1383.42 v _29616_/Y (OR5x1_ASAP7_75t_R)
                                         _09639_ (net)
                 16.02    0.03 1383.45 v _29617_/C (AOI211x1_ASAP7_75t_R)
     1    0.69   15.07   11.27 1394.72 ^ _29617_/Y (AOI211x1_ASAP7_75t_R)
                                         _09640_ (net)
                 15.07    0.00 1394.73 ^ _29620_/A2 (OA21x2_ASAP7_75t_R)
     1    5.00   20.44   23.00 1417.73 ^ _29620_/Y (OA21x2_ASAP7_75t_R)
                                         _09643_ (net)
                 21.00    1.85 1419.58 ^ _29624_/B (NOR2x2_ASAP7_75t_R)
     7    9.57   34.63   20.65 1440.23 v _29624_/Y (NOR2x2_ASAP7_75t_R)
                                         _09647_ (net)
                 36.07    3.82 1444.04 v _30626_/A (BUFx3_ASAP7_75t_R)
     5    4.09   11.27   23.38 1467.43 v _30626_/Y (BUFx3_ASAP7_75t_R)
                                         _10259_ (net)
                 11.29    0.27 1467.70 v _30976_/A1 (AO21x1_ASAP7_75t_R)
     1    0.71    7.19   16.10 1483.80 v _30976_/Y (AO21x1_ASAP7_75t_R)
                                         _03421_ (net)
                  7.19    0.01 1483.81 v gen_regfile_ff.register_file_i.rf_reg_q[607]$_DFFE_PN0P_/D (DFFASRHQNx1_ASAP7_75t_R)
                               1483.81   data arrival time

                  0.00 1260.00 1260.00   clock core_clock (rise edge)
                          0.00 1260.00   clock network delay (ideal)
                          0.00 1260.00   clock reconvergence pessimism
                               1260.00 ^ gen_regfile_ff.register_file_i.rf_reg_q[607]$_DFFE_PN0P_/CLK (DFFASRHQNx1_ASAP7_75t_R)
                         -5.45 1254.55   library setup time
                               1254.55   data required time
-----------------------------------------------------------------------------
                               1254.55   data required time
                               -1483.81   data arrival time
-----------------------------------------------------------------------------
                               -229.26   slack (VIOLATED)



==========================================================================
detailed place report_check_types -max_slew -max_cap -max_fanout -violators
--------------------------------------------------------------------------

==========================================================================
detailed place max_slew_check_slack
--------------------------------------------------------------------------
28.480440139770508

==========================================================================
detailed place max_slew_check_limit
--------------------------------------------------------------------------
320.0

==========================================================================
detailed place max_slew_check_slack_limit
--------------------------------------------------------------------------
0.0890

==========================================================================
detailed place max_fanout_check_slack
--------------------------------------------------------------------------
1.0000000150474662e+30

==========================================================================
detailed place max_fanout_check_limit
--------------------------------------------------------------------------
1.0000000150474662e+30

==========================================================================
detailed place max_capacitance_check_slack
--------------------------------------------------------------------------
6.806751728057861

==========================================================================
detailed place max_capacitance_check_limit
--------------------------------------------------------------------------
23.040000915527344

==========================================================================
detailed place max_capacitance_check_slack_limit
--------------------------------------------------------------------------
0.2954

==========================================================================
detailed place max_slew_violation_count
--------------------------------------------------------------------------
max slew violation count 0

==========================================================================
detailed place max_fanout_violation_count
--------------------------------------------------------------------------
max fanout violation count 0

==========================================================================
detailed place max_cap_violation_count
--------------------------------------------------------------------------
max cap violation count 0

==========================================================================
detailed place setup_violation_count
--------------------------------------------------------------------------
setup violation count 287

==========================================================================
detailed place hold_violation_count
--------------------------------------------------------------------------
hold violation count 0

==========================================================================
detailed place report_checks -path_delay max reg to reg
--------------------------------------------------------------------------
Startpoint: if_stage_i.instr_rdata_alu_id_o[21]$_DFFE_PN_
            (rising edge-triggered flip-flop clocked by core_clock)
Endpoint: gen_regfile_ff.register_file_i.rf_reg_q[607]$_DFFE_PN0P_
          (rising edge-triggered flip-flop clocked by core_clock)
Path Group: core_clock
Path Type: max

  Delay    Time   Description
---------------------------------------------------------
   0.00    0.00   clock core_clock (rise edge)
   0.00    0.00   clock network delay (ideal)
   0.00    0.00 ^ if_stage_i.instr_rdata_alu_id_o[21]$_DFFE_PN_/CLK (DFFHQNx2_ASAP7_75t_R)
  51.66   51.66 v if_stage_i.instr_rdata_alu_id_o[21]$_DFFE_PN_/QN (DFFHQNx2_ASAP7_75t_R)
  22.56   74.22 v _19184_/Y (BUFx6f_ASAP7_75t_R)
  15.52   89.74 v _19185_/Y (BUFx12f_ASAP7_75t_R)
  17.91  107.65 v _19186_/Y (BUFx6f_ASAP7_75t_R)
  17.37  125.02 v _19187_/Y (BUFx12f_ASAP7_75t_R)
  22.46  147.48 v _21306_/Y (BUFx12f_ASAP7_75t_R)
  15.75  163.23 v _21307_/Y (BUFx6f_ASAP7_75t_R)
  14.88  178.11 v _21896_/Y (BUFx12f_ASAP7_75t_R)
  22.25  200.36 v _22124_/Y (OA211x2_ASAP7_75t_R)
  27.27  227.62 v _22125_/Y (OR3x1_ASAP7_75t_R)
  27.15  254.78 v _22126_/Y (OA211x2_ASAP7_75t_R)
  42.69  297.46 v _22145_/Y (OR3x4_ASAP7_75t_R)
  23.03  320.49 v _22179_/Y (AND2x4_ASAP7_75t_R)
  27.57  348.06 v _24175_/Y (AO21x2_ASAP7_75t_R)
  18.57  366.62 ^ _24418_/Y (NAND2x2_ASAP7_75t_R)
  10.79  377.41 v _24419_/Y (INVx2_ASAP7_75t_R)
 120.30  497.72 ^ _35401_/CON (FAx1_ASAP7_75t_R)
  93.12  590.84 v _35401_/SN (FAx1_ASAP7_75t_R)
  33.57  624.41 ^ _35040_/Y (INVx2_ASAP7_75t_R)
 210.40  834.81 v _35461_/SN (FAx1_ASAP7_75t_R)
  61.15  895.96 ^ _35462_/CON (FAx1_ASAP7_75t_R)
  20.35  916.32 v _35462_/SN (FAx1_ASAP7_75t_R)
  20.75  937.06 ^ _34879_/Y (INVx1_ASAP7_75t_R)
  37.51  974.58 v _35463_/SN (FAx1_ASAP7_75t_R)
  13.56  988.14 ^ _34816_/Y (INVx1_ASAP7_75t_R)
  34.49 1022.63 v _35467_/SN (FAx1_ASAP7_75t_R)
  15.72 1038.35 ^ _34856_/Y (INVx1_ASAP7_75t_R)
  42.13 1080.48 v _35468_/SN (FAx1_ASAP7_75t_R)
  70.91 1151.39 v _35578_/SN (HAxp5_ASAP7_75t_R)
  25.88 1177.26 v _29453_/Y (AO21x1_ASAP7_75t_R)
  16.20 1193.47 v _29454_/Y (AO21x1_ASAP7_75t_R)
  15.00 1208.46 v _29488_/Y (AO21x1_ASAP7_75t_R)
  15.89 1224.36 v _29489_/Y (AO21x1_ASAP7_75t_R)
  14.87 1239.22 v _29532_/Y (AO21x1_ASAP7_75t_R)
  27.13 1266.36 v _29536_/Y (AO221x1_ASAP7_75t_R)
  24.70 1291.05 v _29607_/Y (OA21x2_ASAP7_75t_R)
  32.87 1323.92 v _29608_/Y (OR4x1_ASAP7_75t_R)
  20.52 1344.44 v _29613_/Y (AND4x2_ASAP7_75t_R)
  38.98 1383.42 v _29616_/Y (OR5x1_ASAP7_75t_R)
  11.30 1394.72 ^ _29617_/Y (AOI211x1_ASAP7_75t_R)
  23.00 1417.73 ^ _29620_/Y (OA21x2_ASAP7_75t_R)
  22.50 1440.23 v _29624_/Y (NOR2x2_ASAP7_75t_R)
  27.20 1467.43 v _30626_/Y (BUFx3_ASAP7_75t_R)
  16.37 1483.80 v _30976_/Y (AO21x1_ASAP7_75t_R)
   0.01 1483.81 v gen_regfile_ff.register_file_i.rf_reg_q[607]$_DFFE_PN0P_/D (DFFASRHQNx1_ASAP7_75t_R)
        1483.81   data arrival time

1260.00 1260.00   clock core_clock (rise edge)
   0.00 1260.00   clock network delay (ideal)
   0.00 1260.00   clock reconvergence pessimism
        1260.00 ^ gen_regfile_ff.register_file_i.rf_reg_q[607]$_DFFE_PN0P_/CLK (DFFASRHQNx1_ASAP7_75t_R)
  -5.45 1254.55   library setup time
        1254.55   data required time
---------------------------------------------------------
        1254.55   data required time
        -1483.81   data arrival time
---------------------------------------------------------
        -229.26   slack (VIOLATED)



==========================================================================
detailed place report_checks -path_delay min reg to reg
--------------------------------------------------------------------------
Startpoint: gen_regfile_ff.register_file_i.rf_reg_q[680]$_DFFE_PN0P_
            (rising edge-triggered flip-flop clocked by core_clock)
Endpoint: gen_regfile_ff.register_file_i.rf_reg_q[680]$_DFFE_PN0P_
          (rising edge-triggered flip-flop clocked by core_clock)
Path Group: core_clock
Path Type: min

  Delay    Time   Description
---------------------------------------------------------
   0.00    0.00   clock core_clock (rise edge)
   0.00    0.00   clock network delay (ideal)
   0.00    0.00 ^ gen_regfile_ff.register_file_i.rf_reg_q[680]$_DFFE_PN0P_/CLK (DFFASRHQNx1_ASAP7_75t_R)
  39.52   39.52 ^ gen_regfile_ff.register_file_i.rf_reg_q[680]$_DFFE_PN0P_/QN (DFFASRHQNx1_ASAP7_75t_R)
   7.50   47.02 v _31173_/Y (OAI21x1_ASAP7_75t_R)
   0.02   47.04 v gen_regfile_ff.register_file_i.rf_reg_q[680]$_DFFE_PN0P_/D (DFFASRHQNx1_ASAP7_75t_R)
          47.04   data arrival time

   0.00    0.00   clock core_clock (rise edge)
   0.00    0.00   clock network delay (ideal)
   0.00    0.00   clock reconvergence pessimism
           0.00 ^ gen_regfile_ff.register_file_i.rf_reg_q[680]$_DFFE_PN0P_/CLK (DFFASRHQNx1_ASAP7_75t_R)
   9.26    9.26   library hold time
           9.26   data required time
---------------------------------------------------------
           9.26   data required time
         -47.04   data arrival time
---------------------------------------------------------
          37.78   slack (MET)



==========================================================================
detailed place critical path target clock latency max path
--------------------------------------------------------------------------
0.0000

==========================================================================
detailed place critical path target clock latency min path
--------------------------------------------------------------------------
0.0000

==========================================================================
detailed place critical path source clock latency min path
--------------------------------------------------------------------------
0.0000

==========================================================================
detailed place critical path delay
--------------------------------------------------------------------------
1483.8080

==========================================================================
detailed place critical path slack
--------------------------------------------------------------------------
-229.2597

==========================================================================
detailed place slack div critical path delay
--------------------------------------------------------------------------
-15.450766

==========================================================================
detailed place report_power
--------------------------------------------------------------------------
Group                  Internal  Switching    Leakage      Total
                          Power      Power      Power      Power (Watts)
----------------------------------------------------------------
Sequential             3.13e-03   9.36e-04   2.10e-07   4.06e-03  10.0%
Combinational          1.64e-02   2.02e-02   1.79e-06   3.66e-02  89.8%
Clock                  5.95e-07   1.04e-04   1.16e-10   1.04e-04   0.3%
Macro                  0.00e+00   0.00e+00   0.00e+00   0.00e+00   0.0%
Pad                    0.00e+00   0.00e+00   0.00e+00   0.00e+00   0.0%
----------------------------------------------------------------
Total                  1.95e-02   2.13e-02   2.00e-06   4.08e-02 100.0%
                          47.9%      52.1%       0.0%
