
==========================================================================
global place report_tns
--------------------------------------------------------------------------
tns -13.78

==========================================================================
global place report_wns
--------------------------------------------------------------------------
wns -0.16

==========================================================================
global place report_worst_slack
--------------------------------------------------------------------------
worst slack -0.16

==========================================================================
global place report_checks -path_delay min
--------------------------------------------------------------------------
Startpoint: u0.u1.d[3]$_DFF_P_ (rising edge-triggered flip-flop clocked by clk)
Endpoint: u0.w[1][19]$_DFF_P_ (rising edge-triggered flip-flop clocked by clk)
Path Group: clk
Path Type: min

Fanout     Cap    Slew   Delay    Time   Description
-----------------------------------------------------------------------------
                  0.00    0.00    0.00   clock clk (rise edge)
                          0.00    0.00   clock network delay (ideal)
                  0.00    0.00    0.00 ^ u0.u1.d[3]$_DFF_P_/CK (DFF_X1)
     1    2.31    0.01    0.06    0.06 ^ u0.u1.d[3]$_DFF_P_/QN (DFF_X1)
                                         _00427_ (net)
                  0.01    0.00    0.06 ^ _15927_/A (XNOR2_X1)
     2    3.99    0.01    0.02    0.08 v _15927_/ZN (XNOR2_X1)
                                         _06760_ (net)
                  0.01    0.00    0.08 v _16021_/B1 (AOI21_X1)
     1    1.22    0.01    0.02    0.11 ^ _16021_/ZN (AOI21_X1)
                                         _00331_ (net)
                  0.01    0.00    0.11 ^ u0.w[1][19]$_DFF_P_/D (DFF_X1)
                                  0.11   data arrival time

                  0.00    0.00    0.00   clock clk (rise edge)
                          0.00    0.00   clock network delay (ideal)
                          0.00    0.00   clock reconvergence pessimism
                                  0.00 ^ u0.w[1][19]$_DFF_P_/CK (DFF_X1)
                          0.01    0.01   library hold time
                                  0.01   data required time
-----------------------------------------------------------------------------
                                  0.01   data required time
                                 -0.11   data arrival time
-----------------------------------------------------------------------------
                                  0.10   slack (MET)



==========================================================================
global place report_checks -path_delay max
--------------------------------------------------------------------------
Startpoint: sa00_sr[1]$_DFF_P_ (rising edge-triggered flip-flop clocked by clk)
Endpoint: sa22_sr[1]$_DFF_P_ (rising edge-triggered flip-flop clocked by clk)
Path Group: clk
Path Type: max

Fanout     Cap    Slew   Delay    Time   Description
-----------------------------------------------------------------------------
                  0.00    0.00    0.00   clock clk (rise edge)
                          0.00    0.00   clock network delay (ideal)
                  0.00    0.00    0.00 ^ sa00_sr[1]$_DFF_P_/CK (DFF_X1)
     6   22.13    0.05    0.13    0.13 ^ sa00_sr[1]$_DFF_P_/Q (DFF_X1)
                                         sa00_sr[1] (net)
                  0.05    0.00    0.13 ^ _23888_/B (XOR2_X1)
     3    7.24    0.05    0.08    0.21 ^ _23888_/Z (XOR2_X1)
                                         _00939_ (net)
                  0.05    0.00    0.21 ^ _23889_/B (XNOR2_X1)
     1    2.30    0.02    0.05    0.26 ^ _23889_/ZN (XNOR2_X1)
                                         _00940_ (net)
                  0.02    0.00    0.26 ^ _23892_/A (XNOR2_X1)
     1    2.15    0.02    0.04    0.31 ^ _23892_/ZN (XNOR2_X1)
                                         _00943_ (net)
                  0.02    0.00    0.31 ^ _23893_/B (MUX2_X1)
     2    9.39    0.02    0.06    0.36 ^ _23893_/Z (MUX2_X1)
                                         _00944_ (net)
                  0.02    0.00    0.36 ^ _23894_/B (XOR2_X2)
     5   13.11    0.04    0.07    0.44 ^ _23894_/Z (XOR2_X2)
                                         _00945_ (net)
                  0.04    0.00    0.44 ^ _23895_/A (INV_X1)
     2    4.63    0.01    0.02    0.46 v _23895_/ZN (INV_X1)
                                         _00946_ (net)
                  0.01    0.00    0.46 v _23896_/A (BUF_X4)
    10   21.48    0.01    0.03    0.49 v _23896_/Z (BUF_X4)
                                         _00947_ (net)
                  0.01    0.00    0.49 v _23897_/A (BUF_X4)
    17   47.49    0.01    0.04    0.53 v _23897_/Z (BUF_X4)
                                         _15056_ (net)
                  0.01    0.00    0.53 v _29713_/B (HA_X1)
     3    4.77    0.01    0.04    0.57 v _29713_/CO (HA_X1)
                                         _15059_ (net)
                  0.01    0.00    0.57 v _24183_/A1 (NOR3_X1)
     6   14.48    0.11    0.13    0.70 ^ _24183_/ZN (NOR3_X1)
                                         _01227_ (net)
                  0.11    0.00    0.70 ^ _24191_/A2 (OR2_X1)
     1    1.02    0.01    0.04    0.74 ^ _24191_/ZN (OR2_X1)
                                         _01235_ (net)
                  0.01    0.00    0.74 ^ _24192_/B (MUX2_X1)
     1    1.69    0.01    0.04    0.78 ^ _24192_/Z (MUX2_X1)
                                         _01236_ (net)
                  0.01    0.00    0.78 ^ _24193_/B1 (AOI21_X1)
     1    2.94    0.02    0.02    0.79 v _24193_/ZN (AOI21_X1)
                                         _01237_ (net)
                  0.02    0.00    0.79 v _24212_/B1 (AOI221_X1)
     1    3.33    0.05    0.09    0.88 ^ _24212_/ZN (AOI221_X1)
                                         _01256_ (net)
                  0.05    0.00    0.88 ^ _24222_/A3 (NAND4_X1)
     1    4.59    0.03    0.05    0.93 v _24222_/ZN (NAND4_X1)
                                         _00097_ (net)
                  0.03    0.00    0.93 v sa22_sr[1]$_DFF_P_/D (DFF_X1)
                                  0.93   data arrival time

                  0.00    0.82    0.82   clock clk (rise edge)
                          0.00    0.82   clock network delay (ideal)
                          0.00    0.82   clock reconvergence pessimism
                                  0.82 ^ sa22_sr[1]$_DFF_P_/CK (DFF_X1)
                         -0.05    0.77   library setup time
                                  0.77   data required time
-----------------------------------------------------------------------------
                                  0.77   data required time
                                 -0.93   data arrival time
-----------------------------------------------------------------------------
                                 -0.16   slack (VIOLATED)



==========================================================================
global place report_checks -unconstrained
--------------------------------------------------------------------------
Startpoint: sa00_sr[1]$_DFF_P_ (rising edge-triggered flip-flop clocked by clk)
Endpoint: sa22_sr[1]$_DFF_P_ (rising edge-triggered flip-flop clocked by clk)
Path Group: clk
Path Type: max

Fanout     Cap    Slew   Delay    Time   Description
-----------------------------------------------------------------------------
                  0.00    0.00    0.00   clock clk (rise edge)
                          0.00    0.00   clock network delay (ideal)
                  0.00    0.00    0.00 ^ sa00_sr[1]$_DFF_P_/CK (DFF_X1)
     6   22.13    0.05    0.13    0.13 ^ sa00_sr[1]$_DFF_P_/Q (DFF_X1)
                                         sa00_sr[1] (net)
                  0.05    0.00    0.13 ^ _23888_/B (XOR2_X1)
     3    7.24    0.05    0.08    0.21 ^ _23888_/Z (XOR2_X1)
                                         _00939_ (net)
                  0.05    0.00    0.21 ^ _23889_/B (XNOR2_X1)
     1    2.30    0.02    0.05    0.26 ^ _23889_/ZN (XNOR2_X1)
                                         _00940_ (net)
                  0.02    0.00    0.26 ^ _23892_/A (XNOR2_X1)
     1    2.15    0.02    0.04    0.31 ^ _23892_/ZN (XNOR2_X1)
                                         _00943_ (net)
                  0.02    0.00    0.31 ^ _23893_/B (MUX2_X1)
     2    9.39    0.02    0.06    0.36 ^ _23893_/Z (MUX2_X1)
                                         _00944_ (net)
                  0.02    0.00    0.36 ^ _23894_/B (XOR2_X2)
     5   13.11    0.04    0.07    0.44 ^ _23894_/Z (XOR2_X2)
                                         _00945_ (net)
                  0.04    0.00    0.44 ^ _23895_/A (INV_X1)
     2    4.63    0.01    0.02    0.46 v _23895_/ZN (INV_X1)
                                         _00946_ (net)
                  0.01    0.00    0.46 v _23896_/A (BUF_X4)
    10   21.48    0.01    0.03    0.49 v _23896_/Z (BUF_X4)
                                         _00947_ (net)
                  0.01    0.00    0.49 v _23897_/A (BUF_X4)
    17   47.49    0.01    0.04    0.53 v _23897_/Z (BUF_X4)
                                         _15056_ (net)
                  0.01    0.00    0.53 v _29713_/B (HA_X1)
     3    4.77    0.01    0.04    0.57 v _29713_/CO (HA_X1)
                                         _15059_ (net)
                  0.01    0.00    0.57 v _24183_/A1 (NOR3_X1)
     6   14.48    0.11    0.13    0.70 ^ _24183_/ZN (NOR3_X1)
                                         _01227_ (net)
                  0.11    0.00    0.70 ^ _24191_/A2 (OR2_X1)
     1    1.02    0.01    0.04    0.74 ^ _24191_/ZN (OR2_X1)
                                         _01235_ (net)
                  0.01    0.00    0.74 ^ _24192_/B (MUX2_X1)
     1    1.69    0.01    0.04    0.78 ^ _24192_/Z (MUX2_X1)
                                         _01236_ (net)
                  0.01    0.00    0.78 ^ _24193_/B1 (AOI21_X1)
     1    2.94    0.02    0.02    0.79 v _24193_/ZN (AOI21_X1)
                                         _01237_ (net)
                  0.02    0.00    0.79 v _24212_/B1 (AOI221_X1)
     1    3.33    0.05    0.09    0.88 ^ _24212_/ZN (AOI221_X1)
                                         _01256_ (net)
                  0.05    0.00    0.88 ^ _24222_/A3 (NAND4_X1)
     1    4.59    0.03    0.05    0.93 v _24222_/ZN (NAND4_X1)
                                         _00097_ (net)
                  0.03    0.00    0.93 v sa22_sr[1]$_DFF_P_/D (DFF_X1)
                                  0.93   data arrival time

                  0.00    0.82    0.82   clock clk (rise edge)
                          0.00    0.82   clock network delay (ideal)
                          0.00    0.82   clock reconvergence pessimism
                                  0.82 ^ sa22_sr[1]$_DFF_P_/CK (DFF_X1)
                         -0.05    0.77   library setup time
                                  0.77   data required time
-----------------------------------------------------------------------------
                                  0.77   data required time
                                 -0.93   data arrival time
-----------------------------------------------------------------------------
                                 -0.16   slack (VIOLATED)



==========================================================================
global place report_power
--------------------------------------------------------------------------
Group                  Internal  Switching    Leakage      Total
                          Power      Power      Power      Power (Watts)
----------------------------------------------------------------
Sequential             9.23e-03   1.00e-03   4.44e-05   1.03e-02   2.9%
Combinational          1.67e-01   1.73e-01   5.07e-04   3.40e-01  97.1%
Clock                  0.00e+00   0.00e+00   0.00e+00   0.00e+00   0.0%
Macro                  0.00e+00   0.00e+00   0.00e+00   0.00e+00   0.0%
Pad                    0.00e+00   0.00e+00   0.00e+00   0.00e+00   0.0%
----------------------------------------------------------------
Total                  1.76e-01   1.74e-01   5.51e-04   3.51e-01 100.0%
                          50.1%      49.7%       0.2%
