OpenROAD v2.0-19576-gec1bf1a13 
Features included (+) or not (-): +GPU +GUI +Python : None
This program is licensed under the BSD-3 license. See the LICENSE file for details.
Components of this program may be licensed under more restrictive licenses which must be honored.
[INFO ORD-0030] Using 16 thread(s).
[INFO GPL-0002] DBU: 2000
[INFO GPL-0003] SiteSize: (  0.190  1.400 ) um
[INFO GPL-0004] CoreBBox: (  1.140  1.400 ) ( 244.150 219.800 ) um
[INFO GPL-0006] NumInstances:             16565
[INFO GPL-0007] NumPlaceInstances:        16095
[INFO GPL-0008] NumFixedInstances:          470
[INFO GPL-0009] NumDummyInstances:            0
[INFO GPL-0010] NumNets:                  18758
[INFO GPL-0011] NumPins:                  60707
[INFO GPL-0012] DieBBox:  (  0.000  0.000 ) ( 245.250 220.925 ) um
[INFO GPL-0013] CoreBBox: (  1.140  1.400 ) ( 244.150 219.800 ) um
[INFO GPL-0016] CoreArea:             53073.384 um^2
[INFO GPL-0017] NonPlaceInstsArea:      125.020 um^2
[INFO GPL-0018] PlaceInstsArea:       28787.052 um^2
[INFO GPL-0019] Util:                    54.368 %
[INFO GPL-0020] StdInstsArea:         28787.052 um^2
[INFO GPL-0021] MacroInstsArea:           0.000 um^2
[INFO GPL-0031] FillerInit:NumGCells:     30640
[INFO GPL-0032] FillerInit:NumGNets:      18758
[INFO GPL-0033] FillerInit:NumGPins:      60707
[INFO GPL-0023] TargetDensity:            1.000
[INFO GPL-0024] AvrgPlaceInstArea:        1.789 um^2
[INFO GPL-0025] IdealBinArea:             1.789 um^2
[INFO GPL-0026] IdealBinCnt:              29673
[INFO GPL-0027] TotalBinArea:         53073.384 um^2
[INFO GPL-0028] BinCnt:       128    128
[INFO GPL-0029] BinSize: (  1.899  1.706 )
[INFO GPL-0030] NumBins: 16384
Placement density is 0.7818408107757568, computed from PLACE_DENSITY_LB_ADDON 0.50 and lower bound 0.5436816215515137
global_placement -density 0.7818408107757568 -pad_left 0 -pad_right 0
[INFO GPL-0002] DBU: 2000
[INFO GPL-0003] SiteSize: (  0.190  1.400 ) um
[INFO GPL-0004] CoreBBox: (  1.140  1.400 ) ( 244.150 219.800 ) um
[INFO GPL-0006] NumInstances:             16565
[INFO GPL-0007] NumPlaceInstances:        16095
[INFO GPL-0008] NumFixedInstances:          470
[INFO GPL-0009] NumDummyInstances:            0
[INFO GPL-0010] NumNets:                  18758
[INFO GPL-0011] NumPins:                  60707
[INFO GPL-0012] DieBBox:  (  0.000  0.000 ) ( 245.250 220.925 ) um
[INFO GPL-0013] CoreBBox: (  1.140  1.400 ) ( 244.150 219.800 ) um
[INFO GPL-0016] CoreArea:             53073.384 um^2
[INFO GPL-0017] NonPlaceInstsArea:      125.020 um^2
[INFO GPL-0018] PlaceInstsArea:       28787.052 um^2
[INFO GPL-0019] Util:                    54.368 %
[INFO GPL-0020] StdInstsArea:         28787.052 um^2
[INFO GPL-0021] MacroInstsArea:           0.000 um^2
[InitialPlace]  Iter: 1 CG residual: 0.00575136 HPWL: 235001820
[InitialPlace]  Iter: 2 CG residual: 0.00107376 HPWL: 195853019
[InitialPlace]  Iter: 3 CG residual: 0.00012760 HPWL: 185776616
[InitialPlace]  Iter: 4 CG residual: 0.00009262 HPWL: 182273330
[InitialPlace]  Iter: 5 CG residual: 0.00001340 HPWL: 180695508
[InitialPlace]  Iter: 6 CG residual: 0.00000799 HPWL: 180340996
[INFO GPL-0031] FillerInit:NumGCells:     23686
[INFO GPL-0032] FillerInit:NumGNets:      18758
[INFO GPL-0033] FillerInit:NumGPins:      60707
[INFO GPL-0023] TargetDensity:            0.782
[INFO GPL-0024] AvrgPlaceInstArea:        1.789 um^2
[INFO GPL-0025] IdealBinArea:             2.288 um^2
[INFO GPL-0026] IdealBinCnt:              23200
[INFO GPL-0027] TotalBinArea:         53073.384 um^2
[INFO GPL-0028] BinCnt:       128    128
[INFO GPL-0029] BinSize: (  1.899  1.706 )
[INFO GPL-0030] NumBins: 16384
[NesterovSolve] Iter:    1 overflow: 0.994 HPWL: 80696318
[NesterovSolve] Iter:   10 overflow: 0.975 HPWL: 99095379
[NesterovSolve] Iter:   20 overflow: 0.962 HPWL: 111188051
[NesterovSolve] Iter:   30 overflow: 0.955 HPWL: 118074257
[NesterovSolve] Iter:   40 overflow: 0.952 HPWL: 124332507
[NesterovSolve] Iter:   50 overflow: 0.950 HPWL: 129738449
[NesterovSolve] Iter:   60 overflow: 0.951 HPWL: 132771809
[NesterovSolve] Iter:   70 overflow: 0.951 HPWL: 133513948
[NesterovSolve] Iter:   80 overflow: 0.951 HPWL: 132054042
[NesterovSolve] Iter:   90 overflow: 0.952 HPWL: 129997042
[NesterovSolve] Iter:  100 overflow: 0.953 HPWL: 128868195
[NesterovSolve] Iter:  110 overflow: 0.954 HPWL: 128835156
[NesterovSolve] Iter:  120 overflow: 0.955 HPWL: 129535823
[NesterovSolve] Iter:  130 overflow: 0.955 HPWL: 130391032
[NesterovSolve] Iter:  140 overflow: 0.955 HPWL: 131266954
[NesterovSolve] Iter:  150 overflow: 0.954 HPWL: 132341890
[NesterovSolve] Iter:  160 overflow: 0.954 HPWL: 133739416
[NesterovSolve] Iter:  170 overflow: 0.953 HPWL: 135812582
[NesterovSolve] Iter:  180 overflow: 0.951 HPWL: 139458434
[NesterovSolve] Iter:  190 overflow: 0.949 HPWL: 145511008
[NesterovSolve] Iter:  200 overflow: 0.944 HPWL: 153774892
[NesterovSolve] Iter:  210 overflow: 0.938 HPWL: 164396144
[NesterovSolve] Iter:  220 overflow: 0.928 HPWL: 178127026
[NesterovSolve] Iter:  230 overflow: 0.916 HPWL: 195342519
[NesterovSolve] Iter:  240 overflow: 0.900 HPWL: 215132093
[NesterovSolve] Iter:  250 overflow: 0.881 HPWL: 235675912
[NesterovSolve] Iter:  260 overflow: 0.859 HPWL: 256457718
[NesterovSolve] Iter:  270 overflow: 0.835 HPWL: 280248521
[NesterovSolve] Iter:  280 overflow: 0.807 HPWL: 307838994
[NesterovSolve] Iter:  290 overflow: 0.773 HPWL: 329546412
[NesterovSolve] Iter:  300 overflow: 0.734 HPWL: 352404601
[NesterovSolve] Iter:  310 overflow: 0.690 HPWL: 363195902
[NesterovSolve] Iter:  320 overflow: 0.648 HPWL: 381753527
[NesterovSolve] Iter:  330 overflow: 0.600 HPWL: 392038154
[NesterovSolve] Iter:  340 overflow: 0.551 HPWL: 403651368
[NesterovSolve] Iter:  350 overflow: 0.504 HPWL: 410638391
[NesterovSolve] Iter:  360 overflow: 0.459 HPWL: 419251417
[NesterovSolve] Iter:  370 overflow: 0.405 HPWL: 425040551
[NesterovSolve] Iter:  380 overflow: 0.359 HPWL: 429639287
[NesterovSolve] Iter:  390 overflow: 0.322 HPWL: 433292278
[NesterovSolve] Iter:  400 overflow: 0.287 HPWL: 434938064
[NesterovSolve] Iter:  410 overflow: 0.256 HPWL: 437095234
[NesterovSolve] Iter:  420 overflow: 0.222 HPWL: 438829321
[NesterovSolve] Iter:  430 overflow: 0.195 HPWL: 440125335
[NesterovSolve] Iter:  440 overflow: 0.166 HPWL: 441201277
[NesterovSolve] Iter:  450 overflow: 0.144 HPWL: 442042781
[NesterovSolve] Iter:  460 overflow: 0.123 HPWL: 442721576
[NesterovSolve] Iter:  470 overflow: 0.107 HPWL: 443354426
[NesterovSolve] Finished with Overflow: 0.098703
Took 863 seconds: global_placement -density 0.7818408107757568 -pad_left 0 -pad_right 0
Report metrics stage 3, global place...

==========================================================================
global place report_design_area
--------------------------------------------------------------------------
Design area 28787 u^2 54% utilization.
Elapsed time: 14:45.51[h:]min:sec. CPU time: user 1786.28 sys 5.60 (202%). Peak memory: 201380KB.
