
==========================================================================
detailed place report_tns
--------------------------------------------------------------------------
tns -46401.05

==========================================================================
detailed place report_wns
--------------------------------------------------------------------------
wns -250.34

==========================================================================
detailed place report_worst_slack
--------------------------------------------------------------------------
worst slack -250.34

==========================================================================
detailed place report_checks -path_delay min
--------------------------------------------------------------------------
Startpoint: rst_ni (input port clocked by core_clock)
Endpoint: cs_registers_i.mcycle_counter_i.counter_q[24]$_DFFE_PN0P_
          (removal check against rising-edge clock core_clock)
Path Group: asynchronous
Path Type: min

Fanout     Cap    Slew   Delay    Time   Description
-----------------------------------------------------------------------------
                  0.00    0.00    0.00   clock core_clock (rise edge)
                          0.00    0.00   clock network delay (ideal)
                        252.00  252.00 ^ input external delay
    66   74.14    0.00    0.00  252.00 ^ rst_ni (in)
                                         rst_ni (net)
                 40.29   12.71  264.71 ^ cs_registers_i.mcycle_counter_i.counter_q[24]$_DFFE_PN0P_/SETN (DFFASRHQNx1_ASAP7_75t_R)
                                264.71   data arrival time

                  0.00    0.00    0.00   clock core_clock (rise edge)
                          0.00    0.00   clock network delay (ideal)
                          0.00    0.00   clock reconvergence pessimism
                                  0.00 ^ cs_registers_i.mcycle_counter_i.counter_q[24]$_DFFE_PN0P_/CLK (DFFASRHQNx1_ASAP7_75t_R)
                         10.84   10.84   library removal time
                                 10.84   data required time
-----------------------------------------------------------------------------
                                 10.84   data required time
                               -264.71   data arrival time
-----------------------------------------------------------------------------
                                253.87   slack (MET)


Startpoint: core_clock_gate_i.en_latch$_DLATCH_N_
            (negative level-sensitive latch clocked by core_clock)
Endpoint: _35046_ (rising clock gating-check end-point clocked by core_clock)
Path Group: gated clock
Path Type: min

Fanout     Cap    Slew   Delay    Time   Description
-----------------------------------------------------------------------------
                  0.00  630.00  630.00   clock core_clock (fall edge)
                          0.00  630.00   clock network delay (ideal)
                  0.00    0.00  630.00 v core_clock_gate_i.en_latch$_DLATCH_N_/CLK (DLLx1_ASAP7_75t_R)
     1    0.45    6.82   17.74  647.74 ^ core_clock_gate_i.en_latch$_DLATCH_N_/Q (DLLx1_ASAP7_75t_R)
                                         core_clock_gate_i.en_latch (net)
                  6.82    0.01  647.75 ^ _35046_/B (AND2x2_ASAP7_75t_R)
                                647.75   data arrival time

                  0.00  630.00  630.00   clock core_clock (fall edge)
                          0.00  630.00   clock network delay (ideal)
                          0.00  630.00   clock reconvergence pessimism
                                630.00 v _35046_/A (AND2x2_ASAP7_75t_R)
                          0.00  630.00   clock gating hold time
                                630.00   data required time
-----------------------------------------------------------------------------
                                630.00   data required time
                               -647.75   data arrival time
-----------------------------------------------------------------------------
                                 17.75   slack (MET)


Startpoint: gen_regfile_ff.register_file_i.rf_reg_q[200]$_DFFE_PN0P_
            (rising edge-triggered flip-flop clocked by core_clock)
Endpoint: gen_regfile_ff.register_file_i.rf_reg_q[200]$_DFFE_PN0P_
          (rising edge-triggered flip-flop clocked by core_clock)
Path Group: core_clock
Path Type: min

Fanout     Cap    Slew   Delay    Time   Description
-----------------------------------------------------------------------------
                  0.00    0.00    0.00   clock core_clock (rise edge)
                          0.00    0.00   clock network delay (ideal)
                  0.00    0.00    0.00 ^ gen_regfile_ff.register_file_i.rf_reg_q[200]$_DFFE_PN0P_/CLK (DFFASRHQNx1_ASAP7_75t_R)
     2    1.60   19.32   39.61   39.61 ^ gen_regfile_ff.register_file_i.rf_reg_q[200]$_DFFE_PN0P_/QN (DFFASRHQNx1_ASAP7_75t_R)
                                         _00668_ (net)
                 19.32    0.02   39.62 ^ _29914_/A1 (OAI21x1_ASAP7_75t_R)
     1    0.68    6.19    7.37   46.99 v _29914_/Y (OAI21x1_ASAP7_75t_R)
                                         _02970_ (net)
                  6.19    0.01   47.01 v gen_regfile_ff.register_file_i.rf_reg_q[200]$_DFFE_PN0P_/D (DFFASRHQNx1_ASAP7_75t_R)
                                 47.01   data arrival time

                  0.00    0.00    0.00   clock core_clock (rise edge)
                          0.00    0.00   clock network delay (ideal)
                          0.00    0.00   clock reconvergence pessimism
                                  0.00 ^ gen_regfile_ff.register_file_i.rf_reg_q[200]$_DFFE_PN0P_/CLK (DFFASRHQNx1_ASAP7_75t_R)
                          9.28    9.28   library hold time
                                  9.28   data required time
-----------------------------------------------------------------------------
                                  9.28   data required time
                                -47.01   data arrival time
-----------------------------------------------------------------------------
                                 37.73   slack (MET)



==========================================================================
detailed place report_checks -path_delay max
--------------------------------------------------------------------------
Startpoint: rst_ni (input port clocked by core_clock)
Endpoint: gen_regfile_ff.register_file_i.rf_reg_q[952]$_DFFE_PN0P_
          (recovery check against rising-edge clock core_clock)
Path Group: asynchronous
Path Type: max

Fanout     Cap    Slew   Delay    Time   Description
-----------------------------------------------------------------------------
                  0.00    0.00    0.00   clock core_clock (rise edge)
                          0.00    0.00   clock network delay (ideal)
                        252.00  252.00 ^ input external delay
    66   91.90    0.00    0.00  252.00 ^ rst_ni (in)
                                         rst_ni (net)
                 63.88   20.15  272.15 ^ load_slew46/A (BUFx24_ASAP7_75t_R)
   100  128.77   63.59   48.52  320.67 ^ load_slew46/Y (BUFx24_ASAP7_75t_R)
                                         net68 (net)
                 65.41    5.89  326.56 ^ load_slew40/A (BUFx16f_ASAP7_75t_R)
    64   89.50   50.26   32.74  359.30 ^ load_slew40/Y (BUFx16f_ASAP7_75t_R)
                                         net62 (net)
                 78.89   19.43  378.73 ^ load_slew37/A (BUFx24_ASAP7_75t_R)
    85  112.98   55.72   40.87  419.60 ^ load_slew37/Y (BUFx24_ASAP7_75t_R)
                                         net59 (net)
                 56.06    2.68  422.28 ^ load_slew36/A (BUFx16f_ASAP7_75t_R)
    76  104.32   56.39   35.13  457.41 ^ load_slew36/Y (BUFx16f_ASAP7_75t_R)
                                         net58 (net)
                 57.63    4.73  462.15 ^ load_slew35/A (BUFx16f_ASAP7_75t_R)
    63   87.13   45.45   30.43  492.58 ^ load_slew35/Y (BUFx16f_ASAP7_75t_R)
                                         net57 (net)
                 50.78    7.40  499.98 ^ load_slew33/A (BUFx16f_ASAP7_75t_R)
    59   81.29   47.14   31.61  531.59 ^ load_slew33/Y (BUFx16f_ASAP7_75t_R)
                                         net55 (net)
                 79.87   21.70  553.29 ^ load_slew30/A (BUFx24_ASAP7_75t_R)
    88  116.22   53.89   39.55  592.84 ^ load_slew30/Y (BUFx24_ASAP7_75t_R)
                                         net52 (net)
                131.27   39.47  632.31 ^ load_slew29/A (BUFx24_ASAP7_75t_R)
    96  123.71   61.33   53.48  685.79 ^ load_slew29/Y (BUFx24_ASAP7_75t_R)
                                         net51 (net)
                 61.42    1.63  687.42 ^ load_slew28/A (BUFx24_ASAP7_75t_R)
   105  133.43   65.29   38.86  726.28 ^ load_slew28/Y (BUFx24_ASAP7_75t_R)
                                         net50 (net)
                108.40   29.47  755.75 ^ gen_regfile_ff.register_file_i.rf_reg_q[952]$_DFFE_PN0P_/SETN (DFFASRHQNx1_ASAP7_75t_R)
                                755.75   data arrival time

                  0.00 1260.00 1260.00   clock core_clock (rise edge)
                          0.00 1260.00   clock network delay (ideal)
                          0.00 1260.00   clock reconvergence pessimism
                               1260.00 ^ gen_regfile_ff.register_file_i.rf_reg_q[952]$_DFFE_PN0P_/CLK (DFFASRHQNx1_ASAP7_75t_R)
                        -10.53 1249.47   library recovery time
                               1249.47   data required time
-----------------------------------------------------------------------------
                               1249.47   data required time
                               -755.75   data arrival time
-----------------------------------------------------------------------------
                                493.72   slack (MET)


Startpoint: core_clock_gate_i.en_latch$_DLATCH_N_
            (negative level-sensitive latch clocked by core_clock)
Endpoint: _35046_ (rising clock gating-check end-point clocked by core_clock)
Path Group: gated clock
Path Type: max

Fanout     Cap    Slew   Delay    Time   Description
-----------------------------------------------------------------------------
                  0.00  630.00  630.00   clock core_clock (fall edge)
                          0.00  630.00   clock network delay (ideal)
                  0.00    0.00  630.00 v core_clock_gate_i.en_latch$_DLATCH_N_/CLK (DLLx1_ASAP7_75t_R)
     1    0.70    8.02   27.62  657.62 v core_clock_gate_i.en_latch$_DLATCH_N_/Q (DLLx1_ASAP7_75t_R)
                                         core_clock_gate_i.en_latch (net)
                  8.02    0.02  657.64 v _35046_/B (AND2x2_ASAP7_75t_R)
                                657.64   data arrival time

                  0.00 1260.00 1260.00   clock core_clock (rise edge)
                          0.00 1260.00   clock network delay (ideal)
                          0.00 1260.00   clock reconvergence pessimism
                               1260.00 ^ _35046_/A (AND2x2_ASAP7_75t_R)
                          0.00 1260.00   clock gating setup time
                               1260.00   data required time
-----------------------------------------------------------------------------
                               1260.00   data required time
                               -657.64   data arrival time
-----------------------------------------------------------------------------
                                602.36   slack (MET)


Startpoint: if_stage_i.instr_rdata_alu_id_o[21]$_DFFE_PN_
            (rising edge-triggered flip-flop clocked by core_clock)
Endpoint: gen_regfile_ff.register_file_i.rf_reg_q[799]$_DFFE_PN0P_
          (rising edge-triggered flip-flop clocked by core_clock)
Path Group: core_clock
Path Type: max

Fanout     Cap    Slew   Delay    Time   Description
-----------------------------------------------------------------------------
                  0.00    0.00    0.00   clock core_clock (rise edge)
                          0.00    0.00   clock network delay (ideal)
                  0.00    0.00    0.00 ^ if_stage_i.instr_rdata_alu_id_o[21]$_DFFE_PN_/CLK (DFFHQNx2_ASAP7_75t_R)
     5    7.14   33.08   51.09   51.09 v if_stage_i.instr_rdata_alu_id_o[21]$_DFFE_PN_/QN (DFFHQNx2_ASAP7_75t_R)
                                         _01552_ (net)
                 33.09    0.09   51.18 v _19184_/A (BUFx6f_ASAP7_75t_R)
     5    8.19   11.31   22.18   73.36 v _19184_/Y (BUFx6f_ASAP7_75t_R)
                                         _13455_ (net)
                 11.31    0.05   73.40 v _19185_/A (BUFx12f_ASAP7_75t_R)
    11   12.74   10.59   15.82   89.22 v _19185_/Y (BUFx12f_ASAP7_75t_R)
                                         _13456_ (net)
                 11.68    1.78   91.00 v _19186_/A (BUFx6f_ASAP7_75t_R)
     6    7.45    9.97   16.23  107.23 v _19186_/Y (BUFx6f_ASAP7_75t_R)
                                         _13457_ (net)
                  9.98    0.23  107.46 v _19187_/A (BUFx12f_ASAP7_75t_R)
     6   14.34   11.66   14.92  122.39 v _19187_/Y (BUFx12f_ASAP7_75t_R)
                                         _13458_ (net)
                 16.74    3.95  126.34 v _21306_/A (BUFx12f_ASAP7_75t_R)
     6   10.96    9.54   17.29  143.62 v _21306_/Y (BUFx12f_ASAP7_75t_R)
                                         _15503_ (net)
                  9.55    0.15  143.77 v _21557_/A (BUFx6f_ASAP7_75t_R)
    10   14.69   17.38   17.93  161.71 v _21557_/Y (BUFx6f_ASAP7_75t_R)
                                         _15748_ (net)
                 17.54    0.99  162.70 v _21558_/A (BUFx4f_ASAP7_75t_R)
    10    9.10   16.32   20.35  183.05 v _21558_/Y (BUFx4f_ASAP7_75t_R)
                                         _15749_ (net)
                 17.67    2.48  185.53 v _22168_/A1 (OA211x2_ASAP7_75t_R)
     1    0.67    9.18   23.54  209.07 v _22168_/Y (OA211x2_ASAP7_75t_R)
                                         _16343_ (net)
                  9.18    0.00  209.08 v _22169_/B (AO21x1_ASAP7_75t_R)
     1    1.55   11.39   18.33  227.41 v _22169_/Y (AO21x1_ASAP7_75t_R)
                                         _16344_ (net)
                 11.41    0.19  227.61 v _22177_/A2 (OA211x2_ASAP7_75t_R)
     1    1.05   10.04   23.22  250.82 v _22177_/Y (OA211x2_ASAP7_75t_R)
                                         _16352_ (net)
                 10.05    0.07  250.89 v _22178_/B (OR3x4_ASAP7_75t_R)
     2    4.20   19.20   42.84  293.73 v _22178_/Y (OR3x4_ASAP7_75t_R)
                                         _16353_ (net)
                 19.56    1.35  295.09 v _22179_/A (AND2x4_ASAP7_75t_R)
     6    7.25   15.61   24.08  319.17 v _22179_/Y (AND2x4_ASAP7_75t_R)
                                         _16354_ (net)
                 16.86    2.35  321.51 v _24175_/A2 (AO21x2_ASAP7_75t_R)
     8    7.83   25.40   28.47  349.99 v _24175_/Y (AO21x2_ASAP7_75t_R)
                                         _05187_ (net)
                 25.80    1.78  351.77 v _24418_/B (NAND2x2_ASAP7_75t_R)
     2    3.17   18.33   16.63  368.40 ^ _24418_/Y (NAND2x2_ASAP7_75t_R)
                                         _17865_ (net)
                 18.33    0.09  368.49 ^ _24419_/A (INVx2_ASAP7_75t_R)
     2    3.76   13.78   10.73  379.22 v _24419_/Y (INVx2_ASAP7_75t_R)
                                         _17820_ (net)
                 13.79    0.05  379.27 v _35401_/A (FAx1_ASAP7_75t_R)
     8   17.41  261.46  120.46  499.73 ^ _35401_/CON (FAx1_ASAP7_75t_R)
                                         _17962_ (net)
     4    7.75  180.20   92.34  592.07 v _35401_/SN (FAx1_ASAP7_75t_R)
                                         _17914_ (net)
                180.20    0.54  592.61 v _35040_/A (INVx2_ASAP7_75t_R)
     2    3.84   42.06   32.59  625.21 ^ _35040_/Y (INVx2_ASAP7_75t_R)
                                         _17913_ (net)
                 42.06    0.02  625.22 ^ _35461_/CI (FAx1_ASAP7_75t_R)
     7   12.13  192.53  208.52  833.75 v _35461_/SN (FAx1_ASAP7_75t_R)
                                         _18080_ (net)
                192.53    0.04  833.79 v _35462_/A (FAx1_ASAP7_75t_R)
     1    2.26   75.45   60.23  894.02 ^ _35462_/CON (FAx1_ASAP7_75t_R)
                                         _18122_ (net)
     1    0.83   57.81   20.98  914.99 v _35462_/SN (FAx1_ASAP7_75t_R)
                                         _18479_ (net)
                 57.81    0.02  915.02 v _34879_/A (INVx1_ASAP7_75t_R)
     1    2.22   26.87   21.52  936.54 ^ _34879_/Y (INVx1_ASAP7_75t_R)
                                         _18081_ (net)
                 26.87    0.09  936.63 ^ _35463_/A (FAx1_ASAP7_75t_R)
     1    0.86   25.47   39.24  975.86 v _35463_/SN (FAx1_ASAP7_75t_R)
                                         _18480_ (net)
                 25.47    0.03  975.89 v _34816_/A (INVx1_ASAP7_75t_R)
     1    2.00   18.43   14.47  990.36 ^ _34816_/Y (INVx1_ASAP7_75t_R)
                                         _18083_ (net)
                 18.44    0.13  990.49 ^ _35467_/CI (FAx1_ASAP7_75t_R)
     1    0.84   27.45   36.22 1026.71 v _35467_/SN (FAx1_ASAP7_75t_R)
                                         _18484_ (net)
                 27.45    0.02 1026.74 v _34856_/A (INVx1_ASAP7_75t_R)
     1    2.47   21.33   16.54 1043.28 ^ _34856_/Y (INVx1_ASAP7_75t_R)
                                         _18092_ (net)
                 21.34    0.13 1043.41 ^ _35468_/B (FAx1_ASAP7_75t_R)
     1    1.28   35.25   43.72 1087.12 v _35468_/SN (FAx1_ASAP7_75t_R)
                                         _18486_ (net)
                 35.26    0.06 1087.18 v _35578_/B (HAxp5_ASAP7_75t_R)
     4    3.95   80.87   73.22 1160.41 v _35578_/SN (HAxp5_ASAP7_75t_R)
                                         _00252_ (net)
                 80.87    0.07 1160.48 v _29453_/B (AO21x1_ASAP7_75t_R)
     1    0.81    9.11   26.60 1187.07 v _29453_/Y (AO21x1_ASAP7_75t_R)
                                         _09481_ (net)
                  9.11    0.02 1187.10 v _29454_/A2 (AO21x1_ASAP7_75t_R)
     2    1.43   11.64   16.76 1203.86 v _29454_/Y (AO21x1_ASAP7_75t_R)
                                         _09482_ (net)
                 11.64    0.03 1203.89 v _29488_/A2 (AO21x1_ASAP7_75t_R)
     1    0.85    8.89   15.71 1219.60 v _29488_/Y (AO21x1_ASAP7_75t_R)
                                         _09514_ (net)
                  8.89    0.03 1219.63 v _29489_/A2 (AO21x1_ASAP7_75t_R)
     2    1.40   11.53   16.62 1236.25 v _29489_/Y (AO21x1_ASAP7_75t_R)
                                         _09515_ (net)
                 11.53    0.02 1236.28 v _29532_/A2 (AO21x1_ASAP7_75t_R)
     1    0.67    8.02   15.14 1251.42 v _29532_/Y (AO21x1_ASAP7_75t_R)
                                         _09557_ (net)
                  8.02    0.02 1251.44 v _29536_/A2 (AO221x1_ASAP7_75t_R)
     2    2.62   18.67   27.75 1279.19 v _29536_/Y (AO221x1_ASAP7_75t_R)
                                         _09561_ (net)
                 18.67    0.08 1279.27 v _29607_/A1 (OA21x2_ASAP7_75t_R)
     4    5.16   18.04   25.45 1304.72 v _29607_/Y (OA21x2_ASAP7_75t_R)
                                         _09630_ (net)
                 18.12    0.65 1305.37 v _29608_/D (OR4x1_ASAP7_75t_R)
     1    0.65   12.93   32.59 1337.96 v _29608_/Y (OR4x1_ASAP7_75t_R)
                                         _09631_ (net)
                 12.93    0.01 1337.97 v _29613_/B (AND4x2_ASAP7_75t_R)
     2    3.66   14.32   20.36 1358.33 v _29613_/Y (AND4x2_ASAP7_75t_R)
                                         _09636_ (net)
                 14.55    0.99 1359.32 v _29616_/B (OR5x1_ASAP7_75t_R)
     1    1.21   16.14   37.69 1397.01 v _29616_/Y (OR5x1_ASAP7_75t_R)
                                         _09639_ (net)
                 16.15    0.03 1397.05 v _29617_/C (AOI211x1_ASAP7_75t_R)
     1    0.72   15.34   11.45 1408.50 ^ _29617_/Y (AOI211x1_ASAP7_75t_R)
                                         _09640_ (net)
                 15.34    0.01 1408.51 ^ _29620_/A2 (OA21x2_ASAP7_75t_R)
     1    3.80   16.26   21.64 1430.14 ^ _29620_/Y (OA21x2_ASAP7_75t_R)
                                         _09643_ (net)
                 16.42    0.89 1431.04 ^ _29624_/B (NOR2x2_ASAP7_75t_R)
     7   12.10   41.41   22.66 1453.70 v _29624_/Y (NOR2x2_ASAP7_75t_R)
                                         _09647_ (net)
                 43.25    4.68 1458.38 v clone7/A (BUFx3_ASAP7_75t_R)
     5    7.21   17.19   27.31 1485.69 v clone7/Y (BUFx3_ASAP7_75t_R)
                                         net7 (net)
                 17.55    1.35 1487.04 v _31468_/A1 (AO21x1_ASAP7_75t_R)
     1    0.70    7.14   17.85 1504.89 v _31468_/Y (AO21x1_ASAP7_75t_R)
                                         _03633_ (net)
                  7.14    0.01 1504.90 v gen_regfile_ff.register_file_i.rf_reg_q[799]$_DFFE_PN0P_/D (DFFASRHQNx1_ASAP7_75t_R)
                               1504.90   data arrival time

                  0.00 1260.00 1260.00   clock core_clock (rise edge)
                          0.00 1260.00   clock network delay (ideal)
                          0.00 1260.00   clock reconvergence pessimism
                               1260.00 ^ gen_regfile_ff.register_file_i.rf_reg_q[799]$_DFFE_PN0P_/CLK (DFFASRHQNx1_ASAP7_75t_R)
                         -5.44 1254.56   library setup time
                               1254.56   data required time
-----------------------------------------------------------------------------
                               1254.56   data required time
                               -1504.90   data arrival time
-----------------------------------------------------------------------------
                               -250.34   slack (VIOLATED)



==========================================================================
detailed place report_checks -unconstrained
--------------------------------------------------------------------------
Startpoint: rst_ni (input port clocked by core_clock)
Endpoint: gen_regfile_ff.register_file_i.rf_reg_q[952]$_DFFE_PN0P_
          (recovery check against rising-edge clock core_clock)
Path Group: asynchronous
Path Type: max

Fanout     Cap    Slew   Delay    Time   Description
-----------------------------------------------------------------------------
                  0.00    0.00    0.00   clock core_clock (rise edge)
                          0.00    0.00   clock network delay (ideal)
                        252.00  252.00 ^ input external delay
    66   91.90    0.00    0.00  252.00 ^ rst_ni (in)
                                         rst_ni (net)
                 63.88   20.15  272.15 ^ load_slew46/A (BUFx24_ASAP7_75t_R)
   100  128.77   63.59   48.52  320.67 ^ load_slew46/Y (BUFx24_ASAP7_75t_R)
                                         net68 (net)
                 65.41    5.89  326.56 ^ load_slew40/A (BUFx16f_ASAP7_75t_R)
    64   89.50   50.26   32.74  359.30 ^ load_slew40/Y (BUFx16f_ASAP7_75t_R)
                                         net62 (net)
                 78.89   19.43  378.73 ^ load_slew37/A (BUFx24_ASAP7_75t_R)
    85  112.98   55.72   40.87  419.60 ^ load_slew37/Y (BUFx24_ASAP7_75t_R)
                                         net59 (net)
                 56.06    2.68  422.28 ^ load_slew36/A (BUFx16f_ASAP7_75t_R)
    76  104.32   56.39   35.13  457.41 ^ load_slew36/Y (BUFx16f_ASAP7_75t_R)
                                         net58 (net)
                 57.63    4.73  462.15 ^ load_slew35/A (BUFx16f_ASAP7_75t_R)
    63   87.13   45.45   30.43  492.58 ^ load_slew35/Y (BUFx16f_ASAP7_75t_R)
                                         net57 (net)
                 50.78    7.40  499.98 ^ load_slew33/A (BUFx16f_ASAP7_75t_R)
    59   81.29   47.14   31.61  531.59 ^ load_slew33/Y (BUFx16f_ASAP7_75t_R)
                                         net55 (net)
                 79.87   21.70  553.29 ^ load_slew30/A (BUFx24_ASAP7_75t_R)
    88  116.22   53.89   39.55  592.84 ^ load_slew30/Y (BUFx24_ASAP7_75t_R)
                                         net52 (net)
                131.27   39.47  632.31 ^ load_slew29/A (BUFx24_ASAP7_75t_R)
    96  123.71   61.33   53.48  685.79 ^ load_slew29/Y (BUFx24_ASAP7_75t_R)
                                         net51 (net)
                 61.42    1.63  687.42 ^ load_slew28/A (BUFx24_ASAP7_75t_R)
   105  133.43   65.29   38.86  726.28 ^ load_slew28/Y (BUFx24_ASAP7_75t_R)
                                         net50 (net)
                108.40   29.47  755.75 ^ gen_regfile_ff.register_file_i.rf_reg_q[952]$_DFFE_PN0P_/SETN (DFFASRHQNx1_ASAP7_75t_R)
                                755.75   data arrival time

                  0.00 1260.00 1260.00   clock core_clock (rise edge)
                          0.00 1260.00   clock network delay (ideal)
                          0.00 1260.00   clock reconvergence pessimism
                               1260.00 ^ gen_regfile_ff.register_file_i.rf_reg_q[952]$_DFFE_PN0P_/CLK (DFFASRHQNx1_ASAP7_75t_R)
                        -10.53 1249.47   library recovery time
                               1249.47   data required time
-----------------------------------------------------------------------------
                               1249.47   data required time
                               -755.75   data arrival time
-----------------------------------------------------------------------------
                                493.72   slack (MET)


Startpoint: core_clock_gate_i.en_latch$_DLATCH_N_
            (negative level-sensitive latch clocked by core_clock)
Endpoint: _35046_ (rising clock gating-check end-point clocked by core_clock)
Path Group: gated clock
Path Type: max

Fanout     Cap    Slew   Delay    Time   Description
-----------------------------------------------------------------------------
                  0.00  630.00  630.00   clock core_clock (fall edge)
                          0.00  630.00   clock network delay (ideal)
                  0.00    0.00  630.00 v core_clock_gate_i.en_latch$_DLATCH_N_/CLK (DLLx1_ASAP7_75t_R)
     1    0.70    8.02   27.62  657.62 v core_clock_gate_i.en_latch$_DLATCH_N_/Q (DLLx1_ASAP7_75t_R)
                                         core_clock_gate_i.en_latch (net)
                  8.02    0.02  657.64 v _35046_/B (AND2x2_ASAP7_75t_R)
                                657.64   data arrival time

                  0.00 1260.00 1260.00   clock core_clock (rise edge)
                          0.00 1260.00   clock network delay (ideal)
                          0.00 1260.00   clock reconvergence pessimism
                               1260.00 ^ _35046_/A (AND2x2_ASAP7_75t_R)
                          0.00 1260.00   clock gating setup time
                               1260.00   data required time
-----------------------------------------------------------------------------
                               1260.00   data required time
                               -657.64   data arrival time
-----------------------------------------------------------------------------
                                602.36   slack (MET)


Startpoint: if_stage_i.instr_rdata_alu_id_o[21]$_DFFE_PN_
            (rising edge-triggered flip-flop clocked by core_clock)
Endpoint: gen_regfile_ff.register_file_i.rf_reg_q[799]$_DFFE_PN0P_
          (rising edge-triggered flip-flop clocked by core_clock)
Path Group: core_clock
Path Type: max

Fanout     Cap    Slew   Delay    Time   Description
-----------------------------------------------------------------------------
                  0.00    0.00    0.00   clock core_clock (rise edge)
                          0.00    0.00   clock network delay (ideal)
                  0.00    0.00    0.00 ^ if_stage_i.instr_rdata_alu_id_o[21]$_DFFE_PN_/CLK (DFFHQNx2_ASAP7_75t_R)
     5    7.14   33.08   51.09   51.09 v if_stage_i.instr_rdata_alu_id_o[21]$_DFFE_PN_/QN (DFFHQNx2_ASAP7_75t_R)
                                         _01552_ (net)
                 33.09    0.09   51.18 v _19184_/A (BUFx6f_ASAP7_75t_R)
     5    8.19   11.31   22.18   73.36 v _19184_/Y (BUFx6f_ASAP7_75t_R)
                                         _13455_ (net)
                 11.31    0.05   73.40 v _19185_/A (BUFx12f_ASAP7_75t_R)
    11   12.74   10.59   15.82   89.22 v _19185_/Y (BUFx12f_ASAP7_75t_R)
                                         _13456_ (net)
                 11.68    1.78   91.00 v _19186_/A (BUFx6f_ASAP7_75t_R)
     6    7.45    9.97   16.23  107.23 v _19186_/Y (BUFx6f_ASAP7_75t_R)
                                         _13457_ (net)
                  9.98    0.23  107.46 v _19187_/A (BUFx12f_ASAP7_75t_R)
     6   14.34   11.66   14.92  122.39 v _19187_/Y (BUFx12f_ASAP7_75t_R)
                                         _13458_ (net)
                 16.74    3.95  126.34 v _21306_/A (BUFx12f_ASAP7_75t_R)
     6   10.96    9.54   17.29  143.62 v _21306_/Y (BUFx12f_ASAP7_75t_R)
                                         _15503_ (net)
                  9.55    0.15  143.77 v _21557_/A (BUFx6f_ASAP7_75t_R)
    10   14.69   17.38   17.93  161.71 v _21557_/Y (BUFx6f_ASAP7_75t_R)
                                         _15748_ (net)
                 17.54    0.99  162.70 v _21558_/A (BUFx4f_ASAP7_75t_R)
    10    9.10   16.32   20.35  183.05 v _21558_/Y (BUFx4f_ASAP7_75t_R)
                                         _15749_ (net)
                 17.67    2.48  185.53 v _22168_/A1 (OA211x2_ASAP7_75t_R)
     1    0.67    9.18   23.54  209.07 v _22168_/Y (OA211x2_ASAP7_75t_R)
                                         _16343_ (net)
                  9.18    0.00  209.08 v _22169_/B (AO21x1_ASAP7_75t_R)
     1    1.55   11.39   18.33  227.41 v _22169_/Y (AO21x1_ASAP7_75t_R)
                                         _16344_ (net)
                 11.41    0.19  227.61 v _22177_/A2 (OA211x2_ASAP7_75t_R)
     1    1.05   10.04   23.22  250.82 v _22177_/Y (OA211x2_ASAP7_75t_R)
                                         _16352_ (net)
                 10.05    0.07  250.89 v _22178_/B (OR3x4_ASAP7_75t_R)
     2    4.20   19.20   42.84  293.73 v _22178_/Y (OR3x4_ASAP7_75t_R)
                                         _16353_ (net)
                 19.56    1.35  295.09 v _22179_/A (AND2x4_ASAP7_75t_R)
     6    7.25   15.61   24.08  319.17 v _22179_/Y (AND2x4_ASAP7_75t_R)
                                         _16354_ (net)
                 16.86    2.35  321.51 v _24175_/A2 (AO21x2_ASAP7_75t_R)
     8    7.83   25.40   28.47  349.99 v _24175_/Y (AO21x2_ASAP7_75t_R)
                                         _05187_ (net)
                 25.80    1.78  351.77 v _24418_/B (NAND2x2_ASAP7_75t_R)
     2    3.17   18.33   16.63  368.40 ^ _24418_/Y (NAND2x2_ASAP7_75t_R)
                                         _17865_ (net)
                 18.33    0.09  368.49 ^ _24419_/A (INVx2_ASAP7_75t_R)
     2    3.76   13.78   10.73  379.22 v _24419_/Y (INVx2_ASAP7_75t_R)
                                         _17820_ (net)
                 13.79    0.05  379.27 v _35401_/A (FAx1_ASAP7_75t_R)
     8   17.41  261.46  120.46  499.73 ^ _35401_/CON (FAx1_ASAP7_75t_R)
                                         _17962_ (net)
     4    7.75  180.20   92.34  592.07 v _35401_/SN (FAx1_ASAP7_75t_R)
                                         _17914_ (net)
                180.20    0.54  592.61 v _35040_/A (INVx2_ASAP7_75t_R)
     2    3.84   42.06   32.59  625.21 ^ _35040_/Y (INVx2_ASAP7_75t_R)
                                         _17913_ (net)
                 42.06    0.02  625.22 ^ _35461_/CI (FAx1_ASAP7_75t_R)
     7   12.13  192.53  208.52  833.75 v _35461_/SN (FAx1_ASAP7_75t_R)
                                         _18080_ (net)
                192.53    0.04  833.79 v _35462_/A (FAx1_ASAP7_75t_R)
     1    2.26   75.45   60.23  894.02 ^ _35462_/CON (FAx1_ASAP7_75t_R)
                                         _18122_ (net)
     1    0.83   57.81   20.98  914.99 v _35462_/SN (FAx1_ASAP7_75t_R)
                                         _18479_ (net)
                 57.81    0.02  915.02 v _34879_/A (INVx1_ASAP7_75t_R)
     1    2.22   26.87   21.52  936.54 ^ _34879_/Y (INVx1_ASAP7_75t_R)
                                         _18081_ (net)
                 26.87    0.09  936.63 ^ _35463_/A (FAx1_ASAP7_75t_R)
     1    0.86   25.47   39.24  975.86 v _35463_/SN (FAx1_ASAP7_75t_R)
                                         _18480_ (net)
                 25.47    0.03  975.89 v _34816_/A (INVx1_ASAP7_75t_R)
     1    2.00   18.43   14.47  990.36 ^ _34816_/Y (INVx1_ASAP7_75t_R)
                                         _18083_ (net)
                 18.44    0.13  990.49 ^ _35467_/CI (FAx1_ASAP7_75t_R)
     1    0.84   27.45   36.22 1026.71 v _35467_/SN (FAx1_ASAP7_75t_R)
                                         _18484_ (net)
                 27.45    0.02 1026.74 v _34856_/A (INVx1_ASAP7_75t_R)
     1    2.47   21.33   16.54 1043.28 ^ _34856_/Y (INVx1_ASAP7_75t_R)
                                         _18092_ (net)
                 21.34    0.13 1043.41 ^ _35468_/B (FAx1_ASAP7_75t_R)
     1    1.28   35.25   43.72 1087.12 v _35468_/SN (FAx1_ASAP7_75t_R)
                                         _18486_ (net)
                 35.26    0.06 1087.18 v _35578_/B (HAxp5_ASAP7_75t_R)
     4    3.95   80.87   73.22 1160.41 v _35578_/SN (HAxp5_ASAP7_75t_R)
                                         _00252_ (net)
                 80.87    0.07 1160.48 v _29453_/B (AO21x1_ASAP7_75t_R)
     1    0.81    9.11   26.60 1187.07 v _29453_/Y (AO21x1_ASAP7_75t_R)
                                         _09481_ (net)
                  9.11    0.02 1187.10 v _29454_/A2 (AO21x1_ASAP7_75t_R)
     2    1.43   11.64   16.76 1203.86 v _29454_/Y (AO21x1_ASAP7_75t_R)
                                         _09482_ (net)
                 11.64    0.03 1203.89 v _29488_/A2 (AO21x1_ASAP7_75t_R)
     1    0.85    8.89   15.71 1219.60 v _29488_/Y (AO21x1_ASAP7_75t_R)
                                         _09514_ (net)
                  8.89    0.03 1219.63 v _29489_/A2 (AO21x1_ASAP7_75t_R)
     2    1.40   11.53   16.62 1236.25 v _29489_/Y (AO21x1_ASAP7_75t_R)
                                         _09515_ (net)
                 11.53    0.02 1236.28 v _29532_/A2 (AO21x1_ASAP7_75t_R)
     1    0.67    8.02   15.14 1251.42 v _29532_/Y (AO21x1_ASAP7_75t_R)
                                         _09557_ (net)
                  8.02    0.02 1251.44 v _29536_/A2 (AO221x1_ASAP7_75t_R)
     2    2.62   18.67   27.75 1279.19 v _29536_/Y (AO221x1_ASAP7_75t_R)
                                         _09561_ (net)
                 18.67    0.08 1279.27 v _29607_/A1 (OA21x2_ASAP7_75t_R)
     4    5.16   18.04   25.45 1304.72 v _29607_/Y (OA21x2_ASAP7_75t_R)
                                         _09630_ (net)
                 18.12    0.65 1305.37 v _29608_/D (OR4x1_ASAP7_75t_R)
     1    0.65   12.93   32.59 1337.96 v _29608_/Y (OR4x1_ASAP7_75t_R)
                                         _09631_ (net)
                 12.93    0.01 1337.97 v _29613_/B (AND4x2_ASAP7_75t_R)
     2    3.66   14.32   20.36 1358.33 v _29613_/Y (AND4x2_ASAP7_75t_R)
                                         _09636_ (net)
                 14.55    0.99 1359.32 v _29616_/B (OR5x1_ASAP7_75t_R)
     1    1.21   16.14   37.69 1397.01 v _29616_/Y (OR5x1_ASAP7_75t_R)
                                         _09639_ (net)
                 16.15    0.03 1397.05 v _29617_/C (AOI211x1_ASAP7_75t_R)
     1    0.72   15.34   11.45 1408.50 ^ _29617_/Y (AOI211x1_ASAP7_75t_R)
                                         _09640_ (net)
                 15.34    0.01 1408.51 ^ _29620_/A2 (OA21x2_ASAP7_75t_R)
     1    3.80   16.26   21.64 1430.14 ^ _29620_/Y (OA21x2_ASAP7_75t_R)
                                         _09643_ (net)
                 16.42    0.89 1431.04 ^ _29624_/B (NOR2x2_ASAP7_75t_R)
     7   12.10   41.41   22.66 1453.70 v _29624_/Y (NOR2x2_ASAP7_75t_R)
                                         _09647_ (net)
                 43.25    4.68 1458.38 v clone7/A (BUFx3_ASAP7_75t_R)
     5    7.21   17.19   27.31 1485.69 v clone7/Y (BUFx3_ASAP7_75t_R)
                                         net7 (net)
                 17.55    1.35 1487.04 v _31468_/A1 (AO21x1_ASAP7_75t_R)
     1    0.70    7.14   17.85 1504.89 v _31468_/Y (AO21x1_ASAP7_75t_R)
                                         _03633_ (net)
                  7.14    0.01 1504.90 v gen_regfile_ff.register_file_i.rf_reg_q[799]$_DFFE_PN0P_/D (DFFASRHQNx1_ASAP7_75t_R)
                               1504.90   data arrival time

                  0.00 1260.00 1260.00   clock core_clock (rise edge)
                          0.00 1260.00   clock network delay (ideal)
                          0.00 1260.00   clock reconvergence pessimism
                               1260.00 ^ gen_regfile_ff.register_file_i.rf_reg_q[799]$_DFFE_PN0P_/CLK (DFFASRHQNx1_ASAP7_75t_R)
                         -5.44 1254.56   library setup time
                               1254.56   data required time
-----------------------------------------------------------------------------
                               1254.56   data required time
                               -1504.90   data arrival time
-----------------------------------------------------------------------------
                               -250.34   slack (VIOLATED)



==========================================================================
detailed place report_check_types -max_slew -max_cap -max_fanout -violators
--------------------------------------------------------------------------

==========================================================================
detailed place max_slew_check_slack
--------------------------------------------------------------------------
34.15773391723633

==========================================================================
detailed place max_slew_check_limit
--------------------------------------------------------------------------
320.0

==========================================================================
detailed place max_slew_check_slack_limit
--------------------------------------------------------------------------
0.1067

==========================================================================
detailed place max_fanout_check_slack
--------------------------------------------------------------------------
1.0000000150474662e+30

==========================================================================
detailed place max_fanout_check_limit
--------------------------------------------------------------------------
1.0000000150474662e+30

==========================================================================
detailed place max_capacitance_check_slack
--------------------------------------------------------------------------
6.6891984939575195

==========================================================================
detailed place max_capacitance_check_limit
--------------------------------------------------------------------------
23.040000915527344

==========================================================================
detailed place max_capacitance_check_slack_limit
--------------------------------------------------------------------------
0.2903

==========================================================================
detailed place max_slew_violation_count
--------------------------------------------------------------------------
max slew violation count 0

==========================================================================
detailed place max_fanout_violation_count
--------------------------------------------------------------------------
max fanout violation count 0

==========================================================================
detailed place max_cap_violation_count
--------------------------------------------------------------------------
max cap violation count 0

==========================================================================
detailed place setup_violation_count
--------------------------------------------------------------------------
setup violation count 287

==========================================================================
detailed place hold_violation_count
--------------------------------------------------------------------------
hold violation count 0

==========================================================================
detailed place report_checks -path_delay max reg to reg
--------------------------------------------------------------------------
Startpoint: if_stage_i.instr_rdata_alu_id_o[21]$_DFFE_PN_
            (rising edge-triggered flip-flop clocked by core_clock)
Endpoint: gen_regfile_ff.register_file_i.rf_reg_q[799]$_DFFE_PN0P_
          (rising edge-triggered flip-flop clocked by core_clock)
Path Group: core_clock
Path Type: max

  Delay    Time   Description
---------------------------------------------------------
   0.00    0.00   clock core_clock (rise edge)
   0.00    0.00   clock network delay (ideal)
   0.00    0.00 ^ if_stage_i.instr_rdata_alu_id_o[21]$_DFFE_PN_/CLK (DFFHQNx2_ASAP7_75t_R)
  51.09   51.09 v if_stage_i.instr_rdata_alu_id_o[21]$_DFFE_PN_/QN (DFFHQNx2_ASAP7_75t_R)
  22.27   73.36 v _19184_/Y (BUFx6f_ASAP7_75t_R)
  15.86   89.22 v _19185_/Y (BUFx12f_ASAP7_75t_R)
  18.01  107.23 v _19186_/Y (BUFx6f_ASAP7_75t_R)
  15.15  122.39 v _19187_/Y (BUFx12f_ASAP7_75t_R)
  21.24  143.62 v _21306_/Y (BUFx12f_ASAP7_75t_R)
  18.08  161.71 v _21557_/Y (BUFx6f_ASAP7_75t_R)
  21.34  183.05 v _21558_/Y (BUFx4f_ASAP7_75t_R)
  26.03  209.07 v _22168_/Y (OA211x2_ASAP7_75t_R)
  18.34  227.41 v _22169_/Y (AO21x1_ASAP7_75t_R)
  23.41  250.82 v _22177_/Y (OA211x2_ASAP7_75t_R)
  42.91  293.73 v _22178_/Y (OR3x4_ASAP7_75t_R)
  25.44  319.17 v _22179_/Y (AND2x4_ASAP7_75t_R)
  30.82  349.99 v _24175_/Y (AO21x2_ASAP7_75t_R)
  18.41  368.40 ^ _24418_/Y (NAND2x2_ASAP7_75t_R)
  10.82  379.22 v _24419_/Y (INVx2_ASAP7_75t_R)
 120.51  499.73 ^ _35401_/CON (FAx1_ASAP7_75t_R)
  92.34  592.07 v _35401_/SN (FAx1_ASAP7_75t_R)
  33.14  625.21 ^ _35040_/Y (INVx2_ASAP7_75t_R)
 208.54  833.75 v _35461_/SN (FAx1_ASAP7_75t_R)
  60.27  894.02 ^ _35462_/CON (FAx1_ASAP7_75t_R)
  20.98  914.99 v _35462_/SN (FAx1_ASAP7_75t_R)
  21.54  936.54 ^ _34879_/Y (INVx1_ASAP7_75t_R)
  39.33  975.86 v _35463_/SN (FAx1_ASAP7_75t_R)
  14.50  990.36 ^ _34816_/Y (INVx1_ASAP7_75t_R)
  36.35 1026.71 v _35467_/SN (FAx1_ASAP7_75t_R)
  16.57 1043.28 ^ _34856_/Y (INVx1_ASAP7_75t_R)
  43.84 1087.12 v _35468_/SN (FAx1_ASAP7_75t_R)
  73.29 1160.41 v _35578_/SN (HAxp5_ASAP7_75t_R)
  26.67 1187.07 v _29453_/Y (AO21x1_ASAP7_75t_R)
  16.79 1203.86 v _29454_/Y (AO21x1_ASAP7_75t_R)
  15.74 1219.60 v _29488_/Y (AO21x1_ASAP7_75t_R)
  16.66 1236.25 v _29489_/Y (AO21x1_ASAP7_75t_R)
  15.17 1251.42 v _29532_/Y (AO21x1_ASAP7_75t_R)
  27.77 1279.19 v _29536_/Y (AO221x1_ASAP7_75t_R)
  25.53 1304.72 v _29607_/Y (OA21x2_ASAP7_75t_R)
  33.24 1337.96 v _29608_/Y (OR4x1_ASAP7_75t_R)
  20.37 1358.33 v _29613_/Y (AND4x2_ASAP7_75t_R)
  38.68 1397.01 v _29616_/Y (OR5x1_ASAP7_75t_R)
  11.48 1408.50 ^ _29617_/Y (AOI211x1_ASAP7_75t_R)
  21.65 1430.14 ^ _29620_/Y (OA21x2_ASAP7_75t_R)
  23.55 1453.70 v _29624_/Y (NOR2x2_ASAP7_75t_R)
  31.99 1485.69 v clone7/Y (BUFx3_ASAP7_75t_R)
  19.20 1504.89 v _31468_/Y (AO21x1_ASAP7_75t_R)
   0.01 1504.90 v gen_regfile_ff.register_file_i.rf_reg_q[799]$_DFFE_PN0P_/D (DFFASRHQNx1_ASAP7_75t_R)
        1504.90   data arrival time

1260.00 1260.00   clock core_clock (rise edge)
   0.00 1260.00   clock network delay (ideal)
   0.00 1260.00   clock reconvergence pessimism
        1260.00 ^ gen_regfile_ff.register_file_i.rf_reg_q[799]$_DFFE_PN0P_/CLK (DFFASRHQNx1_ASAP7_75t_R)
  -5.44 1254.56   library setup time
        1254.56   data required time
---------------------------------------------------------
        1254.56   data required time
        -1504.90   data arrival time
---------------------------------------------------------
        -250.34   slack (VIOLATED)



==========================================================================
detailed place report_checks -path_delay min reg to reg
--------------------------------------------------------------------------
Startpoint: gen_regfile_ff.register_file_i.rf_reg_q[200]$_DFFE_PN0P_
            (rising edge-triggered flip-flop clocked by core_clock)
Endpoint: gen_regfile_ff.register_file_i.rf_reg_q[200]$_DFFE_PN0P_
          (rising edge-triggered flip-flop clocked by core_clock)
Path Group: core_clock
Path Type: min

  Delay    Time   Description
---------------------------------------------------------
   0.00    0.00   clock core_clock (rise edge)
   0.00    0.00   clock network delay (ideal)
   0.00    0.00 ^ gen_regfile_ff.register_file_i.rf_reg_q[200]$_DFFE_PN0P_/CLK (DFFASRHQNx1_ASAP7_75t_R)
  39.61   39.61 ^ gen_regfile_ff.register_file_i.rf_reg_q[200]$_DFFE_PN0P_/QN (DFFASRHQNx1_ASAP7_75t_R)
   7.39   46.99 v _29914_/Y (OAI21x1_ASAP7_75t_R)
   0.01   47.01 v gen_regfile_ff.register_file_i.rf_reg_q[200]$_DFFE_PN0P_/D (DFFASRHQNx1_ASAP7_75t_R)
          47.01   data arrival time

   0.00    0.00   clock core_clock (rise edge)
   0.00    0.00   clock network delay (ideal)
   0.00    0.00   clock reconvergence pessimism
           0.00 ^ gen_regfile_ff.register_file_i.rf_reg_q[200]$_DFFE_PN0P_/CLK (DFFASRHQNx1_ASAP7_75t_R)
   9.28    9.28   library hold time
           9.28   data required time
---------------------------------------------------------
           9.28   data required time
         -47.01   data arrival time
---------------------------------------------------------
          37.73   slack (MET)



==========================================================================
detailed place critical path target clock latency max path
--------------------------------------------------------------------------
0.0000

==========================================================================
detailed place critical path target clock latency min path
--------------------------------------------------------------------------
0.0000

==========================================================================
detailed place critical path source clock latency min path
--------------------------------------------------------------------------
0.0000

==========================================================================
detailed place critical path delay
--------------------------------------------------------------------------
1504.8978

==========================================================================
detailed place critical path slack
--------------------------------------------------------------------------
-250.3367

==========================================================================
detailed place slack div critical path delay
--------------------------------------------------------------------------
-16.634797

==========================================================================
detailed place report_power
--------------------------------------------------------------------------
Group                  Internal  Switching    Leakage      Total
                          Power      Power      Power      Power (Watts)
----------------------------------------------------------------
Sequential             3.13e-03   1.04e-03   2.10e-07   4.16e-03  10.1%
Combinational          1.63e-02   2.07e-02   1.77e-06   3.70e-02  89.7%
Clock                  5.95e-07   1.04e-04   1.16e-10   1.04e-04   0.3%
Macro                  0.00e+00   0.00e+00   0.00e+00   0.00e+00   0.0%
Pad                    0.00e+00   0.00e+00   0.00e+00   0.00e+00   0.0%
----------------------------------------------------------------
Total                  1.94e-02   2.19e-02   1.98e-06   4.13e-02 100.0%
                          47.0%      53.0%       0.0%
