
==========================================================================
global place report_tns
--------------------------------------------------------------------------
tns -43761.12

==========================================================================
global place report_wns
--------------------------------------------------------------------------
wns -229.86

==========================================================================
global place report_worst_slack
--------------------------------------------------------------------------
worst slack -229.86

==========================================================================
global place report_checks -path_delay min
--------------------------------------------------------------------------
Startpoint: rst_ni (input port clocked by core_clock)
Endpoint: ex_block_i.genblk3.gen_multdiv_fast.multdiv_i.op_quotient_q[15]$_DFFE_PN0P_
          (removal check against rising-edge clock core_clock)
Path Group: asynchronous
Path Type: min

Fanout     Cap    Slew   Delay    Time   Description
-----------------------------------------------------------------------------
                  0.00    0.00    0.00   clock core_clock (rise edge)
                          0.00    0.00   clock network delay (ideal)
                        252.00  252.00 ^ input external delay
    51   55.60    0.00    0.00  252.00 ^ rst_ni (in)
                                         rst_ni (net)
                 24.48    7.72  259.72 ^ ex_block_i.genblk3.gen_multdiv_fast.multdiv_i.op_quotient_q[15]$_DFFE_PN0P_/SETN (DFFASRHQNx1_ASAP7_75t_R)
                                259.72   data arrival time

                  0.00    0.00    0.00   clock core_clock (rise edge)
                          0.00    0.00   clock network delay (ideal)
                          0.00    0.00   clock reconvergence pessimism
                                  0.00 ^ ex_block_i.genblk3.gen_multdiv_fast.multdiv_i.op_quotient_q[15]$_DFFE_PN0P_/CLK (DFFASRHQNx1_ASAP7_75t_R)
                         14.08   14.08   library removal time
                                 14.08   data required time
-----------------------------------------------------------------------------
                                 14.08   data required time
                               -259.72   data arrival time
-----------------------------------------------------------------------------
                                245.64   slack (MET)


Startpoint: core_clock_gate_i.en_latch$_DLATCH_N_
            (negative level-sensitive latch clocked by core_clock)
Endpoint: _35046_ (rising clock gating-check end-point clocked by core_clock)
Path Group: gated clock
Path Type: min

Fanout     Cap    Slew   Delay    Time   Description
-----------------------------------------------------------------------------
                  0.00  630.00  630.00   clock core_clock (fall edge)
                          0.00  630.00   clock network delay (ideal)
                  0.00    0.00  630.00 v core_clock_gate_i.en_latch$_DLATCH_N_/CLK (DLLx1_ASAP7_75t_R)
     1    0.34    6.21   17.36  647.36 ^ core_clock_gate_i.en_latch$_DLATCH_N_/Q (DLLx1_ASAP7_75t_R)
                                         core_clock_gate_i.en_latch (net)
                  6.21    0.00  647.36 ^ _35046_/B (AND2x2_ASAP7_75t_R)
                                647.36   data arrival time

                  0.00  630.00  630.00   clock core_clock (fall edge)
                          0.00  630.00   clock network delay (ideal)
                          0.00  630.00   clock reconvergence pessimism
                                630.00 v _35046_/A (AND2x2_ASAP7_75t_R)
                          0.00  630.00   clock gating hold time
                                630.00   data required time
-----------------------------------------------------------------------------
                                630.00   data required time
                               -647.36   data arrival time
-----------------------------------------------------------------------------
                                 17.36   slack (MET)


Startpoint: cs_registers_i.u_mstack_epc_csr.rdata_q[2]$_DFFE_PN0P_
            (rising edge-triggered flip-flop clocked by core_clock)
Endpoint: cs_registers_i.u_mstack_epc_csr.rdata_q[2]$_DFFE_PN0P_
          (rising edge-triggered flip-flop clocked by core_clock)
Path Group: core_clock
Path Type: min

Fanout     Cap    Slew   Delay    Time   Description
-----------------------------------------------------------------------------
                  0.00    0.00    0.00   clock core_clock (rise edge)
                          0.00    0.00   clock network delay (ideal)
                  0.00    0.00    0.00 ^ cs_registers_i.u_mstack_epc_csr.rdata_q[2]$_DFFE_PN0P_/CLK (DFFASRHQNx1_ASAP7_75t_R)
     2    1.27   16.97   38.09   38.09 ^ cs_registers_i.u_mstack_epc_csr.rdata_q[2]$_DFFE_PN0P_/QN (DFFASRHQNx1_ASAP7_75t_R)
                                         _01865_ (net)
                 16.97    0.02   38.11 ^ _27544_/A1 (AOI21x1_ASAP7_75t_R)
     1    0.61    5.34    8.68   46.79 v _27544_/Y (AOI21x1_ASAP7_75t_R)
                                         _02715_ (net)
                  5.34    0.01   46.80 v cs_registers_i.u_mstack_epc_csr.rdata_q[2]$_DFFE_PN0P_/D (DFFASRHQNx1_ASAP7_75t_R)
                                 46.80   data arrival time

                  0.00    0.00    0.00   clock core_clock (rise edge)
                          0.00    0.00   clock network delay (ideal)
                          0.00    0.00   clock reconvergence pessimism
                                  0.00 ^ cs_registers_i.u_mstack_epc_csr.rdata_q[2]$_DFFE_PN0P_/CLK (DFFASRHQNx1_ASAP7_75t_R)
                          9.37    9.37   library hold time
                                  9.37   data required time
-----------------------------------------------------------------------------
                                  9.37   data required time
                                -46.80   data arrival time
-----------------------------------------------------------------------------
                                 37.43   slack (MET)



==========================================================================
global place report_checks -path_delay max
--------------------------------------------------------------------------
Startpoint: rst_ni (input port clocked by core_clock)
Endpoint: gen_regfile_ff.register_file_i.rf_reg_q[378]$_DFFE_PN0P_
          (recovery check against rising-edge clock core_clock)
Path Group: asynchronous
Path Type: max

Fanout     Cap    Slew   Delay    Time   Description
-----------------------------------------------------------------------------
                  0.00    0.00    0.00   clock core_clock (rise edge)
                          0.00    0.00   clock network delay (ideal)
                        252.00  252.00 ^ input external delay
    51   69.27    0.00    0.00  252.00 ^ rst_ni (in)
                                         rst_ni (net)
                 39.95   12.60  264.60 ^ load_slew41/A (BUFx24_ASAP7_75t_R)
    84  114.94   50.75   29.93  294.53 ^ load_slew41/Y (BUFx24_ASAP7_75t_R)
                                         net63 (net)
                148.36   46.06  340.60 ^ load_slew33/A (BUFx16f_ASAP7_75t_R)
    80  108.99   60.09   41.82  382.41 ^ load_slew33/Y (BUFx16f_ASAP7_75t_R)
                                         net55 (net)
                107.20   28.58  410.99 ^ load_slew32/A (BUFx16f_ASAP7_75t_R)
    66   93.93   54.14   36.19  447.18 ^ load_slew32/Y (BUFx16f_ASAP7_75t_R)
                                         net54 (net)
                 90.24   23.76  470.94 ^ load_slew31/A (BUFx24_ASAP7_75t_R)
    83  113.87   43.38   37.14  508.07 ^ load_slew31/Y (BUFx24_ASAP7_75t_R)
                                         net53 (net)
                175.95   54.53  562.60 ^ load_slew30/A (BUFx24_ASAP7_75t_R)
    87  111.02   56.73   60.01  622.61 ^ load_slew30/Y (BUFx24_ASAP7_75t_R)
                                         net52 (net)
                 58.68    5.57  628.18 ^ gen_regfile_ff.register_file_i.rf_reg_q[378]$_DFFE_PN0P_/SETN (DFFASRHQNx1_ASAP7_75t_R)
                                628.18   data arrival time

                  0.00 1260.00 1260.00   clock core_clock (rise edge)
                          0.00 1260.00   clock network delay (ideal)
                          0.00 1260.00   clock reconvergence pessimism
                               1260.00 ^ gen_regfile_ff.register_file_i.rf_reg_q[378]$_DFFE_PN0P_/CLK (DFFASRHQNx1_ASAP7_75t_R)
                         -5.12 1254.88   library recovery time
                               1254.88   data required time
-----------------------------------------------------------------------------
                               1254.88   data required time
                               -628.18   data arrival time
-----------------------------------------------------------------------------
                                626.70   slack (MET)


Startpoint: core_clock_gate_i.en_latch$_DLATCH_N_
            (negative level-sensitive latch clocked by core_clock)
Endpoint: _35046_ (rising clock gating-check end-point clocked by core_clock)
Path Group: gated clock
Path Type: max

Fanout     Cap    Slew   Delay    Time   Description
-----------------------------------------------------------------------------
                  0.00  630.00  630.00   clock core_clock (fall edge)
                          0.00  630.00   clock network delay (ideal)
                  0.00    0.00  630.00 v core_clock_gate_i.en_latch$_DLATCH_N_/CLK (DLLx1_ASAP7_75t_R)
     1    0.59    7.47   27.25  657.25 v core_clock_gate_i.en_latch$_DLATCH_N_/Q (DLLx1_ASAP7_75t_R)
                                         core_clock_gate_i.en_latch (net)
                  7.47    0.00  657.25 v _35046_/B (AND2x2_ASAP7_75t_R)
                                657.25   data arrival time

                  0.00 1260.00 1260.00   clock core_clock (rise edge)
                          0.00 1260.00   clock network delay (ideal)
                          0.00 1260.00   clock reconvergence pessimism
                               1260.00 ^ _35046_/A (AND2x2_ASAP7_75t_R)
                          0.00 1260.00   clock gating setup time
                               1260.00   data required time
-----------------------------------------------------------------------------
                               1260.00   data required time
                               -657.25   data arrival time
-----------------------------------------------------------------------------
                                602.75   slack (MET)


Startpoint: if_stage_i.instr_rdata_alu_id_o[21]$_DFFE_PN_
            (rising edge-triggered flip-flop clocked by core_clock)
Endpoint: gen_regfile_ff.register_file_i.rf_reg_q[735]$_DFFE_PN0P_
          (rising edge-triggered flip-flop clocked by core_clock)
Path Group: core_clock
Path Type: max

Fanout     Cap    Slew   Delay    Time   Description
-----------------------------------------------------------------------------
                  0.00    0.00    0.00   clock core_clock (rise edge)
                          0.00    0.00   clock network delay (ideal)
                  0.00    0.00    0.00 ^ if_stage_i.instr_rdata_alu_id_o[21]$_DFFE_PN_/CLK (DFFHQNx2_ASAP7_75t_R)
     5    6.67   31.37   50.46   50.46 v if_stage_i.instr_rdata_alu_id_o[21]$_DFFE_PN_/QN (DFFHQNx2_ASAP7_75t_R)
                                         _01552_ (net)
                 31.37    0.09   50.55 v _19184_/A (BUFx6f_ASAP7_75t_R)
     5    7.80   10.91   21.58   72.13 v _19184_/Y (BUFx6f_ASAP7_75t_R)
                                         _13455_ (net)
                 10.92    0.13   72.26 v _19185_/A (BUFx12f_ASAP7_75t_R)
    11   10.01    9.58   14.81   87.07 v _19185_/Y (BUFx12f_ASAP7_75t_R)
                                         _13456_ (net)
                 10.91    1.86   88.93 v _19186_/A (BUFx6f_ASAP7_75t_R)
     6    8.04   10.81   16.07  105.00 v _19186_/Y (BUFx6f_ASAP7_75t_R)
                                         _13457_ (net)
                 10.81    0.06  105.06 v _19187_/A (BUFx12f_ASAP7_75t_R)
     6   15.34   12.04   14.11  119.18 v _19187_/Y (BUFx12f_ASAP7_75t_R)
                                         _13458_ (net)
                 27.61    8.02  127.19 v _21306_/A (BUFx12f_ASAP7_75t_R)
     6    9.71    9.44   19.55  146.74 v _21306_/Y (BUFx12f_ASAP7_75t_R)
                                         _15503_ (net)
                  9.58    0.62  147.36 v _21307_/A (BUFx6f_ASAP7_75t_R)
     5    6.76    9.23   15.29  162.65 v _21307_/Y (BUFx6f_ASAP7_75t_R)
                                         _15504_ (net)
                  9.24    0.08  162.73 v _21308_/A (BUFx6f_ASAP7_75t_R)
    10   13.95   16.71   17.26  179.99 v _21308_/Y (BUFx6f_ASAP7_75t_R)
                                         _15505_ (net)
                 17.17    1.54  181.53 v _22242_/A1 (OA211x2_ASAP7_75t_R)
     1    0.78    9.43   23.64  205.17 v _22242_/Y (OA211x2_ASAP7_75t_R)
                                         _16414_ (net)
                  9.43    0.02  205.19 v _22243_/C (OR3x1_ASAP7_75t_R)
     1    1.76   15.77   28.03  233.22 v _22243_/Y (OR3x1_ASAP7_75t_R)
                                         _16415_ (net)
                 15.79    0.27  233.50 v _22244_/B (OA211x2_ASAP7_75t_R)
     1    1.01    9.94   28.08  261.58 v _22244_/Y (OA211x2_ASAP7_75t_R)
                                         _16416_ (net)
                  9.94    0.06  261.64 v _22262_/C (OR3x4_ASAP7_75t_R)
     2    3.67   18.04   42.78  304.42 v _22262_/Y (OR3x4_ASAP7_75t_R)
                                         _16434_ (net)
                 18.21    0.98  305.40 v _22294_/B (AND2x4_ASAP7_75t_R)
     6    6.57   13.46   22.83  328.23 v _22294_/Y (AND2x4_ASAP7_75t_R)
                                         _16466_ (net)
                 13.49    0.34  328.57 v _24184_/A2 (AO21x2_ASAP7_75t_R)
     8    7.54   24.31   27.36  355.93 v _24184_/Y (AO21x2_ASAP7_75t_R)
                                         _05194_ (net)
                 24.49    1.21  357.14 v _24433_/B (NAND2x2_ASAP7_75t_R)
     2    3.48   18.96   16.87  374.00 ^ _24433_/Y (NAND2x2_ASAP7_75t_R)
                                         _17863_ (net)
                 18.96    0.05  374.05 ^ _24434_/A (INVx2_ASAP7_75t_R)
     1    2.25   10.26    8.41  382.46 v _24434_/Y (INVx2_ASAP7_75t_R)
                                         _17910_ (net)
                 10.26    0.03  382.49 v _35401_/B (FAx1_ASAP7_75t_R)
     8   17.65  265.39  120.53  503.02 ^ _35401_/CON (FAx1_ASAP7_75t_R)
                                         _17962_ (net)
     4    7.62  177.31   92.08  595.10 v _35401_/SN (FAx1_ASAP7_75t_R)
                                         _17914_ (net)
                177.32    0.48  595.58 v _35040_/A (INVx2_ASAP7_75t_R)
     2    3.72   41.06   31.92  627.50 ^ _35040_/Y (INVx2_ASAP7_75t_R)
                                         _17913_ (net)
                 41.06    0.04  627.55 ^ _35461_/CI (FAx1_ASAP7_75t_R)
     7   12.63  200.92  210.83  838.38 v _35461_/SN (FAx1_ASAP7_75t_R)
                                         _18080_ (net)
                200.92    0.55  838.93 v _35462_/A (FAx1_ASAP7_75t_R)
     1    2.48   79.51   63.30  902.23 ^ _35462_/CON (FAx1_ASAP7_75t_R)
                                         _18122_ (net)
     1    0.78   58.49   21.09  923.31 v _35462_/SN (FAx1_ASAP7_75t_R)
                                         _18479_ (net)
                 58.49    0.01  923.33 v _34879_/A (INVx1_ASAP7_75t_R)
     1    2.29   27.43   21.94  945.27 ^ _34879_/Y (INVx1_ASAP7_75t_R)
                                         _18081_ (net)
                 27.43    0.12  945.39 ^ _35463_/A (FAx1_ASAP7_75t_R)
     1    0.88   25.87   39.72  985.10 v _35463_/SN (FAx1_ASAP7_75t_R)
                                         _18480_ (net)
                 25.87    0.03  985.13 v _34816_/A (INVx1_ASAP7_75t_R)
     1    1.71   16.75   13.58  998.71 ^ _34816_/Y (INVx1_ASAP7_75t_R)
                                         _18083_ (net)
                 16.75    0.03  998.74 ^ _35467_/CI (FAx1_ASAP7_75t_R)
     1    0.89   28.25   36.37 1035.11 v _35467_/SN (FAx1_ASAP7_75t_R)
                                         _18484_ (net)
                 28.25    0.03 1035.14 v _34856_/A (INVx1_ASAP7_75t_R)
     1    2.31   20.70   16.23 1051.37 ^ _34856_/Y (INVx1_ASAP7_75t_R)
                                         _18092_ (net)
                 20.70    0.06 1051.43 ^ _35468_/B (FAx1_ASAP7_75t_R)
     1    1.12   32.40   40.98 1092.41 v _35468_/SN (FAx1_ASAP7_75t_R)
                                         _18486_ (net)
                 32.40    0.02 1092.43 v _35578_/B (HAxp5_ASAP7_75t_R)
     4    3.66   75.17   68.67 1161.10 v _35578_/SN (HAxp5_ASAP7_75t_R)
                                         _00252_ (net)
                 75.17    0.02 1161.12 v _29453_/B (AO21x1_ASAP7_75t_R)
     1    0.78    8.86   25.83 1186.95 v _29453_/Y (AO21x1_ASAP7_75t_R)
                                         _09481_ (net)
                  8.86    0.02 1186.97 v _29454_/A2 (AO21x1_ASAP7_75t_R)
     2    1.24   10.64   16.12 1203.10 v _29454_/Y (AO21x1_ASAP7_75t_R)
                                         _09482_ (net)
                 10.64    0.01 1203.10 v _29488_/A2 (AO21x1_ASAP7_75t_R)
     1    0.73    8.22   15.09 1218.20 v _29488_/Y (AO21x1_ASAP7_75t_R)
                                         _09514_ (net)
                  8.22    0.01 1218.21 v _29489_/A2 (AO21x1_ASAP7_75t_R)
     2    1.34   11.17   16.26 1234.47 v _29489_/Y (AO21x1_ASAP7_75t_R)
                                         _09515_ (net)
                 11.18    0.04 1234.51 v _29532_/A2 (AO21x1_ASAP7_75t_R)
     1    0.65    7.85   14.99 1249.50 v _29532_/Y (AO21x1_ASAP7_75t_R)
                                         _09557_ (net)
                  7.85    0.02 1249.52 v _29536_/A2 (AO221x1_ASAP7_75t_R)
     2    2.53   18.22   27.41 1276.93 v _29536_/Y (AO221x1_ASAP7_75t_R)
                                         _09561_ (net)
                 18.22    0.11 1277.04 v _29607_/A1 (OA21x2_ASAP7_75t_R)
     4    3.94   14.69   23.79 1300.83 v _29607_/Y (OA21x2_ASAP7_75t_R)
                                         _09630_ (net)
                 14.69    0.15 1300.97 v _29608_/D (OR4x1_ASAP7_75t_R)
     1    0.73   12.87   32.31 1333.28 v _29608_/Y (OR4x1_ASAP7_75t_R)
                                         _09631_ (net)
                 12.87    0.02 1333.30 v _29613_/B (AND4x2_ASAP7_75t_R)
     2    4.32   16.49   21.08 1354.38 v _29613_/Y (AND4x2_ASAP7_75t_R)
                                         _09636_ (net)
                 16.92    1.47 1355.85 v _29616_/B (OR5x1_ASAP7_75t_R)
     1    1.17   15.88   37.99 1393.84 v _29616_/Y (OR5x1_ASAP7_75t_R)
                                         _09639_ (net)
                 15.88    0.02 1393.87 v _29617_/C (AOI211x1_ASAP7_75t_R)
     1    0.75   15.46   11.49 1405.36 ^ _29617_/Y (AOI211x1_ASAP7_75t_R)
                                         _09640_ (net)
                 15.46    0.01 1405.37 ^ _29620_/A2 (OA21x2_ASAP7_75t_R)
     1    3.58   15.55   21.40 1426.77 ^ _29620_/Y (OA21x2_ASAP7_75t_R)
                                         _09643_ (net)
                 15.66    0.74 1427.52 ^ _29624_/B (NOR2x2_ASAP7_75t_R)
     7    7.71   28.08   17.26 1444.78 v _29624_/Y (NOR2x2_ASAP7_75t_R)
                                         _09647_ (net)
                 28.44    1.78 1446.56 v clone9/A (BUFx3_ASAP7_75t_R)
     5    4.13   11.08   21.56 1468.12 v clone9/Y (BUFx3_ASAP7_75t_R)
                                         net9 (net)
                 11.12    0.40 1468.52 v _31307_/A1 (AO21x1_ASAP7_75t_R)
     1    0.68    6.95   15.94 1484.46 v _31307_/Y (AO21x1_ASAP7_75t_R)
                                         _03563_ (net)
                  6.95    0.01 1484.47 v gen_regfile_ff.register_file_i.rf_reg_q[735]$_DFFE_PN0P_/D (DFFASRHQNx1_ASAP7_75t_R)
                               1484.47   data arrival time

                  0.00 1260.00 1260.00   clock core_clock (rise edge)
                          0.00 1260.00   clock network delay (ideal)
                          0.00 1260.00   clock reconvergence pessimism
                               1260.00 ^ gen_regfile_ff.register_file_i.rf_reg_q[735]$_DFFE_PN0P_/CLK (DFFASRHQNx1_ASAP7_75t_R)
                         -5.39 1254.61   library setup time
                               1254.61   data required time
-----------------------------------------------------------------------------
                               1254.61   data required time
                               -1484.47   data arrival time
-----------------------------------------------------------------------------
                               -229.86   slack (VIOLATED)



==========================================================================
global place report_checks -unconstrained
--------------------------------------------------------------------------
Startpoint: rst_ni (input port clocked by core_clock)
Endpoint: gen_regfile_ff.register_file_i.rf_reg_q[378]$_DFFE_PN0P_
          (recovery check against rising-edge clock core_clock)
Path Group: asynchronous
Path Type: max

Fanout     Cap    Slew   Delay    Time   Description
-----------------------------------------------------------------------------
                  0.00    0.00    0.00   clock core_clock (rise edge)
                          0.00    0.00   clock network delay (ideal)
                        252.00  252.00 ^ input external delay
    51   69.27    0.00    0.00  252.00 ^ rst_ni (in)
                                         rst_ni (net)
                 39.95   12.60  264.60 ^ load_slew41/A (BUFx24_ASAP7_75t_R)
    84  114.94   50.75   29.93  294.53 ^ load_slew41/Y (BUFx24_ASAP7_75t_R)
                                         net63 (net)
                148.36   46.06  340.60 ^ load_slew33/A (BUFx16f_ASAP7_75t_R)
    80  108.99   60.09   41.82  382.41 ^ load_slew33/Y (BUFx16f_ASAP7_75t_R)
                                         net55 (net)
                107.20   28.58  410.99 ^ load_slew32/A (BUFx16f_ASAP7_75t_R)
    66   93.93   54.14   36.19  447.18 ^ load_slew32/Y (BUFx16f_ASAP7_75t_R)
                                         net54 (net)
                 90.24   23.76  470.94 ^ load_slew31/A (BUFx24_ASAP7_75t_R)
    83  113.87   43.38   37.14  508.07 ^ load_slew31/Y (BUFx24_ASAP7_75t_R)
                                         net53 (net)
                175.95   54.53  562.60 ^ load_slew30/A (BUFx24_ASAP7_75t_R)
    87  111.02   56.73   60.01  622.61 ^ load_slew30/Y (BUFx24_ASAP7_75t_R)
                                         net52 (net)
                 58.68    5.57  628.18 ^ gen_regfile_ff.register_file_i.rf_reg_q[378]$_DFFE_PN0P_/SETN (DFFASRHQNx1_ASAP7_75t_R)
                                628.18   data arrival time

                  0.00 1260.00 1260.00   clock core_clock (rise edge)
                          0.00 1260.00   clock network delay (ideal)
                          0.00 1260.00   clock reconvergence pessimism
                               1260.00 ^ gen_regfile_ff.register_file_i.rf_reg_q[378]$_DFFE_PN0P_/CLK (DFFASRHQNx1_ASAP7_75t_R)
                         -5.12 1254.88   library recovery time
                               1254.88   data required time
-----------------------------------------------------------------------------
                               1254.88   data required time
                               -628.18   data arrival time
-----------------------------------------------------------------------------
                                626.70   slack (MET)


Startpoint: core_clock_gate_i.en_latch$_DLATCH_N_
            (negative level-sensitive latch clocked by core_clock)
Endpoint: _35046_ (rising clock gating-check end-point clocked by core_clock)
Path Group: gated clock
Path Type: max

Fanout     Cap    Slew   Delay    Time   Description
-----------------------------------------------------------------------------
                  0.00  630.00  630.00   clock core_clock (fall edge)
                          0.00  630.00   clock network delay (ideal)
                  0.00    0.00  630.00 v core_clock_gate_i.en_latch$_DLATCH_N_/CLK (DLLx1_ASAP7_75t_R)
     1    0.59    7.47   27.25  657.25 v core_clock_gate_i.en_latch$_DLATCH_N_/Q (DLLx1_ASAP7_75t_R)
                                         core_clock_gate_i.en_latch (net)
                  7.47    0.00  657.25 v _35046_/B (AND2x2_ASAP7_75t_R)
                                657.25   data arrival time

                  0.00 1260.00 1260.00   clock core_clock (rise edge)
                          0.00 1260.00   clock network delay (ideal)
                          0.00 1260.00   clock reconvergence pessimism
                               1260.00 ^ _35046_/A (AND2x2_ASAP7_75t_R)
                          0.00 1260.00   clock gating setup time
                               1260.00   data required time
-----------------------------------------------------------------------------
                               1260.00   data required time
                               -657.25   data arrival time
-----------------------------------------------------------------------------
                                602.75   slack (MET)


Startpoint: if_stage_i.instr_rdata_alu_id_o[21]$_DFFE_PN_
            (rising edge-triggered flip-flop clocked by core_clock)
Endpoint: gen_regfile_ff.register_file_i.rf_reg_q[735]$_DFFE_PN0P_
          (rising edge-triggered flip-flop clocked by core_clock)
Path Group: core_clock
Path Type: max

Fanout     Cap    Slew   Delay    Time   Description
-----------------------------------------------------------------------------
                  0.00    0.00    0.00   clock core_clock (rise edge)
                          0.00    0.00   clock network delay (ideal)
                  0.00    0.00    0.00 ^ if_stage_i.instr_rdata_alu_id_o[21]$_DFFE_PN_/CLK (DFFHQNx2_ASAP7_75t_R)
     5    6.67   31.37   50.46   50.46 v if_stage_i.instr_rdata_alu_id_o[21]$_DFFE_PN_/QN (DFFHQNx2_ASAP7_75t_R)
                                         _01552_ (net)
                 31.37    0.09   50.55 v _19184_/A (BUFx6f_ASAP7_75t_R)
     5    7.80   10.91   21.58   72.13 v _19184_/Y (BUFx6f_ASAP7_75t_R)
                                         _13455_ (net)
                 10.92    0.13   72.26 v _19185_/A (BUFx12f_ASAP7_75t_R)
    11   10.01    9.58   14.81   87.07 v _19185_/Y (BUFx12f_ASAP7_75t_R)
                                         _13456_ (net)
                 10.91    1.86   88.93 v _19186_/A (BUFx6f_ASAP7_75t_R)
     6    8.04   10.81   16.07  105.00 v _19186_/Y (BUFx6f_ASAP7_75t_R)
                                         _13457_ (net)
                 10.81    0.06  105.06 v _19187_/A (BUFx12f_ASAP7_75t_R)
     6   15.34   12.04   14.11  119.18 v _19187_/Y (BUFx12f_ASAP7_75t_R)
                                         _13458_ (net)
                 27.61    8.02  127.19 v _21306_/A (BUFx12f_ASAP7_75t_R)
     6    9.71    9.44   19.55  146.74 v _21306_/Y (BUFx12f_ASAP7_75t_R)
                                         _15503_ (net)
                  9.58    0.62  147.36 v _21307_/A (BUFx6f_ASAP7_75t_R)
     5    6.76    9.23   15.29  162.65 v _21307_/Y (BUFx6f_ASAP7_75t_R)
                                         _15504_ (net)
                  9.24    0.08  162.73 v _21308_/A (BUFx6f_ASAP7_75t_R)
    10   13.95   16.71   17.26  179.99 v _21308_/Y (BUFx6f_ASAP7_75t_R)
                                         _15505_ (net)
                 17.17    1.54  181.53 v _22242_/A1 (OA211x2_ASAP7_75t_R)
     1    0.78    9.43   23.64  205.17 v _22242_/Y (OA211x2_ASAP7_75t_R)
                                         _16414_ (net)
                  9.43    0.02  205.19 v _22243_/C (OR3x1_ASAP7_75t_R)
     1    1.76   15.77   28.03  233.22 v _22243_/Y (OR3x1_ASAP7_75t_R)
                                         _16415_ (net)
                 15.79    0.27  233.50 v _22244_/B (OA211x2_ASAP7_75t_R)
     1    1.01    9.94   28.08  261.58 v _22244_/Y (OA211x2_ASAP7_75t_R)
                                         _16416_ (net)
                  9.94    0.06  261.64 v _22262_/C (OR3x4_ASAP7_75t_R)
     2    3.67   18.04   42.78  304.42 v _22262_/Y (OR3x4_ASAP7_75t_R)
                                         _16434_ (net)
                 18.21    0.98  305.40 v _22294_/B (AND2x4_ASAP7_75t_R)
     6    6.57   13.46   22.83  328.23 v _22294_/Y (AND2x4_ASAP7_75t_R)
                                         _16466_ (net)
                 13.49    0.34  328.57 v _24184_/A2 (AO21x2_ASAP7_75t_R)
     8    7.54   24.31   27.36  355.93 v _24184_/Y (AO21x2_ASAP7_75t_R)
                                         _05194_ (net)
                 24.49    1.21  357.14 v _24433_/B (NAND2x2_ASAP7_75t_R)
     2    3.48   18.96   16.87  374.00 ^ _24433_/Y (NAND2x2_ASAP7_75t_R)
                                         _17863_ (net)
                 18.96    0.05  374.05 ^ _24434_/A (INVx2_ASAP7_75t_R)
     1    2.25   10.26    8.41  382.46 v _24434_/Y (INVx2_ASAP7_75t_R)
                                         _17910_ (net)
                 10.26    0.03  382.49 v _35401_/B (FAx1_ASAP7_75t_R)
     8   17.65  265.39  120.53  503.02 ^ _35401_/CON (FAx1_ASAP7_75t_R)
                                         _17962_ (net)
     4    7.62  177.31   92.08  595.10 v _35401_/SN (FAx1_ASAP7_75t_R)
                                         _17914_ (net)
                177.32    0.48  595.58 v _35040_/A (INVx2_ASAP7_75t_R)
     2    3.72   41.06   31.92  627.50 ^ _35040_/Y (INVx2_ASAP7_75t_R)
                                         _17913_ (net)
                 41.06    0.04  627.55 ^ _35461_/CI (FAx1_ASAP7_75t_R)
     7   12.63  200.92  210.83  838.38 v _35461_/SN (FAx1_ASAP7_75t_R)
                                         _18080_ (net)
                200.92    0.55  838.93 v _35462_/A (FAx1_ASAP7_75t_R)
     1    2.48   79.51   63.30  902.23 ^ _35462_/CON (FAx1_ASAP7_75t_R)
                                         _18122_ (net)
     1    0.78   58.49   21.09  923.31 v _35462_/SN (FAx1_ASAP7_75t_R)
                                         _18479_ (net)
                 58.49    0.01  923.33 v _34879_/A (INVx1_ASAP7_75t_R)
     1    2.29   27.43   21.94  945.27 ^ _34879_/Y (INVx1_ASAP7_75t_R)
                                         _18081_ (net)
                 27.43    0.12  945.39 ^ _35463_/A (FAx1_ASAP7_75t_R)
     1    0.88   25.87   39.72  985.10 v _35463_/SN (FAx1_ASAP7_75t_R)
                                         _18480_ (net)
                 25.87    0.03  985.13 v _34816_/A (INVx1_ASAP7_75t_R)
     1    1.71   16.75   13.58  998.71 ^ _34816_/Y (INVx1_ASAP7_75t_R)
                                         _18083_ (net)
                 16.75    0.03  998.74 ^ _35467_/CI (FAx1_ASAP7_75t_R)
     1    0.89   28.25   36.37 1035.11 v _35467_/SN (FAx1_ASAP7_75t_R)
                                         _18484_ (net)
                 28.25    0.03 1035.14 v _34856_/A (INVx1_ASAP7_75t_R)
     1    2.31   20.70   16.23 1051.37 ^ _34856_/Y (INVx1_ASAP7_75t_R)
                                         _18092_ (net)
                 20.70    0.06 1051.43 ^ _35468_/B (FAx1_ASAP7_75t_R)
     1    1.12   32.40   40.98 1092.41 v _35468_/SN (FAx1_ASAP7_75t_R)
                                         _18486_ (net)
                 32.40    0.02 1092.43 v _35578_/B (HAxp5_ASAP7_75t_R)
     4    3.66   75.17   68.67 1161.10 v _35578_/SN (HAxp5_ASAP7_75t_R)
                                         _00252_ (net)
                 75.17    0.02 1161.12 v _29453_/B (AO21x1_ASAP7_75t_R)
     1    0.78    8.86   25.83 1186.95 v _29453_/Y (AO21x1_ASAP7_75t_R)
                                         _09481_ (net)
                  8.86    0.02 1186.97 v _29454_/A2 (AO21x1_ASAP7_75t_R)
     2    1.24   10.64   16.12 1203.10 v _29454_/Y (AO21x1_ASAP7_75t_R)
                                         _09482_ (net)
                 10.64    0.01 1203.10 v _29488_/A2 (AO21x1_ASAP7_75t_R)
     1    0.73    8.22   15.09 1218.20 v _29488_/Y (AO21x1_ASAP7_75t_R)
                                         _09514_ (net)
                  8.22    0.01 1218.21 v _29489_/A2 (AO21x1_ASAP7_75t_R)
     2    1.34   11.17   16.26 1234.47 v _29489_/Y (AO21x1_ASAP7_75t_R)
                                         _09515_ (net)
                 11.18    0.04 1234.51 v _29532_/A2 (AO21x1_ASAP7_75t_R)
     1    0.65    7.85   14.99 1249.50 v _29532_/Y (AO21x1_ASAP7_75t_R)
                                         _09557_ (net)
                  7.85    0.02 1249.52 v _29536_/A2 (AO221x1_ASAP7_75t_R)
     2    2.53   18.22   27.41 1276.93 v _29536_/Y (AO221x1_ASAP7_75t_R)
                                         _09561_ (net)
                 18.22    0.11 1277.04 v _29607_/A1 (OA21x2_ASAP7_75t_R)
     4    3.94   14.69   23.79 1300.83 v _29607_/Y (OA21x2_ASAP7_75t_R)
                                         _09630_ (net)
                 14.69    0.15 1300.97 v _29608_/D (OR4x1_ASAP7_75t_R)
     1    0.73   12.87   32.31 1333.28 v _29608_/Y (OR4x1_ASAP7_75t_R)
                                         _09631_ (net)
                 12.87    0.02 1333.30 v _29613_/B (AND4x2_ASAP7_75t_R)
     2    4.32   16.49   21.08 1354.38 v _29613_/Y (AND4x2_ASAP7_75t_R)
                                         _09636_ (net)
                 16.92    1.47 1355.85 v _29616_/B (OR5x1_ASAP7_75t_R)
     1    1.17   15.88   37.99 1393.84 v _29616_/Y (OR5x1_ASAP7_75t_R)
                                         _09639_ (net)
                 15.88    0.02 1393.87 v _29617_/C (AOI211x1_ASAP7_75t_R)
     1    0.75   15.46   11.49 1405.36 ^ _29617_/Y (AOI211x1_ASAP7_75t_R)
                                         _09640_ (net)
                 15.46    0.01 1405.37 ^ _29620_/A2 (OA21x2_ASAP7_75t_R)
     1    3.58   15.55   21.40 1426.77 ^ _29620_/Y (OA21x2_ASAP7_75t_R)
                                         _09643_ (net)
                 15.66    0.74 1427.52 ^ _29624_/B (NOR2x2_ASAP7_75t_R)
     7    7.71   28.08   17.26 1444.78 v _29624_/Y (NOR2x2_ASAP7_75t_R)
                                         _09647_ (net)
                 28.44    1.78 1446.56 v clone9/A (BUFx3_ASAP7_75t_R)
     5    4.13   11.08   21.56 1468.12 v clone9/Y (BUFx3_ASAP7_75t_R)
                                         net9 (net)
                 11.12    0.40 1468.52 v _31307_/A1 (AO21x1_ASAP7_75t_R)
     1    0.68    6.95   15.94 1484.46 v _31307_/Y (AO21x1_ASAP7_75t_R)
                                         _03563_ (net)
                  6.95    0.01 1484.47 v gen_regfile_ff.register_file_i.rf_reg_q[735]$_DFFE_PN0P_/D (DFFASRHQNx1_ASAP7_75t_R)
                               1484.47   data arrival time

                  0.00 1260.00 1260.00   clock core_clock (rise edge)
                          0.00 1260.00   clock network delay (ideal)
                          0.00 1260.00   clock reconvergence pessimism
                               1260.00 ^ gen_regfile_ff.register_file_i.rf_reg_q[735]$_DFFE_PN0P_/CLK (DFFASRHQNx1_ASAP7_75t_R)
                         -5.39 1254.61   library setup time
                               1254.61   data required time
-----------------------------------------------------------------------------
                               1254.61   data required time
                               -1484.47   data arrival time
-----------------------------------------------------------------------------
                               -229.86   slack (VIOLATED)



==========================================================================
global place report_power
--------------------------------------------------------------------------
Group                  Internal  Switching    Leakage      Total
                          Power      Power      Power      Power (Watts)
----------------------------------------------------------------
Sequential             3.13e-03   9.01e-04   2.10e-07   4.03e-03   9.9%
Combinational          1.63e-02   2.03e-02   1.78e-06   3.65e-02  89.8%
Clock                  5.95e-07   1.04e-04   1.16e-10   1.04e-04   0.3%
Macro                  0.00e+00   0.00e+00   0.00e+00   0.00e+00   0.0%
Pad                    0.00e+00   0.00e+00   0.00e+00   0.00e+00   0.0%
----------------------------------------------------------------
Total                  1.94e-02   2.13e-02   1.99e-06   4.07e-02 100.0%
                          47.7%      52.3%       0.0%
