OpenROAD v2.0-19576-gec1bf1a13 
Features included (+) or not (-): +GPU +GUI +Python : None
This program is licensed under the BSD-3 license. See the LICENSE file for details.
Components of this program may be licensed under more restrictive licenses which must be honored.
[INFO ORD-0030] Using 16 thread(s).
Placement Analysis
---------------------------------
total displacement       3523.4 u
average displacement        0.2 u
max displacement            1.2 u
original HPWL           60706.3 u
legalized HPWL          63311.2 u
delta HPWL                    4 %

Detailed placement improvement.
Importing netlist into detailed improver.
[INFO DPO-0100] Creating network with 16605 cells, 388 terminals, 16543 edges, 54441 pins, and 0 blockages.
[INFO DPO-0109] Network stats: inst 16993, edges 16543, pins 54441
[INFO DPO-0110] Number of regions is 1
[INFO DPO-0401] Setting random seed to 1.
[INFO DPO-0402] Setting maximum displacement 5 1 to 1350 270 units.
[INFO DPO-0320] Collected 986 fixed cells.
[INFO DPO-0318] Collected 16007 single height cells.
[INFO DPO-0321] Collected 0 wide cells.
[INFO DPO-0322] Image (2052, 2160) - (94554, 48060)
[INFO DPO-0310] Assigned 16007 cells into segments.  Movement in X-direction is 0.000000, movement in Y-direction is 0.000000.
[INFO DPO-0313] Found 0 cells in wrong regions.
[INFO DPO-0315] Found 0 row alignment problems.
[INFO DPO-0314] Found 0 site alignment problems.
[INFO DPO-0311] Found 0 overlaps between adjacent cells.
[INFO DPO-0312] Found 0 edge spacing violations and 0 padding violations.
[INFO DPO-0303] Running algorithm for independent set matching.
[INFO DPO-0300] Set matching objective is wirelength.
[INFO DPO-0301] Pass   1 of matching; objective is 6.338788e+07.
[INFO DPO-0302] End of matching; objective is 6.334855e+07, improvement is 0.06 percent.
[INFO DPO-0303] Running algorithm for global swaps.
[INFO DPO-0306] Pass   1 of global swaps; hpwl is 6.252649e+07.
[INFO DPO-0306] Pass   2 of global swaps; hpwl is 6.226384e+07.
[INFO DPO-0307] End of global swaps; objective is 6.226384e+07, improvement is 1.71 percent.
[INFO DPO-0303] Running algorithm for vertical swaps.
[INFO DPO-0308] Pass   1 of vertical swaps; hpwl is 6.206779e+07.
[INFO DPO-0309] End of vertical swaps; objective is 6.206779e+07, improvement is 0.31 percent.
[INFO DPO-0303] Running algorithm for reordering.
[INFO DPO-0304] Pass   1 of reordering; objective is 6.189938e+07.
[INFO DPO-0305] End of reordering; objective is 6.189938e+07, improvement is 0.27 percent.
[INFO DPO-0303] Running algorithm for random improvement.
[INFO DPO-0324] Random improver is using displacement generator.
[INFO DPO-0325] Random improver is using hpwl objective.
[INFO DPO-0326] Random improver cost string is (a).
[INFO DPO-0332] End of pass, Generator displacement called 320140 times.
[INFO DPO-0335] Generator displacement, Cumulative attempts 320140, swaps 52540, moves 86121 since last reset.
[INFO DPO-0333] End of pass, Objective hpwl, Initial cost 6.179075e+07, Scratch cost 6.095059e+07, Incremental cost 6.095059e+07, Mismatch? N
[INFO DPO-0338] End of pass, Total cost is 6.095059e+07.
[INFO DPO-0327] Pass   1 of random improver; improvement in cost is 1.36 percent.
[INFO DPO-0332] End of pass, Generator displacement called 320140 times.
[INFO DPO-0335] Generator displacement, Cumulative attempts 640280, swaps 101788, moves 170341 since last reset.
[INFO DPO-0333] End of pass, Objective hpwl, Initial cost 6.095059e+07, Scratch cost 6.050602e+07, Incremental cost 6.050602e+07, Mismatch? N
[INFO DPO-0338] End of pass, Total cost is 6.050602e+07.
[INFO DPO-0327] Pass   2 of random improver; improvement in cost is 0.73 percent.
[INFO DPO-0328] End of random improver; improvement is 2.079174 percent.
[INFO DPO-0380] Cell flipping.
[INFO DPO-0382] Changed 8035 cell orientations for row compatibility.
[INFO DPO-0383] Performed 4775 cell flips.
[INFO DPO-0384] End of flipping; objective is 6.007033e+07, improvement is 0.90 percent.
[INFO DPO-0313] Found 0 cells in wrong regions.
[INFO DPO-0315] Found 0 row alignment problems.
[INFO DPO-0314] Found 0 site alignment problems.
[INFO DPO-0311] Found 0 overlaps between adjacent cells.
[INFO DPO-0312] Found 0 edge spacing violations and 0 padding violations.
Detailed Improvement Results
------------------------------------------
Original HPWL            63311.2 u
Final HPWL               59892.1 u
Delta HPWL                  -5.4 %

[INFO DPL-0020] Mirrored 6013 instances
[INFO DPL-0021] HPWL before           59892.1 u
[INFO DPL-0022] HPWL after            59860.0 u
[INFO DPL-0023] HPWL delta               -0.1 %
[INFO FLW-0012] Placement violations .
Report metrics stage 3, detailed place...

==========================================================================
detailed place report_design_area
--------------------------------------------------------------------------
Design area 1730 u^2 41% utilization.
Elapsed time: 0:17.40[h:]min:sec. CPU time: user 16.30 sys 0.33 (95%). Peak memory: 330312KB.
