OpenROAD v2.0-19576-gec1bf1a13 
Features included (+) or not (-): +GPU +GUI +Python : None
This program is licensed under the BSD-3 license. See the LICENSE file for details.
Components of this program may be licensed under more restrictive licenses which must be honored.
[INFO ORD-0030] Using 16 thread(s).
[INFO GPL-0002] DBU: 1000
[INFO GPL-0003] SiteSize: (  0.054  0.270 ) um
[INFO GPL-0004] CoreBBox: (  2.052  2.160 ) ( 64.962 52.380 ) um
[INFO GPL-0006] NumInstances:             16567
[INFO GPL-0007] NumPlaceInstances:        16007
[INFO GPL-0008] NumFixedInstances:          560
[INFO GPL-0009] NumDummyInstances:            0
[INFO GPL-0010] NumNets:                  16543
[INFO GPL-0011] NumPins:                  54441
[INFO GPL-0012] DieBBox:  (  0.000  0.000 ) ( 67.008 54.406 ) um
[INFO GPL-0013] CoreBBox: (  2.052  2.160 ) ( 64.962 52.380 ) um
[INFO GPL-0016] CoreArea:              3159.340 um^2
[INFO GPL-0017] NonPlaceInstsArea:       16.330 um^2
[INFO GPL-0018] PlaceInstsArea:        1729.975 um^2
[INFO GPL-0019] Util:                    55.042 %
[INFO GPL-0020] StdInstsArea:          1729.975 um^2
[INFO GPL-0021] MacroInstsArea:           0.000 um^2
[INFO GPL-0031] FillerInit:NumGCells:     29671
[INFO GPL-0032] FillerInit:NumGNets:      16543
[INFO GPL-0033] FillerInit:NumGPins:      54441
[INFO GPL-0023] TargetDensity:            1.000
[INFO GPL-0024] AvrgPlaceInstArea:        0.108 um^2
[INFO GPL-0025] IdealBinArea:             0.108 um^2
[INFO GPL-0026] IdealBinCnt:              29232
[INFO GPL-0027] TotalBinArea:          3159.340 um^2
[INFO GPL-0028] BinCnt:       128    128
[INFO GPL-0029] BinSize: (  0.492  0.393 )
[INFO GPL-0030] NumBins: 16384
Placement density is 0.785209903717041, computed from PLACE_DENSITY_LB_ADDON 0.50 and lower bound 0.550419807434082
global_placement -density 0.785209903717041 -pad_left 0 -pad_right 0
[INFO GPL-0002] DBU: 1000
[INFO GPL-0003] SiteSize: (  0.054  0.270 ) um
[INFO GPL-0004] CoreBBox: (  2.052  2.160 ) ( 64.962 52.380 ) um
[INFO GPL-0006] NumInstances:             16567
[INFO GPL-0007] NumPlaceInstances:        16007
[INFO GPL-0008] NumFixedInstances:          560
[INFO GPL-0009] NumDummyInstances:            0
[INFO GPL-0010] NumNets:                  16543
[INFO GPL-0011] NumPins:                  54441
[INFO GPL-0012] DieBBox:  (  0.000  0.000 ) ( 67.008 54.406 ) um
[INFO GPL-0013] CoreBBox: (  2.052  2.160 ) ( 64.962 52.380 ) um
[INFO GPL-0016] CoreArea:              3159.340 um^2
[INFO GPL-0017] NonPlaceInstsArea:       16.330 um^2
[INFO GPL-0018] PlaceInstsArea:        1729.975 um^2
[INFO GPL-0019] Util:                    55.042 %
[INFO GPL-0020] StdInstsArea:          1729.975 um^2
[INFO GPL-0021] MacroInstsArea:           0.000 um^2
[InitialPlace]  Iter: 1 CG residual: 0.00000999 HPWL: 66825948
[InitialPlace]  Iter: 2 CG residual: 0.00000126 HPWL: 27193305
[InitialPlace]  Iter: 3 CG residual: 0.00000120 HPWL: 27078660
[InitialPlace]  Iter: 4 CG residual: 0.00000099 HPWL: 27243585
[InitialPlace]  Iter: 5 CG residual: 0.00000134 HPWL: 27208520
[INFO GPL-0031] FillerInit:NumGCells:     23143
[INFO GPL-0032] FillerInit:NumGNets:      16543
[INFO GPL-0033] FillerInit:NumGPins:      54441
[INFO GPL-0023] TargetDensity:            0.785
[INFO GPL-0024] AvrgPlaceInstArea:        0.108 um^2
[INFO GPL-0025] IdealBinArea:             0.138 um^2
[INFO GPL-0026] IdealBinCnt:              22953
[INFO GPL-0027] TotalBinArea:          3159.340 um^2
[INFO GPL-0028] BinCnt:       128    128
[INFO GPL-0029] BinSize: (  0.492  0.393 )
[INFO GPL-0030] NumBins: 16384
[NesterovSolve] Iter:    1 overflow: 0.944 HPWL: 26084365
[NesterovSolve] Iter:   10 overflow: 0.865 HPWL: 22127283
[NesterovSolve] Iter:   20 overflow: 0.846 HPWL: 22348941
[NesterovSolve] Iter:   30 overflow: 0.848 HPWL: 22029232
[NesterovSolve] Iter:   40 overflow: 0.843 HPWL: 21917209
[NesterovSolve] Iter:   50 overflow: 0.839 HPWL: 21790914
[NesterovSolve] Iter:   60 overflow: 0.836 HPWL: 21797859
[NesterovSolve] Iter:   70 overflow: 0.832 HPWL: 21827995
[NesterovSolve] Iter:   80 overflow: 0.829 HPWL: 21833470
[NesterovSolve] Iter:   90 overflow: 0.827 HPWL: 21855132
[NesterovSolve] Iter:  100 overflow: 0.826 HPWL: 21892625
[NesterovSolve] Iter:  110 overflow: 0.824 HPWL: 21931465
[NesterovSolve] Iter:  120 overflow: 0.823 HPWL: 21975125
[NesterovSolve] Iter:  130 overflow: 0.822 HPWL: 22060883
[NesterovSolve] Iter:  140 overflow: 0.820 HPWL: 22221517
[NesterovSolve] Iter:  150 overflow: 0.815 HPWL: 22507240
[NesterovSolve] Iter:  160 overflow: 0.808 HPWL: 23029358
[NesterovSolve] Iter:  170 overflow: 0.798 HPWL: 23865126
[NesterovSolve] Iter:  180 overflow: 0.784 HPWL: 24926978
[NesterovSolve] Iter:  190 overflow: 0.768 HPWL: 26116930
[NesterovSolve] Iter:  200 overflow: 0.748 HPWL: 27657360
[NesterovSolve] Iter:  210 overflow: 0.730 HPWL: 29631335
[NesterovSolve] Iter:  220 overflow: 0.712 HPWL: 31347108
[NesterovSolve] Iter:  230 overflow: 0.690 HPWL: 32949818
[NesterovSolve] Iter:  240 overflow: 0.668 HPWL: 34299277
[NesterovSolve] Iter:  250 overflow: 0.642 HPWL: 35689745
[NesterovSolve] Iter:  260 overflow: 0.614 HPWL: 37139530
[NesterovSolve] Iter:  270 overflow: 0.580 HPWL: 38737441
[NesterovSolve] Iter:  280 overflow: 0.544 HPWL: 40285847
[NesterovSolve] Iter:  290 overflow: 0.502 HPWL: 41991671
[NesterovSolve] Iter:  300 overflow: 0.452 HPWL: 43722034
[NesterovSolve] Iter:  310 overflow: 0.386 HPWL: 45808880
[NesterovSolve] Iter:  320 overflow: 0.315 HPWL: 48106715
[NesterovSolve] Iter:  330 overflow: 0.265 HPWL: 49554374
[NesterovSolve] Iter:  340 overflow: 0.224 HPWL: 50642140
[NesterovSolve] Iter:  350 overflow: 0.190 HPWL: 51432374
[NesterovSolve] Iter:  360 overflow: 0.162 HPWL: 52024762
[NesterovSolve] Iter:  370 overflow: 0.138 HPWL: 52457718
[NesterovSolve] Iter:  380 overflow: 0.119 HPWL: 52779388
[NesterovSolve] Iter:  390 overflow: 0.102 HPWL: 53022798
[NesterovSolve] Finished with Overflow: 0.099334
Took 5 seconds: global_placement -density 0.785209903717041 -pad_left 0 -pad_right 0
Report metrics stage 3, global place...

==========================================================================
global place report_design_area
--------------------------------------------------------------------------
Design area 1730 u^2 55% utilization.
Elapsed time: 0:12.71[h:]min:sec. CPU time: user 96.36 sys 0.62 (762%). Peak memory: 285492KB.
