
==========================================================================
global place report_tns
--------------------------------------------------------------------------
tns -15.35

==========================================================================
global place report_wns
--------------------------------------------------------------------------
wns -0.19

==========================================================================
global place report_worst_slack
--------------------------------------------------------------------------
worst slack -0.19

==========================================================================
global place report_checks -path_delay min
--------------------------------------------------------------------------
Startpoint: u0.u1.d[3]$_DFF_P_ (rising edge-triggered flip-flop clocked by clk)
Endpoint: u0.w[1][19]$_DFF_P_ (rising edge-triggered flip-flop clocked by clk)
Path Group: clk
Path Type: min

Fanout     Cap    Slew   Delay    Time   Description
-----------------------------------------------------------------------------
                  0.00    0.00    0.00   clock clk (rise edge)
                          0.00    0.00   clock network delay (ideal)
                  0.00    0.00    0.00 ^ u0.u1.d[3]$_DFF_P_/CK (DFF_X1)
     1    2.32    0.01    0.06    0.06 ^ u0.u1.d[3]$_DFF_P_/QN (DFF_X1)
                                         _00427_ (net)
                  0.01    0.00    0.06 ^ _15927_/A (XNOR2_X1)
     2    4.05    0.01    0.02    0.08 v _15927_/ZN (XNOR2_X1)
                                         _06760_ (net)
                  0.01    0.00    0.08 v _16021_/B1 (AOI21_X1)
     1    1.26    0.01    0.02    0.11 ^ _16021_/ZN (AOI21_X1)
                                         _00331_ (net)
                  0.01    0.00    0.11 ^ u0.w[1][19]$_DFF_P_/D (DFF_X1)
                                  0.11   data arrival time

                  0.00    0.00    0.00   clock clk (rise edge)
                          0.00    0.00   clock network delay (ideal)
                          0.00    0.00   clock reconvergence pessimism
                                  0.00 ^ u0.w[1][19]$_DFF_P_/CK (DFF_X1)
                          0.01    0.01   library hold time
                                  0.01   data required time
-----------------------------------------------------------------------------
                                  0.01   data required time
                                 -0.11   data arrival time
-----------------------------------------------------------------------------
                                  0.10   slack (MET)



==========================================================================
global place report_checks -path_delay max
--------------------------------------------------------------------------
Startpoint: ld_r$_DFF_P_ (rising edge-triggered flip-flop clocked by clk)
Endpoint: sa22_sr[1]$_DFF_P_ (rising edge-triggered flip-flop clocked by clk)
Path Group: clk
Path Type: max

Fanout     Cap    Slew   Delay    Time   Description
-----------------------------------------------------------------------------
                  0.00    0.00    0.00   clock clk (rise edge)
                          0.00    0.00   clock network delay (ideal)
                  0.00    0.00    0.00 ^ ld_r$_DFF_P_/CK (DFF_X1)
     1    3.41    0.01    0.08    0.08 v ld_r$_DFF_P_/Q (DFF_X1)
                                         ld_r (net)
                  0.01    0.00    0.08 v _18258_/A (BUF_X4)
     5   20.15    0.01    0.03    0.11 v _18258_/Z (BUF_X4)
                                         _08970_ (net)
                  0.01    0.00    0.11 v _18298_/A (INV_X4)
     5   16.58    0.01    0.02    0.13 ^ _18298_/ZN (INV_X4)
                                         _09009_ (net)
                  0.01    0.00    0.13 ^ _18311_/A (BUF_X4)
    10   33.38    0.02    0.04    0.17 ^ _18311_/Z (BUF_X4)
                                         _09022_ (net)
                  0.02    0.00    0.17 ^ _18487_/A (BUF_X4)
    10   32.59    0.02    0.04    0.21 ^ _18487_/Z (BUF_X4)
                                         _09194_ (net)
                  0.02    0.00    0.21 ^ _18488_/A (BUF_X2)
    10   38.79    0.04    0.06    0.27 ^ _18488_/Z (BUF_X2)
                                         _09195_ (net)
                  0.05    0.01    0.28 ^ _23893_/S (MUX2_X1)
     2    8.47    0.02    0.08    0.36 v _23893_/Z (MUX2_X1)
                                         _00944_ (net)
                  0.02    0.00    0.36 v _23894_/B (XOR2_X2)
     5   11.25    0.02    0.07    0.43 v _23894_/Z (XOR2_X2)
                                         _00945_ (net)
                  0.02    0.00    0.43 v _23895_/A (INV_X1)
     2    5.07    0.02    0.03    0.45 ^ _23895_/ZN (INV_X1)
                                         _00946_ (net)
                  0.02    0.00    0.45 ^ _23896_/A (BUF_X4)
    10   23.64    0.02    0.03    0.49 ^ _23896_/Z (BUF_X4)
                                         _00947_ (net)
                  0.02    0.00    0.49 ^ _23897_/A (BUF_X4)
    17   49.87    0.03    0.05    0.53 ^ _23897_/Z (BUF_X4)
                                         _15056_ (net)
                  0.03    0.00    0.53 ^ _29712_/B (HA_X1)
     9   21.78    0.05    0.09    0.62 ^ _29712_/CO (HA_X1)
                                         _15057_ (net)
                  0.05    0.00    0.62 ^ _24121_/A1 (NAND3_X1)
     5   10.72    0.04    0.06    0.68 v _24121_/ZN (NAND3_X1)
                                         _01166_ (net)
                  0.04    0.00    0.68 v _24122_/A (OAI21_X1)
     2    4.59    0.03    0.04    0.72 ^ _24122_/ZN (OAI21_X1)
                                         _01167_ (net)
                  0.03    0.00    0.72 ^ _24192_/A (MUX2_X1)
     1    1.72    0.01    0.04    0.76 ^ _24192_/Z (MUX2_X1)
                                         _01236_ (net)
                  0.01    0.00    0.76 ^ _24193_/B1 (AOI21_X1)
     1    1.66    0.02    0.01    0.78 v _24193_/ZN (AOI21_X1)
                                         _01237_ (net)
                  0.02    0.00    0.78 v _24212_/B1 (AOI221_X1)
     1    5.15    0.07    0.10    0.88 ^ _24212_/ZN (AOI221_X1)
                                         _01256_ (net)
                  0.07    0.00    0.88 ^ _24222_/A3 (NAND4_X1)
     1    9.99    0.04    0.07    0.95 v _24222_/ZN (NAND4_X1)
                                         _00097_ (net)
                  0.04    0.00    0.95 v sa22_sr[1]$_DFF_P_/D (DFF_X1)
                                  0.95   data arrival time

                  0.00    0.82    0.82   clock clk (rise edge)
                          0.00    0.82   clock network delay (ideal)
                          0.00    0.82   clock reconvergence pessimism
                                  0.82 ^ sa22_sr[1]$_DFF_P_/CK (DFF_X1)
                         -0.05    0.77   library setup time
                                  0.77   data required time
-----------------------------------------------------------------------------
                                  0.77   data required time
                                 -0.95   data arrival time
-----------------------------------------------------------------------------
                                 -0.19   slack (VIOLATED)



==========================================================================
global place report_checks -unconstrained
--------------------------------------------------------------------------
Startpoint: ld_r$_DFF_P_ (rising edge-triggered flip-flop clocked by clk)
Endpoint: sa22_sr[1]$_DFF_P_ (rising edge-triggered flip-flop clocked by clk)
Path Group: clk
Path Type: max

Fanout     Cap    Slew   Delay    Time   Description
-----------------------------------------------------------------------------
                  0.00    0.00    0.00   clock clk (rise edge)
                          0.00    0.00   clock network delay (ideal)
                  0.00    0.00    0.00 ^ ld_r$_DFF_P_/CK (DFF_X1)
     1    3.41    0.01    0.08    0.08 v ld_r$_DFF_P_/Q (DFF_X1)
                                         ld_r (net)
                  0.01    0.00    0.08 v _18258_/A (BUF_X4)
     5   20.15    0.01    0.03    0.11 v _18258_/Z (BUF_X4)
                                         _08970_ (net)
                  0.01    0.00    0.11 v _18298_/A (INV_X4)
     5   16.58    0.01    0.02    0.13 ^ _18298_/ZN (INV_X4)
                                         _09009_ (net)
                  0.01    0.00    0.13 ^ _18311_/A (BUF_X4)
    10   33.38    0.02    0.04    0.17 ^ _18311_/Z (BUF_X4)
                                         _09022_ (net)
                  0.02    0.00    0.17 ^ _18487_/A (BUF_X4)
    10   32.59    0.02    0.04    0.21 ^ _18487_/Z (BUF_X4)
                                         _09194_ (net)
                  0.02    0.00    0.21 ^ _18488_/A (BUF_X2)
    10   38.79    0.04    0.06    0.27 ^ _18488_/Z (BUF_X2)
                                         _09195_ (net)
                  0.05    0.01    0.28 ^ _23893_/S (MUX2_X1)
     2    8.47    0.02    0.08    0.36 v _23893_/Z (MUX2_X1)
                                         _00944_ (net)
                  0.02    0.00    0.36 v _23894_/B (XOR2_X2)
     5   11.25    0.02    0.07    0.43 v _23894_/Z (XOR2_X2)
                                         _00945_ (net)
                  0.02    0.00    0.43 v _23895_/A (INV_X1)
     2    5.07    0.02    0.03    0.45 ^ _23895_/ZN (INV_X1)
                                         _00946_ (net)
                  0.02    0.00    0.45 ^ _23896_/A (BUF_X4)
    10   23.64    0.02    0.03    0.49 ^ _23896_/Z (BUF_X4)
                                         _00947_ (net)
                  0.02    0.00    0.49 ^ _23897_/A (BUF_X4)
    17   49.87    0.03    0.05    0.53 ^ _23897_/Z (BUF_X4)
                                         _15056_ (net)
                  0.03    0.00    0.53 ^ _29712_/B (HA_X1)
     9   21.78    0.05    0.09    0.62 ^ _29712_/CO (HA_X1)
                                         _15057_ (net)
                  0.05    0.00    0.62 ^ _24121_/A1 (NAND3_X1)
     5   10.72    0.04    0.06    0.68 v _24121_/ZN (NAND3_X1)
                                         _01166_ (net)
                  0.04    0.00    0.68 v _24122_/A (OAI21_X1)
     2    4.59    0.03    0.04    0.72 ^ _24122_/ZN (OAI21_X1)
                                         _01167_ (net)
                  0.03    0.00    0.72 ^ _24192_/A (MUX2_X1)
     1    1.72    0.01    0.04    0.76 ^ _24192_/Z (MUX2_X1)
                                         _01236_ (net)
                  0.01    0.00    0.76 ^ _24193_/B1 (AOI21_X1)
     1    1.66    0.02    0.01    0.78 v _24193_/ZN (AOI21_X1)
                                         _01237_ (net)
                  0.02    0.00    0.78 v _24212_/B1 (AOI221_X1)
     1    5.15    0.07    0.10    0.88 ^ _24212_/ZN (AOI221_X1)
                                         _01256_ (net)
                  0.07    0.00    0.88 ^ _24222_/A3 (NAND4_X1)
     1    9.99    0.04    0.07    0.95 v _24222_/ZN (NAND4_X1)
                                         _00097_ (net)
                  0.04    0.00    0.95 v sa22_sr[1]$_DFF_P_/D (DFF_X1)
                                  0.95   data arrival time

                  0.00    0.82    0.82   clock clk (rise edge)
                          0.00    0.82   clock network delay (ideal)
                          0.00    0.82   clock reconvergence pessimism
                                  0.82 ^ sa22_sr[1]$_DFF_P_/CK (DFF_X1)
                         -0.05    0.77   library setup time
                                  0.77   data required time
-----------------------------------------------------------------------------
                                  0.77   data required time
                                 -0.95   data arrival time
-----------------------------------------------------------------------------
                                 -0.19   slack (VIOLATED)



==========================================================================
global place report_power
--------------------------------------------------------------------------
Group                  Internal  Switching    Leakage      Total
                          Power      Power      Power      Power (Watts)
----------------------------------------------------------------
Sequential             9.23e-03   1.06e-03   4.44e-05   1.03e-02   2.9%
Combinational          1.67e-01   1.77e-01   5.07e-04   3.44e-01  97.1%
Clock                  0.00e+00   0.00e+00   0.00e+00   0.00e+00   0.0%
Macro                  0.00e+00   0.00e+00   0.00e+00   0.00e+00   0.0%
Pad                    0.00e+00   0.00e+00   0.00e+00   0.00e+00   0.0%
----------------------------------------------------------------
Total                  1.76e-01   1.78e-01   5.51e-04   3.55e-01 100.0%
                          49.6%      50.2%       0.2%
