
==========================================================================
global place report_tns
--------------------------------------------------------------------------
tns -47583.16

==========================================================================
global place report_wns
--------------------------------------------------------------------------
wns -250.53

==========================================================================
global place report_worst_slack
--------------------------------------------------------------------------
worst slack -250.53

==========================================================================
global place report_checks -path_delay min
--------------------------------------------------------------------------
Startpoint: rst_ni (input port clocked by core_clock)
Endpoint: _35798_ (removal check against rising-edge clock core_clock)
Path Group: asynchronous
Path Type: min

Fanout     Cap    Slew   Delay    Time   Description
-----------------------------------------------------------------------------
                  0.00    0.00    0.00   clock core_clock (rise edge)
                          0.00    0.00   clock network delay (ideal)
                        252.00  252.00 ^ input external delay
    31   36.73    0.00    0.00  252.00 ^ rst_ni (in)
                                         rst_ni (net)
                 41.86   13.21  265.21 ^ _35798_/RESETN (DFFASRHQNx1_ASAP7_75t_R)
                                265.21   data arrival time

                  0.00    0.00    0.00   clock core_clock (rise edge)
                          0.00    0.00   clock network delay (ideal)
                          0.00    0.00   clock reconvergence pessimism
                                  0.00 ^ _35798_/CLK (DFFASRHQNx1_ASAP7_75t_R)
                         21.83   21.83   library removal time
                                 21.83   data required time
-----------------------------------------------------------------------------
                                 21.83   data required time
                               -265.21   data arrival time
-----------------------------------------------------------------------------
                                243.37   slack (MET)


Startpoint: core_clock_gate_i.en_latch$_DLATCH_N_
            (negative level-sensitive latch clocked by core_clock)
Endpoint: _35046_ (rising clock gating-check end-point clocked by core_clock)
Path Group: gated clock
Path Type: min

Fanout     Cap    Slew   Delay    Time   Description
-----------------------------------------------------------------------------
                  0.00  630.00  630.00   clock core_clock (fall edge)
                          0.00  630.00   clock network delay (ideal)
                  0.00    0.00  630.00 v core_clock_gate_i.en_latch$_DLATCH_N_/CLK (DLLx1_ASAP7_75t_R)
     1    0.32    6.21   17.28  647.28 ^ core_clock_gate_i.en_latch$_DLATCH_N_/Q (DLLx1_ASAP7_75t_R)
                                         core_clock_gate_i.en_latch (net)
                  6.21    0.00  647.28 ^ _35046_/B (AND2x2_ASAP7_75t_R)
                                647.28   data arrival time

                  0.00  630.00  630.00   clock core_clock (fall edge)
                          0.00  630.00   clock network delay (ideal)
                          0.00  630.00   clock reconvergence pessimism
                                630.00 v _35046_/A (AND2x2_ASAP7_75t_R)
                          0.00  630.00   clock gating hold time
                                630.00   data required time
-----------------------------------------------------------------------------
                                630.00   data required time
                               -647.28   data arrival time
-----------------------------------------------------------------------------
                                 17.28   slack (MET)


Startpoint: gen_regfile_ff.register_file_i.rf_reg_q[200]$_DFFE_PN0P_
            (rising edge-triggered flip-flop clocked by core_clock)
Endpoint: gen_regfile_ff.register_file_i.rf_reg_q[200]$_DFFE_PN0P_
          (rising edge-triggered flip-flop clocked by core_clock)
Path Group: core_clock
Path Type: min

Fanout     Cap    Slew   Delay    Time   Description
-----------------------------------------------------------------------------
                  0.00    0.00    0.00   clock core_clock (rise edge)
                          0.00    0.00   clock network delay (ideal)
                  0.00    0.00    0.00 ^ gen_regfile_ff.register_file_i.rf_reg_q[200]$_DFFE_PN0P_/CLK (DFFASRHQNx1_ASAP7_75t_R)
     2    1.55   19.13   39.40   39.40 ^ gen_regfile_ff.register_file_i.rf_reg_q[200]$_DFFE_PN0P_/QN (DFFASRHQNx1_ASAP7_75t_R)
                                         _00668_ (net)
                 19.13    0.00   39.40 ^ _29914_/A1 (OAI21x1_ASAP7_75t_R)
     1    0.69    6.19    7.39   46.79 v _29914_/Y (OAI21x1_ASAP7_75t_R)
                                         _02970_ (net)
                  6.19    0.02   46.81 v gen_regfile_ff.register_file_i.rf_reg_q[200]$_DFFE_PN0P_/D (DFFASRHQNx1_ASAP7_75t_R)
                                 46.81   data arrival time

                  0.00    0.00    0.00   clock core_clock (rise edge)
                          0.00    0.00   clock network delay (ideal)
                          0.00    0.00   clock reconvergence pessimism
                                  0.00 ^ gen_regfile_ff.register_file_i.rf_reg_q[200]$_DFFE_PN0P_/CLK (DFFASRHQNx1_ASAP7_75t_R)
                          9.28    9.28   library hold time
                                  9.28   data required time
-----------------------------------------------------------------------------
                                  9.28   data required time
                                -46.81   data arrival time
-----------------------------------------------------------------------------
                                 37.53   slack (MET)



==========================================================================
global place report_checks -path_delay max
--------------------------------------------------------------------------
Startpoint: rst_ni (input port clocked by core_clock)
Endpoint: gen_regfile_ff.register_file_i.rf_reg_q[454]$_DFFE_PN0P_
          (recovery check against rising-edge clock core_clock)
Path Group: asynchronous
Path Type: max

Fanout     Cap    Slew   Delay    Time   Description
-----------------------------------------------------------------------------
                  0.00    0.00    0.00   clock core_clock (rise edge)
                          0.00    0.00   clock network delay (ideal)
                        252.00  252.00 ^ input external delay
    31   45.25    0.00    0.00  252.00 ^ rst_ni (in)
                                         rst_ni (net)
                 26.06    8.22  260.22 ^ load_slew54/A (BUFx16f_ASAP7_75t_R)
    74  102.33   50.14   28.10  288.32 ^ load_slew54/Y (BUFx16f_ASAP7_75t_R)
                                         net76 (net)
                124.72   36.68  325.00 ^ load_slew51/A (BUFx16f_ASAP7_75t_R)
    53   79.67   47.57   39.32  364.32 ^ load_slew51/Y (BUFx16f_ASAP7_75t_R)
                                         net73 (net)
                 78.66   20.84  385.15 ^ load_slew45/A (BUFx16f_ASAP7_75t_R)
    68   99.40   54.59   35.76  420.91 ^ load_slew45/Y (BUFx16f_ASAP7_75t_R)
                                         net67 (net)
                123.32   37.07  457.98 ^ load_slew42/A (BUFx24_ASAP7_75t_R)
    80  106.98   48.76   45.09  503.07 ^ load_slew42/Y (BUFx24_ASAP7_75t_R)
                                         net64 (net)
                108.24   30.64  533.71 ^ load_slew41/A (BUFx16f_ASAP7_75t_R)
    72  101.56   59.28   43.48  577.19 ^ load_slew41/Y (BUFx16f_ASAP7_75t_R)
                                         net63 (net)
                 59.64    2.97  580.16 ^ load_slew39/A (BUFx16f_ASAP7_75t_R)
    65   83.50   48.59   38.72  618.88 ^ load_slew39/Y (BUFx16f_ASAP7_75t_R)
                                         net61 (net)
                 54.19    8.69  627.56 ^ gen_regfile_ff.register_file_i.rf_reg_q[454]$_DFFE_PN0P_/SETN (DFFASRHQNx1_ASAP7_75t_R)
                                627.56   data arrival time

                  0.00 1260.00 1260.00   clock core_clock (rise edge)
                          0.00 1260.00   clock network delay (ideal)
                          0.00 1260.00   clock reconvergence pessimism
                               1260.00 ^ gen_regfile_ff.register_file_i.rf_reg_q[454]$_DFFE_PN0P_/CLK (DFFASRHQNx1_ASAP7_75t_R)
                         -4.77 1255.23   library recovery time
                               1255.23   data required time
-----------------------------------------------------------------------------
                               1255.23   data required time
                               -627.56   data arrival time
-----------------------------------------------------------------------------
                                627.66   slack (MET)


Startpoint: core_clock_gate_i.en_latch$_DLATCH_N_
            (negative level-sensitive latch clocked by core_clock)
Endpoint: _35046_ (rising clock gating-check end-point clocked by core_clock)
Path Group: gated clock
Path Type: max

Fanout     Cap    Slew   Delay    Time   Description
-----------------------------------------------------------------------------
                  0.00  630.00  630.00   clock core_clock (fall edge)
                          0.00  630.00   clock network delay (ideal)
                  0.00    0.00  630.00 v core_clock_gate_i.en_latch$_DLATCH_N_/CLK (DLLx1_ASAP7_75t_R)
     1    0.57    7.55   27.17  657.17 v core_clock_gate_i.en_latch$_DLATCH_N_/Q (DLLx1_ASAP7_75t_R)
                                         core_clock_gate_i.en_latch (net)
                  7.55    0.00  657.17 v _35046_/B (AND2x2_ASAP7_75t_R)
                                657.17   data arrival time

                  0.00 1260.00 1260.00   clock core_clock (rise edge)
                          0.00 1260.00   clock network delay (ideal)
                          0.00 1260.00   clock reconvergence pessimism
                               1260.00 ^ _35046_/A (AND2x2_ASAP7_75t_R)
                          0.00 1260.00   clock gating setup time
                               1260.00   data required time
-----------------------------------------------------------------------------
                               1260.00   data required time
                               -657.17   data arrival time
-----------------------------------------------------------------------------
                                602.83   slack (MET)


Startpoint: if_stage_i.instr_rdata_alu_id_o[21]$_DFFE_PN_
            (rising edge-triggered flip-flop clocked by core_clock)
Endpoint: gen_regfile_ff.register_file_i.rf_reg_q[991]$_DFFE_PN0P_
          (rising edge-triggered flip-flop clocked by core_clock)
Path Group: core_clock
Path Type: max

Fanout     Cap    Slew   Delay    Time   Description
-----------------------------------------------------------------------------
                  0.00    0.00    0.00   clock core_clock (rise edge)
                          0.00    0.00   clock network delay (ideal)
                  0.00    0.00    0.00 ^ if_stage_i.instr_rdata_alu_id_o[21]$_DFFE_PN_/CLK (DFFHQNx2_ASAP7_75t_R)
     5    8.36   38.32   51.75   51.75 ^ if_stage_i.instr_rdata_alu_id_o[21]$_DFFE_PN_/QN (DFFHQNx2_ASAP7_75t_R)
                                         _01552_ (net)
                 38.55    1.67   53.42 ^ _19184_/A (BUFx6f_ASAP7_75t_R)
     5    7.80   12.08   21.28   74.70 ^ _19184_/Y (BUFx6f_ASAP7_75t_R)
                                         _13455_ (net)
                 12.08    0.12   74.82 ^ _19185_/A (BUFx12f_ASAP7_75t_R)
    11   12.94   11.80   14.78   89.59 ^ _19185_/Y (BUFx12f_ASAP7_75t_R)
                                         _13456_ (net)
                 17.97    4.45   94.04 ^ _19186_/A (BUFx6f_ASAP7_75t_R)
     6    7.79   11.60   17.39  111.43 ^ _19186_/Y (BUFx6f_ASAP7_75t_R)
                                         _13457_ (net)
                 11.61    0.13  111.57 ^ _19187_/A (BUFx12f_ASAP7_75t_R)
     6   17.05   12.99   13.88  125.44 ^ _19187_/Y (BUFx12f_ASAP7_75t_R)
                                         _13458_ (net)
                 38.84   11.73  137.17 ^ _21318_/A (BUFx12f_ASAP7_75t_R)
    10   21.90   19.03   21.90  159.07 ^ _21318_/Y (BUFx12f_ASAP7_75t_R)
                                         _15515_ (net)
                 25.78    5.87  164.94 ^ _21703_/A (BUFx12f_ASAP7_75t_R)
    10   15.96   13.98   19.04  183.98 ^ _21703_/Y (BUFx12f_ASAP7_75t_R)
                                         _15891_ (net)
                 18.56    4.17  188.15 ^ _22123_/A (NAND2x1_ASAP7_75t_R)
     1    0.45   10.83    8.08  196.23 v _22123_/Y (NAND2x1_ASAP7_75t_R)
                                         _16298_ (net)
                 10.83    0.00  196.23 v _22124_/B (OA211x2_ASAP7_75t_R)
     1    0.67    9.19   25.88  222.11 v _22124_/Y (OA211x2_ASAP7_75t_R)
                                         _16299_ (net)
                  9.19    0.01  222.12 v _22125_/C (OR3x1_ASAP7_75t_R)
     1    0.66    9.29   23.86  245.98 v _22125_/Y (OR3x1_ASAP7_75t_R)
                                         _16300_ (net)
                  9.30    0.02  246.00 v _22126_/B (OA211x2_ASAP7_75t_R)
     1    4.01   18.60   31.20  277.20 v _22126_/Y (OA211x2_ASAP7_75t_R)
                                         _16301_ (net)
                 18.98    1.45  278.66 v _22145_/C (OR3x1_ASAP7_75t_R)
     2    2.39   19.32   31.98  310.64 v _22145_/Y (OR3x1_ASAP7_75t_R)
                                         _16320_ (net)
                 19.33    0.27  310.91 v _22179_/B (AND2x4_ASAP7_75t_R)
     6    5.76   12.25   22.60  333.51 v _22179_/Y (AND2x4_ASAP7_75t_R)
                                         _16354_ (net)
                 12.27    0.24  333.75 v _24175_/A2 (AO21x2_ASAP7_75t_R)
     8    8.18   26.67   27.26  361.02 v _24175_/Y (AO21x2_ASAP7_75t_R)
                                         _05187_ (net)
                 27.38    2.38  363.39 v _24418_/B (NAND2x2_ASAP7_75t_R)
     2    3.06   18.41   16.86  380.25 ^ _24418_/Y (NAND2x2_ASAP7_75t_R)
                                         _17865_ (net)
                 18.42    0.05  380.30 ^ _24419_/A (INVx2_ASAP7_75t_R)
     2    3.69   13.57   10.66  390.97 v _24419_/Y (INVx2_ASAP7_75t_R)
                                         _17820_ (net)
                 13.57    0.02  390.98 v _35401_/A (FAx1_ASAP7_75t_R)
     8   17.21  258.59  119.20  510.18 ^ _35401_/CON (FAx1_ASAP7_75t_R)
                                         _17962_ (net)
     4    7.70  179.25   91.51  601.69 v _35401_/SN (FAx1_ASAP7_75t_R)
                                         _17914_ (net)
                179.26    0.57  602.26 v _35040_/A (INVx2_ASAP7_75t_R)
     2    3.70   41.12   31.99  634.25 ^ _35040_/Y (INVx2_ASAP7_75t_R)
                                         _17913_ (net)
                 41.12    0.02  634.27 ^ _35461_/CI (FAx1_ASAP7_75t_R)
     7   12.20  193.80  207.86  842.13 v _35461_/SN (FAx1_ASAP7_75t_R)
                                         _18080_ (net)
                193.80    0.13  842.26 v _35462_/A (FAx1_ASAP7_75t_R)
     1    2.42   77.73   61.94  904.19 ^ _35462_/CON (FAx1_ASAP7_75t_R)
                                         _18122_ (net)
     1    0.83   58.05   21.26  925.45 v _35462_/SN (FAx1_ASAP7_75t_R)
                                         _18479_ (net)
                 58.05    0.02  925.47 v _34879_/A (INVx1_ASAP7_75t_R)
     1    2.05   25.80   20.77  946.24 ^ _34879_/Y (INVx1_ASAP7_75t_R)
                                         _18081_ (net)
                 25.80    0.02  946.26 ^ _35463_/A (FAx1_ASAP7_75t_R)
     1    0.80   24.51   38.09  984.34 v _35463_/SN (FAx1_ASAP7_75t_R)
                                         _18480_ (net)
                 24.51    0.02  984.36 v _34816_/A (INVx1_ASAP7_75t_R)
     1    1.69   16.31   13.25  997.60 ^ _34816_/Y (INVx1_ASAP7_75t_R)
                                         _18083_ (net)
                 16.31    0.02  997.63 ^ _35467_/CI (FAx1_ASAP7_75t_R)
     1    0.73   26.23   33.86 1031.49 v _35467_/SN (FAx1_ASAP7_75t_R)
                                         _18484_ (net)
                 26.23    0.01 1031.50 v _34856_/A (INVx1_ASAP7_75t_R)
     1    2.32   20.24   15.78 1047.28 ^ _34856_/Y (INVx1_ASAP7_75t_R)
                                         _18092_ (net)
                 20.24    0.06 1047.34 ^ _35468_/B (FAx1_ASAP7_75t_R)
     1    1.57   41.84   47.55 1094.89 v _35468_/SN (FAx1_ASAP7_75t_R)
                                         _18486_ (net)
                 41.85    0.14 1095.03 v _35578_/B (HAxp5_ASAP7_75t_R)
     4    3.77   77.80   73.27 1168.30 v _35578_/SN (HAxp5_ASAP7_75t_R)
                                         _00252_ (net)
                 77.80    0.06 1168.36 v _29453_/B (AO21x1_ASAP7_75t_R)
     1    0.71    8.60   25.94 1194.30 v _29453_/Y (AO21x1_ASAP7_75t_R)
                                         _09481_ (net)
                  8.60    0.01 1194.31 v _29454_/A2 (AO21x1_ASAP7_75t_R)
     2    1.13    9.97   15.75 1210.06 v _29454_/Y (AO21x1_ASAP7_75t_R)
                                         _09482_ (net)
                  9.97    0.01 1210.07 v _29488_/A2 (AO21x1_ASAP7_75t_R)
     1    0.68    8.02   14.76 1224.83 v _29488_/Y (AO21x1_ASAP7_75t_R)
                                         _09514_ (net)
                  8.02    0.01 1224.83 v _29489_/A2 (AO21x1_ASAP7_75t_R)
     2    1.23   10.63   15.86 1240.69 v _29489_/Y (AO21x1_ASAP7_75t_R)
                                         _09515_ (net)
                 10.63    0.02 1240.72 v _29532_/A2 (AO21x1_ASAP7_75t_R)
     1    0.57    7.47   14.60 1255.32 v _29532_/Y (AO21x1_ASAP7_75t_R)
                                         _09557_ (net)
                  7.47    0.01 1255.33 v _29536_/A2 (AO221x1_ASAP7_75t_R)
     2    2.41   17.58   27.01 1282.33 v _29536_/Y (AO221x1_ASAP7_75t_R)
                                         _09561_ (net)
                 17.58    0.05 1282.39 v _29607_/A1 (OA21x2_ASAP7_75t_R)
     4    5.00   17.73   24.98 1307.37 v _29607_/Y (OA21x2_ASAP7_75t_R)
                                         _09630_ (net)
                 17.81    0.65 1308.02 v _29608_/D (OR4x1_ASAP7_75t_R)
     1    0.69   13.04   32.69 1340.71 v _29608_/Y (OR4x1_ASAP7_75t_R)
                                         _09631_ (net)
                 13.04    0.01 1340.72 v _29613_/B (AND4x2_ASAP7_75t_R)
     2    4.23   16.17   21.04 1361.76 v _29613_/Y (AND4x2_ASAP7_75t_R)
                                         _09636_ (net)
                 16.56    1.39 1363.14 v _29616_/B (OR5x1_ASAP7_75t_R)
     1    1.15   15.70   37.78 1400.92 v _29616_/Y (OR5x1_ASAP7_75t_R)
                                         _09639_ (net)
                 15.70    0.02 1400.94 v _29617_/C (AOI211x1_ASAP7_75t_R)
     1    0.65   15.07   11.05 1411.99 ^ _29617_/Y (AOI211x1_ASAP7_75t_R)
                                         _09640_ (net)
                 15.07    0.00 1411.99 ^ _29620_/A2 (OA21x2_ASAP7_75t_R)
     1    5.00   20.44   23.00 1434.99 ^ _29620_/Y (OA21x2_ASAP7_75t_R)
                                         _09643_ (net)
                 21.00    1.85 1436.84 ^ _29624_/B (NOR2x2_ASAP7_75t_R)
     7   10.57   38.36   20.52 1457.36 v _29624_/Y (NOR2x2_ASAP7_75t_R)
                                         _09647_ (net)
                 43.16    7.10 1464.45 v _29625_/A (BUFx3_ASAP7_75t_R)
     5    3.44   10.37   24.25 1488.70 v _29625_/Y (BUFx3_ASAP7_75t_R)
                                         _09648_ (net)
                 10.37    0.10 1488.80 v _31955_/A1 (AO21x1_ASAP7_75t_R)
     1    0.82    7.60   16.15 1504.95 v _31955_/Y (AO21x1_ASAP7_75t_R)
                                         _03847_ (net)
                  7.60    0.03 1504.98 v gen_regfile_ff.register_file_i.rf_reg_q[991]$_DFFE_PN0P_/D (DFFASRHQNx1_ASAP7_75t_R)
                               1504.98   data arrival time

                  0.00 1260.00 1260.00   clock core_clock (rise edge)
                          0.00 1260.00   clock network delay (ideal)
                          0.00 1260.00   clock reconvergence pessimism
                               1260.00 ^ gen_regfile_ff.register_file_i.rf_reg_q[991]$_DFFE_PN0P_/CLK (DFFASRHQNx1_ASAP7_75t_R)
                         -5.55 1254.45   library setup time
                               1254.45   data required time
-----------------------------------------------------------------------------
                               1254.45   data required time
                               -1504.98   data arrival time
-----------------------------------------------------------------------------
                               -250.53   slack (VIOLATED)



==========================================================================
global place report_checks -unconstrained
--------------------------------------------------------------------------
Startpoint: rst_ni (input port clocked by core_clock)
Endpoint: gen_regfile_ff.register_file_i.rf_reg_q[454]$_DFFE_PN0P_
          (recovery check against rising-edge clock core_clock)
Path Group: asynchronous
Path Type: max

Fanout     Cap    Slew   Delay    Time   Description
-----------------------------------------------------------------------------
                  0.00    0.00    0.00   clock core_clock (rise edge)
                          0.00    0.00   clock network delay (ideal)
                        252.00  252.00 ^ input external delay
    31   45.25    0.00    0.00  252.00 ^ rst_ni (in)
                                         rst_ni (net)
                 26.06    8.22  260.22 ^ load_slew54/A (BUFx16f_ASAP7_75t_R)
    74  102.33   50.14   28.10  288.32 ^ load_slew54/Y (BUFx16f_ASAP7_75t_R)
                                         net76 (net)
                124.72   36.68  325.00 ^ load_slew51/A (BUFx16f_ASAP7_75t_R)
    53   79.67   47.57   39.32  364.32 ^ load_slew51/Y (BUFx16f_ASAP7_75t_R)
                                         net73 (net)
                 78.66   20.84  385.15 ^ load_slew45/A (BUFx16f_ASAP7_75t_R)
    68   99.40   54.59   35.76  420.91 ^ load_slew45/Y (BUFx16f_ASAP7_75t_R)
                                         net67 (net)
                123.32   37.07  457.98 ^ load_slew42/A (BUFx24_ASAP7_75t_R)
    80  106.98   48.76   45.09  503.07 ^ load_slew42/Y (BUFx24_ASAP7_75t_R)
                                         net64 (net)
                108.24   30.64  533.71 ^ load_slew41/A (BUFx16f_ASAP7_75t_R)
    72  101.56   59.28   43.48  577.19 ^ load_slew41/Y (BUFx16f_ASAP7_75t_R)
                                         net63 (net)
                 59.64    2.97  580.16 ^ load_slew39/A (BUFx16f_ASAP7_75t_R)
    65   83.50   48.59   38.72  618.88 ^ load_slew39/Y (BUFx16f_ASAP7_75t_R)
                                         net61 (net)
                 54.19    8.69  627.56 ^ gen_regfile_ff.register_file_i.rf_reg_q[454]$_DFFE_PN0P_/SETN (DFFASRHQNx1_ASAP7_75t_R)
                                627.56   data arrival time

                  0.00 1260.00 1260.00   clock core_clock (rise edge)
                          0.00 1260.00   clock network delay (ideal)
                          0.00 1260.00   clock reconvergence pessimism
                               1260.00 ^ gen_regfile_ff.register_file_i.rf_reg_q[454]$_DFFE_PN0P_/CLK (DFFASRHQNx1_ASAP7_75t_R)
                         -4.77 1255.23   library recovery time
                               1255.23   data required time
-----------------------------------------------------------------------------
                               1255.23   data required time
                               -627.56   data arrival time
-----------------------------------------------------------------------------
                                627.66   slack (MET)


Startpoint: core_clock_gate_i.en_latch$_DLATCH_N_
            (negative level-sensitive latch clocked by core_clock)
Endpoint: _35046_ (rising clock gating-check end-point clocked by core_clock)
Path Group: gated clock
Path Type: max

Fanout     Cap    Slew   Delay    Time   Description
-----------------------------------------------------------------------------
                  0.00  630.00  630.00   clock core_clock (fall edge)
                          0.00  630.00   clock network delay (ideal)
                  0.00    0.00  630.00 v core_clock_gate_i.en_latch$_DLATCH_N_/CLK (DLLx1_ASAP7_75t_R)
     1    0.57    7.55   27.17  657.17 v core_clock_gate_i.en_latch$_DLATCH_N_/Q (DLLx1_ASAP7_75t_R)
                                         core_clock_gate_i.en_latch (net)
                  7.55    0.00  657.17 v _35046_/B (AND2x2_ASAP7_75t_R)
                                657.17   data arrival time

                  0.00 1260.00 1260.00   clock core_clock (rise edge)
                          0.00 1260.00   clock network delay (ideal)
                          0.00 1260.00   clock reconvergence pessimism
                               1260.00 ^ _35046_/A (AND2x2_ASAP7_75t_R)
                          0.00 1260.00   clock gating setup time
                               1260.00   data required time
-----------------------------------------------------------------------------
                               1260.00   data required time
                               -657.17   data arrival time
-----------------------------------------------------------------------------
                                602.83   slack (MET)


Startpoint: if_stage_i.instr_rdata_alu_id_o[21]$_DFFE_PN_
            (rising edge-triggered flip-flop clocked by core_clock)
Endpoint: gen_regfile_ff.register_file_i.rf_reg_q[991]$_DFFE_PN0P_
          (rising edge-triggered flip-flop clocked by core_clock)
Path Group: core_clock
Path Type: max

Fanout     Cap    Slew   Delay    Time   Description
-----------------------------------------------------------------------------
                  0.00    0.00    0.00   clock core_clock (rise edge)
                          0.00    0.00   clock network delay (ideal)
                  0.00    0.00    0.00 ^ if_stage_i.instr_rdata_alu_id_o[21]$_DFFE_PN_/CLK (DFFHQNx2_ASAP7_75t_R)
     5    8.36   38.32   51.75   51.75 ^ if_stage_i.instr_rdata_alu_id_o[21]$_DFFE_PN_/QN (DFFHQNx2_ASAP7_75t_R)
                                         _01552_ (net)
                 38.55    1.67   53.42 ^ _19184_/A (BUFx6f_ASAP7_75t_R)
     5    7.80   12.08   21.28   74.70 ^ _19184_/Y (BUFx6f_ASAP7_75t_R)
                                         _13455_ (net)
                 12.08    0.12   74.82 ^ _19185_/A (BUFx12f_ASAP7_75t_R)
    11   12.94   11.80   14.78   89.59 ^ _19185_/Y (BUFx12f_ASAP7_75t_R)
                                         _13456_ (net)
                 17.97    4.45   94.04 ^ _19186_/A (BUFx6f_ASAP7_75t_R)
     6    7.79   11.60   17.39  111.43 ^ _19186_/Y (BUFx6f_ASAP7_75t_R)
                                         _13457_ (net)
                 11.61    0.13  111.57 ^ _19187_/A (BUFx12f_ASAP7_75t_R)
     6   17.05   12.99   13.88  125.44 ^ _19187_/Y (BUFx12f_ASAP7_75t_R)
                                         _13458_ (net)
                 38.84   11.73  137.17 ^ _21318_/A (BUFx12f_ASAP7_75t_R)
    10   21.90   19.03   21.90  159.07 ^ _21318_/Y (BUFx12f_ASAP7_75t_R)
                                         _15515_ (net)
                 25.78    5.87  164.94 ^ _21703_/A (BUFx12f_ASAP7_75t_R)
    10   15.96   13.98   19.04  183.98 ^ _21703_/Y (BUFx12f_ASAP7_75t_R)
                                         _15891_ (net)
                 18.56    4.17  188.15 ^ _22123_/A (NAND2x1_ASAP7_75t_R)
     1    0.45   10.83    8.08  196.23 v _22123_/Y (NAND2x1_ASAP7_75t_R)
                                         _16298_ (net)
                 10.83    0.00  196.23 v _22124_/B (OA211x2_ASAP7_75t_R)
     1    0.67    9.19   25.88  222.11 v _22124_/Y (OA211x2_ASAP7_75t_R)
                                         _16299_ (net)
                  9.19    0.01  222.12 v _22125_/C (OR3x1_ASAP7_75t_R)
     1    0.66    9.29   23.86  245.98 v _22125_/Y (OR3x1_ASAP7_75t_R)
                                         _16300_ (net)
                  9.30    0.02  246.00 v _22126_/B (OA211x2_ASAP7_75t_R)
     1    4.01   18.60   31.20  277.20 v _22126_/Y (OA211x2_ASAP7_75t_R)
                                         _16301_ (net)
                 18.98    1.45  278.66 v _22145_/C (OR3x1_ASAP7_75t_R)
     2    2.39   19.32   31.98  310.64 v _22145_/Y (OR3x1_ASAP7_75t_R)
                                         _16320_ (net)
                 19.33    0.27  310.91 v _22179_/B (AND2x4_ASAP7_75t_R)
     6    5.76   12.25   22.60  333.51 v _22179_/Y (AND2x4_ASAP7_75t_R)
                                         _16354_ (net)
                 12.27    0.24  333.75 v _24175_/A2 (AO21x2_ASAP7_75t_R)
     8    8.18   26.67   27.26  361.02 v _24175_/Y (AO21x2_ASAP7_75t_R)
                                         _05187_ (net)
                 27.38    2.38  363.39 v _24418_/B (NAND2x2_ASAP7_75t_R)
     2    3.06   18.41   16.86  380.25 ^ _24418_/Y (NAND2x2_ASAP7_75t_R)
                                         _17865_ (net)
                 18.42    0.05  380.30 ^ _24419_/A (INVx2_ASAP7_75t_R)
     2    3.69   13.57   10.66  390.97 v _24419_/Y (INVx2_ASAP7_75t_R)
                                         _17820_ (net)
                 13.57    0.02  390.98 v _35401_/A (FAx1_ASAP7_75t_R)
     8   17.21  258.59  119.20  510.18 ^ _35401_/CON (FAx1_ASAP7_75t_R)
                                         _17962_ (net)
     4    7.70  179.25   91.51  601.69 v _35401_/SN (FAx1_ASAP7_75t_R)
                                         _17914_ (net)
                179.26    0.57  602.26 v _35040_/A (INVx2_ASAP7_75t_R)
     2    3.70   41.12   31.99  634.25 ^ _35040_/Y (INVx2_ASAP7_75t_R)
                                         _17913_ (net)
                 41.12    0.02  634.27 ^ _35461_/CI (FAx1_ASAP7_75t_R)
     7   12.20  193.80  207.86  842.13 v _35461_/SN (FAx1_ASAP7_75t_R)
                                         _18080_ (net)
                193.80    0.13  842.26 v _35462_/A (FAx1_ASAP7_75t_R)
     1    2.42   77.73   61.94  904.19 ^ _35462_/CON (FAx1_ASAP7_75t_R)
                                         _18122_ (net)
     1    0.83   58.05   21.26  925.45 v _35462_/SN (FAx1_ASAP7_75t_R)
                                         _18479_ (net)
                 58.05    0.02  925.47 v _34879_/A (INVx1_ASAP7_75t_R)
     1    2.05   25.80   20.77  946.24 ^ _34879_/Y (INVx1_ASAP7_75t_R)
                                         _18081_ (net)
                 25.80    0.02  946.26 ^ _35463_/A (FAx1_ASAP7_75t_R)
     1    0.80   24.51   38.09  984.34 v _35463_/SN (FAx1_ASAP7_75t_R)
                                         _18480_ (net)
                 24.51    0.02  984.36 v _34816_/A (INVx1_ASAP7_75t_R)
     1    1.69   16.31   13.25  997.60 ^ _34816_/Y (INVx1_ASAP7_75t_R)
                                         _18083_ (net)
                 16.31    0.02  997.63 ^ _35467_/CI (FAx1_ASAP7_75t_R)
     1    0.73   26.23   33.86 1031.49 v _35467_/SN (FAx1_ASAP7_75t_R)
                                         _18484_ (net)
                 26.23    0.01 1031.50 v _34856_/A (INVx1_ASAP7_75t_R)
     1    2.32   20.24   15.78 1047.28 ^ _34856_/Y (INVx1_ASAP7_75t_R)
                                         _18092_ (net)
                 20.24    0.06 1047.34 ^ _35468_/B (FAx1_ASAP7_75t_R)
     1    1.57   41.84   47.55 1094.89 v _35468_/SN (FAx1_ASAP7_75t_R)
                                         _18486_ (net)
                 41.85    0.14 1095.03 v _35578_/B (HAxp5_ASAP7_75t_R)
     4    3.77   77.80   73.27 1168.30 v _35578_/SN (HAxp5_ASAP7_75t_R)
                                         _00252_ (net)
                 77.80    0.06 1168.36 v _29453_/B (AO21x1_ASAP7_75t_R)
     1    0.71    8.60   25.94 1194.30 v _29453_/Y (AO21x1_ASAP7_75t_R)
                                         _09481_ (net)
                  8.60    0.01 1194.31 v _29454_/A2 (AO21x1_ASAP7_75t_R)
     2    1.13    9.97   15.75 1210.06 v _29454_/Y (AO21x1_ASAP7_75t_R)
                                         _09482_ (net)
                  9.97    0.01 1210.07 v _29488_/A2 (AO21x1_ASAP7_75t_R)
     1    0.68    8.02   14.76 1224.83 v _29488_/Y (AO21x1_ASAP7_75t_R)
                                         _09514_ (net)
                  8.02    0.01 1224.83 v _29489_/A2 (AO21x1_ASAP7_75t_R)
     2    1.23   10.63   15.86 1240.69 v _29489_/Y (AO21x1_ASAP7_75t_R)
                                         _09515_ (net)
                 10.63    0.02 1240.72 v _29532_/A2 (AO21x1_ASAP7_75t_R)
     1    0.57    7.47   14.60 1255.32 v _29532_/Y (AO21x1_ASAP7_75t_R)
                                         _09557_ (net)
                  7.47    0.01 1255.33 v _29536_/A2 (AO221x1_ASAP7_75t_R)
     2    2.41   17.58   27.01 1282.33 v _29536_/Y (AO221x1_ASAP7_75t_R)
                                         _09561_ (net)
                 17.58    0.05 1282.39 v _29607_/A1 (OA21x2_ASAP7_75t_R)
     4    5.00   17.73   24.98 1307.37 v _29607_/Y (OA21x2_ASAP7_75t_R)
                                         _09630_ (net)
                 17.81    0.65 1308.02 v _29608_/D (OR4x1_ASAP7_75t_R)
     1    0.69   13.04   32.69 1340.71 v _29608_/Y (OR4x1_ASAP7_75t_R)
                                         _09631_ (net)
                 13.04    0.01 1340.72 v _29613_/B (AND4x2_ASAP7_75t_R)
     2    4.23   16.17   21.04 1361.76 v _29613_/Y (AND4x2_ASAP7_75t_R)
                                         _09636_ (net)
                 16.56    1.39 1363.14 v _29616_/B (OR5x1_ASAP7_75t_R)
     1    1.15   15.70   37.78 1400.92 v _29616_/Y (OR5x1_ASAP7_75t_R)
                                         _09639_ (net)
                 15.70    0.02 1400.94 v _29617_/C (AOI211x1_ASAP7_75t_R)
     1    0.65   15.07   11.05 1411.99 ^ _29617_/Y (AOI211x1_ASAP7_75t_R)
                                         _09640_ (net)
                 15.07    0.00 1411.99 ^ _29620_/A2 (OA21x2_ASAP7_75t_R)
     1    5.00   20.44   23.00 1434.99 ^ _29620_/Y (OA21x2_ASAP7_75t_R)
                                         _09643_ (net)
                 21.00    1.85 1436.84 ^ _29624_/B (NOR2x2_ASAP7_75t_R)
     7   10.57   38.36   20.52 1457.36 v _29624_/Y (NOR2x2_ASAP7_75t_R)
                                         _09647_ (net)
                 43.16    7.10 1464.45 v _29625_/A (BUFx3_ASAP7_75t_R)
     5    3.44   10.37   24.25 1488.70 v _29625_/Y (BUFx3_ASAP7_75t_R)
                                         _09648_ (net)
                 10.37    0.10 1488.80 v _31955_/A1 (AO21x1_ASAP7_75t_R)
     1    0.82    7.60   16.15 1504.95 v _31955_/Y (AO21x1_ASAP7_75t_R)
                                         _03847_ (net)
                  7.60    0.03 1504.98 v gen_regfile_ff.register_file_i.rf_reg_q[991]$_DFFE_PN0P_/D (DFFASRHQNx1_ASAP7_75t_R)
                               1504.98   data arrival time

                  0.00 1260.00 1260.00   clock core_clock (rise edge)
                          0.00 1260.00   clock network delay (ideal)
                          0.00 1260.00   clock reconvergence pessimism
                               1260.00 ^ gen_regfile_ff.register_file_i.rf_reg_q[991]$_DFFE_PN0P_/CLK (DFFASRHQNx1_ASAP7_75t_R)
                         -5.55 1254.45   library setup time
                               1254.45   data required time
-----------------------------------------------------------------------------
                               1254.45   data required time
                               -1504.98   data arrival time
-----------------------------------------------------------------------------
                               -250.53   slack (VIOLATED)



==========================================================================
global place report_power
--------------------------------------------------------------------------
Group                  Internal  Switching    Leakage      Total
                          Power      Power      Power      Power (Watts)
----------------------------------------------------------------
Sequential             3.13e-03   1.01e-03   2.10e-07   4.13e-03  10.0%
Combinational          1.66e-02   2.05e-02   1.82e-06   3.71e-02  89.8%
Clock                  5.95e-07   1.04e-04   1.16e-10   1.04e-04   0.3%
Macro                  0.00e+00   0.00e+00   0.00e+00   0.00e+00   0.0%
Pad                    0.00e+00   0.00e+00   0.00e+00   0.00e+00   0.0%
----------------------------------------------------------------
Total                  1.97e-02   2.16e-02   2.03e-06   4.14e-02 100.0%
                          47.7%      52.3%       0.0%
