OpenROAD v2.0-19576-gec1bf1a13 
Features included (+) or not (-): +GPU +GUI +Python : None
This program is licensed under the BSD-3 license. See the LICENSE file for details.
Components of this program may be licensed under more restrictive licenses which must be honored.
[INFO ORD-0030] Using 16 thread(s).
[INFO GPL-0002] DBU: 2000
[INFO GPL-0003] SiteSize: (  0.190  1.400 ) um
[INFO GPL-0004] CoreBBox: (  1.140  1.400 ) ( 230.850 184.800 ) um
[WARNING GPL-0001] alert_major_o toplevel port is not placed!
       Replace will regard alert_major_o is placed in (0, 0)
[WARNING GPL-0001] alert_minor_o toplevel port is not placed!
       Replace will regard alert_minor_o is placed in (0, 0)
[WARNING GPL-0001] boot_addr_i[0] toplevel port is not placed!
       Replace will regard boot_addr_i[0] is placed in (0, 0)
[WARNING GPL-0001] boot_addr_i[10] toplevel port is not placed!
       Replace will regard boot_addr_i[10] is placed in (0, 0)
[WARNING GPL-0001] boot_addr_i[11] toplevel port is not placed!
       Replace will regard boot_addr_i[11] is placed in (0, 0)
[WARNING GPL-0001] boot_addr_i[12] toplevel port is not placed!
       Replace will regard boot_addr_i[12] is placed in (0, 0)
[WARNING GPL-0001] boot_addr_i[13] toplevel port is not placed!
       Replace will regard boot_addr_i[13] is placed in (0, 0)
[WARNING GPL-0001] boot_addr_i[14] toplevel port is not placed!
       Replace will regard boot_addr_i[14] is placed in (0, 0)
[WARNING GPL-0001] boot_addr_i[15] toplevel port is not placed!
       Replace will regard boot_addr_i[15] is placed in (0, 0)
[WARNING GPL-0001] boot_addr_i[16] toplevel port is not placed!
       Replace will regard boot_addr_i[16] is placed in (0, 0)
[WARNING GPL-0001] boot_addr_i[17] toplevel port is not placed!
       Replace will regard boot_addr_i[17] is placed in (0, 0)
[WARNING GPL-0001] boot_addr_i[18] toplevel port is not placed!
       Replace will regard boot_addr_i[18] is placed in (0, 0)
[WARNING GPL-0001] boot_addr_i[19] toplevel port is not placed!
       Replace will regard boot_addr_i[19] is placed in (0, 0)
[WARNING GPL-0001] boot_addr_i[1] toplevel port is not placed!
       Replace will regard boot_addr_i[1] is placed in (0, 0)
[WARNING GPL-0001] boot_addr_i[20] toplevel port is not placed!
       Replace will regard boot_addr_i[20] is placed in (0, 0)
[WARNING GPL-0001] boot_addr_i[21] toplevel port is not placed!
       Replace will regard boot_addr_i[21] is placed in (0, 0)
[WARNING GPL-0001] boot_addr_i[22] toplevel port is not placed!
       Replace will regard boot_addr_i[22] is placed in (0, 0)
[WARNING GPL-0001] boot_addr_i[23] toplevel port is not placed!
       Replace will regard boot_addr_i[23] is placed in (0, 0)
[WARNING GPL-0001] boot_addr_i[24] toplevel port is not placed!
       Replace will regard boot_addr_i[24] is placed in (0, 0)
[WARNING GPL-0001] boot_addr_i[25] toplevel port is not placed!
       Replace will regard boot_addr_i[25] is placed in (0, 0)
[WARNING GPL-0001] boot_addr_i[26] toplevel port is not placed!
       Replace will regard boot_addr_i[26] is placed in (0, 0)
[WARNING GPL-0001] boot_addr_i[27] toplevel port is not placed!
       Replace will regard boot_addr_i[27] is placed in (0, 0)
[WARNING GPL-0001] boot_addr_i[28] toplevel port is not placed!
       Replace will regard boot_addr_i[28] is placed in (0, 0)
[WARNING GPL-0001] boot_addr_i[29] toplevel port is not placed!
       Replace will regard boot_addr_i[29] is placed in (0, 0)
[WARNING GPL-0001] boot_addr_i[2] toplevel port is not placed!
       Replace will regard boot_addr_i[2] is placed in (0, 0)
[WARNING GPL-0001] boot_addr_i[30] toplevel port is not placed!
       Replace will regard boot_addr_i[30] is placed in (0, 0)
[WARNING GPL-0001] boot_addr_i[31] toplevel port is not placed!
       Replace will regard boot_addr_i[31] is placed in (0, 0)
[WARNING GPL-0001] boot_addr_i[3] toplevel port is not placed!
       Replace will regard boot_addr_i[3] is placed in (0, 0)
[WARNING GPL-0001] boot_addr_i[4] toplevel port is not placed!
       Replace will regard boot_addr_i[4] is placed in (0, 0)
[WARNING GPL-0001] boot_addr_i[5] toplevel port is not placed!
       Replace will regard boot_addr_i[5] is placed in (0, 0)
[WARNING GPL-0001] boot_addr_i[6] toplevel port is not placed!
       Replace will regard boot_addr_i[6] is placed in (0, 0)
[WARNING GPL-0001] boot_addr_i[7] toplevel port is not placed!
       Replace will regard boot_addr_i[7] is placed in (0, 0)
[WARNING GPL-0001] boot_addr_i[8] toplevel port is not placed!
       Replace will regard boot_addr_i[8] is placed in (0, 0)
[WARNING GPL-0001] boot_addr_i[9] toplevel port is not placed!
       Replace will regard boot_addr_i[9] is placed in (0, 0)
[WARNING GPL-0001] clk_i toplevel port is not placed!
       Replace will regard clk_i is placed in (0, 0)
[WARNING GPL-0001] core_sleep_o toplevel port is not placed!
       Replace will regard core_sleep_o is placed in (0, 0)
[WARNING GPL-0001] data_addr_o[0] toplevel port is not placed!
       Replace will regard data_addr_o[0] is placed in (0, 0)
[WARNING GPL-0001] data_addr_o[10] toplevel port is not placed!
       Replace will regard data_addr_o[10] is placed in (0, 0)
[WARNING GPL-0001] data_addr_o[11] toplevel port is not placed!
       Replace will regard data_addr_o[11] is placed in (0, 0)
[WARNING GPL-0001] data_addr_o[12] toplevel port is not placed!
       Replace will regard data_addr_o[12] is placed in (0, 0)
[WARNING GPL-0001] data_addr_o[13] toplevel port is not placed!
       Replace will regard data_addr_o[13] is placed in (0, 0)
[WARNING GPL-0001] data_addr_o[14] toplevel port is not placed!
       Replace will regard data_addr_o[14] is placed in (0, 0)
[WARNING GPL-0001] data_addr_o[15] toplevel port is not placed!
       Replace will regard data_addr_o[15] is placed in (0, 0)
[WARNING GPL-0001] data_addr_o[16] toplevel port is not placed!
       Replace will regard data_addr_o[16] is placed in (0, 0)
[WARNING GPL-0001] data_addr_o[17] toplevel port is not placed!
       Replace will regard data_addr_o[17] is placed in (0, 0)
[WARNING GPL-0001] data_addr_o[18] toplevel port is not placed!
       Replace will regard data_addr_o[18] is placed in (0, 0)
[WARNING GPL-0001] data_addr_o[19] toplevel port is not placed!
       Replace will regard data_addr_o[19] is placed in (0, 0)
[WARNING GPL-0001] data_addr_o[1] toplevel port is not placed!
       Replace will regard data_addr_o[1] is placed in (0, 0)
[WARNING GPL-0001] data_addr_o[20] toplevel port is not placed!
       Replace will regard data_addr_o[20] is placed in (0, 0)
[WARNING GPL-0001] data_addr_o[21] toplevel port is not placed!
       Replace will regard data_addr_o[21] is placed in (0, 0)
[WARNING GPL-0001] data_addr_o[22] toplevel port is not placed!
       Replace will regard data_addr_o[22] is placed in (0, 0)
[WARNING GPL-0001] data_addr_o[23] toplevel port is not placed!
       Replace will regard data_addr_o[23] is placed in (0, 0)
[WARNING GPL-0001] data_addr_o[24] toplevel port is not placed!
       Replace will regard data_addr_o[24] is placed in (0, 0)
[WARNING GPL-0001] data_addr_o[25] toplevel port is not placed!
       Replace will regard data_addr_o[25] is placed in (0, 0)
[WARNING GPL-0001] data_addr_o[26] toplevel port is not placed!
       Replace will regard data_addr_o[26] is placed in (0, 0)
[WARNING GPL-0001] data_addr_o[27] toplevel port is not placed!
       Replace will regard data_addr_o[27] is placed in (0, 0)
[WARNING GPL-0001] data_addr_o[28] toplevel port is not placed!
       Replace will regard data_addr_o[28] is placed in (0, 0)
[WARNING GPL-0001] data_addr_o[29] toplevel port is not placed!
       Replace will regard data_addr_o[29] is placed in (0, 0)
[WARNING GPL-0001] data_addr_o[2] toplevel port is not placed!
       Replace will regard data_addr_o[2] is placed in (0, 0)
[WARNING GPL-0001] data_addr_o[30] toplevel port is not placed!
       Replace will regard data_addr_o[30] is placed in (0, 0)
[WARNING GPL-0001] data_addr_o[31] toplevel port is not placed!
       Replace will regard data_addr_o[31] is placed in (0, 0)
[WARNING GPL-0001] data_addr_o[3] toplevel port is not placed!
       Replace will regard data_addr_o[3] is placed in (0, 0)
[WARNING GPL-0001] data_addr_o[4] toplevel port is not placed!
       Replace will regard data_addr_o[4] is placed in (0, 0)
[WARNING GPL-0001] data_addr_o[5] toplevel port is not placed!
       Replace will regard data_addr_o[5] is placed in (0, 0)
[WARNING GPL-0001] data_addr_o[6] toplevel port is not placed!
       Replace will regard data_addr_o[6] is placed in (0, 0)
[WARNING GPL-0001] data_addr_o[7] toplevel port is not placed!
       Replace will regard data_addr_o[7] is placed in (0, 0)
[WARNING GPL-0001] data_addr_o[8] toplevel port is not placed!
       Replace will regard data_addr_o[8] is placed in (0, 0)
[WARNING GPL-0001] data_addr_o[9] toplevel port is not placed!
       Replace will regard data_addr_o[9] is placed in (0, 0)
[WARNING GPL-0001] data_be_o[0] toplevel port is not placed!
       Replace will regard data_be_o[0] is placed in (0, 0)
[WARNING GPL-0001] data_be_o[1] toplevel port is not placed!
       Replace will regard data_be_o[1] is placed in (0, 0)
[WARNING GPL-0001] data_be_o[2] toplevel port is not placed!
       Replace will regard data_be_o[2] is placed in (0, 0)
[WARNING GPL-0001] data_be_o[3] toplevel port is not placed!
       Replace will regard data_be_o[3] is placed in (0, 0)
[WARNING GPL-0001] data_err_i toplevel port is not placed!
       Replace will regard data_err_i is placed in (0, 0)
[WARNING GPL-0001] data_gnt_i toplevel port is not placed!
       Replace will regard data_gnt_i is placed in (0, 0)
[WARNING GPL-0001] data_rdata_i[0] toplevel port is not placed!
       Replace will regard data_rdata_i[0] is placed in (0, 0)
[WARNING GPL-0001] data_rdata_i[10] toplevel port is not placed!
       Replace will regard data_rdata_i[10] is placed in (0, 0)
[WARNING GPL-0001] data_rdata_i[11] toplevel port is not placed!
       Replace will regard data_rdata_i[11] is placed in (0, 0)
[WARNING GPL-0001] data_rdata_i[12] toplevel port is not placed!
       Replace will regard data_rdata_i[12] is placed in (0, 0)
[WARNING GPL-0001] data_rdata_i[13] toplevel port is not placed!
       Replace will regard data_rdata_i[13] is placed in (0, 0)
[WARNING GPL-0001] data_rdata_i[14] toplevel port is not placed!
       Replace will regard data_rdata_i[14] is placed in (0, 0)
[WARNING GPL-0001] data_rdata_i[15] toplevel port is not placed!
       Replace will regard data_rdata_i[15] is placed in (0, 0)
[WARNING GPL-0001] data_rdata_i[16] toplevel port is not placed!
       Replace will regard data_rdata_i[16] is placed in (0, 0)
[WARNING GPL-0001] data_rdata_i[17] toplevel port is not placed!
       Replace will regard data_rdata_i[17] is placed in (0, 0)
[WARNING GPL-0001] data_rdata_i[18] toplevel port is not placed!
       Replace will regard data_rdata_i[18] is placed in (0, 0)
[WARNING GPL-0001] data_rdata_i[19] toplevel port is not placed!
       Replace will regard data_rdata_i[19] is placed in (0, 0)
[WARNING GPL-0001] data_rdata_i[1] toplevel port is not placed!
       Replace will regard data_rdata_i[1] is placed in (0, 0)
[WARNING GPL-0001] data_rdata_i[20] toplevel port is not placed!
       Replace will regard data_rdata_i[20] is placed in (0, 0)
[WARNING GPL-0001] data_rdata_i[21] toplevel port is not placed!
       Replace will regard data_rdata_i[21] is placed in (0, 0)
[WARNING GPL-0001] data_rdata_i[22] toplevel port is not placed!
       Replace will regard data_rdata_i[22] is placed in (0, 0)
[WARNING GPL-0001] data_rdata_i[23] toplevel port is not placed!
       Replace will regard data_rdata_i[23] is placed in (0, 0)
[WARNING GPL-0001] data_rdata_i[24] toplevel port is not placed!
       Replace will regard data_rdata_i[24] is placed in (0, 0)
[WARNING GPL-0001] data_rdata_i[25] toplevel port is not placed!
       Replace will regard data_rdata_i[25] is placed in (0, 0)
[WARNING GPL-0001] data_rdata_i[26] toplevel port is not placed!
       Replace will regard data_rdata_i[26] is placed in (0, 0)
[WARNING GPL-0001] data_rdata_i[27] toplevel port is not placed!
       Replace will regard data_rdata_i[27] is placed in (0, 0)
[WARNING GPL-0001] data_rdata_i[28] toplevel port is not placed!
       Replace will regard data_rdata_i[28] is placed in (0, 0)
[WARNING GPL-0001] data_rdata_i[29] toplevel port is not placed!
       Replace will regard data_rdata_i[29] is placed in (0, 0)
[WARNING GPL-0001] data_rdata_i[2] toplevel port is not placed!
       Replace will regard data_rdata_i[2] is placed in (0, 0)
[WARNING GPL-0001] data_rdata_i[30] toplevel port is not placed!
       Replace will regard data_rdata_i[30] is placed in (0, 0)
[WARNING GPL-0001] data_rdata_i[31] toplevel port is not placed!
       Replace will regard data_rdata_i[31] is placed in (0, 0)
[WARNING GPL-0001] data_rdata_i[3] toplevel port is not placed!
       Replace will regard data_rdata_i[3] is placed in (0, 0)
[WARNING GPL-0001] data_rdata_i[4] toplevel port is not placed!
       Replace will regard data_rdata_i[4] is placed in (0, 0)
[WARNING GPL-0001] data_rdata_i[5] toplevel port is not placed!
       Replace will regard data_rdata_i[5] is placed in (0, 0)
[WARNING GPL-0001] data_rdata_i[6] toplevel port is not placed!
       Replace will regard data_rdata_i[6] is placed in (0, 0)
[WARNING GPL-0001] data_rdata_i[7] toplevel port is not placed!
       Replace will regard data_rdata_i[7] is placed in (0, 0)
[WARNING GPL-0001] data_rdata_i[8] toplevel port is not placed!
       Replace will regard data_rdata_i[8] is placed in (0, 0)
[WARNING GPL-0001] data_rdata_i[9] toplevel port is not placed!
       Replace will regard data_rdata_i[9] is placed in (0, 0)
[WARNING GPL-0001] data_req_o toplevel port is not placed!
       Replace will regard data_req_o is placed in (0, 0)
[WARNING GPL-0001] data_rvalid_i toplevel port is not placed!
       Replace will regard data_rvalid_i is placed in (0, 0)
[WARNING GPL-0001] data_wdata_o[0] toplevel port is not placed!
       Replace will regard data_wdata_o[0] is placed in (0, 0)
[WARNING GPL-0001] data_wdata_o[10] toplevel port is not placed!
       Replace will regard data_wdata_o[10] is placed in (0, 0)
[WARNING GPL-0001] data_wdata_o[11] toplevel port is not placed!
       Replace will regard data_wdata_o[11] is placed in (0, 0)
[WARNING GPL-0001] data_wdata_o[12] toplevel port is not placed!
       Replace will regard data_wdata_o[12] is placed in (0, 0)
[WARNING GPL-0001] data_wdata_o[13] toplevel port is not placed!
       Replace will regard data_wdata_o[13] is placed in (0, 0)
[WARNING GPL-0001] data_wdata_o[14] toplevel port is not placed!
       Replace will regard data_wdata_o[14] is placed in (0, 0)
[WARNING GPL-0001] data_wdata_o[15] toplevel port is not placed!
       Replace will regard data_wdata_o[15] is placed in (0, 0)
[WARNING GPL-0001] data_wdata_o[16] toplevel port is not placed!
       Replace will regard data_wdata_o[16] is placed in (0, 0)
[WARNING GPL-0001] data_wdata_o[17] toplevel port is not placed!
       Replace will regard data_wdata_o[17] is placed in (0, 0)
[WARNING GPL-0001] data_wdata_o[18] toplevel port is not placed!
       Replace will regard data_wdata_o[18] is placed in (0, 0)
[WARNING GPL-0001] data_wdata_o[19] toplevel port is not placed!
       Replace will regard data_wdata_o[19] is placed in (0, 0)
[WARNING GPL-0001] data_wdata_o[1] toplevel port is not placed!
       Replace will regard data_wdata_o[1] is placed in (0, 0)
[WARNING GPL-0001] data_wdata_o[20] toplevel port is not placed!
       Replace will regard data_wdata_o[20] is placed in (0, 0)
[WARNING GPL-0001] data_wdata_o[21] toplevel port is not placed!
       Replace will regard data_wdata_o[21] is placed in (0, 0)
[WARNING GPL-0001] data_wdata_o[22] toplevel port is not placed!
       Replace will regard data_wdata_o[22] is placed in (0, 0)
[WARNING GPL-0001] data_wdata_o[23] toplevel port is not placed!
       Replace will regard data_wdata_o[23] is placed in (0, 0)
[WARNING GPL-0001] data_wdata_o[24] toplevel port is not placed!
       Replace will regard data_wdata_o[24] is placed in (0, 0)
[WARNING GPL-0001] data_wdata_o[25] toplevel port is not placed!
       Replace will regard data_wdata_o[25] is placed in (0, 0)
[WARNING GPL-0001] data_wdata_o[26] toplevel port is not placed!
       Replace will regard data_wdata_o[26] is placed in (0, 0)
[WARNING GPL-0001] data_wdata_o[27] toplevel port is not placed!
       Replace will regard data_wdata_o[27] is placed in (0, 0)
[WARNING GPL-0001] data_wdata_o[28] toplevel port is not placed!
       Replace will regard data_wdata_o[28] is placed in (0, 0)
[WARNING GPL-0001] data_wdata_o[29] toplevel port is not placed!
       Replace will regard data_wdata_o[29] is placed in (0, 0)
[WARNING GPL-0001] data_wdata_o[2] toplevel port is not placed!
       Replace will regard data_wdata_o[2] is placed in (0, 0)
[WARNING GPL-0001] data_wdata_o[30] toplevel port is not placed!
       Replace will regard data_wdata_o[30] is placed in (0, 0)
[WARNING GPL-0001] data_wdata_o[31] toplevel port is not placed!
       Replace will regard data_wdata_o[31] is placed in (0, 0)
[WARNING GPL-0001] data_wdata_o[3] toplevel port is not placed!
       Replace will regard data_wdata_o[3] is placed in (0, 0)
[WARNING GPL-0001] data_wdata_o[4] toplevel port is not placed!
       Replace will regard data_wdata_o[4] is placed in (0, 0)
[WARNING GPL-0001] data_wdata_o[5] toplevel port is not placed!
       Replace will regard data_wdata_o[5] is placed in (0, 0)
[WARNING GPL-0001] data_wdata_o[6] toplevel port is not placed!
       Replace will regard data_wdata_o[6] is placed in (0, 0)
[WARNING GPL-0001] data_wdata_o[7] toplevel port is not placed!
       Replace will regard data_wdata_o[7] is placed in (0, 0)
[WARNING GPL-0001] data_wdata_o[8] toplevel port is not placed!
       Replace will regard data_wdata_o[8] is placed in (0, 0)
[WARNING GPL-0001] data_wdata_o[9] toplevel port is not placed!
       Replace will regard data_wdata_o[9] is placed in (0, 0)
[WARNING GPL-0001] data_we_o toplevel port is not placed!
       Replace will regard data_we_o is placed in (0, 0)
[WARNING GPL-0001] debug_req_i toplevel port is not placed!
       Replace will regard debug_req_i is placed in (0, 0)
[WARNING GPL-0001] fetch_enable_i toplevel port is not placed!
       Replace will regard fetch_enable_i is placed in (0, 0)
[WARNING GPL-0001] hart_id_i[0] toplevel port is not placed!
       Replace will regard hart_id_i[0] is placed in (0, 0)
[WARNING GPL-0001] hart_id_i[10] toplevel port is not placed!
       Replace will regard hart_id_i[10] is placed in (0, 0)
[WARNING GPL-0001] hart_id_i[11] toplevel port is not placed!
       Replace will regard hart_id_i[11] is placed in (0, 0)
[WARNING GPL-0001] hart_id_i[12] toplevel port is not placed!
       Replace will regard hart_id_i[12] is placed in (0, 0)
[WARNING GPL-0001] hart_id_i[13] toplevel port is not placed!
       Replace will regard hart_id_i[13] is placed in (0, 0)
[WARNING GPL-0001] hart_id_i[14] toplevel port is not placed!
       Replace will regard hart_id_i[14] is placed in (0, 0)
[WARNING GPL-0001] hart_id_i[15] toplevel port is not placed!
       Replace will regard hart_id_i[15] is placed in (0, 0)
[WARNING GPL-0001] hart_id_i[16] toplevel port is not placed!
       Replace will regard hart_id_i[16] is placed in (0, 0)
[WARNING GPL-0001] hart_id_i[17] toplevel port is not placed!
       Replace will regard hart_id_i[17] is placed in (0, 0)
[WARNING GPL-0001] hart_id_i[18] toplevel port is not placed!
       Replace will regard hart_id_i[18] is placed in (0, 0)
[WARNING GPL-0001] hart_id_i[19] toplevel port is not placed!
       Replace will regard hart_id_i[19] is placed in (0, 0)
[WARNING GPL-0001] hart_id_i[1] toplevel port is not placed!
       Replace will regard hart_id_i[1] is placed in (0, 0)
[WARNING GPL-0001] hart_id_i[20] toplevel port is not placed!
       Replace will regard hart_id_i[20] is placed in (0, 0)
[WARNING GPL-0001] hart_id_i[21] toplevel port is not placed!
       Replace will regard hart_id_i[21] is placed in (0, 0)
[WARNING GPL-0001] hart_id_i[22] toplevel port is not placed!
       Replace will regard hart_id_i[22] is placed in (0, 0)
[WARNING GPL-0001] hart_id_i[23] toplevel port is not placed!
       Replace will regard hart_id_i[23] is placed in (0, 0)
[WARNING GPL-0001] hart_id_i[24] toplevel port is not placed!
       Replace will regard hart_id_i[24] is placed in (0, 0)
[WARNING GPL-0001] hart_id_i[25] toplevel port is not placed!
       Replace will regard hart_id_i[25] is placed in (0, 0)
[WARNING GPL-0001] hart_id_i[26] toplevel port is not placed!
       Replace will regard hart_id_i[26] is placed in (0, 0)
[WARNING GPL-0001] hart_id_i[27] toplevel port is not placed!
       Replace will regard hart_id_i[27] is placed in (0, 0)
[WARNING GPL-0001] hart_id_i[28] toplevel port is not placed!
       Replace will regard hart_id_i[28] is placed in (0, 0)
[WARNING GPL-0001] hart_id_i[29] toplevel port is not placed!
       Replace will regard hart_id_i[29] is placed in (0, 0)
[WARNING GPL-0001] hart_id_i[2] toplevel port is not placed!
       Replace will regard hart_id_i[2] is placed in (0, 0)
[WARNING GPL-0001] hart_id_i[30] toplevel port is not placed!
       Replace will regard hart_id_i[30] is placed in (0, 0)
[WARNING GPL-0001] hart_id_i[31] toplevel port is not placed!
       Replace will regard hart_id_i[31] is placed in (0, 0)
[WARNING GPL-0001] hart_id_i[3] toplevel port is not placed!
       Replace will regard hart_id_i[3] is placed in (0, 0)
[WARNING GPL-0001] hart_id_i[4] toplevel port is not placed!
       Replace will regard hart_id_i[4] is placed in (0, 0)
[WARNING GPL-0001] hart_id_i[5] toplevel port is not placed!
       Replace will regard hart_id_i[5] is placed in (0, 0)
[WARNING GPL-0001] hart_id_i[6] toplevel port is not placed!
       Replace will regard hart_id_i[6] is placed in (0, 0)
[WARNING GPL-0001] hart_id_i[7] toplevel port is not placed!
       Replace will regard hart_id_i[7] is placed in (0, 0)
[WARNING GPL-0001] hart_id_i[8] toplevel port is not placed!
       Replace will regard hart_id_i[8] is placed in (0, 0)
[WARNING GPL-0001] hart_id_i[9] toplevel port is not placed!
       Replace will regard hart_id_i[9] is placed in (0, 0)
[WARNING GPL-0001] instr_addr_o[0] toplevel port is not placed!
       Replace will regard instr_addr_o[0] is placed in (0, 0)
[WARNING GPL-0001] instr_addr_o[10] toplevel port is not placed!
       Replace will regard instr_addr_o[10] is placed in (0, 0)
[WARNING GPL-0001] instr_addr_o[11] toplevel port is not placed!
       Replace will regard instr_addr_o[11] is placed in (0, 0)
[WARNING GPL-0001] instr_addr_o[12] toplevel port is not placed!
       Replace will regard instr_addr_o[12] is placed in (0, 0)
[WARNING GPL-0001] instr_addr_o[13] toplevel port is not placed!
       Replace will regard instr_addr_o[13] is placed in (0, 0)
[WARNING GPL-0001] instr_addr_o[14] toplevel port is not placed!
       Replace will regard instr_addr_o[14] is placed in (0, 0)
[WARNING GPL-0001] instr_addr_o[15] toplevel port is not placed!
       Replace will regard instr_addr_o[15] is placed in (0, 0)
[WARNING GPL-0001] instr_addr_o[16] toplevel port is not placed!
       Replace will regard instr_addr_o[16] is placed in (0, 0)
[WARNING GPL-0001] instr_addr_o[17] toplevel port is not placed!
       Replace will regard instr_addr_o[17] is placed in (0, 0)
[WARNING GPL-0001] instr_addr_o[18] toplevel port is not placed!
       Replace will regard instr_addr_o[18] is placed in (0, 0)
[WARNING GPL-0001] instr_addr_o[19] toplevel port is not placed!
       Replace will regard instr_addr_o[19] is placed in (0, 0)
[WARNING GPL-0001] instr_addr_o[1] toplevel port is not placed!
       Replace will regard instr_addr_o[1] is placed in (0, 0)
[WARNING GPL-0001] instr_addr_o[20] toplevel port is not placed!
       Replace will regard instr_addr_o[20] is placed in (0, 0)
[WARNING GPL-0001] instr_addr_o[21] toplevel port is not placed!
       Replace will regard instr_addr_o[21] is placed in (0, 0)
[WARNING GPL-0001] instr_addr_o[22] toplevel port is not placed!
       Replace will regard instr_addr_o[22] is placed in (0, 0)
[WARNING GPL-0001] instr_addr_o[23] toplevel port is not placed!
       Replace will regard instr_addr_o[23] is placed in (0, 0)
[WARNING GPL-0001] instr_addr_o[24] toplevel port is not placed!
       Replace will regard instr_addr_o[24] is placed in (0, 0)
[WARNING GPL-0001] instr_addr_o[25] toplevel port is not placed!
       Replace will regard instr_addr_o[25] is placed in (0, 0)
[WARNING GPL-0001] instr_addr_o[26] toplevel port is not placed!
       Replace will regard instr_addr_o[26] is placed in (0, 0)
[WARNING GPL-0001] instr_addr_o[27] toplevel port is not placed!
       Replace will regard instr_addr_o[27] is placed in (0, 0)
[WARNING GPL-0001] instr_addr_o[28] toplevel port is not placed!
       Replace will regard instr_addr_o[28] is placed in (0, 0)
[WARNING GPL-0001] instr_addr_o[29] toplevel port is not placed!
       Replace will regard instr_addr_o[29] is placed in (0, 0)
[WARNING GPL-0001] instr_addr_o[2] toplevel port is not placed!
       Replace will regard instr_addr_o[2] is placed in (0, 0)
[WARNING GPL-0001] instr_addr_o[30] toplevel port is not placed!
       Replace will regard instr_addr_o[30] is placed in (0, 0)
[WARNING GPL-0001] instr_addr_o[31] toplevel port is not placed!
       Replace will regard instr_addr_o[31] is placed in (0, 0)
[WARNING GPL-0001] instr_addr_o[3] toplevel port is not placed!
       Replace will regard instr_addr_o[3] is placed in (0, 0)
[WARNING GPL-0001] instr_addr_o[4] toplevel port is not placed!
       Replace will regard instr_addr_o[4] is placed in (0, 0)
[WARNING GPL-0001] instr_addr_o[5] toplevel port is not placed!
       Replace will regard instr_addr_o[5] is placed in (0, 0)
[WARNING GPL-0001] instr_addr_o[6] toplevel port is not placed!
       Replace will regard instr_addr_o[6] is placed in (0, 0)
[WARNING GPL-0001] instr_addr_o[7] toplevel port is not placed!
       Replace will regard instr_addr_o[7] is placed in (0, 0)
[WARNING GPL-0001] instr_addr_o[8] toplevel port is not placed!
       Replace will regard instr_addr_o[8] is placed in (0, 0)
[WARNING GPL-0001] instr_addr_o[9] toplevel port is not placed!
       Replace will regard instr_addr_o[9] is placed in (0, 0)
[WARNING GPL-0001] instr_err_i toplevel port is not placed!
       Replace will regard instr_err_i is placed in (0, 0)
[WARNING GPL-0001] instr_gnt_i toplevel port is not placed!
       Replace will regard instr_gnt_i is placed in (0, 0)
[WARNING GPL-0001] instr_rdata_i[0] toplevel port is not placed!
       Replace will regard instr_rdata_i[0] is placed in (0, 0)
[WARNING GPL-0001] instr_rdata_i[10] toplevel port is not placed!
       Replace will regard instr_rdata_i[10] is placed in (0, 0)
[WARNING GPL-0001] instr_rdata_i[11] toplevel port is not placed!
       Replace will regard instr_rdata_i[11] is placed in (0, 0)
[WARNING GPL-0001] instr_rdata_i[12] toplevel port is not placed!
       Replace will regard instr_rdata_i[12] is placed in (0, 0)
[WARNING GPL-0001] instr_rdata_i[13] toplevel port is not placed!
       Replace will regard instr_rdata_i[13] is placed in (0, 0)
[WARNING GPL-0001] instr_rdata_i[14] toplevel port is not placed!
       Replace will regard instr_rdata_i[14] is placed in (0, 0)
[WARNING GPL-0001] instr_rdata_i[15] toplevel port is not placed!
       Replace will regard instr_rdata_i[15] is placed in (0, 0)
[WARNING GPL-0001] instr_rdata_i[16] toplevel port is not placed!
       Replace will regard instr_rdata_i[16] is placed in (0, 0)
[WARNING GPL-0001] instr_rdata_i[17] toplevel port is not placed!
       Replace will regard instr_rdata_i[17] is placed in (0, 0)
[WARNING GPL-0001] instr_rdata_i[18] toplevel port is not placed!
       Replace will regard instr_rdata_i[18] is placed in (0, 0)
[WARNING GPL-0001] instr_rdata_i[19] toplevel port is not placed!
       Replace will regard instr_rdata_i[19] is placed in (0, 0)
[WARNING GPL-0001] instr_rdata_i[1] toplevel port is not placed!
       Replace will regard instr_rdata_i[1] is placed in (0, 0)
[WARNING GPL-0001] instr_rdata_i[20] toplevel port is not placed!
       Replace will regard instr_rdata_i[20] is placed in (0, 0)
[WARNING GPL-0001] instr_rdata_i[21] toplevel port is not placed!
       Replace will regard instr_rdata_i[21] is placed in (0, 0)
[WARNING GPL-0001] instr_rdata_i[22] toplevel port is not placed!
       Replace will regard instr_rdata_i[22] is placed in (0, 0)
[WARNING GPL-0001] instr_rdata_i[23] toplevel port is not placed!
       Replace will regard instr_rdata_i[23] is placed in (0, 0)
[WARNING GPL-0001] instr_rdata_i[24] toplevel port is not placed!
       Replace will regard instr_rdata_i[24] is placed in (0, 0)
[WARNING GPL-0001] instr_rdata_i[25] toplevel port is not placed!
       Replace will regard instr_rdata_i[25] is placed in (0, 0)
[WARNING GPL-0001] instr_rdata_i[26] toplevel port is not placed!
       Replace will regard instr_rdata_i[26] is placed in (0, 0)
[WARNING GPL-0001] instr_rdata_i[27] toplevel port is not placed!
       Replace will regard instr_rdata_i[27] is placed in (0, 0)
[WARNING GPL-0001] instr_rdata_i[28] toplevel port is not placed!
       Replace will regard instr_rdata_i[28] is placed in (0, 0)
[WARNING GPL-0001] instr_rdata_i[29] toplevel port is not placed!
       Replace will regard instr_rdata_i[29] is placed in (0, 0)
[WARNING GPL-0001] instr_rdata_i[2] toplevel port is not placed!
       Replace will regard instr_rdata_i[2] is placed in (0, 0)
[WARNING GPL-0001] instr_rdata_i[30] toplevel port is not placed!
       Replace will regard instr_rdata_i[30] is placed in (0, 0)
[WARNING GPL-0001] instr_rdata_i[31] toplevel port is not placed!
       Replace will regard instr_rdata_i[31] is placed in (0, 0)
[WARNING GPL-0001] instr_rdata_i[3] toplevel port is not placed!
       Replace will regard instr_rdata_i[3] is placed in (0, 0)
[WARNING GPL-0001] instr_rdata_i[4] toplevel port is not placed!
       Replace will regard instr_rdata_i[4] is placed in (0, 0)
[WARNING GPL-0001] instr_rdata_i[5] toplevel port is not placed!
       Replace will regard instr_rdata_i[5] is placed in (0, 0)
[WARNING GPL-0001] instr_rdata_i[6] toplevel port is not placed!
       Replace will regard instr_rdata_i[6] is placed in (0, 0)
[WARNING GPL-0001] instr_rdata_i[7] toplevel port is not placed!
       Replace will regard instr_rdata_i[7] is placed in (0, 0)
[WARNING GPL-0001] instr_rdata_i[8] toplevel port is not placed!
       Replace will regard instr_rdata_i[8] is placed in (0, 0)
[WARNING GPL-0001] instr_rdata_i[9] toplevel port is not placed!
       Replace will regard instr_rdata_i[9] is placed in (0, 0)
[WARNING GPL-0001] instr_req_o toplevel port is not placed!
       Replace will regard instr_req_o is placed in (0, 0)
[WARNING GPL-0001] instr_rvalid_i toplevel port is not placed!
       Replace will regard instr_rvalid_i is placed in (0, 0)
[WARNING GPL-0001] irq_external_i toplevel port is not placed!
       Replace will regard irq_external_i is placed in (0, 0)
[WARNING GPL-0001] irq_fast_i[0] toplevel port is not placed!
       Replace will regard irq_fast_i[0] is placed in (0, 0)
[WARNING GPL-0001] irq_fast_i[10] toplevel port is not placed!
       Replace will regard irq_fast_i[10] is placed in (0, 0)
[WARNING GPL-0001] irq_fast_i[11] toplevel port is not placed!
       Replace will regard irq_fast_i[11] is placed in (0, 0)
[WARNING GPL-0001] irq_fast_i[12] toplevel port is not placed!
       Replace will regard irq_fast_i[12] is placed in (0, 0)
[WARNING GPL-0001] irq_fast_i[13] toplevel port is not placed!
       Replace will regard irq_fast_i[13] is placed in (0, 0)
[WARNING GPL-0001] irq_fast_i[14] toplevel port is not placed!
       Replace will regard irq_fast_i[14] is placed in (0, 0)
[WARNING GPL-0001] irq_fast_i[1] toplevel port is not placed!
       Replace will regard irq_fast_i[1] is placed in (0, 0)
[WARNING GPL-0001] irq_fast_i[2] toplevel port is not placed!
       Replace will regard irq_fast_i[2] is placed in (0, 0)
[WARNING GPL-0001] irq_fast_i[3] toplevel port is not placed!
       Replace will regard irq_fast_i[3] is placed in (0, 0)
[WARNING GPL-0001] irq_fast_i[4] toplevel port is not placed!
       Replace will regard irq_fast_i[4] is placed in (0, 0)
[WARNING GPL-0001] irq_fast_i[5] toplevel port is not placed!
       Replace will regard irq_fast_i[5] is placed in (0, 0)
[WARNING GPL-0001] irq_fast_i[6] toplevel port is not placed!
       Replace will regard irq_fast_i[6] is placed in (0, 0)
[WARNING GPL-0001] irq_fast_i[7] toplevel port is not placed!
       Replace will regard irq_fast_i[7] is placed in (0, 0)
[WARNING GPL-0001] irq_fast_i[8] toplevel port is not placed!
       Replace will regard irq_fast_i[8] is placed in (0, 0)
[WARNING GPL-0001] irq_fast_i[9] toplevel port is not placed!
       Replace will regard irq_fast_i[9] is placed in (0, 0)
[WARNING GPL-0001] irq_nm_i toplevel port is not placed!
       Replace will regard irq_nm_i is placed in (0, 0)
[WARNING GPL-0001] irq_software_i toplevel port is not placed!
       Replace will regard irq_software_i is placed in (0, 0)
[WARNING GPL-0001] irq_timer_i toplevel port is not placed!
       Replace will regard irq_timer_i is placed in (0, 0)
[WARNING GPL-0001] rst_ni toplevel port is not placed!
       Replace will regard rst_ni is placed in (0, 0)
[WARNING GPL-0001] test_en_i toplevel port is not placed!
       Replace will regard test_en_i is placed in (0, 0)
[INFO GPL-0006] NumInstances:             16423
[INFO GPL-0007] NumPlaceInstances:        16095
[INFO GPL-0008] NumFixedInstances:          328
[INFO GPL-0009] NumDummyInstances:            0
[INFO GPL-0010] NumNets:                  18758
[INFO GPL-0011] NumPins:                  60707
[INFO GPL-0012] DieBBox:  (  0.000  0.000 ) ( 231.915 185.935 ) um
[INFO GPL-0013] CoreBBox: (  1.140  1.400 ) ( 230.850 184.800 ) um
[INFO GPL-0016] CoreArea:             42128.814 um^2
[INFO GPL-0017] NonPlaceInstsArea:       87.248 um^2
[INFO GPL-0018] PlaceInstsArea:       28787.052 um^2
[INFO GPL-0019] Util:                    68.473 %
[INFO GPL-0020] StdInstsArea:         28787.052 um^2
[INFO GPL-0021] MacroInstsArea:           0.000 um^2
[INFO GPL-0031] FillerInit:NumGCells:     24074
[INFO GPL-0032] FillerInit:NumGNets:      18758
[INFO GPL-0033] FillerInit:NumGPins:      60707
[INFO GPL-0023] TargetDensity:            1.000
[INFO GPL-0024] AvrgPlaceInstArea:        1.789 um^2
[INFO GPL-0025] IdealBinArea:             1.789 um^2
[INFO GPL-0026] IdealBinCnt:              23554
[INFO GPL-0027] TotalBinArea:         42128.814 um^2
[INFO GPL-0028] BinCnt:       128    128
[INFO GPL-0029] BinSize: (  1.795  1.433 )
[INFO GPL-0030] NumBins: 16384
Placement density is 0.8208370304107666, computed from PLACE_DENSITY_LB_ADDON 0.40 and lower bound 0.6847283840179443
global_placement -skip_io -density 0.8208370304107666 -pad_left 0 -pad_right 0
[INFO GPL-0002] DBU: 2000
[INFO GPL-0003] SiteSize: (  0.190  1.400 ) um
[INFO GPL-0004] CoreBBox: (  1.140  1.400 ) ( 230.850 184.800 ) um
[INFO GPL-0006] NumInstances:             16423
[INFO GPL-0007] NumPlaceInstances:        16095
[INFO GPL-0008] NumFixedInstances:          328
[INFO GPL-0009] NumDummyInstances:            0
[INFO GPL-0010] NumNets:                  18758
[INFO GPL-0011] NumPins:                  60443
[INFO GPL-0012] DieBBox:  (  0.000  0.000 ) ( 231.915 185.935 ) um
[INFO GPL-0013] CoreBBox: (  1.140  1.400 ) ( 230.850 184.800 ) um
[INFO GPL-0016] CoreArea:             42128.814 um^2
[INFO GPL-0017] NonPlaceInstsArea:       87.248 um^2
[INFO GPL-0018] PlaceInstsArea:       28787.052 um^2
[INFO GPL-0019] Util:                    68.473 %
[INFO GPL-0020] StdInstsArea:         28787.052 um^2
[INFO GPL-0021] MacroInstsArea:           0.000 um^2
[INFO GPL-0031] FillerInit:NumGCells:     19539
[INFO GPL-0032] FillerInit:NumGNets:      18758
[INFO GPL-0033] FillerInit:NumGPins:      60443
[INFO GPL-0023] TargetDensity:            0.821
[INFO GPL-0024] AvrgPlaceInstArea:        1.789 um^2
[INFO GPL-0025] IdealBinArea:             2.179 um^2
[INFO GPL-0026] IdealBinCnt:              19334
[INFO GPL-0027] TotalBinArea:         42128.814 um^2
[INFO GPL-0028] BinCnt:       128    128
[INFO GPL-0029] BinSize: (  1.795  1.433 )
[INFO GPL-0030] NumBins: 16384
[NesterovSolve] Iter:    1 overflow: 0.998 HPWL: 43116741
[NesterovSolve] Iter:   10 overflow: 0.999 HPWL: 25876599
[NesterovSolve] Iter:   20 overflow: 0.999 HPWL: 25411761
[NesterovSolve] Iter:   30 overflow: 0.999 HPWL: 25364591
[NesterovSolve] Iter:   40 overflow: 0.999 HPWL: 25289405
[NesterovSolve] Iter:   50 overflow: 0.999 HPWL: 25242803
[NesterovSolve] Iter:   60 overflow: 0.999 HPWL: 25196324
[NesterovSolve] Iter:   70 overflow: 0.998 HPWL: 25170041
[NesterovSolve] Iter:   80 overflow: 0.998 HPWL: 25171917
[NesterovSolve] Iter:   90 overflow: 0.998 HPWL: 25223130
[NesterovSolve] Iter:  100 overflow: 0.998 HPWL: 25410360
[NesterovSolve] Iter:  110 overflow: 0.998 HPWL: 25962708
[NesterovSolve] Iter:  120 overflow: 0.997 HPWL: 27354249
[NesterovSolve] Iter:  130 overflow: 0.996 HPWL: 30037832
[NesterovSolve] Iter:  140 overflow: 0.995 HPWL: 34246073
[NesterovSolve] Iter:  150 overflow: 0.993 HPWL: 40436364
[NesterovSolve] Iter:  160 overflow: 0.989 HPWL: 49320664
[NesterovSolve] Iter:  170 overflow: 0.985 HPWL: 59422782
[NesterovSolve] Iter:  180 overflow: 0.978 HPWL: 69830944
[NesterovSolve] Iter:  190 overflow: 0.971 HPWL: 82700729
[NesterovSolve] Iter:  200 overflow: 0.959 HPWL: 99573845
[NesterovSolve] Iter:  210 overflow: 0.943 HPWL: 119399582
[NesterovSolve] Iter:  220 overflow: 0.924 HPWL: 140398377
[NesterovSolve] Iter:  230 overflow: 0.901 HPWL: 163035479
[NesterovSolve] Iter:  240 overflow: 0.873 HPWL: 187267823
[NesterovSolve] Iter:  250 overflow: 0.842 HPWL: 212503247
[NesterovSolve] Iter:  260 overflow: 0.809 HPWL: 236513648
[NesterovSolve] Iter:  270 overflow: 0.771 HPWL: 259405706
[NesterovSolve] Iter:  280 overflow: 0.731 HPWL: 282258478
[NesterovSolve] Iter:  290 overflow: 0.687 HPWL: 302610323
[NesterovSolve] Iter:  300 overflow: 0.639 HPWL: 321000165
[NesterovSolve] Iter:  310 overflow: 0.585 HPWL: 337492747
[NesterovSolve] Iter:  320 overflow: 0.536 HPWL: 353276626
[NesterovSolve] Iter:  330 overflow: 0.491 HPWL: 367748494
[NesterovSolve] Iter:  340 overflow: 0.442 HPWL: 377091039
[NesterovSolve] Iter:  350 overflow: 0.392 HPWL: 385898143
[NesterovSolve] Iter:  360 overflow: 0.348 HPWL: 393076784
[NesterovSolve] Iter:  370 overflow: 0.312 HPWL: 396440910
[NesterovSolve] Iter:  380 overflow: 0.281 HPWL: 399853071
[NesterovSolve] Iter:  390 overflow: 0.248 HPWL: 402715252
[NesterovSolve] Iter:  400 overflow: 0.218 HPWL: 404913175
[NesterovSolve] Iter:  410 overflow: 0.190 HPWL: 406561818
[NesterovSolve] Iter:  420 overflow: 0.167 HPWL: 407987587
[NesterovSolve] Iter:  430 overflow: 0.144 HPWL: 409109847
[NesterovSolve] Iter:  440 overflow: 0.126 HPWL: 409987012
[NesterovSolve] Iter:  450 overflow: 0.109 HPWL: 410618513
[NesterovSolve] Finished with Overflow: 0.098869
Took 12 seconds: global_placement -skip_io -density 0.8208370304107666 -pad_left 0 -pad_right 0
Elapsed time: 0:13.44[h:]min:sec. CPU time: user 203.51 sys 1.18 (1522%). Peak memory: 174192KB.
