OpenROAD v2.0-19576-gec1bf1a13 
Features included (+) or not (-): +GPU +GUI +Python : None
This program is licensed under the BSD-3 license. See the LICENSE file for details.
Components of this program may be licensed under more restrictive licenses which must be honored.
[INFO ORD-0030] Using 16 thread(s).
[INFO GPL-0002] DBU: 2000
[INFO GPL-0003] SiteSize: (  0.190  1.400 ) um
[INFO GPL-0004] CoreBBox: (  1.140  1.400 ) ( 321.290 224.000 ) um
[INFO GPL-0006] NumInstances:             16574
[INFO GPL-0007] NumPlaceInstances:        16095
[INFO GPL-0008] NumFixedInstances:          479
[INFO GPL-0009] NumDummyInstances:            0
[INFO GPL-0010] NumNets:                  18758
[INFO GPL-0011] NumPins:                  60707
[INFO GPL-0012] DieBBox:  (  0.000  0.000 ) ( 322.470 226.330 ) um
[INFO GPL-0013] CoreBBox: (  1.140  1.400 ) ( 321.290 224.000 ) um
[INFO GPL-0016] CoreArea:             71265.390 um^2
[INFO GPL-0017] NonPlaceInstsArea:      127.414 um^2
[INFO GPL-0018] PlaceInstsArea:       28787.052 um^2
[INFO GPL-0019] Util:                    40.467 %
[INFO GPL-0020] StdInstsArea:         28787.052 um^2
[INFO GPL-0021] MacroInstsArea:           0.000 um^2
[INFO GPL-0031] FillerInit:NumGCells:     41590
[INFO GPL-0032] FillerInit:NumGNets:      18758
[INFO GPL-0033] FillerInit:NumGPins:      60707
[INFO GPL-0023] TargetDensity:            1.000
[INFO GPL-0024] AvrgPlaceInstArea:        1.789 um^2
[INFO GPL-0025] IdealBinArea:             1.789 um^2
[INFO GPL-0026] IdealBinCnt:              39844
[INFO GPL-0027] TotalBinArea:         71265.390 um^2
[INFO GPL-0028] BinCnt:       128    128
[INFO GPL-0029] BinSize: (  2.502  1.740 )
[INFO GPL-0030] NumBins: 16384
Placement density is 0.6527990317344665, computed from PLACE_DENSITY_LB_ADDON 0.40 and lower bound 0.4046650528907776
global_placement -density 0.6527990317344665 -pad_left 0 -pad_right 0
[INFO GPL-0002] DBU: 2000
[INFO GPL-0003] SiteSize: (  0.190  1.400 ) um
[INFO GPL-0004] CoreBBox: (  1.140  1.400 ) ( 321.290 224.000 ) um
[INFO GPL-0006] NumInstances:             16574
[INFO GPL-0007] NumPlaceInstances:        16095
[INFO GPL-0008] NumFixedInstances:          479
[INFO GPL-0009] NumDummyInstances:            0
[INFO GPL-0010] NumNets:                  18758
[INFO GPL-0011] NumPins:                  60707
[INFO GPL-0012] DieBBox:  (  0.000  0.000 ) ( 322.470 226.330 ) um
[INFO GPL-0013] CoreBBox: (  1.140  1.400 ) ( 321.290 224.000 ) um
[INFO GPL-0016] CoreArea:             71265.390 um^2
[INFO GPL-0017] NonPlaceInstsArea:      127.414 um^2
[INFO GPL-0018] PlaceInstsArea:       28787.052 um^2
[INFO GPL-0019] Util:                    40.467 %
[INFO GPL-0020] StdInstsArea:         28787.052 um^2
[INFO GPL-0021] MacroInstsArea:           0.000 um^2
[InitialPlace]  Iter: 1 CG residual: 0.01589662 HPWL: 240624780
[InitialPlace]  Iter: 2 CG residual: 0.00267999 HPWL: 194633597
[InitialPlace]  Iter: 3 CG residual: 0.00008433 HPWL: 182700511
[InitialPlace]  Iter: 4 CG residual: 0.00007534 HPWL: 178328124
[InitialPlace]  Iter: 5 CG residual: 0.00001796 HPWL: 176609607
[InitialPlace]  Iter: 6 CG residual: 0.00001161 HPWL: 176386520
[InitialPlace]  Iter: 7 CG residual: 0.00000173 HPWL: 176140278
[INFO GPL-0031] FillerInit:NumGCells:     26721
[INFO GPL-0032] FillerInit:NumGNets:      18758
[INFO GPL-0033] FillerInit:NumGPins:      60707
[INFO GPL-0023] TargetDensity:            0.653
[INFO GPL-0024] AvrgPlaceInstArea:        1.789 um^2
[INFO GPL-0025] IdealBinArea:             2.740 um^2
[INFO GPL-0026] IdealBinCnt:              26010
[INFO GPL-0027] TotalBinArea:         71265.390 um^2
[INFO GPL-0028] BinCnt:       128    128
[INFO GPL-0029] BinSize: (  2.502  1.740 )
[INFO GPL-0030] NumBins: 16384
[NesterovSolve] Iter:    1 overflow: 0.994 HPWL: 76824348
[NesterovSolve] Iter:   10 overflow: 0.979 HPWL: 96250848
[NesterovSolve] Iter:   20 overflow: 0.968 HPWL: 107983950
[NesterovSolve] Iter:   30 overflow: 0.962 HPWL: 114439095
[NesterovSolve] Iter:   40 overflow: 0.959 HPWL: 120745133
[NesterovSolve] Iter:   50 overflow: 0.957 HPWL: 126195521
[NesterovSolve] Iter:   60 overflow: 0.957 HPWL: 129319955
[NesterovSolve] Iter:   70 overflow: 0.956 HPWL: 130023267
[NesterovSolve] Iter:   80 overflow: 0.956 HPWL: 128649037
[NesterovSolve] Iter:   90 overflow: 0.956 HPWL: 126832080
[NesterovSolve] Iter:  100 overflow: 0.956 HPWL: 125734250
[NesterovSolve] Iter:  110 overflow: 0.956 HPWL: 125657641
[NesterovSolve] Iter:  120 overflow: 0.955 HPWL: 126167278
[NesterovSolve] Iter:  130 overflow: 0.955 HPWL: 126814775
[NesterovSolve] Iter:  140 overflow: 0.955 HPWL: 127595175
[NesterovSolve] Iter:  150 overflow: 0.954 HPWL: 128609528
[NesterovSolve] Iter:  160 overflow: 0.953 HPWL: 129941998
[NesterovSolve] Iter:  170 overflow: 0.952 HPWL: 131988352
[NesterovSolve] Iter:  180 overflow: 0.951 HPWL: 135556438
[NesterovSolve] Iter:  190 overflow: 0.949 HPWL: 141280309
[NesterovSolve] Iter:  200 overflow: 0.945 HPWL: 149268171
[NesterovSolve] Iter:  210 overflow: 0.940 HPWL: 159954184
[NesterovSolve] Iter:  220 overflow: 0.933 HPWL: 174445988
[NesterovSolve] Iter:  230 overflow: 0.922 HPWL: 192973489
[NesterovSolve] Iter:  240 overflow: 0.909 HPWL: 214138076
[NesterovSolve] Iter:  250 overflow: 0.892 HPWL: 234609552
[NesterovSolve] Iter:  260 overflow: 0.871 HPWL: 254380318
[NesterovSolve] Iter:  270 overflow: 0.846 HPWL: 280614453
[NesterovSolve] Iter:  280 overflow: 0.819 HPWL: 307869616
[NesterovSolve] Iter:  290 overflow: 0.790 HPWL: 331190190
[NesterovSolve] Iter:  300 overflow: 0.749 HPWL: 362625540
[NesterovSolve] Iter:  310 overflow: 0.710 HPWL: 379927356
[NesterovSolve] Iter:  320 overflow: 0.665 HPWL: 406177982
[NesterovSolve] Iter:  330 overflow: 0.615 HPWL: 422523813
[NesterovSolve] Iter:  340 overflow: 0.567 HPWL: 442236128
[NesterovSolve] Iter:  350 overflow: 0.520 HPWL: 452965574
[NesterovSolve] Iter:  360 overflow: 0.473 HPWL: 461264223
[NesterovSolve] Iter:  370 overflow: 0.422 HPWL: 473190729
[NesterovSolve] Iter:  380 overflow: 0.379 HPWL: 481756062
[NesterovSolve] Iter:  390 overflow: 0.332 HPWL: 484413493
[NesterovSolve] Iter:  400 overflow: 0.299 HPWL: 486801566
[NesterovSolve] Iter:  410 overflow: 0.264 HPWL: 489021843
[NesterovSolve] Iter:  420 overflow: 0.232 HPWL: 492829817
[NesterovSolve] Iter:  430 overflow: 0.203 HPWL: 495203604
[NesterovSolve] Iter:  440 overflow: 0.178 HPWL: 497486570
[NesterovSolve] Iter:  450 overflow: 0.152 HPWL: 498978913
[NesterovSolve] Iter:  460 overflow: 0.132 HPWL: 499753181
[NesterovSolve] Iter:  470 overflow: 0.114 HPWL: 500464428
[NesterovSolve] Iter:  480 overflow: 0.100 HPWL: 501323371
[NesterovSolve] Finished with Overflow: 0.099614
Took 935 seconds: global_placement -density 0.6527990317344665 -pad_left 0 -pad_right 0
Report metrics stage 3, global place...

==========================================================================
global place report_design_area
--------------------------------------------------------------------------
Design area 28787 u^2 40% utilization.
Elapsed time: 15:58.91[h:]min:sec. CPU time: user 1941.81 sys 6.85 (203%). Peak memory: 200864KB.
