OpenROAD v2.0-19576-gec1bf1a13 
Features included (+) or not (-): +GPU +GUI +Python : None
This program is licensed under the BSD-3 license. See the LICENSE file for details.
Components of this program may be licensed under more restrictive licenses which must be honored.
[INFO ORD-0030] Using 16 thread(s).
[INFO GPL-0002] DBU: 2000
[INFO GPL-0003] SiteSize: (  0.190  1.400 ) um
[INFO GPL-0004] CoreBBox: (  1.140  1.400 ) ( 296.590 207.200 ) um
[INFO GPL-0006] NumInstances:             16538
[INFO GPL-0007] NumPlaceInstances:        16095
[INFO GPL-0008] NumFixedInstances:          443
[INFO GPL-0009] NumDummyInstances:            0
[INFO GPL-0010] NumNets:                  18758
[INFO GPL-0011] NumPins:                  60707
[INFO GPL-0012] DieBBox:  (  0.000  0.000 ) ( 297.645 208.950 ) um
[INFO GPL-0013] CoreBBox: (  1.140  1.400 ) ( 296.590 207.200 ) um
[INFO GPL-0016] CoreArea:             60803.610 um^2
[INFO GPL-0017] NonPlaceInstsArea:      117.838 um^2
[INFO GPL-0018] PlaceInstsArea:       28787.052 um^2
[INFO GPL-0019] Util:                    47.436 %
[INFO GPL-0020] StdInstsArea:         28787.052 um^2
[INFO GPL-0021] MacroInstsArea:           0.000 um^2
[INFO GPL-0031] FillerInit:NumGCells:     35298
[INFO GPL-0032] FillerInit:NumGNets:      18758
[INFO GPL-0033] FillerInit:NumGPins:      60707
[INFO GPL-0023] TargetDensity:            1.000
[INFO GPL-0024] AvrgPlaceInstArea:        1.789 um^2
[INFO GPL-0025] IdealBinArea:             1.789 um^2
[INFO GPL-0026] IdealBinCnt:              33995
[INFO GPL-0027] TotalBinArea:         60803.610 um^2
[INFO GPL-0028] BinCnt:       128    128
[INFO GPL-0029] BinSize: (  2.308  1.608 )
[INFO GPL-0030] NumBins: 16384
Placement density is 0.6946174776554108, computed from PLACE_DENSITY_LB_ADDON 0.40 and lower bound 0.47436246275901794
global_placement -density 0.6946174776554108 -pad_left 0 -pad_right 0
[INFO GPL-0002] DBU: 2000
[INFO GPL-0003] SiteSize: (  0.190  1.400 ) um
[INFO GPL-0004] CoreBBox: (  1.140  1.400 ) ( 296.590 207.200 ) um
[INFO GPL-0006] NumInstances:             16538
[INFO GPL-0007] NumPlaceInstances:        16095
[INFO GPL-0008] NumFixedInstances:          443
[INFO GPL-0009] NumDummyInstances:            0
[INFO GPL-0010] NumNets:                  18758
[INFO GPL-0011] NumPins:                  60707
[INFO GPL-0012] DieBBox:  (  0.000  0.000 ) ( 297.645 208.950 ) um
[INFO GPL-0013] CoreBBox: (  1.140  1.400 ) ( 296.590 207.200 ) um
[INFO GPL-0016] CoreArea:             60803.610 um^2
[INFO GPL-0017] NonPlaceInstsArea:      117.838 um^2
[INFO GPL-0018] PlaceInstsArea:       28787.052 um^2
[INFO GPL-0019] Util:                    47.436 %
[INFO GPL-0020] StdInstsArea:         28787.052 um^2
[INFO GPL-0021] MacroInstsArea:           0.000 um^2
[InitialPlace]  Iter: 1 CG residual: 0.00598949 HPWL: 606738834
[InitialPlace]  Iter: 2 CG residual: 0.00009533 HPWL: 209139410
[InitialPlace]  Iter: 3 CG residual: 0.00003478 HPWL: 206074645
[InitialPlace]  Iter: 4 CG residual: 0.00001081 HPWL: 204106028
[InitialPlace]  Iter: 5 CG residual: 0.00001985 HPWL: 201385049
[InitialPlace]  Iter: 6 CG residual: 0.00002749 HPWL: 198801295
[InitialPlace]  Iter: 7 CG residual: 0.00000909 HPWL: 196466749
[INFO GPL-0031] FillerInit:NumGCells:     24141
[INFO GPL-0032] FillerInit:NumGNets:      18758
[INFO GPL-0033] FillerInit:NumGPins:      60707
[INFO GPL-0023] TargetDensity:            0.695
[INFO GPL-0024] AvrgPlaceInstArea:        1.789 um^2
[INFO GPL-0025] IdealBinArea:             2.575 um^2
[INFO GPL-0026] IdealBinCnt:              23613
[INFO GPL-0027] TotalBinArea:         60803.610 um^2
[INFO GPL-0028] BinCnt:       128    128
[INFO GPL-0029] BinSize: (  2.308  1.608 )
[INFO GPL-0030] NumBins: 16384
[NesterovSolve] Iter:    1 overflow: 0.987 HPWL: 128672436
[NesterovSolve] Iter:   10 overflow: 0.961 HPWL: 126612152
[NesterovSolve] Iter:   20 overflow: 0.948 HPWL: 142474540
[NesterovSolve] Iter:   30 overflow: 0.941 HPWL: 150649128
[NesterovSolve] Iter:   40 overflow: 0.937 HPWL: 155030584
[NesterovSolve] Iter:   50 overflow: 0.933 HPWL: 156274012
[NesterovSolve] Iter:   60 overflow: 0.933 HPWL: 156393456
[NesterovSolve] Iter:   70 overflow: 0.932 HPWL: 156421913
[NesterovSolve] Iter:   80 overflow: 0.931 HPWL: 155928138
[NesterovSolve] Iter:   90 overflow: 0.930 HPWL: 155260585
[NesterovSolve] Iter:  100 overflow: 0.930 HPWL: 154941960
[NesterovSolve] Iter:  110 overflow: 0.929 HPWL: 155436695
[NesterovSolve] Iter:  120 overflow: 0.929 HPWL: 156603147
[NesterovSolve] Iter:  130 overflow: 0.928 HPWL: 157898595
[NesterovSolve] Iter:  140 overflow: 0.926 HPWL: 159239553
[NesterovSolve] Iter:  150 overflow: 0.925 HPWL: 161115935
[NesterovSolve] Iter:  160 overflow: 0.923 HPWL: 164291607
[NesterovSolve] Iter:  170 overflow: 0.921 HPWL: 169417019
[NesterovSolve] Iter:  180 overflow: 0.917 HPWL: 176364982
[NesterovSolve] Iter:  190 overflow: 0.912 HPWL: 185475125
[NesterovSolve] Iter:  200 overflow: 0.903 HPWL: 197912384
[NesterovSolve] Iter:  210 overflow: 0.893 HPWL: 213921328
[NesterovSolve] Iter:  220 overflow: 0.878 HPWL: 231961552
[NesterovSolve] Iter:  230 overflow: 0.861 HPWL: 250281911
[NesterovSolve] Iter:  240 overflow: 0.840 HPWL: 271549762
[NesterovSolve] Iter:  250 overflow: 0.812 HPWL: 296455147
[NesterovSolve] Iter:  260 overflow: 0.781 HPWL: 314767187
[NesterovSolve] Iter:  270 overflow: 0.747 HPWL: 340377192
[NesterovSolve] Iter:  280 overflow: 0.712 HPWL: 357553914
[NesterovSolve] Iter:  290 overflow: 0.667 HPWL: 376256428
[NesterovSolve] Iter:  300 overflow: 0.616 HPWL: 393308057
[NesterovSolve] Iter:  310 overflow: 0.565 HPWL: 408826128
[NesterovSolve] Iter:  320 overflow: 0.522 HPWL: 423686765
[NesterovSolve] Iter:  330 overflow: 0.473 HPWL: 435722462
[NesterovSolve] Iter:  340 overflow: 0.428 HPWL: 441205937
[NesterovSolve] Iter:  350 overflow: 0.381 HPWL: 450583137
[NesterovSolve] Iter:  360 overflow: 0.335 HPWL: 457310381
[NesterovSolve] Iter:  370 overflow: 0.305 HPWL: 461627360
[NesterovSolve] Iter:  380 overflow: 0.270 HPWL: 464949240
[NesterovSolve] Iter:  390 overflow: 0.239 HPWL: 467571771
[NesterovSolve] Iter:  400 overflow: 0.211 HPWL: 469427974
[NesterovSolve] Iter:  410 overflow: 0.185 HPWL: 471167282
[NesterovSolve] Iter:  420 overflow: 0.159 HPWL: 472335430
[NesterovSolve] Iter:  430 overflow: 0.137 HPWL: 473083228
[NesterovSolve] Iter:  440 overflow: 0.118 HPWL: 473449217
[NesterovSolve] Iter:  450 overflow: 0.103 HPWL: 473474523
[NesterovSolve] Finished with Overflow: 0.099884
Took 15 seconds: global_placement -density 0.6946174776554108 -pad_left 0 -pad_right 0
Report metrics stage 3, global place...

==========================================================================
global place report_design_area
--------------------------------------------------------------------------
Design area 28787 u^2 47% utilization.
Elapsed time: 0:23.75[h:]min:sec. CPU time: user 248.96 sys 0.98 (1052%). Peak memory: 197140KB.
