OpenROAD v2.0-19576-gec1bf1a13 
Features included (+) or not (-): +GPU +GUI +Python : None
This program is licensed under the BSD-3 license. See the LICENSE file for details.
Components of this program may be licensed under more restrictive licenses which must be honored.
[INFO ORD-0030] Using 16 thread(s).
[INFO GPL-0002] DBU: 2000
[INFO GPL-0003] SiteSize: (  0.190  1.400 ) um
[INFO GPL-0004] CoreBBox: (  1.140  1.400 ) ( 298.870 179.200 ) um
[INFO GPL-0006] NumInstances:             16478
[INFO GPL-0007] NumPlaceInstances:        16095
[INFO GPL-0008] NumFixedInstances:          383
[INFO GPL-0009] NumDummyInstances:            0
[INFO GPL-0010] NumNets:                  18758
[INFO GPL-0011] NumPins:                  60707
[INFO GPL-0012] DieBBox:  (  0.000  0.000 ) ( 299.920 180.750 ) um
[INFO GPL-0013] CoreBBox: (  1.140  1.400 ) ( 298.870 179.200 ) um
[INFO GPL-0016] CoreArea:             52936.394 um^2
[INFO GPL-0017] NonPlaceInstsArea:      101.878 um^2
[INFO GPL-0018] PlaceInstsArea:       28787.052 um^2
[INFO GPL-0019] Util:                    54.485 %
[INFO GPL-0020] StdInstsArea:         28787.052 um^2
[INFO GPL-0021] MacroInstsArea:           0.000 um^2
[INFO GPL-0031] FillerInit:NumGCells:     30571
[INFO GPL-0032] FillerInit:NumGNets:      18758
[INFO GPL-0033] FillerInit:NumGPins:      60707
[INFO GPL-0023] TargetDensity:            1.000
[INFO GPL-0024] AvrgPlaceInstArea:        1.789 um^2
[INFO GPL-0025] IdealBinArea:             1.789 um^2
[INFO GPL-0026] IdealBinCnt:              29597
[INFO GPL-0027] TotalBinArea:         52936.394 um^2
[INFO GPL-0028] BinCnt:       128    128
[INFO GPL-0029] BinSize: (  2.326  1.389 )
[INFO GPL-0030] NumBins: 16384
Placement density is 0.7369118905067444, computed from PLACE_DENSITY_LB_ADDON 0.40 and lower bound 0.544853150844574
global_placement -density 0.7369118905067444 -pad_left 0 -pad_right 0
[INFO GPL-0002] DBU: 2000
[INFO GPL-0003] SiteSize: (  0.190  1.400 ) um
[INFO GPL-0004] CoreBBox: (  1.140  1.400 ) ( 298.870 179.200 ) um
[INFO GPL-0006] NumInstances:             16478
[INFO GPL-0007] NumPlaceInstances:        16095
[INFO GPL-0008] NumFixedInstances:          383
[INFO GPL-0009] NumDummyInstances:            0
[INFO GPL-0010] NumNets:                  18758
[INFO GPL-0011] NumPins:                  60707
[INFO GPL-0012] DieBBox:  (  0.000  0.000 ) ( 299.920 180.750 ) um
[INFO GPL-0013] CoreBBox: (  1.140  1.400 ) ( 298.870 179.200 ) um
[INFO GPL-0016] CoreArea:             52936.394 um^2
[INFO GPL-0017] NonPlaceInstsArea:      101.878 um^2
[INFO GPL-0018] PlaceInstsArea:       28787.052 um^2
[INFO GPL-0019] Util:                    54.485 %
[INFO GPL-0020] StdInstsArea:         28787.052 um^2
[INFO GPL-0021] MacroInstsArea:           0.000 um^2
[InitialPlace]  Iter: 1 CG residual: 0.00379202 HPWL: 614737744
[InitialPlace]  Iter: 2 CG residual: 0.00006409 HPWL: 202001741
[InitialPlace]  Iter: 3 CG residual: 0.00000584 HPWL: 198048743
[InitialPlace]  Iter: 4 CG residual: 0.00000451 HPWL: 198010982
[InitialPlace]  Iter: 5 CG residual: 0.00001618 HPWL: 197361916
[InitialPlace]  Iter: 6 CG residual: 0.00002686 HPWL: 196824908
[InitialPlace]  Iter: 7 CG residual: 0.00001491 HPWL: 195898019
[InitialPlace]  Iter: 8 CG residual: 0.00000398 HPWL: 195377185
[INFO GPL-0031] FillerInit:NumGCells:     22203
[INFO GPL-0032] FillerInit:NumGNets:      18758
[INFO GPL-0033] FillerInit:NumGPins:      60707
[INFO GPL-0023] TargetDensity:            0.737
[INFO GPL-0024] AvrgPlaceInstArea:        1.789 um^2
[INFO GPL-0025] IdealBinArea:             2.427 um^2
[INFO GPL-0026] IdealBinCnt:              21810
[INFO GPL-0027] TotalBinArea:         52936.394 um^2
[INFO GPL-0028] BinCnt:       128    128
[INFO GPL-0029] BinSize: (  2.326  1.389 )
[INFO GPL-0030] NumBins: 16384
[NesterovSolve] Iter:    1 overflow: 0.986 HPWL: 135738112
[NesterovSolve] Iter:   10 overflow: 0.960 HPWL: 125085480
[NesterovSolve] Iter:   20 overflow: 0.945 HPWL: 139926498
[NesterovSolve] Iter:   30 overflow: 0.940 HPWL: 146170918
[NesterovSolve] Iter:   40 overflow: 0.937 HPWL: 149279537
[NesterovSolve] Iter:   50 overflow: 0.935 HPWL: 149564422
[NesterovSolve] Iter:   60 overflow: 0.934 HPWL: 149431440
[NesterovSolve] Iter:   70 overflow: 0.933 HPWL: 149178185
[NesterovSolve] Iter:   80 overflow: 0.932 HPWL: 148428699
[NesterovSolve] Iter:   90 overflow: 0.931 HPWL: 147856239
[NesterovSolve] Iter:  100 overflow: 0.930 HPWL: 147900357
[NesterovSolve] Iter:  110 overflow: 0.929 HPWL: 148860618
[NesterovSolve] Iter:  120 overflow: 0.927 HPWL: 150274210
[NesterovSolve] Iter:  130 overflow: 0.926 HPWL: 151608634
[NesterovSolve] Iter:  140 overflow: 0.924 HPWL: 152969427
[NesterovSolve] Iter:  150 overflow: 0.923 HPWL: 154681908
[NesterovSolve] Iter:  160 overflow: 0.921 HPWL: 157258403
[NesterovSolve] Iter:  170 overflow: 0.920 HPWL: 161198904
[NesterovSolve] Iter:  180 overflow: 0.917 HPWL: 167060517
[NesterovSolve] Iter:  190 overflow: 0.913 HPWL: 175414146
[NesterovSolve] Iter:  200 overflow: 0.905 HPWL: 186364558
[NesterovSolve] Iter:  210 overflow: 0.895 HPWL: 199462971
[NesterovSolve] Iter:  220 overflow: 0.884 HPWL: 214361994
[NesterovSolve] Iter:  230 overflow: 0.868 HPWL: 230317294
[NesterovSolve] Iter:  240 overflow: 0.847 HPWL: 249697081
[NesterovSolve] Iter:  250 overflow: 0.823 HPWL: 268918130
[NesterovSolve] Iter:  260 overflow: 0.793 HPWL: 290723048
[NesterovSolve] Iter:  270 overflow: 0.759 HPWL: 315869124
[NesterovSolve] Iter:  280 overflow: 0.720 HPWL: 335491474
[NesterovSolve] Iter:  290 overflow: 0.674 HPWL: 357744652
[NesterovSolve] Iter:  300 overflow: 0.624 HPWL: 378267908
[NesterovSolve] Iter:  310 overflow: 0.571 HPWL: 400626894
[NesterovSolve] Iter:  320 overflow: 0.518 HPWL: 427149403
[NesterovSolve] Iter:  330 overflow: 0.476 HPWL: 449503869
[NesterovSolve] Iter:  340 overflow: 0.433 HPWL: 459378193
[NesterovSolve] Iter:  350 overflow: 0.386 HPWL: 467539795
[NesterovSolve] Iter:  360 overflow: 0.339 HPWL: 476732070
[NesterovSolve] Iter:  370 overflow: 0.311 HPWL: 482697388
[NesterovSolve] Iter:  380 overflow: 0.276 HPWL: 485346284
[NesterovSolve] Iter:  390 overflow: 0.245 HPWL: 488247471
[NesterovSolve] Iter:  400 overflow: 0.218 HPWL: 489010842
[NesterovSolve] Iter:  410 overflow: 0.190 HPWL: 488506255
[NesterovSolve] Iter:  420 overflow: 0.166 HPWL: 487950706
[NesterovSolve] Iter:  430 overflow: 0.145 HPWL: 487926188
[NesterovSolve] Iter:  440 overflow: 0.127 HPWL: 488022662
[NesterovSolve] Iter:  450 overflow: 0.111 HPWL: 488267714
[NesterovSolve] Finished with Overflow: 0.099325
Took 15 seconds: global_placement -density 0.7369118905067444 -pad_left 0 -pad_right 0
Report metrics stage 3, global place...

==========================================================================
global place report_design_area
--------------------------------------------------------------------------
Design area 28787 u^2 54% utilization.
Elapsed time: 0:27.02[h:]min:sec. CPU time: user 251.57 sys 0.81 (933%). Peak memory: 203128KB.
