
==========================================================================
global place report_tns
--------------------------------------------------------------------------
tns -38595.69

==========================================================================
global place report_wns
--------------------------------------------------------------------------
wns -210.98

==========================================================================
global place report_worst_slack
--------------------------------------------------------------------------
worst slack -210.98

==========================================================================
global place report_checks -path_delay min
--------------------------------------------------------------------------
Startpoint: rst_ni (input port clocked by core_clock)
Endpoint: cs_registers_i.u_mscratch_csr.rdata_q[18]$_DFFE_PN0P_
          (removal check against rising-edge clock core_clock)
Path Group: asynchronous
Path Type: min

Fanout     Cap    Slew   Delay    Time   Description
-----------------------------------------------------------------------------
                  0.00    0.00    0.00   clock core_clock (rise edge)
                          0.00    0.00   clock network delay (ideal)
                        252.00  252.00 ^ input external delay
    40   42.14    0.00    0.00  252.00 ^ rst_ni (in)
                                         rst_ni (net)
                 15.24    4.81  256.81 ^ cs_registers_i.u_mscratch_csr.rdata_q[18]$_DFFE_PN0P_/SETN (DFFASRHQNx1_ASAP7_75t_R)
                                256.81   data arrival time

                  0.00    0.00    0.00   clock core_clock (rise edge)
                          0.00    0.00   clock network delay (ideal)
                          0.00    0.00   clock reconvergence pessimism
                                  0.00 ^ cs_registers_i.u_mscratch_csr.rdata_q[18]$_DFFE_PN0P_/CLK (DFFASRHQNx1_ASAP7_75t_R)
                         15.67   15.67   library removal time
                                 15.67   data required time
-----------------------------------------------------------------------------
                                 15.67   data required time
                               -256.81   data arrival time
-----------------------------------------------------------------------------
                                241.14   slack (MET)


Startpoint: core_clock_gate_i.en_latch$_DLATCH_N_
            (negative level-sensitive latch clocked by core_clock)
Endpoint: _35046_ (rising clock gating-check end-point clocked by core_clock)
Path Group: gated clock
Path Type: min

Fanout     Cap    Slew   Delay    Time   Description
-----------------------------------------------------------------------------
                  0.00  630.00  630.00   clock core_clock (fall edge)
                          0.00  630.00   clock network delay (ideal)
                  0.00    0.00  630.00 v core_clock_gate_i.en_latch$_DLATCH_N_/CLK (DLLx1_ASAP7_75t_R)
     1    0.37    6.33   17.44  647.44 ^ core_clock_gate_i.en_latch$_DLATCH_N_/Q (DLLx1_ASAP7_75t_R)
                                         core_clock_gate_i.en_latch (net)
                  6.33    0.00  647.44 ^ _35046_/B (AND2x2_ASAP7_75t_R)
                                647.44   data arrival time

                  0.00  630.00  630.00   clock core_clock (fall edge)
                          0.00  630.00   clock network delay (ideal)
                          0.00  630.00   clock reconvergence pessimism
                                630.00 v _35046_/A (AND2x2_ASAP7_75t_R)
                          0.00  630.00   clock gating hold time
                                630.00   data required time
-----------------------------------------------------------------------------
                                630.00   data required time
                               -647.44   data arrival time
-----------------------------------------------------------------------------
                                 17.44   slack (MET)


Startpoint: cs_registers_i.u_mstack_epc_csr.rdata_q[2]$_DFFE_PN0P_
            (rising edge-triggered flip-flop clocked by core_clock)
Endpoint: cs_registers_i.u_mstack_epc_csr.rdata_q[2]$_DFFE_PN0P_
          (rising edge-triggered flip-flop clocked by core_clock)
Path Group: core_clock
Path Type: min

Fanout     Cap    Slew   Delay    Time   Description
-----------------------------------------------------------------------------
                  0.00    0.00    0.00   clock core_clock (rise edge)
                          0.00    0.00   clock network delay (ideal)
                  0.00    0.00    0.00 ^ cs_registers_i.u_mstack_epc_csr.rdata_q[2]$_DFFE_PN0P_/CLK (DFFASRHQNx1_ASAP7_75t_R)
     2    1.21   16.57   37.82   37.82 ^ cs_registers_i.u_mstack_epc_csr.rdata_q[2]$_DFFE_PN0P_/QN (DFFASRHQNx1_ASAP7_75t_R)
                                         _01865_ (net)
                 16.57    0.01   37.83 ^ _27544_/A1 (AOI21x1_ASAP7_75t_R)
     1    0.66    5.52    8.77   46.60 v _27544_/Y (AOI21x1_ASAP7_75t_R)
                                         _02715_ (net)
                  5.52    0.01   46.61 v cs_registers_i.u_mstack_epc_csr.rdata_q[2]$_DFFE_PN0P_/D (DFFASRHQNx1_ASAP7_75t_R)
                                 46.61   data arrival time

                  0.00    0.00    0.00   clock core_clock (rise edge)
                          0.00    0.00   clock network delay (ideal)
                          0.00    0.00   clock reconvergence pessimism
                                  0.00 ^ cs_registers_i.u_mstack_epc_csr.rdata_q[2]$_DFFE_PN0P_/CLK (DFFASRHQNx1_ASAP7_75t_R)
                          9.35    9.35   library hold time
                                  9.35   data required time
-----------------------------------------------------------------------------
                                  9.35   data required time
                                -46.61   data arrival time
-----------------------------------------------------------------------------
                                 37.26   slack (MET)



==========================================================================
global place report_checks -path_delay max
--------------------------------------------------------------------------
Startpoint: rst_ni (input port clocked by core_clock)
Endpoint: gen_regfile_ff.register_file_i.rf_reg_q[563]$_DFFE_PN0P_
          (recovery check against rising-edge clock core_clock)
Path Group: asynchronous
Path Type: max

Fanout     Cap    Slew   Delay    Time   Description
-----------------------------------------------------------------------------
                  0.00    0.00    0.00   clock core_clock (rise edge)
                          0.00    0.00   clock network delay (ideal)
                        252.00  252.00 ^ input external delay
    40   52.62    0.00    0.00  252.00 ^ rst_ni (in)
                                         rst_ni (net)
                 17.98    5.67  257.67 ^ load_slew48/A (BUFx24_ASAP7_75t_R)
    92  120.18   58.92   32.02  289.70 ^ load_slew48/Y (BUFx24_ASAP7_75t_R)
                                         net70 (net)
                 58.92    0.21  289.90 ^ load_slew44/A (BUFx16f_ASAP7_75t_R)
    69   88.70   51.35   30.76  320.66 ^ load_slew44/Y (BUFx16f_ASAP7_75t_R)
                                         net66 (net)
                 84.23   22.24  342.90 ^ load_slew43/A (BUFx16f_ASAP7_75t_R)
    71   95.92   55.34   42.59  385.49 ^ load_slew43/Y (BUFx16f_ASAP7_75t_R)
                                         net65 (net)
                 56.18    3.97  389.47 ^ load_slew42/A (BUFx24_ASAP7_75t_R)
    84  112.11   52.29   36.71  426.18 ^ load_slew42/Y (BUFx24_ASAP7_75t_R)
                                         net64 (net)
                115.07   33.83  460.01 ^ load_slew41/A (BUFx24_ASAP7_75t_R)
    86  114.90   58.43   47.18  507.19 ^ load_slew41/Y (BUFx24_ASAP7_75t_R)
                                         net63 (net)
                 78.13   17.27  524.46 ^ load_slew40/A (BUFx24_ASAP7_75t_R)
    82  110.03   52.87   40.08  564.54 ^ load_slew40/Y (BUFx24_ASAP7_75t_R)
                                         net62 (net)
                 81.01   19.41  583.95 ^ load_slew39/A (BUFx16f_ASAP7_75t_R)
    68   89.52   52.71   42.24  626.20 ^ load_slew39/Y (BUFx16f_ASAP7_75t_R)
                                         net61 (net)
                 53.93    4.49  630.69 ^ load_slew38/A (BUFx16f_ASAP7_75t_R)
    61   82.42   48.47   31.69  662.37 ^ load_slew38/Y (BUFx16f_ASAP7_75t_R)
                                         net60 (net)
                 76.11   19.87  682.25 ^ gen_regfile_ff.register_file_i.rf_reg_q[563]$_DFFE_PN0P_/SETN (DFFASRHQNx1_ASAP7_75t_R)
                                682.25   data arrival time

                  0.00 1260.00 1260.00   clock core_clock (rise edge)
                          0.00 1260.00   clock network delay (ideal)
                          0.00 1260.00   clock reconvergence pessimism
                               1260.00 ^ gen_regfile_ff.register_file_i.rf_reg_q[563]$_DFFE_PN0P_/CLK (DFFASRHQNx1_ASAP7_75t_R)
                         -6.46 1253.54   library recovery time
                               1253.54   data required time
-----------------------------------------------------------------------------
                               1253.54   data required time
                               -682.25   data arrival time
-----------------------------------------------------------------------------
                                571.29   slack (MET)


Startpoint: core_clock_gate_i.en_latch$_DLATCH_N_
            (negative level-sensitive latch clocked by core_clock)
Endpoint: _35046_ (rising clock gating-check end-point clocked by core_clock)
Path Group: gated clock
Path Type: max

Fanout     Cap    Slew   Delay    Time   Description
-----------------------------------------------------------------------------
                  0.00  630.00  630.00   clock core_clock (fall edge)
                          0.00  630.00   clock network delay (ideal)
                  0.00    0.00  630.00 v core_clock_gate_i.en_latch$_DLATCH_N_/CLK (DLLx1_ASAP7_75t_R)
     1    0.61    7.58   27.32  657.32 v core_clock_gate_i.en_latch$_DLATCH_N_/Q (DLLx1_ASAP7_75t_R)
                                         core_clock_gate_i.en_latch (net)
                  7.58    0.01  657.33 v _35046_/B (AND2x2_ASAP7_75t_R)
                                657.33   data arrival time

                  0.00 1260.00 1260.00   clock core_clock (rise edge)
                          0.00 1260.00   clock network delay (ideal)
                          0.00 1260.00   clock reconvergence pessimism
                               1260.00 ^ _35046_/A (AND2x2_ASAP7_75t_R)
                          0.00 1260.00   clock gating setup time
                               1260.00   data required time
-----------------------------------------------------------------------------
                               1260.00   data required time
                               -657.33   data arrival time
-----------------------------------------------------------------------------
                                602.67   slack (MET)


Startpoint: if_stage_i.instr_rdata_alu_id_o[21]$_DFFE_PN_
            (rising edge-triggered flip-flop clocked by core_clock)
Endpoint: gen_regfile_ff.register_file_i.rf_reg_q[349]$_DFFE_PN0P_
          (rising edge-triggered flip-flop clocked by core_clock)
Path Group: core_clock
Path Type: max

Fanout     Cap    Slew   Delay    Time   Description
-----------------------------------------------------------------------------
                  0.00    0.00    0.00   clock core_clock (rise edge)
                          0.00    0.00   clock network delay (ideal)
                  0.00    0.00    0.00 ^ if_stage_i.instr_rdata_alu_id_o[21]$_DFFE_PN_/CLK (DFFHQNx2_ASAP7_75t_R)
     5    7.16   32.84   51.27   51.27 v if_stage_i.instr_rdata_alu_id_o[21]$_DFFE_PN_/QN (DFFHQNx2_ASAP7_75t_R)
                                         _01552_ (net)
                 32.84    0.05   51.32 v _19184_/A (BUFx6f_ASAP7_75t_R)
     5    7.71   10.81   21.91   73.23 v _19184_/Y (BUFx6f_ASAP7_75t_R)
                                         _13455_ (net)
                 10.81    0.03   73.27 v _19185_/A (BUFx12f_ASAP7_75t_R)
    11   11.82   10.00   15.47   88.73 v _19185_/Y (BUFx12f_ASAP7_75t_R)
                                         _13456_ (net)
                 10.54    1.22   89.95 v _19186_/A (BUFx6f_ASAP7_75t_R)
     6    8.51   11.51   16.06  106.00 v _19186_/Y (BUFx6f_ASAP7_75t_R)
                                         _13457_ (net)
                 11.62    0.63  106.64 v _19187_/A (BUFx12f_ASAP7_75t_R)
     6   12.98   10.86   14.46  121.09 v _19187_/Y (BUFx12f_ASAP7_75t_R)
                                         _13458_ (net)
                 20.08    5.41  126.50 v _21306_/A (BUFx12f_ASAP7_75t_R)
     6   10.87    9.45   18.34  144.85 v _21306_/Y (BUFx12f_ASAP7_75t_R)
                                         _15503_ (net)
                  9.46    0.15  145.00 v _21379_/A (BUFx6f_ASAP7_75t_R)
    10   14.85   17.75   17.46  162.46 v _21379_/Y (BUFx6f_ASAP7_75t_R)
                                         _15576_ (net)
                 20.59    3.66  166.12 v _21380_/A (BUFx6f_ASAP7_75t_R)
    10   13.30   16.24   20.87  186.99 v _21380_/Y (BUFx6f_ASAP7_75t_R)
                                         _15577_ (net)
                 17.60    2.49  189.48 v _22387_/A1 (OA211x2_ASAP7_75t_R)
     1    0.65    9.15   23.50  212.98 v _22387_/Y (OA211x2_ASAP7_75t_R)
                                         _16554_ (net)
                  9.15    0.01  212.98 v _22391_/B (OR3x1_ASAP7_75t_R)
     1    0.69    9.44   23.56  236.54 v _22391_/Y (OR3x1_ASAP7_75t_R)
                                         _16558_ (net)
                  9.44    0.01  236.55 v _22392_/C (AND3x2_ASAP7_75t_R)
     1    3.02   12.04   18.79  255.34 v _22392_/Y (AND3x2_ASAP7_75t_R)
                                         _16559_ (net)
                 12.22    0.81  256.15 v _22393_/B (AO21x1_ASAP7_75t_R)
     1    1.12    9.12   17.78  273.93 v _22393_/Y (AO21x1_ASAP7_75t_R)
                                         _16560_ (net)
                  9.12    0.01  273.94 v _22425_/A2 (OAI21x1_ASAP7_75t_R)
     8    9.84   66.73   29.88  303.82 ^ _22425_/Y (OAI21x1_ASAP7_75t_R)
                                         _16592_ (net)
                 67.59    4.24  308.06 ^ _24194_/B (NOR2x1_ASAP7_75t_R)
     1    0.65   17.24   15.49  323.54 v _24194_/Y (NOR2x1_ASAP7_75t_R)
                                         _05201_ (net)
                 17.24    0.00  323.55 v _24195_/B (AO21x2_ASAP7_75t_R)
     8    5.99   20.67   27.52  351.07 v _24195_/Y (AO21x2_ASAP7_75t_R)
                                         _05202_ (net)
                 20.77    0.79  351.86 v _24442_/A (AND2x2_ASAP7_75t_R)
     1    1.67    8.85   22.79  374.66 v _24442_/Y (AND2x2_ASAP7_75t_R)
                                         _17911_ (net)
                  8.85    0.02  374.67 v _35401_/CI (FAx1_ASAP7_75t_R)
     8   17.24  259.33  117.36  492.04 ^ _35401_/CON (FAx1_ASAP7_75t_R)
                                         _17962_ (net)
     4    7.64  177.71   91.29  583.33 v _35401_/SN (FAx1_ASAP7_75t_R)
                                         _17914_ (net)
                177.72    0.51  583.84 v _35040_/A (INVx2_ASAP7_75t_R)
     2    3.80   41.62   32.28  616.12 ^ _35040_/Y (INVx2_ASAP7_75t_R)
                                         _17913_ (net)
                 41.62    0.07  616.19 ^ _35461_/CI (FAx1_ASAP7_75t_R)
     7   12.14  192.87  207.40  823.59 v _35461_/SN (FAx1_ASAP7_75t_R)
                                         _18080_ (net)
                192.87    0.17  823.75 v _35462_/A (FAx1_ASAP7_75t_R)
     1    2.32   76.22   60.81  884.56 ^ _35462_/CON (FAx1_ASAP7_75t_R)
                                         _18122_ (net)
     1    0.82   57.71   20.99  905.55 v _35462_/SN (FAx1_ASAP7_75t_R)
                                         _18479_ (net)
                 57.71    0.02  905.57 v _34879_/A (INVx1_ASAP7_75t_R)
     1    2.15   26.38   21.17  926.74 ^ _34879_/Y (INVx1_ASAP7_75t_R)
                                         _18081_ (net)
                 26.38    0.06  926.80 ^ _35463_/A (FAx1_ASAP7_75t_R)
     1    0.78   24.37   37.94  964.74 v _35463_/SN (FAx1_ASAP7_75t_R)
                                         _18480_ (net)
                 24.37    0.01  964.75 v _34816_/A (INVx1_ASAP7_75t_R)
     1    1.68   16.23   13.19  977.94 ^ _34816_/Y (INVx1_ASAP7_75t_R)
                                         _18083_ (net)
                 16.23    0.02  977.96 ^ _35467_/CI (FAx1_ASAP7_75t_R)
     1    0.78   26.68   34.62 1012.58 v _35467_/SN (FAx1_ASAP7_75t_R)
                                         _18484_ (net)
                 26.68    0.01 1012.59 v _34856_/A (INVx1_ASAP7_75t_R)
     1    2.27   20.09   15.73 1028.32 ^ _34856_/Y (INVx1_ASAP7_75t_R)
                                         _18092_ (net)
                 20.09    0.04 1028.37 ^ _35468_/B (FAx1_ASAP7_75t_R)
     1    1.15   32.67   41.31 1069.68 v _35468_/SN (FAx1_ASAP7_75t_R)
                                         _18486_ (net)
                 32.67    0.03 1069.71 v _35578_/B (HAxp5_ASAP7_75t_R)
     4    3.74   76.80   69.65 1139.36 v _35578_/SN (HAxp5_ASAP7_75t_R)
                                         _00252_ (net)
                 76.80    0.02 1139.38 v _29453_/B (AO21x1_ASAP7_75t_R)
     1    0.66    8.35   25.66 1165.04 v _29453_/Y (AO21x1_ASAP7_75t_R)
                                         _09481_ (net)
                  8.35    0.00 1165.04 v _29454_/A2 (AO21x1_ASAP7_75t_R)
     2    1.18   10.38   15.81 1180.86 v _29454_/Y (AO21x1_ASAP7_75t_R)
                                         _09482_ (net)
                 10.38    0.01 1180.87 v _29488_/A2 (AO21x1_ASAP7_75t_R)
     1    0.78    8.51   15.18 1196.05 v _29488_/Y (AO21x1_ASAP7_75t_R)
                                         _09514_ (net)
                  8.51    0.02 1196.07 v _29489_/A2 (AO21x1_ASAP7_75t_R)
     2    1.16   10.26   15.80 1211.87 v _29489_/Y (AO21x1_ASAP7_75t_R)
                                         _09515_ (net)
                 10.26    0.01 1211.89 v _29532_/A2 (AO21x1_ASAP7_75t_R)
     1    0.62    7.71   14.64 1226.53 v _29532_/Y (AO21x1_ASAP7_75t_R)
                                         _09557_ (net)
                  7.71    0.01 1226.54 v _29536_/A2 (AO221x1_ASAP7_75t_R)
     2    2.38   17.47   27.00 1253.54 v _29536_/Y (AO221x1_ASAP7_75t_R)
                                         _09561_ (net)
                 17.47    0.04 1253.58 v _29537_/A (XNOR2x1_ASAP7_75t_R)
     1    1.17   24.85   13.89 1267.48 ^ _29537_/Y (XNOR2x1_ASAP7_75t_R)
                                         _09562_ (net)
                 24.86    0.09 1267.57 ^ _29539_/A2 (AO21x1_ASAP7_75t_R)
     2    2.63   19.32   22.25 1289.81 ^ _29539_/Y (AO21x1_ASAP7_75t_R)
                                         _09564_ (net)
                 19.34    0.27 1290.08 ^ _29540_/B (NAND2x1_ASAP7_75t_R)
     1    0.48    8.89    7.85 1297.93 v _29540_/Y (NAND2x1_ASAP7_75t_R)
                                         _09565_ (net)
                  8.89    0.00 1297.93 v _29541_/B (OA211x2_ASAP7_75t_R)
     1    1.92   12.51   27.68 1325.61 v _29541_/Y (OA211x2_ASAP7_75t_R)
                                         _09566_ (net)
                 12.54    0.31 1325.92 v _29545_/B (OR3x1_ASAP7_75t_R)
     1    0.62    9.02   24.05 1349.98 v _29545_/Y (OR3x1_ASAP7_75t_R)
                                         _09570_ (net)
                  9.02    0.01 1349.98 v _29547_/A1 (OA211x2_ASAP7_75t_R)
     3    6.35   25.16   30.14 1380.12 v _29547_/Y (OA211x2_ASAP7_75t_R)
                                         _09572_ (net)
                 26.76    3.36 1383.48 v _29554_/B (OR2x2_ASAP7_75t_R)
     3    3.22   14.51   28.77 1412.25 v _29554_/Y (OR2x2_ASAP7_75t_R)
                                         _09579_ (net)
                 14.52    0.19 1412.44 v _29555_/A (BUFx3_ASAP7_75t_R)
     6    5.39   12.84   18.94 1431.38 v _29555_/Y (BUFx3_ASAP7_75t_R)
                                         _09580_ (net)
                 12.97    0.70 1432.09 v _29767_/A (BUFx3_ASAP7_75t_R)
     5    3.60    9.57   16.95 1449.03 v _29767_/Y (BUFx3_ASAP7_75t_R)
                                         _09757_ (net)
                  9.58    0.15 1449.18 v _30287_/A1 (OA21x2_ASAP7_75t_R)
     1    0.64    6.18   16.59 1465.78 v _30287_/Y (OA21x2_ASAP7_75t_R)
                                         _03134_ (net)
                  6.18    0.00 1465.78 v gen_regfile_ff.register_file_i.rf_reg_q[349]$_DFFE_PN0P_/D (DFFASRHQNx1_ASAP7_75t_R)
                               1465.78   data arrival time

                  0.00 1260.00 1260.00   clock core_clock (rise edge)
                          0.00 1260.00   clock network delay (ideal)
                          0.00 1260.00   clock reconvergence pessimism
                               1260.00 ^ gen_regfile_ff.register_file_i.rf_reg_q[349]$_DFFE_PN0P_/CLK (DFFASRHQNx1_ASAP7_75t_R)
                         -5.20 1254.80   library setup time
                               1254.80   data required time
-----------------------------------------------------------------------------
                               1254.80   data required time
                               -1465.78   data arrival time
-----------------------------------------------------------------------------
                               -210.98   slack (VIOLATED)



==========================================================================
global place report_checks -unconstrained
--------------------------------------------------------------------------
Startpoint: rst_ni (input port clocked by core_clock)
Endpoint: gen_regfile_ff.register_file_i.rf_reg_q[563]$_DFFE_PN0P_
          (recovery check against rising-edge clock core_clock)
Path Group: asynchronous
Path Type: max

Fanout     Cap    Slew   Delay    Time   Description
-----------------------------------------------------------------------------
                  0.00    0.00    0.00   clock core_clock (rise edge)
                          0.00    0.00   clock network delay (ideal)
                        252.00  252.00 ^ input external delay
    40   52.62    0.00    0.00  252.00 ^ rst_ni (in)
                                         rst_ni (net)
                 17.98    5.67  257.67 ^ load_slew48/A (BUFx24_ASAP7_75t_R)
    92  120.18   58.92   32.02  289.70 ^ load_slew48/Y (BUFx24_ASAP7_75t_R)
                                         net70 (net)
                 58.92    0.21  289.90 ^ load_slew44/A (BUFx16f_ASAP7_75t_R)
    69   88.70   51.35   30.76  320.66 ^ load_slew44/Y (BUFx16f_ASAP7_75t_R)
                                         net66 (net)
                 84.23   22.24  342.90 ^ load_slew43/A (BUFx16f_ASAP7_75t_R)
    71   95.92   55.34   42.59  385.49 ^ load_slew43/Y (BUFx16f_ASAP7_75t_R)
                                         net65 (net)
                 56.18    3.97  389.47 ^ load_slew42/A (BUFx24_ASAP7_75t_R)
    84  112.11   52.29   36.71  426.18 ^ load_slew42/Y (BUFx24_ASAP7_75t_R)
                                         net64 (net)
                115.07   33.83  460.01 ^ load_slew41/A (BUFx24_ASAP7_75t_R)
    86  114.90   58.43   47.18  507.19 ^ load_slew41/Y (BUFx24_ASAP7_75t_R)
                                         net63 (net)
                 78.13   17.27  524.46 ^ load_slew40/A (BUFx24_ASAP7_75t_R)
    82  110.03   52.87   40.08  564.54 ^ load_slew40/Y (BUFx24_ASAP7_75t_R)
                                         net62 (net)
                 81.01   19.41  583.95 ^ load_slew39/A (BUFx16f_ASAP7_75t_R)
    68   89.52   52.71   42.24  626.20 ^ load_slew39/Y (BUFx16f_ASAP7_75t_R)
                                         net61 (net)
                 53.93    4.49  630.69 ^ load_slew38/A (BUFx16f_ASAP7_75t_R)
    61   82.42   48.47   31.69  662.37 ^ load_slew38/Y (BUFx16f_ASAP7_75t_R)
                                         net60 (net)
                 76.11   19.87  682.25 ^ gen_regfile_ff.register_file_i.rf_reg_q[563]$_DFFE_PN0P_/SETN (DFFASRHQNx1_ASAP7_75t_R)
                                682.25   data arrival time

                  0.00 1260.00 1260.00   clock core_clock (rise edge)
                          0.00 1260.00   clock network delay (ideal)
                          0.00 1260.00   clock reconvergence pessimism
                               1260.00 ^ gen_regfile_ff.register_file_i.rf_reg_q[563]$_DFFE_PN0P_/CLK (DFFASRHQNx1_ASAP7_75t_R)
                         -6.46 1253.54   library recovery time
                               1253.54   data required time
-----------------------------------------------------------------------------
                               1253.54   data required time
                               -682.25   data arrival time
-----------------------------------------------------------------------------
                                571.29   slack (MET)


Startpoint: core_clock_gate_i.en_latch$_DLATCH_N_
            (negative level-sensitive latch clocked by core_clock)
Endpoint: _35046_ (rising clock gating-check end-point clocked by core_clock)
Path Group: gated clock
Path Type: max

Fanout     Cap    Slew   Delay    Time   Description
-----------------------------------------------------------------------------
                  0.00  630.00  630.00   clock core_clock (fall edge)
                          0.00  630.00   clock network delay (ideal)
                  0.00    0.00  630.00 v core_clock_gate_i.en_latch$_DLATCH_N_/CLK (DLLx1_ASAP7_75t_R)
     1    0.61    7.58   27.32  657.32 v core_clock_gate_i.en_latch$_DLATCH_N_/Q (DLLx1_ASAP7_75t_R)
                                         core_clock_gate_i.en_latch (net)
                  7.58    0.01  657.33 v _35046_/B (AND2x2_ASAP7_75t_R)
                                657.33   data arrival time

                  0.00 1260.00 1260.00   clock core_clock (rise edge)
                          0.00 1260.00   clock network delay (ideal)
                          0.00 1260.00   clock reconvergence pessimism
                               1260.00 ^ _35046_/A (AND2x2_ASAP7_75t_R)
                          0.00 1260.00   clock gating setup time
                               1260.00   data required time
-----------------------------------------------------------------------------
                               1260.00   data required time
                               -657.33   data arrival time
-----------------------------------------------------------------------------
                                602.67   slack (MET)


Startpoint: if_stage_i.instr_rdata_alu_id_o[21]$_DFFE_PN_
            (rising edge-triggered flip-flop clocked by core_clock)
Endpoint: gen_regfile_ff.register_file_i.rf_reg_q[349]$_DFFE_PN0P_
          (rising edge-triggered flip-flop clocked by core_clock)
Path Group: core_clock
Path Type: max

Fanout     Cap    Slew   Delay    Time   Description
-----------------------------------------------------------------------------
                  0.00    0.00    0.00   clock core_clock (rise edge)
                          0.00    0.00   clock network delay (ideal)
                  0.00    0.00    0.00 ^ if_stage_i.instr_rdata_alu_id_o[21]$_DFFE_PN_/CLK (DFFHQNx2_ASAP7_75t_R)
     5    7.16   32.84   51.27   51.27 v if_stage_i.instr_rdata_alu_id_o[21]$_DFFE_PN_/QN (DFFHQNx2_ASAP7_75t_R)
                                         _01552_ (net)
                 32.84    0.05   51.32 v _19184_/A (BUFx6f_ASAP7_75t_R)
     5    7.71   10.81   21.91   73.23 v _19184_/Y (BUFx6f_ASAP7_75t_R)
                                         _13455_ (net)
                 10.81    0.03   73.27 v _19185_/A (BUFx12f_ASAP7_75t_R)
    11   11.82   10.00   15.47   88.73 v _19185_/Y (BUFx12f_ASAP7_75t_R)
                                         _13456_ (net)
                 10.54    1.22   89.95 v _19186_/A (BUFx6f_ASAP7_75t_R)
     6    8.51   11.51   16.06  106.00 v _19186_/Y (BUFx6f_ASAP7_75t_R)
                                         _13457_ (net)
                 11.62    0.63  106.64 v _19187_/A (BUFx12f_ASAP7_75t_R)
     6   12.98   10.86   14.46  121.09 v _19187_/Y (BUFx12f_ASAP7_75t_R)
                                         _13458_ (net)
                 20.08    5.41  126.50 v _21306_/A (BUFx12f_ASAP7_75t_R)
     6   10.87    9.45   18.34  144.85 v _21306_/Y (BUFx12f_ASAP7_75t_R)
                                         _15503_ (net)
                  9.46    0.15  145.00 v _21379_/A (BUFx6f_ASAP7_75t_R)
    10   14.85   17.75   17.46  162.46 v _21379_/Y (BUFx6f_ASAP7_75t_R)
                                         _15576_ (net)
                 20.59    3.66  166.12 v _21380_/A (BUFx6f_ASAP7_75t_R)
    10   13.30   16.24   20.87  186.99 v _21380_/Y (BUFx6f_ASAP7_75t_R)
                                         _15577_ (net)
                 17.60    2.49  189.48 v _22387_/A1 (OA211x2_ASAP7_75t_R)
     1    0.65    9.15   23.50  212.98 v _22387_/Y (OA211x2_ASAP7_75t_R)
                                         _16554_ (net)
                  9.15    0.01  212.98 v _22391_/B (OR3x1_ASAP7_75t_R)
     1    0.69    9.44   23.56  236.54 v _22391_/Y (OR3x1_ASAP7_75t_R)
                                         _16558_ (net)
                  9.44    0.01  236.55 v _22392_/C (AND3x2_ASAP7_75t_R)
     1    3.02   12.04   18.79  255.34 v _22392_/Y (AND3x2_ASAP7_75t_R)
                                         _16559_ (net)
                 12.22    0.81  256.15 v _22393_/B (AO21x1_ASAP7_75t_R)
     1    1.12    9.12   17.78  273.93 v _22393_/Y (AO21x1_ASAP7_75t_R)
                                         _16560_ (net)
                  9.12    0.01  273.94 v _22425_/A2 (OAI21x1_ASAP7_75t_R)
     8    9.84   66.73   29.88  303.82 ^ _22425_/Y (OAI21x1_ASAP7_75t_R)
                                         _16592_ (net)
                 67.59    4.24  308.06 ^ _24194_/B (NOR2x1_ASAP7_75t_R)
     1    0.65   17.24   15.49  323.54 v _24194_/Y (NOR2x1_ASAP7_75t_R)
                                         _05201_ (net)
                 17.24    0.00  323.55 v _24195_/B (AO21x2_ASAP7_75t_R)
     8    5.99   20.67   27.52  351.07 v _24195_/Y (AO21x2_ASAP7_75t_R)
                                         _05202_ (net)
                 20.77    0.79  351.86 v _24442_/A (AND2x2_ASAP7_75t_R)
     1    1.67    8.85   22.79  374.66 v _24442_/Y (AND2x2_ASAP7_75t_R)
                                         _17911_ (net)
                  8.85    0.02  374.67 v _35401_/CI (FAx1_ASAP7_75t_R)
     8   17.24  259.33  117.36  492.04 ^ _35401_/CON (FAx1_ASAP7_75t_R)
                                         _17962_ (net)
     4    7.64  177.71   91.29  583.33 v _35401_/SN (FAx1_ASAP7_75t_R)
                                         _17914_ (net)
                177.72    0.51  583.84 v _35040_/A (INVx2_ASAP7_75t_R)
     2    3.80   41.62   32.28  616.12 ^ _35040_/Y (INVx2_ASAP7_75t_R)
                                         _17913_ (net)
                 41.62    0.07  616.19 ^ _35461_/CI (FAx1_ASAP7_75t_R)
     7   12.14  192.87  207.40  823.59 v _35461_/SN (FAx1_ASAP7_75t_R)
                                         _18080_ (net)
                192.87    0.17  823.75 v _35462_/A (FAx1_ASAP7_75t_R)
     1    2.32   76.22   60.81  884.56 ^ _35462_/CON (FAx1_ASAP7_75t_R)
                                         _18122_ (net)
     1    0.82   57.71   20.99  905.55 v _35462_/SN (FAx1_ASAP7_75t_R)
                                         _18479_ (net)
                 57.71    0.02  905.57 v _34879_/A (INVx1_ASAP7_75t_R)
     1    2.15   26.38   21.17  926.74 ^ _34879_/Y (INVx1_ASAP7_75t_R)
                                         _18081_ (net)
                 26.38    0.06  926.80 ^ _35463_/A (FAx1_ASAP7_75t_R)
     1    0.78   24.37   37.94  964.74 v _35463_/SN (FAx1_ASAP7_75t_R)
                                         _18480_ (net)
                 24.37    0.01  964.75 v _34816_/A (INVx1_ASAP7_75t_R)
     1    1.68   16.23   13.19  977.94 ^ _34816_/Y (INVx1_ASAP7_75t_R)
                                         _18083_ (net)
                 16.23    0.02  977.96 ^ _35467_/CI (FAx1_ASAP7_75t_R)
     1    0.78   26.68   34.62 1012.58 v _35467_/SN (FAx1_ASAP7_75t_R)
                                         _18484_ (net)
                 26.68    0.01 1012.59 v _34856_/A (INVx1_ASAP7_75t_R)
     1    2.27   20.09   15.73 1028.32 ^ _34856_/Y (INVx1_ASAP7_75t_R)
                                         _18092_ (net)
                 20.09    0.04 1028.37 ^ _35468_/B (FAx1_ASAP7_75t_R)
     1    1.15   32.67   41.31 1069.68 v _35468_/SN (FAx1_ASAP7_75t_R)
                                         _18486_ (net)
                 32.67    0.03 1069.71 v _35578_/B (HAxp5_ASAP7_75t_R)
     4    3.74   76.80   69.65 1139.36 v _35578_/SN (HAxp5_ASAP7_75t_R)
                                         _00252_ (net)
                 76.80    0.02 1139.38 v _29453_/B (AO21x1_ASAP7_75t_R)
     1    0.66    8.35   25.66 1165.04 v _29453_/Y (AO21x1_ASAP7_75t_R)
                                         _09481_ (net)
                  8.35    0.00 1165.04 v _29454_/A2 (AO21x1_ASAP7_75t_R)
     2    1.18   10.38   15.81 1180.86 v _29454_/Y (AO21x1_ASAP7_75t_R)
                                         _09482_ (net)
                 10.38    0.01 1180.87 v _29488_/A2 (AO21x1_ASAP7_75t_R)
     1    0.78    8.51   15.18 1196.05 v _29488_/Y (AO21x1_ASAP7_75t_R)
                                         _09514_ (net)
                  8.51    0.02 1196.07 v _29489_/A2 (AO21x1_ASAP7_75t_R)
     2    1.16   10.26   15.80 1211.87 v _29489_/Y (AO21x1_ASAP7_75t_R)
                                         _09515_ (net)
                 10.26    0.01 1211.89 v _29532_/A2 (AO21x1_ASAP7_75t_R)
     1    0.62    7.71   14.64 1226.53 v _29532_/Y (AO21x1_ASAP7_75t_R)
                                         _09557_ (net)
                  7.71    0.01 1226.54 v _29536_/A2 (AO221x1_ASAP7_75t_R)
     2    2.38   17.47   27.00 1253.54 v _29536_/Y (AO221x1_ASAP7_75t_R)
                                         _09561_ (net)
                 17.47    0.04 1253.58 v _29537_/A (XNOR2x1_ASAP7_75t_R)
     1    1.17   24.85   13.89 1267.48 ^ _29537_/Y (XNOR2x1_ASAP7_75t_R)
                                         _09562_ (net)
                 24.86    0.09 1267.57 ^ _29539_/A2 (AO21x1_ASAP7_75t_R)
     2    2.63   19.32   22.25 1289.81 ^ _29539_/Y (AO21x1_ASAP7_75t_R)
                                         _09564_ (net)
                 19.34    0.27 1290.08 ^ _29540_/B (NAND2x1_ASAP7_75t_R)
     1    0.48    8.89    7.85 1297.93 v _29540_/Y (NAND2x1_ASAP7_75t_R)
                                         _09565_ (net)
                  8.89    0.00 1297.93 v _29541_/B (OA211x2_ASAP7_75t_R)
     1    1.92   12.51   27.68 1325.61 v _29541_/Y (OA211x2_ASAP7_75t_R)
                                         _09566_ (net)
                 12.54    0.31 1325.92 v _29545_/B (OR3x1_ASAP7_75t_R)
     1    0.62    9.02   24.05 1349.98 v _29545_/Y (OR3x1_ASAP7_75t_R)
                                         _09570_ (net)
                  9.02    0.01 1349.98 v _29547_/A1 (OA211x2_ASAP7_75t_R)
     3    6.35   25.16   30.14 1380.12 v _29547_/Y (OA211x2_ASAP7_75t_R)
                                         _09572_ (net)
                 26.76    3.36 1383.48 v _29554_/B (OR2x2_ASAP7_75t_R)
     3    3.22   14.51   28.77 1412.25 v _29554_/Y (OR2x2_ASAP7_75t_R)
                                         _09579_ (net)
                 14.52    0.19 1412.44 v _29555_/A (BUFx3_ASAP7_75t_R)
     6    5.39   12.84   18.94 1431.38 v _29555_/Y (BUFx3_ASAP7_75t_R)
                                         _09580_ (net)
                 12.97    0.70 1432.09 v _29767_/A (BUFx3_ASAP7_75t_R)
     5    3.60    9.57   16.95 1449.03 v _29767_/Y (BUFx3_ASAP7_75t_R)
                                         _09757_ (net)
                  9.58    0.15 1449.18 v _30287_/A1 (OA21x2_ASAP7_75t_R)
     1    0.64    6.18   16.59 1465.78 v _30287_/Y (OA21x2_ASAP7_75t_R)
                                         _03134_ (net)
                  6.18    0.00 1465.78 v gen_regfile_ff.register_file_i.rf_reg_q[349]$_DFFE_PN0P_/D (DFFASRHQNx1_ASAP7_75t_R)
                               1465.78   data arrival time

                  0.00 1260.00 1260.00   clock core_clock (rise edge)
                          0.00 1260.00   clock network delay (ideal)
                          0.00 1260.00   clock reconvergence pessimism
                               1260.00 ^ gen_regfile_ff.register_file_i.rf_reg_q[349]$_DFFE_PN0P_/CLK (DFFASRHQNx1_ASAP7_75t_R)
                         -5.20 1254.80   library setup time
                               1254.80   data required time
-----------------------------------------------------------------------------
                               1254.80   data required time
                               -1465.78   data arrival time
-----------------------------------------------------------------------------
                               -210.98   slack (VIOLATED)



==========================================================================
global place report_power
--------------------------------------------------------------------------
Group                  Internal  Switching    Leakage      Total
                          Power      Power      Power      Power (Watts)
----------------------------------------------------------------
Sequential             3.12e-03   9.12e-04   2.10e-07   4.04e-03  10.0%
Combinational          1.63e-02   1.99e-02   1.78e-06   3.61e-02  89.7%
Clock                  5.95e-07   1.04e-04   1.16e-10   1.04e-04   0.3%
Macro                  0.00e+00   0.00e+00   0.00e+00   0.00e+00   0.0%
Pad                    0.00e+00   0.00e+00   0.00e+00   0.00e+00   0.0%
----------------------------------------------------------------
Total                  1.94e-02   2.09e-02   1.99e-06   4.03e-02 100.0%
                          48.1%      51.9%       0.0%
