OpenROAD v2.0-19576-gec1bf1a13 
Features included (+) or not (-): +GPU +GUI +Python : None
This program is licensed under the BSD-3 license. See the LICENSE file for details.
Components of this program may be licensed under more restrictive licenses which must be honored.
[INFO ORD-0030] Using 16 thread(s).
[INFO GPL-0002] DBU: 2000
[INFO GPL-0003] SiteSize: (  0.190  1.400 ) um
[INFO GPL-0004] CoreBBox: (  1.140  1.400 ) ( 47.120 23.800 ) um
[INFO GPL-0006] NumInstances:               535
[INFO GPL-0007] NumPlaceInstances:          503
[INFO GPL-0008] NumFixedInstances:           32
[INFO GPL-0009] NumDummyInstances:            0
[INFO GPL-0010] NumNets:                    574
[INFO GPL-0011] NumPins:                   1626
[INFO GPL-0012] DieBBox:  (  0.000  0.000 ) ( 48.170 25.085 ) um
[INFO GPL-0013] CoreBBox: (  1.140  1.400 ) ( 47.120 23.800 ) um
[INFO GPL-0016] CoreArea:              1029.952 um^2
[INFO GPL-0017] NonPlaceInstsArea:        8.512 um^2
[INFO GPL-0018] PlaceInstsArea:         650.104 um^2
[INFO GPL-0019] Util:                    63.646 %
[INFO GPL-0020] StdInstsArea:           650.104 um^2
[INFO GPL-0021] MacroInstsArea:           0.000 um^2
[INFO GPL-0031] FillerInit:NumGCells:       826
[INFO GPL-0032] FillerInit:NumGNets:        574
[INFO GPL-0033] FillerInit:NumGPins:       1626
[INFO GPL-0023] TargetDensity:            1.000
[INFO GPL-0024] AvrgPlaceInstArea:        1.292 um^2
[INFO GPL-0025] IdealBinArea:             1.292 um^2
[INFO GPL-0026] IdealBinCnt:                796
[INFO GPL-0027] TotalBinArea:          1029.952 um^2
[INFO GPL-0028] BinCnt:        32     16
[INFO GPL-0029] BinSize: (  1.437  1.400 )
[INFO GPL-0030] NumBins: 512
Placement density is 0.7191666698455811, computed from PLACE_DENSITY_LB_ADDON 0.20 and lower bound 0.6364583373069763
global_placement -density 0.7191666698455811 -pad_left 0 -pad_right 0
[INFO GPL-0002] DBU: 2000
[INFO GPL-0003] SiteSize: (  0.190  1.400 ) um
[INFO GPL-0004] CoreBBox: (  1.140  1.400 ) ( 47.120 23.800 ) um
[INFO GPL-0006] NumInstances:               535
[INFO GPL-0007] NumPlaceInstances:          503
[INFO GPL-0008] NumFixedInstances:           32
[INFO GPL-0009] NumDummyInstances:            0
[INFO GPL-0010] NumNets:                    574
[INFO GPL-0011] NumPins:                   1626
[INFO GPL-0012] DieBBox:  (  0.000  0.000 ) ( 48.170 25.085 ) um
[INFO GPL-0013] CoreBBox: (  1.140  1.400 ) ( 47.120 23.800 ) um
[INFO GPL-0016] CoreArea:              1029.952 um^2
[INFO GPL-0017] NonPlaceInstsArea:        8.512 um^2
[INFO GPL-0018] PlaceInstsArea:         650.104 um^2
[INFO GPL-0019] Util:                    63.646 %
[INFO GPL-0020] StdInstsArea:           650.104 um^2
[INFO GPL-0021] MacroInstsArea:           0.000 um^2
[InitialPlace]  Iter: 1 CG residual: 0.00000010 HPWL: 8229700
[InitialPlace]  Iter: 2 CG residual: 0.00000011 HPWL: 4089556
[InitialPlace]  Iter: 3 CG residual: 0.00000009 HPWL: 4086719
[InitialPlace]  Iter: 4 CG residual: 0.00000007 HPWL: 4097929
[InitialPlace]  Iter: 5 CG residual: 0.00000007 HPWL: 4095726
[INFO GPL-0031] FillerInit:NumGCells:       576
[INFO GPL-0032] FillerInit:NumGNets:        574
[INFO GPL-0033] FillerInit:NumGPins:       1626
[INFO GPL-0023] TargetDensity:            0.719
[INFO GPL-0024] AvrgPlaceInstArea:        1.292 um^2
[INFO GPL-0025] IdealBinArea:             1.797 um^2
[INFO GPL-0026] IdealBinCnt:                573
[INFO GPL-0027] TotalBinArea:          1029.952 um^2
[INFO GPL-0028] BinCnt:        32     16
[INFO GPL-0029] BinSize: (  1.437  1.400 )
[INFO GPL-0030] NumBins: 512
[NesterovSolve] Iter:    1 overflow: 0.972 HPWL: 1749696
[NesterovSolve] Iter:   10 overflow: 0.958 HPWL: 1954851
[NesterovSolve] Iter:   20 overflow: 0.958 HPWL: 1951758
[NesterovSolve] Iter:   30 overflow: 0.957 HPWL: 1949426
[NesterovSolve] Iter:   40 overflow: 0.957 HPWL: 1948436
[NesterovSolve] Iter:   50 overflow: 0.957 HPWL: 1949418
[NesterovSolve] Iter:   60 overflow: 0.957 HPWL: 1949396
[NesterovSolve] Iter:   70 overflow: 0.957 HPWL: 1949325
[NesterovSolve] Iter:   80 overflow: 0.957 HPWL: 1950280
[NesterovSolve] Iter:   90 overflow: 0.957 HPWL: 1951345
[NesterovSolve] Iter:  100 overflow: 0.957 HPWL: 1953260
[NesterovSolve] Iter:  110 overflow: 0.957 HPWL: 1957680
[NesterovSolve] Iter:  120 overflow: 0.957 HPWL: 1967926
[NesterovSolve] Iter:  130 overflow: 0.957 HPWL: 1991116
[NesterovSolve] Iter:  140 overflow: 0.956 HPWL: 2032566
[NesterovSolve] Iter:  150 overflow: 0.953 HPWL: 2101381
[NesterovSolve] Iter:  160 overflow: 0.944 HPWL: 2202976
[NesterovSolve] Iter:  170 overflow: 0.936 HPWL: 2341740
[NesterovSolve] Iter:  180 overflow: 0.923 HPWL: 2531281
[NesterovSolve] Iter:  190 overflow: 0.907 HPWL: 2764049
[NesterovSolve] Iter:  200 overflow: 0.883 HPWL: 3026389
[NesterovSolve] Iter:  210 overflow: 0.854 HPWL: 3301554
[NesterovSolve] Iter:  220 overflow: 0.822 HPWL: 3574159
[NesterovSolve] Iter:  230 overflow: 0.788 HPWL: 3885027
[NesterovSolve] Iter:  240 overflow: 0.747 HPWL: 4197628
[NesterovSolve] Iter:  250 overflow: 0.709 HPWL: 4528940
[NesterovSolve] Iter:  260 overflow: 0.662 HPWL: 4815279
[NesterovSolve] Iter:  270 overflow: 0.616 HPWL: 5139547
[NesterovSolve] Iter:  280 overflow: 0.564 HPWL: 5409365
[NesterovSolve] Iter:  290 overflow: 0.508 HPWL: 5628468
[NesterovSolve] Iter:  300 overflow: 0.444 HPWL: 5812223
[NesterovSolve] Iter:  310 overflow: 0.385 HPWL: 5992635
[NesterovSolve] Iter:  320 overflow: 0.339 HPWL: 6151222
[NesterovSolve] Iter:  330 overflow: 0.303 HPWL: 6213621
[NesterovSolve] Iter:  340 overflow: 0.270 HPWL: 6253527
[NesterovSolve] Iter:  350 overflow: 0.236 HPWL: 6296591
[NesterovSolve] Iter:  360 overflow: 0.205 HPWL: 6334074
[NesterovSolve] Iter:  370 overflow: 0.180 HPWL: 6376075
[NesterovSolve] Iter:  380 overflow: 0.157 HPWL: 6404400
[NesterovSolve] Iter:  390 overflow: 0.134 HPWL: 6436364
[NesterovSolve] Iter:  400 overflow: 0.115 HPWL: 6465324
[NesterovSolve] Iter:  410 overflow: 0.100 HPWL: 6485667
[NesterovSolve] Finished with Overflow: 0.099946
Report metrics stage 3, global place...

==========================================================================
global place report_design_area
--------------------------------------------------------------------------
Design area 650 u^2 63% utilization.
Elapsed time: 0:03.26[h:]min:sec. CPU time: user 43.62 sys 0.22 (1343%). Peak memory: 122672KB.
