OpenROAD v2.0-19576-gec1bf1a13 
Features included (+) or not (-): +GPU +GUI +Python : None
This program is licensed under the BSD-3 license. See the LICENSE file for details.
Components of this program may be licensed under more restrictive licenses which must be honored.
[INFO ORD-0030] Using 16 thread(s).
[INFO GPL-0002] DBU: 2000
[INFO GPL-0003] SiteSize: (  0.190  1.400 ) um
[INFO GPL-0004] CoreBBox: (  1.140  1.400 ) ( 281.200 168.000 ) um
[INFO GPL-0006] NumInstances:             16454
[INFO GPL-0007] NumPlaceInstances:        16095
[INFO GPL-0008] NumFixedInstances:          359
[INFO GPL-0009] NumDummyInstances:            0
[INFO GPL-0010] NumNets:                  18758
[INFO GPL-0011] NumPins:                  60707
[INFO GPL-0012] DieBBox:  (  0.000  0.000 ) ( 282.305 170.180 ) um
[INFO GPL-0013] CoreBBox: (  1.140  1.400 ) ( 281.200 168.000 ) um
[INFO GPL-0016] CoreArea:             46657.996 um^2
[INFO GPL-0017] NonPlaceInstsArea:       95.494 um^2
[INFO GPL-0018] PlaceInstsArea:       28787.052 um^2
[INFO GPL-0019] Util:                    61.825 %
[INFO GPL-0020] StdInstsArea:         28787.052 um^2
[INFO GPL-0021] MacroInstsArea:           0.000 um^2
[INFO GPL-0031] FillerInit:NumGCells:     26796
[INFO GPL-0032] FillerInit:NumGNets:      18758
[INFO GPL-0033] FillerInit:NumGPins:      60707
[INFO GPL-0023] TargetDensity:            1.000
[INFO GPL-0024] AvrgPlaceInstArea:        1.789 um^2
[INFO GPL-0025] IdealBinArea:             1.789 um^2
[INFO GPL-0026] IdealBinCnt:              26086
[INFO GPL-0027] TotalBinArea:         46657.996 um^2
[INFO GPL-0028] BinCnt:       128    128
[INFO GPL-0029] BinSize: (  2.188  1.302 )
[INFO GPL-0030] NumBins: 16384
Placement density is 0.7045963382720948, computed from PLACE_DENSITY_LB_ADDON 0.20 and lower bound 0.6182454228401184
global_placement -density 0.7045963382720948 -pad_left 0 -pad_right 0
[INFO GPL-0002] DBU: 2000
[INFO GPL-0003] SiteSize: (  0.190  1.400 ) um
[INFO GPL-0004] CoreBBox: (  1.140  1.400 ) ( 281.200 168.000 ) um
[INFO GPL-0006] NumInstances:             16454
[INFO GPL-0007] NumPlaceInstances:        16095
[INFO GPL-0008] NumFixedInstances:          359
[INFO GPL-0009] NumDummyInstances:            0
[INFO GPL-0010] NumNets:                  18758
[INFO GPL-0011] NumPins:                  60707
[INFO GPL-0012] DieBBox:  (  0.000  0.000 ) ( 282.305 170.180 ) um
[INFO GPL-0013] CoreBBox: (  1.140  1.400 ) ( 281.200 168.000 ) um
[INFO GPL-0016] CoreArea:             46657.996 um^2
[INFO GPL-0017] NonPlaceInstsArea:       95.494 um^2
[INFO GPL-0018] PlaceInstsArea:       28787.052 um^2
[INFO GPL-0019] Util:                    61.825 %
[INFO GPL-0020] StdInstsArea:         28787.052 um^2
[INFO GPL-0021] MacroInstsArea:           0.000 um^2
[InitialPlace]  Iter: 1 CG residual: 0.00493276 HPWL: 232078060
[InitialPlace]  Iter: 2 CG residual: 0.00146080 HPWL: 182335859
[InitialPlace]  Iter: 3 CG residual: 0.00012166 HPWL: 174924485
[InitialPlace]  Iter: 4 CG residual: 0.00001388 HPWL: 172548952
[InitialPlace]  Iter: 5 CG residual: 0.00000168 HPWL: 171486951
[INFO GPL-0031] FillerInit:NumGCells:     18515
[INFO GPL-0032] FillerInit:NumGNets:      18758
[INFO GPL-0033] FillerInit:NumGPins:      60707
[INFO GPL-0023] TargetDensity:            0.705
[INFO GPL-0024] AvrgPlaceInstArea:        1.789 um^2
[INFO GPL-0025] IdealBinArea:             2.538 um^2
[INFO GPL-0026] IdealBinCnt:              18380
[INFO GPL-0027] TotalBinArea:         46657.996 um^2
[INFO GPL-0028] BinCnt:       128    128
[INFO GPL-0029] BinSize: (  2.188  1.302 )
[INFO GPL-0030] NumBins: 16384
[NesterovSolve] Iter:    1 overflow: 0.995 HPWL: 71169650
[NesterovSolve] Iter:   10 overflow: 0.980 HPWL: 86480990
[NesterovSolve] Iter:   20 overflow: 0.970 HPWL: 95724341
[NesterovSolve] Iter:   30 overflow: 0.965 HPWL: 100621807
[NesterovSolve] Iter:   40 overflow: 0.962 HPWL: 105554970
[NesterovSolve] Iter:   50 overflow: 0.961 HPWL: 109673612
[NesterovSolve] Iter:   60 overflow: 0.962 HPWL: 111931427
[NesterovSolve] Iter:   70 overflow: 0.961 HPWL: 112305053
[NesterovSolve] Iter:   80 overflow: 0.961 HPWL: 111147301
[NesterovSolve] Iter:   90 overflow: 0.962 HPWL: 109681810
[NesterovSolve] Iter:  100 overflow: 0.962 HPWL: 108742232
[NesterovSolve] Iter:  110 overflow: 0.962 HPWL: 108558890
[NesterovSolve] Iter:  120 overflow: 0.962 HPWL: 108878669
[NesterovSolve] Iter:  130 overflow: 0.963 HPWL: 109396269
[NesterovSolve] Iter:  140 overflow: 0.963 HPWL: 110063097
[NesterovSolve] Iter:  150 overflow: 0.963 HPWL: 110954178
[NesterovSolve] Iter:  160 overflow: 0.962 HPWL: 112167429
[NesterovSolve] Iter:  170 overflow: 0.962 HPWL: 113965339
[NesterovSolve] Iter:  180 overflow: 0.961 HPWL: 116938635
[NesterovSolve] Iter:  190 overflow: 0.959 HPWL: 121616461
[NesterovSolve] Iter:  200 overflow: 0.956 HPWL: 128246265
[NesterovSolve] Iter:  210 overflow: 0.951 HPWL: 137693545
[NesterovSolve] Iter:  220 overflow: 0.944 HPWL: 150699389
[NesterovSolve] Iter:  230 overflow: 0.934 HPWL: 167269043
[NesterovSolve] Iter:  240 overflow: 0.921 HPWL: 187204275
[NesterovSolve] Iter:  250 overflow: 0.905 HPWL: 208883880
[NesterovSolve] Iter:  260 overflow: 0.885 HPWL: 233774069
[NesterovSolve] Iter:  270 overflow: 0.863 HPWL: 258462003
[NesterovSolve] Iter:  280 overflow: 0.837 HPWL: 280869916
[NesterovSolve] Iter:  290 overflow: 0.804 HPWL: 302867841
[NesterovSolve] Iter:  300 overflow: 0.770 HPWL: 325799142
[NesterovSolve] Iter:  310 overflow: 0.733 HPWL: 350383016
[NesterovSolve] Iter:  320 overflow: 0.683 HPWL: 378381754
[NesterovSolve] Iter:  330 overflow: 0.634 HPWL: 398989335
[NesterovSolve] Iter:  340 overflow: 0.585 HPWL: 420177616
[NesterovSolve] Iter:  350 overflow: 0.537 HPWL: 437984710
[NesterovSolve] Iter:  360 overflow: 0.494 HPWL: 452851989
[NesterovSolve] Iter:  370 overflow: 0.444 HPWL: 464306646
[NesterovSolve] Iter:  380 overflow: 0.399 HPWL: 475592809
[NesterovSolve] Iter:  390 overflow: 0.357 HPWL: 482917668
[NesterovSolve] Iter:  400 overflow: 0.319 HPWL: 485193639
[NesterovSolve] Iter:  410 overflow: 0.285 HPWL: 487544451
[NesterovSolve] Iter:  420 overflow: 0.254 HPWL: 488144277
[NesterovSolve] Iter:  430 overflow: 0.225 HPWL: 489626677
[NesterovSolve] Iter:  440 overflow: 0.200 HPWL: 488478329
[NesterovSolve] Iter:  450 overflow: 0.178 HPWL: 490209265
[NesterovSolve] Iter:  460 overflow: 0.156 HPWL: 491387668
[NesterovSolve] Iter:  470 overflow: 0.138 HPWL: 492534894
[NesterovSolve] Iter:  480 overflow: 0.122 HPWL: 493569826
[NesterovSolve] Iter:  490 overflow: 0.108 HPWL: 494864500
[NesterovSolve] Finished with Overflow: 0.099196
Took 4331 seconds: global_placement -density 0.7045963382720948 -pad_left 0 -pad_right 0
Report metrics stage 3, global place...

==========================================================================
global place report_design_area
--------------------------------------------------------------------------
Design area 28787 u^2 62% utilization.
Elapsed time: 1:12:34[h:]min:sec. CPU time: user 1738.86 sys 12.15 (40%). Peak memory: 196592KB.
