OpenROAD v2.0-19576-gec1bf1a13 
Features included (+) or not (-): +GPU +GUI +Python : None
This program is licensed under the BSD-3 license. See the LICENSE file for details.
Components of this program may be licensed under more restrictive licenses which must be honored.
[INFO ORD-0030] Using 16 thread(s).
[INFO GPL-0002] DBU: 1000
[INFO GPL-0003] SiteSize: (  0.054  0.270 ) um
[INFO GPL-0004] CoreBBox: (  2.052  2.160 ) ( 79.974 48.600 ) um
[INFO GPL-0006] NumInstances:             16612
[INFO GPL-0007] NumPlaceInstances:        16007
[INFO GPL-0008] NumFixedInstances:          605
[INFO GPL-0009] NumDummyInstances:            0
[INFO GPL-0010] NumNets:                  16543
[INFO GPL-0011] NumPins:                  54441
[INFO GPL-0012] DieBBox:  (  0.000  0.000 ) ( 81.985 50.791 ) um
[INFO GPL-0013] CoreBBox: (  2.052  2.160 ) ( 79.974 48.600 ) um
[INFO GPL-0016] CoreArea:              3618.698 um^2
[INFO GPL-0017] NonPlaceInstsArea:       17.642 um^2
[INFO GPL-0018] PlaceInstsArea:        1729.975 um^2
[INFO GPL-0019] Util:                    48.041 %
[INFO GPL-0020] StdInstsArea:          1729.975 um^2
[INFO GPL-0021] MacroInstsArea:           0.000 um^2
[INFO GPL-0031] FillerInit:NumGCells:     34100
[INFO GPL-0032] FillerInit:NumGNets:      16543
[INFO GPL-0033] FillerInit:NumGPins:      54441
[INFO GPL-0023] TargetDensity:            1.000
[INFO GPL-0024] AvrgPlaceInstArea:        0.108 um^2
[INFO GPL-0025] IdealBinArea:             0.108 um^2
[INFO GPL-0026] IdealBinCnt:              33482
[INFO GPL-0027] TotalBinArea:          3618.698 um^2
[INFO GPL-0028] BinCnt:       128    128
[INFO GPL-0029] BinSize: (  0.609  0.363 )
[INFO GPL-0030] NumBins: 16384
Placement density is 0.6982446646690369, computed from PLACE_DENSITY_LB_ADDON 0.40 and lower bound 0.4804077744483948
global_placement -density 0.6982446646690369 -pad_left 0 -pad_right 0
[INFO GPL-0002] DBU: 1000
[INFO GPL-0003] SiteSize: (  0.054  0.270 ) um
[INFO GPL-0004] CoreBBox: (  2.052  2.160 ) ( 79.974 48.600 ) um
[INFO GPL-0006] NumInstances:             16612
[INFO GPL-0007] NumPlaceInstances:        16007
[INFO GPL-0008] NumFixedInstances:          605
[INFO GPL-0009] NumDummyInstances:            0
[INFO GPL-0010] NumNets:                  16543
[INFO GPL-0011] NumPins:                  54441
[INFO GPL-0012] DieBBox:  (  0.000  0.000 ) ( 81.985 50.791 ) um
[INFO GPL-0013] CoreBBox: (  2.052  2.160 ) ( 79.974 48.600 ) um
[INFO GPL-0016] CoreArea:              3618.698 um^2
[INFO GPL-0017] NonPlaceInstsArea:       17.642 um^2
[INFO GPL-0018] PlaceInstsArea:        1729.975 um^2
[INFO GPL-0019] Util:                    48.041 %
[INFO GPL-0020] StdInstsArea:          1729.975 um^2
[INFO GPL-0021] MacroInstsArea:           0.000 um^2
[InitialPlace]  Iter: 1 CG residual: 0.00002155 HPWL: 73943940
[InitialPlace]  Iter: 2 CG residual: 0.00000178 HPWL: 27505209
[InitialPlace]  Iter: 3 CG residual: 0.00000067 HPWL: 27412234
[InitialPlace]  Iter: 4 CG residual: 0.00000031 HPWL: 27567076
[InitialPlace]  Iter: 5 CG residual: 0.00000175 HPWL: 27517243
[INFO GPL-0031] FillerInit:NumGCells:     23592
[INFO GPL-0032] FillerInit:NumGNets:      16543
[INFO GPL-0033] FillerInit:NumGPins:      54441
[INFO GPL-0023] TargetDensity:            0.698
[INFO GPL-0024] AvrgPlaceInstArea:        0.108 um^2
[INFO GPL-0025] IdealBinArea:             0.155 um^2
[INFO GPL-0026] IdealBinCnt:              23379
[INFO GPL-0027] TotalBinArea:          3618.698 um^2
[INFO GPL-0028] BinCnt:       128    128
[INFO GPL-0029] BinSize: (  0.609  0.363 )
[INFO GPL-0030] NumBins: 16384
[NesterovSolve] Iter:    1 overflow: 0.947 HPWL: 26274904
[NesterovSolve] Iter:   10 overflow: 0.869 HPWL: 22403303
[NesterovSolve] Iter:   20 overflow: 0.853 HPWL: 22594489
[NesterovSolve] Iter:   30 overflow: 0.852 HPWL: 22204689
[NesterovSolve] Iter:   40 overflow: 0.848 HPWL: 22115895
[NesterovSolve] Iter:   50 overflow: 0.844 HPWL: 22011713
[NesterovSolve] Iter:   60 overflow: 0.840 HPWL: 21976830
[NesterovSolve] Iter:   70 overflow: 0.837 HPWL: 21978122
[NesterovSolve] Iter:   80 overflow: 0.835 HPWL: 21978659
[NesterovSolve] Iter:   90 overflow: 0.833 HPWL: 21991950
[NesterovSolve] Iter:  100 overflow: 0.832 HPWL: 22020454
[NesterovSolve] Iter:  110 overflow: 0.831 HPWL: 22059179
[NesterovSolve] Iter:  120 overflow: 0.831 HPWL: 22108888
[NesterovSolve] Iter:  130 overflow: 0.830 HPWL: 22192024
[NesterovSolve] Iter:  140 overflow: 0.828 HPWL: 22342739
[NesterovSolve] Iter:  150 overflow: 0.825 HPWL: 22618224
[NesterovSolve] Iter:  160 overflow: 0.818 HPWL: 23110553
[NesterovSolve] Iter:  170 overflow: 0.808 HPWL: 23879600
[NesterovSolve] Iter:  180 overflow: 0.795 HPWL: 24861625
[NesterovSolve] Iter:  190 overflow: 0.779 HPWL: 26060847
[NesterovSolve] Iter:  200 overflow: 0.761 HPWL: 27761386
[NesterovSolve] Iter:  210 overflow: 0.740 HPWL: 29849100
[NesterovSolve] Iter:  220 overflow: 0.717 HPWL: 32043175
[NesterovSolve] Iter:  230 overflow: 0.695 HPWL: 34067548
[NesterovSolve] Iter:  240 overflow: 0.672 HPWL: 35628249
[NesterovSolve] Iter:  250 overflow: 0.649 HPWL: 37127139
[NesterovSolve] Iter:  260 overflow: 0.624 HPWL: 38496189
[NesterovSolve] Iter:  270 overflow: 0.593 HPWL: 40207588
[NesterovSolve] Iter:  280 overflow: 0.558 HPWL: 42056719
[NesterovSolve] Iter:  290 overflow: 0.518 HPWL: 43903666
[NesterovSolve] Iter:  300 overflow: 0.471 HPWL: 45916676
[NesterovSolve] Iter:  310 overflow: 0.408 HPWL: 48592957
[NesterovSolve] Iter:  320 overflow: 0.329 HPWL: 52918691
[NesterovSolve] Iter:  330 overflow: 0.278 HPWL: 55959869
[NesterovSolve] Iter:  340 overflow: 0.235 HPWL: 57391045
[NesterovSolve] Iter:  350 overflow: 0.201 HPWL: 58248937
[NesterovSolve] Iter:  360 overflow: 0.172 HPWL: 58821643
[NesterovSolve] Iter:  370 overflow: 0.148 HPWL: 59482716
[NesterovSolve] Iter:  380 overflow: 0.128 HPWL: 59920193
[NesterovSolve] Iter:  390 overflow: 0.110 HPWL: 60216141
[NesterovSolve] Finished with Overflow: 0.099774
Took 6 seconds: global_placement -density 0.6982446646690369 -pad_left 0 -pad_right 0
Report metrics stage 3, global place...

==========================================================================
global place report_design_area
--------------------------------------------------------------------------
Design area 1730 u^2 48% utilization.
Elapsed time: 0:11.18[h:]min:sec. CPU time: user 105.40 sys 0.36 (945%). Peak memory: 279880KB.
