OpenROAD v2.0-19576-gec1bf1a13 
Features included (+) or not (-): +GPU +GUI +Python : None
This program is licensed under the BSD-3 license. See the LICENSE file for details.
Components of this program may be licensed under more restrictive licenses which must be honored.
[INFO ORD-0030] Using 16 thread(s).
[INFO GPL-0002] DBU: 2000
[INFO GPL-0003] SiteSize: (  0.190  1.400 ) um
[INFO GPL-0004] CoreBBox: (  1.140  1.400 ) ( 40.850 23.800 ) um
[INFO GPL-0006] NumInstances:               535
[INFO GPL-0007] NumPlaceInstances:          503
[INFO GPL-0008] NumFixedInstances:           32
[INFO GPL-0009] NumDummyInstances:            0
[INFO GPL-0010] NumNets:                    574
[INFO GPL-0011] NumPins:                   1626
[INFO GPL-0012] DieBBox:  (  0.000  0.000 ) ( 41.915 25.950 ) um
[INFO GPL-0013] CoreBBox: (  1.140  1.400 ) ( 40.850 23.800 ) um
[INFO GPL-0016] CoreArea:               889.504 um^2
[INFO GPL-0017] NonPlaceInstsArea:        8.512 um^2
[INFO GPL-0018] PlaceInstsArea:         650.104 um^2
[INFO GPL-0019] Util:                    73.792 %
[INFO GPL-0020] StdInstsArea:           650.104 um^2
[INFO GPL-0021] MacroInstsArea:           0.000 um^2
[INFO GPL-0031] FillerInit:NumGCells:       704
[INFO GPL-0032] FillerInit:NumGNets:        574
[INFO GPL-0033] FillerInit:NumGPins:       1626
[INFO GPL-0023] TargetDensity:            1.000
[INFO GPL-0024] AvrgPlaceInstArea:        1.292 um^2
[INFO GPL-0025] IdealBinArea:             1.292 um^2
[INFO GPL-0026] IdealBinCnt:                688
[INFO GPL-0027] TotalBinArea:           889.504 um^2
[INFO GPL-0028] BinCnt:        16     16
[INFO GPL-0029] BinSize: (  2.482  1.400 )
[INFO GPL-0030] NumBins: 256
Placement density is 0.8527536368370057, computed from PLACE_DENSITY_LB_ADDON 0.40 and lower bound 0.737922728061676
global_placement -density 0.8527536368370057 -pad_left 0 -pad_right 0
[INFO GPL-0002] DBU: 2000
[INFO GPL-0003] SiteSize: (  0.190  1.400 ) um
[INFO GPL-0004] CoreBBox: (  1.140  1.400 ) ( 40.850 23.800 ) um
[INFO GPL-0006] NumInstances:               535
[INFO GPL-0007] NumPlaceInstances:          503
[INFO GPL-0008] NumFixedInstances:           32
[INFO GPL-0009] NumDummyInstances:            0
[INFO GPL-0010] NumNets:                    574
[INFO GPL-0011] NumPins:                   1626
[INFO GPL-0012] DieBBox:  (  0.000  0.000 ) ( 41.915 25.950 ) um
[INFO GPL-0013] CoreBBox: (  1.140  1.400 ) ( 40.850 23.800 ) um
[INFO GPL-0016] CoreArea:               889.504 um^2
[INFO GPL-0017] NonPlaceInstsArea:        8.512 um^2
[INFO GPL-0018] PlaceInstsArea:         650.104 um^2
[INFO GPL-0019] Util:                    73.792 %
[INFO GPL-0020] StdInstsArea:           650.104 um^2
[INFO GPL-0021] MacroInstsArea:           0.000 um^2
[InitialPlace]  Iter: 1 CG residual: 0.00000007 HPWL: 8043374
[InitialPlace]  Iter: 2 CG residual: 0.00000008 HPWL: 5558640
[InitialPlace]  Iter: 3 CG residual: 0.00000011 HPWL: 5575888
[InitialPlace]  Iter: 4 CG residual: 0.00000012 HPWL: 5587396
[InitialPlace]  Iter: 5 CG residual: 0.00000007 HPWL: 5585962
[INFO GPL-0031] FillerInit:NumGCells:       591
[INFO GPL-0032] FillerInit:NumGNets:        574
[INFO GPL-0033] FillerInit:NumGPins:       1626
[INFO GPL-0023] TargetDensity:            0.853
[INFO GPL-0024] AvrgPlaceInstArea:        1.292 um^2
[INFO GPL-0025] IdealBinArea:             1.516 um^2
[INFO GPL-0026] IdealBinCnt:                586
[INFO GPL-0027] TotalBinArea:           889.504 um^2
[INFO GPL-0028] BinCnt:        16     16
[INFO GPL-0029] BinSize: (  2.482  1.400 )
[INFO GPL-0030] NumBins: 256
[NesterovSolve] Iter:    1 overflow: 0.867 HPWL: 3505891
[NesterovSolve] Iter:   10 overflow: 0.711 HPWL: 4057059
[NesterovSolve] Iter:   20 overflow: 0.674 HPWL: 4077980
[NesterovSolve] Iter:   30 overflow: 0.680 HPWL: 4061409
[NesterovSolve] Iter:   40 overflow: 0.679 HPWL: 4062801
[NesterovSolve] Iter:   50 overflow: 0.677 HPWL: 4066034
[NesterovSolve] Iter:   60 overflow: 0.680 HPWL: 4061605
[NesterovSolve] Iter:   70 overflow: 0.681 HPWL: 4060821
[NesterovSolve] Iter:   80 overflow: 0.679 HPWL: 4062612
[NesterovSolve] Iter:   90 overflow: 0.678 HPWL: 4063799
[NesterovSolve] Iter:  100 overflow: 0.678 HPWL: 4064597
[NesterovSolve] Iter:  110 overflow: 0.677 HPWL: 4065555
[NesterovSolve] Iter:  120 overflow: 0.677 HPWL: 4067277
[NesterovSolve] Iter:  130 overflow: 0.675 HPWL: 4071211
[NesterovSolve] Iter:  140 overflow: 0.672 HPWL: 4078408
[NesterovSolve] Iter:  150 overflow: 0.667 HPWL: 4087410
[NesterovSolve] Iter:  160 overflow: 0.662 HPWL: 4099170
[NesterovSolve] Iter:  170 overflow: 0.652 HPWL: 4117596
[NesterovSolve] Iter:  180 overflow: 0.640 HPWL: 4144768
[NesterovSolve] Iter:  190 overflow: 0.624 HPWL: 4184160
[NesterovSolve] Iter:  200 overflow: 0.600 HPWL: 4229796
[NesterovSolve] Iter:  210 overflow: 0.573 HPWL: 4279188
[NesterovSolve] Iter:  220 overflow: 0.543 HPWL: 4346210
[NesterovSolve] Iter:  230 overflow: 0.510 HPWL: 4412341
[NesterovSolve] Iter:  240 overflow: 0.472 HPWL: 4495113
[NesterovSolve] Iter:  250 overflow: 0.426 HPWL: 4545397
[NesterovSolve] Iter:  260 overflow: 0.377 HPWL: 4583060
[NesterovSolve] Iter:  270 overflow: 0.324 HPWL: 4652515
[NesterovSolve] Iter:  280 overflow: 0.282 HPWL: 4704096
[NesterovSolve] Iter:  290 overflow: 0.257 HPWL: 4796638
[NesterovSolve] Iter:  300 overflow: 0.222 HPWL: 4856869
[NesterovSolve] Iter:  310 overflow: 0.190 HPWL: 4894474
[NesterovSolve] Iter:  320 overflow: 0.169 HPWL: 4943635
[NesterovSolve] Iter:  330 overflow: 0.149 HPWL: 4984353
[NesterovSolve] Iter:  340 overflow: 0.130 HPWL: 5022108
[NesterovSolve] Iter:  350 overflow: 0.110 HPWL: 5048623
[NesterovSolve] Finished with Overflow: 0.098894
Report metrics stage 3, global place...

==========================================================================
global place report_design_area
--------------------------------------------------------------------------
Design area 650 u^2 73% utilization.
Elapsed time: 0:00.53[h:]min:sec. CPU time: user 3.07 sys 0.08 (587%). Peak memory: 120152KB.
