
==========================================================================
global place report_tns
--------------------------------------------------------------------------
tns -17.03

==========================================================================
global place report_wns
--------------------------------------------------------------------------
wns -0.20

==========================================================================
global place report_worst_slack
--------------------------------------------------------------------------
worst slack -0.20

==========================================================================
global place report_checks -path_delay min
--------------------------------------------------------------------------
Startpoint: u0.u1.d[4]$_DFF_P_ (rising edge-triggered flip-flop clocked by clk)
Endpoint: u0.w[1][20]$_DFF_P_ (rising edge-triggered flip-flop clocked by clk)
Path Group: clk
Path Type: min

Fanout     Cap    Slew   Delay    Time   Description
-----------------------------------------------------------------------------
                  0.00    0.00    0.00   clock clk (rise edge)
                          0.00    0.00   clock network delay (ideal)
                  0.00    0.00    0.00 ^ u0.u1.d[4]$_DFF_P_/CK (DFF_X1)
     1    2.38    0.01    0.06    0.06 ^ u0.u1.d[4]$_DFF_P_/QN (DFF_X1)
                                         _00428_ (net)
                  0.01    0.00    0.06 ^ _15930_/A (XNOR2_X1)
     2    3.94    0.01    0.02    0.08 v _15930_/ZN (XNOR2_X1)
                                         _06762_ (net)
                  0.01    0.00    0.08 v _16023_/B1 (AOI21_X1)
     1    1.28    0.01    0.02    0.11 ^ _16023_/ZN (AOI21_X1)
                                         _00333_ (net)
                  0.01    0.00    0.11 ^ u0.w[1][20]$_DFF_P_/D (DFF_X1)
                                  0.11   data arrival time

                  0.00    0.00    0.00   clock clk (rise edge)
                          0.00    0.00   clock network delay (ideal)
                          0.00    0.00   clock reconvergence pessimism
                                  0.00 ^ u0.w[1][20]$_DFF_P_/CK (DFF_X1)
                          0.01    0.01   library hold time
                                  0.01   data required time
-----------------------------------------------------------------------------
                                  0.01   data required time
                                 -0.11   data arrival time
-----------------------------------------------------------------------------
                                  0.10   slack (MET)



==========================================================================
global place report_checks -path_delay max
--------------------------------------------------------------------------
Startpoint: ld_r$_DFF_P_ (rising edge-triggered flip-flop clocked by clk)
Endpoint: sa32_sr[6]$_DFF_P_ (rising edge-triggered flip-flop clocked by clk)
Path Group: clk
Path Type: max

Fanout     Cap    Slew   Delay    Time   Description
-----------------------------------------------------------------------------
                  0.00    0.00    0.00   clock clk (rise edge)
                          0.00    0.00   clock network delay (ideal)
                  0.00    0.00    0.00 ^ ld_r$_DFF_P_/CK (DFF_X1)
     1    4.69    0.01    0.09    0.09 ^ ld_r$_DFF_P_/Q (DFF_X1)
                                         ld_r (net)
                  0.01    0.00    0.09 ^ _18258_/A (BUF_X4)
     5   27.24    0.02    0.03    0.13 ^ _18258_/Z (BUF_X4)
                                         _08970_ (net)
                  0.02    0.00    0.13 ^ _18298_/A (INV_X4)
     5   18.95    0.01    0.01    0.14 v _18298_/ZN (INV_X4)
                                         _09009_ (net)
                  0.01    0.00    0.14 v _18299_/A (BUF_X8)
    10   31.90    0.01    0.03    0.17 v _18299_/Z (BUF_X8)
                                         _09010_ (net)
                  0.01    0.00    0.17 v _18300_/A (BUF_X4)
    10   30.73    0.01    0.03    0.20 v _18300_/Z (BUF_X4)
                                         _09011_ (net)
                  0.01    0.01    0.21 v _18301_/A (BUF_X4)
    10   41.08    0.01    0.04    0.25 v _18301_/Z (BUF_X4)
                                         _09012_ (net)
                  0.01    0.00    0.25 v _27258_/A2 (NAND3_X1)
     1    1.67    0.01    0.02    0.27 ^ _27258_/ZN (NAND3_X1)
                                         _04238_ (net)
                  0.01    0.00    0.27 ^ _27261_/B1 (AOI21_X1)
     1    1.53    0.01    0.01    0.28 v _27261_/ZN (AOI21_X1)
                                         _04241_ (net)
                  0.01    0.00    0.28 v _27270_/A1 (OR3_X2)
     3    7.43    0.01    0.07    0.35 v _27270_/ZN (OR3_X2)
                                         _04250_ (net)
                  0.01    0.00    0.35 v _27271_/A (INV_X1)
     9   21.18    0.05    0.06    0.41 ^ _27271_/ZN (INV_X1)
                                         _04251_ (net)
                  0.05    0.00    0.41 ^ _27272_/A (BUF_X1)
    13   34.57    0.08    0.11    0.52 ^ _27272_/Z (BUF_X1)
                                         _15235_ (net)
                  0.08    0.00    0.52 ^ _29789_/A (HA_X1)
     9   23.94    0.06    0.10    0.62 ^ _29789_/CO (HA_X1)
                                         _15242_ (net)
                  0.06    0.00    0.62 ^ _27662_/A (AOI21_X1)
     4    9.32    0.03    0.04    0.66 v _27662_/ZN (AOI21_X1)
                                         _04634_ (net)
                  0.03    0.00    0.66 v _27829_/B1 (AOI22_X1)
     1    1.64    0.02    0.05    0.71 ^ _27829_/ZN (AOI22_X1)
                                         _04798_ (net)
                  0.02    0.00    0.71 ^ _27830_/C1 (OAI221_X1)
     1    1.57    0.02    0.03    0.74 v _27830_/ZN (OAI221_X1)
                                         _04799_ (net)
                  0.02    0.00    0.74 v _27833_/A (AOI21_X1)
     1    5.95    0.04    0.06    0.80 ^ _27833_/ZN (AOI21_X1)
                                         _04802_ (net)
                  0.04    0.00    0.80 ^ _27838_/B (AOI211_X2)
     1    1.61    0.01    0.02    0.82 v _27838_/ZN (AOI211_X2)
                                         _04807_ (net)
                  0.01    0.00    0.82 v _27839_/A4 (NOR4_X1)
     1    8.56    0.10    0.15    0.98 ^ _27839_/ZN (NOR4_X1)
                                         _00142_ (net)
                  0.10    0.00    0.98 ^ sa32_sr[6]$_DFF_P_/D (DFF_X1)
                                  0.98   data arrival time

                  0.00    0.82    0.82   clock clk (rise edge)
                          0.00    0.82   clock network delay (ideal)
                          0.00    0.82   clock reconvergence pessimism
                                  0.82 ^ sa32_sr[6]$_DFF_P_/CK (DFF_X1)
                         -0.05    0.77   library setup time
                                  0.77   data required time
-----------------------------------------------------------------------------
                                  0.77   data required time
                                 -0.98   data arrival time
-----------------------------------------------------------------------------
                                 -0.20   slack (VIOLATED)



==========================================================================
global place report_checks -unconstrained
--------------------------------------------------------------------------
Startpoint: ld_r$_DFF_P_ (rising edge-triggered flip-flop clocked by clk)
Endpoint: sa32_sr[6]$_DFF_P_ (rising edge-triggered flip-flop clocked by clk)
Path Group: clk
Path Type: max

Fanout     Cap    Slew   Delay    Time   Description
-----------------------------------------------------------------------------
                  0.00    0.00    0.00   clock clk (rise edge)
                          0.00    0.00   clock network delay (ideal)
                  0.00    0.00    0.00 ^ ld_r$_DFF_P_/CK (DFF_X1)
     1    4.69    0.01    0.09    0.09 ^ ld_r$_DFF_P_/Q (DFF_X1)
                                         ld_r (net)
                  0.01    0.00    0.09 ^ _18258_/A (BUF_X4)
     5   27.24    0.02    0.03    0.13 ^ _18258_/Z (BUF_X4)
                                         _08970_ (net)
                  0.02    0.00    0.13 ^ _18298_/A (INV_X4)
     5   18.95    0.01    0.01    0.14 v _18298_/ZN (INV_X4)
                                         _09009_ (net)
                  0.01    0.00    0.14 v _18299_/A (BUF_X8)
    10   31.90    0.01    0.03    0.17 v _18299_/Z (BUF_X8)
                                         _09010_ (net)
                  0.01    0.00    0.17 v _18300_/A (BUF_X4)
    10   30.73    0.01    0.03    0.20 v _18300_/Z (BUF_X4)
                                         _09011_ (net)
                  0.01    0.01    0.21 v _18301_/A (BUF_X4)
    10   41.08    0.01    0.04    0.25 v _18301_/Z (BUF_X4)
                                         _09012_ (net)
                  0.01    0.00    0.25 v _27258_/A2 (NAND3_X1)
     1    1.67    0.01    0.02    0.27 ^ _27258_/ZN (NAND3_X1)
                                         _04238_ (net)
                  0.01    0.00    0.27 ^ _27261_/B1 (AOI21_X1)
     1    1.53    0.01    0.01    0.28 v _27261_/ZN (AOI21_X1)
                                         _04241_ (net)
                  0.01    0.00    0.28 v _27270_/A1 (OR3_X2)
     3    7.43    0.01    0.07    0.35 v _27270_/ZN (OR3_X2)
                                         _04250_ (net)
                  0.01    0.00    0.35 v _27271_/A (INV_X1)
     9   21.18    0.05    0.06    0.41 ^ _27271_/ZN (INV_X1)
                                         _04251_ (net)
                  0.05    0.00    0.41 ^ _27272_/A (BUF_X1)
    13   34.57    0.08    0.11    0.52 ^ _27272_/Z (BUF_X1)
                                         _15235_ (net)
                  0.08    0.00    0.52 ^ _29789_/A (HA_X1)
     9   23.94    0.06    0.10    0.62 ^ _29789_/CO (HA_X1)
                                         _15242_ (net)
                  0.06    0.00    0.62 ^ _27662_/A (AOI21_X1)
     4    9.32    0.03    0.04    0.66 v _27662_/ZN (AOI21_X1)
                                         _04634_ (net)
                  0.03    0.00    0.66 v _27829_/B1 (AOI22_X1)
     1    1.64    0.02    0.05    0.71 ^ _27829_/ZN (AOI22_X1)
                                         _04798_ (net)
                  0.02    0.00    0.71 ^ _27830_/C1 (OAI221_X1)
     1    1.57    0.02    0.03    0.74 v _27830_/ZN (OAI221_X1)
                                         _04799_ (net)
                  0.02    0.00    0.74 v _27833_/A (AOI21_X1)
     1    5.95    0.04    0.06    0.80 ^ _27833_/ZN (AOI21_X1)
                                         _04802_ (net)
                  0.04    0.00    0.80 ^ _27838_/B (AOI211_X2)
     1    1.61    0.01    0.02    0.82 v _27838_/ZN (AOI211_X2)
                                         _04807_ (net)
                  0.01    0.00    0.82 v _27839_/A4 (NOR4_X1)
     1    8.56    0.10    0.15    0.98 ^ _27839_/ZN (NOR4_X1)
                                         _00142_ (net)
                  0.10    0.00    0.98 ^ sa32_sr[6]$_DFF_P_/D (DFF_X1)
                                  0.98   data arrival time

                  0.00    0.82    0.82   clock clk (rise edge)
                          0.00    0.82   clock network delay (ideal)
                          0.00    0.82   clock reconvergence pessimism
                                  0.82 ^ sa32_sr[6]$_DFF_P_/CK (DFF_X1)
                         -0.05    0.77   library setup time
                                  0.77   data required time
-----------------------------------------------------------------------------
                                  0.77   data required time
                                 -0.98   data arrival time
-----------------------------------------------------------------------------
                                 -0.20   slack (VIOLATED)



==========================================================================
global place report_power
--------------------------------------------------------------------------
Group                  Internal  Switching    Leakage      Total
                          Power      Power      Power      Power (Watts)
----------------------------------------------------------------
Sequential             9.23e-03   1.13e-03   4.44e-05   1.04e-02   2.9%
Combinational          1.67e-01   1.79e-01   5.07e-04   3.46e-01  97.1%
Clock                  0.00e+00   0.00e+00   0.00e+00   0.00e+00   0.0%
Macro                  0.00e+00   0.00e+00   0.00e+00   0.00e+00   0.0%
Pad                    0.00e+00   0.00e+00   0.00e+00   0.00e+00   0.0%
----------------------------------------------------------------
Total                  1.76e-01   1.80e-01   5.51e-04   3.57e-01 100.0%
                          49.4%      50.5%       0.2%
