OpenROAD v2.0-19576-gec1bf1a13 
Features included (+) or not (-): +GPU +GUI +Python : None
This program is licensed under the BSD-3 license. See the LICENSE file for details.
Components of this program may be licensed under more restrictive licenses which must be honored.
[INFO ORD-0030] Using 16 thread(s).
[INFO GPL-0002] DBU: 2000
[INFO GPL-0003] SiteSize: (  0.190  1.400 ) um
[INFO GPL-0004] CoreBBox: (  1.140  1.400 ) ( 49.970 25.200 ) um
[WARNING GPL-0001] clk toplevel port is not placed!
       Replace will regard clk is placed in (0, 0)
[WARNING GPL-0001] req_msg[0] toplevel port is not placed!
       Replace will regard req_msg[0] is placed in (0, 0)
[WARNING GPL-0001] req_msg[10] toplevel port is not placed!
       Replace will regard req_msg[10] is placed in (0, 0)
[WARNING GPL-0001] req_msg[11] toplevel port is not placed!
       Replace will regard req_msg[11] is placed in (0, 0)
[WARNING GPL-0001] req_msg[12] toplevel port is not placed!
       Replace will regard req_msg[12] is placed in (0, 0)
[WARNING GPL-0001] req_msg[13] toplevel port is not placed!
       Replace will regard req_msg[13] is placed in (0, 0)
[WARNING GPL-0001] req_msg[14] toplevel port is not placed!
       Replace will regard req_msg[14] is placed in (0, 0)
[WARNING GPL-0001] req_msg[15] toplevel port is not placed!
       Replace will regard req_msg[15] is placed in (0, 0)
[WARNING GPL-0001] req_msg[16] toplevel port is not placed!
       Replace will regard req_msg[16] is placed in (0, 0)
[WARNING GPL-0001] req_msg[17] toplevel port is not placed!
       Replace will regard req_msg[17] is placed in (0, 0)
[WARNING GPL-0001] req_msg[18] toplevel port is not placed!
       Replace will regard req_msg[18] is placed in (0, 0)
[WARNING GPL-0001] req_msg[19] toplevel port is not placed!
       Replace will regard req_msg[19] is placed in (0, 0)
[WARNING GPL-0001] req_msg[1] toplevel port is not placed!
       Replace will regard req_msg[1] is placed in (0, 0)
[WARNING GPL-0001] req_msg[20] toplevel port is not placed!
       Replace will regard req_msg[20] is placed in (0, 0)
[WARNING GPL-0001] req_msg[21] toplevel port is not placed!
       Replace will regard req_msg[21] is placed in (0, 0)
[WARNING GPL-0001] req_msg[22] toplevel port is not placed!
       Replace will regard req_msg[22] is placed in (0, 0)
[WARNING GPL-0001] req_msg[23] toplevel port is not placed!
       Replace will regard req_msg[23] is placed in (0, 0)
[WARNING GPL-0001] req_msg[24] toplevel port is not placed!
       Replace will regard req_msg[24] is placed in (0, 0)
[WARNING GPL-0001] req_msg[25] toplevel port is not placed!
       Replace will regard req_msg[25] is placed in (0, 0)
[WARNING GPL-0001] req_msg[26] toplevel port is not placed!
       Replace will regard req_msg[26] is placed in (0, 0)
[WARNING GPL-0001] req_msg[27] toplevel port is not placed!
       Replace will regard req_msg[27] is placed in (0, 0)
[WARNING GPL-0001] req_msg[28] toplevel port is not placed!
       Replace will regard req_msg[28] is placed in (0, 0)
[WARNING GPL-0001] req_msg[29] toplevel port is not placed!
       Replace will regard req_msg[29] is placed in (0, 0)
[WARNING GPL-0001] req_msg[2] toplevel port is not placed!
       Replace will regard req_msg[2] is placed in (0, 0)
[WARNING GPL-0001] req_msg[30] toplevel port is not placed!
       Replace will regard req_msg[30] is placed in (0, 0)
[WARNING GPL-0001] req_msg[31] toplevel port is not placed!
       Replace will regard req_msg[31] is placed in (0, 0)
[WARNING GPL-0001] req_msg[3] toplevel port is not placed!
       Replace will regard req_msg[3] is placed in (0, 0)
[WARNING GPL-0001] req_msg[4] toplevel port is not placed!
       Replace will regard req_msg[4] is placed in (0, 0)
[WARNING GPL-0001] req_msg[5] toplevel port is not placed!
       Replace will regard req_msg[5] is placed in (0, 0)
[WARNING GPL-0001] req_msg[6] toplevel port is not placed!
       Replace will regard req_msg[6] is placed in (0, 0)
[WARNING GPL-0001] req_msg[7] toplevel port is not placed!
       Replace will regard req_msg[7] is placed in (0, 0)
[WARNING GPL-0001] req_msg[8] toplevel port is not placed!
       Replace will regard req_msg[8] is placed in (0, 0)
[WARNING GPL-0001] req_msg[9] toplevel port is not placed!
       Replace will regard req_msg[9] is placed in (0, 0)
[WARNING GPL-0001] req_rdy toplevel port is not placed!
       Replace will regard req_rdy is placed in (0, 0)
[WARNING GPL-0001] req_val toplevel port is not placed!
       Replace will regard req_val is placed in (0, 0)
[WARNING GPL-0001] reset toplevel port is not placed!
       Replace will regard reset is placed in (0, 0)
[WARNING GPL-0001] resp_msg[0] toplevel port is not placed!
       Replace will regard resp_msg[0] is placed in (0, 0)
[WARNING GPL-0001] resp_msg[10] toplevel port is not placed!
       Replace will regard resp_msg[10] is placed in (0, 0)
[WARNING GPL-0001] resp_msg[11] toplevel port is not placed!
       Replace will regard resp_msg[11] is placed in (0, 0)
[WARNING GPL-0001] resp_msg[12] toplevel port is not placed!
       Replace will regard resp_msg[12] is placed in (0, 0)
[WARNING GPL-0001] resp_msg[13] toplevel port is not placed!
       Replace will regard resp_msg[13] is placed in (0, 0)
[WARNING GPL-0001] resp_msg[14] toplevel port is not placed!
       Replace will regard resp_msg[14] is placed in (0, 0)
[WARNING GPL-0001] resp_msg[15] toplevel port is not placed!
       Replace will regard resp_msg[15] is placed in (0, 0)
[WARNING GPL-0001] resp_msg[1] toplevel port is not placed!
       Replace will regard resp_msg[1] is placed in (0, 0)
[WARNING GPL-0001] resp_msg[2] toplevel port is not placed!
       Replace will regard resp_msg[2] is placed in (0, 0)
[WARNING GPL-0001] resp_msg[3] toplevel port is not placed!
       Replace will regard resp_msg[3] is placed in (0, 0)
[WARNING GPL-0001] resp_msg[4] toplevel port is not placed!
       Replace will regard resp_msg[4] is placed in (0, 0)
[WARNING GPL-0001] resp_msg[5] toplevel port is not placed!
       Replace will regard resp_msg[5] is placed in (0, 0)
[WARNING GPL-0001] resp_msg[6] toplevel port is not placed!
       Replace will regard resp_msg[6] is placed in (0, 0)
[WARNING GPL-0001] resp_msg[7] toplevel port is not placed!
       Replace will regard resp_msg[7] is placed in (0, 0)
[WARNING GPL-0001] resp_msg[8] toplevel port is not placed!
       Replace will regard resp_msg[8] is placed in (0, 0)
[WARNING GPL-0001] resp_msg[9] toplevel port is not placed!
       Replace will regard resp_msg[9] is placed in (0, 0)
[WARNING GPL-0001] resp_rdy toplevel port is not placed!
       Replace will regard resp_rdy is placed in (0, 0)
[WARNING GPL-0001] resp_val toplevel port is not placed!
       Replace will regard resp_val is placed in (0, 0)
[INFO GPL-0006] NumInstances:               537
[INFO GPL-0007] NumPlaceInstances:          503
[INFO GPL-0008] NumFixedInstances:           34
[INFO GPL-0009] NumDummyInstances:            0
[INFO GPL-0010] NumNets:                    574
[INFO GPL-0011] NumPins:                   1626
[INFO GPL-0012] DieBBox:  (  0.000  0.000 ) ( 51.070 26.535 ) um
[INFO GPL-0013] CoreBBox: (  1.140  1.400 ) ( 49.970 25.200 ) um
[INFO GPL-0016] CoreArea:              1162.154 um^2
[INFO GPL-0017] NonPlaceInstsArea:        9.044 um^2
[INFO GPL-0018] PlaceInstsArea:         650.104 um^2
[INFO GPL-0019] Util:                    56.378 %
[INFO GPL-0020] StdInstsArea:           650.104 um^2
[INFO GPL-0021] MacroInstsArea:           0.000 um^2
[INFO GPL-0031] FillerInit:NumGCells:       941
[INFO GPL-0032] FillerInit:NumGNets:        574
[INFO GPL-0033] FillerInit:NumGPins:       1626
[INFO GPL-0023] TargetDensity:            1.000
[INFO GPL-0024] AvrgPlaceInstArea:        1.292 um^2
[INFO GPL-0025] IdealBinArea:             1.292 um^2
[INFO GPL-0026] IdealBinCnt:                899
[INFO GPL-0027] TotalBinArea:          1162.154 um^2
[INFO GPL-0028] BinCnt:        32     16
[INFO GPL-0029] BinSize: (  1.526  1.488 )
[INFO GPL-0030] NumBins: 512
Placement density is 0.7046482181549072, computed from PLACE_DENSITY_LB_ADDON 0.30 and lower bound 0.5637831687927246
global_placement -skip_io -density 0.7046482181549072 -pad_left 0 -pad_right 0
[INFO GPL-0002] DBU: 2000
[INFO GPL-0003] SiteSize: (  0.190  1.400 ) um
[INFO GPL-0004] CoreBBox: (  1.140  1.400 ) ( 49.970 25.200 ) um
[INFO GPL-0006] NumInstances:               537
[INFO GPL-0007] NumPlaceInstances:          503
[INFO GPL-0008] NumFixedInstances:           34
[INFO GPL-0009] NumDummyInstances:            0
[INFO GPL-0010] NumNets:                    574
[INFO GPL-0011] NumPins:                   1572
[INFO GPL-0012] DieBBox:  (  0.000  0.000 ) ( 51.070 26.535 ) um
[INFO GPL-0013] CoreBBox: (  1.140  1.400 ) ( 49.970 25.200 ) um
[INFO GPL-0016] CoreArea:              1162.154 um^2
[INFO GPL-0017] NonPlaceInstsArea:        9.044 um^2
[INFO GPL-0018] PlaceInstsArea:         650.104 um^2
[INFO GPL-0019] Util:                    56.378 %
[INFO GPL-0020] StdInstsArea:           650.104 um^2
[INFO GPL-0021] MacroInstsArea:           0.000 um^2
[INFO GPL-0031] FillerInit:NumGCells:       644
[INFO GPL-0032] FillerInit:NumGNets:        574
[INFO GPL-0033] FillerInit:NumGPins:       1572
[INFO GPL-0023] TargetDensity:            0.705
[INFO GPL-0024] AvrgPlaceInstArea:        1.292 um^2
[INFO GPL-0025] IdealBinArea:             1.834 um^2
[INFO GPL-0026] IdealBinCnt:                633
[INFO GPL-0027] TotalBinArea:          1162.154 um^2
[INFO GPL-0028] BinCnt:        32     16
[INFO GPL-0029] BinSize: (  1.526  1.488 )
[INFO GPL-0030] NumBins: 512
[NesterovSolve] Iter:    1 overflow: 0.969 HPWL: 849367
[NesterovSolve] Iter:   10 overflow: 0.981 HPWL: 458593
[NesterovSolve] Iter:   20 overflow: 0.982 HPWL: 457168
[NesterovSolve] Iter:   30 overflow: 0.982 HPWL: 456787
[NesterovSolve] Iter:   40 overflow: 0.982 HPWL: 456364
[NesterovSolve] Iter:   50 overflow: 0.982 HPWL: 456667
[NesterovSolve] Iter:   60 overflow: 0.982 HPWL: 456997
[NesterovSolve] Iter:   70 overflow: 0.982 HPWL: 457565
[NesterovSolve] Iter:   80 overflow: 0.982 HPWL: 458952
[NesterovSolve] Iter:   90 overflow: 0.981 HPWL: 461507
[NesterovSolve] Iter:  100 overflow: 0.981 HPWL: 466258
[NesterovSolve] Iter:  110 overflow: 0.980 HPWL: 474609
[NesterovSolve] Iter:  120 overflow: 0.980 HPWL: 491306
[NesterovSolve] Iter:  130 overflow: 0.979 HPWL: 534643
[NesterovSolve] Iter:  140 overflow: 0.970 HPWL: 675161
[NesterovSolve] Iter:  150 overflow: 0.944 HPWL: 920143
[NesterovSolve] Iter:  160 overflow: 0.924 HPWL: 1105554
[NesterovSolve] Iter:  170 overflow: 0.910 HPWL: 1277698
[NesterovSolve] Iter:  180 overflow: 0.877 HPWL: 1553074
[NesterovSolve] Iter:  190 overflow: 0.858 HPWL: 1775617
[NesterovSolve] Iter:  200 overflow: 0.815 HPWL: 2030615
[NesterovSolve] Iter:  210 overflow: 0.778 HPWL: 2297076
[NesterovSolve] Iter:  220 overflow: 0.733 HPWL: 2557521
[NesterovSolve] Iter:  230 overflow: 0.687 HPWL: 2810177
[NesterovSolve] Iter:  240 overflow: 0.638 HPWL: 3093535
[NesterovSolve] Iter:  250 overflow: 0.587 HPWL: 3390472
[NesterovSolve] Iter:  260 overflow: 0.537 HPWL: 3645869
[NesterovSolve] Iter:  270 overflow: 0.477 HPWL: 3879279
[NesterovSolve] Iter:  280 overflow: 0.424 HPWL: 4133005
[NesterovSolve] Iter:  290 overflow: 0.362 HPWL: 4360980
[NesterovSolve] Iter:  300 overflow: 0.326 HPWL: 4421235
[NesterovSolve] Iter:  310 overflow: 0.285 HPWL: 4475288
[NesterovSolve] Iter:  320 overflow: 0.248 HPWL: 4523376
[NesterovSolve] Iter:  330 overflow: 0.212 HPWL: 4580445
[NesterovSolve] Iter:  340 overflow: 0.188 HPWL: 4603007
[NesterovSolve] Iter:  350 overflow: 0.165 HPWL: 4638602
[NesterovSolve] Iter:  360 overflow: 0.145 HPWL: 4653962
[NesterovSolve] Iter:  370 overflow: 0.121 HPWL: 4667626
[NesterovSolve] Iter:  380 overflow: 0.110 HPWL: 4696334
[NesterovSolve] Finished with Overflow: 0.099312
Elapsed time: 0:01.94[h:]min:sec. CPU time: user 23.72 sys 0.95 (1270%). Peak memory: 120840KB.
