OpenROAD v2.0-19576-gec1bf1a13 
Features included (+) or not (-): +GPU +GUI +Python : None
This program is licensed under the BSD-3 license. See the LICENSE file for details.
Components of this program may be licensed under more restrictive licenses which must be honored.
[INFO ORD-0030] Using 16 thread(s).
[INFO GPL-0002] DBU: 2000
[INFO GPL-0003] SiteSize: (  0.190  1.400 ) um
[INFO GPL-0004] CoreBBox: (  1.140  1.400 ) ( 327.180 163.800 ) um
[INFO GPL-0006] NumInstances:             16445
[INFO GPL-0007] NumPlaceInstances:        16095
[INFO GPL-0008] NumFixedInstances:          350
[INFO GPL-0009] NumDummyInstances:            0
[INFO GPL-0010] NumNets:                  18758
[INFO GPL-0011] NumPins:                  60707
[INFO GPL-0012] DieBBox:  (  0.000  0.000 ) ( 328.355 165.175 ) um
[INFO GPL-0013] CoreBBox: (  1.140  1.400 ) ( 327.180 163.800 ) um
[INFO GPL-0016] CoreArea:             52948.896 um^2
[INFO GPL-0017] NonPlaceInstsArea:       93.100 um^2
[INFO GPL-0018] PlaceInstsArea:       28787.052 um^2
[INFO GPL-0019] Util:                    54.463 %
[INFO GPL-0020] StdInstsArea:         28787.052 um^2
[INFO GPL-0021] MacroInstsArea:           0.000 um^2
[INFO GPL-0031] FillerInit:NumGCells:     30584
[INFO GPL-0032] FillerInit:NumGNets:      18758
[INFO GPL-0033] FillerInit:NumGPins:      60707
[INFO GPL-0023] TargetDensity:            1.000
[INFO GPL-0024] AvrgPlaceInstArea:        1.789 um^2
[INFO GPL-0025] IdealBinArea:             1.789 um^2
[INFO GPL-0026] IdealBinCnt:              29604
[INFO GPL-0027] TotalBinArea:         52948.896 um^2
[INFO GPL-0028] BinCnt:       128     64
[INFO GPL-0029] BinSize: (  2.547  2.538 )
[INFO GPL-0030] NumBins: 8192
Placement density is 0.7823169028759003, computed from PLACE_DENSITY_LB_ADDON 0.50 and lower bound 0.5446338057518005
global_placement -density 0.7823169028759003 -pad_left 0 -pad_right 0
[INFO GPL-0002] DBU: 2000
[INFO GPL-0003] SiteSize: (  0.190  1.400 ) um
[INFO GPL-0004] CoreBBox: (  1.140  1.400 ) ( 327.180 163.800 ) um
[INFO GPL-0006] NumInstances:             16445
[INFO GPL-0007] NumPlaceInstances:        16095
[INFO GPL-0008] NumFixedInstances:          350
[INFO GPL-0009] NumDummyInstances:            0
[INFO GPL-0010] NumNets:                  18758
[INFO GPL-0011] NumPins:                  60707
[INFO GPL-0012] DieBBox:  (  0.000  0.000 ) ( 328.355 165.175 ) um
[INFO GPL-0013] CoreBBox: (  1.140  1.400 ) ( 327.180 163.800 ) um
[INFO GPL-0016] CoreArea:             52948.896 um^2
[INFO GPL-0017] NonPlaceInstsArea:       93.100 um^2
[INFO GPL-0018] PlaceInstsArea:       28787.052 um^2
[INFO GPL-0019] Util:                    54.463 %
[INFO GPL-0020] StdInstsArea:         28787.052 um^2
[INFO GPL-0021] MacroInstsArea:           0.000 um^2
[InitialPlace]  Iter: 1 CG residual: 0.00094280 HPWL: 542861935
[InitialPlace]  Iter: 2 CG residual: 0.00000238 HPWL: 205261988
[InitialPlace]  Iter: 3 CG residual: 0.00000635 HPWL: 204459072
[InitialPlace]  Iter: 4 CG residual: 0.00001440 HPWL: 204108248
[InitialPlace]  Iter: 5 CG residual: 0.00001655 HPWL: 203169811
[InitialPlace]  Iter: 6 CG residual: 0.00000551 HPWL: 202663191
[INFO GPL-0031] FillerInit:NumGCells:     23658
[INFO GPL-0032] FillerInit:NumGNets:      18758
[INFO GPL-0033] FillerInit:NumGPins:      60707
[INFO GPL-0023] TargetDensity:            0.782
[INFO GPL-0024] AvrgPlaceInstArea:        1.789 um^2
[INFO GPL-0025] IdealBinArea:             2.286 um^2
[INFO GPL-0026] IdealBinCnt:              23159
[INFO GPL-0027] TotalBinArea:         52948.896 um^2
[INFO GPL-0028] BinCnt:       128     64
[INFO GPL-0029] BinSize: (  2.547  2.538 )
[INFO GPL-0030] NumBins: 8192
[NesterovSolve] Iter:    1 overflow: 0.984 HPWL: 123535878
[NesterovSolve] Iter:   10 overflow: 0.947 HPWL: 145023691
[NesterovSolve] Iter:   20 overflow: 0.925 HPWL: 158378644
[NesterovSolve] Iter:   30 overflow: 0.919 HPWL: 162356944
[NesterovSolve] Iter:   40 overflow: 0.916 HPWL: 164799774
[NesterovSolve] Iter:   50 overflow: 0.915 HPWL: 165729501
[NesterovSolve] Iter:   60 overflow: 0.915 HPWL: 166056898
[NesterovSolve] Iter:   70 overflow: 0.913 HPWL: 166614710
[NesterovSolve] Iter:   80 overflow: 0.914 HPWL: 166710438
[NesterovSolve] Iter:   90 overflow: 0.915 HPWL: 166125242
[NesterovSolve] Iter:  100 overflow: 0.916 HPWL: 165065298
[NesterovSolve] Iter:  110 overflow: 0.917 HPWL: 163960321
[NesterovSolve] Iter:  120 overflow: 0.917 HPWL: 163242935
[NesterovSolve] Iter:  130 overflow: 0.916 HPWL: 163228519
[NesterovSolve] Iter:  140 overflow: 0.916 HPWL: 164147207
[NesterovSolve] Iter:  150 overflow: 0.915 HPWL: 166365524
[NesterovSolve] Iter:  160 overflow: 0.913 HPWL: 170704823
[NesterovSolve] Iter:  170 overflow: 0.910 HPWL: 178513612
[NesterovSolve] Iter:  180 overflow: 0.904 HPWL: 188880674
[NesterovSolve] Iter:  190 overflow: 0.894 HPWL: 200599774
[NesterovSolve] Iter:  200 overflow: 0.882 HPWL: 214920253
[NesterovSolve] Iter:  210 overflow: 0.865 HPWL: 231805726
[NesterovSolve] Iter:  220 overflow: 0.843 HPWL: 248953635
[NesterovSolve] Iter:  230 overflow: 0.820 HPWL: 265730947
[NesterovSolve] Iter:  240 overflow: 0.791 HPWL: 287356030
[NesterovSolve] Iter:  250 overflow: 0.760 HPWL: 309884097
[NesterovSolve] Iter:  260 overflow: 0.728 HPWL: 322332927
[NesterovSolve] Iter:  270 overflow: 0.689 HPWL: 342935119
[NesterovSolve] Iter:  280 overflow: 0.650 HPWL: 352178745
[NesterovSolve] Iter:  290 overflow: 0.603 HPWL: 368406002
[NesterovSolve] Iter:  300 overflow: 0.554 HPWL: 378908358
[NesterovSolve] Iter:  310 overflow: 0.502 HPWL: 388859898
[NesterovSolve] Iter:  320 overflow: 0.449 HPWL: 394815984
[NesterovSolve] Iter:  330 overflow: 0.397 HPWL: 402081821
[NesterovSolve] Iter:  340 overflow: 0.351 HPWL: 409376919
[NesterovSolve] Iter:  350 overflow: 0.313 HPWL: 411711276
[NesterovSolve] Iter:  360 overflow: 0.277 HPWL: 414636308
[NesterovSolve] Iter:  370 overflow: 0.245 HPWL: 417412377
[NesterovSolve] Iter:  380 overflow: 0.216 HPWL: 419310720
[NesterovSolve] Iter:  390 overflow: 0.186 HPWL: 421204518
[NesterovSolve] Iter:  400 overflow: 0.157 HPWL: 422780849
[NesterovSolve] Iter:  410 overflow: 0.134 HPWL: 423794407
[NesterovSolve] Iter:  420 overflow: 0.113 HPWL: 424789701
[NesterovSolve] Finished with Overflow: 0.099181
Took 9 seconds: global_placement -density 0.7823169028759003 -pad_left 0 -pad_right 0
Report metrics stage 3, global place...

==========================================================================
global place report_design_area
--------------------------------------------------------------------------
Design area 28787 u^2 54% utilization.
Elapsed time: 0:19.75[h:]min:sec. CPU time: user 150.17 sys 0.86 (764%). Peak memory: 199660KB.
