
==========================================================================
global place report_tns
--------------------------------------------------------------------------
tns -16.74

==========================================================================
global place report_wns
--------------------------------------------------------------------------
wns -0.18

==========================================================================
global place report_worst_slack
--------------------------------------------------------------------------
worst slack -0.18

==========================================================================
global place report_checks -path_delay min
--------------------------------------------------------------------------
Startpoint: u0.u3.d[4]$_DFF_P_ (rising edge-triggered flip-flop clocked by clk)
Endpoint: u0.w[1][4]$_DFF_P_ (rising edge-triggered flip-flop clocked by clk)
Path Group: clk
Path Type: min

Fanout     Cap    Slew   Delay    Time   Description
-----------------------------------------------------------------------------
                  0.00    0.00    0.00   clock clk (rise edge)
                          0.00    0.00   clock network delay (ideal)
                  0.00    0.00    0.00 ^ u0.u3.d[4]$_DFF_P_/CK (DFF_X1)
     1    2.27    0.01    0.06    0.06 ^ u0.u3.d[4]$_DFF_P_/QN (DFF_X1)
                                         _00414_ (net)
                  0.01    0.00    0.06 ^ _15881_/A (XNOR2_X1)
     2    4.10    0.01    0.02    0.08 v _15881_/ZN (XNOR2_X1)
                                         _06729_ (net)
                  0.01    0.00    0.08 v _15989_/B1 (AOI21_X1)
     1    1.22    0.01    0.02    0.11 ^ _15989_/ZN (AOI21_X1)
                                         _00347_ (net)
                  0.01    0.00    0.11 ^ u0.w[1][4]$_DFF_P_/D (DFF_X1)
                                  0.11   data arrival time

                  0.00    0.00    0.00   clock clk (rise edge)
                          0.00    0.00   clock network delay (ideal)
                          0.00    0.00   clock reconvergence pessimism
                                  0.00 ^ u0.w[1][4]$_DFF_P_/CK (DFF_X1)
                          0.01    0.01   library hold time
                                  0.01   data required time
-----------------------------------------------------------------------------
                                  0.01   data required time
                                 -0.11   data arrival time
-----------------------------------------------------------------------------
                                  0.10   slack (MET)



==========================================================================
global place report_checks -path_delay max
--------------------------------------------------------------------------
Startpoint: sa33_sr[1]$_DFF_P_ (rising edge-triggered flip-flop clocked by clk)
Endpoint: sa03_sr[2]$_DFF_P_ (rising edge-triggered flip-flop clocked by clk)
Path Group: clk
Path Type: max

Fanout     Cap    Slew   Delay    Time   Description
-----------------------------------------------------------------------------
                  0.00    0.00    0.00   clock clk (rise edge)
                          0.00    0.00   clock network delay (ideal)
                  0.00    0.00    0.00 ^ sa33_sr[1]$_DFF_P_/CK (DFF_X1)
     3   21.33    0.05    0.13    0.13 ^ sa33_sr[1]$_DFF_P_/Q (DFF_X1)
                                         sa32_sub[1] (net)
                  0.05    0.01    0.13 ^ _20453_/A (XNOR2_X2)
     6   14.90    0.04    0.06    0.19 ^ _20453_/ZN (XNOR2_X2)
                                         _11123_ (net)
                  0.04    0.00    0.19 ^ _20454_/B (XNOR2_X2)
     1    4.94    0.02    0.05    0.24 ^ _20454_/ZN (XNOR2_X2)
                                         _11124_ (net)
                  0.02    0.00    0.24 ^ _20455_/B (XNOR2_X2)
     2    8.50    0.03    0.05    0.29 ^ _20455_/ZN (XNOR2_X2)
                                         _11125_ (net)
                  0.03    0.00    0.29 ^ _20456_/S (MUX2_X1)
     2    9.60    0.02    0.08    0.37 v _20456_/Z (MUX2_X1)
                                         _11126_ (net)
                  0.02    0.00    0.37 v _20460_/A2 (NOR2_X4)
     8   18.76    0.03    0.05    0.41 ^ _20460_/ZN (NOR2_X4)
                                         _11130_ (net)
                  0.03    0.00    0.41 ^ _20643_/A (BUF_X4)
     6   23.84    0.02    0.04    0.45 ^ _20643_/Z (BUF_X4)
                                         _11308_ (net)
                  0.02    0.00    0.45 ^ _20711_/A (BUF_X8)
     6   26.73    0.01    0.03    0.48 ^ _20711_/Z (BUF_X8)
                                         _11376_ (net)
                  0.01    0.00    0.48 ^ _20923_/A (BUF_X16)
     8   33.97    0.01    0.02    0.50 ^ _20923_/Z (BUF_X16)
                                         _14891_ (net)
                  0.01    0.00    0.50 ^ _29645_/B (HA_X1)
     6   23.64    0.12    0.15    0.66 ^ _29645_/S (HA_X1)
                                         _14893_ (net)
                  0.12    0.00    0.66 ^ _20701_/A (OAI21_X2)
    10   22.61    0.04    0.06    0.72 v _20701_/ZN (OAI21_X2)
                                         _11366_ (net)
                  0.04    0.00    0.72 v _20844_/A (OAI21_X1)
     2    5.26    0.03    0.04    0.77 ^ _20844_/ZN (OAI21_X1)
                                         _11507_ (net)
                  0.03    0.00    0.77 ^ _20884_/B1 (OAI21_X1)
     1    1.04    0.01    0.02    0.78 v _20884_/ZN (OAI21_X1)
                                         _11547_ (net)
                  0.01    0.00    0.78 v _20890_/A (MUX2_X1)
     1    1.03    0.01    0.06    0.84 v _20890_/Z (MUX2_X1)
                                         _11553_ (net)
                  0.01    0.00    0.84 v _20899_/A (MUX2_X1)
     1    3.67    0.01    0.06    0.90 v _20899_/Z (MUX2_X1)
                                         _11562_ (net)
                  0.01    0.00    0.90 v _20900_/C1 (AOI221_X2)
     1    4.34    0.04    0.05    0.95 ^ _20900_/ZN (AOI221_X2)
                                         _00058_ (net)
                  0.04    0.00    0.95 ^ sa03_sr[2]$_DFF_P_/D (DFF_X1)
                                  0.95   data arrival time

                  0.00    0.82    0.82   clock clk (rise edge)
                          0.00    0.82   clock network delay (ideal)
                          0.00    0.82   clock reconvergence pessimism
                                  0.82 ^ sa03_sr[2]$_DFF_P_/CK (DFF_X1)
                         -0.04    0.78   library setup time
                                  0.78   data required time
-----------------------------------------------------------------------------
                                  0.78   data required time
                                 -0.95   data arrival time
-----------------------------------------------------------------------------
                                 -0.18   slack (VIOLATED)



==========================================================================
global place report_checks -unconstrained
--------------------------------------------------------------------------
Startpoint: sa33_sr[1]$_DFF_P_ (rising edge-triggered flip-flop clocked by clk)
Endpoint: sa03_sr[2]$_DFF_P_ (rising edge-triggered flip-flop clocked by clk)
Path Group: clk
Path Type: max

Fanout     Cap    Slew   Delay    Time   Description
-----------------------------------------------------------------------------
                  0.00    0.00    0.00   clock clk (rise edge)
                          0.00    0.00   clock network delay (ideal)
                  0.00    0.00    0.00 ^ sa33_sr[1]$_DFF_P_/CK (DFF_X1)
     3   21.33    0.05    0.13    0.13 ^ sa33_sr[1]$_DFF_P_/Q (DFF_X1)
                                         sa32_sub[1] (net)
                  0.05    0.01    0.13 ^ _20453_/A (XNOR2_X2)
     6   14.90    0.04    0.06    0.19 ^ _20453_/ZN (XNOR2_X2)
                                         _11123_ (net)
                  0.04    0.00    0.19 ^ _20454_/B (XNOR2_X2)
     1    4.94    0.02    0.05    0.24 ^ _20454_/ZN (XNOR2_X2)
                                         _11124_ (net)
                  0.02    0.00    0.24 ^ _20455_/B (XNOR2_X2)
     2    8.50    0.03    0.05    0.29 ^ _20455_/ZN (XNOR2_X2)
                                         _11125_ (net)
                  0.03    0.00    0.29 ^ _20456_/S (MUX2_X1)
     2    9.60    0.02    0.08    0.37 v _20456_/Z (MUX2_X1)
                                         _11126_ (net)
                  0.02    0.00    0.37 v _20460_/A2 (NOR2_X4)
     8   18.76    0.03    0.05    0.41 ^ _20460_/ZN (NOR2_X4)
                                         _11130_ (net)
                  0.03    0.00    0.41 ^ _20643_/A (BUF_X4)
     6   23.84    0.02    0.04    0.45 ^ _20643_/Z (BUF_X4)
                                         _11308_ (net)
                  0.02    0.00    0.45 ^ _20711_/A (BUF_X8)
     6   26.73    0.01    0.03    0.48 ^ _20711_/Z (BUF_X8)
                                         _11376_ (net)
                  0.01    0.00    0.48 ^ _20923_/A (BUF_X16)
     8   33.97    0.01    0.02    0.50 ^ _20923_/Z (BUF_X16)
                                         _14891_ (net)
                  0.01    0.00    0.50 ^ _29645_/B (HA_X1)
     6   23.64    0.12    0.15    0.66 ^ _29645_/S (HA_X1)
                                         _14893_ (net)
                  0.12    0.00    0.66 ^ _20701_/A (OAI21_X2)
    10   22.61    0.04    0.06    0.72 v _20701_/ZN (OAI21_X2)
                                         _11366_ (net)
                  0.04    0.00    0.72 v _20844_/A (OAI21_X1)
     2    5.26    0.03    0.04    0.77 ^ _20844_/ZN (OAI21_X1)
                                         _11507_ (net)
                  0.03    0.00    0.77 ^ _20884_/B1 (OAI21_X1)
     1    1.04    0.01    0.02    0.78 v _20884_/ZN (OAI21_X1)
                                         _11547_ (net)
                  0.01    0.00    0.78 v _20890_/A (MUX2_X1)
     1    1.03    0.01    0.06    0.84 v _20890_/Z (MUX2_X1)
                                         _11553_ (net)
                  0.01    0.00    0.84 v _20899_/A (MUX2_X1)
     1    3.67    0.01    0.06    0.90 v _20899_/Z (MUX2_X1)
                                         _11562_ (net)
                  0.01    0.00    0.90 v _20900_/C1 (AOI221_X2)
     1    4.34    0.04    0.05    0.95 ^ _20900_/ZN (AOI221_X2)
                                         _00058_ (net)
                  0.04    0.00    0.95 ^ sa03_sr[2]$_DFF_P_/D (DFF_X1)
                                  0.95   data arrival time

                  0.00    0.82    0.82   clock clk (rise edge)
                          0.00    0.82   clock network delay (ideal)
                          0.00    0.82   clock reconvergence pessimism
                                  0.82 ^ sa03_sr[2]$_DFF_P_/CK (DFF_X1)
                         -0.04    0.78   library setup time
                                  0.78   data required time
-----------------------------------------------------------------------------
                                  0.78   data required time
                                 -0.95   data arrival time
-----------------------------------------------------------------------------
                                 -0.18   slack (VIOLATED)



==========================================================================
global place report_power
--------------------------------------------------------------------------
Group                  Internal  Switching    Leakage      Total
                          Power      Power      Power      Power (Watts)
----------------------------------------------------------------
Sequential             9.24e-03   1.26e-03   4.44e-05   1.05e-02   2.9%
Combinational          1.67e-01   1.80e-01   5.07e-04   3.47e-01  97.1%
Clock                  0.00e+00   0.00e+00   0.00e+00   0.00e+00   0.0%
Macro                  0.00e+00   0.00e+00   0.00e+00   0.00e+00   0.0%
Pad                    0.00e+00   0.00e+00   0.00e+00   0.00e+00   0.0%
----------------------------------------------------------------
Total                  1.76e-01   1.81e-01   5.51e-04   3.57e-01 100.0%
                          49.3%      50.6%       0.2%
