OpenROAD v2.0-19576-gec1bf1a13 
Features included (+) or not (-): +GPU +GUI +Python : None
This program is licensed under the BSD-3 license. See the LICENSE file for details.
Components of this program may be licensed under more restrictive licenses which must be honored.
[INFO ORD-0030] Using 16 thread(s).
[INFO GPL-0002] DBU: 2000
[INFO GPL-0003] SiteSize: (  0.190  1.400 ) um
[INFO GPL-0004] CoreBBox: (  1.140  1.400 ) ( 35.340 30.800 ) um
[INFO GPL-0006] NumInstances:               545
[INFO GPL-0007] NumPlaceInstances:          503
[INFO GPL-0008] NumFixedInstances:           42
[INFO GPL-0009] NumDummyInstances:            0
[INFO GPL-0010] NumNets:                    574
[INFO GPL-0011] NumPins:                   1626
[INFO GPL-0012] DieBBox:  (  0.000  0.000 ) ( 36.410 32.970 ) um
[INFO GPL-0013] CoreBBox: (  1.140  1.400 ) ( 35.340 30.800 ) um
[INFO GPL-0016] CoreArea:              1005.480 um^2
[INFO GPL-0017] NonPlaceInstsArea:       11.172 um^2
[INFO GPL-0018] PlaceInstsArea:         650.104 um^2
[INFO GPL-0019] Util:                    65.383 %
[INFO GPL-0020] StdInstsArea:           650.104 um^2
[INFO GPL-0021] MacroInstsArea:           0.000 um^2
[INFO GPL-0031] FillerInit:NumGCells:       802
[INFO GPL-0032] FillerInit:NumGNets:        574
[INFO GPL-0033] FillerInit:NumGPins:       1626
[INFO GPL-0023] TargetDensity:            1.000
[INFO GPL-0024] AvrgPlaceInstArea:        1.292 um^2
[INFO GPL-0025] IdealBinArea:             1.292 um^2
[INFO GPL-0026] IdealBinCnt:                777
[INFO GPL-0027] TotalBinArea:          1005.480 um^2
[INFO GPL-0028] BinCnt:        16     16
[INFO GPL-0029] BinSize: (  2.138  1.837 )
[INFO GPL-0030] NumBins: 256
Placement density is 0.7676779067516327, computed from PLACE_DENSITY_LB_ADDON 0.30 and lower bound 0.653825581073761
global_placement -density 0.7676779067516327 -pad_left 0 -pad_right 0
[INFO GPL-0002] DBU: 2000
[INFO GPL-0003] SiteSize: (  0.190  1.400 ) um
[INFO GPL-0004] CoreBBox: (  1.140  1.400 ) ( 35.340 30.800 ) um
[INFO GPL-0006] NumInstances:               545
[INFO GPL-0007] NumPlaceInstances:          503
[INFO GPL-0008] NumFixedInstances:           42
[INFO GPL-0009] NumDummyInstances:            0
[INFO GPL-0010] NumNets:                    574
[INFO GPL-0011] NumPins:                   1626
[INFO GPL-0012] DieBBox:  (  0.000  0.000 ) ( 36.410 32.970 ) um
[INFO GPL-0013] CoreBBox: (  1.140  1.400 ) ( 35.340 30.800 ) um
[INFO GPL-0016] CoreArea:              1005.480 um^2
[INFO GPL-0017] NonPlaceInstsArea:       11.172 um^2
[INFO GPL-0018] PlaceInstsArea:         650.104 um^2
[INFO GPL-0019] Util:                    65.383 %
[INFO GPL-0020] StdInstsArea:           650.104 um^2
[INFO GPL-0021] MacroInstsArea:           0.000 um^2
[InitialPlace]  Iter: 1 CG residual: 0.00000008 HPWL: 7894794
[InitialPlace]  Iter: 2 CG residual: 0.00000010 HPWL: 5583853
[InitialPlace]  Iter: 3 CG residual: 0.00000012 HPWL: 5599755
[InitialPlace]  Iter: 4 CG residual: 0.00000011 HPWL: 5614873
[InitialPlace]  Iter: 5 CG residual: 0.00000010 HPWL: 5615786
[INFO GPL-0031] FillerInit:NumGCells:       601
[INFO GPL-0032] FillerInit:NumGNets:        574
[INFO GPL-0033] FillerInit:NumGPins:       1626
[INFO GPL-0023] TargetDensity:            0.768
[INFO GPL-0024] AvrgPlaceInstArea:        1.292 um^2
[INFO GPL-0025] IdealBinArea:             1.684 um^2
[INFO GPL-0026] IdealBinCnt:                597
[INFO GPL-0027] TotalBinArea:          1005.480 um^2
[INFO GPL-0028] BinCnt:        16     16
[INFO GPL-0029] BinSize: (  2.138  1.837 )
[INFO GPL-0030] NumBins: 256
[NesterovSolve] Iter:    1 overflow: 0.870 HPWL: 3501082
[NesterovSolve] Iter:   10 overflow: 0.712 HPWL: 4082390
[NesterovSolve] Iter:   20 overflow: 0.676 HPWL: 4121717
[NesterovSolve] Iter:   30 overflow: 0.685 HPWL: 4105364
[NesterovSolve] Iter:   40 overflow: 0.685 HPWL: 4105970
[NesterovSolve] Iter:   50 overflow: 0.683 HPWL: 4110437
[NesterovSolve] Iter:   60 overflow: 0.685 HPWL: 4104643
[NesterovSolve] Iter:   70 overflow: 0.685 HPWL: 4102930
[NesterovSolve] Iter:   80 overflow: 0.685 HPWL: 4105720
[NesterovSolve] Iter:   90 overflow: 0.684 HPWL: 4107202
[NesterovSolve] Iter:  100 overflow: 0.684 HPWL: 4108209
[NesterovSolve] Iter:  110 overflow: 0.683 HPWL: 4109211
[NesterovSolve] Iter:  120 overflow: 0.683 HPWL: 4111054
[NesterovSolve] Iter:  130 overflow: 0.681 HPWL: 4116542
[NesterovSolve] Iter:  140 overflow: 0.679 HPWL: 4126035
[NesterovSolve] Iter:  150 overflow: 0.675 HPWL: 4138810
[NesterovSolve] Iter:  160 overflow: 0.669 HPWL: 4152960
[NesterovSolve] Iter:  170 overflow: 0.658 HPWL: 4172458
[NesterovSolve] Iter:  180 overflow: 0.642 HPWL: 4195751
[NesterovSolve] Iter:  190 overflow: 0.624 HPWL: 4231087
[NesterovSolve] Iter:  200 overflow: 0.605 HPWL: 4282489
[NesterovSolve] Iter:  210 overflow: 0.578 HPWL: 4345869
[NesterovSolve] Iter:  220 overflow: 0.546 HPWL: 4397196
[NesterovSolve] Iter:  230 overflow: 0.510 HPWL: 4474559
[NesterovSolve] Iter:  240 overflow: 0.470 HPWL: 4531912
[NesterovSolve] Iter:  250 overflow: 0.426 HPWL: 4587614
[NesterovSolve] Iter:  260 overflow: 0.371 HPWL: 4616530
[NesterovSolve] Iter:  270 overflow: 0.326 HPWL: 4648045
[NesterovSolve] Iter:  280 overflow: 0.288 HPWL: 4679007
[NesterovSolve] Iter:  290 overflow: 0.255 HPWL: 4710859
[NesterovSolve] Iter:  300 overflow: 0.229 HPWL: 4747687
[NesterovSolve] Iter:  310 overflow: 0.204 HPWL: 4798143
[NesterovSolve] Iter:  320 overflow: 0.179 HPWL: 4834780
[NesterovSolve] Iter:  330 overflow: 0.154 HPWL: 4857753
[NesterovSolve] Iter:  340 overflow: 0.136 HPWL: 4876316
[NesterovSolve] Iter:  350 overflow: 0.113 HPWL: 4885708
[NesterovSolve] Finished with Overflow: 0.098189
Report metrics stage 3, global place...

==========================================================================
global place report_design_area
--------------------------------------------------------------------------
Design area 650 u^2 65% utilization.
Elapsed time: 0:00.57[h:]min:sec. CPU time: user 3.81 sys 0.10 (678%). Peak memory: 122252KB.
