
==========================================================================
global place report_tns
--------------------------------------------------------------------------
tns -39685.91

==========================================================================
global place report_wns
--------------------------------------------------------------------------
wns -221.86

==========================================================================
global place report_worst_slack
--------------------------------------------------------------------------
worst slack -221.86

==========================================================================
global place report_checks -path_delay min
--------------------------------------------------------------------------
Startpoint: rst_ni (input port clocked by core_clock)
Endpoint: cs_registers_i.minstret_counter_i.counter_q[53]$_DFFE_PN0P_
          (removal check against rising-edge clock core_clock)
Path Group: asynchronous
Path Type: min

Fanout     Cap    Slew   Delay    Time   Description
-----------------------------------------------------------------------------
                  0.00    0.00    0.00   clock core_clock (rise edge)
                          0.00    0.00   clock network delay (ideal)
                        252.00  252.00 ^ input external delay
    73   79.11    0.00    0.00  252.00 ^ rst_ni (in)
                                         rst_ni (net)
                 18.89    5.96  257.96 ^ cs_registers_i.minstret_counter_i.counter_q[53]$_DFFE_PN0P_/SETN (DFFASRHQNx1_ASAP7_75t_R)
                                257.96   data arrival time

                  0.00    0.00    0.00   clock core_clock (rise edge)
                          0.00    0.00   clock network delay (ideal)
                          0.00    0.00   clock reconvergence pessimism
                                  0.00 ^ cs_registers_i.minstret_counter_i.counter_q[53]$_DFFE_PN0P_/CLK (DFFASRHQNx1_ASAP7_75t_R)
                         15.17   15.17   library removal time
                                 15.17   data required time
-----------------------------------------------------------------------------
                                 15.17   data required time
                               -257.96   data arrival time
-----------------------------------------------------------------------------
                                242.79   slack (MET)


Startpoint: core_clock_gate_i.en_latch$_DLATCH_N_
            (negative level-sensitive latch clocked by core_clock)
Endpoint: _35046_ (rising clock gating-check end-point clocked by core_clock)
Path Group: gated clock
Path Type: min

Fanout     Cap    Slew   Delay    Time   Description
-----------------------------------------------------------------------------
                  0.00  630.00  630.00   clock core_clock (fall edge)
                          0.00  630.00   clock network delay (ideal)
                  0.00    0.00  630.00 v core_clock_gate_i.en_latch$_DLATCH_N_/CLK (DLLx1_ASAP7_75t_R)
     1    0.33    6.24   17.30  647.30 ^ core_clock_gate_i.en_latch$_DLATCH_N_/Q (DLLx1_ASAP7_75t_R)
                                         core_clock_gate_i.en_latch (net)
                  6.24    0.00  647.30 ^ _35046_/B (AND2x2_ASAP7_75t_R)
                                647.30   data arrival time

                  0.00  630.00  630.00   clock core_clock (fall edge)
                          0.00  630.00   clock network delay (ideal)
                          0.00  630.00   clock reconvergence pessimism
                                630.00 v _35046_/A (AND2x2_ASAP7_75t_R)
                          0.00  630.00   clock gating hold time
                                630.00   data required time
-----------------------------------------------------------------------------
                                630.00   data required time
                               -647.30   data arrival time
-----------------------------------------------------------------------------
                                 17.30   slack (MET)


Startpoint: cs_registers_i.u_mstack_epc_csr.rdata_q[2]$_DFFE_PN0P_
            (rising edge-triggered flip-flop clocked by core_clock)
Endpoint: cs_registers_i.u_mstack_epc_csr.rdata_q[2]$_DFFE_PN0P_
          (rising edge-triggered flip-flop clocked by core_clock)
Path Group: core_clock
Path Type: min

Fanout     Cap    Slew   Delay    Time   Description
-----------------------------------------------------------------------------
                  0.00    0.00    0.00   clock core_clock (rise edge)
                          0.00    0.00   clock network delay (ideal)
                  0.00    0.00    0.00 ^ cs_registers_i.u_mstack_epc_csr.rdata_q[2]$_DFFE_PN0P_/CLK (DFFASRHQNx1_ASAP7_75t_R)
     2    1.22   16.63   37.87   37.87 ^ cs_registers_i.u_mstack_epc_csr.rdata_q[2]$_DFFE_PN0P_/QN (DFFASRHQNx1_ASAP7_75t_R)
                                         _01865_ (net)
                 16.63    0.00   37.87 ^ _27544_/A1 (AOI21x1_ASAP7_75t_R)
     1    0.68    5.59    8.83   46.70 v _27544_/Y (AOI21x1_ASAP7_75t_R)
                                         _02715_ (net)
                  5.59    0.02   46.72 v cs_registers_i.u_mstack_epc_csr.rdata_q[2]$_DFFE_PN0P_/D (DFFASRHQNx1_ASAP7_75t_R)
                                 46.72   data arrival time

                  0.00    0.00    0.00   clock core_clock (rise edge)
                          0.00    0.00   clock network delay (ideal)
                          0.00    0.00   clock reconvergence pessimism
                                  0.00 ^ cs_registers_i.u_mstack_epc_csr.rdata_q[2]$_DFFE_PN0P_/CLK (DFFASRHQNx1_ASAP7_75t_R)
                          9.34    9.34   library hold time
                                  9.34   data required time
-----------------------------------------------------------------------------
                                  9.34   data required time
                                -46.72   data arrival time
-----------------------------------------------------------------------------
                                 37.37   slack (MET)



==========================================================================
global place report_checks -path_delay max
--------------------------------------------------------------------------
Startpoint: rst_ni (input port clocked by core_clock)
Endpoint: gen_regfile_ff.register_file_i.rf_reg_q[172]$_DFFE_PN0P_
          (recovery check against rising-edge clock core_clock)
Path Group: asynchronous
Path Type: max

Fanout     Cap    Slew   Delay    Time   Description
-----------------------------------------------------------------------------
                  0.00    0.00    0.00   clock core_clock (rise edge)
                          0.00    0.00   clock network delay (ideal)
                        252.00  252.00 ^ input external delay
    73   98.30    0.00    0.00  252.00 ^ rst_ni (in)
                                         rst_ni (net)
                 19.80    6.25  258.25 ^ load_slew47/A (BUFx24_ASAP7_75t_R)
    90  120.25   58.12   30.25  288.50 ^ load_slew47/Y (BUFx24_ASAP7_75t_R)
                                         net69 (net)
                 76.94   16.62  305.12 ^ load_slew41/A (BUFx16f_ASAP7_75t_R)
    79  105.38   60.22   38.72  343.84 ^ load_slew41/Y (BUFx16f_ASAP7_75t_R)
                                         net63 (net)
                 95.67   25.24  369.09 ^ load_slew40/A (BUFx24_ASAP7_75t_R)
    85  119.23   40.82   40.15  409.24 ^ load_slew40/Y (BUFx24_ASAP7_75t_R)
                                         net62 (net)
                199.74   62.56  471.80 ^ load_slew37/A (BUFx24_ASAP7_75t_R)
    94  123.43   62.49   61.68  533.47 ^ load_slew37/Y (BUFx24_ASAP7_75t_R)
                                         net59 (net)
                 77.69   16.11  549.58 ^ load_slew36/A (BUFx16f_ASAP7_75t_R)
    66   84.17   49.35   41.33  590.91 ^ load_slew36/Y (BUFx16f_ASAP7_75t_R)
                                         net58 (net)
                 54.05    8.04  598.94 ^ gen_regfile_ff.register_file_i.rf_reg_q[172]$_DFFE_PN0P_/SETN (DFFASRHQNx1_ASAP7_75t_R)
                                598.94   data arrival time

                  0.00 1260.00 1260.00   clock core_clock (rise edge)
                          0.00 1260.00   clock network delay (ideal)
                          0.00 1260.00   clock reconvergence pessimism
                               1260.00 ^ gen_regfile_ff.register_file_i.rf_reg_q[172]$_DFFE_PN0P_/CLK (DFFASRHQNx1_ASAP7_75t_R)
                         -4.76 1255.24   library recovery time
                               1255.24   data required time
-----------------------------------------------------------------------------
                               1255.24   data required time
                               -598.94   data arrival time
-----------------------------------------------------------------------------
                                656.29   slack (MET)


Startpoint: core_clock_gate_i.en_latch$_DLATCH_N_
            (negative level-sensitive latch clocked by core_clock)
Endpoint: _35046_ (rising clock gating-check end-point clocked by core_clock)
Path Group: gated clock
Path Type: max

Fanout     Cap    Slew   Delay    Time   Description
-----------------------------------------------------------------------------
                  0.00  630.00  630.00   clock core_clock (fall edge)
                          0.00  630.00   clock network delay (ideal)
                  0.00    0.00  630.00 v core_clock_gate_i.en_latch$_DLATCH_N_/CLK (DLLx1_ASAP7_75t_R)
     1    0.57    7.57   27.19  657.19 v core_clock_gate_i.en_latch$_DLATCH_N_/Q (DLLx1_ASAP7_75t_R)
                                         core_clock_gate_i.en_latch (net)
                  7.57    0.00  657.19 v _35046_/B (AND2x2_ASAP7_75t_R)
                                657.19   data arrival time

                  0.00 1260.00 1260.00   clock core_clock (rise edge)
                          0.00 1260.00   clock network delay (ideal)
                          0.00 1260.00   clock reconvergence pessimism
                               1260.00 ^ _35046_/A (AND2x2_ASAP7_75t_R)
                          0.00 1260.00   clock gating setup time
                               1260.00   data required time
-----------------------------------------------------------------------------
                               1260.00   data required time
                               -657.19   data arrival time
-----------------------------------------------------------------------------
                                602.81   slack (MET)


Startpoint: if_stage_i.instr_rdata_alu_id_o[21]$_DFFE_PN_
            (rising edge-triggered flip-flop clocked by core_clock)
Endpoint: gen_regfile_ff.register_file_i.rf_reg_q[255]$_DFFE_PN0P_
          (rising edge-triggered flip-flop clocked by core_clock)
Path Group: core_clock
Path Type: max

Fanout     Cap    Slew   Delay    Time   Description
-----------------------------------------------------------------------------
                  0.00    0.00    0.00   clock core_clock (rise edge)
                          0.00    0.00   clock network delay (ideal)
                  0.00    0.00    0.00 ^ if_stage_i.instr_rdata_alu_id_o[21]$_DFFE_PN_/CLK (DFFHQNx2_ASAP7_75t_R)
     5    8.40   37.74   52.66   52.66 v if_stage_i.instr_rdata_alu_id_o[21]$_DFFE_PN_/QN (DFFHQNx2_ASAP7_75t_R)
                                         _01552_ (net)
                 37.79    0.80   53.46 v _19184_/A (BUFx6f_ASAP7_75t_R)
     5    8.01   11.27   23.19   76.65 v _19184_/Y (BUFx6f_ASAP7_75t_R)
                                         _13455_ (net)
                 11.27    0.02   76.67 v _19185_/A (BUFx12f_ASAP7_75t_R)
    11   10.64   10.04   14.93   91.60 v _19185_/Y (BUFx12f_ASAP7_75t_R)
                                         _13456_ (net)
                 12.47    2.57   94.16 v _19186_/A (BUFx6f_ASAP7_75t_R)
     6    7.22    9.89   16.32  110.49 v _19186_/Y (BUFx6f_ASAP7_75t_R)
                                         _13457_ (net)
                  9.94    0.37  110.86 v _19187_/A (BUFx12f_ASAP7_75t_R)
     6   12.35   10.65   14.01  124.86 v _19187_/Y (BUFx12f_ASAP7_75t_R)
                                         _13458_ (net)
                 17.84    4.63  129.50 v _21306_/A (BUFx12f_ASAP7_75t_R)
     6    9.52    8.68   17.30  146.80 v _21306_/Y (BUFx12f_ASAP7_75t_R)
                                         _15503_ (net)
                  8.68    0.04  146.84 v _21379_/A (BUFx6f_ASAP7_75t_R)
    10   14.30   17.01   17.54  164.38 v _21379_/Y (BUFx6f_ASAP7_75t_R)
                                         _15576_ (net)
                 17.29    1.25  165.63 v _21380_/A (BUFx6f_ASAP7_75t_R)
    10   11.58   14.37   19.10  184.73 v _21380_/Y (BUFx6f_ASAP7_75t_R)
                                         _15577_ (net)
                 17.12    3.28  188.01 v _22387_/A1 (OA211x2_ASAP7_75t_R)
     1    0.64    9.13   23.38  211.38 v _22387_/Y (OA211x2_ASAP7_75t_R)
                                         _16554_ (net)
                  9.13    0.01  211.39 v _22391_/B (OR3x1_ASAP7_75t_R)
     1    0.65    9.23   23.41  234.80 v _22391_/Y (OR3x1_ASAP7_75t_R)
                                         _16558_ (net)
                  9.23    0.01  234.81 v _22392_/C (AND3x1_ASAP7_75t_R)
     1    2.63   17.54   19.49  254.29 v _22392_/Y (AND3x1_ASAP7_75t_R)
                                         _16559_ (net)
                 17.61    0.61  254.90 v _22393_/B (AO21x1_ASAP7_75t_R)
     1    1.45   10.81   19.87  274.77 v _22393_/Y (AO21x1_ASAP7_75t_R)
                                         _16560_ (net)
                 10.82    0.09  274.86 v _22425_/A2 (OAI21x1_ASAP7_75t_R)
     8   10.31   70.02   31.34  306.20 ^ _22425_/Y (OAI21x1_ASAP7_75t_R)
                                         _16592_ (net)
                 70.68    3.88  310.07 ^ _24194_/B (NOR2x1_ASAP7_75t_R)
     1    0.65   17.67   15.78  325.86 v _24194_/Y (NOR2x1_ASAP7_75t_R)
                                         _05201_ (net)
                 17.67    0.00  325.86 v _24195_/B (AO21x2_ASAP7_75t_R)
     8    5.88   20.60   27.28  353.14 v _24195_/Y (AO21x2_ASAP7_75t_R)
                                         _05202_ (net)
                 20.79    1.09  354.23 v _24442_/A (AND2x2_ASAP7_75t_R)
     1    1.67    8.84   22.80  377.03 v _24442_/Y (AND2x2_ASAP7_75t_R)
                                         _17911_ (net)
                  8.84    0.02  377.04 v _35401_/CI (FAx1_ASAP7_75t_R)
     8   17.02  255.64  116.46  493.50 ^ _35401_/CON (FAx1_ASAP7_75t_R)
                                         _17962_ (net)
     4    8.07  188.04   93.16  586.66 v _35401_/SN (FAx1_ASAP7_75t_R)
                                         _17914_ (net)
                188.06    1.03  587.70 v _35040_/A (INVx2_ASAP7_75t_R)
     2    3.75   42.33   32.85  620.54 ^ _35040_/Y (INVx2_ASAP7_75t_R)
                                         _17913_ (net)
                 42.33    0.03  620.57 ^ _35461_/CI (FAx1_ASAP7_75t_R)
     7   11.98  190.24  206.27  826.84 v _35461_/SN (FAx1_ASAP7_75t_R)
                                         _18080_ (net)
                190.24    0.08  826.92 v _35462_/A (FAx1_ASAP7_75t_R)
     1    2.36   76.33   60.87  887.79 ^ _35462_/CON (FAx1_ASAP7_75t_R)
                                         _18122_ (net)
     1    0.77   56.48   20.61  908.40 v _35462_/SN (FAx1_ASAP7_75t_R)
                                         _18479_ (net)
                 56.48    0.01  908.41 v _34879_/A (INVx1_ASAP7_75t_R)
     1    2.08   25.69   20.66  929.07 ^ _34879_/Y (INVx1_ASAP7_75t_R)
                                         _18081_ (net)
                 25.69    0.03  929.10 ^ _35463_/A (FAx1_ASAP7_75t_R)
     1    0.80   24.52   38.10  967.21 v _35463_/SN (FAx1_ASAP7_75t_R)
                                         _18480_ (net)
                 24.52    0.02  967.22 v _34816_/A (INVx1_ASAP7_75t_R)
     1    1.75   16.68   13.44  980.66 ^ _34816_/Y (INVx1_ASAP7_75t_R)
                                         _18083_ (net)
                 16.68    0.04  980.70 ^ _35467_/CI (FAx1_ASAP7_75t_R)
     1    0.86   27.59   35.87 1016.58 v _35467_/SN (FAx1_ASAP7_75t_R)
                                         _18484_ (net)
                 27.59    0.02 1016.60 v _34856_/A (INVx1_ASAP7_75t_R)
     1    2.23   20.08   15.80 1032.40 ^ _34856_/Y (INVx1_ASAP7_75t_R)
                                         _18092_ (net)
                 20.08    0.02 1032.43 ^ _35468_/B (FAx1_ASAP7_75t_R)
     1    1.19   33.09   41.90 1074.33 v _35468_/SN (FAx1_ASAP7_75t_R)
                                         _18486_ (net)
                 33.09    0.04 1074.37 v _35578_/B (HAxp5_ASAP7_75t_R)
     4    3.68   75.57   69.04 1143.41 v _35578_/SN (HAxp5_ASAP7_75t_R)
                                         _00252_ (net)
                 75.57    0.04 1143.44 v _29453_/B (AO21x1_ASAP7_75t_R)
     1    0.66    8.31   25.50 1168.95 v _29453_/Y (AO21x1_ASAP7_75t_R)
                                         _09481_ (net)
                  8.31    0.00 1168.95 v _29454_/A2 (AO21x1_ASAP7_75t_R)
     2    1.15   10.05   15.72 1184.67 v _29454_/Y (AO21x1_ASAP7_75t_R)
                                         _09482_ (net)
                 10.05    0.01 1184.68 v _29488_/A2 (AO21x1_ASAP7_75t_R)
     1    0.70    8.12   14.86 1199.54 v _29488_/Y (AO21x1_ASAP7_75t_R)
                                         _09514_ (net)
                  8.12    0.01 1199.55 v _29489_/A2 (AO21x1_ASAP7_75t_R)
     2    1.17   10.35   15.74 1215.28 v _29489_/Y (AO21x1_ASAP7_75t_R)
                                         _09515_ (net)
                 10.36    0.01 1215.30 v _29532_/A2 (AO21x1_ASAP7_75t_R)
     1    0.55    7.45   14.47 1229.77 v _29532_/Y (AO21x1_ASAP7_75t_R)
                                         _09557_ (net)
                  7.45    0.01 1229.77 v _29536_/A2 (AO221x1_ASAP7_75t_R)
     2    2.55   18.33   27.39 1257.16 v _29536_/Y (AO221x1_ASAP7_75t_R)
                                         _09561_ (net)
                 18.33    0.12 1257.28 v _29607_/A1 (OA21x2_ASAP7_75t_R)
     4    4.68   17.05   24.64 1281.92 v _29607_/Y (OA21x2_ASAP7_75t_R)
                                         _09630_ (net)
                 17.13    0.66 1282.58 v _29608_/D (OR4x1_ASAP7_75t_R)
     1    0.72   13.15   32.71 1315.29 v _29608_/Y (OR4x1_ASAP7_75t_R)
                                         _09631_ (net)
                 13.15    0.02 1315.31 v _29613_/B (AND4x2_ASAP7_75t_R)
     2    3.62   14.18   20.40 1335.71 v _29613_/Y (AND4x2_ASAP7_75t_R)
                                         _09636_ (net)
                 14.37    0.92 1336.63 v _29616_/B (OR5x1_ASAP7_75t_R)
     1    1.78   19.92   40.13 1376.76 v _29616_/Y (OR5x1_ASAP7_75t_R)
                                         _09639_ (net)
                 19.93    0.19 1376.95 v _29617_/C (AOI211x1_ASAP7_75t_R)
     1    1.71   23.55   16.66 1393.61 ^ _29617_/Y (AOI211x1_ASAP7_75t_R)
                                         _09640_ (net)
                 23.56    0.24 1393.85 ^ _29620_/A2 (OA21x2_ASAP7_75t_R)
     1    5.10   20.82   25.16 1419.00 ^ _29620_/Y (OA21x2_ASAP7_75t_R)
                                         _09643_ (net)
                 21.44    1.95 1420.95 ^ _29624_/B (NOR2x2_ASAP7_75t_R)
     7    6.90   25.14   18.96 1439.91 v _29624_/Y (NOR2x2_ASAP7_75t_R)
                                         _09647_ (net)
                 25.23    0.79 1440.71 v _29773_/A (BUFx3_ASAP7_75t_R)
     5    3.50    9.75   20.29 1461.00 v _29773_/Y (BUFx3_ASAP7_75t_R)
                                         _09761_ (net)
                  9.75    0.06 1461.05 v _30047_/A1 (AO21x1_ASAP7_75t_R)
     1    0.64    6.84   15.44 1476.49 v _30047_/Y (AO21x1_ASAP7_75t_R)
                                         _03030_ (net)
                  6.84    0.00 1476.50 v gen_regfile_ff.register_file_i.rf_reg_q[255]$_DFFE_PN0P_/D (DFFASRHQNx1_ASAP7_75t_R)
                               1476.50   data arrival time

                  0.00 1260.00 1260.00   clock core_clock (rise edge)
                          0.00 1260.00   clock network delay (ideal)
                          0.00 1260.00   clock reconvergence pessimism
                               1260.00 ^ gen_regfile_ff.register_file_i.rf_reg_q[255]$_DFFE_PN0P_/CLK (DFFASRHQNx1_ASAP7_75t_R)
                         -5.36 1254.64   library setup time
                               1254.64   data required time
-----------------------------------------------------------------------------
                               1254.64   data required time
                               -1476.50   data arrival time
-----------------------------------------------------------------------------
                               -221.86   slack (VIOLATED)



==========================================================================
global place report_checks -unconstrained
--------------------------------------------------------------------------
Startpoint: rst_ni (input port clocked by core_clock)
Endpoint: gen_regfile_ff.register_file_i.rf_reg_q[172]$_DFFE_PN0P_
          (recovery check against rising-edge clock core_clock)
Path Group: asynchronous
Path Type: max

Fanout     Cap    Slew   Delay    Time   Description
-----------------------------------------------------------------------------
                  0.00    0.00    0.00   clock core_clock (rise edge)
                          0.00    0.00   clock network delay (ideal)
                        252.00  252.00 ^ input external delay
    73   98.30    0.00    0.00  252.00 ^ rst_ni (in)
                                         rst_ni (net)
                 19.80    6.25  258.25 ^ load_slew47/A (BUFx24_ASAP7_75t_R)
    90  120.25   58.12   30.25  288.50 ^ load_slew47/Y (BUFx24_ASAP7_75t_R)
                                         net69 (net)
                 76.94   16.62  305.12 ^ load_slew41/A (BUFx16f_ASAP7_75t_R)
    79  105.38   60.22   38.72  343.84 ^ load_slew41/Y (BUFx16f_ASAP7_75t_R)
                                         net63 (net)
                 95.67   25.24  369.09 ^ load_slew40/A (BUFx24_ASAP7_75t_R)
    85  119.23   40.82   40.15  409.24 ^ load_slew40/Y (BUFx24_ASAP7_75t_R)
                                         net62 (net)
                199.74   62.56  471.80 ^ load_slew37/A (BUFx24_ASAP7_75t_R)
    94  123.43   62.49   61.68  533.47 ^ load_slew37/Y (BUFx24_ASAP7_75t_R)
                                         net59 (net)
                 77.69   16.11  549.58 ^ load_slew36/A (BUFx16f_ASAP7_75t_R)
    66   84.17   49.35   41.33  590.91 ^ load_slew36/Y (BUFx16f_ASAP7_75t_R)
                                         net58 (net)
                 54.05    8.04  598.94 ^ gen_regfile_ff.register_file_i.rf_reg_q[172]$_DFFE_PN0P_/SETN (DFFASRHQNx1_ASAP7_75t_R)
                                598.94   data arrival time

                  0.00 1260.00 1260.00   clock core_clock (rise edge)
                          0.00 1260.00   clock network delay (ideal)
                          0.00 1260.00   clock reconvergence pessimism
                               1260.00 ^ gen_regfile_ff.register_file_i.rf_reg_q[172]$_DFFE_PN0P_/CLK (DFFASRHQNx1_ASAP7_75t_R)
                         -4.76 1255.24   library recovery time
                               1255.24   data required time
-----------------------------------------------------------------------------
                               1255.24   data required time
                               -598.94   data arrival time
-----------------------------------------------------------------------------
                                656.29   slack (MET)


Startpoint: core_clock_gate_i.en_latch$_DLATCH_N_
            (negative level-sensitive latch clocked by core_clock)
Endpoint: _35046_ (rising clock gating-check end-point clocked by core_clock)
Path Group: gated clock
Path Type: max

Fanout     Cap    Slew   Delay    Time   Description
-----------------------------------------------------------------------------
                  0.00  630.00  630.00   clock core_clock (fall edge)
                          0.00  630.00   clock network delay (ideal)
                  0.00    0.00  630.00 v core_clock_gate_i.en_latch$_DLATCH_N_/CLK (DLLx1_ASAP7_75t_R)
     1    0.57    7.57   27.19  657.19 v core_clock_gate_i.en_latch$_DLATCH_N_/Q (DLLx1_ASAP7_75t_R)
                                         core_clock_gate_i.en_latch (net)
                  7.57    0.00  657.19 v _35046_/B (AND2x2_ASAP7_75t_R)
                                657.19   data arrival time

                  0.00 1260.00 1260.00   clock core_clock (rise edge)
                          0.00 1260.00   clock network delay (ideal)
                          0.00 1260.00   clock reconvergence pessimism
                               1260.00 ^ _35046_/A (AND2x2_ASAP7_75t_R)
                          0.00 1260.00   clock gating setup time
                               1260.00   data required time
-----------------------------------------------------------------------------
                               1260.00   data required time
                               -657.19   data arrival time
-----------------------------------------------------------------------------
                                602.81   slack (MET)


Startpoint: if_stage_i.instr_rdata_alu_id_o[21]$_DFFE_PN_
            (rising edge-triggered flip-flop clocked by core_clock)
Endpoint: gen_regfile_ff.register_file_i.rf_reg_q[255]$_DFFE_PN0P_
          (rising edge-triggered flip-flop clocked by core_clock)
Path Group: core_clock
Path Type: max

Fanout     Cap    Slew   Delay    Time   Description
-----------------------------------------------------------------------------
                  0.00    0.00    0.00   clock core_clock (rise edge)
                          0.00    0.00   clock network delay (ideal)
                  0.00    0.00    0.00 ^ if_stage_i.instr_rdata_alu_id_o[21]$_DFFE_PN_/CLK (DFFHQNx2_ASAP7_75t_R)
     5    8.40   37.74   52.66   52.66 v if_stage_i.instr_rdata_alu_id_o[21]$_DFFE_PN_/QN (DFFHQNx2_ASAP7_75t_R)
                                         _01552_ (net)
                 37.79    0.80   53.46 v _19184_/A (BUFx6f_ASAP7_75t_R)
     5    8.01   11.27   23.19   76.65 v _19184_/Y (BUFx6f_ASAP7_75t_R)
                                         _13455_ (net)
                 11.27    0.02   76.67 v _19185_/A (BUFx12f_ASAP7_75t_R)
    11   10.64   10.04   14.93   91.60 v _19185_/Y (BUFx12f_ASAP7_75t_R)
                                         _13456_ (net)
                 12.47    2.57   94.16 v _19186_/A (BUFx6f_ASAP7_75t_R)
     6    7.22    9.89   16.32  110.49 v _19186_/Y (BUFx6f_ASAP7_75t_R)
                                         _13457_ (net)
                  9.94    0.37  110.86 v _19187_/A (BUFx12f_ASAP7_75t_R)
     6   12.35   10.65   14.01  124.86 v _19187_/Y (BUFx12f_ASAP7_75t_R)
                                         _13458_ (net)
                 17.84    4.63  129.50 v _21306_/A (BUFx12f_ASAP7_75t_R)
     6    9.52    8.68   17.30  146.80 v _21306_/Y (BUFx12f_ASAP7_75t_R)
                                         _15503_ (net)
                  8.68    0.04  146.84 v _21379_/A (BUFx6f_ASAP7_75t_R)
    10   14.30   17.01   17.54  164.38 v _21379_/Y (BUFx6f_ASAP7_75t_R)
                                         _15576_ (net)
                 17.29    1.25  165.63 v _21380_/A (BUFx6f_ASAP7_75t_R)
    10   11.58   14.37   19.10  184.73 v _21380_/Y (BUFx6f_ASAP7_75t_R)
                                         _15577_ (net)
                 17.12    3.28  188.01 v _22387_/A1 (OA211x2_ASAP7_75t_R)
     1    0.64    9.13   23.38  211.38 v _22387_/Y (OA211x2_ASAP7_75t_R)
                                         _16554_ (net)
                  9.13    0.01  211.39 v _22391_/B (OR3x1_ASAP7_75t_R)
     1    0.65    9.23   23.41  234.80 v _22391_/Y (OR3x1_ASAP7_75t_R)
                                         _16558_ (net)
                  9.23    0.01  234.81 v _22392_/C (AND3x1_ASAP7_75t_R)
     1    2.63   17.54   19.49  254.29 v _22392_/Y (AND3x1_ASAP7_75t_R)
                                         _16559_ (net)
                 17.61    0.61  254.90 v _22393_/B (AO21x1_ASAP7_75t_R)
     1    1.45   10.81   19.87  274.77 v _22393_/Y (AO21x1_ASAP7_75t_R)
                                         _16560_ (net)
                 10.82    0.09  274.86 v _22425_/A2 (OAI21x1_ASAP7_75t_R)
     8   10.31   70.02   31.34  306.20 ^ _22425_/Y (OAI21x1_ASAP7_75t_R)
                                         _16592_ (net)
                 70.68    3.88  310.07 ^ _24194_/B (NOR2x1_ASAP7_75t_R)
     1    0.65   17.67   15.78  325.86 v _24194_/Y (NOR2x1_ASAP7_75t_R)
                                         _05201_ (net)
                 17.67    0.00  325.86 v _24195_/B (AO21x2_ASAP7_75t_R)
     8    5.88   20.60   27.28  353.14 v _24195_/Y (AO21x2_ASAP7_75t_R)
                                         _05202_ (net)
                 20.79    1.09  354.23 v _24442_/A (AND2x2_ASAP7_75t_R)
     1    1.67    8.84   22.80  377.03 v _24442_/Y (AND2x2_ASAP7_75t_R)
                                         _17911_ (net)
                  8.84    0.02  377.04 v _35401_/CI (FAx1_ASAP7_75t_R)
     8   17.02  255.64  116.46  493.50 ^ _35401_/CON (FAx1_ASAP7_75t_R)
                                         _17962_ (net)
     4    8.07  188.04   93.16  586.66 v _35401_/SN (FAx1_ASAP7_75t_R)
                                         _17914_ (net)
                188.06    1.03  587.70 v _35040_/A (INVx2_ASAP7_75t_R)
     2    3.75   42.33   32.85  620.54 ^ _35040_/Y (INVx2_ASAP7_75t_R)
                                         _17913_ (net)
                 42.33    0.03  620.57 ^ _35461_/CI (FAx1_ASAP7_75t_R)
     7   11.98  190.24  206.27  826.84 v _35461_/SN (FAx1_ASAP7_75t_R)
                                         _18080_ (net)
                190.24    0.08  826.92 v _35462_/A (FAx1_ASAP7_75t_R)
     1    2.36   76.33   60.87  887.79 ^ _35462_/CON (FAx1_ASAP7_75t_R)
                                         _18122_ (net)
     1    0.77   56.48   20.61  908.40 v _35462_/SN (FAx1_ASAP7_75t_R)
                                         _18479_ (net)
                 56.48    0.01  908.41 v _34879_/A (INVx1_ASAP7_75t_R)
     1    2.08   25.69   20.66  929.07 ^ _34879_/Y (INVx1_ASAP7_75t_R)
                                         _18081_ (net)
                 25.69    0.03  929.10 ^ _35463_/A (FAx1_ASAP7_75t_R)
     1    0.80   24.52   38.10  967.21 v _35463_/SN (FAx1_ASAP7_75t_R)
                                         _18480_ (net)
                 24.52    0.02  967.22 v _34816_/A (INVx1_ASAP7_75t_R)
     1    1.75   16.68   13.44  980.66 ^ _34816_/Y (INVx1_ASAP7_75t_R)
                                         _18083_ (net)
                 16.68    0.04  980.70 ^ _35467_/CI (FAx1_ASAP7_75t_R)
     1    0.86   27.59   35.87 1016.58 v _35467_/SN (FAx1_ASAP7_75t_R)
                                         _18484_ (net)
                 27.59    0.02 1016.60 v _34856_/A (INVx1_ASAP7_75t_R)
     1    2.23   20.08   15.80 1032.40 ^ _34856_/Y (INVx1_ASAP7_75t_R)
                                         _18092_ (net)
                 20.08    0.02 1032.43 ^ _35468_/B (FAx1_ASAP7_75t_R)
     1    1.19   33.09   41.90 1074.33 v _35468_/SN (FAx1_ASAP7_75t_R)
                                         _18486_ (net)
                 33.09    0.04 1074.37 v _35578_/B (HAxp5_ASAP7_75t_R)
     4    3.68   75.57   69.04 1143.41 v _35578_/SN (HAxp5_ASAP7_75t_R)
                                         _00252_ (net)
                 75.57    0.04 1143.44 v _29453_/B (AO21x1_ASAP7_75t_R)
     1    0.66    8.31   25.50 1168.95 v _29453_/Y (AO21x1_ASAP7_75t_R)
                                         _09481_ (net)
                  8.31    0.00 1168.95 v _29454_/A2 (AO21x1_ASAP7_75t_R)
     2    1.15   10.05   15.72 1184.67 v _29454_/Y (AO21x1_ASAP7_75t_R)
                                         _09482_ (net)
                 10.05    0.01 1184.68 v _29488_/A2 (AO21x1_ASAP7_75t_R)
     1    0.70    8.12   14.86 1199.54 v _29488_/Y (AO21x1_ASAP7_75t_R)
                                         _09514_ (net)
                  8.12    0.01 1199.55 v _29489_/A2 (AO21x1_ASAP7_75t_R)
     2    1.17   10.35   15.74 1215.28 v _29489_/Y (AO21x1_ASAP7_75t_R)
                                         _09515_ (net)
                 10.36    0.01 1215.30 v _29532_/A2 (AO21x1_ASAP7_75t_R)
     1    0.55    7.45   14.47 1229.77 v _29532_/Y (AO21x1_ASAP7_75t_R)
                                         _09557_ (net)
                  7.45    0.01 1229.77 v _29536_/A2 (AO221x1_ASAP7_75t_R)
     2    2.55   18.33   27.39 1257.16 v _29536_/Y (AO221x1_ASAP7_75t_R)
                                         _09561_ (net)
                 18.33    0.12 1257.28 v _29607_/A1 (OA21x2_ASAP7_75t_R)
     4    4.68   17.05   24.64 1281.92 v _29607_/Y (OA21x2_ASAP7_75t_R)
                                         _09630_ (net)
                 17.13    0.66 1282.58 v _29608_/D (OR4x1_ASAP7_75t_R)
     1    0.72   13.15   32.71 1315.29 v _29608_/Y (OR4x1_ASAP7_75t_R)
                                         _09631_ (net)
                 13.15    0.02 1315.31 v _29613_/B (AND4x2_ASAP7_75t_R)
     2    3.62   14.18   20.40 1335.71 v _29613_/Y (AND4x2_ASAP7_75t_R)
                                         _09636_ (net)
                 14.37    0.92 1336.63 v _29616_/B (OR5x1_ASAP7_75t_R)
     1    1.78   19.92   40.13 1376.76 v _29616_/Y (OR5x1_ASAP7_75t_R)
                                         _09639_ (net)
                 19.93    0.19 1376.95 v _29617_/C (AOI211x1_ASAP7_75t_R)
     1    1.71   23.55   16.66 1393.61 ^ _29617_/Y (AOI211x1_ASAP7_75t_R)
                                         _09640_ (net)
                 23.56    0.24 1393.85 ^ _29620_/A2 (OA21x2_ASAP7_75t_R)
     1    5.10   20.82   25.16 1419.00 ^ _29620_/Y (OA21x2_ASAP7_75t_R)
                                         _09643_ (net)
                 21.44    1.95 1420.95 ^ _29624_/B (NOR2x2_ASAP7_75t_R)
     7    6.90   25.14   18.96 1439.91 v _29624_/Y (NOR2x2_ASAP7_75t_R)
                                         _09647_ (net)
                 25.23    0.79 1440.71 v _29773_/A (BUFx3_ASAP7_75t_R)
     5    3.50    9.75   20.29 1461.00 v _29773_/Y (BUFx3_ASAP7_75t_R)
                                         _09761_ (net)
                  9.75    0.06 1461.05 v _30047_/A1 (AO21x1_ASAP7_75t_R)
     1    0.64    6.84   15.44 1476.49 v _30047_/Y (AO21x1_ASAP7_75t_R)
                                         _03030_ (net)
                  6.84    0.00 1476.50 v gen_regfile_ff.register_file_i.rf_reg_q[255]$_DFFE_PN0P_/D (DFFASRHQNx1_ASAP7_75t_R)
                               1476.50   data arrival time

                  0.00 1260.00 1260.00   clock core_clock (rise edge)
                          0.00 1260.00   clock network delay (ideal)
                          0.00 1260.00   clock reconvergence pessimism
                               1260.00 ^ gen_regfile_ff.register_file_i.rf_reg_q[255]$_DFFE_PN0P_/CLK (DFFASRHQNx1_ASAP7_75t_R)
                         -5.36 1254.64   library setup time
                               1254.64   data required time
-----------------------------------------------------------------------------
                               1254.64   data required time
                               -1476.50   data arrival time
-----------------------------------------------------------------------------
                               -221.86   slack (VIOLATED)



==========================================================================
global place report_power
--------------------------------------------------------------------------
Group                  Internal  Switching    Leakage      Total
                          Power      Power      Power      Power (Watts)
----------------------------------------------------------------
Sequential             3.12e-03   9.32e-04   2.10e-07   4.06e-03  10.0%
Combinational          1.64e-02   1.98e-02   1.77e-06   3.62e-02  89.7%
Clock                  5.95e-07   1.04e-04   1.16e-10   1.04e-04   0.3%
Macro                  0.00e+00   0.00e+00   0.00e+00   0.00e+00   0.0%
Pad                    0.00e+00   0.00e+00   0.00e+00   0.00e+00   0.0%
----------------------------------------------------------------
Total                  1.96e-02   2.08e-02   1.98e-06   4.04e-02 100.0%
                          48.5%      51.5%       0.0%
