
==========================================================================
detailed place report_tns
--------------------------------------------------------------------------
tns -195.22

==========================================================================
detailed place report_wns
--------------------------------------------------------------------------
wns -0.33

==========================================================================
detailed place report_worst_slack
--------------------------------------------------------------------------
worst slack -0.33

==========================================================================
detailed place report_checks -path_delay min
--------------------------------------------------------------------------
Startpoint: rst_ni (input port clocked by core_clock)
Endpoint: gen_regfile_ff.register_file_i.rf_reg_q[692]$_DFFE_PN0P_
          (removal check against rising-edge clock core_clock)
Path Group: asynchronous
Path Type: min

Fanout     Cap    Slew   Delay    Time   Description
-----------------------------------------------------------------------------
                  0.00    0.00    0.00   clock core_clock (rise edge)
                          0.00    0.00   clock network delay (ideal)
                          0.44    0.44 ^ input external delay
  1658 3454.97    0.00    0.00    0.44 ^ rst_ni (in)
                                         rst_ni (net)
                  1.65    1.35    1.79 ^ gen_regfile_ff.register_file_i.rf_reg_q[692]$_DFFE_PN0P_/RN (DFFR_X1)
                                  1.79   data arrival time

                  0.00    0.00    0.00   clock core_clock (rise edge)
                          0.00    0.00   clock network delay (ideal)
                          0.00    0.00   clock reconvergence pessimism
                                  0.00 ^ gen_regfile_ff.register_file_i.rf_reg_q[692]$_DFFE_PN0P_/CK (DFFR_X1)
                          2.25    2.25   library removal time
                                  2.25   data required time
-----------------------------------------------------------------------------
                                  2.25   data required time
                                 -1.79   data arrival time
-----------------------------------------------------------------------------
                                 -0.46   slack (VIOLATED)


Startpoint: core_clock_gate_i.en_latch$_DLATCH_N_
            (negative level-sensitive latch clocked by core_clock)
Endpoint: _29919_ (rising clock gating-check end-point clocked by core_clock)
Path Group: gated clock
Path Type: min

Fanout     Cap    Slew   Delay    Time   Description
-----------------------------------------------------------------------------
                  0.00    1.10    1.10   clock core_clock (fall edge)
                          0.00    1.10   clock network delay (ideal)
                  0.00    0.00    1.10 v core_clock_gate_i.en_latch$_DLATCH_N_/GN (DLL_X1)
     1    1.13    0.01    0.05    1.15 ^ core_clock_gate_i.en_latch$_DLATCH_N_/Q (DLL_X1)
                                         core_clock_gate_i.en_latch (net)
                  0.01    0.00    1.15 ^ _29919_/A2 (AND2_X1)
                                  1.15   data arrival time

                  0.00    1.10    1.10   clock core_clock (fall edge)
                          0.00    1.10   clock network delay (ideal)
                          0.00    1.10   clock reconvergence pessimism
                                  1.10 v _29919_/A1 (AND2_X1)
                          0.00    1.10   clock gating hold time
                                  1.10   data required time
-----------------------------------------------------------------------------
                                  1.10   data required time
                                 -1.15   data arrival time
-----------------------------------------------------------------------------
                                  0.05   slack (MET)


Startpoint: load_store_unit_i.data_we_q$_DFFE_PN0P_
            (rising edge-triggered flip-flop clocked by core_clock)
Endpoint: id_stage_i.controller_i.store_err_q$_DFF_PN0_
          (rising edge-triggered flip-flop clocked by core_clock)
Path Group: core_clock
Path Type: min

Fanout     Cap    Slew   Delay    Time   Description
-----------------------------------------------------------------------------
                  0.00    0.00    0.00   clock core_clock (rise edge)
                          0.00    0.00   clock network delay (ideal)
                  0.00    0.00    0.00 ^ load_store_unit_i.data_we_q$_DFFE_PN0P_/CK (DFFR_X1)
     2    3.22    0.01    0.07    0.07 ^ load_store_unit_i.data_we_q$_DFFE_PN0P_/QN (DFFR_X1)
                                         _01159_ (net)
                  0.01    0.00    0.07 ^ _20134_/A1 (NOR3_X1)
     2    5.41    0.01    0.02    0.09 v _20134_/ZN (NOR3_X1)
                                         id_stage_i.controller_i.store_err_d (net)
                  0.01    0.00    0.09 v id_stage_i.controller_i.store_err_q$_DFF_PN0_/D (DFFR_X1)
                                  0.09   data arrival time

                  0.00    0.00    0.00   clock core_clock (rise edge)
                          0.00    0.00   clock network delay (ideal)
                          0.00    0.00   clock reconvergence pessimism
                                  0.00 ^ id_stage_i.controller_i.store_err_q$_DFF_PN0_/CK (DFFR_X1)
                          0.00    0.00   library hold time
                                  0.00   data required time
-----------------------------------------------------------------------------
                                  0.00   data required time
                                 -0.09   data arrival time
-----------------------------------------------------------------------------
                                  0.08   slack (MET)



==========================================================================
detailed place report_checks -path_delay max
--------------------------------------------------------------------------
Startpoint: rst_ni (input port clocked by core_clock)
Endpoint: gen_regfile_ff.register_file_i.rf_reg_q[692]$_DFFE_PN0P_
          (recovery check against rising-edge clock core_clock)
Path Group: asynchronous
Path Type: max

Fanout     Cap    Slew   Delay    Time   Description
-----------------------------------------------------------------------------
                  0.00    0.00    0.00   clock core_clock (rise edge)
                          0.00    0.00   clock network delay (ideal)
                          0.44    0.44 ^ input external delay
  1658 3454.97    0.00    0.00    0.44 ^ rst_ni (in)
                                         rst_ni (net)
                  1.65    1.35    1.79 ^ gen_regfile_ff.register_file_i.rf_reg_q[692]$_DFFE_PN0P_/RN (DFFR_X1)
                                  1.79   data arrival time

                  0.00    2.20    2.20   clock core_clock (rise edge)
                          0.00    2.20   clock network delay (ideal)
                          0.00    2.20   clock reconvergence pessimism
                                  2.20 ^ gen_regfile_ff.register_file_i.rf_reg_q[692]$_DFFE_PN0P_/CK (DFFR_X1)
                         -0.34    1.86   library recovery time
                                  1.86   data required time
-----------------------------------------------------------------------------
                                  1.86   data required time
                                 -1.79   data arrival time
-----------------------------------------------------------------------------
                                  0.07   slack (MET)


Startpoint: core_clock_gate_i.en_latch$_DLATCH_N_
            (negative level-sensitive latch clocked by core_clock)
Endpoint: _29919_ (rising clock gating-check end-point clocked by core_clock)
Path Group: gated clock
Path Type: max

Fanout     Cap    Slew   Delay    Time   Description
-----------------------------------------------------------------------------
                  0.00    1.10    1.10   clock core_clock (fall edge)
                          0.00    1.10   clock network delay (ideal)
                  0.00    0.00    1.10 v core_clock_gate_i.en_latch$_DLATCH_N_/GN (DLL_X1)
     1    1.05    0.01    0.07    1.17 v core_clock_gate_i.en_latch$_DLATCH_N_/Q (DLL_X1)
                                         core_clock_gate_i.en_latch (net)
                  0.01    0.00    1.17 v _29919_/A2 (AND2_X1)
                                  1.17   data arrival time

                  0.00    2.20    2.20   clock core_clock (rise edge)
                          0.00    2.20   clock network delay (ideal)
                          0.00    2.20   clock reconvergence pessimism
                                  2.20 ^ _29919_/A1 (AND2_X1)
                          0.00    2.20   clock gating setup time
                                  2.20   data required time
-----------------------------------------------------------------------------
                                  2.20   data required time
                                 -1.17   data arrival time
-----------------------------------------------------------------------------
                                  1.03   slack (MET)


Startpoint: if_stage_i.instr_rdata_alu_id_o[20]$_DFFE_PN_
            (rising edge-triggered flip-flop clocked by core_clock)
Endpoint: gen_regfile_ff.register_file_i.rf_reg_q[350]$_DFFE_PN0P_
          (rising edge-triggered flip-flop clocked by core_clock)
Path Group: core_clock
Path Type: max

Fanout     Cap    Slew   Delay    Time   Description
-----------------------------------------------------------------------------
                  0.00    0.00    0.00   clock core_clock (rise edge)
                          0.00    0.00   clock network delay (ideal)
                  0.00    0.00    0.00 ^ if_stage_i.instr_rdata_alu_id_o[20]$_DFFE_PN_/CK (DFF_X1)
     1    3.43    0.01    0.09    0.09 ^ if_stage_i.instr_rdata_alu_id_o[20]$_DFFE_PN_/Q (DFF_X1)
                                         gen_regfile_ff.register_file_i.raddr_b_i[0] (net)
                  0.01    0.00    0.09 ^ _16524_/A (BUF_X4)
     9   25.77    0.02    0.03    0.12 ^ _16524_/Z (BUF_X4)
                                         _10708_ (net)
                  0.02    0.00    0.12 ^ _16525_/A (BUF_X4)
    10   40.97    0.02    0.04    0.16 ^ _16525_/Z (BUF_X4)
                                         _10709_ (net)
                  0.03    0.01    0.17 ^ _16526_/A (BUF_X2)
    10   38.61    0.04    0.07    0.24 ^ _16526_/Z (BUF_X2)
                                         _10710_ (net)
                  0.04    0.00    0.24 ^ _16527_/A (BUF_X2)
    19   54.45    0.06    0.09    0.33 ^ _16527_/Z (BUF_X2)
                                         _10711_ (net)
                  0.06    0.00    0.34 ^ _18242_/A (BUF_X2)
    10   18.23    0.02    0.05    0.38 ^ _18242_/Z (BUF_X2)
                                         _12359_ (net)
                  0.02    0.00    0.38 ^ _18271_/A (BUF_X2)
    10   30.96    0.04    0.06    0.44 ^ _18271_/Z (BUF_X2)
                                         _12388_ (net)
                  0.04    0.00    0.45 ^ _18325_/A (BUF_X1)
    10   30.54    0.07    0.10    0.54 ^ _18325_/Z (BUF_X1)
                                         _12440_ (net)
                  0.07    0.00    0.54 ^ _18355_/S (MUX2_X1)
     1    1.83    0.01    0.06    0.61 v _18355_/Z (MUX2_X1)
                                         _12470_ (net)
                  0.01    0.00    0.61 v _18356_/B (MUX2_X1)
     1    1.12    0.01    0.06    0.66 v _18356_/Z (MUX2_X1)
                                         _12471_ (net)
                  0.01    0.00    0.66 v _18357_/B (MUX2_X1)
     1    2.67    0.01    0.06    0.73 v _18357_/Z (MUX2_X1)
                                         _12472_ (net)
                  0.01    0.00    0.73 v _18358_/B1 (AOI21_X1)
     8   33.90    0.16    0.18    0.91 ^ _18358_/ZN (AOI21_X1)
                                         _12473_ (net)
                  0.16    0.01    0.92 ^ _20581_/A1 (AND2_X1)
     1    1.76    0.01    0.05    0.97 ^ _20581_/ZN (AND2_X1)
                                         _03899_ (net)
                  0.01    0.00    0.97 ^ _20582_/A (AOI21_X1)
     2    4.17    0.03    0.02    0.99 v _20582_/ZN (AOI21_X1)
                                         _03900_ (net)
                  0.03    0.00    0.99 v _20603_/A (INV_X1)
     7   15.99    0.04    0.06    1.05 ^ _20603_/ZN (INV_X1)
                                         _03911_ (net)
                  0.04    0.00    1.05 ^ _20604_/A2 (NAND2_X1)
     1    3.85    0.02    0.02    1.07 v _20604_/ZN (NAND2_X1)
                                         _14828_ (net)
                  0.02    0.00    1.07 v _30153_/B (FA_X1)
     1    4.23    0.02    0.09    1.16 v _30153_/CO (FA_X1)
                                         _14830_ (net)
                  0.02    0.00    1.16 v _30168_/CI (FA_X1)
     1    1.95    0.01    0.11    1.27 ^ _30168_/S (FA_X1)
                                         _14892_ (net)
                  0.01    0.00    1.27 ^ _21493_/A (INV_X1)
     1    2.98    0.01    0.01    1.28 v _21493_/ZN (INV_X1)
                                         _14895_ (net)
                  0.01    0.00    1.28 v _30169_/CI (FA_X1)
     1    3.79    0.02    0.09    1.37 v _30169_/S (FA_X1)
                                         _14897_ (net)
                  0.02    0.00    1.37 v _30174_/A (FA_X1)
     1    2.24    0.01    0.12    1.49 ^ _30174_/S (FA_X1)
                                         _14916_ (net)
                  0.01    0.00    1.49 ^ _21168_/A (INV_X1)
     1    3.79    0.01    0.01    1.50 v _21168_/ZN (INV_X1)
                                         _14930_ (net)
                  0.01    0.00    1.50 v _30178_/A (FA_X1)
     1    3.99    0.02    0.12    1.62 ^ _30178_/S (FA_X1)
                                         _14934_ (net)
                  0.02    0.00    1.62 ^ _30179_/A (FA_X1)
     1    1.97    0.02    0.09    1.71 v _30179_/S (FA_X1)
                                         _14937_ (net)
                  0.02    0.00    1.71 v _21495_/A (INV_X1)
     1    3.40    0.01    0.02    1.73 ^ _21495_/ZN (INV_X1)
                                         _16125_ (net)
                  0.01    0.00    1.73 ^ _30534_/A (HA_X1)
     2    4.74    0.04    0.06    1.79 ^ _30534_/S (HA_X1)
                                         _16128_ (net)
                  0.04    0.00    1.79 ^ _23568_/B2 (AOI21_X1)
     3    6.21    0.02    0.03    1.82 v _23568_/ZN (AOI21_X1)
                                         _06079_ (net)
                  0.02    0.00    1.82 v _23570_/A (AOI21_X1)
     3    6.40    0.04    0.07    1.89 ^ _23570_/ZN (AOI21_X1)
                                         _06081_ (net)
                  0.04    0.00    1.89 ^ _23655_/A4 (AND4_X1)
     2    3.65    0.02    0.07    1.96 ^ _23655_/ZN (AND4_X1)
                                         _06162_ (net)
                  0.02    0.00    1.96 ^ _23717_/A1 (NOR2_X1)
     1    1.57    0.01    0.01    1.97 v _23717_/ZN (NOR2_X1)
                                         _06222_ (net)
                  0.01    0.00    1.97 v _23718_/B2 (AOI21_X1)
     3    7.54    0.05    0.06    2.03 ^ _23718_/ZN (AOI21_X1)
                                         _06223_ (net)
                  0.05    0.00    2.03 ^ _23878_/B1 (AOI221_X1)
     2    4.31    0.02    0.04    2.07 v _23878_/ZN (AOI221_X1)
                                         _06376_ (net)
                  0.02    0.00    2.07 v _23931_/B1 (OAI21_X1)
     1    2.23    0.02    0.04    2.11 ^ _23931_/ZN (OAI21_X1)
                                         _06427_ (net)
                  0.02    0.00    2.11 ^ _23932_/B1 (AOI21_X1)
     2    4.04    0.01    0.02    2.13 v _23932_/ZN (AOI21_X1)
                                         _06428_ (net)
                  0.01    0.00    2.13 v _23933_/B (XNOR2_X1)
     1    3.94    0.02    0.05    2.18 v _23933_/ZN (XNOR2_X1)
                                         _06429_ (net)
                  0.02    0.00    2.18 v _23934_/B1 (AOI21_X1)
     2    4.52    0.03    0.04    2.22 ^ _23934_/ZN (AOI21_X1)
                                         _06430_ (net)
                  0.03    0.00    2.22 ^ _23936_/A2 (NOR3_X1)
     1    4.28    0.01    0.02    2.24 v _23936_/ZN (NOR3_X1)
                                         _06432_ (net)
                  0.01    0.00    2.24 v _23955_/A2 (NOR4_X1)
     1    7.40    0.09    0.13    2.37 ^ _23955_/ZN (NOR4_X1)
                                         _06451_ (net)
                  0.09    0.00    2.37 ^ _23960_/A1 (OR2_X1)
     4    8.93    0.02    0.05    2.42 ^ _23960_/ZN (OR2_X1)
                                         _06456_ (net)
                  0.02    0.00    2.42 ^ _23961_/A (BUF_X2)
    10   21.99    0.03    0.05    2.47 ^ _23961_/Z (BUF_X2)
                                         _06457_ (net)
                  0.03    0.00    2.47 ^ _24520_/B2 (OAI21_X1)
     1    1.27    0.02    0.02    2.49 v _24520_/ZN (OAI21_X1)
                                         _01558_ (net)
                  0.02    0.00    2.49 v gen_regfile_ff.register_file_i.rf_reg_q[350]$_DFFE_PN0P_/D (DFFR_X1)
                                  2.49   data arrival time

                  0.00    2.20    2.20   clock core_clock (rise edge)
                          0.00    2.20   clock network delay (ideal)
                          0.00    2.20   clock reconvergence pessimism
                                  2.20 ^ gen_regfile_ff.register_file_i.rf_reg_q[350]$_DFFE_PN0P_/CK (DFFR_X1)
                         -0.04    2.16   library setup time
                                  2.16   data required time
-----------------------------------------------------------------------------
                                  2.16   data required time
                                 -2.49   data arrival time
-----------------------------------------------------------------------------
                                 -0.33   slack (VIOLATED)



==========================================================================
detailed place report_checks -unconstrained
--------------------------------------------------------------------------
Startpoint: rst_ni (input port clocked by core_clock)
Endpoint: gen_regfile_ff.register_file_i.rf_reg_q[692]$_DFFE_PN0P_
          (recovery check against rising-edge clock core_clock)
Path Group: asynchronous
Path Type: max

Fanout     Cap    Slew   Delay    Time   Description
-----------------------------------------------------------------------------
                  0.00    0.00    0.00   clock core_clock (rise edge)
                          0.00    0.00   clock network delay (ideal)
                          0.44    0.44 ^ input external delay
  1658 3454.97    0.00    0.00    0.44 ^ rst_ni (in)
                                         rst_ni (net)
                  1.65    1.35    1.79 ^ gen_regfile_ff.register_file_i.rf_reg_q[692]$_DFFE_PN0P_/RN (DFFR_X1)
                                  1.79   data arrival time

                  0.00    2.20    2.20   clock core_clock (rise edge)
                          0.00    2.20   clock network delay (ideal)
                          0.00    2.20   clock reconvergence pessimism
                                  2.20 ^ gen_regfile_ff.register_file_i.rf_reg_q[692]$_DFFE_PN0P_/CK (DFFR_X1)
                         -0.34    1.86   library recovery time
                                  1.86   data required time
-----------------------------------------------------------------------------
                                  1.86   data required time
                                 -1.79   data arrival time
-----------------------------------------------------------------------------
                                  0.07   slack (MET)


Startpoint: core_clock_gate_i.en_latch$_DLATCH_N_
            (negative level-sensitive latch clocked by core_clock)
Endpoint: _29919_ (rising clock gating-check end-point clocked by core_clock)
Path Group: gated clock
Path Type: max

Fanout     Cap    Slew   Delay    Time   Description
-----------------------------------------------------------------------------
                  0.00    1.10    1.10   clock core_clock (fall edge)
                          0.00    1.10   clock network delay (ideal)
                  0.00    0.00    1.10 v core_clock_gate_i.en_latch$_DLATCH_N_/GN (DLL_X1)
     1    1.05    0.01    0.07    1.17 v core_clock_gate_i.en_latch$_DLATCH_N_/Q (DLL_X1)
                                         core_clock_gate_i.en_latch (net)
                  0.01    0.00    1.17 v _29919_/A2 (AND2_X1)
                                  1.17   data arrival time

                  0.00    2.20    2.20   clock core_clock (rise edge)
                          0.00    2.20   clock network delay (ideal)
                          0.00    2.20   clock reconvergence pessimism
                                  2.20 ^ _29919_/A1 (AND2_X1)
                          0.00    2.20   clock gating setup time
                                  2.20   data required time
-----------------------------------------------------------------------------
                                  2.20   data required time
                                 -1.17   data arrival time
-----------------------------------------------------------------------------
                                  1.03   slack (MET)


Startpoint: if_stage_i.instr_rdata_alu_id_o[20]$_DFFE_PN_
            (rising edge-triggered flip-flop clocked by core_clock)
Endpoint: gen_regfile_ff.register_file_i.rf_reg_q[350]$_DFFE_PN0P_
          (rising edge-triggered flip-flop clocked by core_clock)
Path Group: core_clock
Path Type: max

Fanout     Cap    Slew   Delay    Time   Description
-----------------------------------------------------------------------------
                  0.00    0.00    0.00   clock core_clock (rise edge)
                          0.00    0.00   clock network delay (ideal)
                  0.00    0.00    0.00 ^ if_stage_i.instr_rdata_alu_id_o[20]$_DFFE_PN_/CK (DFF_X1)
     1    3.43    0.01    0.09    0.09 ^ if_stage_i.instr_rdata_alu_id_o[20]$_DFFE_PN_/Q (DFF_X1)
                                         gen_regfile_ff.register_file_i.raddr_b_i[0] (net)
                  0.01    0.00    0.09 ^ _16524_/A (BUF_X4)
     9   25.77    0.02    0.03    0.12 ^ _16524_/Z (BUF_X4)
                                         _10708_ (net)
                  0.02    0.00    0.12 ^ _16525_/A (BUF_X4)
    10   40.97    0.02    0.04    0.16 ^ _16525_/Z (BUF_X4)
                                         _10709_ (net)
                  0.03    0.01    0.17 ^ _16526_/A (BUF_X2)
    10   38.61    0.04    0.07    0.24 ^ _16526_/Z (BUF_X2)
                                         _10710_ (net)
                  0.04    0.00    0.24 ^ _16527_/A (BUF_X2)
    19   54.45    0.06    0.09    0.33 ^ _16527_/Z (BUF_X2)
                                         _10711_ (net)
                  0.06    0.00    0.34 ^ _18242_/A (BUF_X2)
    10   18.23    0.02    0.05    0.38 ^ _18242_/Z (BUF_X2)
                                         _12359_ (net)
                  0.02    0.00    0.38 ^ _18271_/A (BUF_X2)
    10   30.96    0.04    0.06    0.44 ^ _18271_/Z (BUF_X2)
                                         _12388_ (net)
                  0.04    0.00    0.45 ^ _18325_/A (BUF_X1)
    10   30.54    0.07    0.10    0.54 ^ _18325_/Z (BUF_X1)
                                         _12440_ (net)
                  0.07    0.00    0.54 ^ _18355_/S (MUX2_X1)
     1    1.83    0.01    0.06    0.61 v _18355_/Z (MUX2_X1)
                                         _12470_ (net)
                  0.01    0.00    0.61 v _18356_/B (MUX2_X1)
     1    1.12    0.01    0.06    0.66 v _18356_/Z (MUX2_X1)
                                         _12471_ (net)
                  0.01    0.00    0.66 v _18357_/B (MUX2_X1)
     1    2.67    0.01    0.06    0.73 v _18357_/Z (MUX2_X1)
                                         _12472_ (net)
                  0.01    0.00    0.73 v _18358_/B1 (AOI21_X1)
     8   33.90    0.16    0.18    0.91 ^ _18358_/ZN (AOI21_X1)
                                         _12473_ (net)
                  0.16    0.01    0.92 ^ _20581_/A1 (AND2_X1)
     1    1.76    0.01    0.05    0.97 ^ _20581_/ZN (AND2_X1)
                                         _03899_ (net)
                  0.01    0.00    0.97 ^ _20582_/A (AOI21_X1)
     2    4.17    0.03    0.02    0.99 v _20582_/ZN (AOI21_X1)
                                         _03900_ (net)
                  0.03    0.00    0.99 v _20603_/A (INV_X1)
     7   15.99    0.04    0.06    1.05 ^ _20603_/ZN (INV_X1)
                                         _03911_ (net)
                  0.04    0.00    1.05 ^ _20604_/A2 (NAND2_X1)
     1    3.85    0.02    0.02    1.07 v _20604_/ZN (NAND2_X1)
                                         _14828_ (net)
                  0.02    0.00    1.07 v _30153_/B (FA_X1)
     1    4.23    0.02    0.09    1.16 v _30153_/CO (FA_X1)
                                         _14830_ (net)
                  0.02    0.00    1.16 v _30168_/CI (FA_X1)
     1    1.95    0.01    0.11    1.27 ^ _30168_/S (FA_X1)
                                         _14892_ (net)
                  0.01    0.00    1.27 ^ _21493_/A (INV_X1)
     1    2.98    0.01    0.01    1.28 v _21493_/ZN (INV_X1)
                                         _14895_ (net)
                  0.01    0.00    1.28 v _30169_/CI (FA_X1)
     1    3.79    0.02    0.09    1.37 v _30169_/S (FA_X1)
                                         _14897_ (net)
                  0.02    0.00    1.37 v _30174_/A (FA_X1)
     1    2.24    0.01    0.12    1.49 ^ _30174_/S (FA_X1)
                                         _14916_ (net)
                  0.01    0.00    1.49 ^ _21168_/A (INV_X1)
     1    3.79    0.01    0.01    1.50 v _21168_/ZN (INV_X1)
                                         _14930_ (net)
                  0.01    0.00    1.50 v _30178_/A (FA_X1)
     1    3.99    0.02    0.12    1.62 ^ _30178_/S (FA_X1)
                                         _14934_ (net)
                  0.02    0.00    1.62 ^ _30179_/A (FA_X1)
     1    1.97    0.02    0.09    1.71 v _30179_/S (FA_X1)
                                         _14937_ (net)
                  0.02    0.00    1.71 v _21495_/A (INV_X1)
     1    3.40    0.01    0.02    1.73 ^ _21495_/ZN (INV_X1)
                                         _16125_ (net)
                  0.01    0.00    1.73 ^ _30534_/A (HA_X1)
     2    4.74    0.04    0.06    1.79 ^ _30534_/S (HA_X1)
                                         _16128_ (net)
                  0.04    0.00    1.79 ^ _23568_/B2 (AOI21_X1)
     3    6.21    0.02    0.03    1.82 v _23568_/ZN (AOI21_X1)
                                         _06079_ (net)
                  0.02    0.00    1.82 v _23570_/A (AOI21_X1)
     3    6.40    0.04    0.07    1.89 ^ _23570_/ZN (AOI21_X1)
                                         _06081_ (net)
                  0.04    0.00    1.89 ^ _23655_/A4 (AND4_X1)
     2    3.65    0.02    0.07    1.96 ^ _23655_/ZN (AND4_X1)
                                         _06162_ (net)
                  0.02    0.00    1.96 ^ _23717_/A1 (NOR2_X1)
     1    1.57    0.01    0.01    1.97 v _23717_/ZN (NOR2_X1)
                                         _06222_ (net)
                  0.01    0.00    1.97 v _23718_/B2 (AOI21_X1)
     3    7.54    0.05    0.06    2.03 ^ _23718_/ZN (AOI21_X1)
                                         _06223_ (net)
                  0.05    0.00    2.03 ^ _23878_/B1 (AOI221_X1)
     2    4.31    0.02    0.04    2.07 v _23878_/ZN (AOI221_X1)
                                         _06376_ (net)
                  0.02    0.00    2.07 v _23931_/B1 (OAI21_X1)
     1    2.23    0.02    0.04    2.11 ^ _23931_/ZN (OAI21_X1)
                                         _06427_ (net)
                  0.02    0.00    2.11 ^ _23932_/B1 (AOI21_X1)
     2    4.04    0.01    0.02    2.13 v _23932_/ZN (AOI21_X1)
                                         _06428_ (net)
                  0.01    0.00    2.13 v _23933_/B (XNOR2_X1)
     1    3.94    0.02    0.05    2.18 v _23933_/ZN (XNOR2_X1)
                                         _06429_ (net)
                  0.02    0.00    2.18 v _23934_/B1 (AOI21_X1)
     2    4.52    0.03    0.04    2.22 ^ _23934_/ZN (AOI21_X1)
                                         _06430_ (net)
                  0.03    0.00    2.22 ^ _23936_/A2 (NOR3_X1)
     1    4.28    0.01    0.02    2.24 v _23936_/ZN (NOR3_X1)
                                         _06432_ (net)
                  0.01    0.00    2.24 v _23955_/A2 (NOR4_X1)
     1    7.40    0.09    0.13    2.37 ^ _23955_/ZN (NOR4_X1)
                                         _06451_ (net)
                  0.09    0.00    2.37 ^ _23960_/A1 (OR2_X1)
     4    8.93    0.02    0.05    2.42 ^ _23960_/ZN (OR2_X1)
                                         _06456_ (net)
                  0.02    0.00    2.42 ^ _23961_/A (BUF_X2)
    10   21.99    0.03    0.05    2.47 ^ _23961_/Z (BUF_X2)
                                         _06457_ (net)
                  0.03    0.00    2.47 ^ _24520_/B2 (OAI21_X1)
     1    1.27    0.02    0.02    2.49 v _24520_/ZN (OAI21_X1)
                                         _01558_ (net)
                  0.02    0.00    2.49 v gen_regfile_ff.register_file_i.rf_reg_q[350]$_DFFE_PN0P_/D (DFFR_X1)
                                  2.49   data arrival time

                  0.00    2.20    2.20   clock core_clock (rise edge)
                          0.00    2.20   clock network delay (ideal)
                          0.00    2.20   clock reconvergence pessimism
                                  2.20 ^ gen_regfile_ff.register_file_i.rf_reg_q[350]$_DFFE_PN0P_/CK (DFFR_X1)
                         -0.04    2.16   library setup time
                                  2.16   data required time
-----------------------------------------------------------------------------
                                  2.16   data required time
                                 -2.49   data arrival time
-----------------------------------------------------------------------------
                                 -0.33   slack (VIOLATED)



==========================================================================
detailed place report_check_types -max_slew -max_cap -max_fanout -violators
--------------------------------------------------------------------------
max slew

Pin                                    Limit    Slew   Slack
------------------------------------------------------------
_20440_/ZN                              0.20    0.26   -0.07 (VIOLATED)
_24776_/ZN                              0.20    0.21   -0.01 (VIOLATED)

max capacitance

Pin                                    Limit     Cap   Slack
------------------------------------------------------------
_20440_/ZN                             10.47   26.25  -15.78 (VIOLATED)
_17048_/Z                              25.33   39.15  -13.82 (VIOLATED)
_24776_/ZN                             16.02   28.65  -12.63 (VIOLATED)
_22284_/ZN                             23.23   33.71  -10.47 (VIOLATED)
_22217_/ZN                             23.23   33.66  -10.43 (VIOLATED)
_18471_/ZN                             25.33   35.05   -9.72 (VIOLATED)
_22089_/ZN                             23.23   32.92   -9.69 (VIOLATED)
_19183_/ZN                             26.70   36.12   -9.41 (VIOLATED)
_20328_/ZN                             16.02   25.36   -9.33 (VIOLATED)
_19731_/ZN                             26.02   35.05   -9.03 (VIOLATED)
_18358_/ZN                             25.33   33.90   -8.57 (VIOLATED)
_19553_/ZN                             26.02   34.09   -8.08 (VIOLATED)
_18429_/ZN                             26.02   34.01   -7.99 (VIOLATED)
_18225_/ZN                             26.02   33.85   -7.83 (VIOLATED)
_22344_/ZN                             23.23   30.89   -7.66 (VIOLATED)
_22176_/ZN                             23.23   30.80   -7.57 (VIOLATED)
_22052_/ZN                             23.23   30.53   -7.30 (VIOLATED)
_22911_/ZN                             10.47   17.64   -7.17 (VIOLATED)
_25831_/ZN                             10.47   17.51   -7.04 (VIOLATED)
_19370_/ZN                             26.02   32.88   -6.87 (VIOLATED)
_20147_/ZN                             10.47   17.17   -6.70 (VIOLATED)
_20319_/Z                              25.33   31.87   -6.54 (VIOLATED)
_22073_/ZN                             23.23   29.76   -6.53 (VIOLATED)
_18417_/ZN                             26.02   32.29   -6.27 (VIOLATED)
_27512_/ZN                             23.23   29.44   -6.21 (VIOLATED)
_20318_/Z                              25.33   31.51   -6.18 (VIOLATED)
_19924_/ZN                             25.33   31.42   -6.09 (VIOLATED)
_20890_/ZN                             16.02   21.89   -5.86 (VIOLATED)
_18303_/ZN                             25.33   30.95   -5.62 (VIOLATED)
_22133_/ZN                             23.23   28.73   -5.50 (VIOLATED)
_18977_/ZN                             26.02   31.31   -5.30 (VIOLATED)
_20352_/ZN                             16.02   20.99   -4.97 (VIOLATED)
_18215_/ZN                             26.02   30.97   -4.95 (VIOLATED)
_17534_/ZN                             13.81   18.67   -4.86 (VIOLATED)
_18615_/ZN                             28.99   33.46   -4.47 (VIOLATED)
_18028_/ZN                             26.02   30.21   -4.20 (VIOLATED)
_27504_/ZN                             23.23   27.18   -3.95 (VIOLATED)
_18055_/ZN                             28.99   32.50   -3.50 (VIOLATED)
_23513_/ZN                             13.81   17.07   -3.26 (VIOLATED)
_19384_/ZN                             26.70   29.39   -2.69 (VIOLATED)
_19863_/ZN                             25.33   27.58   -2.25 (VIOLATED)
_23322_/ZN                             10.47   12.68   -2.21 (VIOLATED)
_27740_/ZN                             10.47   12.35   -1.87 (VIOLATED)
_17229_/ZN                             16.02   17.78   -1.76 (VIOLATED)
_22868_/ZN                             10.47   12.00   -1.52 (VIOLATED)
_27522_/ZN                             23.23   24.66   -1.43 (VIOLATED)
_20148_/ZN                             10.47   11.90   -1.43 (VIOLATED)
_22301_/ZN                             10.47   11.88   -1.41 (VIOLATED)
_19965_/ZN                             25.33   26.16   -0.83 (VIOLATED)
_19781_/ZN                             25.33   26.10   -0.77 (VIOLATED)
_17917_/ZN                             25.33   26.08   -0.75 (VIOLATED)
_22831_/ZN                             10.47   11.05   -0.57 (VIOLATED)
_21836_/ZN                             10.47   11.04   -0.57 (VIOLATED)
_23367_/ZN                             16.02   16.56   -0.53 (VIOLATED)
_24996_/ZN                             26.70   27.24   -0.53 (VIOLATED)
_22195_/ZN                             16.02   16.39   -0.37 (VIOLATED)
_19421_/ZN                             25.33   25.50   -0.17 (VIOLATED)


==========================================================================
detailed place max_slew_check_slack
--------------------------------------------------------------------------
-0.06596457213163376

==========================================================================
detailed place max_slew_check_limit
--------------------------------------------------------------------------
0.1985349953174591

==========================================================================
detailed place max_slew_check_slack_limit
--------------------------------------------------------------------------
-0.3323

==========================================================================
detailed place max_fanout_check_slack
--------------------------------------------------------------------------
1.0000000150474662e+30

==========================================================================
detailed place max_fanout_check_limit
--------------------------------------------------------------------------
1.0000000150474662e+30

==========================================================================
detailed place max_capacitance_check_slack
--------------------------------------------------------------------------
-15.775490760803223

==========================================================================
detailed place max_capacitance_check_limit
--------------------------------------------------------------------------
10.47130012512207

==========================================================================
detailed place max_capacitance_check_slack_limit
--------------------------------------------------------------------------
-1.5065

==========================================================================
detailed place max_slew_violation_count
--------------------------------------------------------------------------
max slew violation count 2

==========================================================================
detailed place max_fanout_violation_count
--------------------------------------------------------------------------
max fanout violation count 0

==========================================================================
detailed place max_cap_violation_count
--------------------------------------------------------------------------
max cap violation count 57

==========================================================================
detailed place setup_violation_count
--------------------------------------------------------------------------
setup violation count 1147

==========================================================================
detailed place hold_violation_count
--------------------------------------------------------------------------
hold violation count 1340

==========================================================================
detailed place report_checks -path_delay max reg to reg
--------------------------------------------------------------------------
Startpoint: if_stage_i.instr_rdata_alu_id_o[20]$_DFFE_PN_
            (rising edge-triggered flip-flop clocked by core_clock)
Endpoint: gen_regfile_ff.register_file_i.rf_reg_q[350]$_DFFE_PN0P_
          (rising edge-triggered flip-flop clocked by core_clock)
Path Group: core_clock
Path Type: max

  Delay    Time   Description
---------------------------------------------------------
   0.00    0.00   clock core_clock (rise edge)
   0.00    0.00   clock network delay (ideal)
   0.00    0.00 ^ if_stage_i.instr_rdata_alu_id_o[20]$_DFFE_PN_/CK (DFF_X1)
   0.09    0.09 ^ if_stage_i.instr_rdata_alu_id_o[20]$_DFFE_PN_/Q (DFF_X1)
   0.03    0.12 ^ _16524_/Z (BUF_X4)
   0.04    0.16 ^ _16525_/Z (BUF_X4)
   0.08    0.24 ^ _16526_/Z (BUF_X2)
   0.09    0.33 ^ _16527_/Z (BUF_X2)
   0.05    0.38 ^ _18242_/Z (BUF_X2)
   0.06    0.44 ^ _18271_/Z (BUF_X2)
   0.10    0.54 ^ _18325_/Z (BUF_X1)
   0.07    0.61 v _18355_/Z (MUX2_X1)
   0.06    0.66 v _18356_/Z (MUX2_X1)
   0.06    0.73 v _18357_/Z (MUX2_X1)
   0.18    0.91 ^ _18358_/ZN (AOI21_X1)
   0.07    0.97 ^ _20581_/ZN (AND2_X1)
   0.02    0.99 v _20582_/ZN (AOI21_X1)
   0.06    1.05 ^ _20603_/ZN (INV_X1)
   0.03    1.07 v _20604_/ZN (NAND2_X1)
   0.09    1.16 v _30153_/CO (FA_X1)
   0.11    1.27 ^ _30168_/S (FA_X1)
   0.01    1.28 v _21493_/ZN (INV_X1)
   0.09    1.37 v _30169_/S (FA_X1)
   0.12    1.49 ^ _30174_/S (FA_X1)
   0.01    1.50 v _21168_/ZN (INV_X1)
   0.12    1.62 ^ _30178_/S (FA_X1)
   0.09    1.71 v _30179_/S (FA_X1)
   0.02    1.73 ^ _21495_/ZN (INV_X1)
   0.06    1.79 ^ _30534_/S (HA_X1)
   0.03    1.82 v _23568_/ZN (AOI21_X1)
   0.07    1.89 ^ _23570_/ZN (AOI21_X1)
   0.07    1.96 ^ _23655_/ZN (AND4_X1)
   0.01    1.97 v _23717_/ZN (NOR2_X1)
   0.06    2.03 ^ _23718_/ZN (AOI21_X1)
   0.04    2.07 v _23878_/ZN (AOI221_X1)
   0.04    2.11 ^ _23931_/ZN (OAI21_X1)
   0.02    2.13 v _23932_/ZN (AOI21_X1)
   0.05    2.18 v _23933_/ZN (XNOR2_X1)
   0.04    2.22 ^ _23934_/ZN (AOI21_X1)
   0.02    2.24 v _23936_/ZN (NOR3_X1)
   0.13    2.37 ^ _23955_/ZN (NOR4_X1)
   0.05    2.42 ^ _23960_/ZN (OR2_X1)
   0.05    2.47 ^ _23961_/Z (BUF_X2)
   0.02    2.49 v _24520_/ZN (OAI21_X1)
   0.00    2.49 v gen_regfile_ff.register_file_i.rf_reg_q[350]$_DFFE_PN0P_/D (DFFR_X1)
           2.49   data arrival time

   2.20    2.20   clock core_clock (rise edge)
   0.00    2.20   clock network delay (ideal)
   0.00    2.20   clock reconvergence pessimism
           2.20 ^ gen_regfile_ff.register_file_i.rf_reg_q[350]$_DFFE_PN0P_/CK (DFFR_X1)
  -0.04    2.16   library setup time
           2.16   data required time
---------------------------------------------------------
           2.16   data required time
          -2.49   data arrival time
---------------------------------------------------------
          -0.33   slack (VIOLATED)



==========================================================================
detailed place report_checks -path_delay min reg to reg
--------------------------------------------------------------------------
Startpoint: load_store_unit_i.data_we_q$_DFFE_PN0P_
            (rising edge-triggered flip-flop clocked by core_clock)
Endpoint: id_stage_i.controller_i.store_err_q$_DFF_PN0_
          (rising edge-triggered flip-flop clocked by core_clock)
Path Group: core_clock
Path Type: min

  Delay    Time   Description
---------------------------------------------------------
   0.00    0.00   clock core_clock (rise edge)
   0.00    0.00   clock network delay (ideal)
   0.00    0.00 ^ load_store_unit_i.data_we_q$_DFFE_PN0P_/CK (DFFR_X1)
   0.07    0.07 ^ load_store_unit_i.data_we_q$_DFFE_PN0P_/QN (DFFR_X1)
   0.02    0.09 v _20134_/ZN (NOR3_X1)
   0.00    0.09 v id_stage_i.controller_i.store_err_q$_DFF_PN0_/D (DFFR_X1)
           0.09   data arrival time

   0.00    0.00   clock core_clock (rise edge)
   0.00    0.00   clock network delay (ideal)
   0.00    0.00   clock reconvergence pessimism
           0.00 ^ id_stage_i.controller_i.store_err_q$_DFF_PN0_/CK (DFFR_X1)
   0.00    0.00   library hold time
           0.00   data required time
---------------------------------------------------------
           0.00   data required time
          -0.09   data arrival time
---------------------------------------------------------
           0.08   slack (MET)



==========================================================================
detailed place critical path target clock latency max path
--------------------------------------------------------------------------
0.0000

==========================================================================
detailed place critical path target clock latency min path
--------------------------------------------------------------------------
0.0000

==========================================================================
detailed place critical path source clock latency min path
--------------------------------------------------------------------------
0.0000

==========================================================================
detailed place critical path delay
--------------------------------------------------------------------------
2.4894

==========================================================================
detailed place critical path slack
--------------------------------------------------------------------------
-0.3328

==========================================================================
detailed place slack div critical path delay
--------------------------------------------------------------------------
-13.368683

==========================================================================
detailed place report_power
--------------------------------------------------------------------------
Group                  Internal  Switching    Leakage      Total
                          Power      Power      Power      Power (Watts)
----------------------------------------------------------------
Sequential             1.14e-02   1.44e-03   1.56e-04   1.29e-02  16.7%
Combinational          2.98e-02   3.39e-02   4.29e-04   6.42e-02  82.8%
Clock                  1.63e-06   3.75e-04   2.97e-08   3.76e-04   0.5%
Macro                  0.00e+00   0.00e+00   0.00e+00   0.00e+00   0.0%
Pad                    0.00e+00   0.00e+00   0.00e+00   0.00e+00   0.0%
----------------------------------------------------------------
Total                  4.12e-02   3.57e-02   5.85e-04   7.75e-02 100.0%
                          53.1%      46.1%       0.8%
