
==========================================================================
global place report_tns
--------------------------------------------------------------------------
tns -34524.71

==========================================================================
global place report_wns
--------------------------------------------------------------------------
wns -203.34

==========================================================================
global place report_worst_slack
--------------------------------------------------------------------------
worst slack -203.34

==========================================================================
global place report_checks -path_delay min
--------------------------------------------------------------------------
Startpoint: rst_ni (input port clocked by core_clock)
Endpoint: cs_registers_i.mcycle_counter_i.counter_q[13]$_DFFE_PN0P_
          (removal check against rising-edge clock core_clock)
Path Group: asynchronous
Path Type: min

Fanout     Cap    Slew   Delay    Time   Description
-----------------------------------------------------------------------------
                  0.00    0.00    0.00   clock core_clock (rise edge)
                          0.00    0.00   clock network delay (ideal)
                        252.00  252.00 ^ input external delay
    64   69.11    0.00    0.00  252.00 ^ rst_ni (in)
                                         rst_ni (net)
                 43.43   13.70  265.70 ^ cs_registers_i.mcycle_counter_i.counter_q[13]$_DFFE_PN0P_/SETN (DFFASRHQNx1_ASAP7_75t_R)
                                265.70   data arrival time

                  0.00    0.00    0.00   clock core_clock (rise edge)
                          0.00    0.00   clock network delay (ideal)
                          0.00    0.00   clock reconvergence pessimism
                                  0.00 ^ cs_registers_i.mcycle_counter_i.counter_q[13]$_DFFE_PN0P_/CLK (DFFASRHQNx1_ASAP7_75t_R)
                         10.94   10.94   library removal time
                                 10.94   data required time
-----------------------------------------------------------------------------
                                 10.94   data required time
                               -265.70   data arrival time
-----------------------------------------------------------------------------
                                254.76   slack (MET)


Startpoint: core_clock_gate_i.en_latch$_DLATCH_N_
            (negative level-sensitive latch clocked by core_clock)
Endpoint: _35046_ (rising clock gating-check end-point clocked by core_clock)
Path Group: gated clock
Path Type: min

Fanout     Cap    Slew   Delay    Time   Description
-----------------------------------------------------------------------------
                  0.00  630.00  630.00   clock core_clock (fall edge)
                          0.00  630.00   clock network delay (ideal)
                  0.00    0.00  630.00 v core_clock_gate_i.en_latch$_DLATCH_N_/CLK (DLLx1_ASAP7_75t_R)
     1    0.33    6.25   17.30  647.30 ^ core_clock_gate_i.en_latch$_DLATCH_N_/Q (DLLx1_ASAP7_75t_R)
                                         core_clock_gate_i.en_latch (net)
                  6.25    0.00  647.30 ^ _35046_/B (AND2x2_ASAP7_75t_R)
                                647.30   data arrival time

                  0.00  630.00  630.00   clock core_clock (fall edge)
                          0.00  630.00   clock network delay (ideal)
                          0.00  630.00   clock reconvergence pessimism
                                630.00 v _35046_/A (AND2x2_ASAP7_75t_R)
                          0.00  630.00   clock gating hold time
                                630.00   data required time
-----------------------------------------------------------------------------
                                630.00   data required time
                               -647.30   data arrival time
-----------------------------------------------------------------------------
                                 17.30   slack (MET)


Startpoint: gen_regfile_ff.register_file_i.rf_reg_q[168]$_DFFE_PN0P_
            (rising edge-triggered flip-flop clocked by core_clock)
Endpoint: gen_regfile_ff.register_file_i.rf_reg_q[168]$_DFFE_PN0P_
          (rising edge-triggered flip-flop clocked by core_clock)
Path Group: core_clock
Path Type: min

Fanout     Cap    Slew   Delay    Time   Description
-----------------------------------------------------------------------------
                  0.00    0.00    0.00   clock core_clock (rise edge)
                          0.00    0.00   clock network delay (ideal)
                  0.00    0.00    0.00 ^ gen_regfile_ff.register_file_i.rf_reg_q[168]$_DFFE_PN0P_/CLK (DFFASRHQNx1_ASAP7_75t_R)
     2    1.63   19.52   39.71   39.71 ^ gen_regfile_ff.register_file_i.rf_reg_q[168]$_DFFE_PN0P_/QN (DFFASRHQNx1_ASAP7_75t_R)
                                         _00667_ (net)
                 19.52    0.02   39.74 ^ _29815_/A1 (OAI21x1_ASAP7_75t_R)
     1    0.58    5.86    7.15   46.89 v _29815_/Y (OAI21x1_ASAP7_75t_R)
                                         _02933_ (net)
                  5.86    0.00   46.89 v gen_regfile_ff.register_file_i.rf_reg_q[168]$_DFFE_PN0P_/D (DFFASRHQNx1_ASAP7_75t_R)
                                 46.89   data arrival time

                  0.00    0.00    0.00   clock core_clock (rise edge)
                          0.00    0.00   clock network delay (ideal)
                          0.00    0.00   clock reconvergence pessimism
                                  0.00 ^ gen_regfile_ff.register_file_i.rf_reg_q[168]$_DFFE_PN0P_/CLK (DFFASRHQNx1_ASAP7_75t_R)
                          9.31    9.31   library hold time
                                  9.31   data required time
-----------------------------------------------------------------------------
                                  9.31   data required time
                                -46.89   data arrival time
-----------------------------------------------------------------------------
                                 37.58   slack (MET)



==========================================================================
global place report_checks -path_delay max
--------------------------------------------------------------------------
Startpoint: rst_ni (input port clocked by core_clock)
Endpoint: gen_regfile_ff.register_file_i.rf_reg_q[936]$_DFFE_PN0P_
          (recovery check against rising-edge clock core_clock)
Path Group: asynchronous
Path Type: max

Fanout     Cap    Slew   Delay    Time   Description
-----------------------------------------------------------------------------
                  0.00    0.00    0.00   clock core_clock (rise edge)
                          0.00    0.00   clock network delay (ideal)
                        252.00  252.00 ^ input external delay
    64   86.54    0.00    0.00  252.00 ^ rst_ni (in)
                                         rst_ni (net)
                 79.56   25.10  277.10 ^ load_slew47/A (BUFx16f_ASAP7_75t_R)
    69   90.24   53.24   36.62  313.72 ^ load_slew47/Y (BUFx16f_ASAP7_75t_R)
                                         net69 (net)
                 64.38   12.21  325.93 ^ load_slew46/A (BUFx24_ASAP7_75t_R)
    88  117.61   52.29   35.85  361.78 ^ load_slew46/Y (BUFx24_ASAP7_75t_R)
                                         net68 (net)
                125.04   36.57  398.35 ^ load_slew45/A (BUFx16f_ASAP7_75t_R)
    52   73.10   44.19   38.81  437.17 ^ load_slew45/Y (BUFx16f_ASAP7_75t_R)
                                         net67 (net)
                 51.88    9.13  446.30 ^ load_slew44/A (BUFx24_ASAP7_75t_R)
    84  113.44   53.70   35.46  481.76 ^ load_slew44/Y (BUFx24_ASAP7_75t_R)
                                         net66 (net)
                 84.19   20.68  502.43 ^ load_slew41/A (BUFx24_ASAP7_75t_R)
    89  116.65   53.94   43.08  545.51 ^ load_slew41/Y (BUFx24_ASAP7_75t_R)
                                         net63 (net)
                 98.63   26.31  571.82 ^ load_slew40/A (BUFx24_ASAP7_75t_R)
   102  130.05   61.97   44.14  615.96 ^ load_slew40/Y (BUFx24_ASAP7_75t_R)
                                         net62 (net)
                122.57   34.92  650.87 ^ gen_regfile_ff.register_file_i.rf_reg_q[936]$_DFFE_PN0P_/SETN (DFFASRHQNx1_ASAP7_75t_R)
                                650.87   data arrival time

                  0.00 1260.00 1260.00   clock core_clock (rise edge)
                          0.00 1260.00   clock network delay (ideal)
                          0.00 1260.00   clock reconvergence pessimism
                               1260.00 ^ gen_regfile_ff.register_file_i.rf_reg_q[936]$_DFFE_PN0P_/CLK (DFFASRHQNx1_ASAP7_75t_R)
                        -12.41 1247.59   library recovery time
                               1247.59   data required time
-----------------------------------------------------------------------------
                               1247.59   data required time
                               -650.87   data arrival time
-----------------------------------------------------------------------------
                                596.71   slack (MET)


Startpoint: core_clock_gate_i.en_latch$_DLATCH_N_
            (negative level-sensitive latch clocked by core_clock)
Endpoint: _35046_ (rising clock gating-check end-point clocked by core_clock)
Path Group: gated clock
Path Type: max

Fanout     Cap    Slew   Delay    Time   Description
-----------------------------------------------------------------------------
                  0.00  630.00  630.00   clock core_clock (fall edge)
                          0.00  630.00   clock network delay (ideal)
                  0.00    0.00  630.00 v core_clock_gate_i.en_latch$_DLATCH_N_/CLK (DLLx1_ASAP7_75t_R)
     1    0.58    7.58   27.19  657.19 v core_clock_gate_i.en_latch$_DLATCH_N_/Q (DLLx1_ASAP7_75t_R)
                                         core_clock_gate_i.en_latch (net)
                  7.58    0.00  657.19 v _35046_/B (AND2x2_ASAP7_75t_R)
                                657.19   data arrival time

                  0.00 1260.00 1260.00   clock core_clock (rise edge)
                          0.00 1260.00   clock network delay (ideal)
                          0.00 1260.00   clock reconvergence pessimism
                               1260.00 ^ _35046_/A (AND2x2_ASAP7_75t_R)
                          0.00 1260.00   clock gating setup time
                               1260.00   data required time
-----------------------------------------------------------------------------
                               1260.00   data required time
                               -657.19   data arrival time
-----------------------------------------------------------------------------
                                602.81   slack (MET)


Startpoint: if_stage_i.instr_rdata_alu_id_o[20]$_DFFE_PN_
            (rising edge-triggered flip-flop clocked by core_clock)
Endpoint: gen_regfile_ff.register_file_i.rf_reg_q[767]$_DFFE_PN0P_
          (rising edge-triggered flip-flop clocked by core_clock)
Path Group: core_clock
Path Type: max

Fanout     Cap    Slew   Delay    Time   Description
-----------------------------------------------------------------------------
                  0.00    0.00    0.00   clock core_clock (rise edge)
                          0.00    0.00   clock network delay (ideal)
                  0.00    0.00    0.00 ^ if_stage_i.instr_rdata_alu_id_o[20]$_DFFE_PN_/CLK (DFFHQNx2_ASAP7_75t_R)
     6    6.45   31.72   48.68   48.68 ^ if_stage_i.instr_rdata_alu_id_o[20]$_DFFE_PN_/QN (DFFHQNx2_ASAP7_75t_R)
                                         _00368_ (net)
                 31.80    0.83   49.51 ^ _19195_/A (INVx2_ASAP7_75t_R)
     4    3.74   16.71   13.00   62.51 v _19195_/Y (INVx2_ASAP7_75t_R)
                                         _13466_ (net)
                 16.71    0.06   62.57 v _19196_/A (BUFx6f_ASAP7_75t_R)
     6    5.67    8.73   16.77   79.34 v _19196_/Y (BUFx6f_ASAP7_75t_R)
                                         _13467_ (net)
                  8.79    0.38   79.72 v _19197_/A (BUFx3_ASAP7_75t_R)
     6    4.53   11.15   16.51   96.23 v _19197_/Y (BUFx3_ASAP7_75t_R)
                                         _13468_ (net)
                 11.15    0.01   96.24 v _19198_/A (BUFx6f_ASAP7_75t_R)
     6    6.91   10.10   15.41  111.65 v _19198_/Y (BUFx6f_ASAP7_75t_R)
                                         _13469_ (net)
                 10.87    1.46  113.11 v _19199_/A (BUFx6f_ASAP7_75t_R)
     6    9.27   12.40   16.37  129.48 v _19199_/Y (BUFx6f_ASAP7_75t_R)
                                         _13470_ (net)
                 13.36    1.83  131.31 v _21321_/A (BUFx6f_ASAP7_75t_R)
     6    7.26   10.07   16.53  147.84 v _21321_/Y (BUFx6f_ASAP7_75t_R)
                                         _15518_ (net)
                 10.07    0.09  147.93 v clone18/A (BUFx2_ASAP7_75t_R)
     6    4.89   15.85   19.84  167.77 v clone18/Y (BUFx2_ASAP7_75t_R)
                                         net18 (net)
                 15.85    0.11  167.88 v _21567_/A (BUFx3_ASAP7_75t_R)
     5    5.46   12.76   19.52  187.40 v _21567_/Y (BUFx3_ASAP7_75t_R)
                                         _15758_ (net)
                 12.78    0.28  187.68 v _22371_/C (OA211x2_ASAP7_75t_R)
     1    0.65    9.13   27.97  215.65 v _22371_/Y (OA211x2_ASAP7_75t_R)
                                         _16538_ (net)
                  9.13    0.01  215.66 v _22376_/B (OR3x1_ASAP7_75t_R)
     1    1.88   16.51   27.94  243.60 v _22376_/Y (OR3x1_ASAP7_75t_R)
                                         _16543_ (net)
                 16.53    0.29  243.89 v _22377_/B (OA21x2_ASAP7_75t_R)
     1    1.06    7.11   15.57  259.46 v _22377_/Y (OA21x2_ASAP7_75t_R)
                                         _16544_ (net)
                  7.11    0.07  259.52 v _22393_/A2 (AO21x1_ASAP7_75t_R)
     1    1.09    9.01   15.22  274.74 v _22393_/Y (AO21x1_ASAP7_75t_R)
                                         _16560_ (net)
                  9.01    0.00  274.75 v _22425_/A2 (OAI21x1_ASAP7_75t_R)
     8    8.49   57.93   27.33  302.08 ^ _22425_/Y (OAI21x1_ASAP7_75t_R)
                                         _16592_ (net)
                 58.06    1.58  303.66 ^ _24194_/B (NOR2x1_ASAP7_75t_R)
     1    0.65   15.90   14.55  318.21 v _24194_/Y (NOR2x1_ASAP7_75t_R)
                                         _05201_ (net)
                 15.90    0.00  318.22 v _24195_/B (AO21x2_ASAP7_75t_R)
     8    5.92   20.80   26.94  345.16 v _24195_/Y (AO21x2_ASAP7_75t_R)
                                         _05202_ (net)
                 21.01    1.16  346.32 v _24442_/A (AND2x2_ASAP7_75t_R)
     1    1.70    8.97   22.93  369.24 v _24442_/Y (AND2x2_ASAP7_75t_R)
                                         _17911_ (net)
                  8.97    0.03  369.27 v _35401_/CI (FAx1_ASAP7_75t_R)
     8   16.87  253.42  115.54  484.81 ^ _35401_/CON (FAx1_ASAP7_75t_R)
                                         _17962_ (net)
     4    7.64  177.69   90.35  575.15 v _35401_/SN (FAx1_ASAP7_75t_R)
                                         _17914_ (net)
                177.70    0.40  575.55 v _35040_/A (INVx2_ASAP7_75t_R)
     2    3.68   40.83   31.79  607.34 ^ _35040_/Y (INVx2_ASAP7_75t_R)
                                         _17913_ (net)
                 40.83    0.02  607.36 ^ _35461_/CI (FAx1_ASAP7_75t_R)
     7   12.21  194.01  207.54  814.90 v _35461_/SN (FAx1_ASAP7_75t_R)
                                         _18080_ (net)
                194.01    0.26  815.16 v _35462_/A (FAx1_ASAP7_75t_R)
     1    2.37   77.05   61.43  876.59 ^ _35462_/CON (FAx1_ASAP7_75t_R)
                                         _18122_ (net)
     1    0.81   57.68   20.97  897.56 v _35462_/SN (FAx1_ASAP7_75t_R)
                                         _18479_ (net)
                 57.68    0.02  897.58 v _34879_/A (INVx1_ASAP7_75t_R)
     1    2.04   25.67   20.67  918.25 ^ _34879_/Y (INVx1_ASAP7_75t_R)
                                         _18081_ (net)
                 25.67    0.02  918.27 ^ _35463_/A (FAx1_ASAP7_75t_R)
     1    0.73   23.62   37.05  955.32 v _35463_/SN (FAx1_ASAP7_75t_R)
                                         _18480_ (net)
                 23.62    0.01  955.32 v _34816_/A (INVx1_ASAP7_75t_R)
     1    1.73   16.37   13.21  968.53 ^ _34816_/Y (INVx1_ASAP7_75t_R)
                                         _18083_ (net)
                 16.37    0.04  968.57 ^ _35467_/CI (FAx1_ASAP7_75t_R)
     1    0.78   26.63   34.59 1003.16 v _35467_/SN (FAx1_ASAP7_75t_R)
                                         _18484_ (net)
                 26.63    0.01 1003.17 v _34856_/A (INVx1_ASAP7_75t_R)
     1    2.31   20.27   15.83 1019.00 ^ _34856_/Y (INVx1_ASAP7_75t_R)
                                         _18092_ (net)
                 20.27    0.06 1019.06 ^ _35468_/B (FAx1_ASAP7_75t_R)
     1    1.29   35.26   43.40 1062.46 v _35468_/SN (FAx1_ASAP7_75t_R)
                                         _18486_ (net)
                 35.26    0.06 1062.52 v _35578_/B (HAxp5_ASAP7_75t_R)
     4    3.70   76.04   70.10 1132.62 v _35578_/SN (HAxp5_ASAP7_75t_R)
                                         _00252_ (net)
                 76.04    0.03 1132.65 v _29453_/B (AO21x1_ASAP7_75t_R)
     1    0.67    8.43   25.60 1158.25 v _29453_/Y (AO21x1_ASAP7_75t_R)
                                         _09481_ (net)
                  8.43    0.00 1158.25 v _29454_/A2 (AO21x1_ASAP7_75t_R)
     2    1.17   10.37   15.80 1174.05 v _29454_/Y (AO21x1_ASAP7_75t_R)
                                         _09482_ (net)
                 10.37    0.02 1174.07 v _29488_/A2 (AO21x1_ASAP7_75t_R)
     1    0.73    8.30   15.03 1189.10 v _29488_/Y (AO21x1_ASAP7_75t_R)
                                         _09514_ (net)
                  8.30    0.01 1189.11 v _29489_/A2 (AO21x1_ASAP7_75t_R)
     2    1.16   10.29   15.75 1204.86 v _29489_/Y (AO21x1_ASAP7_75t_R)
                                         _09515_ (net)
                 10.29    0.00 1204.87 v _29532_/A2 (AO21x1_ASAP7_75t_R)
     1    0.59    7.60   14.58 1219.45 v _29532_/Y (AO21x1_ASAP7_75t_R)
                                         _09557_ (net)
                  7.60    0.01 1219.46 v _29536_/A2 (AO221x1_ASAP7_75t_R)
     2    2.46   17.82   27.18 1246.64 v _29536_/Y (AO221x1_ASAP7_75t_R)
                                         _09561_ (net)
                 17.83    0.06 1246.70 v _29607_/A1 (OA21x2_ASAP7_75t_R)
     4    4.67   16.90   24.59 1271.29 v _29607_/Y (OA21x2_ASAP7_75t_R)
                                         _09630_ (net)
                 16.95    0.54 1271.82 v _29608_/D (OR4x1_ASAP7_75t_R)
     1    0.63   12.62   32.29 1304.11 v _29608_/Y (OR4x1_ASAP7_75t_R)
                                         _09631_ (net)
                 12.62    0.01 1304.12 v _29613_/B (AND4x2_ASAP7_75t_R)
     2    3.43   13.57   19.99 1324.11 v _29613_/Y (AND4x2_ASAP7_75t_R)
                                         _09636_ (net)
                 13.74    0.83 1324.94 v _29616_/B (OR5x1_ASAP7_75t_R)
     1    1.09   15.30   36.89 1361.83 v _29616_/Y (OR5x1_ASAP7_75t_R)
                                         _09639_ (net)
                 15.30    0.01 1361.83 v _29617_/C (AOI211x1_ASAP7_75t_R)
     1    0.67   14.77   11.02 1372.85 ^ _29617_/Y (AOI211x1_ASAP7_75t_R)
                                         _09640_ (net)
                 14.77    0.00 1372.85 ^ _29620_/A2 (OA21x2_ASAP7_75t_R)
     1    4.65   19.32   22.50 1395.36 ^ _29620_/Y (OA21x2_ASAP7_75t_R)
                                         _09643_ (net)
                 19.73    1.55 1396.91 ^ _29624_/B (NOR2x2_ASAP7_75t_R)
     7    8.43   31.08   19.16 1416.07 v _29624_/Y (NOR2x2_ASAP7_75t_R)
                                         _09647_ (net)
                 32.00    2.92 1418.99 v clone7/A (BUFx3_ASAP7_75t_R)
     5    4.31   11.54   22.58 1441.57 v clone7/Y (BUFx3_ASAP7_75t_R)
                                         net7 (net)
                 11.58    0.37 1441.95 v _31387_/A1 (AO21x1_ASAP7_75t_R)
     1    0.66    6.84   16.03 1457.97 v _31387_/Y (AO21x1_ASAP7_75t_R)
                                         _03598_ (net)
                  6.84    0.00 1457.98 v gen_regfile_ff.register_file_i.rf_reg_q[767]$_DFFE_PN0P_/D (DFFASRHQNx1_ASAP7_75t_R)
                               1457.98   data arrival time

                  0.00 1260.00 1260.00   clock core_clock (rise edge)
                          0.00 1260.00   clock network delay (ideal)
                          0.00 1260.00   clock reconvergence pessimism
                               1260.00 ^ gen_regfile_ff.register_file_i.rf_reg_q[767]$_DFFE_PN0P_/CLK (DFFASRHQNx1_ASAP7_75t_R)
                         -5.37 1254.63   library setup time
                               1254.63   data required time
-----------------------------------------------------------------------------
                               1254.63   data required time
                               -1457.98   data arrival time
-----------------------------------------------------------------------------
                               -203.34   slack (VIOLATED)



==========================================================================
global place report_checks -unconstrained
--------------------------------------------------------------------------
Startpoint: rst_ni (input port clocked by core_clock)
Endpoint: gen_regfile_ff.register_file_i.rf_reg_q[936]$_DFFE_PN0P_
          (recovery check against rising-edge clock core_clock)
Path Group: asynchronous
Path Type: max

Fanout     Cap    Slew   Delay    Time   Description
-----------------------------------------------------------------------------
                  0.00    0.00    0.00   clock core_clock (rise edge)
                          0.00    0.00   clock network delay (ideal)
                        252.00  252.00 ^ input external delay
    64   86.54    0.00    0.00  252.00 ^ rst_ni (in)
                                         rst_ni (net)
                 79.56   25.10  277.10 ^ load_slew47/A (BUFx16f_ASAP7_75t_R)
    69   90.24   53.24   36.62  313.72 ^ load_slew47/Y (BUFx16f_ASAP7_75t_R)
                                         net69 (net)
                 64.38   12.21  325.93 ^ load_slew46/A (BUFx24_ASAP7_75t_R)
    88  117.61   52.29   35.85  361.78 ^ load_slew46/Y (BUFx24_ASAP7_75t_R)
                                         net68 (net)
                125.04   36.57  398.35 ^ load_slew45/A (BUFx16f_ASAP7_75t_R)
    52   73.10   44.19   38.81  437.17 ^ load_slew45/Y (BUFx16f_ASAP7_75t_R)
                                         net67 (net)
                 51.88    9.13  446.30 ^ load_slew44/A (BUFx24_ASAP7_75t_R)
    84  113.44   53.70   35.46  481.76 ^ load_slew44/Y (BUFx24_ASAP7_75t_R)
                                         net66 (net)
                 84.19   20.68  502.43 ^ load_slew41/A (BUFx24_ASAP7_75t_R)
    89  116.65   53.94   43.08  545.51 ^ load_slew41/Y (BUFx24_ASAP7_75t_R)
                                         net63 (net)
                 98.63   26.31  571.82 ^ load_slew40/A (BUFx24_ASAP7_75t_R)
   102  130.05   61.97   44.14  615.96 ^ load_slew40/Y (BUFx24_ASAP7_75t_R)
                                         net62 (net)
                122.57   34.92  650.87 ^ gen_regfile_ff.register_file_i.rf_reg_q[936]$_DFFE_PN0P_/SETN (DFFASRHQNx1_ASAP7_75t_R)
                                650.87   data arrival time

                  0.00 1260.00 1260.00   clock core_clock (rise edge)
                          0.00 1260.00   clock network delay (ideal)
                          0.00 1260.00   clock reconvergence pessimism
                               1260.00 ^ gen_regfile_ff.register_file_i.rf_reg_q[936]$_DFFE_PN0P_/CLK (DFFASRHQNx1_ASAP7_75t_R)
                        -12.41 1247.59   library recovery time
                               1247.59   data required time
-----------------------------------------------------------------------------
                               1247.59   data required time
                               -650.87   data arrival time
-----------------------------------------------------------------------------
                                596.71   slack (MET)


Startpoint: core_clock_gate_i.en_latch$_DLATCH_N_
            (negative level-sensitive latch clocked by core_clock)
Endpoint: _35046_ (rising clock gating-check end-point clocked by core_clock)
Path Group: gated clock
Path Type: max

Fanout     Cap    Slew   Delay    Time   Description
-----------------------------------------------------------------------------
                  0.00  630.00  630.00   clock core_clock (fall edge)
                          0.00  630.00   clock network delay (ideal)
                  0.00    0.00  630.00 v core_clock_gate_i.en_latch$_DLATCH_N_/CLK (DLLx1_ASAP7_75t_R)
     1    0.58    7.58   27.19  657.19 v core_clock_gate_i.en_latch$_DLATCH_N_/Q (DLLx1_ASAP7_75t_R)
                                         core_clock_gate_i.en_latch (net)
                  7.58    0.00  657.19 v _35046_/B (AND2x2_ASAP7_75t_R)
                                657.19   data arrival time

                  0.00 1260.00 1260.00   clock core_clock (rise edge)
                          0.00 1260.00   clock network delay (ideal)
                          0.00 1260.00   clock reconvergence pessimism
                               1260.00 ^ _35046_/A (AND2x2_ASAP7_75t_R)
                          0.00 1260.00   clock gating setup time
                               1260.00   data required time
-----------------------------------------------------------------------------
                               1260.00   data required time
                               -657.19   data arrival time
-----------------------------------------------------------------------------
                                602.81   slack (MET)


Startpoint: if_stage_i.instr_rdata_alu_id_o[20]$_DFFE_PN_
            (rising edge-triggered flip-flop clocked by core_clock)
Endpoint: gen_regfile_ff.register_file_i.rf_reg_q[767]$_DFFE_PN0P_
          (rising edge-triggered flip-flop clocked by core_clock)
Path Group: core_clock
Path Type: max

Fanout     Cap    Slew   Delay    Time   Description
-----------------------------------------------------------------------------
                  0.00    0.00    0.00   clock core_clock (rise edge)
                          0.00    0.00   clock network delay (ideal)
                  0.00    0.00    0.00 ^ if_stage_i.instr_rdata_alu_id_o[20]$_DFFE_PN_/CLK (DFFHQNx2_ASAP7_75t_R)
     6    6.45   31.72   48.68   48.68 ^ if_stage_i.instr_rdata_alu_id_o[20]$_DFFE_PN_/QN (DFFHQNx2_ASAP7_75t_R)
                                         _00368_ (net)
                 31.80    0.83   49.51 ^ _19195_/A (INVx2_ASAP7_75t_R)
     4    3.74   16.71   13.00   62.51 v _19195_/Y (INVx2_ASAP7_75t_R)
                                         _13466_ (net)
                 16.71    0.06   62.57 v _19196_/A (BUFx6f_ASAP7_75t_R)
     6    5.67    8.73   16.77   79.34 v _19196_/Y (BUFx6f_ASAP7_75t_R)
                                         _13467_ (net)
                  8.79    0.38   79.72 v _19197_/A (BUFx3_ASAP7_75t_R)
     6    4.53   11.15   16.51   96.23 v _19197_/Y (BUFx3_ASAP7_75t_R)
                                         _13468_ (net)
                 11.15    0.01   96.24 v _19198_/A (BUFx6f_ASAP7_75t_R)
     6    6.91   10.10   15.41  111.65 v _19198_/Y (BUFx6f_ASAP7_75t_R)
                                         _13469_ (net)
                 10.87    1.46  113.11 v _19199_/A (BUFx6f_ASAP7_75t_R)
     6    9.27   12.40   16.37  129.48 v _19199_/Y (BUFx6f_ASAP7_75t_R)
                                         _13470_ (net)
                 13.36    1.83  131.31 v _21321_/A (BUFx6f_ASAP7_75t_R)
     6    7.26   10.07   16.53  147.84 v _21321_/Y (BUFx6f_ASAP7_75t_R)
                                         _15518_ (net)
                 10.07    0.09  147.93 v clone18/A (BUFx2_ASAP7_75t_R)
     6    4.89   15.85   19.84  167.77 v clone18/Y (BUFx2_ASAP7_75t_R)
                                         net18 (net)
                 15.85    0.11  167.88 v _21567_/A (BUFx3_ASAP7_75t_R)
     5    5.46   12.76   19.52  187.40 v _21567_/Y (BUFx3_ASAP7_75t_R)
                                         _15758_ (net)
                 12.78    0.28  187.68 v _22371_/C (OA211x2_ASAP7_75t_R)
     1    0.65    9.13   27.97  215.65 v _22371_/Y (OA211x2_ASAP7_75t_R)
                                         _16538_ (net)
                  9.13    0.01  215.66 v _22376_/B (OR3x1_ASAP7_75t_R)
     1    1.88   16.51   27.94  243.60 v _22376_/Y (OR3x1_ASAP7_75t_R)
                                         _16543_ (net)
                 16.53    0.29  243.89 v _22377_/B (OA21x2_ASAP7_75t_R)
     1    1.06    7.11   15.57  259.46 v _22377_/Y (OA21x2_ASAP7_75t_R)
                                         _16544_ (net)
                  7.11    0.07  259.52 v _22393_/A2 (AO21x1_ASAP7_75t_R)
     1    1.09    9.01   15.22  274.74 v _22393_/Y (AO21x1_ASAP7_75t_R)
                                         _16560_ (net)
                  9.01    0.00  274.75 v _22425_/A2 (OAI21x1_ASAP7_75t_R)
     8    8.49   57.93   27.33  302.08 ^ _22425_/Y (OAI21x1_ASAP7_75t_R)
                                         _16592_ (net)
                 58.06    1.58  303.66 ^ _24194_/B (NOR2x1_ASAP7_75t_R)
     1    0.65   15.90   14.55  318.21 v _24194_/Y (NOR2x1_ASAP7_75t_R)
                                         _05201_ (net)
                 15.90    0.00  318.22 v _24195_/B (AO21x2_ASAP7_75t_R)
     8    5.92   20.80   26.94  345.16 v _24195_/Y (AO21x2_ASAP7_75t_R)
                                         _05202_ (net)
                 21.01    1.16  346.32 v _24442_/A (AND2x2_ASAP7_75t_R)
     1    1.70    8.97   22.93  369.24 v _24442_/Y (AND2x2_ASAP7_75t_R)
                                         _17911_ (net)
                  8.97    0.03  369.27 v _35401_/CI (FAx1_ASAP7_75t_R)
     8   16.87  253.42  115.54  484.81 ^ _35401_/CON (FAx1_ASAP7_75t_R)
                                         _17962_ (net)
     4    7.64  177.69   90.35  575.15 v _35401_/SN (FAx1_ASAP7_75t_R)
                                         _17914_ (net)
                177.70    0.40  575.55 v _35040_/A (INVx2_ASAP7_75t_R)
     2    3.68   40.83   31.79  607.34 ^ _35040_/Y (INVx2_ASAP7_75t_R)
                                         _17913_ (net)
                 40.83    0.02  607.36 ^ _35461_/CI (FAx1_ASAP7_75t_R)
     7   12.21  194.01  207.54  814.90 v _35461_/SN (FAx1_ASAP7_75t_R)
                                         _18080_ (net)
                194.01    0.26  815.16 v _35462_/A (FAx1_ASAP7_75t_R)
     1    2.37   77.05   61.43  876.59 ^ _35462_/CON (FAx1_ASAP7_75t_R)
                                         _18122_ (net)
     1    0.81   57.68   20.97  897.56 v _35462_/SN (FAx1_ASAP7_75t_R)
                                         _18479_ (net)
                 57.68    0.02  897.58 v _34879_/A (INVx1_ASAP7_75t_R)
     1    2.04   25.67   20.67  918.25 ^ _34879_/Y (INVx1_ASAP7_75t_R)
                                         _18081_ (net)
                 25.67    0.02  918.27 ^ _35463_/A (FAx1_ASAP7_75t_R)
     1    0.73   23.62   37.05  955.32 v _35463_/SN (FAx1_ASAP7_75t_R)
                                         _18480_ (net)
                 23.62    0.01  955.32 v _34816_/A (INVx1_ASAP7_75t_R)
     1    1.73   16.37   13.21  968.53 ^ _34816_/Y (INVx1_ASAP7_75t_R)
                                         _18083_ (net)
                 16.37    0.04  968.57 ^ _35467_/CI (FAx1_ASAP7_75t_R)
     1    0.78   26.63   34.59 1003.16 v _35467_/SN (FAx1_ASAP7_75t_R)
                                         _18484_ (net)
                 26.63    0.01 1003.17 v _34856_/A (INVx1_ASAP7_75t_R)
     1    2.31   20.27   15.83 1019.00 ^ _34856_/Y (INVx1_ASAP7_75t_R)
                                         _18092_ (net)
                 20.27    0.06 1019.06 ^ _35468_/B (FAx1_ASAP7_75t_R)
     1    1.29   35.26   43.40 1062.46 v _35468_/SN (FAx1_ASAP7_75t_R)
                                         _18486_ (net)
                 35.26    0.06 1062.52 v _35578_/B (HAxp5_ASAP7_75t_R)
     4    3.70   76.04   70.10 1132.62 v _35578_/SN (HAxp5_ASAP7_75t_R)
                                         _00252_ (net)
                 76.04    0.03 1132.65 v _29453_/B (AO21x1_ASAP7_75t_R)
     1    0.67    8.43   25.60 1158.25 v _29453_/Y (AO21x1_ASAP7_75t_R)
                                         _09481_ (net)
                  8.43    0.00 1158.25 v _29454_/A2 (AO21x1_ASAP7_75t_R)
     2    1.17   10.37   15.80 1174.05 v _29454_/Y (AO21x1_ASAP7_75t_R)
                                         _09482_ (net)
                 10.37    0.02 1174.07 v _29488_/A2 (AO21x1_ASAP7_75t_R)
     1    0.73    8.30   15.03 1189.10 v _29488_/Y (AO21x1_ASAP7_75t_R)
                                         _09514_ (net)
                  8.30    0.01 1189.11 v _29489_/A2 (AO21x1_ASAP7_75t_R)
     2    1.16   10.29   15.75 1204.86 v _29489_/Y (AO21x1_ASAP7_75t_R)
                                         _09515_ (net)
                 10.29    0.00 1204.87 v _29532_/A2 (AO21x1_ASAP7_75t_R)
     1    0.59    7.60   14.58 1219.45 v _29532_/Y (AO21x1_ASAP7_75t_R)
                                         _09557_ (net)
                  7.60    0.01 1219.46 v _29536_/A2 (AO221x1_ASAP7_75t_R)
     2    2.46   17.82   27.18 1246.64 v _29536_/Y (AO221x1_ASAP7_75t_R)
                                         _09561_ (net)
                 17.83    0.06 1246.70 v _29607_/A1 (OA21x2_ASAP7_75t_R)
     4    4.67   16.90   24.59 1271.29 v _29607_/Y (OA21x2_ASAP7_75t_R)
                                         _09630_ (net)
                 16.95    0.54 1271.82 v _29608_/D (OR4x1_ASAP7_75t_R)
     1    0.63   12.62   32.29 1304.11 v _29608_/Y (OR4x1_ASAP7_75t_R)
                                         _09631_ (net)
                 12.62    0.01 1304.12 v _29613_/B (AND4x2_ASAP7_75t_R)
     2    3.43   13.57   19.99 1324.11 v _29613_/Y (AND4x2_ASAP7_75t_R)
                                         _09636_ (net)
                 13.74    0.83 1324.94 v _29616_/B (OR5x1_ASAP7_75t_R)
     1    1.09   15.30   36.89 1361.83 v _29616_/Y (OR5x1_ASAP7_75t_R)
                                         _09639_ (net)
                 15.30    0.01 1361.83 v _29617_/C (AOI211x1_ASAP7_75t_R)
     1    0.67   14.77   11.02 1372.85 ^ _29617_/Y (AOI211x1_ASAP7_75t_R)
                                         _09640_ (net)
                 14.77    0.00 1372.85 ^ _29620_/A2 (OA21x2_ASAP7_75t_R)
     1    4.65   19.32   22.50 1395.36 ^ _29620_/Y (OA21x2_ASAP7_75t_R)
                                         _09643_ (net)
                 19.73    1.55 1396.91 ^ _29624_/B (NOR2x2_ASAP7_75t_R)
     7    8.43   31.08   19.16 1416.07 v _29624_/Y (NOR2x2_ASAP7_75t_R)
                                         _09647_ (net)
                 32.00    2.92 1418.99 v clone7/A (BUFx3_ASAP7_75t_R)
     5    4.31   11.54   22.58 1441.57 v clone7/Y (BUFx3_ASAP7_75t_R)
                                         net7 (net)
                 11.58    0.37 1441.95 v _31387_/A1 (AO21x1_ASAP7_75t_R)
     1    0.66    6.84   16.03 1457.97 v _31387_/Y (AO21x1_ASAP7_75t_R)
                                         _03598_ (net)
                  6.84    0.00 1457.98 v gen_regfile_ff.register_file_i.rf_reg_q[767]$_DFFE_PN0P_/D (DFFASRHQNx1_ASAP7_75t_R)
                               1457.98   data arrival time

                  0.00 1260.00 1260.00   clock core_clock (rise edge)
                          0.00 1260.00   clock network delay (ideal)
                          0.00 1260.00   clock reconvergence pessimism
                               1260.00 ^ gen_regfile_ff.register_file_i.rf_reg_q[767]$_DFFE_PN0P_/CLK (DFFASRHQNx1_ASAP7_75t_R)
                         -5.37 1254.63   library setup time
                               1254.63   data required time
-----------------------------------------------------------------------------
                               1254.63   data required time
                               -1457.98   data arrival time
-----------------------------------------------------------------------------
                               -203.34   slack (VIOLATED)



==========================================================================
global place report_power
--------------------------------------------------------------------------
Group                  Internal  Switching    Leakage      Total
                          Power      Power      Power      Power (Watts)
----------------------------------------------------------------
Sequential             3.13e-03   9.28e-04   2.10e-07   4.06e-03  10.1%
Combinational          1.62e-02   1.96e-02   1.76e-06   3.58e-02  89.6%
Clock                  5.95e-07   1.04e-04   1.16e-10   1.04e-04   0.3%
Macro                  0.00e+00   0.00e+00   0.00e+00   0.00e+00   0.0%
Pad                    0.00e+00   0.00e+00   0.00e+00   0.00e+00   0.0%
----------------------------------------------------------------
Total                  1.94e-02   2.06e-02   1.97e-06   4.00e-02 100.0%
                          48.5%      51.5%       0.0%
