OpenROAD v2.0-19576-gec1bf1a13 
Features included (+) or not (-): +GPU +GUI +Python : None
This program is licensed under the BSD-3 license. See the LICENSE file for details.
Components of this program may be licensed under more restrictive licenses which must be honored.
[INFO ORD-0030] Using 16 thread(s).
[INFO GPL-0002] DBU: 1000
[INFO GPL-0003] SiteSize: (  0.054  0.270 ) um
[INFO GPL-0004] CoreBBox: (  2.052  2.160 ) ( 100.170 60.750 ) um
[INFO GPL-0006] NumInstances:             19461
[INFO GPL-0007] NumPlaceInstances:        18699
[INFO GPL-0008] NumFixedInstances:          762
[INFO GPL-0009] NumDummyInstances:            0
[INFO GPL-0010] NumNets:                  19431
[INFO GPL-0011] NumPins:                  69487
[INFO GPL-0012] DieBBox:  (  0.000  0.000 ) ( 102.219 62.931 ) um
[INFO GPL-0013] CoreBBox: (  2.052  2.160 ) ( 100.170 60.750 ) um
[INFO GPL-0016] CoreArea:              5748.734 um^2
[INFO GPL-0017] NonPlaceInstsArea:       22.220 um^2
[INFO GPL-0018] PlaceInstsArea:        2323.206 um^2
[INFO GPL-0019] Util:                    40.569 %
[INFO GPL-0020] StdInstsArea:          2323.206 um^2
[INFO GPL-0021] MacroInstsArea:           0.000 um^2
[INFO GPL-0031] FillerInit:NumGCells:     48427
[INFO GPL-0032] FillerInit:NumGNets:      19431
[INFO GPL-0033] FillerInit:NumGPins:      69487
[INFO GPL-0023] TargetDensity:            1.000
[INFO GPL-0024] AvrgPlaceInstArea:        0.124 um^2
[INFO GPL-0025] IdealBinArea:             0.124 um^2
[INFO GPL-0026] IdealBinCnt:              46270
[INFO GPL-0027] TotalBinArea:          5748.734 um^2
[INFO GPL-0028] BinCnt:       128    128
[INFO GPL-0029] BinSize: (  0.767  0.458 )
[INFO GPL-0030] NumBins: 16384
Placement density is 0.6534157967567444, computed from PLACE_DENSITY_LB_ADDON 0.40 and lower bound 0.405692994594574
global_placement -density 0.6534157967567444 -pad_left 0 -pad_right 0 -routability_driven -timing_driven
[INFO GPL-0002] DBU: 1000
[INFO GPL-0003] SiteSize: (  0.054  0.270 ) um
[INFO GPL-0004] CoreBBox: (  2.052  2.160 ) ( 100.170 60.750 ) um
[INFO GPL-0006] NumInstances:             19461
[INFO GPL-0007] NumPlaceInstances:        18699
[INFO GPL-0008] NumFixedInstances:          762
[INFO GPL-0009] NumDummyInstances:            0
[INFO GPL-0010] NumNets:                  19431
[INFO GPL-0011] NumPins:                  69487
[INFO GPL-0012] DieBBox:  (  0.000  0.000 ) ( 102.219 62.931 ) um
[INFO GPL-0013] CoreBBox: (  2.052  2.160 ) ( 100.170 60.750 ) um
[INFO GPL-0016] CoreArea:              5748.734 um^2
[INFO GPL-0017] NonPlaceInstsArea:       22.220 um^2
[INFO GPL-0018] PlaceInstsArea:        2323.206 um^2
[INFO GPL-0019] Util:                    40.569 %
[INFO GPL-0020] StdInstsArea:          2323.206 um^2
[INFO GPL-0021] MacroInstsArea:           0.000 um^2
[InitialPlace]  Iter: 1 CG residual: 0.00004712 HPWL: 107278093
[InitialPlace]  Iter: 2 CG residual: 0.00000188 HPWL: 33228307
[InitialPlace]  Iter: 3 CG residual: 0.00000353 HPWL: 32612911
[InitialPlace]  Iter: 4 CG residual: 0.00000094 HPWL: 32532369
[InitialPlace]  Iter: 5 CG residual: 0.00000081 HPWL: 32367324
[INFO GPL-0031] FillerInit:NumGCells:     31090
[INFO GPL-0032] FillerInit:NumGNets:      19431
[INFO GPL-0033] FillerInit:NumGPins:      69487
[INFO GPL-0023] TargetDensity:            0.653
[INFO GPL-0024] AvrgPlaceInstArea:        0.124 um^2
[INFO GPL-0025] IdealBinArea:             0.190 um^2
[INFO GPL-0026] IdealBinCnt:              30233
[INFO GPL-0027] TotalBinArea:          5748.734 um^2
[INFO GPL-0028] BinCnt:       128    128
[INFO GPL-0029] BinSize: (  0.767  0.458 )
[INFO GPL-0030] NumBins: 16384
[NesterovSolve] Iter:    1 overflow: 0.969 HPWL: 28314063
[NesterovSolve] Iter:   10 overflow: 0.942 HPWL: 25986252
[NesterovSolve] Iter:   20 overflow: 0.926 HPWL: 28490174
[NesterovSolve] Iter:   30 overflow: 0.916 HPWL: 29398044
[NesterovSolve] Iter:   40 overflow: 0.911 HPWL: 29739967
[NesterovSolve] Iter:   50 overflow: 0.910 HPWL: 29978678
[NesterovSolve] Iter:   60 overflow: 0.909 HPWL: 30031296
[NesterovSolve] Iter:   70 overflow: 0.909 HPWL: 30025244
[NesterovSolve] Iter:   80 overflow: 0.910 HPWL: 29957241
[NesterovSolve] Iter:   90 overflow: 0.910 HPWL: 29866558
[NesterovSolve] Iter:  100 overflow: 0.911 HPWL: 29842445
[NesterovSolve] Iter:  110 overflow: 0.911 HPWL: 29970623
[NesterovSolve] Iter:  120 overflow: 0.910 HPWL: 30316989
[NesterovSolve] Iter:  130 overflow: 0.908 HPWL: 30954015
[NesterovSolve] Iter:  140 overflow: 0.906 HPWL: 31815654
[NesterovSolve] Iter:  150 overflow: 0.902 HPWL: 32912934
[NesterovSolve] Iter:  160 overflow: 0.896 HPWL: 34477279
[NesterovSolve] Iter:  170 overflow: 0.889 HPWL: 36609393
[NesterovSolve] Iter:  180 overflow: 0.878 HPWL: 39161555
[NesterovSolve] Iter:  190 overflow: 0.865 HPWL: 41852673
[NesterovSolve] Iter:  200 overflow: 0.850 HPWL: 44565923
[NesterovSolve] Iter:  210 overflow: 0.828 HPWL: 47908829
[NesterovSolve] Iter:  220 overflow: 0.801 HPWL: 51069807
[INFO GPL-0100] Timing-driven iteration 1/5, virtual: true.
[INFO GPL-0101]    Iter: 226, overflow: 0.785, keep rsz at: 0.3, HPWL: 52867287
Iteration |   Area    | Resized | Buffers | Nets repaired | Remaining
---------------------------------------------------------------------
        0 |     +0.0% |       0 |       0 |             0 |     19431
    final |     +4.5% |    2919 |      12 |             1 |         0
---------------------------------------------------------------------
[INFO RSZ-0034] Found 1 slew violations.
[INFO RSZ-0039] Resized 2919 instances.
[INFO RSZ-0038] Inserted 12 buffers in 1 nets.
[INFO GPL-0106] Timing-driven: worst slack -2.06e-10
[INFO GPL-0103] Timing-driven: weighted 1942 nets.
[NesterovSolve] Iter:  230 overflow: 0.775 HPWL: 53115927
[NesterovSolve] Iter:  240 overflow: 0.743 HPWL: 56593288
[NesterovSolve] Iter:  250 overflow: 0.708 HPWL: 60419676
[NesterovSolve] Iter:  260 overflow: 0.666 HPWL: 64341929
[INFO GPL-0100] Timing-driven iteration 2/5, virtual: true.
[INFO GPL-0101]    Iter: 267, overflow: 0.634, keep rsz at: 0.3, HPWL: 67113059
Iteration |   Area    | Resized | Buffers | Nets repaired | Remaining
---------------------------------------------------------------------
        0 |     +0.0% |       0 |       0 |             0 |     19431
    final |     +5.0% |    3028 |      16 |             1 |         0
---------------------------------------------------------------------
[INFO RSZ-0034] Found 1 slew violations.
[INFO RSZ-0039] Resized 3028 instances.
[INFO RSZ-0038] Inserted 16 buffers in 1 nets.
[INFO GPL-0106] Timing-driven: worst slack -2.82e-10
[INFO GPL-0103] Timing-driven: weighted 1942 nets.
[NesterovSolve] Iter:  270 overflow: 0.620 HPWL: 68178523
[INFO GPL-0088] Routability snapshot saved at iter = 273
[NesterovSolve] Iter:  280 overflow: 0.565 HPWL: 71577018
[NesterovSolve] Iter:  290 overflow: 0.502 HPWL: 76004563
[NesterovSolve] Iter:  300 overflow: 0.440 HPWL: 80978223
[NesterovSolve] Iter:  310 overflow: 0.394 HPWL: 84273939
[NesterovSolve] Iter:  320 overflow: 0.349 HPWL: 86038871
[NesterovSolve] Iter:  330 overflow: 0.311 HPWL: 88198141
[INFO GPL-0075] Routability iteration: 1
[INFO GPL-0036] TileBBox: (    0    0 ) (  540  540 ) DBU
[INFO GPL-0038] TileCnt:     189  116
[INFO GPL-0040] NumTiles: 21924
[INFO GPL-0081] TotalRouteOverflow: 123.1486
[INFO GPL-0082] OverflowTileCnt: 1453
[INFO GPL-0083] 0.5%RC: 1.2382
[INFO GPL-0084] 1.0%RC: 1.2059
[INFO GPL-0085] 2.0%RC: 1.1684
[INFO GPL-0086] 5.0%RC: 1.1075
[INFO GPL-0087] FinalRC: 1.2220746
[INFO GPL-0078] FinalRC lower than minRC (1000000015047466219876688855040.0000), min RC updated.
[INFO GPL-0045] InflatedAreaDelta:      141.208 um^2 (+6.08%)
[INFO GPL-0046] TargetDensity:            0.653
[INFO GPL-0049] WhiteSpaceArea:        5726.514 um^2
[INFO GPL-0050] NesterovInstsArea:     2323.206 um^2
[INFO GPL-0051] TotalFillerArea:       1418.588 um^2
[INFO GPL-0052] TotalGCellsArea:       3741.795 um^2
[INFO GPL-0053] ExpectedGCellsArea:    3883.002 um^2
[INFO GPL-0054] NewTargetDensity:         0.678
[INFO GPL-0055] NewWhiteSpaceArea:     5726.514 um^2
[INFO GPL-0056] MovableArea:           3883.002 um^2
[INFO GPL-0057] NewNesterovInstArea:   2464.414 um^2
[INFO GPL-0058] NewTotalFillerArea:    1418.588 um^2
[INFO GPL-0059] NewTotalGCellsArea:    3883.002 um^2
[INFO GPL-0089] Routability: revert back to snapshot
[NesterovSolve] Iter:  340 overflow: 0.560 HPWL: 74229356
[NesterovSolve] Iter:  350 overflow: 0.511 HPWL: 78628970
[NesterovSolve] Iter:  360 overflow: 0.459 HPWL: 82032956
[NesterovSolve] Iter:  370 overflow: 0.423 HPWL: 84446883
[NesterovSolve] Iter:  380 overflow: 0.386 HPWL: 86016735
[NesterovSolve] Iter:  390 overflow: 0.345 HPWL: 88703188
[NesterovSolve] Iter:  400 overflow: 0.305 HPWL: 90781750
[INFO GPL-0075] Routability iteration: 2
[INFO GPL-0036] TileBBox: (    0    0 ) (  540  540 ) DBU
[INFO GPL-0038] TileCnt:     189  116
[INFO GPL-0040] NumTiles: 21924
[INFO GPL-0081] TotalRouteOverflow: 83.7191
[INFO GPL-0082] OverflowTileCnt: 1373
[INFO GPL-0083] 0.5%RC: 1.1741
[INFO GPL-0084] 1.0%RC: 1.1492
[INFO GPL-0085] 2.0%RC: 1.1197
[INFO GPL-0086] 5.0%RC: 1.0741
[INFO GPL-0087] FinalRC: 1.1616201
[INFO GPL-0078] FinalRC lower than minRC (1.2221), min RC updated.
[INFO GPL-0045] InflatedAreaDelta:       94.626 um^2 (+3.84%)
[INFO GPL-0046] TargetDensity:            0.678
[INFO GPL-0049] WhiteSpaceArea:        5726.514 um^2
[INFO GPL-0050] NesterovInstsArea:     2464.414 um^2
[INFO GPL-0051] TotalFillerArea:       1418.588 um^2
[INFO GPL-0052] TotalGCellsArea:       3883.002 um^2
[INFO GPL-0053] ExpectedGCellsArea:    3977.629 um^2
[INFO GPL-0054] NewTargetDensity:         0.695
[INFO GPL-0055] NewWhiteSpaceArea:     5726.514 um^2
[INFO GPL-0056] MovableArea:           3977.628 um^2
[INFO GPL-0057] NewNesterovInstArea:   2559.040 um^2
[INFO GPL-0058] NewTotalFillerArea:    1418.588 um^2
[INFO GPL-0059] NewTotalGCellsArea:    3977.628 um^2
[INFO GPL-0089] Routability: revert back to snapshot
[NesterovSolve] Iter:  410 overflow: 0.549 HPWL: 76837919
[NesterovSolve] Iter:  420 overflow: 0.501 HPWL: 81717891
[NesterovSolve] Iter:  430 overflow: 0.453 HPWL: 84699401
[NesterovSolve] Iter:  440 overflow: 0.416 HPWL: 86348903
[NesterovSolve] Iter:  450 overflow: 0.379 HPWL: 87730195
[NesterovSolve] Iter:  460 overflow: 0.336 HPWL: 90851813
[NesterovSolve] Iter:  470 overflow: 0.304 HPWL: 92500287
[INFO GPL-0075] Routability iteration: 3
[INFO GPL-0036] TileBBox: (    0    0 ) (  540  540 ) DBU
[INFO GPL-0038] TileCnt:     189  116
[INFO GPL-0040] NumTiles: 21924
[INFO GPL-0081] TotalRouteOverflow: 60.8438
[INFO GPL-0082] OverflowTileCnt: 1185
[INFO GPL-0083] 0.5%RC: 1.1498
[INFO GPL-0084] 1.0%RC: 1.1250
[INFO GPL-0085] 2.0%RC: 1.0980
[INFO GPL-0086] 5.0%RC: 1.0553
[INFO GPL-0087] FinalRC: 1.1373907
[INFO GPL-0078] FinalRC lower than minRC (1.1616), min RC updated.
[INFO GPL-0045] InflatedAreaDelta:       69.602 um^2 (+2.72%)
[INFO GPL-0046] TargetDensity:            0.695
[INFO GPL-0049] WhiteSpaceArea:        5726.514 um^2
[INFO GPL-0050] NesterovInstsArea:     2559.040 um^2
[INFO GPL-0051] TotalFillerArea:       1418.588 um^2
[INFO GPL-0052] TotalGCellsArea:       3977.628 um^2
[INFO GPL-0053] ExpectedGCellsArea:    4047.231 um^2
[INFO GPL-0054] NewTargetDensity:         0.707
[INFO GPL-0055] NewWhiteSpaceArea:     5726.514 um^2
[INFO GPL-0056] MovableArea:           4047.231 um^2
[INFO GPL-0057] NewNesterovInstArea:   2628.643 um^2
[INFO GPL-0058] NewTotalFillerArea:    1418.588 um^2
[INFO GPL-0059] NewTotalGCellsArea:    4047.231 um^2
[INFO GPL-0089] Routability: revert back to snapshot
[NesterovSolve] Iter:  480 overflow: 0.541 HPWL: 78821786
[NesterovSolve] Iter:  490 overflow: 0.496 HPWL: 83864063
[NesterovSolve] Iter:  500 overflow: 0.449 HPWL: 86400772
[NesterovSolve] Iter:  510 overflow: 0.412 HPWL: 87660206
[NesterovSolve] Iter:  520 overflow: 0.374 HPWL: 89272491
[NesterovSolve] Iter:  530 overflow: 0.332 HPWL: 92450670
[NesterovSolve] Iter:  540 overflow: 0.298 HPWL: 93710981
[INFO GPL-0075] Routability iteration: 4
[INFO GPL-0036] TileBBox: (    0    0 ) (  540  540 ) DBU
[INFO GPL-0038] TileCnt:     189  116
[INFO GPL-0040] NumTiles: 21924
[INFO GPL-0081] TotalRouteOverflow: 49.6352
[INFO GPL-0082] OverflowTileCnt: 996
[INFO GPL-0083] 0.5%RC: 1.1331
[INFO GPL-0084] 1.0%RC: 1.1118
[INFO GPL-0085] 2.0%RC: 1.0867
[INFO GPL-0086] 5.0%RC: 1.0450
[INFO GPL-0087] FinalRC: 1.1224617
[INFO GPL-0078] FinalRC lower than minRC (1.1374), min RC updated.
[INFO GPL-0045] InflatedAreaDelta:       59.692 um^2 (+2.27%)
[INFO GPL-0046] TargetDensity:            0.707
[INFO GPL-0049] WhiteSpaceArea:        5726.514 um^2
[INFO GPL-0050] NesterovInstsArea:     2628.643 um^2
[INFO GPL-0051] TotalFillerArea:       1418.588 um^2
[INFO GPL-0052] TotalGCellsArea:       4047.231 um^2
[INFO GPL-0053] ExpectedGCellsArea:    4106.923 um^2
[INFO GPL-0054] NewTargetDensity:         0.717
[INFO GPL-0055] NewWhiteSpaceArea:     5726.514 um^2
[INFO GPL-0056] MovableArea:           4106.923 um^2
[INFO GPL-0057] NewNesterovInstArea:   2688.335 um^2
[INFO GPL-0058] NewTotalFillerArea:    1418.588 um^2
[INFO GPL-0059] NewTotalGCellsArea:    4106.923 um^2
[INFO GPL-0089] Routability: revert back to snapshot
[NesterovSolve] Iter:  550 overflow: 0.531 HPWL: 80624828
[NesterovSolve] Iter:  560 overflow: 0.489 HPWL: 85983664
[NesterovSolve] Iter:  570 overflow: 0.444 HPWL: 87890360
[NesterovSolve] Iter:  580 overflow: 0.405 HPWL: 88655702
[NesterovSolve] Iter:  590 overflow: 0.367 HPWL: 90594429
[NesterovSolve] Iter:  600 overflow: 0.326 HPWL: 93732999
[INFO GPL-0075] Routability iteration: 5
[INFO GPL-0036] TileBBox: (    0    0 ) (  540  540 ) DBU
[INFO GPL-0038] TileCnt:     189  116
[INFO GPL-0040] NumTiles: 21924
[INFO GPL-0081] TotalRouteOverflow: 40.7498
[INFO GPL-0082] OverflowTileCnt: 946
[INFO GPL-0083] 0.5%RC: 1.1198
[INFO GPL-0084] 1.0%RC: 1.0987
[INFO GPL-0085] 2.0%RC: 1.0738
[INFO GPL-0086] 5.0%RC: 1.0365
[INFO GPL-0087] FinalRC: 1.1092675
[INFO GPL-0078] FinalRC lower than minRC (1.1225), min RC updated.
[INFO GPL-0045] InflatedAreaDelta:       48.045 um^2 (+1.79%)
[INFO GPL-0046] TargetDensity:            0.717
[INFO GPL-0049] WhiteSpaceArea:        5726.514 um^2
[INFO GPL-0050] NesterovInstsArea:     2688.335 um^2
[INFO GPL-0051] TotalFillerArea:       1418.588 um^2
[INFO GPL-0052] TotalGCellsArea:       4106.923 um^2
[INFO GPL-0053] ExpectedGCellsArea:    4154.968 um^2
[INFO GPL-0054] NewTargetDensity:         0.726
[INFO GPL-0055] NewWhiteSpaceArea:     5726.514 um^2
[INFO GPL-0056] MovableArea:           4154.968 um^2
[INFO GPL-0057] NewNesterovInstArea:   2736.380 um^2
[INFO GPL-0058] NewTotalFillerArea:    1418.588 um^2
[INFO GPL-0059] NewTotalGCellsArea:    4154.968 um^2
[INFO GPL-0089] Routability: revert back to snapshot
[NesterovSolve] Iter:  610 overflow: 0.623 HPWL: 69835308
[NesterovSolve] Iter:  620 overflow: 0.526 HPWL: 82639230
[NesterovSolve] Iter:  630 overflow: 0.483 HPWL: 87402449
[NesterovSolve] Iter:  640 overflow: 0.440 HPWL: 89094386
[NesterovSolve] Iter:  650 overflow: 0.403 HPWL: 89569596
[NesterovSolve] Iter:  660 overflow: 0.362 HPWL: 92024874
[NesterovSolve] Iter:  670 overflow: 0.323 HPWL: 94845632
[INFO GPL-0075] Routability iteration: 6
[INFO GPL-0036] TileBBox: (    0    0 ) (  540  540 ) DBU
[INFO GPL-0038] TileCnt:     189  116
[INFO GPL-0040] NumTiles: 21924
[INFO GPL-0081] TotalRouteOverflow: 40.9336
[INFO GPL-0082] OverflowTileCnt: 949
[INFO GPL-0083] 0.5%RC: 1.1175
[INFO GPL-0084] 1.0%RC: 1.0959
[INFO GPL-0085] 2.0%RC: 1.0733
[INFO GPL-0086] 5.0%RC: 1.0368
[INFO GPL-0087] FinalRC: 1.1066979
[INFO GPL-0078] FinalRC lower than minRC (1.1093), min RC updated.
[INFO GPL-0045] InflatedAreaDelta:       45.409 um^2 (+1.66%)
[INFO GPL-0046] TargetDensity:            0.726
[INFO GPL-0049] WhiteSpaceArea:        5726.514 um^2
[INFO GPL-0050] NesterovInstsArea:     2736.380 um^2
[INFO GPL-0051] TotalFillerArea:       1418.588 um^2
[INFO GPL-0052] TotalGCellsArea:       4154.968 um^2
[INFO GPL-0053] ExpectedGCellsArea:    4200.377 um^2
[INFO GPL-0054] NewTargetDensity:         0.733
[INFO GPL-0055] NewWhiteSpaceArea:     5726.514 um^2
[INFO GPL-0056] MovableArea:           4200.377 um^2
[INFO GPL-0057] NewNesterovInstArea:   2781.789 um^2
[INFO GPL-0058] NewTotalFillerArea:    1418.589 um^2
[INFO GPL-0059] NewTotalGCellsArea:    4200.377 um^2
[INFO GPL-0089] Routability: revert back to snapshot
[NesterovSolve] Iter:  680 overflow: 0.597 HPWL: 74045597
[NesterovSolve] Iter:  690 overflow: 0.517 HPWL: 85170927
[NesterovSolve] Iter:  700 overflow: 0.471 HPWL: 89215441
[NesterovSolve] Iter:  710 overflow: 0.430 HPWL: 90303910
[NesterovSolve] Iter:  720 overflow: 0.392 HPWL: 90443965
[NesterovSolve] Iter:  730 overflow: 0.351 HPWL: 93713744
[NesterovSolve] Iter:  740 overflow: 0.314 HPWL: 95570762
[INFO GPL-0075] Routability iteration: 7
[INFO GPL-0036] TileBBox: (    0    0 ) (  540  540 ) DBU
[INFO GPL-0038] TileCnt:     189  116
[INFO GPL-0040] NumTiles: 21924
[INFO GPL-0081] TotalRouteOverflow: 35.9388
[INFO GPL-0082] OverflowTileCnt: 854
[INFO GPL-0083] 0.5%RC: 1.1104
[INFO GPL-0084] 1.0%RC: 1.0904
[INFO GPL-0085] 2.0%RC: 1.0673
[INFO GPL-0086] 5.0%RC: 1.0313
[INFO GPL-0087] FinalRC: 1.1004248
[INFO GPL-0078] FinalRC lower than minRC (1.1067), min RC updated.
[INFO GPL-0045] InflatedAreaDelta:       40.711 um^2 (+1.46%)
[INFO GPL-0046] TargetDensity:            0.733
[INFO GPL-0049] WhiteSpaceArea:        5726.514 um^2
[INFO GPL-0050] NesterovInstsArea:     2781.789 um^2
[INFO GPL-0051] TotalFillerArea:       1418.589 um^2
[INFO GPL-0052] TotalGCellsArea:       4200.377 um^2
[INFO GPL-0053] ExpectedGCellsArea:    4241.088 um^2
[INFO GPL-0054] NewTargetDensity:         0.741
[INFO GPL-0055] NewWhiteSpaceArea:     5726.514 um^2
[INFO GPL-0056] MovableArea:           4241.088 um^2
[INFO GPL-0057] NewNesterovInstArea:   2822.499 um^2
[INFO GPL-0058] NewTotalFillerArea:    1418.588 um^2
[INFO GPL-0059] NewTotalGCellsArea:    4241.088 um^2
[INFO GPL-0089] Routability: revert back to snapshot
[NesterovSolve] Iter:  750 overflow: 0.563 HPWL: 79414237
[NesterovSolve] Iter:  760 overflow: 0.510 HPWL: 87463968
[NesterovSolve] Iter:  770 overflow: 0.460 HPWL: 90638204
[NesterovSolve] Iter:  780 overflow: 0.419 HPWL: 91062890
[NesterovSolve] Iter:  790 overflow: 0.382 HPWL: 91409545
[NesterovSolve] Iter:  800 overflow: 0.343 HPWL: 95076994
[NesterovSolve] Iter:  810 overflow: 0.308 HPWL: 96186022
[INFO GPL-0075] Routability iteration: 8
[INFO GPL-0036] TileBBox: (    0    0 ) (  540  540 ) DBU
[INFO GPL-0038] TileCnt:     189  116
[INFO GPL-0040] NumTiles: 21924
[INFO GPL-0081] TotalRouteOverflow: 33.0388
[INFO GPL-0082] OverflowTileCnt: 792
[INFO GPL-0083] 0.5%RC: 1.1142
[INFO GPL-0084] 1.0%RC: 1.0913
[INFO GPL-0085] 2.0%RC: 1.0656
[INFO GPL-0086] 5.0%RC: 1.0280
[INFO GPL-0087] FinalRC: 1.1027786
[INFO GPL-0079] MinRC (1.1004248) violation occurred, total count: 1.
[INFO GPL-0045] InflatedAreaDelta:       40.207 um^2 (+1.42%)
[INFO GPL-0046] TargetDensity:            0.741
[INFO GPL-0049] WhiteSpaceArea:        5726.514 um^2
[INFO GPL-0050] NesterovInstsArea:     2822.499 um^2
[INFO GPL-0051] TotalFillerArea:       1418.588 um^2
[INFO GPL-0052] TotalGCellsArea:       4241.088 um^2
[INFO GPL-0053] ExpectedGCellsArea:    4281.295 um^2
[INFO GPL-0054] NewTargetDensity:         0.748
[INFO GPL-0055] NewWhiteSpaceArea:     5726.514 um^2
[INFO GPL-0056] MovableArea:           4281.295 um^2
[INFO GPL-0057] NewNesterovInstArea:   2862.707 um^2
[INFO GPL-0058] NewTotalFillerArea:    1418.588 um^2
[INFO GPL-0059] NewTotalGCellsArea:    4281.295 um^2
[INFO GPL-0089] Routability: revert back to snapshot
[NesterovSolve] Iter:  820 overflow: 0.549 HPWL: 82009535
[NesterovSolve] Iter:  830 overflow: 0.503 HPWL: 89746412
[NesterovSolve] Iter:  840 overflow: 0.453 HPWL: 91802256
[NesterovSolve] Iter:  850 overflow: 0.416 HPWL: 91721636
[NesterovSolve] Iter:  860 overflow: 0.380 HPWL: 92231338
[NesterovSolve] Iter:  870 overflow: 0.339 HPWL: 96036930
[NesterovSolve] Iter:  880 overflow: 0.307 HPWL: 96593617
[INFO GPL-0075] Routability iteration: 9
[INFO GPL-0036] TileBBox: (    0    0 ) (  540  540 ) DBU
[INFO GPL-0038] TileCnt:     189  116
[INFO GPL-0040] NumTiles: 21924
[INFO GPL-0081] TotalRouteOverflow: 25.9133
[INFO GPL-0082] OverflowTileCnt: 657
[INFO GPL-0083] 0.5%RC: 1.1009
[INFO GPL-0084] 1.0%RC: 1.0789
[INFO GPL-0085] 2.0%RC: 1.0548
[INFO GPL-0086] 5.0%RC: 1.0184
[INFO GPL-0087] FinalRC: 1.089898
[INFO GPL-0078] FinalRC lower than minRC (1.1004), min RC updated.
[INFO GPL-0045] InflatedAreaDelta:       32.192 um^2 (+1.12%)
[INFO GPL-0046] TargetDensity:            0.748
[INFO GPL-0049] WhiteSpaceArea:        5726.514 um^2
[INFO GPL-0050] NesterovInstsArea:     2862.707 um^2
[INFO GPL-0051] TotalFillerArea:       1418.588 um^2
[INFO GPL-0052] TotalGCellsArea:       4281.295 um^2
[INFO GPL-0053] ExpectedGCellsArea:    4313.487 um^2
[INFO GPL-0054] NewTargetDensity:         0.753
[INFO GPL-0055] NewWhiteSpaceArea:     5726.514 um^2
[INFO GPL-0056] MovableArea:           4313.487 um^2
[INFO GPL-0057] NewNesterovInstArea:   2894.899 um^2
[INFO GPL-0058] NewTotalFillerArea:    1418.588 um^2
[INFO GPL-0059] NewTotalGCellsArea:    4313.487 um^2
[INFO GPL-0089] Routability: revert back to snapshot
[NesterovSolve] Iter:  890 overflow: 0.540 HPWL: 83035529
[NesterovSolve] Iter:  900 overflow: 0.498 HPWL: 91094393
[NesterovSolve] Iter:  910 overflow: 0.450 HPWL: 92418841
[NesterovSolve] Iter:  920 overflow: 0.414 HPWL: 92131129
[NesterovSolve] Iter:  930 overflow: 0.378 HPWL: 93458821
[NesterovSolve] Iter:  940 overflow: 0.335 HPWL: 96933423
[NesterovSolve] Iter:  950 overflow: 0.302 HPWL: 97238469
[INFO GPL-0075] Routability iteration: 10
[INFO GPL-0036] TileBBox: (    0    0 ) (  540  540 ) DBU
[INFO GPL-0038] TileCnt:     189  116
[INFO GPL-0040] NumTiles: 21924
[INFO GPL-0081] TotalRouteOverflow: 27.7795
[INFO GPL-0082] OverflowTileCnt: 743
[INFO GPL-0083] 0.5%RC: 1.0980
[INFO GPL-0084] 1.0%RC: 1.0787
[INFO GPL-0085] 2.0%RC: 1.0564
[INFO GPL-0086] 5.0%RC: 1.0223
[INFO GPL-0087] FinalRC: 1.0883659
[INFO GPL-0078] FinalRC lower than minRC (1.0899), min RC updated.
[INFO GPL-0045] InflatedAreaDelta:       28.447 um^2 (+0.98%)
[INFO GPL-0046] TargetDensity:            0.753
[INFO GPL-0049] WhiteSpaceArea:        5726.514 um^2
[INFO GPL-0050] NesterovInstsArea:     2894.899 um^2
[INFO GPL-0051] TotalFillerArea:       1418.588 um^2
[INFO GPL-0052] TotalGCellsArea:       4313.487 um^2
[INFO GPL-0053] ExpectedGCellsArea:    4341.935 um^2
[INFO GPL-0054] NewTargetDensity:         0.758
[INFO GPL-0055] NewWhiteSpaceArea:     5726.514 um^2
[INFO GPL-0056] MovableArea:           4341.935 um^2
[INFO GPL-0057] NewNesterovInstArea:   2923.346 um^2
[INFO GPL-0058] NewTotalFillerArea:    1418.589 um^2
[INFO GPL-0059] NewTotalGCellsArea:    4341.935 um^2
[INFO GPL-0089] Routability: revert back to snapshot
[NesterovSolve] Iter:  960 overflow: 0.524 HPWL: 86826413
[NesterovSolve] Iter:  970 overflow: 0.488 HPWL: 92264190
[NesterovSolve] Iter:  980 overflow: 0.442 HPWL: 93088272
[NesterovSolve] Iter:  990 overflow: 0.407 HPWL: 92387194
[NesterovSolve] Iter: 1000 overflow: 0.367 HPWL: 94892360
[NesterovSolve] Iter: 1010 overflow: 0.328 HPWL: 97594976
[NesterovSolve] Iter: 1020 overflow: 0.298 HPWL: 97525744
[INFO GPL-0075] Routability iteration: 11
[INFO GPL-0036] TileBBox: (    0    0 ) (  540  540 ) DBU
[INFO GPL-0038] TileCnt:     189  116
[INFO GPL-0040] NumTiles: 21924
[INFO GPL-0081] TotalRouteOverflow: 27.7491
[INFO GPL-0082] OverflowTileCnt: 722
[INFO GPL-0083] 0.5%RC: 1.1003
[INFO GPL-0084] 1.0%RC: 1.0800
[INFO GPL-0085] 2.0%RC: 1.0568
[INFO GPL-0086] 5.0%RC: 1.0215
[INFO GPL-0087] FinalRC: 1.0901194
[INFO GPL-0079] MinRC (1.0883659) violation occurred, total count: 1.
[INFO GPL-0045] InflatedAreaDelta:       33.986 um^2 (+1.16%)
[INFO GPL-0046] TargetDensity:            0.758
[INFO GPL-0049] WhiteSpaceArea:        5726.514 um^2
[INFO GPL-0050] NesterovInstsArea:     2923.346 um^2
[INFO GPL-0051] TotalFillerArea:       1418.589 um^2
[INFO GPL-0052] TotalGCellsArea:       4341.935 um^2
[INFO GPL-0053] ExpectedGCellsArea:    4375.921 um^2
[INFO GPL-0054] NewTargetDensity:         0.764
[INFO GPL-0055] NewWhiteSpaceArea:     5726.514 um^2
[INFO GPL-0056] MovableArea:           4375.921 um^2
[INFO GPL-0057] NewNesterovInstArea:   2957.332 um^2
[INFO GPL-0058] NewTotalFillerArea:    1418.589 um^2
[INFO GPL-0059] NewTotalGCellsArea:    4375.921 um^2
[INFO GPL-0089] Routability: revert back to snapshot
[NesterovSolve] Iter: 1030 overflow: 0.517 HPWL: 87432762
[NesterovSolve] Iter: 1040 overflow: 0.481 HPWL: 93462166
[NesterovSolve] Iter: 1050 overflow: 0.437 HPWL: 93676760
[NesterovSolve] Iter: 1060 overflow: 0.402 HPWL: 92631468
[NesterovSolve] Iter: 1070 overflow: 0.360 HPWL: 95955336
[NesterovSolve] Iter: 1080 overflow: 0.322 HPWL: 97757467
[INFO GPL-0075] Routability iteration: 12
[INFO GPL-0036] TileBBox: (    0    0 ) (  540  540 ) DBU
[INFO GPL-0038] TileCnt:     189  116
[INFO GPL-0040] NumTiles: 21924
[INFO GPL-0081] TotalRouteOverflow: 24.5743
[INFO GPL-0082] OverflowTileCnt: 636
[INFO GPL-0083] 0.5%RC: 1.0973
[INFO GPL-0084] 1.0%RC: 1.0765
[INFO GPL-0085] 2.0%RC: 1.0529
[INFO GPL-0086] 5.0%RC: 1.0170
[INFO GPL-0087] FinalRC: 1.0869254
[INFO GPL-0078] FinalRC lower than minRC (1.0884), min RC updated.
[INFO GPL-0045] InflatedAreaDelta:       29.768 um^2 (+1.01%)
[INFO GPL-0046] TargetDensity:            0.764
[INFO GPL-0049] WhiteSpaceArea:        5726.514 um^2
[INFO GPL-0050] NesterovInstsArea:     2957.332 um^2
[INFO GPL-0051] TotalFillerArea:       1418.589 um^2
[INFO GPL-0052] TotalGCellsArea:       4375.921 um^2
[INFO GPL-0053] ExpectedGCellsArea:    4405.689 um^2
[INFO GPL-0054] NewTargetDensity:         0.769
[INFO GPL-0055] NewWhiteSpaceArea:     5726.514 um^2
[INFO GPL-0056] MovableArea:           4405.689 um^2
[INFO GPL-0057] NewNesterovInstArea:   2987.100 um^2
[INFO GPL-0058] NewTotalFillerArea:    1418.589 um^2
[INFO GPL-0059] NewTotalGCellsArea:    4405.689 um^2
[INFO GPL-0089] Routability: revert back to snapshot
[NesterovSolve] Iter: 1090 overflow: 0.625 HPWL: 71691640
[NesterovSolve] Iter: 1100 overflow: 0.511 HPWL: 91342280
[NesterovSolve] Iter: 1110 overflow: 0.470 HPWL: 94365661
[NesterovSolve] Iter: 1120 overflow: 0.430 HPWL: 94140058
[NesterovSolve] Iter: 1130 overflow: 0.394 HPWL: 93271819
[NesterovSolve] Iter: 1140 overflow: 0.350 HPWL: 97404266
[NesterovSolve] Iter: 1150 overflow: 0.317 HPWL: 98233118
[INFO GPL-0075] Routability iteration: 13
[INFO GPL-0036] TileBBox: (    0    0 ) (  540  540 ) DBU
[INFO GPL-0038] TileCnt:     189  116
[INFO GPL-0040] NumTiles: 21924
[INFO GPL-0081] TotalRouteOverflow: 26.8385
[INFO GPL-0082] OverflowTileCnt: 628
[INFO GPL-0083] 0.5%RC: 1.1053
[INFO GPL-0084] 1.0%RC: 1.0826
[INFO GPL-0085] 2.0%RC: 1.0575
[INFO GPL-0086] 5.0%RC: 1.0179
[INFO GPL-0087] FinalRC: 1.0939072
[INFO GPL-0079] MinRC (1.0869254) violation occurred, total count: 1.
[INFO GPL-0045] InflatedAreaDelta:       33.019 um^2 (+1.11%)
[INFO GPL-0046] TargetDensity:            0.769
[INFO GPL-0049] WhiteSpaceArea:        5726.514 um^2
[INFO GPL-0050] NesterovInstsArea:     2987.100 um^2
[INFO GPL-0051] TotalFillerArea:       1418.589 um^2
[INFO GPL-0052] TotalGCellsArea:       4405.689 um^2
[INFO GPL-0053] ExpectedGCellsArea:    4438.707 um^2
[INFO GPL-0054] NewTargetDensity:         0.775
[INFO GPL-0055] NewWhiteSpaceArea:     5726.514 um^2
[INFO GPL-0056] MovableArea:           4438.707 um^2
[INFO GPL-0057] NewNesterovInstArea:   3020.119 um^2
[INFO GPL-0058] NewTotalFillerArea:    1418.588 um^2
[INFO GPL-0059] NewTotalGCellsArea:    4438.707 um^2
[INFO GPL-0089] Routability: revert back to snapshot
[NesterovSolve] Iter: 1160 overflow: 0.570 HPWL: 81443737
[NesterovSolve] Iter: 1170 overflow: 0.504 HPWL: 93922728
[NesterovSolve] Iter: 1180 overflow: 0.458 HPWL: 95287334
[NesterovSolve] Iter: 1190 overflow: 0.420 HPWL: 94369380
[NesterovSolve] Iter: 1200 overflow: 0.384 HPWL: 94365470
[NesterovSolve] Iter: 1210 overflow: 0.340 HPWL: 98357613
[NesterovSolve] Iter: 1220 overflow: 0.309 HPWL: 98339109
[INFO GPL-0075] Routability iteration: 14
[INFO GPL-0036] TileBBox: (    0    0 ) (  540  540 ) DBU
[INFO GPL-0038] TileCnt:     189  116
[INFO GPL-0040] NumTiles: 21924
[INFO GPL-0081] TotalRouteOverflow: 21.6139
[INFO GPL-0082] OverflowTileCnt: 566
[INFO GPL-0083] 0.5%RC: 1.0949
[INFO GPL-0084] 1.0%RC: 1.0732
[INFO GPL-0085] 2.0%RC: 1.0478
[INFO GPL-0086] 5.0%RC: 1.0118
[INFO GPL-0087] FinalRC: 1.0840715
[INFO GPL-0078] FinalRC lower than minRC (1.0869), min RC updated.
[INFO GPL-0045] InflatedAreaDelta:       26.699 um^2 (+0.88%)
[INFO GPL-0046] TargetDensity:            0.775
[INFO GPL-0049] WhiteSpaceArea:        5726.514 um^2
[INFO GPL-0050] NesterovInstsArea:     3020.119 um^2
[INFO GPL-0051] TotalFillerArea:       1418.588 um^2
[INFO GPL-0052] TotalGCellsArea:       4438.707 um^2
[INFO GPL-0053] ExpectedGCellsArea:    4465.406 um^2
[INFO GPL-0054] NewTargetDensity:         0.780
[INFO GPL-0055] NewWhiteSpaceArea:     5726.514 um^2
[INFO GPL-0056] MovableArea:           4465.406 um^2
[INFO GPL-0057] NewNesterovInstArea:   3046.818 um^2
[INFO GPL-0058] NewTotalFillerArea:    1418.588 um^2
[INFO GPL-0059] NewTotalGCellsArea:    4465.406 um^2
[INFO GPL-0089] Routability: revert back to snapshot
[NesterovSolve] Iter: 1230 overflow: 0.538 HPWL: 86488789
[NesterovSolve] Iter: 1240 overflow: 0.497 HPWL: 95357619
[NesterovSolve] Iter: 1250 overflow: 0.449 HPWL: 95938226
[NesterovSolve] Iter: 1260 overflow: 0.412 HPWL: 94238065
[NesterovSolve] Iter: 1270 overflow: 0.377 HPWL: 95964694
[NesterovSolve] Iter: 1280 overflow: 0.334 HPWL: 98957418
[NesterovSolve] Iter: 1290 overflow: 0.305 HPWL: 98357111
[INFO GPL-0075] Routability iteration: 15
[INFO GPL-0036] TileBBox: (    0    0 ) (  540  540 ) DBU
[INFO GPL-0038] TileCnt:     189  116
[INFO GPL-0040] NumTiles: 21924
[INFO GPL-0081] TotalRouteOverflow: 22.7033
[INFO GPL-0082] OverflowTileCnt: 573
[INFO GPL-0083] 0.5%RC: 1.0935
[INFO GPL-0084] 1.0%RC: 1.0724
[INFO GPL-0085] 2.0%RC: 1.0501
[INFO GPL-0086] 5.0%RC: 1.0129
[INFO GPL-0087] FinalRC: 1.0829655
[INFO GPL-0078] FinalRC lower than minRC (1.0841), min RC updated.
[INFO GPL-0045] InflatedAreaDelta:       29.504 um^2 (+0.97%)
[INFO GPL-0046] TargetDensity:            0.780
[INFO GPL-0049] WhiteSpaceArea:        5726.514 um^2
[INFO GPL-0050] NesterovInstsArea:     3046.818 um^2
[INFO GPL-0051] TotalFillerArea:       1418.588 um^2
[INFO GPL-0052] TotalGCellsArea:       4465.406 um^2
[INFO GPL-0053] ExpectedGCellsArea:    4494.911 um^2
[INFO GPL-0054] NewTargetDensity:         0.785
[INFO GPL-0055] NewWhiteSpaceArea:     5726.514 um^2
[INFO GPL-0056] MovableArea:           4494.910 um^2
[INFO GPL-0057] NewNesterovInstArea:   3076.322 um^2
[INFO GPL-0058] NewTotalFillerArea:    1418.588 um^2
[INFO GPL-0059] NewTotalGCellsArea:    4494.910 um^2
[INFO GPL-0089] Routability: revert back to snapshot
[NesterovSolve] Iter: 1300 overflow: 0.519 HPWL: 89197387
[NesterovSolve] Iter: 1310 overflow: 0.486 HPWL: 96340206
[NesterovSolve] Iter: 1320 overflow: 0.441 HPWL: 96342299
[NesterovSolve] Iter: 1330 overflow: 0.405 HPWL: 94258571
[NesterovSolve] Iter: 1340 overflow: 0.367 HPWL: 97498809
[NesterovSolve] Iter: 1350 overflow: 0.328 HPWL: 99351828
[NesterovSolve] Iter: 1360 overflow: 0.298 HPWL: 98764009
[INFO GPL-0075] Routability iteration: 16
[INFO GPL-0036] TileBBox: (    0    0 ) (  540  540 ) DBU
[INFO GPL-0038] TileCnt:     189  116
[INFO GPL-0040] NumTiles: 21924
[INFO GPL-0081] TotalRouteOverflow: 22.7676
[INFO GPL-0082] OverflowTileCnt: 616
[INFO GPL-0083] 0.5%RC: 1.0849
[INFO GPL-0084] 1.0%RC: 1.0684
[INFO GPL-0085] 2.0%RC: 1.0486
[INFO GPL-0086] 5.0%RC: 1.0143
[INFO GPL-0087] FinalRC: 1.0766493
[INFO GPL-0078] FinalRC lower than minRC (1.0830), min RC updated.
[INFO GPL-0045] InflatedAreaDelta:       25.956 um^2 (+0.84%)
[INFO GPL-0046] TargetDensity:            0.785
[INFO GPL-0049] WhiteSpaceArea:        5726.514 um^2
[INFO GPL-0050] NesterovInstsArea:     3076.322 um^2
[INFO GPL-0051] TotalFillerArea:       1418.588 um^2
[INFO GPL-0052] TotalGCellsArea:       4494.910 um^2
[INFO GPL-0053] ExpectedGCellsArea:    4520.866 um^2
[INFO GPL-0054] NewTargetDensity:         0.789
[INFO GPL-0055] NewWhiteSpaceArea:     5726.514 um^2
[INFO GPL-0056] MovableArea:           4520.866 um^2
[INFO GPL-0057] NewNesterovInstArea:   3102.278 um^2
[INFO GPL-0058] NewTotalFillerArea:    1418.588 um^2
[INFO GPL-0059] NewTotalGCellsArea:    4520.866 um^2
[INFO GPL-0089] Routability: revert back to snapshot
[NesterovSolve] Iter: 1370 overflow: 0.510 HPWL: 91868114
[NesterovSolve] Iter: 1380 overflow: 0.476 HPWL: 96996354
[NesterovSolve] Iter: 1390 overflow: 0.434 HPWL: 96432554
[NesterovSolve] Iter: 1400 overflow: 0.397 HPWL: 94514901
[NesterovSolve] Iter: 1410 overflow: 0.357 HPWL: 98747669
[NesterovSolve] Iter: 1420 overflow: 0.323 HPWL: 99229514
[INFO GPL-0075] Routability iteration: 17
[INFO GPL-0036] TileBBox: (    0    0 ) (  540  540 ) DBU
[INFO GPL-0038] TileCnt:     189  116
[INFO GPL-0040] NumTiles: 21924
[INFO GPL-0081] TotalRouteOverflow: 23.0130
[INFO GPL-0082] OverflowTileCnt: 621
[INFO GPL-0083] 0.5%RC: 1.0922
[INFO GPL-0084] 1.0%RC: 1.0709
[INFO GPL-0085] 2.0%RC: 1.0494
[INFO GPL-0086] 5.0%RC: 1.0141
[INFO GPL-0087] FinalRC: 1.0815604
[INFO GPL-0079] MinRC (1.0766493) violation occurred, total count: 1.
[INFO GPL-0045] InflatedAreaDelta:       27.162 um^2 (+0.88%)
[INFO GPL-0046] TargetDensity:            0.789
[INFO GPL-0049] WhiteSpaceArea:        5726.514 um^2
[INFO GPL-0050] NesterovInstsArea:     3102.278 um^2
[INFO GPL-0051] TotalFillerArea:       1418.588 um^2
[INFO GPL-0052] TotalGCellsArea:       4520.866 um^2
[INFO GPL-0053] ExpectedGCellsArea:    4548.028 um^2
[INFO GPL-0054] NewTargetDensity:         0.794
[INFO GPL-0055] NewWhiteSpaceArea:     5726.514 um^2
[INFO GPL-0056] MovableArea:           4548.028 um^2
[INFO GPL-0057] NewNesterovInstArea:   3129.440 um^2
[INFO GPL-0058] NewTotalFillerArea:    1418.588 um^2
[INFO GPL-0059] NewTotalGCellsArea:    4548.028 um^2
[INFO GPL-0089] Routability: revert back to snapshot
[NesterovSolve] Iter: 1430 overflow: 0.597 HPWL: 77756981
[NesterovSolve] Iter: 1440 overflow: 0.503 HPWL: 95978205
[NesterovSolve] Iter: 1450 overflow: 0.462 HPWL: 97626981
[NesterovSolve] Iter: 1460 overflow: 0.422 HPWL: 95976589
[NesterovSolve] Iter: 1470 overflow: 0.388 HPWL: 96028470
[NesterovSolve] Iter: 1480 overflow: 0.343 HPWL: 99950328
[NesterovSolve] Iter: 1490 overflow: 0.313 HPWL: 99357328
[INFO GPL-0075] Routability iteration: 18
[INFO GPL-0036] TileBBox: (    0    0 ) (  540  540 ) DBU
[INFO GPL-0038] TileCnt:     189  116
[INFO GPL-0040] NumTiles: 21924
[INFO GPL-0081] TotalRouteOverflow: 22.4707
[INFO GPL-0082] OverflowTileCnt: 601
[INFO GPL-0083] 0.5%RC: 1.0901
[INFO GPL-0084] 1.0%RC: 1.0716
[INFO GPL-0085] 2.0%RC: 1.0490
[INFO GPL-0086] 5.0%RC: 1.0134
[INFO GPL-0087] FinalRC: 1.0808516
[INFO GPL-0079] MinRC (1.0766493) violation occurred, total count: 2.
[INFO GPL-0045] InflatedAreaDelta:       28.284 um^2 (+0.90%)
[INFO GPL-0046] TargetDensity:            0.794
[INFO GPL-0049] WhiteSpaceArea:        5726.514 um^2
[INFO GPL-0050] NesterovInstsArea:     3129.440 um^2
[INFO GPL-0051] TotalFillerArea:       1418.588 um^2
[INFO GPL-0052] TotalGCellsArea:       4548.028 um^2
[INFO GPL-0053] ExpectedGCellsArea:    4576.312 um^2
[INFO GPL-0054] NewTargetDensity:         0.799
[INFO GPL-0055] NewWhiteSpaceArea:     5726.514 um^2
[INFO GPL-0056] MovableArea:           4576.312 um^2
[INFO GPL-0057] NewNesterovInstArea:   3157.724 um^2
[INFO GPL-0058] NewTotalFillerArea:    1418.589 um^2
[INFO GPL-0059] NewTotalGCellsArea:    4576.312 um^2
[INFO GPL-0089] Routability: revert back to snapshot
[NesterovSolve] Iter: 1500 overflow: 0.531 HPWL: 88154914
[NesterovSolve] Iter: 1510 overflow: 0.491 HPWL: 98256181
[NesterovSolve] Iter: 1520 overflow: 0.447 HPWL: 98151112
[NesterovSolve] Iter: 1530 overflow: 0.408 HPWL: 95416139
[NesterovSolve] Iter: 1540 overflow: 0.372 HPWL: 98189704
[NesterovSolve] Iter: 1550 overflow: 0.333 HPWL: 100481627
[NesterovSolve] Iter: 1560 overflow: 0.300 HPWL: 99458351
[INFO GPL-0075] Routability iteration: 19
[INFO GPL-0036] TileBBox: (    0    0 ) (  540  540 ) DBU
[INFO GPL-0038] TileCnt:     189  116
[INFO GPL-0040] NumTiles: 21924
[INFO GPL-0081] TotalRouteOverflow: 22.6056
[INFO GPL-0082] OverflowTileCnt: 583
[INFO GPL-0083] 0.5%RC: 1.0932
[INFO GPL-0084] 1.0%RC: 1.0727
[INFO GPL-0085] 2.0%RC: 1.0494
[INFO GPL-0086] 5.0%RC: 1.0130
[INFO GPL-0087] FinalRC: 1.0829351
[INFO GPL-0079] MinRC (1.0766493) violation occurred, total count: 3.
[INFO GPL-0045] InflatedAreaDelta:       30.871 um^2 (+0.98%)
[INFO GPL-0046] TargetDensity:            0.799
Revert Routability Procedure. Target density higher than max, or minRC max violations.
[INFO GPL-0080] minRcViolatedCnt: 3
[INFO GPL-0047] SavedMinRC: 1.0766
[INFO GPL-0048] SavedTargetDensity: 0.7849
[INFO GPL-0089] Routability: revert back to snapshot
[NesterovSolve] Iter: 1570 overflow: 0.509 HPWL: 89410545
[NesterovSolve] Iter: 1580 overflow: 0.473 HPWL: 95968237
[NesterovSolve] Iter: 1590 overflow: 0.431 HPWL: 96010606
[NesterovSolve] Iter: 1600 overflow: 0.395 HPWL: 94124891
[NesterovSolve] Iter: 1610 overflow: 0.356 HPWL: 97592513
[NesterovSolve] Iter: 1620 overflow: 0.320 HPWL: 99280321
[NesterovSolve] Iter: 1630 overflow: 0.287 HPWL: 98717383
[INFO GPL-0100] Timing-driven iteration 3/5, virtual: false.
[INFO GPL-0101]    Iter: 1631, overflow: 0.284, keep rsz at: 0.3, HPWL: 98798897
Iteration |   Area    | Resized | Buffers | Nets repaired | Remaining
---------------------------------------------------------------------
        0 |     +0.0% |       0 |       0 |             0 |     19431
    final |     +6.3% |    3260 |      21 |             1 |         0
---------------------------------------------------------------------
[INFO RSZ-0034] Found 1 slew violations.
[INFO RSZ-0039] Resized 3260 instances.
[INFO RSZ-0038] Inserted 21 buffers in 1 nets.
[INFO GPL-0106] Timing-driven: worst slack -2.76e-10
[INFO GPL-0103] Timing-driven: weighted 1939 nets.
[INFO GPL-0107] Timing-driven: repair_design delta area: 61.369 um^2 (+1.94%)
[INFO GPL-0108] Timing-driven: repair_design, gpl cells created: 21 (+0.00%)
[INFO GPL-0109] Timing-driven: inserted buffers as reported by repair_design: 21
[INFO GPL-0110] Timing-driven: new target density: 0.8098613
[NesterovSolve] Iter: 1640 overflow: 0.253 HPWL: 97025243
[NesterovSolve] Iter: 1650 overflow: 0.220 HPWL: 97447748
[INFO GPL-0100] Timing-driven iteration 4/5, virtual: false.
[INFO GPL-0101]    Iter: 1656, overflow: 0.204, keep rsz at: 0.3, HPWL: 97625564
Iteration |   Area    | Resized | Buffers | Nets repaired | Remaining
---------------------------------------------------------------------
        0 |     +0.0% |       0 |       0 |             0 |     19431
    final |     +1.1% |     630 |       1 |             1 |         0
---------------------------------------------------------------------
[INFO RSZ-0034] Found 1 slew violations.
[INFO RSZ-0039] Resized 630 instances.
[INFO RSZ-0038] Inserted 1 buffers in 1 nets.
[INFO GPL-0106] Timing-driven: worst slack -2.57e-10
[INFO GPL-0103] Timing-driven: weighted 1940 nets.
[INFO GPL-0107] Timing-driven: repair_design delta area: 23.381 um^2 (+0.75%)
[INFO GPL-0108] Timing-driven: repair_design, gpl cells created: 1 (+0.00%)
[INFO GPL-0109] Timing-driven: inserted buffers as reported by repair_design: 1
[INFO GPL-0110] Timing-driven: new target density: 0.8139443
[NesterovSolve] Iter: 1660 overflow: 0.194 HPWL: 98356303
[NesterovSolve] Iter: 1670 overflow: 0.168 HPWL: 98536909
[NesterovSolve] Iter: 1680 overflow: 0.144 HPWL: 98876567
[INFO GPL-0100] Timing-driven iteration 5/5, virtual: false.
[INFO GPL-0101]    Iter: 1680, overflow: 0.144, keep rsz at: 0.3, HPWL: 98876567
Iteration |   Area    | Resized | Buffers | Nets repaired | Remaining
---------------------------------------------------------------------
        0 |     +0.0% |       0 |       0 |             0 |     19431
    final |     +0.2% |     238 |       0 |             0 |         0
---------------------------------------------------------------------
[INFO RSZ-0039] Resized 238 instances.
[INFO GPL-0106] Timing-driven: worst slack -2.48e-10
[INFO GPL-0103] Timing-driven: weighted 1942 nets.
[INFO GPL-0107] Timing-driven: repair_design delta area: 4.965 um^2 (+0.16%)
[INFO GPL-0108] Timing-driven: repair_design, gpl cells created: 0 (+0.00%)
[INFO GPL-0109] Timing-driven: inserted buffers as reported by repair_design: 0
[INFO GPL-0110] Timing-driven: new target density: 0.8148114
[NesterovSolve] Iter: 1690 overflow: 0.122 HPWL: 99089432
[NesterovSolve] Iter: 1700 overflow: 0.103 HPWL: 99248443
[NesterovSolve] Finished with Overflow: 0.099733
Took 96 seconds: global_placement -density 0.6534157967567444 -pad_left 0 -pad_right 0 -routability_driven -timing_driven
Report metrics stage 3, global place...

==========================================================================
global place report_design_area
--------------------------------------------------------------------------
Design area 2504 u^2 44% utilization.
Elapsed time: 1:50.55[h:]min:sec. CPU time: user 1011.42 sys 3.46 (918%). Peak memory: 760860KB.
