OpenROAD v2.0-19576-gec1bf1a13 
Features included (+) or not (-): +GPU +GUI +Python : None
This program is licensed under the BSD-3 license. See the LICENSE file for details.
Components of this program may be licensed under more restrictive licenses which must be honored.
[INFO ORD-0030] Using 16 thread(s).
Placement Analysis
---------------------------------
total displacement         68.6 u
average displacement        0.2 u
max displacement            0.9 u
original HPWL             655.6 u
legalized HPWL            723.7 u
delta HPWL                   10 %

Detailed placement improvement.
Importing netlist into detailed improver.
[INFO DPO-0100] Creating network with 369 cells, 54 terminals, 368 edges, 1171 pins, and 0 blockages.
[INFO DPO-0109] Network stats: inst 423, edges 368, pins 1171
[INFO DPO-0110] Number of regions is 1
[INFO DPO-0401] Setting random seed to 1.
[INFO DPO-0402] Setting maximum displacement 5 1 to 1350 270 units.
[INFO DPO-0320] Collected 108 fixed cells.
[INFO DPO-0318] Collected 315 single height cells.
[INFO DPO-0321] Collected 0 wide cells.
[INFO DPO-0322] Image (1026, 1080) - (11664, 8370)
[INFO DPO-0310] Assigned 315 cells into segments.  Movement in X-direction is 0.000000, movement in Y-direction is 0.000000.
[INFO DPO-0313] Found 0 cells in wrong regions.
[INFO DPO-0315] Found 0 row alignment problems.
[INFO DPO-0314] Found 0 site alignment problems.
[INFO DPO-0311] Found 0 overlaps between adjacent cells.
[INFO DPO-0312] Found 0 edge spacing violations and 0 padding violations.
[INFO DPO-0303] Running algorithm for independent set matching.
[INFO DPO-0300] Set matching objective is wirelength.
[INFO DPO-0301] Pass   1 of matching; objective is 7.249880e+05.
[INFO DPO-0302] End of matching; objective is 7.247225e+05, improvement is 0.04 percent.
[INFO DPO-0303] Running algorithm for global swaps.
[INFO DPO-0306] Pass   1 of global swaps; hpwl is 7.084330e+05.
[INFO DPO-0306] Pass   2 of global swaps; hpwl is 7.056475e+05.
[INFO DPO-0307] End of global swaps; objective is 7.056475e+05, improvement is 2.63 percent.
[INFO DPO-0303] Running algorithm for vertical swaps.
[INFO DPO-0308] Pass   1 of vertical swaps; hpwl is 7.029280e+05.
[INFO DPO-0309] End of vertical swaps; objective is 7.029280e+05, improvement is 0.39 percent.
[INFO DPO-0303] Running algorithm for reordering.
[INFO DPO-0304] Pass   1 of reordering; objective is 7.023360e+05.
[INFO DPO-0305] End of reordering; objective is 7.023360e+05, improvement is 0.08 percent.
[INFO DPO-0303] Running algorithm for random improvement.
[INFO DPO-0324] Random improver is using displacement generator.
[INFO DPO-0325] Random improver is using hpwl objective.
[INFO DPO-0326] Random improver cost string is (a).
[INFO DPO-0332] End of pass, Generator displacement called 6300 times.
[INFO DPO-0335] Generator displacement, Cumulative attempts 6300, swaps 886, moves  1920 since last reset.
[INFO DPO-0333] End of pass, Objective hpwl, Initial cost 7.023360e+05, Scratch cost 6.981200e+05, Incremental cost 6.981200e+05, Mismatch? N
[INFO DPO-0338] End of pass, Total cost is 6.981200e+05.
[INFO DPO-0327] Pass   1 of random improver; improvement in cost is 0.60 percent.
[INFO DPO-0328] End of random improver; improvement is 0.600282 percent.
[INFO DPO-0380] Cell flipping.
[INFO DPO-0382] Changed 157 cell orientations for row compatibility.
[INFO DPO-0383] Performed 99 cell flips.
[INFO DPO-0384] End of flipping; objective is 6.750655e+05, improvement is 3.30 percent.
[INFO DPO-0313] Found 0 cells in wrong regions.
[INFO DPO-0315] Found 0 row alignment problems.
[INFO DPO-0314] Found 0 site alignment problems.
[INFO DPO-0311] Found 0 overlaps between adjacent cells.
[INFO DPO-0312] Found 0 edge spacing violations and 0 padding violations.
Detailed Improvement Results
------------------------------------------
Original HPWL              723.7 u
Final HPWL                 672.7 u
Delta HPWL                  -7.1 %

[INFO DPL-0020] Mirrored 36 instances
[INFO DPL-0021] HPWL before             672.7 u
[INFO DPL-0022] HPWL after              672.1 u
[INFO DPL-0023] HPWL delta               -0.1 %
[INFO FLW-0012] Placement violations .
Report metrics stage 3, detailed place...

==========================================================================
detailed place report_design_area
--------------------------------------------------------------------------
Design area 38 u^2 49% utilization.
Elapsed time: 0:01.94[h:]min:sec. CPU time: user 1.90 sys 0.04 (99%). Peak memory: 215356KB.
