
==========================================================================
global place report_tns
--------------------------------------------------------------------------
tns -43434.87

==========================================================================
global place report_wns
--------------------------------------------------------------------------
wns -236.21

==========================================================================
global place report_worst_slack
--------------------------------------------------------------------------
worst slack -236.21

==========================================================================
global place report_checks -path_delay min
--------------------------------------------------------------------------
Startpoint: rst_ni (input port clocked by core_clock)
Endpoint: gen_regfile_ff.register_file_i.rf_reg_q[181]$_DFFE_PN0P_
          (removal check against rising-edge clock core_clock)
Path Group: asynchronous
Path Type: min

Fanout     Cap    Slew   Delay    Time   Description
-----------------------------------------------------------------------------
                  0.00    0.00    0.00   clock core_clock (rise edge)
                          0.00    0.00   clock network delay (ideal)
                        252.00  252.00 ^ input external delay
    58   70.90    0.00    0.00  252.00 ^ rst_ni (in)
                                         rst_ni (net)
                 70.21   22.15  274.15 ^ gen_regfile_ff.register_file_i.rf_reg_q[181]$_DFFE_PN0P_/SETN (DFFASRHQNx1_ASAP7_75t_R)
                                274.15   data arrival time

                  0.00    0.00    0.00   clock core_clock (rise edge)
                          0.00    0.00   clock network delay (ideal)
                          0.00    0.00   clock reconvergence pessimism
                                  0.00 ^ gen_regfile_ff.register_file_i.rf_reg_q[181]$_DFFE_PN0P_/CLK (DFFASRHQNx1_ASAP7_75t_R)
                         11.72   11.72   library removal time
                                 11.72   data required time
-----------------------------------------------------------------------------
                                 11.72   data required time
                               -274.15   data arrival time
-----------------------------------------------------------------------------
                                262.43   slack (MET)


Startpoint: core_clock_gate_i.en_latch$_DLATCH_N_
            (negative level-sensitive latch clocked by core_clock)
Endpoint: _35046_ (rising clock gating-check end-point clocked by core_clock)
Path Group: gated clock
Path Type: min

Fanout     Cap    Slew   Delay    Time   Description
-----------------------------------------------------------------------------
                  0.00  630.00  630.00   clock core_clock (fall edge)
                          0.00  630.00   clock network delay (ideal)
                  0.00    0.00  630.00 v core_clock_gate_i.en_latch$_DLATCH_N_/CLK (DLLx1_ASAP7_75t_R)
     1    0.33    6.25   17.30  647.30 ^ core_clock_gate_i.en_latch$_DLATCH_N_/Q (DLLx1_ASAP7_75t_R)
                                         core_clock_gate_i.en_latch (net)
                  6.25    0.00  647.30 ^ _35046_/B (AND2x2_ASAP7_75t_R)
                                647.30   data arrival time

                  0.00  630.00  630.00   clock core_clock (fall edge)
                          0.00  630.00   clock network delay (ideal)
                          0.00  630.00   clock reconvergence pessimism
                                630.00 v _35046_/A (AND2x2_ASAP7_75t_R)
                          0.00  630.00   clock gating hold time
                                630.00   data required time
-----------------------------------------------------------------------------
                                630.00   data required time
                               -647.30   data arrival time
-----------------------------------------------------------------------------
                                 17.30   slack (MET)


Startpoint: id_stage_i.imd_val_q[8]$_DFFE_PN0P_
            (rising edge-triggered flip-flop clocked by core_clock)
Endpoint: id_stage_i.imd_val_q[8]$_DFFE_PN0P_
          (rising edge-triggered flip-flop clocked by core_clock)
Path Group: core_clock
Path Type: min

Fanout     Cap    Slew   Delay    Time   Description
-----------------------------------------------------------------------------
                  0.00    0.00    0.00   clock core_clock (rise edge)
                          0.00    0.00   clock network delay (ideal)
                  0.00    0.00    0.00 ^ id_stage_i.imd_val_q[8]$_DFFE_PN0P_/CLK (DFFASRHQNx1_ASAP7_75t_R)
     2    1.29   17.14   38.20   38.20 ^ id_stage_i.imd_val_q[8]$_DFFE_PN0P_/QN (DFFASRHQNx1_ASAP7_75t_R)
                                         _01744_ (net)
                 17.14    0.03   38.23 ^ _32629_/A1 (AOI21x1_ASAP7_75t_R)
     1    0.59    5.54    8.65   46.88 v _32629_/Y (AOI21x1_ASAP7_75t_R)
                                         _03921_ (net)
                  5.54    0.00   46.89 v id_stage_i.imd_val_q[8]$_DFFE_PN0P_/D (DFFASRHQNx1_ASAP7_75t_R)
                                 46.89   data arrival time

                  0.00    0.00    0.00   clock core_clock (rise edge)
                          0.00    0.00   clock network delay (ideal)
                          0.00    0.00   clock reconvergence pessimism
                                  0.00 ^ id_stage_i.imd_val_q[8]$_DFFE_PN0P_/CLK (DFFASRHQNx1_ASAP7_75t_R)
                          9.35    9.35   library hold time
                                  9.35   data required time
-----------------------------------------------------------------------------
                                  9.35   data required time
                                -46.89   data arrival time
-----------------------------------------------------------------------------
                                 37.54   slack (MET)



==========================================================================
global place report_checks -path_delay max
--------------------------------------------------------------------------
Startpoint: rst_ni (input port clocked by core_clock)
Endpoint: gen_regfile_ff.register_file_i.rf_reg_q[556]$_DFFE_PN0P_
          (recovery check against rising-edge clock core_clock)
Path Group: asynchronous
Path Type: max

Fanout     Cap    Slew   Delay    Time   Description
-----------------------------------------------------------------------------
                  0.00    0.00    0.00   clock core_clock (rise edge)
                          0.00    0.00   clock network delay (ideal)
                        252.00  252.00 ^ input external delay
    58   86.98    0.00    0.00  252.00 ^ rst_ni (in)
                                         rst_ni (net)
                 89.82   28.34  280.34 ^ load_slew35/A (BUFx24_ASAP7_75t_R)
    93  123.40   58.23   41.75  322.08 ^ load_slew35/Y (BUFx24_ASAP7_75t_R)
                                         net57 (net)
                 95.56   24.02  346.11 ^ load_slew34/A (BUFx16f_ASAP7_75t_R)
    60   84.80   49.93   34.13  380.24 ^ load_slew34/Y (BUFx16f_ASAP7_75t_R)
                                         net56 (net)
                 98.66   28.66  408.90 ^ load_slew33/A (BUFx24_ASAP7_75t_R)
    87  118.27   27.54   37.83  446.72 ^ load_slew33/Y (BUFx24_ASAP7_75t_R)
                                         net55 (net)
                243.51   76.56  523.28 ^ load_slew32/A (BUFx24_ASAP7_75t_R)
    83  108.84   56.54   61.98  585.26 ^ load_slew32/Y (BUFx24_ASAP7_75t_R)
                                         net54 (net)
                 78.14   18.34  603.60 ^ gen_regfile_ff.register_file_i.rf_reg_q[556]$_DFFE_PN0P_/SETN (DFFASRHQNx1_ASAP7_75t_R)
                                603.60   data arrival time

                  0.00 1260.00 1260.00   clock core_clock (rise edge)
                          0.00 1260.00   clock network delay (ideal)
                          0.00 1260.00   clock reconvergence pessimism
                               1260.00 ^ gen_regfile_ff.register_file_i.rf_reg_q[556]$_DFFE_PN0P_/CLK (DFFASRHQNx1_ASAP7_75t_R)
                         -6.62 1253.38   library recovery time
                               1253.38   data required time
-----------------------------------------------------------------------------
                               1253.38   data required time
                               -603.60   data arrival time
-----------------------------------------------------------------------------
                                649.78   slack (MET)


Startpoint: core_clock_gate_i.en_latch$_DLATCH_N_
            (negative level-sensitive latch clocked by core_clock)
Endpoint: _35046_ (rising clock gating-check end-point clocked by core_clock)
Path Group: gated clock
Path Type: max

Fanout     Cap    Slew   Delay    Time   Description
-----------------------------------------------------------------------------
                  0.00  630.00  630.00   clock core_clock (fall edge)
                          0.00  630.00   clock network delay (ideal)
                  0.00    0.00  630.00 v core_clock_gate_i.en_latch$_DLATCH_N_/CLK (DLLx1_ASAP7_75t_R)
     1    0.58    7.58   27.19  657.19 v core_clock_gate_i.en_latch$_DLATCH_N_/Q (DLLx1_ASAP7_75t_R)
                                         core_clock_gate_i.en_latch (net)
                  7.58    0.00  657.19 v _35046_/B (AND2x2_ASAP7_75t_R)
                                657.19   data arrival time

                  0.00 1260.00 1260.00   clock core_clock (rise edge)
                          0.00 1260.00   clock network delay (ideal)
                          0.00 1260.00   clock reconvergence pessimism
                               1260.00 ^ _35046_/A (AND2x2_ASAP7_75t_R)
                          0.00 1260.00   clock gating setup time
                               1260.00   data required time
-----------------------------------------------------------------------------
                               1260.00   data required time
                               -657.19   data arrival time
-----------------------------------------------------------------------------
                                602.81   slack (MET)


Startpoint: if_stage_i.instr_rdata_alu_id_o[21]$_DFFE_PN_
            (rising edge-triggered flip-flop clocked by core_clock)
Endpoint: gen_regfile_ff.register_file_i.rf_reg_q[413]$_DFFE_PN0P_
          (rising edge-triggered flip-flop clocked by core_clock)
Path Group: core_clock
Path Type: max

Fanout     Cap    Slew   Delay    Time   Description
-----------------------------------------------------------------------------
                  0.00    0.00    0.00   clock core_clock (rise edge)
                          0.00    0.00   clock network delay (ideal)
                  0.00    0.00    0.00 ^ if_stage_i.instr_rdata_alu_id_o[21]$_DFFE_PN_/CLK (DFFHQNx2_ASAP7_75t_R)
     5    6.38   30.61   49.94   49.94 v if_stage_i.instr_rdata_alu_id_o[21]$_DFFE_PN_/QN (DFFHQNx2_ASAP7_75t_R)
                                         _01552_ (net)
                 30.62    0.25   50.19 v _19184_/A (BUFx6f_ASAP7_75t_R)
     5    8.26   11.29   21.64   71.83 v _19184_/Y (BUFx6f_ASAP7_75t_R)
                                         _13455_ (net)
                 11.29    0.02   71.85 v _19185_/A (BUFx12f_ASAP7_75t_R)
    11   11.55    9.88   15.18   87.04 v _19185_/Y (BUFx12f_ASAP7_75t_R)
                                         _13456_ (net)
                 13.04    2.89   89.93 v _19186_/A (BUFx6f_ASAP7_75t_R)
     6    7.39    9.93   16.64  106.57 v _19186_/Y (BUFx6f_ASAP7_75t_R)
                                         _13457_ (net)
                  9.93    0.16  106.73 v _19187_/A (BUFx12f_ASAP7_75t_R)
     6   16.46   12.62   14.89  121.62 v _19187_/Y (BUFx12f_ASAP7_75t_R)
                                         _13458_ (net)
                 23.48    6.42  128.03 v _21306_/A (BUFx12f_ASAP7_75t_R)
     6   10.73    9.46   19.12  147.15 v _21306_/Y (BUFx12f_ASAP7_75t_R)
                                         _15503_ (net)
                  9.46    0.12  147.28 v _21375_/A (BUFx10_ASAP7_75t_R)
    10   17.07   16.22   19.04  166.32 v _21375_/Y (BUFx10_ASAP7_75t_R)
                                         _15572_ (net)
                 23.11    5.36  171.68 v _21376_/A (BUFx4f_ASAP7_75t_R)
    10    9.99   18.02   22.08  193.75 v _21376_/Y (BUFx4f_ASAP7_75t_R)
                                         _15573_ (net)
                 18.34    1.38  195.13 v _22156_/A1 (OA211x2_ASAP7_75t_R)
     1    0.77    9.41   23.89  219.02 v _22156_/Y (OA211x2_ASAP7_75t_R)
                                         _16331_ (net)
                  9.41    0.02  219.04 v _22160_/C (OR3x1_ASAP7_75t_R)
     1    0.75    9.77   24.24  243.28 v _22160_/Y (OR3x1_ASAP7_75t_R)
                                         _16335_ (net)
                  9.77    0.02  243.30 v _22161_/B (AND3x1_ASAP7_75t_R)
     1    0.71    6.70   13.88  257.18 v _22161_/Y (AND3x1_ASAP7_75t_R)
                                         _16336_ (net)
                  6.70    0.01  257.19 v _22178_/C (OR3x4_ASAP7_75t_R)
     2    4.19   19.17   42.67  299.86 v _22178_/Y (OR3x4_ASAP7_75t_R)
                                         _16353_ (net)
                 19.54    1.36  301.22 v _22179_/A (AND2x4_ASAP7_75t_R)
     6    7.61   16.37   24.10  325.32 v _22179_/Y (AND2x4_ASAP7_75t_R)
                                         _16354_ (net)
                 18.07    2.77  328.10 v _24175_/A2 (AO21x2_ASAP7_75t_R)
     8    7.59   24.75   28.57  356.67 v _24175_/Y (AO21x2_ASAP7_75t_R)
                                         _05187_ (net)
                 25.13    1.71  358.38 v _24418_/B (NAND2x2_ASAP7_75t_R)
     2    3.05   17.75   16.27  374.64 ^ _24418_/Y (NAND2x2_ASAP7_75t_R)
                                         _17865_ (net)
                 17.75    0.03  374.68 ^ _24419_/A (INVx2_ASAP7_75t_R)
     2    3.76   13.65   10.58  385.26 v _24419_/Y (INVx2_ASAP7_75t_R)
                                         _17820_ (net)
                 13.65    0.07  385.33 v _35401_/A (FAx1_ASAP7_75t_R)
     8   17.23  259.22  119.14  504.47 ^ _35401_/CON (FAx1_ASAP7_75t_R)
                                         _17962_ (net)
     4    7.79  181.09   92.19  596.66 v _35401_/SN (FAx1_ASAP7_75t_R)
                                         _17914_ (net)
                181.10    0.60  597.26 v _35040_/A (INVx2_ASAP7_75t_R)
     2    3.79   41.88   32.48  629.74 ^ _35040_/Y (INVx2_ASAP7_75t_R)
                                         _17913_ (net)
                 41.88    0.05  629.80 ^ _35461_/CI (FAx1_ASAP7_75t_R)
     7   11.92  189.32  205.52  835.32 v _35461_/SN (FAx1_ASAP7_75t_R)
                                         _18080_ (net)
                189.32    0.09  835.41 v _35462_/A (FAx1_ASAP7_75t_R)
     1    2.31   75.61   60.34  895.75 ^ _35462_/CON (FAx1_ASAP7_75t_R)
                                         _18122_ (net)
     1    0.79   56.68   20.70  916.45 v _35462_/SN (FAx1_ASAP7_75t_R)
                                         _18479_ (net)
                 56.68    0.02  916.47 v _34879_/A (INVx1_ASAP7_75t_R)
     1    2.17   26.28   21.08  937.55 ^ _34879_/Y (INVx1_ASAP7_75t_R)
                                         _18081_ (net)
                 26.28    0.07  937.62 ^ _35463_/A (FAx1_ASAP7_75t_R)
     1    0.82   24.85   38.51  976.12 v _35463_/SN (FAx1_ASAP7_75t_R)
                                         _18480_ (net)
                 24.85    0.02  976.14 v _34816_/A (INVx1_ASAP7_75t_R)
     1    1.78   16.95   13.61  989.75 ^ _34816_/Y (INVx1_ASAP7_75t_R)
                                         _18083_ (net)
                 16.95    0.05  989.80 ^ _35467_/CI (FAx1_ASAP7_75t_R)
     1    0.89   28.15   36.53 1026.34 v _35467_/SN (FAx1_ASAP7_75t_R)
                                         _18484_ (net)
                 28.15    0.03 1026.37 v _34856_/A (INVx1_ASAP7_75t_R)
     1    2.33   20.80   16.28 1042.64 ^ _34856_/Y (INVx1_ASAP7_75t_R)
                                         _18092_ (net)
                 20.80    0.07 1042.71 ^ _35468_/B (FAx1_ASAP7_75t_R)
     1    1.17   32.66   41.85 1084.57 v _35468_/SN (FAx1_ASAP7_75t_R)
                                         _18486_ (net)
                 32.66    0.04 1084.60 v _35578_/B (HAxp5_ASAP7_75t_R)
     4    3.71   76.27   69.28 1153.89 v _35578_/SN (HAxp5_ASAP7_75t_R)
                                         _00252_ (net)
                 76.27    0.04 1153.93 v _29453_/B (AO21x1_ASAP7_75t_R)
     1    0.70    8.51   25.71 1179.64 v _29453_/Y (AO21x1_ASAP7_75t_R)
                                         _09481_ (net)
                  8.51    0.01 1179.65 v _29454_/A2 (AO21x1_ASAP7_75t_R)
     2    1.15   10.08   15.79 1195.43 v _29454_/Y (AO21x1_ASAP7_75t_R)
                                         _09482_ (net)
                 10.08    0.00 1195.44 v _29488_/A2 (AO21x1_ASAP7_75t_R)
     1    0.76    8.40   15.04 1210.47 v _29488_/Y (AO21x1_ASAP7_75t_R)
                                         _09514_ (net)
                  8.40    0.02 1210.49 v _29489_/A2 (AO21x1_ASAP7_75t_R)
     2    1.25   10.79   16.04 1226.52 v _29489_/Y (AO21x1_ASAP7_75t_R)
                                         _09515_ (net)
                 10.79    0.03 1226.55 v _29532_/A2 (AO21x1_ASAP7_75t_R)
     1    0.59    7.61   14.71 1241.27 v _29532_/Y (AO21x1_ASAP7_75t_R)
                                         _09557_ (net)
                  7.61    0.01 1241.28 v _29536_/A2 (AO221x1_ASAP7_75t_R)
     2    2.46   17.87   27.19 1268.47 v _29536_/Y (AO221x1_ASAP7_75t_R)
                                         _09561_ (net)
                 17.87    0.07 1268.54 v _29537_/A (XNOR2x1_ASAP7_75t_R)
     1    0.90   23.07   13.05 1281.59 ^ _29537_/Y (XNOR2x1_ASAP7_75t_R)
                                         _09562_ (net)
                 23.07    0.04 1281.62 ^ _29539_/A2 (AO21x1_ASAP7_75t_R)
     2    2.82   20.33   22.49 1304.11 ^ _29539_/Y (AO21x1_ASAP7_75t_R)
                                         _09564_ (net)
                 20.36    0.37 1304.48 ^ _29540_/B (NAND2x1_ASAP7_75t_R)
     1    0.46    9.01    7.91 1312.39 v _29540_/Y (NAND2x1_ASAP7_75t_R)
                                         _09565_ (net)
                  9.01    0.00 1312.39 v _29541_/B (OA211x2_ASAP7_75t_R)
     1    1.84   12.29   27.58 1339.97 v _29541_/Y (OA211x2_ASAP7_75t_R)
                                         _09566_ (net)
                 12.31    0.28 1340.26 v _29545_/B (OR3x1_ASAP7_75t_R)
     1    1.16   12.17   26.14 1366.40 v _29545_/Y (OR3x1_ASAP7_75t_R)
                                         _09570_ (net)
                 12.18    0.10 1366.49 v _29547_/A1 (OA211x2_ASAP7_75t_R)
     3    8.39   31.51   32.60 1399.09 v _29547_/Y (OA211x2_ASAP7_75t_R)
                                         _09572_ (net)
                 35.52    5.85 1404.94 v _29554_/B (OR2x2_ASAP7_75t_R)
     3    3.03   14.17   30.97 1435.91 v _29554_/Y (OR2x2_ASAP7_75t_R)
                                         _09579_ (net)
                 14.17    0.01 1435.92 v _29555_/A (BUFx6f_ASAP7_75t_R)
     6    9.20   12.67   16.83 1452.75 v _29555_/Y (BUFx6f_ASAP7_75t_R)
                                         _09580_ (net)
                 16.47    3.58 1456.32 v clone13/A (BUFx3_ASAP7_75t_R)
     5    3.54    9.54   17.98 1474.30 v clone13/Y (BUFx3_ASAP7_75t_R)
                                         net13 (net)
                  9.55    0.12 1474.42 v _30455_/A1 (OA21x2_ASAP7_75t_R)
     1    0.65    6.15   16.59 1491.01 v _30455_/Y (OA21x2_ASAP7_75t_R)
                                         _03206_ (net)
                  6.15    0.00 1491.02 v gen_regfile_ff.register_file_i.rf_reg_q[413]$_DFFE_PN0P_/D (DFFASRHQNx1_ASAP7_75t_R)
                               1491.02   data arrival time

                  0.00 1260.00 1260.00   clock core_clock (rise edge)
                          0.00 1260.00   clock network delay (ideal)
                          0.00 1260.00   clock reconvergence pessimism
                               1260.00 ^ gen_regfile_ff.register_file_i.rf_reg_q[413]$_DFFE_PN0P_/CLK (DFFASRHQNx1_ASAP7_75t_R)
                         -5.19 1254.81   library setup time
                               1254.81   data required time
-----------------------------------------------------------------------------
                               1254.81   data required time
                               -1491.02   data arrival time
-----------------------------------------------------------------------------
                               -236.21   slack (VIOLATED)



==========================================================================
global place report_checks -unconstrained
--------------------------------------------------------------------------
Startpoint: rst_ni (input port clocked by core_clock)
Endpoint: gen_regfile_ff.register_file_i.rf_reg_q[556]$_DFFE_PN0P_
          (recovery check against rising-edge clock core_clock)
Path Group: asynchronous
Path Type: max

Fanout     Cap    Slew   Delay    Time   Description
-----------------------------------------------------------------------------
                  0.00    0.00    0.00   clock core_clock (rise edge)
                          0.00    0.00   clock network delay (ideal)
                        252.00  252.00 ^ input external delay
    58   86.98    0.00    0.00  252.00 ^ rst_ni (in)
                                         rst_ni (net)
                 89.82   28.34  280.34 ^ load_slew35/A (BUFx24_ASAP7_75t_R)
    93  123.40   58.23   41.75  322.08 ^ load_slew35/Y (BUFx24_ASAP7_75t_R)
                                         net57 (net)
                 95.56   24.02  346.11 ^ load_slew34/A (BUFx16f_ASAP7_75t_R)
    60   84.80   49.93   34.13  380.24 ^ load_slew34/Y (BUFx16f_ASAP7_75t_R)
                                         net56 (net)
                 98.66   28.66  408.90 ^ load_slew33/A (BUFx24_ASAP7_75t_R)
    87  118.27   27.54   37.83  446.72 ^ load_slew33/Y (BUFx24_ASAP7_75t_R)
                                         net55 (net)
                243.51   76.56  523.28 ^ load_slew32/A (BUFx24_ASAP7_75t_R)
    83  108.84   56.54   61.98  585.26 ^ load_slew32/Y (BUFx24_ASAP7_75t_R)
                                         net54 (net)
                 78.14   18.34  603.60 ^ gen_regfile_ff.register_file_i.rf_reg_q[556]$_DFFE_PN0P_/SETN (DFFASRHQNx1_ASAP7_75t_R)
                                603.60   data arrival time

                  0.00 1260.00 1260.00   clock core_clock (rise edge)
                          0.00 1260.00   clock network delay (ideal)
                          0.00 1260.00   clock reconvergence pessimism
                               1260.00 ^ gen_regfile_ff.register_file_i.rf_reg_q[556]$_DFFE_PN0P_/CLK (DFFASRHQNx1_ASAP7_75t_R)
                         -6.62 1253.38   library recovery time
                               1253.38   data required time
-----------------------------------------------------------------------------
                               1253.38   data required time
                               -603.60   data arrival time
-----------------------------------------------------------------------------
                                649.78   slack (MET)


Startpoint: core_clock_gate_i.en_latch$_DLATCH_N_
            (negative level-sensitive latch clocked by core_clock)
Endpoint: _35046_ (rising clock gating-check end-point clocked by core_clock)
Path Group: gated clock
Path Type: max

Fanout     Cap    Slew   Delay    Time   Description
-----------------------------------------------------------------------------
                  0.00  630.00  630.00   clock core_clock (fall edge)
                          0.00  630.00   clock network delay (ideal)
                  0.00    0.00  630.00 v core_clock_gate_i.en_latch$_DLATCH_N_/CLK (DLLx1_ASAP7_75t_R)
     1    0.58    7.58   27.19  657.19 v core_clock_gate_i.en_latch$_DLATCH_N_/Q (DLLx1_ASAP7_75t_R)
                                         core_clock_gate_i.en_latch (net)
                  7.58    0.00  657.19 v _35046_/B (AND2x2_ASAP7_75t_R)
                                657.19   data arrival time

                  0.00 1260.00 1260.00   clock core_clock (rise edge)
                          0.00 1260.00   clock network delay (ideal)
                          0.00 1260.00   clock reconvergence pessimism
                               1260.00 ^ _35046_/A (AND2x2_ASAP7_75t_R)
                          0.00 1260.00   clock gating setup time
                               1260.00   data required time
-----------------------------------------------------------------------------
                               1260.00   data required time
                               -657.19   data arrival time
-----------------------------------------------------------------------------
                                602.81   slack (MET)


Startpoint: if_stage_i.instr_rdata_alu_id_o[21]$_DFFE_PN_
            (rising edge-triggered flip-flop clocked by core_clock)
Endpoint: gen_regfile_ff.register_file_i.rf_reg_q[413]$_DFFE_PN0P_
          (rising edge-triggered flip-flop clocked by core_clock)
Path Group: core_clock
Path Type: max

Fanout     Cap    Slew   Delay    Time   Description
-----------------------------------------------------------------------------
                  0.00    0.00    0.00   clock core_clock (rise edge)
                          0.00    0.00   clock network delay (ideal)
                  0.00    0.00    0.00 ^ if_stage_i.instr_rdata_alu_id_o[21]$_DFFE_PN_/CLK (DFFHQNx2_ASAP7_75t_R)
     5    6.38   30.61   49.94   49.94 v if_stage_i.instr_rdata_alu_id_o[21]$_DFFE_PN_/QN (DFFHQNx2_ASAP7_75t_R)
                                         _01552_ (net)
                 30.62    0.25   50.19 v _19184_/A (BUFx6f_ASAP7_75t_R)
     5    8.26   11.29   21.64   71.83 v _19184_/Y (BUFx6f_ASAP7_75t_R)
                                         _13455_ (net)
                 11.29    0.02   71.85 v _19185_/A (BUFx12f_ASAP7_75t_R)
    11   11.55    9.88   15.18   87.04 v _19185_/Y (BUFx12f_ASAP7_75t_R)
                                         _13456_ (net)
                 13.04    2.89   89.93 v _19186_/A (BUFx6f_ASAP7_75t_R)
     6    7.39    9.93   16.64  106.57 v _19186_/Y (BUFx6f_ASAP7_75t_R)
                                         _13457_ (net)
                  9.93    0.16  106.73 v _19187_/A (BUFx12f_ASAP7_75t_R)
     6   16.46   12.62   14.89  121.62 v _19187_/Y (BUFx12f_ASAP7_75t_R)
                                         _13458_ (net)
                 23.48    6.42  128.03 v _21306_/A (BUFx12f_ASAP7_75t_R)
     6   10.73    9.46   19.12  147.15 v _21306_/Y (BUFx12f_ASAP7_75t_R)
                                         _15503_ (net)
                  9.46    0.12  147.28 v _21375_/A (BUFx10_ASAP7_75t_R)
    10   17.07   16.22   19.04  166.32 v _21375_/Y (BUFx10_ASAP7_75t_R)
                                         _15572_ (net)
                 23.11    5.36  171.68 v _21376_/A (BUFx4f_ASAP7_75t_R)
    10    9.99   18.02   22.08  193.75 v _21376_/Y (BUFx4f_ASAP7_75t_R)
                                         _15573_ (net)
                 18.34    1.38  195.13 v _22156_/A1 (OA211x2_ASAP7_75t_R)
     1    0.77    9.41   23.89  219.02 v _22156_/Y (OA211x2_ASAP7_75t_R)
                                         _16331_ (net)
                  9.41    0.02  219.04 v _22160_/C (OR3x1_ASAP7_75t_R)
     1    0.75    9.77   24.24  243.28 v _22160_/Y (OR3x1_ASAP7_75t_R)
                                         _16335_ (net)
                  9.77    0.02  243.30 v _22161_/B (AND3x1_ASAP7_75t_R)
     1    0.71    6.70   13.88  257.18 v _22161_/Y (AND3x1_ASAP7_75t_R)
                                         _16336_ (net)
                  6.70    0.01  257.19 v _22178_/C (OR3x4_ASAP7_75t_R)
     2    4.19   19.17   42.67  299.86 v _22178_/Y (OR3x4_ASAP7_75t_R)
                                         _16353_ (net)
                 19.54    1.36  301.22 v _22179_/A (AND2x4_ASAP7_75t_R)
     6    7.61   16.37   24.10  325.32 v _22179_/Y (AND2x4_ASAP7_75t_R)
                                         _16354_ (net)
                 18.07    2.77  328.10 v _24175_/A2 (AO21x2_ASAP7_75t_R)
     8    7.59   24.75   28.57  356.67 v _24175_/Y (AO21x2_ASAP7_75t_R)
                                         _05187_ (net)
                 25.13    1.71  358.38 v _24418_/B (NAND2x2_ASAP7_75t_R)
     2    3.05   17.75   16.27  374.64 ^ _24418_/Y (NAND2x2_ASAP7_75t_R)
                                         _17865_ (net)
                 17.75    0.03  374.68 ^ _24419_/A (INVx2_ASAP7_75t_R)
     2    3.76   13.65   10.58  385.26 v _24419_/Y (INVx2_ASAP7_75t_R)
                                         _17820_ (net)
                 13.65    0.07  385.33 v _35401_/A (FAx1_ASAP7_75t_R)
     8   17.23  259.22  119.14  504.47 ^ _35401_/CON (FAx1_ASAP7_75t_R)
                                         _17962_ (net)
     4    7.79  181.09   92.19  596.66 v _35401_/SN (FAx1_ASAP7_75t_R)
                                         _17914_ (net)
                181.10    0.60  597.26 v _35040_/A (INVx2_ASAP7_75t_R)
     2    3.79   41.88   32.48  629.74 ^ _35040_/Y (INVx2_ASAP7_75t_R)
                                         _17913_ (net)
                 41.88    0.05  629.80 ^ _35461_/CI (FAx1_ASAP7_75t_R)
     7   11.92  189.32  205.52  835.32 v _35461_/SN (FAx1_ASAP7_75t_R)
                                         _18080_ (net)
                189.32    0.09  835.41 v _35462_/A (FAx1_ASAP7_75t_R)
     1    2.31   75.61   60.34  895.75 ^ _35462_/CON (FAx1_ASAP7_75t_R)
                                         _18122_ (net)
     1    0.79   56.68   20.70  916.45 v _35462_/SN (FAx1_ASAP7_75t_R)
                                         _18479_ (net)
                 56.68    0.02  916.47 v _34879_/A (INVx1_ASAP7_75t_R)
     1    2.17   26.28   21.08  937.55 ^ _34879_/Y (INVx1_ASAP7_75t_R)
                                         _18081_ (net)
                 26.28    0.07  937.62 ^ _35463_/A (FAx1_ASAP7_75t_R)
     1    0.82   24.85   38.51  976.12 v _35463_/SN (FAx1_ASAP7_75t_R)
                                         _18480_ (net)
                 24.85    0.02  976.14 v _34816_/A (INVx1_ASAP7_75t_R)
     1    1.78   16.95   13.61  989.75 ^ _34816_/Y (INVx1_ASAP7_75t_R)
                                         _18083_ (net)
                 16.95    0.05  989.80 ^ _35467_/CI (FAx1_ASAP7_75t_R)
     1    0.89   28.15   36.53 1026.34 v _35467_/SN (FAx1_ASAP7_75t_R)
                                         _18484_ (net)
                 28.15    0.03 1026.37 v _34856_/A (INVx1_ASAP7_75t_R)
     1    2.33   20.80   16.28 1042.64 ^ _34856_/Y (INVx1_ASAP7_75t_R)
                                         _18092_ (net)
                 20.80    0.07 1042.71 ^ _35468_/B (FAx1_ASAP7_75t_R)
     1    1.17   32.66   41.85 1084.57 v _35468_/SN (FAx1_ASAP7_75t_R)
                                         _18486_ (net)
                 32.66    0.04 1084.60 v _35578_/B (HAxp5_ASAP7_75t_R)
     4    3.71   76.27   69.28 1153.89 v _35578_/SN (HAxp5_ASAP7_75t_R)
                                         _00252_ (net)
                 76.27    0.04 1153.93 v _29453_/B (AO21x1_ASAP7_75t_R)
     1    0.70    8.51   25.71 1179.64 v _29453_/Y (AO21x1_ASAP7_75t_R)
                                         _09481_ (net)
                  8.51    0.01 1179.65 v _29454_/A2 (AO21x1_ASAP7_75t_R)
     2    1.15   10.08   15.79 1195.43 v _29454_/Y (AO21x1_ASAP7_75t_R)
                                         _09482_ (net)
                 10.08    0.00 1195.44 v _29488_/A2 (AO21x1_ASAP7_75t_R)
     1    0.76    8.40   15.04 1210.47 v _29488_/Y (AO21x1_ASAP7_75t_R)
                                         _09514_ (net)
                  8.40    0.02 1210.49 v _29489_/A2 (AO21x1_ASAP7_75t_R)
     2    1.25   10.79   16.04 1226.52 v _29489_/Y (AO21x1_ASAP7_75t_R)
                                         _09515_ (net)
                 10.79    0.03 1226.55 v _29532_/A2 (AO21x1_ASAP7_75t_R)
     1    0.59    7.61   14.71 1241.27 v _29532_/Y (AO21x1_ASAP7_75t_R)
                                         _09557_ (net)
                  7.61    0.01 1241.28 v _29536_/A2 (AO221x1_ASAP7_75t_R)
     2    2.46   17.87   27.19 1268.47 v _29536_/Y (AO221x1_ASAP7_75t_R)
                                         _09561_ (net)
                 17.87    0.07 1268.54 v _29537_/A (XNOR2x1_ASAP7_75t_R)
     1    0.90   23.07   13.05 1281.59 ^ _29537_/Y (XNOR2x1_ASAP7_75t_R)
                                         _09562_ (net)
                 23.07    0.04 1281.62 ^ _29539_/A2 (AO21x1_ASAP7_75t_R)
     2    2.82   20.33   22.49 1304.11 ^ _29539_/Y (AO21x1_ASAP7_75t_R)
                                         _09564_ (net)
                 20.36    0.37 1304.48 ^ _29540_/B (NAND2x1_ASAP7_75t_R)
     1    0.46    9.01    7.91 1312.39 v _29540_/Y (NAND2x1_ASAP7_75t_R)
                                         _09565_ (net)
                  9.01    0.00 1312.39 v _29541_/B (OA211x2_ASAP7_75t_R)
     1    1.84   12.29   27.58 1339.97 v _29541_/Y (OA211x2_ASAP7_75t_R)
                                         _09566_ (net)
                 12.31    0.28 1340.26 v _29545_/B (OR3x1_ASAP7_75t_R)
     1    1.16   12.17   26.14 1366.40 v _29545_/Y (OR3x1_ASAP7_75t_R)
                                         _09570_ (net)
                 12.18    0.10 1366.49 v _29547_/A1 (OA211x2_ASAP7_75t_R)
     3    8.39   31.51   32.60 1399.09 v _29547_/Y (OA211x2_ASAP7_75t_R)
                                         _09572_ (net)
                 35.52    5.85 1404.94 v _29554_/B (OR2x2_ASAP7_75t_R)
     3    3.03   14.17   30.97 1435.91 v _29554_/Y (OR2x2_ASAP7_75t_R)
                                         _09579_ (net)
                 14.17    0.01 1435.92 v _29555_/A (BUFx6f_ASAP7_75t_R)
     6    9.20   12.67   16.83 1452.75 v _29555_/Y (BUFx6f_ASAP7_75t_R)
                                         _09580_ (net)
                 16.47    3.58 1456.32 v clone13/A (BUFx3_ASAP7_75t_R)
     5    3.54    9.54   17.98 1474.30 v clone13/Y (BUFx3_ASAP7_75t_R)
                                         net13 (net)
                  9.55    0.12 1474.42 v _30455_/A1 (OA21x2_ASAP7_75t_R)
     1    0.65    6.15   16.59 1491.01 v _30455_/Y (OA21x2_ASAP7_75t_R)
                                         _03206_ (net)
                  6.15    0.00 1491.02 v gen_regfile_ff.register_file_i.rf_reg_q[413]$_DFFE_PN0P_/D (DFFASRHQNx1_ASAP7_75t_R)
                               1491.02   data arrival time

                  0.00 1260.00 1260.00   clock core_clock (rise edge)
                          0.00 1260.00   clock network delay (ideal)
                          0.00 1260.00   clock reconvergence pessimism
                               1260.00 ^ gen_regfile_ff.register_file_i.rf_reg_q[413]$_DFFE_PN0P_/CLK (DFFASRHQNx1_ASAP7_75t_R)
                         -5.19 1254.81   library setup time
                               1254.81   data required time
-----------------------------------------------------------------------------
                               1254.81   data required time
                               -1491.02   data arrival time
-----------------------------------------------------------------------------
                               -236.21   slack (VIOLATED)



==========================================================================
global place report_power
--------------------------------------------------------------------------
Group                  Internal  Switching    Leakage      Total
                          Power      Power      Power      Power (Watts)
----------------------------------------------------------------
Sequential             3.13e-03   9.68e-04   2.10e-07   4.10e-03   9.9%
Combinational          1.65e-02   2.05e-02   1.79e-06   3.70e-02  89.8%
Clock                  5.95e-07   1.04e-04   1.16e-10   1.04e-04   0.3%
Macro                  0.00e+00   0.00e+00   0.00e+00   0.00e+00   0.0%
Pad                    0.00e+00   0.00e+00   0.00e+00   0.00e+00   0.0%
----------------------------------------------------------------
Total                  1.97e-02   2.16e-02   2.00e-06   4.12e-02 100.0%
                          47.7%      52.3%       0.0%
