OpenROAD v2.0-19576-gec1bf1a13 
Features included (+) or not (-): +GPU +GUI +Python : None
This program is licensed under the BSD-3 license. See the LICENSE file for details.
Components of this program may be licensed under more restrictive licenses which must be honored.
[INFO ORD-0030] Using 16 thread(s).
[INFO GPL-0002] DBU: 2000
[INFO GPL-0003] SiteSize: (  0.190  1.400 ) um
[INFO GPL-0004] CoreBBox: (  1.140  1.400 ) ( 42.560 33.600 ) um
[INFO GPL-0006] NumInstances:               549
[INFO GPL-0007] NumPlaceInstances:          503
[INFO GPL-0008] NumFixedInstances:           46
[INFO GPL-0009] NumDummyInstances:            0
[INFO GPL-0010] NumNets:                    574
[INFO GPL-0011] NumPins:                   1626
[INFO GPL-0012] DieBBox:  (  0.000  0.000 ) ( 43.580 35.265 ) um
[INFO GPL-0013] CoreBBox: (  1.140  1.400 ) ( 42.560 33.600 ) um
[INFO GPL-0016] CoreArea:              1333.724 um^2
[INFO GPL-0017] NonPlaceInstsArea:       12.236 um^2
[INFO GPL-0018] PlaceInstsArea:         650.104 um^2
[INFO GPL-0019] Util:                    49.195 %
[INFO GPL-0020] StdInstsArea:           650.104 um^2
[INFO GPL-0021] MacroInstsArea:           0.000 um^2
[INFO GPL-0031] FillerInit:NumGCells:      1087
[INFO GPL-0032] FillerInit:NumGNets:        574
[INFO GPL-0033] FillerInit:NumGPins:       1626
[INFO GPL-0023] TargetDensity:            1.000
[INFO GPL-0024] AvrgPlaceInstArea:        1.292 um^2
[INFO GPL-0025] IdealBinArea:             1.292 um^2
[INFO GPL-0026] IdealBinCnt:               1031
[INFO GPL-0027] TotalBinArea:          1333.724 um^2
[INFO GPL-0028] BinCnt:        32     32
[INFO GPL-0029] BinSize: (  1.294  1.006 )
[INFO GPL-0030] NumBins: 1024
Placement density is 0.6543639189004898, computed from PLACE_DENSITY_LB_ADDON 0.30 and lower bound 0.4919484555721283
global_placement -density 0.6543639189004898 -pad_left 0 -pad_right 0
[INFO GPL-0002] DBU: 2000
[INFO GPL-0003] SiteSize: (  0.190  1.400 ) um
[INFO GPL-0004] CoreBBox: (  1.140  1.400 ) ( 42.560 33.600 ) um
[INFO GPL-0006] NumInstances:               549
[INFO GPL-0007] NumPlaceInstances:          503
[INFO GPL-0008] NumFixedInstances:           46
[INFO GPL-0009] NumDummyInstances:            0
[INFO GPL-0010] NumNets:                    574
[INFO GPL-0011] NumPins:                   1626
[INFO GPL-0012] DieBBox:  (  0.000  0.000 ) ( 43.580 35.265 ) um
[INFO GPL-0013] CoreBBox: (  1.140  1.400 ) ( 42.560 33.600 ) um
[INFO GPL-0016] CoreArea:              1333.724 um^2
[INFO GPL-0017] NonPlaceInstsArea:       12.236 um^2
[INFO GPL-0018] PlaceInstsArea:         650.104 um^2
[INFO GPL-0019] Util:                    49.195 %
[INFO GPL-0020] StdInstsArea:           650.104 um^2
[INFO GPL-0021] MacroInstsArea:           0.000 um^2
[InitialPlace]  Iter: 1 CG residual: 0.00000010 HPWL: 8483261
[InitialPlace]  Iter: 2 CG residual: 0.00000005 HPWL: 5885651
[InitialPlace]  Iter: 3 CG residual: 0.00000011 HPWL: 5897152
[InitialPlace]  Iter: 4 CG residual: 0.00000011 HPWL: 5907563
[InitialPlace]  Iter: 5 CG residual: 0.00000009 HPWL: 5908762
[INFO GPL-0031] FillerInit:NumGCells:       689
[INFO GPL-0032] FillerInit:NumGNets:        574
[INFO GPL-0033] FillerInit:NumGPins:       1626
[INFO GPL-0023] TargetDensity:            0.654
[INFO GPL-0024] AvrgPlaceInstArea:        1.292 um^2
[INFO GPL-0025] IdealBinArea:             1.975 um^2
[INFO GPL-0026] IdealBinCnt:                675
[INFO GPL-0027] TotalBinArea:          1333.724 um^2
[INFO GPL-0028] BinCnt:        16     16
[INFO GPL-0029] BinSize: (  2.589  2.013 )
[INFO GPL-0030] NumBins: 256
[NesterovSolve] Iter:    1 overflow: 0.868 HPWL: 3893993
[NesterovSolve] Iter:   10 overflow: 0.693 HPWL: 4612988
[NesterovSolve] Iter:   20 overflow: 0.656 HPWL: 4636228
[NesterovSolve] Iter:   30 overflow: 0.665 HPWL: 4615338
[NesterovSolve] Iter:   40 overflow: 0.666 HPWL: 4613745
[NesterovSolve] Iter:   50 overflow: 0.663 HPWL: 4619269
[NesterovSolve] Iter:   60 overflow: 0.664 HPWL: 4613000
[NesterovSolve] Iter:   70 overflow: 0.665 HPWL: 4611302
[NesterovSolve] Iter:   80 overflow: 0.664 HPWL: 4614084
[NesterovSolve] Iter:   90 overflow: 0.664 HPWL: 4615394
[NesterovSolve] Iter:  100 overflow: 0.664 HPWL: 4616517
[NesterovSolve] Iter:  110 overflow: 0.663 HPWL: 4617736
[NesterovSolve] Iter:  120 overflow: 0.663 HPWL: 4619840
[NesterovSolve] Iter:  130 overflow: 0.662 HPWL: 4626540
[NesterovSolve] Iter:  140 overflow: 0.660 HPWL: 4637626
[NesterovSolve] Iter:  150 overflow: 0.657 HPWL: 4651899
[NesterovSolve] Iter:  160 overflow: 0.651 HPWL: 4667607
[NesterovSolve] Iter:  170 overflow: 0.642 HPWL: 4682518
[NesterovSolve] Iter:  180 overflow: 0.629 HPWL: 4703294
[NesterovSolve] Iter:  190 overflow: 0.613 HPWL: 4745273
[NesterovSolve] Iter:  200 overflow: 0.591 HPWL: 4789928
[NesterovSolve] Iter:  210 overflow: 0.566 HPWL: 4841992
[NesterovSolve] Iter:  220 overflow: 0.537 HPWL: 4906879
[NesterovSolve] Iter:  230 overflow: 0.503 HPWL: 4970634
[NesterovSolve] Iter:  240 overflow: 0.465 HPWL: 5052171
[NesterovSolve] Iter:  250 overflow: 0.421 HPWL: 5100278
[NesterovSolve] Iter:  260 overflow: 0.376 HPWL: 5154095
[NesterovSolve] Iter:  270 overflow: 0.329 HPWL: 5197585
[NesterovSolve] Iter:  280 overflow: 0.296 HPWL: 5225898
[NesterovSolve] Iter:  290 overflow: 0.261 HPWL: 5272235
[NesterovSolve] Iter:  300 overflow: 0.225 HPWL: 5300119
[NesterovSolve] Iter:  310 overflow: 0.192 HPWL: 5328008
[NesterovSolve] Iter:  320 overflow: 0.163 HPWL: 5362332
[NesterovSolve] Iter:  330 overflow: 0.140 HPWL: 5395400
[NesterovSolve] Iter:  340 overflow: 0.123 HPWL: 5416290
[NesterovSolve] Iter:  350 overflow: 0.105 HPWL: 5432300
[NesterovSolve] Finished with Overflow: 0.099644
Report metrics stage 3, global place...

==========================================================================
global place report_design_area
--------------------------------------------------------------------------
Design area 650 u^2 49% utilization.
Elapsed time: 0:00.55[h:]min:sec. CPU time: user 3.58 sys 0.10 (668%). Peak memory: 123608KB.
