OpenROAD v2.0-19576-gec1bf1a13 
Features included (+) or not (-): +GPU +GUI +Python : None
This program is licensed under the BSD-3 license. See the LICENSE file for details.
Components of this program may be licensed under more restrictive licenses which must be honored.
[INFO ORD-0030] Using 16 thread(s).
[INFO GPL-0002] DBU: 1000
[INFO GPL-0003] SiteSize: (  0.054  0.270 ) um
[INFO GPL-0004] CoreBBox: (  2.052  2.160 ) ( 57.888 52.110 ) um
[INFO GPL-0006] NumInstances:             16564
[INFO GPL-0007] NumPlaceInstances:        16007
[INFO GPL-0008] NumFixedInstances:          557
[INFO GPL-0009] NumDummyInstances:            0
[INFO GPL-0010] NumNets:                  16543
[INFO GPL-0011] NumPins:                  54441
[INFO GPL-0012] DieBBox:  (  0.000  0.000 ) ( 59.892 54.303 ) um
[INFO GPL-0013] CoreBBox: (  2.052  2.160 ) ( 57.888 52.110 ) um
[INFO GPL-0016] CoreArea:              2789.008 um^2
[INFO GPL-0017] NonPlaceInstsArea:       16.242 um^2
[INFO GPL-0018] PlaceInstsArea:        1729.975 um^2
[INFO GPL-0019] Util:                    62.392 %
[INFO GPL-0020] StdInstsArea:          1729.975 um^2
[INFO GPL-0021] MacroInstsArea:           0.000 um^2
[INFO GPL-0031] FillerInit:NumGCells:     26091
[INFO GPL-0032] FillerInit:NumGNets:      16543
[INFO GPL-0033] FillerInit:NumGPins:      54441
[INFO GPL-0023] TargetDensity:            1.000
[INFO GPL-0024] AvrgPlaceInstArea:        0.108 um^2
[INFO GPL-0025] IdealBinArea:             0.108 um^2
[INFO GPL-0026] IdealBinCnt:              25805
[INFO GPL-0027] TotalBinArea:          2789.008 um^2
[INFO GPL-0028] BinCnt:       128    128
[INFO GPL-0029] BinSize: (  0.437  0.391 )
[INFO GPL-0030] NumBins: 16384
Placement density is 0.7467417216300964, computed from PLACE_DENSITY_LB_ADDON 0.30 and lower bound 0.623916745185852
global_placement -density 0.7467417216300964 -pad_left 0 -pad_right 0
[INFO GPL-0002] DBU: 1000
[INFO GPL-0003] SiteSize: (  0.054  0.270 ) um
[INFO GPL-0004] CoreBBox: (  2.052  2.160 ) ( 57.888 52.110 ) um
[INFO GPL-0006] NumInstances:             16564
[INFO GPL-0007] NumPlaceInstances:        16007
[INFO GPL-0008] NumFixedInstances:          557
[INFO GPL-0009] NumDummyInstances:            0
[INFO GPL-0010] NumNets:                  16543
[INFO GPL-0011] NumPins:                  54441
[INFO GPL-0012] DieBBox:  (  0.000  0.000 ) ( 59.892 54.303 ) um
[INFO GPL-0013] CoreBBox: (  2.052  2.160 ) ( 57.888 52.110 ) um
[INFO GPL-0016] CoreArea:              2789.008 um^2
[INFO GPL-0017] NonPlaceInstsArea:       16.242 um^2
[INFO GPL-0018] PlaceInstsArea:        1729.975 um^2
[INFO GPL-0019] Util:                    62.392 %
[INFO GPL-0020] StdInstsArea:          1729.975 um^2
[INFO GPL-0021] MacroInstsArea:           0.000 um^2
[InitialPlace]  Iter: 1 CG residual: 0.00000792 HPWL: 66517664
[InitialPlace]  Iter: 2 CG residual: 0.00000146 HPWL: 26700435
[InitialPlace]  Iter: 3 CG residual: 0.00000051 HPWL: 26599552
[InitialPlace]  Iter: 4 CG residual: 0.00000106 HPWL: 26758858
[InitialPlace]  Iter: 5 CG residual: 0.00000041 HPWL: 26721357
[INFO GPL-0031] FillerInit:NumGCells:     19300
[INFO GPL-0032] FillerInit:NumGNets:      16543
[INFO GPL-0033] FillerInit:NumGPins:      54441
[INFO GPL-0023] TargetDensity:            0.747
[INFO GPL-0024] AvrgPlaceInstArea:        0.108 um^2
[INFO GPL-0025] IdealBinArea:             0.145 um^2
[INFO GPL-0026] IdealBinCnt:              19270
[INFO GPL-0027] TotalBinArea:          2789.008 um^2
[INFO GPL-0028] BinCnt:       128    128
[INFO GPL-0029] BinSize: (  0.437  0.391 )
[INFO GPL-0030] NumBins: 16384
[NesterovSolve] Iter:    1 overflow: 0.950 HPWL: 25374987
[NesterovSolve] Iter:   10 overflow: 0.874 HPWL: 21467487
[NesterovSolve] Iter:   20 overflow: 0.854 HPWL: 21769014
[NesterovSolve] Iter:   30 overflow: 0.856 HPWL: 21427340
[NesterovSolve] Iter:   40 overflow: 0.852 HPWL: 21292189
[NesterovSolve] Iter:   50 overflow: 0.849 HPWL: 21189682
[NesterovSolve] Iter:   60 overflow: 0.846 HPWL: 21188011
[NesterovSolve] Iter:   70 overflow: 0.843 HPWL: 21225852
[NesterovSolve] Iter:   80 overflow: 0.840 HPWL: 21236177
[NesterovSolve] Iter:   90 overflow: 0.838 HPWL: 21262407
[NesterovSolve] Iter:  100 overflow: 0.837 HPWL: 21313626
[NesterovSolve] Iter:  110 overflow: 0.836 HPWL: 21351383
[NesterovSolve] Iter:  120 overflow: 0.835 HPWL: 21402443
[NesterovSolve] Iter:  130 overflow: 0.834 HPWL: 21491318
[NesterovSolve] Iter:  140 overflow: 0.831 HPWL: 21648157
[NesterovSolve] Iter:  150 overflow: 0.827 HPWL: 21933372
[NesterovSolve] Iter:  160 overflow: 0.820 HPWL: 22444992
[NesterovSolve] Iter:  170 overflow: 0.810 HPWL: 23337298
[NesterovSolve] Iter:  180 overflow: 0.795 HPWL: 24520477
[NesterovSolve] Iter:  190 overflow: 0.780 HPWL: 26054487
[NesterovSolve] Iter:  200 overflow: 0.761 HPWL: 27910344
[NesterovSolve] Iter:  210 overflow: 0.739 HPWL: 29793706
[NesterovSolve] Iter:  220 overflow: 0.719 HPWL: 31414348
[NesterovSolve] Iter:  230 overflow: 0.698 HPWL: 32923946
[NesterovSolve] Iter:  240 overflow: 0.675 HPWL: 34179909
[NesterovSolve] Iter:  250 overflow: 0.650 HPWL: 35612150
[NesterovSolve] Iter:  260 overflow: 0.620 HPWL: 37187969
[NesterovSolve] Iter:  270 overflow: 0.586 HPWL: 38879966
[NesterovSolve] Iter:  280 overflow: 0.550 HPWL: 40560240
[NesterovSolve] Iter:  290 overflow: 0.506 HPWL: 42212942
[NesterovSolve] Iter:  300 overflow: 0.454 HPWL: 44068852
[NesterovSolve] Iter:  310 overflow: 0.387 HPWL: 46151470
[NesterovSolve] Iter:  320 overflow: 0.317 HPWL: 48375728
[NesterovSolve] Iter:  330 overflow: 0.272 HPWL: 49551519
[NesterovSolve] Iter:  340 overflow: 0.231 HPWL: 50627573
[NesterovSolve] Iter:  350 overflow: 0.198 HPWL: 51396907
[NesterovSolve] Iter:  360 overflow: 0.170 HPWL: 51979117
[NesterovSolve] Iter:  370 overflow: 0.148 HPWL: 52418377
[NesterovSolve] Iter:  380 overflow: 0.127 HPWL: 52742002
[NesterovSolve] Iter:  390 overflow: 0.110 HPWL: 52990384
[NesterovSolve] Finished with Overflow: 0.099223
Took 7 seconds: global_placement -density 0.7467417216300964 -pad_left 0 -pad_right 0
Report metrics stage 3, global place...

==========================================================================
global place report_design_area
--------------------------------------------------------------------------
Design area 1730 u^2 62% utilization.
Elapsed time: 0:15.78[h:]min:sec. CPU time: user 133.77 sys 0.53 (850%). Peak memory: 279032KB.
