OpenROAD v2.0-19576-gec1bf1a13 
Features included (+) or not (-): +GPU +GUI +Python : None
This program is licensed under the BSD-3 license. See the LICENSE file for details.
Components of this program may be licensed under more restrictive licenses which must be honored.
[INFO ORD-0030] Using 16 thread(s).
Placement Analysis
---------------------------------
total displacement       5331.5 u
average displacement        0.3 u
max displacement            2.4 u
original HPWL           86926.2 u
legalized HPWL          92017.5 u
delta HPWL                    6 %

[INFO DPL-0020] Mirrored 7255 instances
[INFO DPL-0021] HPWL before           92017.5 u
[INFO DPL-0022] HPWL after            90499.6 u
[INFO DPL-0023] HPWL delta               -1.6 %
[INFO FLW-0012] Placement violations .
Report metrics stage 3, detailed place...

==========================================================================
detailed place report_design_area
--------------------------------------------------------------------------
Design area 2487 u^2 66% utilization.
Elapsed time: 0:29.10[h:]min:sec. CPU time: user 28.83 sys 0.26 (99%). Peak memory: 351076KB.
