OpenROAD v2.0-19576-gec1bf1a13 
Features included (+) or not (-): +GPU +GUI +Python : None
This program is licensed under the BSD-3 license. See the LICENSE file for details.
Components of this program may be licensed under more restrictive licenses which must be honored.
[INFO ORD-0030] Using 16 thread(s).
Placement Analysis
---------------------------------
total displacement       5914.6 u
average displacement        0.3 u
max displacement            1.8 u
original HPWL           89071.1 u
legalized HPWL          94401.8 u
delta HPWL                    6 %

[INFO DPL-0020] Mirrored 7705 instances
[INFO DPL-0021] HPWL before           94401.8 u
[INFO DPL-0022] HPWL after            92687.9 u
[INFO DPL-0023] HPWL delta               -1.8 %
[INFO FLW-0012] Placement violations .
Report metrics stage 3, detailed place...

==========================================================================
detailed place report_design_area
--------------------------------------------------------------------------
Design area 2487 u^2 59% utilization.
Elapsed time: 0:21.49[h:]min:sec. CPU time: user 21.22 sys 0.27 (100%). Peak memory: 357588KB.
