OpenROAD v2.0-19576-gec1bf1a13 
Features included (+) or not (-): +GPU +GUI +Python : None
This program is licensed under the BSD-3 license. See the LICENSE file for details.
Components of this program may be licensed under more restrictive licenses which must be honored.
[INFO ORD-0030] Using 16 thread(s).
Placement Analysis
---------------------------------
total displacement       3587.2 u
average displacement        0.2 u
max displacement            1.2 u
original HPWL           53729.6 u
legalized HPWL          56715.4 u
delta HPWL                    6 %

Detailed placement improvement.
Importing netlist into detailed improver.
[INFO DPO-0100] Creating network with 16534 cells, 388 terminals, 16543 edges, 54441 pins, and 0 blockages.
[INFO DPO-0109] Network stats: inst 16922, edges 16543, pins 54441
[INFO DPO-0110] Number of regions is 1
[INFO DPO-0401] Setting random seed to 1.
[INFO DPO-0402] Setting maximum displacement 5 1 to 1350 270 units.
[INFO DPO-0320] Collected 915 fixed cells.
[INFO DPO-0318] Collected 16007 single height cells.
[INFO DPO-0321] Collected 0 wide cells.
[INFO DPO-0322] Image (2052, 2160) - (61236, 49410)
[INFO DPO-0310] Assigned 16007 cells into segments.  Movement in X-direction is 0.000000, movement in Y-direction is 0.000000.
[INFO DPO-0313] Found 0 cells in wrong regions.
[INFO DPO-0315] Found 0 row alignment problems.
[INFO DPO-0314] Found 0 site alignment problems.
[INFO DPO-0311] Found 0 overlaps between adjacent cells.
[INFO DPO-0312] Found 0 edge spacing violations and 0 padding violations.
[INFO DPO-0303] Running algorithm for independent set matching.
[INFO DPO-0300] Set matching objective is wirelength.
[INFO DPO-0301] Pass   1 of matching; objective is 5.681038e+07.
[INFO DPO-0302] End of matching; objective is 5.677976e+07, improvement is 0.05 percent.
[INFO DPO-0303] Running algorithm for global swaps.
[INFO DPO-0306] Pass   1 of global swaps; hpwl is 5.618955e+07.
[INFO DPO-0306] Pass   2 of global swaps; hpwl is 5.604874e+07.
[INFO DPO-0307] End of global swaps; objective is 5.604874e+07, improvement is 1.29 percent.
[INFO DPO-0303] Running algorithm for vertical swaps.
[INFO DPO-0308] Pass   1 of vertical swaps; hpwl is 5.592344e+07.
[INFO DPO-0309] End of vertical swaps; objective is 5.592344e+07, improvement is 0.22 percent.
[INFO DPO-0303] Running algorithm for reordering.
[INFO DPO-0304] Pass   1 of reordering; objective is 5.568979e+07.
[INFO DPO-0305] End of reordering; objective is 5.568979e+07, improvement is 0.42 percent.
[INFO DPO-0303] Running algorithm for random improvement.
[INFO DPO-0324] Random improver is using displacement generator.
[INFO DPO-0325] Random improver is using hpwl objective.
[INFO DPO-0326] Random improver cost string is (a).
[INFO DPO-0332] End of pass, Generator displacement called 320140 times.
[INFO DPO-0335] Generator displacement, Cumulative attempts 320140, swaps 82633, moves 40231 since last reset.
[INFO DPO-0333] End of pass, Objective hpwl, Initial cost 5.559192e+07, Scratch cost 5.514887e+07, Incremental cost 5.514887e+07, Mismatch? N
[INFO DPO-0338] End of pass, Total cost is 5.514887e+07.
[INFO DPO-0327] Pass   1 of random improver; improvement in cost is 0.80 percent.
[INFO DPO-0328] End of random improver; improvement is 0.796956 percent.
[INFO DPO-0380] Cell flipping.
[INFO DPO-0382] Changed 7934 cell orientations for row compatibility.
[INFO DPO-0383] Performed 4644 cell flips.
[INFO DPO-0384] End of flipping; objective is 5.475056e+07, improvement is 0.90 percent.
[INFO DPO-0313] Found 0 cells in wrong regions.
[INFO DPO-0315] Found 0 row alignment problems.
[INFO DPO-0314] Found 0 site alignment problems.
[INFO DPO-0311] Found 0 overlaps between adjacent cells.
[INFO DPO-0312] Found 0 edge spacing violations and 0 padding violations.
Detailed Improvement Results
------------------------------------------
Original HPWL            56715.4 u
Final HPWL               54589.6 u
Delta HPWL                  -3.7 %

[INFO DPL-0020] Mirrored 5968 instances
[INFO DPL-0021] HPWL before           54589.6 u
[INFO DPL-0022] HPWL after            54555.7 u
[INFO DPL-0023] HPWL delta               -0.1 %
[INFO FLW-0012] Placement violations .
Report metrics stage 3, detailed place...

==========================================================================
detailed place report_design_area
--------------------------------------------------------------------------
Design area 1730 u^2 62% utilization.
Elapsed time: 0:13.18[h:]min:sec. CPU time: user 13.00 sys 0.17 (99%). Peak memory: 314812KB.
