OpenROAD v2.0-19576-gec1bf1a13 
Features included (+) or not (-): +GPU +GUI +Python : None
This program is licensed under the BSD-3 license. See the LICENSE file for details.
Components of this program may be licensed under more restrictive licenses which must be honored.
[INFO ORD-0030] Using 16 thread(s).
Placement Analysis
---------------------------------
total displacement       4545.2 u
average displacement        0.2 u
max displacement            1.4 u
original HPWL           79976.3 u
legalized HPWL          83959.5 u
delta HPWL                    5 %

[INFO DPL-0020] Mirrored 6979 instances
[INFO DPL-0021] HPWL before           83959.5 u
[INFO DPL-0022] HPWL after            82524.7 u
[INFO DPL-0023] HPWL delta               -1.7 %
[INFO FLW-0012] Placement violations .
Report metrics stage 3, detailed place...

==========================================================================
detailed place report_design_area
--------------------------------------------------------------------------
Design area 2323 u^2 54% utilization.
Elapsed time: 0:19.82[h:]min:sec. CPU time: user 19.41 sys 0.39 (99%). Peak memory: 358040KB.
