
==========================================================================
floorplan final report_tns
--------------------------------------------------------------------------
tns -4082.06

==========================================================================
floorplan final report_wns
--------------------------------------------------------------------------
wns -54.25

==========================================================================
floorplan final report_worst_slack
--------------------------------------------------------------------------
worst slack -54.25

==========================================================================
floorplan final report_checks -path_delay min
--------------------------------------------------------------------------
Startpoint: rst_ni (input port clocked by core_clock)
Endpoint: _35794_ (removal check against rising-edge clock core_clock)
Path Group: asynchronous
Path Type: min

Fanout     Cap    Slew   Delay    Time   Description
-----------------------------------------------------------------------------
                  0.00    0.00    0.00   clock core_clock (rise edge)
                          0.00    0.00   clock network delay (ideal)
                        252.00  252.00 ^ input external delay
  1658 1505.11    0.00    0.00  252.00 ^ rst_ni (in)
                                         rst_ni (net)
                  0.00    0.00  252.00 ^ _35794_/SETN (DFFASRHQNx1_ASAP7_75t_R)
                                252.00   data arrival time

                  0.00    0.00    0.00   clock core_clock (rise edge)
                          0.00    0.00   clock network delay (ideal)
                          0.00    0.00   clock reconvergence pessimism
                                  0.00 ^ _35794_/CLK (DFFASRHQNx1_ASAP7_75t_R)
                         25.79   25.79   library removal time
                                 25.79   data required time
-----------------------------------------------------------------------------
                                 25.79   data required time
                               -252.00   data arrival time
-----------------------------------------------------------------------------
                                226.21   slack (MET)


Startpoint: core_clock_gate_i.en_latch$_DLATCH_N_
            (negative level-sensitive latch clocked by core_clock)
Endpoint: _35046_ (rising clock gating-check end-point clocked by core_clock)
Path Group: gated clock
Path Type: min

Fanout     Cap    Slew   Delay    Time   Description
-----------------------------------------------------------------------------
                  0.00  630.00  630.00   clock core_clock (fall edge)
                          0.00  630.00   clock network delay (ideal)
                  0.00    0.00  630.00 v core_clock_gate_i.en_latch$_DLATCH_N_/CLK (DLLx1_ASAP7_75t_R)
     1    0.32    6.19   17.27  647.27 ^ core_clock_gate_i.en_latch$_DLATCH_N_/Q (DLLx1_ASAP7_75t_R)
                                         core_clock_gate_i.en_latch (net)
                  6.19    0.00  647.27 ^ _35046_/B (AND2x2_ASAP7_75t_R)
                                647.27   data arrival time

                  0.00  630.00  630.00   clock core_clock (fall edge)
                          0.00  630.00   clock network delay (ideal)
                          0.00  630.00   clock reconvergence pessimism
                                630.00 v _35046_/A (AND2x2_ASAP7_75t_R)
                          0.00  630.00   clock gating hold time
                                630.00   data required time
-----------------------------------------------------------------------------
                                630.00   data required time
                               -647.27   data arrival time
-----------------------------------------------------------------------------
                                 17.27   slack (MET)


Startpoint: cs_registers_i.u_mstack_epc_csr.rdata_q[1]$_DFFE_PN0P_
            (rising edge-triggered flip-flop clocked by core_clock)
Endpoint: cs_registers_i.u_mstack_epc_csr.rdata_q[1]$_DFFE_PN0P_
          (rising edge-triggered flip-flop clocked by core_clock)
Path Group: core_clock
Path Type: min

Fanout     Cap    Slew   Delay    Time   Description
-----------------------------------------------------------------------------
                  0.00    0.00    0.00   clock core_clock (rise edge)
                          0.00    0.00   clock network delay (ideal)
                  0.00    0.00    0.00 ^ cs_registers_i.u_mstack_epc_csr.rdata_q[1]$_DFFE_PN0P_/CLK (DFFASRHQNx1_ASAP7_75t_R)
     2    1.16   16.50   37.58   37.58 ^ cs_registers_i.u_mstack_epc_csr.rdata_q[1]$_DFFE_PN0P_/QN (DFFASRHQNx1_ASAP7_75t_R)
                                         _01876_ (net)
                 16.50    0.00   37.58 ^ _27520_/A1 (AOI21x1_ASAP7_75t_R)
     1    0.55    5.31    8.41   45.99 v _27520_/Y (AOI21x1_ASAP7_75t_R)
                                         _02704_ (net)
                  5.31    0.00   45.99 v cs_registers_i.u_mstack_epc_csr.rdata_q[1]$_DFFE_PN0P_/D (DFFASRHQNx1_ASAP7_75t_R)
                                 45.99   data arrival time

                  0.00    0.00    0.00   clock core_clock (rise edge)
                          0.00    0.00   clock network delay (ideal)
                          0.00    0.00   clock reconvergence pessimism
                                  0.00 ^ cs_registers_i.u_mstack_epc_csr.rdata_q[1]$_DFFE_PN0P_/CLK (DFFASRHQNx1_ASAP7_75t_R)
                          9.37    9.37   library hold time
                                  9.37   data required time
-----------------------------------------------------------------------------
                                  9.37   data required time
                                -45.99   data arrival time
-----------------------------------------------------------------------------
                                 36.62   slack (MET)



==========================================================================
floorplan final report_checks -path_delay max
--------------------------------------------------------------------------
Startpoint: rst_ni (input port clocked by core_clock)
Endpoint: _35794_ (recovery check against rising-edge clock core_clock)
Path Group: asynchronous
Path Type: max

Fanout     Cap    Slew   Delay    Time   Description
-----------------------------------------------------------------------------
                  0.00    0.00    0.00   clock core_clock (rise edge)
                          0.00    0.00   clock network delay (ideal)
                        252.00  252.00 ^ input external delay
  1658 1923.93    0.00    0.00  252.00 ^ rst_ni (in)
                                         rst_ni (net)
                  0.00    0.00  252.00 ^ _35794_/SETN (DFFASRHQNx1_ASAP7_75t_R)
                                252.00   data arrival time

                  0.00 1260.00 1260.00   clock core_clock (rise edge)
                          0.00 1260.00   clock network delay (ideal)
                          0.00 1260.00   clock reconvergence pessimism
                               1260.00 ^ _35794_/CLK (DFFASRHQNx1_ASAP7_75t_R)
                          6.99 1266.99   library recovery time
                               1266.99   data required time
-----------------------------------------------------------------------------
                               1266.99   data required time
                               -252.00   data arrival time
-----------------------------------------------------------------------------
                               1014.99   slack (MET)


Startpoint: core_clock_gate_i.en_latch$_DLATCH_N_
            (negative level-sensitive latch clocked by core_clock)
Endpoint: _35046_ (rising clock gating-check end-point clocked by core_clock)
Path Group: gated clock
Path Type: max

Fanout     Cap    Slew   Delay    Time   Description
-----------------------------------------------------------------------------
                  0.00  630.00  630.00   clock core_clock (fall edge)
                          0.00  630.00   clock network delay (ideal)
                  0.00    0.00  630.00 v core_clock_gate_i.en_latch$_DLATCH_N_/CLK (DLLx1_ASAP7_75t_R)
     1    0.57    7.53   27.16  657.16 v core_clock_gate_i.en_latch$_DLATCH_N_/Q (DLLx1_ASAP7_75t_R)
                                         core_clock_gate_i.en_latch (net)
                  7.53    0.00  657.16 v _35046_/B (AND2x2_ASAP7_75t_R)
                                657.16   data arrival time

                  0.00 1260.00 1260.00   clock core_clock (rise edge)
                          0.00 1260.00   clock network delay (ideal)
                          0.00 1260.00   clock reconvergence pessimism
                               1260.00 ^ _35046_/A (AND2x2_ASAP7_75t_R)
                          0.00 1260.00   clock gating setup time
                               1260.00   data required time
-----------------------------------------------------------------------------
                               1260.00   data required time
                               -657.16   data arrival time
-----------------------------------------------------------------------------
                                602.84   slack (MET)


Startpoint: if_stage_i.instr_rdata_alu_id_o[20]$_DFFE_PN_
            (rising edge-triggered flip-flop clocked by core_clock)
Endpoint: gen_regfile_ff.register_file_i.rf_reg_q[381]$_DFFE_PN0P_
          (rising edge-triggered flip-flop clocked by core_clock)
Path Group: core_clock
Path Type: max

Fanout     Cap    Slew   Delay    Time   Description
-----------------------------------------------------------------------------
                  0.00    0.00    0.00   clock core_clock (rise edge)
                          0.00    0.00   clock network delay (ideal)
                  0.00    0.00    0.00 ^ if_stage_i.instr_rdata_alu_id_o[20]$_DFFE_PN_/CLK (DFFHQNx1_ASAP7_75t_R)
     6    4.44   34.60   45.91   45.91 ^ if_stage_i.instr_rdata_alu_id_o[20]$_DFFE_PN_/QN (DFFHQNx1_ASAP7_75t_R)
                                         _00368_ (net)
                 34.60    0.00   45.91 ^ _19195_/A (INVx2_ASAP7_75t_R)
     4    3.15   15.24   12.37   58.28 v _19195_/Y (INVx2_ASAP7_75t_R)
                                         _13466_ (net)
                 15.24    0.00   58.28 v _19196_/A (BUFx6f_ASAP7_75t_R)
     6    3.94    6.95   15.58   73.86 v _19196_/Y (BUFx6f_ASAP7_75t_R)
                                         _13467_ (net)
                  6.95    0.00   73.86 v _19197_/A (BUFx6f_ASAP7_75t_R)
     6    3.72    6.55   12.80   86.66 v _19197_/Y (BUFx6f_ASAP7_75t_R)
                                         _13468_ (net)
                  6.55    0.00   86.66 v _19198_/A (BUFx6f_ASAP7_75t_R)
     6    4.53    7.24   13.12   99.79 v _19198_/Y (BUFx6f_ASAP7_75t_R)
                                         _13469_ (net)
                  7.24    0.00   99.79 v _19199_/A (BUFx6f_ASAP7_75t_R)
     6    5.03    7.68   13.64  113.43 v _19199_/Y (BUFx6f_ASAP7_75t_R)
                                         _13470_ (net)
                  7.68    0.00  113.43 v _21321_/A (BUFx12f_ASAP7_75t_R)
     6    6.87    7.03   13.45  126.87 v _21321_/Y (BUFx12f_ASAP7_75t_R)
                                         _15518_ (net)
                  7.03    0.00  126.87 v _21340_/A (BUFx12f_ASAP7_75t_R)
     8   12.46    9.83   14.89  141.76 v _21340_/Y (BUFx12f_ASAP7_75t_R)
                                         _15537_ (net)
                  9.83    0.00  141.76 v _22130_/A (BUFx12f_ASAP7_75t_R)
     5    2.18    4.69   12.71  154.47 v _22130_/Y (BUFx12f_ASAP7_75t_R)
                                         _16305_ (net)
                  4.69    0.00  154.47 v _22149_/B (OA211x2_ASAP7_75t_R)
     1    0.60    9.13   23.79  178.27 v _22149_/Y (OA211x2_ASAP7_75t_R)
                                         _16324_ (net)
                  9.13    0.00  178.27 v _22153_/C (OR3x1_ASAP7_75t_R)
     1    0.59    9.10   23.54  201.81 v _22153_/Y (OR3x1_ASAP7_75t_R)
                                         _16328_ (net)
                  9.10    0.00  201.81 v _22161_/C (AND3x1_ASAP7_75t_R)
     1    0.60    6.36   13.91  215.71 v _22161_/Y (AND3x1_ASAP7_75t_R)
                                         _16336_ (net)
                  6.36    0.00  215.71 v _22178_/C (OR3x1_ASAP7_75t_R)
     2    1.71   15.22   27.32  243.03 v _22178_/Y (OR3x1_ASAP7_75t_R)
                                         _16353_ (net)
                 15.22    0.00  243.03 v _22179_/A (AND2x4_ASAP7_75t_R)
     6    3.82    9.33   20.79  263.82 v _22179_/Y (AND2x4_ASAP7_75t_R)
                                         _16354_ (net)
                  9.33    0.00  263.82 v _24175_/A2 (AO21x2_ASAP7_75t_R)
     8    5.28   17.38   23.78  287.61 v _24175_/Y (AO21x2_ASAP7_75t_R)
                                         _05187_ (net)
                 17.38    0.00  287.61 v _24418_/B (NAND2x1p5_ASAP7_75t_R)
     2    2.93   20.33   14.55  302.16 ^ _24418_/Y (NAND2x1p5_ASAP7_75t_R)
                                         _17865_ (net)
                 20.33    0.00  302.16 ^ _24419_/A (INVx2_ASAP7_75t_R)
     2    3.61   13.50   10.99  313.15 v _24419_/Y (INVx2_ASAP7_75t_R)
                                         _17820_ (net)
                 13.50    0.00  313.15 v _35401_/A (FAx1_ASAP7_75t_R)
     8   15.61  225.80  110.31  423.46 ^ _35401_/CON (FAx1_ASAP7_75t_R)
                                         _17962_ (net)
     4    6.47  103.30   79.44  502.90 v _35401_/SN (FAx1_ASAP7_75t_R)
                                         _17914_ (net)
                103.30    0.00  502.90 v _35040_/A (INVx1_ASAP7_75t_R)
     2    3.61   43.92   35.27  538.17 ^ _35040_/Y (INVx1_ASAP7_75t_R)
                                         _17913_ (net)
                 43.92    0.00  538.17 ^ _35461_/CI (FAx1_ASAP7_75t_R)
     7   10.75  164.60  190.88  729.05 v _35461_/SN (FAx1_ASAP7_75t_R)
                                         _18080_ (net)
                164.60    0.00  729.05 v _35462_/A (FAx1_ASAP7_75t_R)
     1    2.17   72.00   56.33  785.37 ^ _35462_/CON (FAx1_ASAP7_75t_R)
                                         _18122_ (net)
     1    0.68   50.00   19.43  804.81 v _35462_/SN (FAx1_ASAP7_75t_R)
                                         _18479_ (net)
                 50.00    0.00  804.81 v _34879_/A (INVx1_ASAP7_75t_R)
     1    2.00   23.62   19.27  824.08 ^ _34879_/Y (INVx1_ASAP7_75t_R)
                                         _18081_ (net)
                 23.62    0.00  824.08 ^ _35463_/A (FAx1_ASAP7_75t_R)
     1    0.68   23.22   35.88  859.96 v _35463_/SN (FAx1_ASAP7_75t_R)
                                         _18480_ (net)
                 23.22    0.00  859.96 v _34816_/A (INVx1_ASAP7_75t_R)
     1    1.61   15.58   12.73  872.69 ^ _34816_/Y (INVx1_ASAP7_75t_R)
                                         _18083_ (net)
                 15.58    0.00  872.69 ^ _35467_/CI (FAx1_ASAP7_75t_R)
     1    0.68   25.94   32.97  905.66 v _35467_/SN (FAx1_ASAP7_75t_R)
                                         _18484_ (net)
                 25.94    0.00  905.66 v _34856_/A (INVx1_ASAP7_75t_R)
     1    2.17   19.17   15.23  920.89 ^ _34856_/Y (INVx1_ASAP7_75t_R)
                                         _18092_ (net)
                 19.17    0.00  920.89 ^ _35468_/B (FAx1_ASAP7_75t_R)
     1    1.00   31.10   38.73  959.62 v _35468_/SN (FAx1_ASAP7_75t_R)
                                         _18486_ (net)
                 31.10    0.00  959.62 v _35578_/B (HAxp5_ASAP7_75t_R)
     4    2.84   39.49   58.04 1017.66 v _35578_/SN (HAxp5_ASAP7_75t_R)
                                         _00252_ (net)
                 39.49    0.00 1017.66 v _29453_/B (AO21x1_ASAP7_75t_R)
     1    0.63    7.67   21.06 1038.72 v _29453_/Y (AO21x1_ASAP7_75t_R)
                                         _09481_ (net)
                  7.67    0.00 1038.72 v _29454_/A2 (AO21x1_ASAP7_75t_R)
     2    1.07    9.47   15.30 1054.03 v _29454_/Y (AO21x1_ASAP7_75t_R)
                                         _09482_ (net)
                  9.47    0.00 1054.03 v _29488_/A2 (AO21x1_ASAP7_75t_R)
     1    0.63    7.61   14.49 1068.52 v _29488_/Y (AO21x1_ASAP7_75t_R)
                                         _09514_ (net)
                  7.61    0.00 1068.52 v _29489_/A2 (AO21x1_ASAP7_75t_R)
     2    1.09    9.53   15.34 1083.85 v _29489_/Y (AO21x1_ASAP7_75t_R)
                                         _09515_ (net)
                  9.53    0.00 1083.85 v _29532_/A2 (AO21x1_ASAP7_75t_R)
     1    0.49    6.74   14.08 1097.93 v _29532_/Y (AO21x1_ASAP7_75t_R)
                                         _09557_ (net)
                  6.74    0.00 1097.93 v _29536_/A2 (AO221x1_ASAP7_75t_R)
     2    1.67   13.76   24.71 1122.64 v _29536_/Y (AO221x1_ASAP7_75t_R)
                                         _09561_ (net)
                 13.76    0.00 1122.64 v _29537_/A (XNOR2x2_ASAP7_75t_R)
     1    0.63    8.60   24.86 1147.50 ^ _29537_/Y (XNOR2x2_ASAP7_75t_R)
                                         _09562_ (net)
                  8.60    0.00 1147.50 ^ _29539_/A2 (AO21x1_ASAP7_75t_R)
     2    1.69   13.51   16.37 1163.87 ^ _29539_/Y (AO21x1_ASAP7_75t_R)
                                         _09564_ (net)
                 13.51    0.00 1163.87 ^ _29540_/B (NAND2x1_ASAP7_75t_R)
     1    0.43    7.45    6.75 1170.62 v _29540_/Y (NAND2x1_ASAP7_75t_R)
                                         _09565_ (net)
                  7.45    0.00 1170.62 v _29541_/B (OA211x2_ASAP7_75t_R)
     1    0.60    9.13   24.67 1195.29 v _29541_/Y (OA211x2_ASAP7_75t_R)
                                         _09566_ (net)
                  9.13    0.00 1195.29 v _29545_/B (OR3x1_ASAP7_75t_R)
     1    0.54    8.81   22.96 1218.24 v _29545_/Y (OR3x1_ASAP7_75t_R)
                                         _09570_ (net)
                  8.81    0.00 1218.24 v _29547_/A1 (OA211x2_ASAP7_75t_R)
     3    1.76   12.17   23.76 1242.00 v _29547_/Y (OA211x2_ASAP7_75t_R)
                                         _09572_ (net)
                 12.17    0.00 1242.00 v _29554_/B (OR2x2_ASAP7_75t_R)
     3    2.48   12.05   23.09 1265.09 v _29554_/Y (OR2x2_ASAP7_75t_R)
                                         _09579_ (net)
                 12.05    0.00 1265.09 v _29555_/A (BUFx6f_ASAP7_75t_R)
     6    5.19    7.90   15.30 1280.39 v _29555_/Y (BUFx6f_ASAP7_75t_R)
                                         _09580_ (net)
                  7.90    0.00 1280.39 v _29767_/A (BUFx6f_ASAP7_75t_R)
     5    3.09    6.01   12.77 1293.16 v _29767_/Y (BUFx6f_ASAP7_75t_R)
                                         _09757_ (net)
                  6.01    0.00 1293.16 v _30373_/A1 (OA21x2_ASAP7_75t_R)
     1    0.62    6.57   15.79 1308.95 v _30373_/Y (OA21x2_ASAP7_75t_R)
                                         _03170_ (net)
                  6.57    0.00 1308.95 v gen_regfile_ff.register_file_i.rf_reg_q[381]$_DFFE_PN0P_/D (DFFASRHQNx1_ASAP7_75t_R)
                               1308.95   data arrival time

                  0.00 1260.00 1260.00   clock core_clock (rise edge)
                          0.00 1260.00   clock network delay (ideal)
                          0.00 1260.00   clock reconvergence pessimism
                               1260.00 ^ gen_regfile_ff.register_file_i.rf_reg_q[381]$_DFFE_PN0P_/CLK (DFFASRHQNx1_ASAP7_75t_R)
                         -5.30 1254.70   library setup time
                               1254.70   data required time
-----------------------------------------------------------------------------
                               1254.70   data required time
                               -1308.95   data arrival time
-----------------------------------------------------------------------------
                                -54.25   slack (VIOLATED)



==========================================================================
floorplan final report_checks -unconstrained
--------------------------------------------------------------------------
Startpoint: rst_ni (input port clocked by core_clock)
Endpoint: _35794_ (recovery check against rising-edge clock core_clock)
Path Group: asynchronous
Path Type: max

Fanout     Cap    Slew   Delay    Time   Description
-----------------------------------------------------------------------------
                  0.00    0.00    0.00   clock core_clock (rise edge)
                          0.00    0.00   clock network delay (ideal)
                        252.00  252.00 ^ input external delay
  1658 1923.93    0.00    0.00  252.00 ^ rst_ni (in)
                                         rst_ni (net)
                  0.00    0.00  252.00 ^ _35794_/SETN (DFFASRHQNx1_ASAP7_75t_R)
                                252.00   data arrival time

                  0.00 1260.00 1260.00   clock core_clock (rise edge)
                          0.00 1260.00   clock network delay (ideal)
                          0.00 1260.00   clock reconvergence pessimism
                               1260.00 ^ _35794_/CLK (DFFASRHQNx1_ASAP7_75t_R)
                          6.99 1266.99   library recovery time
                               1266.99   data required time
-----------------------------------------------------------------------------
                               1266.99   data required time
                               -252.00   data arrival time
-----------------------------------------------------------------------------
                               1014.99   slack (MET)


Startpoint: core_clock_gate_i.en_latch$_DLATCH_N_
            (negative level-sensitive latch clocked by core_clock)
Endpoint: _35046_ (rising clock gating-check end-point clocked by core_clock)
Path Group: gated clock
Path Type: max

Fanout     Cap    Slew   Delay    Time   Description
-----------------------------------------------------------------------------
                  0.00  630.00  630.00   clock core_clock (fall edge)
                          0.00  630.00   clock network delay (ideal)
                  0.00    0.00  630.00 v core_clock_gate_i.en_latch$_DLATCH_N_/CLK (DLLx1_ASAP7_75t_R)
     1    0.57    7.53   27.16  657.16 v core_clock_gate_i.en_latch$_DLATCH_N_/Q (DLLx1_ASAP7_75t_R)
                                         core_clock_gate_i.en_latch (net)
                  7.53    0.00  657.16 v _35046_/B (AND2x2_ASAP7_75t_R)
                                657.16   data arrival time

                  0.00 1260.00 1260.00   clock core_clock (rise edge)
                          0.00 1260.00   clock network delay (ideal)
                          0.00 1260.00   clock reconvergence pessimism
                               1260.00 ^ _35046_/A (AND2x2_ASAP7_75t_R)
                          0.00 1260.00   clock gating setup time
                               1260.00   data required time
-----------------------------------------------------------------------------
                               1260.00   data required time
                               -657.16   data arrival time
-----------------------------------------------------------------------------
                                602.84   slack (MET)


Startpoint: if_stage_i.instr_rdata_alu_id_o[20]$_DFFE_PN_
            (rising edge-triggered flip-flop clocked by core_clock)
Endpoint: gen_regfile_ff.register_file_i.rf_reg_q[381]$_DFFE_PN0P_
          (rising edge-triggered flip-flop clocked by core_clock)
Path Group: core_clock
Path Type: max

Fanout     Cap    Slew   Delay    Time   Description
-----------------------------------------------------------------------------
                  0.00    0.00    0.00   clock core_clock (rise edge)
                          0.00    0.00   clock network delay (ideal)
                  0.00    0.00    0.00 ^ if_stage_i.instr_rdata_alu_id_o[20]$_DFFE_PN_/CLK (DFFHQNx1_ASAP7_75t_R)
     6    4.44   34.60   45.91   45.91 ^ if_stage_i.instr_rdata_alu_id_o[20]$_DFFE_PN_/QN (DFFHQNx1_ASAP7_75t_R)
                                         _00368_ (net)
                 34.60    0.00   45.91 ^ _19195_/A (INVx2_ASAP7_75t_R)
     4    3.15   15.24   12.37   58.28 v _19195_/Y (INVx2_ASAP7_75t_R)
                                         _13466_ (net)
                 15.24    0.00   58.28 v _19196_/A (BUFx6f_ASAP7_75t_R)
     6    3.94    6.95   15.58   73.86 v _19196_/Y (BUFx6f_ASAP7_75t_R)
                                         _13467_ (net)
                  6.95    0.00   73.86 v _19197_/A (BUFx6f_ASAP7_75t_R)
     6    3.72    6.55   12.80   86.66 v _19197_/Y (BUFx6f_ASAP7_75t_R)
                                         _13468_ (net)
                  6.55    0.00   86.66 v _19198_/A (BUFx6f_ASAP7_75t_R)
     6    4.53    7.24   13.12   99.79 v _19198_/Y (BUFx6f_ASAP7_75t_R)
                                         _13469_ (net)
                  7.24    0.00   99.79 v _19199_/A (BUFx6f_ASAP7_75t_R)
     6    5.03    7.68   13.64  113.43 v _19199_/Y (BUFx6f_ASAP7_75t_R)
                                         _13470_ (net)
                  7.68    0.00  113.43 v _21321_/A (BUFx12f_ASAP7_75t_R)
     6    6.87    7.03   13.45  126.87 v _21321_/Y (BUFx12f_ASAP7_75t_R)
                                         _15518_ (net)
                  7.03    0.00  126.87 v _21340_/A (BUFx12f_ASAP7_75t_R)
     8   12.46    9.83   14.89  141.76 v _21340_/Y (BUFx12f_ASAP7_75t_R)
                                         _15537_ (net)
                  9.83    0.00  141.76 v _22130_/A (BUFx12f_ASAP7_75t_R)
     5    2.18    4.69   12.71  154.47 v _22130_/Y (BUFx12f_ASAP7_75t_R)
                                         _16305_ (net)
                  4.69    0.00  154.47 v _22149_/B (OA211x2_ASAP7_75t_R)
     1    0.60    9.13   23.79  178.27 v _22149_/Y (OA211x2_ASAP7_75t_R)
                                         _16324_ (net)
                  9.13    0.00  178.27 v _22153_/C (OR3x1_ASAP7_75t_R)
     1    0.59    9.10   23.54  201.81 v _22153_/Y (OR3x1_ASAP7_75t_R)
                                         _16328_ (net)
                  9.10    0.00  201.81 v _22161_/C (AND3x1_ASAP7_75t_R)
     1    0.60    6.36   13.91  215.71 v _22161_/Y (AND3x1_ASAP7_75t_R)
                                         _16336_ (net)
                  6.36    0.00  215.71 v _22178_/C (OR3x1_ASAP7_75t_R)
     2    1.71   15.22   27.32  243.03 v _22178_/Y (OR3x1_ASAP7_75t_R)
                                         _16353_ (net)
                 15.22    0.00  243.03 v _22179_/A (AND2x4_ASAP7_75t_R)
     6    3.82    9.33   20.79  263.82 v _22179_/Y (AND2x4_ASAP7_75t_R)
                                         _16354_ (net)
                  9.33    0.00  263.82 v _24175_/A2 (AO21x2_ASAP7_75t_R)
     8    5.28   17.38   23.78  287.61 v _24175_/Y (AO21x2_ASAP7_75t_R)
                                         _05187_ (net)
                 17.38    0.00  287.61 v _24418_/B (NAND2x1p5_ASAP7_75t_R)
     2    2.93   20.33   14.55  302.16 ^ _24418_/Y (NAND2x1p5_ASAP7_75t_R)
                                         _17865_ (net)
                 20.33    0.00  302.16 ^ _24419_/A (INVx2_ASAP7_75t_R)
     2    3.61   13.50   10.99  313.15 v _24419_/Y (INVx2_ASAP7_75t_R)
                                         _17820_ (net)
                 13.50    0.00  313.15 v _35401_/A (FAx1_ASAP7_75t_R)
     8   15.61  225.80  110.31  423.46 ^ _35401_/CON (FAx1_ASAP7_75t_R)
                                         _17962_ (net)
     4    6.47  103.30   79.44  502.90 v _35401_/SN (FAx1_ASAP7_75t_R)
                                         _17914_ (net)
                103.30    0.00  502.90 v _35040_/A (INVx1_ASAP7_75t_R)
     2    3.61   43.92   35.27  538.17 ^ _35040_/Y (INVx1_ASAP7_75t_R)
                                         _17913_ (net)
                 43.92    0.00  538.17 ^ _35461_/CI (FAx1_ASAP7_75t_R)
     7   10.75  164.60  190.88  729.05 v _35461_/SN (FAx1_ASAP7_75t_R)
                                         _18080_ (net)
                164.60    0.00  729.05 v _35462_/A (FAx1_ASAP7_75t_R)
     1    2.17   72.00   56.33  785.37 ^ _35462_/CON (FAx1_ASAP7_75t_R)
                                         _18122_ (net)
     1    0.68   50.00   19.43  804.81 v _35462_/SN (FAx1_ASAP7_75t_R)
                                         _18479_ (net)
                 50.00    0.00  804.81 v _34879_/A (INVx1_ASAP7_75t_R)
     1    2.00   23.62   19.27  824.08 ^ _34879_/Y (INVx1_ASAP7_75t_R)
                                         _18081_ (net)
                 23.62    0.00  824.08 ^ _35463_/A (FAx1_ASAP7_75t_R)
     1    0.68   23.22   35.88  859.96 v _35463_/SN (FAx1_ASAP7_75t_R)
                                         _18480_ (net)
                 23.22    0.00  859.96 v _34816_/A (INVx1_ASAP7_75t_R)
     1    1.61   15.58   12.73  872.69 ^ _34816_/Y (INVx1_ASAP7_75t_R)
                                         _18083_ (net)
                 15.58    0.00  872.69 ^ _35467_/CI (FAx1_ASAP7_75t_R)
     1    0.68   25.94   32.97  905.66 v _35467_/SN (FAx1_ASAP7_75t_R)
                                         _18484_ (net)
                 25.94    0.00  905.66 v _34856_/A (INVx1_ASAP7_75t_R)
     1    2.17   19.17   15.23  920.89 ^ _34856_/Y (INVx1_ASAP7_75t_R)
                                         _18092_ (net)
                 19.17    0.00  920.89 ^ _35468_/B (FAx1_ASAP7_75t_R)
     1    1.00   31.10   38.73  959.62 v _35468_/SN (FAx1_ASAP7_75t_R)
                                         _18486_ (net)
                 31.10    0.00  959.62 v _35578_/B (HAxp5_ASAP7_75t_R)
     4    2.84   39.49   58.04 1017.66 v _35578_/SN (HAxp5_ASAP7_75t_R)
                                         _00252_ (net)
                 39.49    0.00 1017.66 v _29453_/B (AO21x1_ASAP7_75t_R)
     1    0.63    7.67   21.06 1038.72 v _29453_/Y (AO21x1_ASAP7_75t_R)
                                         _09481_ (net)
                  7.67    0.00 1038.72 v _29454_/A2 (AO21x1_ASAP7_75t_R)
     2    1.07    9.47   15.30 1054.03 v _29454_/Y (AO21x1_ASAP7_75t_R)
                                         _09482_ (net)
                  9.47    0.00 1054.03 v _29488_/A2 (AO21x1_ASAP7_75t_R)
     1    0.63    7.61   14.49 1068.52 v _29488_/Y (AO21x1_ASAP7_75t_R)
                                         _09514_ (net)
                  7.61    0.00 1068.52 v _29489_/A2 (AO21x1_ASAP7_75t_R)
     2    1.09    9.53   15.34 1083.85 v _29489_/Y (AO21x1_ASAP7_75t_R)
                                         _09515_ (net)
                  9.53    0.00 1083.85 v _29532_/A2 (AO21x1_ASAP7_75t_R)
     1    0.49    6.74   14.08 1097.93 v _29532_/Y (AO21x1_ASAP7_75t_R)
                                         _09557_ (net)
                  6.74    0.00 1097.93 v _29536_/A2 (AO221x1_ASAP7_75t_R)
     2    1.67   13.76   24.71 1122.64 v _29536_/Y (AO221x1_ASAP7_75t_R)
                                         _09561_ (net)
                 13.76    0.00 1122.64 v _29537_/A (XNOR2x2_ASAP7_75t_R)
     1    0.63    8.60   24.86 1147.50 ^ _29537_/Y (XNOR2x2_ASAP7_75t_R)
                                         _09562_ (net)
                  8.60    0.00 1147.50 ^ _29539_/A2 (AO21x1_ASAP7_75t_R)
     2    1.69   13.51   16.37 1163.87 ^ _29539_/Y (AO21x1_ASAP7_75t_R)
                                         _09564_ (net)
                 13.51    0.00 1163.87 ^ _29540_/B (NAND2x1_ASAP7_75t_R)
     1    0.43    7.45    6.75 1170.62 v _29540_/Y (NAND2x1_ASAP7_75t_R)
                                         _09565_ (net)
                  7.45    0.00 1170.62 v _29541_/B (OA211x2_ASAP7_75t_R)
     1    0.60    9.13   24.67 1195.29 v _29541_/Y (OA211x2_ASAP7_75t_R)
                                         _09566_ (net)
                  9.13    0.00 1195.29 v _29545_/B (OR3x1_ASAP7_75t_R)
     1    0.54    8.81   22.96 1218.24 v _29545_/Y (OR3x1_ASAP7_75t_R)
                                         _09570_ (net)
                  8.81    0.00 1218.24 v _29547_/A1 (OA211x2_ASAP7_75t_R)
     3    1.76   12.17   23.76 1242.00 v _29547_/Y (OA211x2_ASAP7_75t_R)
                                         _09572_ (net)
                 12.17    0.00 1242.00 v _29554_/B (OR2x2_ASAP7_75t_R)
     3    2.48   12.05   23.09 1265.09 v _29554_/Y (OR2x2_ASAP7_75t_R)
                                         _09579_ (net)
                 12.05    0.00 1265.09 v _29555_/A (BUFx6f_ASAP7_75t_R)
     6    5.19    7.90   15.30 1280.39 v _29555_/Y (BUFx6f_ASAP7_75t_R)
                                         _09580_ (net)
                  7.90    0.00 1280.39 v _29767_/A (BUFx6f_ASAP7_75t_R)
     5    3.09    6.01   12.77 1293.16 v _29767_/Y (BUFx6f_ASAP7_75t_R)
                                         _09757_ (net)
                  6.01    0.00 1293.16 v _30373_/A1 (OA21x2_ASAP7_75t_R)
     1    0.62    6.57   15.79 1308.95 v _30373_/Y (OA21x2_ASAP7_75t_R)
                                         _03170_ (net)
                  6.57    0.00 1308.95 v gen_regfile_ff.register_file_i.rf_reg_q[381]$_DFFE_PN0P_/D (DFFASRHQNx1_ASAP7_75t_R)
                               1308.95   data arrival time

                  0.00 1260.00 1260.00   clock core_clock (rise edge)
                          0.00 1260.00   clock network delay (ideal)
                          0.00 1260.00   clock reconvergence pessimism
                               1260.00 ^ gen_regfile_ff.register_file_i.rf_reg_q[381]$_DFFE_PN0P_/CLK (DFFASRHQNx1_ASAP7_75t_R)
                         -5.30 1254.70   library setup time
                               1254.70   data required time
-----------------------------------------------------------------------------
                               1254.70   data required time
                               -1308.95   data arrival time
-----------------------------------------------------------------------------
                                -54.25   slack (VIOLATED)



==========================================================================
floorplan final report_power
--------------------------------------------------------------------------
Group                  Internal  Switching    Leakage      Total
                          Power      Power      Power      Power (Watts)
----------------------------------------------------------------
Sequential             3.07e-03   7.33e-04   2.01e-07   3.80e-03  10.7%
Combinational          1.62e-02   1.54e-02   1.48e-06   3.16e-02  89.0%
Clock                  5.95e-07   1.04e-04   1.16e-10   1.04e-04   0.3%
Macro                  0.00e+00   0.00e+00   0.00e+00   0.00e+00   0.0%
Pad                    0.00e+00   0.00e+00   0.00e+00   0.00e+00   0.0%
----------------------------------------------------------------
Total                  1.92e-02   1.62e-02   1.68e-06   3.55e-02 100.0%
                          54.3%      45.7%       0.0%
