
==========================================================================
detailed place report_tns
--------------------------------------------------------------------------
tns -573.73

==========================================================================
detailed place report_wns
--------------------------------------------------------------------------
wns -0.46

==========================================================================
detailed place report_worst_slack
--------------------------------------------------------------------------
worst slack -0.46

==========================================================================
detailed place report_checks -path_delay min
--------------------------------------------------------------------------
Startpoint: rst_ni (input port clocked by core_clock)
Endpoint: gen_regfile_ff.register_file_i.rf_reg_q[508]$_DFFE_PN0P_
          (removal check against rising-edge clock core_clock)
Path Group: asynchronous
Path Type: min

Fanout     Cap    Slew   Delay    Time   Description
-----------------------------------------------------------------------------
                  0.00    0.00    0.00   clock core_clock (rise edge)
                          0.00    0.00   clock network delay (ideal)
                          0.44    0.44 ^ input external delay
  1658 3499.20    0.00    0.00    0.44 ^ rst_ni (in)
                                         rst_ni (net)
                  2.15    1.76    2.20 ^ gen_regfile_ff.register_file_i.rf_reg_q[508]$_DFFE_PN0P_/RN (DFFR_X1)
                                  2.20   data arrival time

                  0.00    0.00    0.00   clock core_clock (rise edge)
                          0.00    0.00   clock network delay (ideal)
                          0.00    0.00   clock reconvergence pessimism
                                  0.00 ^ gen_regfile_ff.register_file_i.rf_reg_q[508]$_DFFE_PN0P_/CK (DFFR_X1)
                          2.88    2.88   library removal time
                                  2.88   data required time
-----------------------------------------------------------------------------
                                  2.88   data required time
                                 -2.20   data arrival time
-----------------------------------------------------------------------------
                                 -0.68   slack (VIOLATED)


Startpoint: core_clock_gate_i.en_latch$_DLATCH_N_
            (negative level-sensitive latch clocked by core_clock)
Endpoint: _29919_ (rising clock gating-check end-point clocked by core_clock)
Path Group: gated clock
Path Type: min

Fanout     Cap    Slew   Delay    Time   Description
-----------------------------------------------------------------------------
                  0.00    1.10    1.10   clock core_clock (fall edge)
                          0.00    1.10   clock network delay (ideal)
                  0.00    0.00    1.10 v core_clock_gate_i.en_latch$_DLATCH_N_/GN (DLL_X1)
     1    1.13    0.01    0.05    1.15 ^ core_clock_gate_i.en_latch$_DLATCH_N_/Q (DLL_X1)
                                         core_clock_gate_i.en_latch (net)
                  0.01    0.00    1.15 ^ _29919_/A2 (AND2_X1)
                                  1.15   data arrival time

                  0.00    1.10    1.10   clock core_clock (fall edge)
                          0.00    1.10   clock network delay (ideal)
                          0.00    1.10   clock reconvergence pessimism
                                  1.10 v _29919_/A1 (AND2_X1)
                          0.00    1.10   clock gating hold time
                                  1.10   data required time
-----------------------------------------------------------------------------
                                  1.10   data required time
                                 -1.15   data arrival time
-----------------------------------------------------------------------------
                                  0.05   slack (MET)


Startpoint: load_store_unit_i.data_we_q$_DFFE_PN0P_
            (rising edge-triggered flip-flop clocked by core_clock)
Endpoint: id_stage_i.controller_i.store_err_q$_DFF_PN0_
          (rising edge-triggered flip-flop clocked by core_clock)
Path Group: core_clock
Path Type: min

Fanout     Cap    Slew   Delay    Time   Description
-----------------------------------------------------------------------------
                  0.00    0.00    0.00   clock core_clock (rise edge)
                          0.00    0.00   clock network delay (ideal)
                  0.00    0.00    0.00 ^ load_store_unit_i.data_we_q$_DFFE_PN0P_/CK (DFFR_X1)
     2    2.93    0.01    0.07    0.07 ^ load_store_unit_i.data_we_q$_DFFE_PN0P_/QN (DFFR_X1)
                                         _01159_ (net)
                  0.01    0.00    0.07 ^ _20134_/A1 (NOR3_X1)
     2    4.32    0.01    0.01    0.08 v _20134_/ZN (NOR3_X1)
                                         id_stage_i.controller_i.store_err_d (net)
                  0.01    0.00    0.08 v id_stage_i.controller_i.store_err_q$_DFF_PN0_/D (DFFR_X1)
                                  0.08   data arrival time

                  0.00    0.00    0.00   clock core_clock (rise edge)
                          0.00    0.00   clock network delay (ideal)
                          0.00    0.00   clock reconvergence pessimism
                                  0.00 ^ id_stage_i.controller_i.store_err_q$_DFF_PN0_/CK (DFFR_X1)
                          0.00    0.00   library hold time
                                  0.00   data required time
-----------------------------------------------------------------------------
                                  0.00   data required time
                                 -0.08   data arrival time
-----------------------------------------------------------------------------
                                  0.08   slack (MET)



==========================================================================
detailed place report_checks -path_delay max
--------------------------------------------------------------------------
Startpoint: rst_ni (input port clocked by core_clock)
Endpoint: gen_regfile_ff.register_file_i.rf_reg_q[508]$_DFFE_PN0P_
          (recovery check against rising-edge clock core_clock)
Path Group: asynchronous
Path Type: max

Fanout     Cap    Slew   Delay    Time   Description
-----------------------------------------------------------------------------
                  0.00    0.00    0.00   clock core_clock (rise edge)
                          0.00    0.00   clock network delay (ideal)
                          0.44    0.44 ^ input external delay
  1658 3499.20    0.00    0.00    0.44 ^ rst_ni (in)
                                         rst_ni (net)
                  2.15    1.76    2.20 ^ gen_regfile_ff.register_file_i.rf_reg_q[508]$_DFFE_PN0P_/RN (DFFR_X1)
                                  2.20   data arrival time

                  0.00    2.20    2.20   clock core_clock (rise edge)
                          0.00    2.20   clock network delay (ideal)
                          0.00    2.20   clock reconvergence pessimism
                                  2.20 ^ gen_regfile_ff.register_file_i.rf_reg_q[508]$_DFFE_PN0P_/CK (DFFR_X1)
                         -0.46    1.74   library recovery time
                                  1.74   data required time
-----------------------------------------------------------------------------
                                  1.74   data required time
                                 -2.20   data arrival time
-----------------------------------------------------------------------------
                                 -0.46   slack (VIOLATED)


Startpoint: core_clock_gate_i.en_latch$_DLATCH_N_
            (negative level-sensitive latch clocked by core_clock)
Endpoint: _29919_ (rising clock gating-check end-point clocked by core_clock)
Path Group: gated clock
Path Type: max

Fanout     Cap    Slew   Delay    Time   Description
-----------------------------------------------------------------------------
                  0.00    1.10    1.10   clock core_clock (fall edge)
                          0.00    1.10   clock network delay (ideal)
                  0.00    0.00    1.10 v core_clock_gate_i.en_latch$_DLATCH_N_/GN (DLL_X1)
     1    1.05    0.01    0.07    1.17 v core_clock_gate_i.en_latch$_DLATCH_N_/Q (DLL_X1)
                                         core_clock_gate_i.en_latch (net)
                  0.01    0.00    1.17 v _29919_/A2 (AND2_X1)
                                  1.17   data arrival time

                  0.00    2.20    2.20   clock core_clock (rise edge)
                          0.00    2.20   clock network delay (ideal)
                          0.00    2.20   clock reconvergence pessimism
                                  2.20 ^ _29919_/A1 (AND2_X1)
                          0.00    2.20   clock gating setup time
                                  2.20   data required time
-----------------------------------------------------------------------------
                                  2.20   data required time
                                 -1.17   data arrival time
-----------------------------------------------------------------------------
                                  1.03   slack (MET)


Startpoint: if_stage_i.instr_rdata_alu_id_o[21]$_DFFE_PN_
            (rising edge-triggered flip-flop clocked by core_clock)
Endpoint: gen_regfile_ff.register_file_i.rf_reg_q[61]$_DFFE_PN0P_
          (rising edge-triggered flip-flop clocked by core_clock)
Path Group: core_clock
Path Type: max

Fanout     Cap    Slew   Delay    Time   Description
-----------------------------------------------------------------------------
                  0.00    0.00    0.00   clock core_clock (rise edge)
                          0.00    0.00   clock network delay (ideal)
                  0.00    0.00    0.00 ^ if_stage_i.instr_rdata_alu_id_o[21]$_DFFE_PN_/CK (DFF_X1)
     1    3.69    0.01    0.09    0.09 ^ if_stage_i.instr_rdata_alu_id_o[21]$_DFFE_PN_/Q (DFF_X1)
                                         gen_regfile_ff.register_file_i.raddr_b_i[1] (net)
                  0.01    0.00    0.09 ^ _16515_/A (BUF_X4)
     4   19.10    0.01    0.03    0.12 ^ _16515_/Z (BUF_X4)
                                         _10699_ (net)
                  0.01    0.00    0.12 ^ _16516_/A (BUF_X16)
    10   38.90    0.01    0.02    0.14 ^ _16516_/Z (BUF_X16)
                                         _10700_ (net)
                  0.01    0.00    0.14 ^ _16517_/A (BUF_X16)
    10   59.47    0.01    0.02    0.17 ^ _16517_/Z (BUF_X16)
                                         _10701_ (net)
                  0.01    0.01    0.17 ^ _16518_/A (BUF_X32)
    10   40.66    0.01    0.02    0.20 ^ _16518_/Z (BUF_X32)
                                         _10702_ (net)
                  0.01    0.00    0.20 ^ _16519_/A (BUF_X16)
    10   36.85    0.01    0.02    0.22 ^ _16519_/Z (BUF_X16)
                                         _10703_ (net)
                  0.01    0.00    0.23 ^ _16520_/A (BUF_X8)
    10   29.31    0.01    0.03    0.25 ^ _16520_/Z (BUF_X8)
                                         _10704_ (net)
                  0.01    0.00    0.25 ^ _16566_/A (BUF_X4)
    19   48.37    0.03    0.04    0.29 ^ _16566_/Z (BUF_X4)
                                         _10750_ (net)
                  0.03    0.01    0.31 ^ _18259_/A (BUF_X2)
    10   26.49    0.03    0.05    0.36 ^ _18259_/Z (BUF_X2)
                                         _12376_ (net)
                  0.03    0.01    0.36 ^ _18260_/A (BUF_X1)
    10   24.52    0.06    0.08    0.45 ^ _18260_/Z (BUF_X1)
                                         _12377_ (net)
                  0.06    0.00    0.45 ^ _18261_/A (BUF_X2)
    10   28.40    0.03    0.06    0.51 ^ _18261_/Z (BUF_X2)
                                         _12378_ (net)
                  0.03    0.00    0.51 ^ _18432_/S (MUX2_X1)
     1    1.68    0.01    0.06    0.57 v _18432_/Z (MUX2_X1)
                                         _12541_ (net)
                  0.01    0.00    0.57 v _18433_/A2 (NOR2_X1)
     1    1.79    0.02    0.03    0.60 ^ _18433_/ZN (NOR2_X1)
                                         _12542_ (net)
                  0.02    0.00    0.60 ^ _18436_/A2 (NOR3_X1)
     1    1.69    0.02    0.01    0.61 v _18436_/ZN (NOR3_X1)
                                         _12545_ (net)
                  0.02    0.00    0.61 v _18442_/A2 (NOR3_X1)
     1    2.13    0.03    0.05    0.66 ^ _18442_/ZN (NOR3_X1)
                                         _12551_ (net)
                  0.03    0.00    0.66 ^ _18453_/A2 (NOR3_X1)
     1    1.82    0.01    0.01    0.68 v _18453_/ZN (NOR3_X1)
                                         _12562_ (net)
                  0.01    0.00    0.68 v _18471_/A (AOI21_X1)
     8   32.92    0.16    0.19    0.87 ^ _18471_/ZN (AOI21_X1)
                                         _12580_ (net)
                  0.16    0.01    0.88 ^ _20600_/A (MUX2_X1)
     7   18.49    0.04    0.10    0.98 ^ _20600_/Z (MUX2_X1)
                                         _03909_ (net)
                  0.04    0.00    0.98 ^ _20998_/A (BUF_X1)
    10   22.36    0.05    0.08    1.06 ^ _20998_/Z (BUF_X1)
                                         _04142_ (net)
                  0.05    0.00    1.06 ^ _21067_/A2 (NAND2_X1)
     1    3.59    0.02    0.03    1.09 v _21067_/ZN (NAND2_X1)
                                         _15009_ (net)
                  0.02    0.00    1.09 v _30197_/B (FA_X1)
     1    4.40    0.02    0.13    1.22 ^ _30197_/S (FA_X1)
                                         _15012_ (net)
                  0.02    0.00    1.22 ^ _30199_/A (FA_X1)
     1    4.01    0.02    0.09    1.31 v _30199_/S (FA_X1)
                                         _15020_ (net)
                  0.02    0.00    1.31 v _30202_/B (FA_X1)
     1    4.83    0.02    0.13    1.44 ^ _30202_/S (FA_X1)
                                         _15031_ (net)
                  0.02    0.00    1.44 ^ _30207_/A (FA_X1)
     1    3.88    0.02    0.09    1.53 v _30207_/S (FA_X1)
                                         _15049_ (net)
                  0.02    0.00    1.53 v _30211_/A (FA_X1)
     1    4.33    0.02    0.12    1.66 ^ _30211_/S (FA_X1)
                                         _15064_ (net)
                  0.02    0.00    1.66 ^ _30212_/A (FA_X1)
     1    1.84    0.01    0.09    1.74 v _30212_/S (FA_X1)
                                         _15067_ (net)
                  0.01    0.00    1.74 v _21502_/A (INV_X1)
     1    3.45    0.01    0.02    1.76 ^ _21502_/ZN (INV_X1)
                                         _16138_ (net)
                  0.01    0.00    1.76 ^ _30538_/A (HA_X1)
     1    1.20    0.02    0.05    1.81 ^ _30538_/S (HA_X1)
                                         _16141_ (net)
                  0.02    0.00    1.81 ^ _23588_/A (BUF_X1)
     5    8.78    0.02    0.04    1.85 ^ _23588_/Z (BUF_X1)
                                         _06098_ (net)
                  0.02    0.00    1.85 ^ _23632_/A2 (NAND3_X1)
     1    1.61    0.02    0.02    1.87 v _23632_/ZN (NAND3_X1)
                                         _06140_ (net)
                  0.02    0.00    1.87 v _23633_/A3 (NOR3_X1)
     2    4.31    0.04    0.07    1.95 ^ _23633_/ZN (NOR3_X1)
                                         _06141_ (net)
                  0.04    0.00    1.95 ^ _23682_/A2 (NOR2_X1)
     1    3.07    0.01    0.02    1.96 v _23682_/ZN (NOR2_X1)
                                         _06188_ (net)
                  0.01    0.00    1.97 v _23683_/B2 (AOI21_X2)
     5   14.22    0.05    0.06    2.02 ^ _23683_/ZN (AOI21_X2)
                                         _06189_ (net)
                  0.05    0.00    2.03 ^ _23908_/A3 (AND4_X1)
     2    3.70    0.02    0.07    2.10 ^ _23908_/ZN (AND4_X1)
                                         _06405_ (net)
                  0.02    0.00    2.10 ^ _23912_/A2 (NOR3_X1)
     1    2.64    0.01    0.01    2.11 v _23912_/ZN (NOR3_X1)
                                         _06409_ (net)
                  0.01    0.00    2.11 v _23913_/B (XOR2_X1)
     1    2.69    0.03    0.04    2.15 ^ _23913_/Z (XOR2_X1)
                                         _06410_ (net)
                  0.03    0.00    2.15 ^ _23914_/B (MUX2_X1)
     2    5.47    0.02    0.05    2.20 ^ _23914_/Z (MUX2_X1)
                                         _06411_ (net)
                  0.02    0.00    2.20 ^ _23915_/A2 (NAND2_X1)
     1    3.38    0.02    0.02    2.22 v _23915_/ZN (NAND2_X1)
                                         _06412_ (net)
                  0.02    0.00    2.22 v _23924_/B2 (AOI221_X1)
     1    5.22    0.07    0.11    2.33 ^ _23924_/ZN (AOI221_X1)
                                         _06421_ (net)
                  0.07    0.00    2.33 ^ _23925_/B1 (AOI21_X1)
     4   11.09    0.03    0.05    2.38 v _23925_/ZN (AOI21_X1)
                                         _06422_ (net)
                  0.03    0.00    2.38 v _24289_/A (BUF_X1)
    10   16.81    0.02    0.06    2.44 v _24289_/Z (BUF_X1)
                                         _06679_ (net)
                  0.02    0.00    2.44 v _25018_/B (MUX2_X1)
     1    1.39    0.01    0.06    2.51 v _25018_/Z (MUX2_X1)
                                         _01857_ (net)
                  0.01    0.00    2.51 v gen_regfile_ff.register_file_i.rf_reg_q[61]$_DFFE_PN0P_/D (DFFR_X1)
                                  2.51   data arrival time

                  0.00    2.20    2.20   clock core_clock (rise edge)
                          0.00    2.20   clock network delay (ideal)
                          0.00    2.20   clock reconvergence pessimism
                                  2.20 ^ gen_regfile_ff.register_file_i.rf_reg_q[61]$_DFFE_PN0P_/CK (DFFR_X1)
                         -0.04    2.16   library setup time
                                  2.16   data required time
-----------------------------------------------------------------------------
                                  2.16   data required time
                                 -2.51   data arrival time
-----------------------------------------------------------------------------
                                 -0.35   slack (VIOLATED)



==========================================================================
detailed place report_checks -unconstrained
--------------------------------------------------------------------------
Startpoint: rst_ni (input port clocked by core_clock)
Endpoint: gen_regfile_ff.register_file_i.rf_reg_q[508]$_DFFE_PN0P_
          (recovery check against rising-edge clock core_clock)
Path Group: asynchronous
Path Type: max

Fanout     Cap    Slew   Delay    Time   Description
-----------------------------------------------------------------------------
                  0.00    0.00    0.00   clock core_clock (rise edge)
                          0.00    0.00   clock network delay (ideal)
                          0.44    0.44 ^ input external delay
  1658 3499.20    0.00    0.00    0.44 ^ rst_ni (in)
                                         rst_ni (net)
                  2.15    1.76    2.20 ^ gen_regfile_ff.register_file_i.rf_reg_q[508]$_DFFE_PN0P_/RN (DFFR_X1)
                                  2.20   data arrival time

                  0.00    2.20    2.20   clock core_clock (rise edge)
                          0.00    2.20   clock network delay (ideal)
                          0.00    2.20   clock reconvergence pessimism
                                  2.20 ^ gen_regfile_ff.register_file_i.rf_reg_q[508]$_DFFE_PN0P_/CK (DFFR_X1)
                         -0.46    1.74   library recovery time
                                  1.74   data required time
-----------------------------------------------------------------------------
                                  1.74   data required time
                                 -2.20   data arrival time
-----------------------------------------------------------------------------
                                 -0.46   slack (VIOLATED)


Startpoint: core_clock_gate_i.en_latch$_DLATCH_N_
            (negative level-sensitive latch clocked by core_clock)
Endpoint: _29919_ (rising clock gating-check end-point clocked by core_clock)
Path Group: gated clock
Path Type: max

Fanout     Cap    Slew   Delay    Time   Description
-----------------------------------------------------------------------------
                  0.00    1.10    1.10   clock core_clock (fall edge)
                          0.00    1.10   clock network delay (ideal)
                  0.00    0.00    1.10 v core_clock_gate_i.en_latch$_DLATCH_N_/GN (DLL_X1)
     1    1.05    0.01    0.07    1.17 v core_clock_gate_i.en_latch$_DLATCH_N_/Q (DLL_X1)
                                         core_clock_gate_i.en_latch (net)
                  0.01    0.00    1.17 v _29919_/A2 (AND2_X1)
                                  1.17   data arrival time

                  0.00    2.20    2.20   clock core_clock (rise edge)
                          0.00    2.20   clock network delay (ideal)
                          0.00    2.20   clock reconvergence pessimism
                                  2.20 ^ _29919_/A1 (AND2_X1)
                          0.00    2.20   clock gating setup time
                                  2.20   data required time
-----------------------------------------------------------------------------
                                  2.20   data required time
                                 -1.17   data arrival time
-----------------------------------------------------------------------------
                                  1.03   slack (MET)


Startpoint: if_stage_i.instr_rdata_alu_id_o[21]$_DFFE_PN_
            (rising edge-triggered flip-flop clocked by core_clock)
Endpoint: gen_regfile_ff.register_file_i.rf_reg_q[61]$_DFFE_PN0P_
          (rising edge-triggered flip-flop clocked by core_clock)
Path Group: core_clock
Path Type: max

Fanout     Cap    Slew   Delay    Time   Description
-----------------------------------------------------------------------------
                  0.00    0.00    0.00   clock core_clock (rise edge)
                          0.00    0.00   clock network delay (ideal)
                  0.00    0.00    0.00 ^ if_stage_i.instr_rdata_alu_id_o[21]$_DFFE_PN_/CK (DFF_X1)
     1    3.69    0.01    0.09    0.09 ^ if_stage_i.instr_rdata_alu_id_o[21]$_DFFE_PN_/Q (DFF_X1)
                                         gen_regfile_ff.register_file_i.raddr_b_i[1] (net)
                  0.01    0.00    0.09 ^ _16515_/A (BUF_X4)
     4   19.10    0.01    0.03    0.12 ^ _16515_/Z (BUF_X4)
                                         _10699_ (net)
                  0.01    0.00    0.12 ^ _16516_/A (BUF_X16)
    10   38.90    0.01    0.02    0.14 ^ _16516_/Z (BUF_X16)
                                         _10700_ (net)
                  0.01    0.00    0.14 ^ _16517_/A (BUF_X16)
    10   59.47    0.01    0.02    0.17 ^ _16517_/Z (BUF_X16)
                                         _10701_ (net)
                  0.01    0.01    0.17 ^ _16518_/A (BUF_X32)
    10   40.66    0.01    0.02    0.20 ^ _16518_/Z (BUF_X32)
                                         _10702_ (net)
                  0.01    0.00    0.20 ^ _16519_/A (BUF_X16)
    10   36.85    0.01    0.02    0.22 ^ _16519_/Z (BUF_X16)
                                         _10703_ (net)
                  0.01    0.00    0.23 ^ _16520_/A (BUF_X8)
    10   29.31    0.01    0.03    0.25 ^ _16520_/Z (BUF_X8)
                                         _10704_ (net)
                  0.01    0.00    0.25 ^ _16566_/A (BUF_X4)
    19   48.37    0.03    0.04    0.29 ^ _16566_/Z (BUF_X4)
                                         _10750_ (net)
                  0.03    0.01    0.31 ^ _18259_/A (BUF_X2)
    10   26.49    0.03    0.05    0.36 ^ _18259_/Z (BUF_X2)
                                         _12376_ (net)
                  0.03    0.01    0.36 ^ _18260_/A (BUF_X1)
    10   24.52    0.06    0.08    0.45 ^ _18260_/Z (BUF_X1)
                                         _12377_ (net)
                  0.06    0.00    0.45 ^ _18261_/A (BUF_X2)
    10   28.40    0.03    0.06    0.51 ^ _18261_/Z (BUF_X2)
                                         _12378_ (net)
                  0.03    0.00    0.51 ^ _18432_/S (MUX2_X1)
     1    1.68    0.01    0.06    0.57 v _18432_/Z (MUX2_X1)
                                         _12541_ (net)
                  0.01    0.00    0.57 v _18433_/A2 (NOR2_X1)
     1    1.79    0.02    0.03    0.60 ^ _18433_/ZN (NOR2_X1)
                                         _12542_ (net)
                  0.02    0.00    0.60 ^ _18436_/A2 (NOR3_X1)
     1    1.69    0.02    0.01    0.61 v _18436_/ZN (NOR3_X1)
                                         _12545_ (net)
                  0.02    0.00    0.61 v _18442_/A2 (NOR3_X1)
     1    2.13    0.03    0.05    0.66 ^ _18442_/ZN (NOR3_X1)
                                         _12551_ (net)
                  0.03    0.00    0.66 ^ _18453_/A2 (NOR3_X1)
     1    1.82    0.01    0.01    0.68 v _18453_/ZN (NOR3_X1)
                                         _12562_ (net)
                  0.01    0.00    0.68 v _18471_/A (AOI21_X1)
     8   32.92    0.16    0.19    0.87 ^ _18471_/ZN (AOI21_X1)
                                         _12580_ (net)
                  0.16    0.01    0.88 ^ _20600_/A (MUX2_X1)
     7   18.49    0.04    0.10    0.98 ^ _20600_/Z (MUX2_X1)
                                         _03909_ (net)
                  0.04    0.00    0.98 ^ _20998_/A (BUF_X1)
    10   22.36    0.05    0.08    1.06 ^ _20998_/Z (BUF_X1)
                                         _04142_ (net)
                  0.05    0.00    1.06 ^ _21067_/A2 (NAND2_X1)
     1    3.59    0.02    0.03    1.09 v _21067_/ZN (NAND2_X1)
                                         _15009_ (net)
                  0.02    0.00    1.09 v _30197_/B (FA_X1)
     1    4.40    0.02    0.13    1.22 ^ _30197_/S (FA_X1)
                                         _15012_ (net)
                  0.02    0.00    1.22 ^ _30199_/A (FA_X1)
     1    4.01    0.02    0.09    1.31 v _30199_/S (FA_X1)
                                         _15020_ (net)
                  0.02    0.00    1.31 v _30202_/B (FA_X1)
     1    4.83    0.02    0.13    1.44 ^ _30202_/S (FA_X1)
                                         _15031_ (net)
                  0.02    0.00    1.44 ^ _30207_/A (FA_X1)
     1    3.88    0.02    0.09    1.53 v _30207_/S (FA_X1)
                                         _15049_ (net)
                  0.02    0.00    1.53 v _30211_/A (FA_X1)
     1    4.33    0.02    0.12    1.66 ^ _30211_/S (FA_X1)
                                         _15064_ (net)
                  0.02    0.00    1.66 ^ _30212_/A (FA_X1)
     1    1.84    0.01    0.09    1.74 v _30212_/S (FA_X1)
                                         _15067_ (net)
                  0.01    0.00    1.74 v _21502_/A (INV_X1)
     1    3.45    0.01    0.02    1.76 ^ _21502_/ZN (INV_X1)
                                         _16138_ (net)
                  0.01    0.00    1.76 ^ _30538_/A (HA_X1)
     1    1.20    0.02    0.05    1.81 ^ _30538_/S (HA_X1)
                                         _16141_ (net)
                  0.02    0.00    1.81 ^ _23588_/A (BUF_X1)
     5    8.78    0.02    0.04    1.85 ^ _23588_/Z (BUF_X1)
                                         _06098_ (net)
                  0.02    0.00    1.85 ^ _23632_/A2 (NAND3_X1)
     1    1.61    0.02    0.02    1.87 v _23632_/ZN (NAND3_X1)
                                         _06140_ (net)
                  0.02    0.00    1.87 v _23633_/A3 (NOR3_X1)
     2    4.31    0.04    0.07    1.95 ^ _23633_/ZN (NOR3_X1)
                                         _06141_ (net)
                  0.04    0.00    1.95 ^ _23682_/A2 (NOR2_X1)
     1    3.07    0.01    0.02    1.96 v _23682_/ZN (NOR2_X1)
                                         _06188_ (net)
                  0.01    0.00    1.97 v _23683_/B2 (AOI21_X2)
     5   14.22    0.05    0.06    2.02 ^ _23683_/ZN (AOI21_X2)
                                         _06189_ (net)
                  0.05    0.00    2.03 ^ _23908_/A3 (AND4_X1)
     2    3.70    0.02    0.07    2.10 ^ _23908_/ZN (AND4_X1)
                                         _06405_ (net)
                  0.02    0.00    2.10 ^ _23912_/A2 (NOR3_X1)
     1    2.64    0.01    0.01    2.11 v _23912_/ZN (NOR3_X1)
                                         _06409_ (net)
                  0.01    0.00    2.11 v _23913_/B (XOR2_X1)
     1    2.69    0.03    0.04    2.15 ^ _23913_/Z (XOR2_X1)
                                         _06410_ (net)
                  0.03    0.00    2.15 ^ _23914_/B (MUX2_X1)
     2    5.47    0.02    0.05    2.20 ^ _23914_/Z (MUX2_X1)
                                         _06411_ (net)
                  0.02    0.00    2.20 ^ _23915_/A2 (NAND2_X1)
     1    3.38    0.02    0.02    2.22 v _23915_/ZN (NAND2_X1)
                                         _06412_ (net)
                  0.02    0.00    2.22 v _23924_/B2 (AOI221_X1)
     1    5.22    0.07    0.11    2.33 ^ _23924_/ZN (AOI221_X1)
                                         _06421_ (net)
                  0.07    0.00    2.33 ^ _23925_/B1 (AOI21_X1)
     4   11.09    0.03    0.05    2.38 v _23925_/ZN (AOI21_X1)
                                         _06422_ (net)
                  0.03    0.00    2.38 v _24289_/A (BUF_X1)
    10   16.81    0.02    0.06    2.44 v _24289_/Z (BUF_X1)
                                         _06679_ (net)
                  0.02    0.00    2.44 v _25018_/B (MUX2_X1)
     1    1.39    0.01    0.06    2.51 v _25018_/Z (MUX2_X1)
                                         _01857_ (net)
                  0.01    0.00    2.51 v gen_regfile_ff.register_file_i.rf_reg_q[61]$_DFFE_PN0P_/D (DFFR_X1)
                                  2.51   data arrival time

                  0.00    2.20    2.20   clock core_clock (rise edge)
                          0.00    2.20   clock network delay (ideal)
                          0.00    2.20   clock reconvergence pessimism
                                  2.20 ^ gen_regfile_ff.register_file_i.rf_reg_q[61]$_DFFE_PN0P_/CK (DFFR_X1)
                         -0.04    2.16   library setup time
                                  2.16   data required time
-----------------------------------------------------------------------------
                                  2.16   data required time
                                 -2.51   data arrival time
-----------------------------------------------------------------------------
                                 -0.35   slack (VIOLATED)



==========================================================================
detailed place report_check_types -max_slew -max_cap -max_fanout -violators
--------------------------------------------------------------------------
max slew

Pin                                    Limit    Slew   Slack
------------------------------------------------------------
_20440_/ZN                              0.20    0.25   -0.06 (VIOLATED)
_20328_/ZN                              0.20    0.22   -0.02 (VIOLATED)
_22284_/ZN                              0.20    0.21   -0.01 (VIOLATED)
_24776_/ZN                              0.20    0.20   -0.00 (VIOLATED)

max capacitance

Pin                                    Limit     Cap   Slack
------------------------------------------------------------
_22284_/ZN                             23.23   41.03  -17.80 (VIOLATED)
_22217_/ZN                             23.23   39.28  -16.05 (VIOLATED)
_22344_/ZN                             23.23   38.97  -15.74 (VIOLATED)
_17048_/Z                              25.33   40.67  -15.34 (VIOLATED)
_20440_/ZN                             10.47   25.16  -14.68 (VIOLATED)
_22176_/ZN                             23.23   37.37  -14.14 (VIOLATED)
_20328_/ZN                             16.02   29.80  -13.78 (VIOLATED)
_27512_/ZN                             23.23   36.48  -13.24 (VIOLATED)
_22073_/ZN                             23.23   35.53  -12.30 (VIOLATED)
_22089_/ZN                             23.23   35.16  -11.93 (VIOLATED)
_24776_/ZN                             16.02   27.60  -11.58 (VIOLATED)
_22133_/ZN                             23.23   34.56  -11.33 (VIOLATED)
_27504_/ZN                             23.23   34.24  -11.01 (VIOLATED)
_27522_/ZN                             23.23   34.17  -10.93 (VIOLATED)
_18615_/ZN                             28.99   39.25  -10.26 (VIOLATED)
_19183_/ZN                             26.70   36.75  -10.05 (VIOLATED)
_18977_/ZN                             26.02   35.51   -9.50 (VIOLATED)
_22052_/ZN                             23.23   32.71   -9.48 (VIOLATED)
_19370_/ZN                             26.02   34.36   -8.34 (VIOLATED)
_18417_/ZN                             26.02   34.28   -8.27 (VIOLATED)
_22911_/ZN                             10.47   18.59   -8.12 (VIOLATED)
_18215_/ZN                             26.02   33.60   -7.59 (VIOLATED)
_18471_/ZN                             25.33   32.92   -7.59 (VIOLATED)
_20319_/Z                              25.33   32.84   -7.51 (VIOLATED)
_25831_/ZN                             10.47   17.92   -7.45 (VIOLATED)
_19553_/ZN                             26.02   33.17   -7.15 (VIOLATED)
_18303_/ZN                             25.33   32.42   -7.09 (VIOLATED)
_18358_/ZN                             25.33   32.36   -7.03 (VIOLATED)
_22363_/ZN                             26.05   32.69   -6.63 (VIOLATED)
_20890_/ZN                             16.02   22.65   -6.63 (VIOLATED)
_19731_/ZN                             26.02   32.61   -6.60 (VIOLATED)
_18429_/ZN                             26.02   32.49   -6.47 (VIOLATED)
_19924_/ZN                             25.33   31.62   -6.29 (VIOLATED)
_19863_/ZN                             25.33   31.36   -6.03 (VIOLATED)
_17534_/ZN                             13.81   19.55   -5.74 (VIOLATED)
_18603_/ZN                             26.02   31.75   -5.74 (VIOLATED)
_23322_/ZN                             10.47   16.07   -5.60 (VIOLATED)
_20318_/Z                              25.33   30.35   -5.02 (VIOLATED)
_18225_/ZN                             26.02   30.68   -4.67 (VIOLATED)
_22360_/ZN                             10.47   15.06   -4.59 (VIOLATED)
_22301_/ZN                             10.47   15.06   -4.58 (VIOLATED)
_19781_/ZN                             25.33   29.53   -4.20 (VIOLATED)
_20352_/ZN                             16.02   20.05   -4.02 (VIOLATED)
_20147_/ZN                             10.47   14.40   -3.92 (VIOLATED)
_18055_/ZN                             28.99   32.78   -3.79 (VIOLATED)
_19384_/ZN                             26.70   30.44   -3.74 (VIOLATED)
_18028_/ZN                             26.02   29.54   -3.52 (VIOLATED)
_19965_/ZN                             25.33   28.43   -3.10 (VIOLATED)
_23513_/ZN                             13.81   16.03   -2.22 (VIOLATED)
_21844_/ZN                             10.47   12.65   -2.18 (VIOLATED)
_19681_/ZN                             25.33   27.26   -1.93 (VIOLATED)
_27740_/ZN                             10.47   12.33   -1.86 (VIOLATED)
_17229_/ZN                             16.02   17.85   -1.83 (VIOLATED)
_17917_/ZN                             25.33   26.76   -1.43 (VIOLATED)
_22831_/ZN                             10.47   11.88   -1.41 (VIOLATED)
_19421_/ZN                             25.33   26.68   -1.36 (VIOLATED)
_23367_/ZN                             16.02   17.28   -1.26 (VIOLATED)
_17872_/ZN                             25.33   26.21   -0.88 (VIOLATED)
_20148_/ZN                             10.47   11.19   -0.72 (VIOLATED)
_28321_/ZN                             16.02   16.71   -0.69 (VIOLATED)
_22883_/ZN                             16.02   16.68   -0.66 (VIOLATED)
_19639_/ZN                             26.05   26.59   -0.54 (VIOLATED)
_21836_/ZN                             10.47   10.96   -0.49 (VIOLATED)
_22195_/ZN                             16.02   16.41   -0.39 (VIOLATED)
_27336_/ZN                             25.33   25.70   -0.37 (VIOLATED)
_27150_/ZN                             26.05   26.28   -0.23 (VIOLATED)


==========================================================================
detailed place max_slew_check_slack
--------------------------------------------------------------------------
-0.05617670342326164

==========================================================================
detailed place max_slew_check_limit
--------------------------------------------------------------------------
0.1985349953174591

==========================================================================
detailed place max_slew_check_slack_limit
--------------------------------------------------------------------------
-0.2830

==========================================================================
detailed place max_fanout_check_slack
--------------------------------------------------------------------------
1.0000000150474662e+30

==========================================================================
detailed place max_fanout_check_limit
--------------------------------------------------------------------------
1.0000000150474662e+30

==========================================================================
detailed place max_capacitance_check_slack
--------------------------------------------------------------------------
-17.79923439025879

==========================================================================
detailed place max_capacitance_check_limit
--------------------------------------------------------------------------
23.23150062561035

==========================================================================
detailed place max_capacitance_check_slack_limit
--------------------------------------------------------------------------
-0.7662

==========================================================================
detailed place max_slew_violation_count
--------------------------------------------------------------------------
max slew violation count 4

==========================================================================
detailed place max_fanout_violation_count
--------------------------------------------------------------------------
max fanout violation count 0

==========================================================================
detailed place max_cap_violation_count
--------------------------------------------------------------------------
max cap violation count 66

==========================================================================
detailed place setup_violation_count
--------------------------------------------------------------------------
setup violation count 2240

==========================================================================
detailed place hold_violation_count
--------------------------------------------------------------------------
hold violation count 1658

==========================================================================
detailed place report_checks -path_delay max reg to reg
--------------------------------------------------------------------------
Startpoint: if_stage_i.instr_rdata_alu_id_o[21]$_DFFE_PN_
            (rising edge-triggered flip-flop clocked by core_clock)
Endpoint: gen_regfile_ff.register_file_i.rf_reg_q[61]$_DFFE_PN0P_
          (rising edge-triggered flip-flop clocked by core_clock)
Path Group: core_clock
Path Type: max

  Delay    Time   Description
---------------------------------------------------------
   0.00    0.00   clock core_clock (rise edge)
   0.00    0.00   clock network delay (ideal)
   0.00    0.00 ^ if_stage_i.instr_rdata_alu_id_o[21]$_DFFE_PN_/CK (DFF_X1)
   0.09    0.09 ^ if_stage_i.instr_rdata_alu_id_o[21]$_DFFE_PN_/Q (DFF_X1)
   0.03    0.12 ^ _16515_/Z (BUF_X4)
   0.03    0.14 ^ _16516_/Z (BUF_X16)
   0.02    0.17 ^ _16517_/Z (BUF_X16)
   0.03    0.20 ^ _16518_/Z (BUF_X32)
   0.03    0.22 ^ _16519_/Z (BUF_X16)
   0.03    0.25 ^ _16520_/Z (BUF_X8)
   0.04    0.29 ^ _16566_/Z (BUF_X4)
   0.06    0.36 ^ _18259_/Z (BUF_X2)
   0.09    0.45 ^ _18260_/Z (BUF_X1)
   0.06    0.51 ^ _18261_/Z (BUF_X2)
   0.06    0.57 v _18432_/Z (MUX2_X1)
   0.03    0.60 ^ _18433_/ZN (NOR2_X1)
   0.01    0.61 v _18436_/ZN (NOR3_X1)
   0.05    0.66 ^ _18442_/ZN (NOR3_X1)
   0.01    0.68 v _18453_/ZN (NOR3_X1)
   0.19    0.87 ^ _18471_/ZN (AOI21_X1)
   0.11    0.98 ^ _20600_/Z (MUX2_X1)
   0.08    1.06 ^ _20998_/Z (BUF_X1)
   0.03    1.09 v _21067_/ZN (NAND2_X1)
   0.13    1.22 ^ _30197_/S (FA_X1)
   0.09    1.31 v _30199_/S (FA_X1)
   0.13    1.44 ^ _30202_/S (FA_X1)
   0.09    1.53 v _30207_/S (FA_X1)
   0.12    1.66 ^ _30211_/S (FA_X1)
   0.09    1.74 v _30212_/S (FA_X1)
   0.02    1.76 ^ _21502_/ZN (INV_X1)
   0.05    1.81 ^ _30538_/S (HA_X1)
   0.04    1.85 ^ _23588_/Z (BUF_X1)
   0.02    1.87 v _23632_/ZN (NAND3_X1)
   0.07    1.95 ^ _23633_/ZN (NOR3_X1)
   0.02    1.96 v _23682_/ZN (NOR2_X1)
   0.06    2.02 ^ _23683_/ZN (AOI21_X2)
   0.07    2.10 ^ _23908_/ZN (AND4_X1)
   0.01    2.11 v _23912_/ZN (NOR3_X1)
   0.04    2.15 ^ _23913_/Z (XOR2_X1)
   0.05    2.20 ^ _23914_/Z (MUX2_X1)
   0.02    2.22 v _23915_/ZN (NAND2_X1)
   0.11    2.33 ^ _23924_/ZN (AOI221_X1)
   0.05    2.38 v _23925_/ZN (AOI21_X1)
   0.06    2.44 v _24289_/Z (BUF_X1)
   0.06    2.51 v _25018_/Z (MUX2_X1)
   0.00    2.51 v gen_regfile_ff.register_file_i.rf_reg_q[61]$_DFFE_PN0P_/D (DFFR_X1)
           2.51   data arrival time

   2.20    2.20   clock core_clock (rise edge)
   0.00    2.20   clock network delay (ideal)
   0.00    2.20   clock reconvergence pessimism
           2.20 ^ gen_regfile_ff.register_file_i.rf_reg_q[61]$_DFFE_PN0P_/CK (DFFR_X1)
  -0.04    2.16   library setup time
           2.16   data required time
---------------------------------------------------------
           2.16   data required time
          -2.51   data arrival time
---------------------------------------------------------
          -0.35   slack (VIOLATED)



==========================================================================
detailed place report_checks -path_delay min reg to reg
--------------------------------------------------------------------------
Startpoint: load_store_unit_i.data_we_q$_DFFE_PN0P_
            (rising edge-triggered flip-flop clocked by core_clock)
Endpoint: id_stage_i.controller_i.store_err_q$_DFF_PN0_
          (rising edge-triggered flip-flop clocked by core_clock)
Path Group: core_clock
Path Type: min

  Delay    Time   Description
---------------------------------------------------------
   0.00    0.00   clock core_clock (rise edge)
   0.00    0.00   clock network delay (ideal)
   0.00    0.00 ^ load_store_unit_i.data_we_q$_DFFE_PN0P_/CK (DFFR_X1)
   0.07    0.07 ^ load_store_unit_i.data_we_q$_DFFE_PN0P_/QN (DFFR_X1)
   0.01    0.08 v _20134_/ZN (NOR3_X1)
   0.00    0.08 v id_stage_i.controller_i.store_err_q$_DFF_PN0_/D (DFFR_X1)
           0.08   data arrival time

   0.00    0.00   clock core_clock (rise edge)
   0.00    0.00   clock network delay (ideal)
   0.00    0.00   clock reconvergence pessimism
           0.00 ^ id_stage_i.controller_i.store_err_q$_DFF_PN0_/CK (DFFR_X1)
   0.00    0.00   library hold time
           0.00   data required time
---------------------------------------------------------
           0.00   data required time
          -0.08   data arrival time
---------------------------------------------------------
           0.08   slack (MET)



==========================================================================
detailed place critical path target clock latency max path
--------------------------------------------------------------------------
0.0000

==========================================================================
detailed place critical path target clock latency min path
--------------------------------------------------------------------------
0.0000

==========================================================================
detailed place critical path source clock latency min path
--------------------------------------------------------------------------
0.0000

==========================================================================
detailed place critical path delay
--------------------------------------------------------------------------
2.2019

==========================================================================
detailed place critical path slack
--------------------------------------------------------------------------
-0.4621

==========================================================================
detailed place slack div critical path delay
--------------------------------------------------------------------------
-20.986421

==========================================================================
detailed place report_power
--------------------------------------------------------------------------
Group                  Internal  Switching    Leakage      Total
                          Power      Power      Power      Power (Watts)
----------------------------------------------------------------
Sequential             1.15e-02   1.46e-03   1.56e-04   1.31e-02  16.9%
Combinational          2.98e-02   3.41e-02   4.29e-04   6.44e-02  82.7%
Clock                  1.63e-06   3.75e-04   2.97e-08   3.76e-04   0.5%
Macro                  0.00e+00   0.00e+00   0.00e+00   0.00e+00   0.0%
Pad                    0.00e+00   0.00e+00   0.00e+00   0.00e+00   0.0%
----------------------------------------------------------------
Total                  4.14e-02   3.60e-02   5.85e-04   7.79e-02 100.0%
                          53.1%      46.2%       0.8%
