OpenROAD v2.0-19576-gec1bf1a13 
Features included (+) or not (-): +GPU +GUI +Python : None
This program is licensed under the BSD-3 license. See the LICENSE file for details.
Components of this program may be licensed under more restrictive licenses which must be honored.
[INFO ORD-0030] Using 16 thread(s).
[INFO GPL-0002] DBU: 2000
[INFO GPL-0003] SiteSize: (  0.190  1.400 ) um
[INFO GPL-0004] CoreBBox: (  1.140  1.400 ) ( 53.010 32.200 ) um
[INFO GPL-0006] NumInstances:               547
[INFO GPL-0007] NumPlaceInstances:          503
[INFO GPL-0008] NumFixedInstances:           44
[INFO GPL-0009] NumDummyInstances:            0
[INFO GPL-0010] NumNets:                    574
[INFO GPL-0011] NumPins:                   1626
[INFO GPL-0012] DieBBox:  (  0.000  0.000 ) ( 54.045 33.230 ) um
[INFO GPL-0013] CoreBBox: (  1.140  1.400 ) ( 53.010 32.200 ) um
[INFO GPL-0016] CoreArea:              1597.596 um^2
[INFO GPL-0017] NonPlaceInstsArea:       11.704 um^2
[INFO GPL-0018] PlaceInstsArea:         650.104 um^2
[INFO GPL-0019] Util:                    40.993 %
[INFO GPL-0020] StdInstsArea:           650.104 um^2
[INFO GPL-0021] MacroInstsArea:           0.000 um^2
[INFO GPL-0031] FillerInit:NumGCells:      1318
[INFO GPL-0032] FillerInit:NumGNets:        574
[INFO GPL-0033] FillerInit:NumGPins:       1626
[INFO GPL-0023] TargetDensity:            1.000
[INFO GPL-0024] AvrgPlaceInstArea:        1.292 um^2
[INFO GPL-0025] IdealBinArea:             1.292 um^2
[INFO GPL-0026] IdealBinCnt:               1236
[INFO GPL-0027] TotalBinArea:          1597.596 um^2
[INFO GPL-0028] BinCnt:        32     32
[INFO GPL-0029] BinSize: (  1.621  0.963 )
[INFO GPL-0030] NumBins: 1024
Placement density is 0.5969507014751434, computed from PLACE_DENSITY_LB_ADDON 0.30 and lower bound 0.4099295735359192
global_placement -density 0.5969507014751434 -pad_left 0 -pad_right 0
[INFO GPL-0002] DBU: 2000
[INFO GPL-0003] SiteSize: (  0.190  1.400 ) um
[INFO GPL-0004] CoreBBox: (  1.140  1.400 ) ( 53.010 32.200 ) um
[INFO GPL-0006] NumInstances:               547
[INFO GPL-0007] NumPlaceInstances:          503
[INFO GPL-0008] NumFixedInstances:           44
[INFO GPL-0009] NumDummyInstances:            0
[INFO GPL-0010] NumNets:                    574
[INFO GPL-0011] NumPins:                   1626
[INFO GPL-0012] DieBBox:  (  0.000  0.000 ) ( 54.045 33.230 ) um
[INFO GPL-0013] CoreBBox: (  1.140  1.400 ) ( 53.010 32.200 ) um
[INFO GPL-0016] CoreArea:              1597.596 um^2
[INFO GPL-0017] NonPlaceInstsArea:       11.704 um^2
[INFO GPL-0018] PlaceInstsArea:         650.104 um^2
[INFO GPL-0019] Util:                    40.993 %
[INFO GPL-0020] StdInstsArea:           650.104 um^2
[INFO GPL-0021] MacroInstsArea:           0.000 um^2
[InitialPlace]  Iter: 1 CG residual: 0.00000011 HPWL: 6034600
[InitialPlace]  Iter: 2 CG residual: 0.00000010 HPWL: 4081762
[InitialPlace]  Iter: 3 CG residual: 0.00000011 HPWL: 4077204
[InitialPlace]  Iter: 4 CG residual: 0.00000011 HPWL: 4083756
[InitialPlace]  Iter: 5 CG residual: 0.00000009 HPWL: 4082567
[INFO GPL-0031] FillerInit:NumGCells:       761
[INFO GPL-0032] FillerInit:NumGNets:        574
[INFO GPL-0033] FillerInit:NumGPins:       1626
[INFO GPL-0023] TargetDensity:            0.597
[INFO GPL-0024] AvrgPlaceInstArea:        1.292 um^2
[INFO GPL-0025] IdealBinArea:             2.165 um^2
[INFO GPL-0026] IdealBinCnt:                737
[INFO GPL-0027] TotalBinArea:          1597.596 um^2
[INFO GPL-0028] BinCnt:        16     16
[INFO GPL-0029] BinSize: (  3.242  1.925 )
[INFO GPL-0030] NumBins: 256
[NesterovSolve] Iter:    1 overflow: 0.959 HPWL: 1799747
[NesterovSolve] Iter:   10 overflow: 0.946 HPWL: 2040406
[NesterovSolve] Iter:   20 overflow: 0.945 HPWL: 2044206
[NesterovSolve] Iter:   30 overflow: 0.945 HPWL: 2042721
[NesterovSolve] Iter:   40 overflow: 0.945 HPWL: 2042727
[NesterovSolve] Iter:   50 overflow: 0.945 HPWL: 2043495
[NesterovSolve] Iter:   60 overflow: 0.945 HPWL: 2043167
[NesterovSolve] Iter:   70 overflow: 0.945 HPWL: 2043127
[NesterovSolve] Iter:   80 overflow: 0.945 HPWL: 2044398
[NesterovSolve] Iter:   90 overflow: 0.945 HPWL: 2046056
[NesterovSolve] Iter:  100 overflow: 0.945 HPWL: 2049643
[NesterovSolve] Iter:  110 overflow: 0.945 HPWL: 2056996
[NesterovSolve] Iter:  120 overflow: 0.945 HPWL: 2077169
[NesterovSolve] Iter:  130 overflow: 0.945 HPWL: 2116070
[NesterovSolve] Iter:  140 overflow: 0.944 HPWL: 2180582
[NesterovSolve] Iter:  150 overflow: 0.941 HPWL: 2277390
[NesterovSolve] Iter:  160 overflow: 0.930 HPWL: 2396747
[NesterovSolve] Iter:  170 overflow: 0.916 HPWL: 2565524
[NesterovSolve] Iter:  180 overflow: 0.900 HPWL: 2791026
[NesterovSolve] Iter:  190 overflow: 0.879 HPWL: 3101293
[NesterovSolve] Iter:  200 overflow: 0.854 HPWL: 3360974
[NesterovSolve] Iter:  210 overflow: 0.826 HPWL: 3663857
[NesterovSolve] Iter:  220 overflow: 0.791 HPWL: 4009614
[NesterovSolve] Iter:  230 overflow: 0.753 HPWL: 4323133
[NesterovSolve] Iter:  240 overflow: 0.718 HPWL: 4662375
[NesterovSolve] Iter:  250 overflow: 0.676 HPWL: 4993488
[NesterovSolve] Iter:  260 overflow: 0.626 HPWL: 5262562
[NesterovSolve] Iter:  270 overflow: 0.578 HPWL: 5572218
[NesterovSolve] Iter:  280 overflow: 0.527 HPWL: 5865316
[NesterovSolve] Iter:  290 overflow: 0.471 HPWL: 6100917
[NesterovSolve] Iter:  300 overflow: 0.409 HPWL: 6320725
[NesterovSolve] Iter:  310 overflow: 0.349 HPWL: 6542270
[NesterovSolve] Iter:  320 overflow: 0.286 HPWL: 6658451
[NesterovSolve] Iter:  330 overflow: 0.249 HPWL: 6755752
[NesterovSolve] Iter:  340 overflow: 0.225 HPWL: 6869280
[NesterovSolve] Iter:  350 overflow: 0.200 HPWL: 6941874
[NesterovSolve] Iter:  360 overflow: 0.163 HPWL: 6985517
[NesterovSolve] Iter:  370 overflow: 0.139 HPWL: 7051806
[NesterovSolve] Iter:  380 overflow: 0.112 HPWL: 7100608
[NesterovSolve] Finished with Overflow: 0.099973
Report metrics stage 3, global place...

==========================================================================
global place report_design_area
--------------------------------------------------------------------------
Design area 650 u^2 41% utilization.
Elapsed time: 0:00.61[h:]min:sec. CPU time: user 4.61 sys 0.10 (762%). Peak memory: 121260KB.
