
==========================================================================
global place report_tns
--------------------------------------------------------------------------
tns -14.47

==========================================================================
global place report_wns
--------------------------------------------------------------------------
wns -0.15

==========================================================================
global place report_worst_slack
--------------------------------------------------------------------------
worst slack -0.15

==========================================================================
global place report_checks -path_delay min
--------------------------------------------------------------------------
Startpoint: u0.u1.d[5]$_DFF_P_ (rising edge-triggered flip-flop clocked by clk)
Endpoint: u0.w[1][21]$_DFF_P_ (rising edge-triggered flip-flop clocked by clk)
Path Group: clk
Path Type: min

Fanout     Cap    Slew   Delay    Time   Description
-----------------------------------------------------------------------------
                  0.00    0.00    0.00   clock clk (rise edge)
                          0.00    0.00   clock network delay (ideal)
                  0.00    0.00    0.00 ^ u0.u1.d[5]$_DFF_P_/CK (DFF_X1)
     1    2.33    0.01    0.06    0.06 ^ u0.u1.d[5]$_DFF_P_/QN (DFF_X1)
                                         _00429_ (net)
                  0.01    0.00    0.06 ^ _15933_/A (XOR2_X1)
     2    4.09    0.01    0.02    0.08 v _15933_/Z (XOR2_X1)
                                         _06764_ (net)
                  0.01    0.00    0.08 v _16026_/B1 (AOI21_X1)
     1    1.15    0.01    0.02    0.11 ^ _16026_/ZN (AOI21_X1)
                                         _00334_ (net)
                  0.01    0.00    0.11 ^ u0.w[1][21]$_DFF_P_/D (DFF_X1)
                                  0.11   data arrival time

                  0.00    0.00    0.00   clock clk (rise edge)
                          0.00    0.00   clock network delay (ideal)
                          0.00    0.00   clock reconvergence pessimism
                                  0.00 ^ u0.w[1][21]$_DFF_P_/CK (DFF_X1)
                          0.01    0.01   library hold time
                                  0.01   data required time
-----------------------------------------------------------------------------
                                  0.01   data required time
                                 -0.11   data arrival time
-----------------------------------------------------------------------------
                                  0.10   slack (MET)



==========================================================================
global place report_checks -path_delay max
--------------------------------------------------------------------------
Startpoint: ld (input port clocked by clk)
Endpoint: u0.u2.d[2]$_DFF_P_ (rising edge-triggered flip-flop clocked by clk)
Path Group: clk
Path Type: max

Fanout     Cap    Slew   Delay    Time   Description
-----------------------------------------------------------------------------
                  0.00    0.00    0.00   clock clk (rise edge)
                          0.00    0.00   clock network delay (ideal)
                          0.16    0.16 ^ input external delay
     2   34.56    0.00    0.00    0.16 ^ ld (in)
                                         ld (net)
                  0.01    0.01    0.17 ^ _15332_/A (BUF_X32)
     8   54.43    0.01    0.02    0.19 ^ _15332_/Z (BUF_X32)
                                         _06216_ (net)
                  0.01    0.00    0.19 ^ _15333_/A (INV_X8)
     7   25.95    0.00    0.01    0.20 v _15333_/ZN (INV_X8)
                                         _06217_ (net)
                  0.01    0.00    0.21 v _15336_/A (BUF_X8)
    10   27.15    0.01    0.03    0.23 v _15336_/Z (BUF_X8)
                                         _06220_ (net)
                  0.01    0.00    0.23 v _15450_/A1 (AND2_X1)
     1    0.94    0.01    0.03    0.26 v _15450_/ZN (AND2_X1)
                                         _06328_ (net)
                  0.01    0.00    0.26 v _15456_/A (MUX2_X1)
     4   17.15    0.02    0.08    0.34 v _15456_/Z (MUX2_X1)
                                         _06334_ (net)
                  0.02    0.00    0.35 v _15457_/A1 (NOR2_X4)
     8   31.34    0.04    0.06    0.41 ^ _15457_/ZN (NOR2_X4)
                                         _06335_ (net)
                  0.04    0.00    0.41 ^ _17170_/A (BUF_X8)
     6   29.36    0.01    0.03    0.44 ^ _17170_/Z (BUF_X8)
                                         _07902_ (net)
                  0.01    0.00    0.44 ^ _17171_/A (BUF_X16)
     7   23.45    0.01    0.02    0.47 ^ _17171_/Z (BUF_X16)
                                         _14727_ (net)
                  0.01    0.00    0.47 ^ _29578_/B (HA_X1)
     1    3.49    0.03    0.05    0.52 ^ _29578_/S (HA_X1)
                                         _14729_ (net)
                  0.03    0.00    0.52 ^ _17174_/A (BUF_X4)
     4   19.00    0.01    0.03    0.55 ^ _17174_/Z (BUF_X4)
                                         _07905_ (net)
                  0.01    0.00    0.55 ^ _17175_/A (INV_X4)
     4   14.95    0.01    0.01    0.56 v _17175_/ZN (INV_X4)
                                         _07906_ (net)
                  0.01    0.00    0.57 v _17247_/A1 (NOR3_X4)
     7   15.60    0.04    0.05    0.62 ^ _17247_/ZN (NOR3_X4)
                                         _07978_ (net)
                  0.04    0.00    0.62 ^ _17420_/A1 (NOR2_X1)
     1    0.94    0.01    0.01    0.63 v _17420_/ZN (NOR2_X1)
                                         _08149_ (net)
                  0.01    0.00    0.63 v _17421_/B (MUX2_X1)
     1    1.00    0.01    0.06    0.68 v _17421_/Z (MUX2_X1)
                                         _08150_ (net)
                  0.01    0.00    0.68 v _17424_/A (MUX2_X1)
     1    1.14    0.01    0.06    0.74 v _17424_/Z (MUX2_X1)
                                         _08153_ (net)
                  0.01    0.00    0.74 v _17432_/A (MUX2_X1)
     1    2.65    0.01    0.06    0.80 v _17432_/Z (MUX2_X1)
                                         _08161_ (net)
                  0.01    0.00    0.80 v _17450_/A (MUX2_X1)
     1    1.75    0.01    0.06    0.86 v _17450_/Z (MUX2_X1)
                                         _08179_ (net)
                  0.01    0.00    0.86 v _17451_/B (MUX2_X1)
     1    5.59    0.01    0.07    0.93 v _17451_/Z (MUX2_X1)
                                         _00018_ (net)
                  0.01    0.00    0.93 v u0.u2.d[2]$_DFF_P_/D (DFF_X1)
                                  0.93   data arrival time

                  0.00    0.82    0.82   clock clk (rise edge)
                          0.00    0.82   clock network delay (ideal)
                          0.00    0.82   clock reconvergence pessimism
                                  0.82 ^ u0.u2.d[2]$_DFF_P_/CK (DFF_X1)
                         -0.04    0.78   library setup time
                                  0.78   data required time
-----------------------------------------------------------------------------
                                  0.78   data required time
                                 -0.93   data arrival time
-----------------------------------------------------------------------------
                                 -0.15   slack (VIOLATED)



==========================================================================
global place report_checks -unconstrained
--------------------------------------------------------------------------
Startpoint: ld (input port clocked by clk)
Endpoint: u0.u2.d[2]$_DFF_P_ (rising edge-triggered flip-flop clocked by clk)
Path Group: clk
Path Type: max

Fanout     Cap    Slew   Delay    Time   Description
-----------------------------------------------------------------------------
                  0.00    0.00    0.00   clock clk (rise edge)
                          0.00    0.00   clock network delay (ideal)
                          0.16    0.16 ^ input external delay
     2   34.56    0.00    0.00    0.16 ^ ld (in)
                                         ld (net)
                  0.01    0.01    0.17 ^ _15332_/A (BUF_X32)
     8   54.43    0.01    0.02    0.19 ^ _15332_/Z (BUF_X32)
                                         _06216_ (net)
                  0.01    0.00    0.19 ^ _15333_/A (INV_X8)
     7   25.95    0.00    0.01    0.20 v _15333_/ZN (INV_X8)
                                         _06217_ (net)
                  0.01    0.00    0.21 v _15336_/A (BUF_X8)
    10   27.15    0.01    0.03    0.23 v _15336_/Z (BUF_X8)
                                         _06220_ (net)
                  0.01    0.00    0.23 v _15450_/A1 (AND2_X1)
     1    0.94    0.01    0.03    0.26 v _15450_/ZN (AND2_X1)
                                         _06328_ (net)
                  0.01    0.00    0.26 v _15456_/A (MUX2_X1)
     4   17.15    0.02    0.08    0.34 v _15456_/Z (MUX2_X1)
                                         _06334_ (net)
                  0.02    0.00    0.35 v _15457_/A1 (NOR2_X4)
     8   31.34    0.04    0.06    0.41 ^ _15457_/ZN (NOR2_X4)
                                         _06335_ (net)
                  0.04    0.00    0.41 ^ _17170_/A (BUF_X8)
     6   29.36    0.01    0.03    0.44 ^ _17170_/Z (BUF_X8)
                                         _07902_ (net)
                  0.01    0.00    0.44 ^ _17171_/A (BUF_X16)
     7   23.45    0.01    0.02    0.47 ^ _17171_/Z (BUF_X16)
                                         _14727_ (net)
                  0.01    0.00    0.47 ^ _29578_/B (HA_X1)
     1    3.49    0.03    0.05    0.52 ^ _29578_/S (HA_X1)
                                         _14729_ (net)
                  0.03    0.00    0.52 ^ _17174_/A (BUF_X4)
     4   19.00    0.01    0.03    0.55 ^ _17174_/Z (BUF_X4)
                                         _07905_ (net)
                  0.01    0.00    0.55 ^ _17175_/A (INV_X4)
     4   14.95    0.01    0.01    0.56 v _17175_/ZN (INV_X4)
                                         _07906_ (net)
                  0.01    0.00    0.57 v _17247_/A1 (NOR3_X4)
     7   15.60    0.04    0.05    0.62 ^ _17247_/ZN (NOR3_X4)
                                         _07978_ (net)
                  0.04    0.00    0.62 ^ _17420_/A1 (NOR2_X1)
     1    0.94    0.01    0.01    0.63 v _17420_/ZN (NOR2_X1)
                                         _08149_ (net)
                  0.01    0.00    0.63 v _17421_/B (MUX2_X1)
     1    1.00    0.01    0.06    0.68 v _17421_/Z (MUX2_X1)
                                         _08150_ (net)
                  0.01    0.00    0.68 v _17424_/A (MUX2_X1)
     1    1.14    0.01    0.06    0.74 v _17424_/Z (MUX2_X1)
                                         _08153_ (net)
                  0.01    0.00    0.74 v _17432_/A (MUX2_X1)
     1    2.65    0.01    0.06    0.80 v _17432_/Z (MUX2_X1)
                                         _08161_ (net)
                  0.01    0.00    0.80 v _17450_/A (MUX2_X1)
     1    1.75    0.01    0.06    0.86 v _17450_/Z (MUX2_X1)
                                         _08179_ (net)
                  0.01    0.00    0.86 v _17451_/B (MUX2_X1)
     1    5.59    0.01    0.07    0.93 v _17451_/Z (MUX2_X1)
                                         _00018_ (net)
                  0.01    0.00    0.93 v u0.u2.d[2]$_DFF_P_/D (DFF_X1)
                                  0.93   data arrival time

                  0.00    0.82    0.82   clock clk (rise edge)
                          0.00    0.82   clock network delay (ideal)
                          0.00    0.82   clock reconvergence pessimism
                                  0.82 ^ u0.u2.d[2]$_DFF_P_/CK (DFF_X1)
                         -0.04    0.78   library setup time
                                  0.78   data required time
-----------------------------------------------------------------------------
                                  0.78   data required time
                                 -0.93   data arrival time
-----------------------------------------------------------------------------
                                 -0.15   slack (VIOLATED)



==========================================================================
global place report_power
--------------------------------------------------------------------------
Group                  Internal  Switching    Leakage      Total
                          Power      Power      Power      Power (Watts)
----------------------------------------------------------------
Sequential             9.23e-03   1.16e-03   4.44e-05   1.04e-02   3.0%
Combinational          1.67e-01   1.74e-01   5.07e-04   3.41e-01  97.0%
Clock                  0.00e+00   0.00e+00   0.00e+00   0.00e+00   0.0%
Macro                  0.00e+00   0.00e+00   0.00e+00   0.00e+00   0.0%
Pad                    0.00e+00   0.00e+00   0.00e+00   0.00e+00   0.0%
----------------------------------------------------------------
Total                  1.76e-01   1.75e-01   5.51e-04   3.52e-01 100.0%
                          50.0%      49.8%       0.2%
