OpenROAD v2.0-19576-gec1bf1a13 
Features included (+) or not (-): +GPU +GUI +Python : None
This program is licensed under the BSD-3 license. See the LICENSE file for details.
Components of this program may be licensed under more restrictive licenses which must be honored.
[INFO ORD-0030] Using 16 thread(s).
[INFO GPL-0002] DBU: 2000
[INFO GPL-0003] SiteSize: (  0.190  1.400 ) um
[INFO GPL-0004] CoreBBox: (  1.140  1.400 ) ( 47.120 23.800 ) um
[WARNING GPL-0001] clk toplevel port is not placed!
       Replace will regard clk is placed in (0, 0)
[WARNING GPL-0001] req_msg[0] toplevel port is not placed!
       Replace will regard req_msg[0] is placed in (0, 0)
[WARNING GPL-0001] req_msg[10] toplevel port is not placed!
       Replace will regard req_msg[10] is placed in (0, 0)
[WARNING GPL-0001] req_msg[11] toplevel port is not placed!
       Replace will regard req_msg[11] is placed in (0, 0)
[WARNING GPL-0001] req_msg[12] toplevel port is not placed!
       Replace will regard req_msg[12] is placed in (0, 0)
[WARNING GPL-0001] req_msg[13] toplevel port is not placed!
       Replace will regard req_msg[13] is placed in (0, 0)
[WARNING GPL-0001] req_msg[14] toplevel port is not placed!
       Replace will regard req_msg[14] is placed in (0, 0)
[WARNING GPL-0001] req_msg[15] toplevel port is not placed!
       Replace will regard req_msg[15] is placed in (0, 0)
[WARNING GPL-0001] req_msg[16] toplevel port is not placed!
       Replace will regard req_msg[16] is placed in (0, 0)
[WARNING GPL-0001] req_msg[17] toplevel port is not placed!
       Replace will regard req_msg[17] is placed in (0, 0)
[WARNING GPL-0001] req_msg[18] toplevel port is not placed!
       Replace will regard req_msg[18] is placed in (0, 0)
[WARNING GPL-0001] req_msg[19] toplevel port is not placed!
       Replace will regard req_msg[19] is placed in (0, 0)
[WARNING GPL-0001] req_msg[1] toplevel port is not placed!
       Replace will regard req_msg[1] is placed in (0, 0)
[WARNING GPL-0001] req_msg[20] toplevel port is not placed!
       Replace will regard req_msg[20] is placed in (0, 0)
[WARNING GPL-0001] req_msg[21] toplevel port is not placed!
       Replace will regard req_msg[21] is placed in (0, 0)
[WARNING GPL-0001] req_msg[22] toplevel port is not placed!
       Replace will regard req_msg[22] is placed in (0, 0)
[WARNING GPL-0001] req_msg[23] toplevel port is not placed!
       Replace will regard req_msg[23] is placed in (0, 0)
[WARNING GPL-0001] req_msg[24] toplevel port is not placed!
       Replace will regard req_msg[24] is placed in (0, 0)
[WARNING GPL-0001] req_msg[25] toplevel port is not placed!
       Replace will regard req_msg[25] is placed in (0, 0)
[WARNING GPL-0001] req_msg[26] toplevel port is not placed!
       Replace will regard req_msg[26] is placed in (0, 0)
[WARNING GPL-0001] req_msg[27] toplevel port is not placed!
       Replace will regard req_msg[27] is placed in (0, 0)
[WARNING GPL-0001] req_msg[28] toplevel port is not placed!
       Replace will regard req_msg[28] is placed in (0, 0)
[WARNING GPL-0001] req_msg[29] toplevel port is not placed!
       Replace will regard req_msg[29] is placed in (0, 0)
[WARNING GPL-0001] req_msg[2] toplevel port is not placed!
       Replace will regard req_msg[2] is placed in (0, 0)
[WARNING GPL-0001] req_msg[30] toplevel port is not placed!
       Replace will regard req_msg[30] is placed in (0, 0)
[WARNING GPL-0001] req_msg[31] toplevel port is not placed!
       Replace will regard req_msg[31] is placed in (0, 0)
[WARNING GPL-0001] req_msg[3] toplevel port is not placed!
       Replace will regard req_msg[3] is placed in (0, 0)
[WARNING GPL-0001] req_msg[4] toplevel port is not placed!
       Replace will regard req_msg[4] is placed in (0, 0)
[WARNING GPL-0001] req_msg[5] toplevel port is not placed!
       Replace will regard req_msg[5] is placed in (0, 0)
[WARNING GPL-0001] req_msg[6] toplevel port is not placed!
       Replace will regard req_msg[6] is placed in (0, 0)
[WARNING GPL-0001] req_msg[7] toplevel port is not placed!
       Replace will regard req_msg[7] is placed in (0, 0)
[WARNING GPL-0001] req_msg[8] toplevel port is not placed!
       Replace will regard req_msg[8] is placed in (0, 0)
[WARNING GPL-0001] req_msg[9] toplevel port is not placed!
       Replace will regard req_msg[9] is placed in (0, 0)
[WARNING GPL-0001] req_rdy toplevel port is not placed!
       Replace will regard req_rdy is placed in (0, 0)
[WARNING GPL-0001] req_val toplevel port is not placed!
       Replace will regard req_val is placed in (0, 0)
[WARNING GPL-0001] reset toplevel port is not placed!
       Replace will regard reset is placed in (0, 0)
[WARNING GPL-0001] resp_msg[0] toplevel port is not placed!
       Replace will regard resp_msg[0] is placed in (0, 0)
[WARNING GPL-0001] resp_msg[10] toplevel port is not placed!
       Replace will regard resp_msg[10] is placed in (0, 0)
[WARNING GPL-0001] resp_msg[11] toplevel port is not placed!
       Replace will regard resp_msg[11] is placed in (0, 0)
[WARNING GPL-0001] resp_msg[12] toplevel port is not placed!
       Replace will regard resp_msg[12] is placed in (0, 0)
[WARNING GPL-0001] resp_msg[13] toplevel port is not placed!
       Replace will regard resp_msg[13] is placed in (0, 0)
[WARNING GPL-0001] resp_msg[14] toplevel port is not placed!
       Replace will regard resp_msg[14] is placed in (0, 0)
[WARNING GPL-0001] resp_msg[15] toplevel port is not placed!
       Replace will regard resp_msg[15] is placed in (0, 0)
[WARNING GPL-0001] resp_msg[1] toplevel port is not placed!
       Replace will regard resp_msg[1] is placed in (0, 0)
[WARNING GPL-0001] resp_msg[2] toplevel port is not placed!
       Replace will regard resp_msg[2] is placed in (0, 0)
[WARNING GPL-0001] resp_msg[3] toplevel port is not placed!
       Replace will regard resp_msg[3] is placed in (0, 0)
[WARNING GPL-0001] resp_msg[4] toplevel port is not placed!
       Replace will regard resp_msg[4] is placed in (0, 0)
[WARNING GPL-0001] resp_msg[5] toplevel port is not placed!
       Replace will regard resp_msg[5] is placed in (0, 0)
[WARNING GPL-0001] resp_msg[6] toplevel port is not placed!
       Replace will regard resp_msg[6] is placed in (0, 0)
[WARNING GPL-0001] resp_msg[7] toplevel port is not placed!
       Replace will regard resp_msg[7] is placed in (0, 0)
[WARNING GPL-0001] resp_msg[8] toplevel port is not placed!
       Replace will regard resp_msg[8] is placed in (0, 0)
[WARNING GPL-0001] resp_msg[9] toplevel port is not placed!
       Replace will regard resp_msg[9] is placed in (0, 0)
[WARNING GPL-0001] resp_rdy toplevel port is not placed!
       Replace will regard resp_rdy is placed in (0, 0)
[WARNING GPL-0001] resp_val toplevel port is not placed!
       Replace will regard resp_val is placed in (0, 0)
[INFO GPL-0006] NumInstances:               535
[INFO GPL-0007] NumPlaceInstances:          503
[INFO GPL-0008] NumFixedInstances:           32
[INFO GPL-0009] NumDummyInstances:            0
[INFO GPL-0010] NumNets:                    574
[INFO GPL-0011] NumPins:                   1626
[INFO GPL-0012] DieBBox:  (  0.000  0.000 ) ( 48.170 25.085 ) um
[INFO GPL-0013] CoreBBox: (  1.140  1.400 ) ( 47.120 23.800 ) um
[INFO GPL-0016] CoreArea:              1029.952 um^2
[INFO GPL-0017] NonPlaceInstsArea:        8.512 um^2
[INFO GPL-0018] PlaceInstsArea:         650.104 um^2
[INFO GPL-0019] Util:                    63.646 %
[INFO GPL-0020] StdInstsArea:           650.104 um^2
[INFO GPL-0021] MacroInstsArea:           0.000 um^2
[INFO GPL-0031] FillerInit:NumGCells:       826
[INFO GPL-0032] FillerInit:NumGNets:        574
[INFO GPL-0033] FillerInit:NumGPins:       1626
[INFO GPL-0023] TargetDensity:            1.000
[INFO GPL-0024] AvrgPlaceInstArea:        1.292 um^2
[INFO GPL-0025] IdealBinArea:             1.292 um^2
[INFO GPL-0026] IdealBinCnt:                796
[INFO GPL-0027] TotalBinArea:          1029.952 um^2
[INFO GPL-0028] BinCnt:        32     16
[INFO GPL-0029] BinSize: (  1.437  1.400 )
[INFO GPL-0030] NumBins: 512
Placement density is 0.7918750023841858, computed from PLACE_DENSITY_LB_ADDON 0.40 and lower bound 0.6364583373069763
global_placement -skip_io -density 0.7918750023841858 -pad_left 0 -pad_right 0
[INFO GPL-0002] DBU: 2000
[INFO GPL-0003] SiteSize: (  0.190  1.400 ) um
[INFO GPL-0004] CoreBBox: (  1.140  1.400 ) ( 47.120 23.800 ) um
[INFO GPL-0006] NumInstances:               535
[INFO GPL-0007] NumPlaceInstances:          503
[INFO GPL-0008] NumFixedInstances:           32
[INFO GPL-0009] NumDummyInstances:            0
[INFO GPL-0010] NumNets:                    574
[INFO GPL-0011] NumPins:                   1572
[INFO GPL-0012] DieBBox:  (  0.000  0.000 ) ( 48.170 25.085 ) um
[INFO GPL-0013] CoreBBox: (  1.140  1.400 ) ( 47.120 23.800 ) um
[INFO GPL-0016] CoreArea:              1029.952 um^2
[INFO GPL-0017] NonPlaceInstsArea:        8.512 um^2
[INFO GPL-0018] PlaceInstsArea:         650.104 um^2
[INFO GPL-0019] Util:                    63.646 %
[INFO GPL-0020] StdInstsArea:           650.104 um^2
[INFO GPL-0021] MacroInstsArea:           0.000 um^2
[INFO GPL-0031] FillerInit:NumGCells:       641
[INFO GPL-0032] FillerInit:NumGNets:        574
[INFO GPL-0033] FillerInit:NumGPins:       1572
[INFO GPL-0023] TargetDensity:            0.792
[INFO GPL-0024] AvrgPlaceInstArea:        1.292 um^2
[INFO GPL-0025] IdealBinArea:             1.632 um^2
[INFO GPL-0026] IdealBinCnt:                631
[INFO GPL-0027] TotalBinArea:          1029.952 um^2
[INFO GPL-0028] BinCnt:        32     16
[INFO GPL-0029] BinSize: (  1.437  1.400 )
[INFO GPL-0030] NumBins: 512
[NesterovSolve] Iter:    1 overflow: 0.969 HPWL: 844982
[NesterovSolve] Iter:   10 overflow: 0.980 HPWL: 458547
[NesterovSolve] Iter:   20 overflow: 0.980 HPWL: 457189
[NesterovSolve] Iter:   30 overflow: 0.980 HPWL: 456831
[NesterovSolve] Iter:   40 overflow: 0.980 HPWL: 456331
[NesterovSolve] Iter:   50 overflow: 0.980 HPWL: 456650
[NesterovSolve] Iter:   60 overflow: 0.980 HPWL: 457035
[NesterovSolve] Iter:   70 overflow: 0.980 HPWL: 457471
[NesterovSolve] Iter:   80 overflow: 0.980 HPWL: 458570
[NesterovSolve] Iter:   90 overflow: 0.980 HPWL: 460803
[NesterovSolve] Iter:  100 overflow: 0.980 HPWL: 464776
[NesterovSolve] Iter:  110 overflow: 0.980 HPWL: 472427
[NesterovSolve] Iter:  120 overflow: 0.980 HPWL: 489864
[NesterovSolve] Iter:  130 overflow: 0.978 HPWL: 536601
[NesterovSolve] Iter:  140 overflow: 0.965 HPWL: 677926
[NesterovSolve] Iter:  150 overflow: 0.943 HPWL: 905357
[NesterovSolve] Iter:  160 overflow: 0.921 HPWL: 1072996
[NesterovSolve] Iter:  170 overflow: 0.906 HPWL: 1241870
[NesterovSolve] Iter:  180 overflow: 0.873 HPWL: 1501157
[NesterovSolve] Iter:  190 overflow: 0.853 HPWL: 1718705
[NesterovSolve] Iter:  200 overflow: 0.809 HPWL: 1948363
[NesterovSolve] Iter:  210 overflow: 0.772 HPWL: 2205323
[NesterovSolve] Iter:  220 overflow: 0.728 HPWL: 2442704
[NesterovSolve] Iter:  230 overflow: 0.680 HPWL: 2686866
[NesterovSolve] Iter:  240 overflow: 0.633 HPWL: 2946058
[NesterovSolve] Iter:  250 overflow: 0.581 HPWL: 3225378
[NesterovSolve] Iter:  260 overflow: 0.530 HPWL: 3474429
[NesterovSolve] Iter:  270 overflow: 0.470 HPWL: 3684123
[NesterovSolve] Iter:  280 overflow: 0.417 HPWL: 3916726
[NesterovSolve] Iter:  290 overflow: 0.354 HPWL: 4129622
[NesterovSolve] Iter:  300 overflow: 0.323 HPWL: 4170497
[NesterovSolve] Iter:  310 overflow: 0.283 HPWL: 4239790
[NesterovSolve] Iter:  320 overflow: 0.246 HPWL: 4266089
[NesterovSolve] Iter:  330 overflow: 0.220 HPWL: 4325870
[NesterovSolve] Iter:  340 overflow: 0.187 HPWL: 4350084
[NesterovSolve] Iter:  350 overflow: 0.164 HPWL: 4363777
[NesterovSolve] Iter:  360 overflow: 0.139 HPWL: 4370315
[NesterovSolve] Iter:  370 overflow: 0.128 HPWL: 4409308
[NesterovSolve] Iter:  380 overflow: 0.104 HPWL: 4412403
[NesterovSolve] Finished with Overflow: 0.098724
Elapsed time: 0:00.64[h:]min:sec. CPU time: user 6.08 sys 0.09 (960%). Peak memory: 118040KB.
