OpenROAD v2.0-19576-gec1bf1a13 
Features included (+) or not (-): +GPU +GUI +Python : None
This program is licensed under the BSD-3 license. See the LICENSE file for details.
Components of this program may be licensed under more restrictive licenses which must be honored.
[INFO ORD-0030] Using 16 thread(s).
[INFO GPL-0002] DBU: 1000
[INFO GPL-0003] SiteSize: (  0.054  0.270 ) um
[INFO GPL-0004] CoreBBox: (  1.026  1.080 ) ( 12.582  8.910 ) um
[INFO GPL-0006] NumInstances:               373
[INFO GPL-0007] NumPlaceInstances:          315
[INFO GPL-0008] NumFixedInstances:           58
[INFO GPL-0009] NumDummyInstances:            0
[INFO GPL-0010] NumNets:                    368
[INFO GPL-0011] NumPins:                   1171
[INFO GPL-0012] DieBBox:  (  0.000  0.000 ) ( 13.606 10.124 ) um
[INFO GPL-0013] CoreBBox: (  1.026  1.080 ) ( 12.582  8.910 ) um
[INFO GPL-0016] CoreArea:                90.483 um^2
[INFO GPL-0017] NonPlaceInstsArea:        1.691 um^2
[INFO GPL-0018] PlaceInstsArea:          37.718 um^2
[INFO GPL-0019] Util:                    42.479 %
[INFO GPL-0020] StdInstsArea:            37.718 um^2
[INFO GPL-0021] MacroInstsArea:           0.000 um^2
[INFO GPL-0031] FillerInit:NumGCells:       763
[INFO GPL-0032] FillerInit:NumGNets:        368
[INFO GPL-0033] FillerInit:NumGPins:       1171
[INFO GPL-0023] TargetDensity:            1.000
[INFO GPL-0024] AvrgPlaceInstArea:        0.120 um^2
[INFO GPL-0025] IdealBinArea:             0.120 um^2
[INFO GPL-0026] IdealBinCnt:                755
[INFO GPL-0027] TotalBinArea:            90.483 um^2
[INFO GPL-0028] BinCnt:        16     16
[INFO GPL-0029] BinSize: (  0.723  0.490 )
[INFO GPL-0030] NumBins: 256
Placement density is 0.549835786819458, computed from PLACE_DENSITY_LB_ADDON 0.20 and lower bound 0.4247947335243225
global_placement -density 0.549835786819458 -pad_left 0 -pad_right 0
[INFO GPL-0002] DBU: 1000
[INFO GPL-0003] SiteSize: (  0.054  0.270 ) um
[INFO GPL-0004] CoreBBox: (  1.026  1.080 ) ( 12.582  8.910 ) um
[INFO GPL-0006] NumInstances:               373
[INFO GPL-0007] NumPlaceInstances:          315
[INFO GPL-0008] NumFixedInstances:           58
[INFO GPL-0009] NumDummyInstances:            0
[INFO GPL-0010] NumNets:                    368
[INFO GPL-0011] NumPins:                   1171
[INFO GPL-0012] DieBBox:  (  0.000  0.000 ) ( 13.606 10.124 ) um
[INFO GPL-0013] CoreBBox: (  1.026  1.080 ) ( 12.582  8.910 ) um
[INFO GPL-0016] CoreArea:                90.483 um^2
[INFO GPL-0017] NonPlaceInstsArea:        1.691 um^2
[INFO GPL-0018] PlaceInstsArea:          37.718 um^2
[INFO GPL-0019] Util:                    42.479 %
[INFO GPL-0020] StdInstsArea:            37.718 um^2
[INFO GPL-0021] MacroInstsArea:           0.000 um^2
[InitialPlace]  Iter: 1 CG residual: 0.00000009 HPWL: 968273
[InitialPlace]  Iter: 2 CG residual: 0.00000009 HPWL: 777580
[InitialPlace]  Iter: 3 CG residual: 0.00000010 HPWL: 785123
[InitialPlace]  Iter: 4 CG residual: 0.00000009 HPWL: 791029
[InitialPlace]  Iter: 5 CG residual: 0.00000007 HPWL: 794494
[INFO GPL-0031] FillerInit:NumGCells:       412
[INFO GPL-0032] FillerInit:NumGNets:        368
[INFO GPL-0033] FillerInit:NumGPins:       1171
[INFO GPL-0023] TargetDensity:            0.550
[INFO GPL-0024] AvrgPlaceInstArea:        0.120 um^2
[INFO GPL-0025] IdealBinArea:             0.218 um^2
[INFO GPL-0026] IdealBinCnt:                415
[INFO GPL-0027] TotalBinArea:            90.483 um^2
[INFO GPL-0028] BinCnt:        16     16
[INFO GPL-0029] BinSize: (  0.723  0.490 )
[INFO GPL-0030] NumBins: 256
[NesterovSolve] Iter:    1 overflow: 0.715 HPWL: 643175
[NesterovSolve] Iter:   10 overflow: 0.624 HPWL: 622348
[NesterovSolve] Iter:   20 overflow: 0.614 HPWL: 621705
[NesterovSolve] Iter:   30 overflow: 0.618 HPWL: 621721
[NesterovSolve] Iter:   40 overflow: 0.616 HPWL: 621968
[NesterovSolve] Iter:   50 overflow: 0.617 HPWL: 621700
[NesterovSolve] Iter:   60 overflow: 0.616 HPWL: 621876
[NesterovSolve] Iter:   70 overflow: 0.615 HPWL: 622009
[NesterovSolve] Iter:   80 overflow: 0.614 HPWL: 622301
[NesterovSolve] Iter:   90 overflow: 0.613 HPWL: 622876
[NesterovSolve] Iter:  100 overflow: 0.611 HPWL: 623587
[NesterovSolve] Iter:  110 overflow: 0.607 HPWL: 624378
[NesterovSolve] Iter:  120 overflow: 0.602 HPWL: 625002
[NesterovSolve] Iter:  130 overflow: 0.595 HPWL: 626355
[NesterovSolve] Iter:  140 overflow: 0.584 HPWL: 628546
[NesterovSolve] Iter:  150 overflow: 0.569 HPWL: 631210
[NesterovSolve] Iter:  160 overflow: 0.550 HPWL: 635012
[NesterovSolve] Iter:  170 overflow: 0.523 HPWL: 638419
[NesterovSolve] Iter:  180 overflow: 0.492 HPWL: 642484
[NesterovSolve] Iter:  190 overflow: 0.455 HPWL: 647780
[NesterovSolve] Iter:  200 overflow: 0.410 HPWL: 653103
[NesterovSolve] Iter:  210 overflow: 0.360 HPWL: 654552
[NesterovSolve] Iter:  220 overflow: 0.314 HPWL: 657879
[NesterovSolve] Iter:  230 overflow: 0.269 HPWL: 658866
[NesterovSolve] Iter:  240 overflow: 0.243 HPWL: 666068
[NesterovSolve] Iter:  250 overflow: 0.214 HPWL: 671053
[NesterovSolve] Iter:  260 overflow: 0.188 HPWL: 674726
[NesterovSolve] Iter:  270 overflow: 0.164 HPWL: 678100
[NesterovSolve] Iter:  280 overflow: 0.145 HPWL: 681980
[NesterovSolve] Iter:  290 overflow: 0.126 HPWL: 686369
[NesterovSolve] Iter:  300 overflow: 0.109 HPWL: 690890
[NesterovSolve] Finished with Overflow: 0.099445
Report metrics stage 3, global place...

==========================================================================
global place report_design_area
--------------------------------------------------------------------------
Design area 38 u^2 42% utilization.
Elapsed time: 0:05.38[h:]min:sec. CPU time: user 57.52 sys 0.47 (1076%). Peak memory: 213256KB.
