OpenROAD v2.0-19576-gec1bf1a13 
Features included (+) or not (-): +GPU +GUI +Python : None
This program is licensed under the BSD-3 license. See the LICENSE file for details.
Components of this program may be licensed under more restrictive licenses which must be honored.
[INFO ORD-0030] Using 16 thread(s).
[INFO GPL-0002] DBU: 2000
[INFO GPL-0003] SiteSize: (  0.190  1.400 ) um
[INFO GPL-0004] CoreBBox: (  1.140  1.400 ) ( 300.770 240.800 ) um
[INFO GPL-0006] NumInstances:             16610
[INFO GPL-0007] NumPlaceInstances:        16095
[INFO GPL-0008] NumFixedInstances:          515
[INFO GPL-0009] NumDummyInstances:            0
[INFO GPL-0010] NumNets:                  18758
[INFO GPL-0011] NumPins:                  60707
[INFO GPL-0012] DieBBox:  (  0.000  0.000 ) ( 301.775 241.820 ) um
[INFO GPL-0013] CoreBBox: (  1.140  1.400 ) ( 300.770 240.800 ) um
[INFO GPL-0016] CoreArea:             71731.422 um^2
[INFO GPL-0017] NonPlaceInstsArea:      136.990 um^2
[INFO GPL-0018] PlaceInstsArea:       28787.052 um^2
[INFO GPL-0019] Util:                    40.209 %
[INFO GPL-0020] StdInstsArea:         28787.052 um^2
[INFO GPL-0021] MacroInstsArea:           0.000 um^2
[INFO GPL-0031] FillerInit:NumGCells:     41865
[INFO GPL-0032] FillerInit:NumGNets:      18758
[INFO GPL-0033] FillerInit:NumGPins:      60707
[INFO GPL-0023] TargetDensity:            1.000
[INFO GPL-0024] AvrgPlaceInstArea:        1.789 um^2
[INFO GPL-0025] IdealBinArea:             1.789 um^2
[INFO GPL-0026] IdealBinCnt:              40105
[INFO GPL-0027] TotalBinArea:         71731.422 um^2
[INFO GPL-0028] BinCnt:       128    128
[INFO GPL-0029] BinSize: (  2.341  1.871 )
[INFO GPL-0030] NumBins: 16384
Placement density is 0.5914595460891724, computed from PLACE_DENSITY_LB_ADDON 0.30 and lower bound 0.4020850658416748
global_placement -density 0.5914595460891724 -pad_left 0 -pad_right 0
[INFO GPL-0002] DBU: 2000
[INFO GPL-0003] SiteSize: (  0.190  1.400 ) um
[INFO GPL-0004] CoreBBox: (  1.140  1.400 ) ( 300.770 240.800 ) um
[INFO GPL-0006] NumInstances:             16610
[INFO GPL-0007] NumPlaceInstances:        16095
[INFO GPL-0008] NumFixedInstances:          515
[INFO GPL-0009] NumDummyInstances:            0
[INFO GPL-0010] NumNets:                  18758
[INFO GPL-0011] NumPins:                  60707
[INFO GPL-0012] DieBBox:  (  0.000  0.000 ) ( 301.775 241.820 ) um
[INFO GPL-0013] CoreBBox: (  1.140  1.400 ) ( 300.770 240.800 ) um
[INFO GPL-0016] CoreArea:             71731.422 um^2
[INFO GPL-0017] NonPlaceInstsArea:      136.990 um^2
[INFO GPL-0018] PlaceInstsArea:       28787.052 um^2
[INFO GPL-0019] Util:                    40.209 %
[INFO GPL-0020] StdInstsArea:         28787.052 um^2
[INFO GPL-0021] MacroInstsArea:           0.000 um^2
[InitialPlace]  Iter: 1 CG residual: 0.01103983 HPWL: 241230700
[InitialPlace]  Iter: 2 CG residual: 0.00129195 HPWL: 191204087
[InitialPlace]  Iter: 3 CG residual: 0.00020871 HPWL: 182356217
[InitialPlace]  Iter: 4 CG residual: 0.00000805 HPWL: 179779419
[InitialPlace]  Iter: 5 CG residual: 0.00000091 HPWL: 178670039
[INFO GPL-0031] FillerInit:NumGCells:     24257
[INFO GPL-0032] FillerInit:NumGNets:      18758
[INFO GPL-0033] FillerInit:NumGPins:      60707
[INFO GPL-0023] TargetDensity:            0.591
[INFO GPL-0024] AvrgPlaceInstArea:        1.789 um^2
[INFO GPL-0025] IdealBinArea:             3.024 um^2
[INFO GPL-0026] IdealBinCnt:              23720
[INFO GPL-0027] TotalBinArea:         71731.422 um^2
[INFO GPL-0028] BinCnt:       128    128
[INFO GPL-0029] BinSize: (  2.341  1.871 )
[INFO GPL-0030] NumBins: 16384
[NesterovSolve] Iter:    1 overflow: 0.994 HPWL: 79107115
[NesterovSolve] Iter:   10 overflow: 0.979 HPWL: 99355182
[NesterovSolve] Iter:   20 overflow: 0.966 HPWL: 111901178
[NesterovSolve] Iter:   30 overflow: 0.961 HPWL: 118929382
[NesterovSolve] Iter:   40 overflow: 0.958 HPWL: 125701881
[NesterovSolve] Iter:   50 overflow: 0.957 HPWL: 131594346
[NesterovSolve] Iter:   60 overflow: 0.957 HPWL: 135010446
[NesterovSolve] Iter:   70 overflow: 0.957 HPWL: 135880705
[NesterovSolve] Iter:   80 overflow: 0.956 HPWL: 134409105
[NesterovSolve] Iter:   90 overflow: 0.956 HPWL: 132392479
[NesterovSolve] Iter:  100 overflow: 0.957 HPWL: 131222638
[NesterovSolve] Iter:  110 overflow: 0.957 HPWL: 131142928
[NesterovSolve] Iter:  120 overflow: 0.957 HPWL: 131744370
[NesterovSolve] Iter:  130 overflow: 0.957 HPWL: 132501622
[NesterovSolve] Iter:  140 overflow: 0.957 HPWL: 133379369
[NesterovSolve] Iter:  150 overflow: 0.957 HPWL: 134470880
[NesterovSolve] Iter:  160 overflow: 0.956 HPWL: 135846409
[NesterovSolve] Iter:  170 overflow: 0.955 HPWL: 137904763
[NesterovSolve] Iter:  180 overflow: 0.954 HPWL: 141510897
[NesterovSolve] Iter:  190 overflow: 0.951 HPWL: 147474178
[NesterovSolve] Iter:  200 overflow: 0.948 HPWL: 155738713
[NesterovSolve] Iter:  210 overflow: 0.944 HPWL: 166589060
[NesterovSolve] Iter:  220 overflow: 0.935 HPWL: 181088102
[NesterovSolve] Iter:  230 overflow: 0.925 HPWL: 199585473
[NesterovSolve] Iter:  240 overflow: 0.912 HPWL: 221591822
[NesterovSolve] Iter:  250 overflow: 0.895 HPWL: 244434834
[NesterovSolve] Iter:  260 overflow: 0.874 HPWL: 267013409
[NesterovSolve] Iter:  270 overflow: 0.850 HPWL: 292552498
[NesterovSolve] Iter:  280 overflow: 0.824 HPWL: 323954671
[NesterovSolve] Iter:  290 overflow: 0.795 HPWL: 349666949
[NesterovSolve] Iter:  300 overflow: 0.755 HPWL: 379474690
[NesterovSolve] Iter:  310 overflow: 0.715 HPWL: 400483409
[NesterovSolve] Iter:  320 overflow: 0.671 HPWL: 422848278
[NesterovSolve] Iter:  330 overflow: 0.624 HPWL: 442103510
[NesterovSolve] Iter:  340 overflow: 0.577 HPWL: 455910361
[NesterovSolve] Iter:  350 overflow: 0.525 HPWL: 466684781
[NesterovSolve] Iter:  360 overflow: 0.480 HPWL: 475523302
[NesterovSolve] Iter:  370 overflow: 0.433 HPWL: 484692133
[NesterovSolve] Iter:  380 overflow: 0.387 HPWL: 493100182
[NesterovSolve] Iter:  390 overflow: 0.341 HPWL: 497009368
[NesterovSolve] Iter:  400 overflow: 0.308 HPWL: 499921969
[NesterovSolve] Iter:  410 overflow: 0.273 HPWL: 502317703
[NesterovSolve] Iter:  420 overflow: 0.240 HPWL: 505446805
[NesterovSolve] Iter:  430 overflow: 0.210 HPWL: 507657862
[NesterovSolve] Iter:  440 overflow: 0.182 HPWL: 509346468
[NesterovSolve] Iter:  450 overflow: 0.158 HPWL: 510550701
[NesterovSolve] Iter:  460 overflow: 0.137 HPWL: 511730948
[NesterovSolve] Iter:  470 overflow: 0.120 HPWL: 512756831
[NesterovSolve] Iter:  480 overflow: 0.104 HPWL: 513787621
[NesterovSolve] Finished with Overflow: 0.098724
Took 830 seconds: global_placement -density 0.5914595460891724 -pad_left 0 -pad_right 0
Report metrics stage 3, global place...

==========================================================================
global place report_design_area
--------------------------------------------------------------------------
Design area 28787 u^2 40% utilization.
Elapsed time: 14:41.72[h:]min:sec. CPU time: user 1671.15 sys 5.51 (190%). Peak memory: 199008KB.
