
==========================================================================
global place report_tns
--------------------------------------------------------------------------
tns -48181.31

==========================================================================
global place report_wns
--------------------------------------------------------------------------
wns -248.20

==========================================================================
global place report_worst_slack
--------------------------------------------------------------------------
worst slack -248.20

==========================================================================
global place report_checks -path_delay min
--------------------------------------------------------------------------
Startpoint: rst_ni (input port clocked by core_clock)
Endpoint: gen_regfile_ff.register_file_i.rf_reg_q[535]$_DFFE_PN0P_
          (removal check against rising-edge clock core_clock)
Path Group: asynchronous
Path Type: min

Fanout     Cap    Slew   Delay    Time   Description
-----------------------------------------------------------------------------
                  0.00    0.00    0.00   clock core_clock (rise edge)
                          0.00    0.00   clock network delay (ideal)
                        252.00  252.00 ^ input external delay
    47   56.44    0.00    0.00  252.00 ^ rst_ni (in)
                                         rst_ni (net)
                 68.63   21.65  273.65 ^ gen_regfile_ff.register_file_i.rf_reg_q[535]$_DFFE_PN0P_/SETN (DFFASRHQNx1_ASAP7_75t_R)
                                273.65   data arrival time

                  0.00    0.00    0.00   clock core_clock (rise edge)
                          0.00    0.00   clock network delay (ideal)
                          0.00    0.00   clock reconvergence pessimism
                                  0.00 ^ gen_regfile_ff.register_file_i.rf_reg_q[535]$_DFFE_PN0P_/CLK (DFFASRHQNx1_ASAP7_75t_R)
                         11.67   11.67   library removal time
                                 11.67   data required time
-----------------------------------------------------------------------------
                                 11.67   data required time
                               -273.65   data arrival time
-----------------------------------------------------------------------------
                                261.98   slack (MET)


Startpoint: core_clock_gate_i.en_latch$_DLATCH_N_
            (negative level-sensitive latch clocked by core_clock)
Endpoint: _35046_ (rising clock gating-check end-point clocked by core_clock)
Path Group: gated clock
Path Type: min

Fanout     Cap    Slew   Delay    Time   Description
-----------------------------------------------------------------------------
                  0.00  630.00  630.00   clock core_clock (fall edge)
                          0.00  630.00   clock network delay (ideal)
                  0.00    0.00  630.00 v core_clock_gate_i.en_latch$_DLATCH_N_/CLK (DLLx1_ASAP7_75t_R)
     1    0.32    6.23   17.29  647.29 ^ core_clock_gate_i.en_latch$_DLATCH_N_/Q (DLLx1_ASAP7_75t_R)
                                         core_clock_gate_i.en_latch (net)
                  6.23    0.00  647.29 ^ _35046_/B (AND2x2_ASAP7_75t_R)
                                647.29   data arrival time

                  0.00  630.00  630.00   clock core_clock (fall edge)
                          0.00  630.00   clock network delay (ideal)
                          0.00  630.00   clock reconvergence pessimism
                                630.00 v _35046_/A (AND2x2_ASAP7_75t_R)
                          0.00  630.00   clock gating hold time
                                630.00   data required time
-----------------------------------------------------------------------------
                                630.00   data required time
                               -647.29   data arrival time
-----------------------------------------------------------------------------
                                 17.29   slack (MET)


Startpoint: cs_registers_i.u_mstack_epc_csr.rdata_q[1]$_DFFE_PN0P_
            (rising edge-triggered flip-flop clocked by core_clock)
Endpoint: cs_registers_i.u_mstack_epc_csr.rdata_q[1]$_DFFE_PN0P_
          (rising edge-triggered flip-flop clocked by core_clock)
Path Group: core_clock
Path Type: min

Fanout     Cap    Slew   Delay    Time   Description
-----------------------------------------------------------------------------
                  0.00    0.00    0.00   clock core_clock (rise edge)
                          0.00    0.00   clock network delay (ideal)
                  0.00    0.00    0.00 ^ cs_registers_i.u_mstack_epc_csr.rdata_q[1]$_DFFE_PN0P_/CLK (DFFASRHQNx1_ASAP7_75t_R)
     2    1.27   17.01   38.12   38.12 ^ cs_registers_i.u_mstack_epc_csr.rdata_q[1]$_DFFE_PN0P_/QN (DFFASRHQNx1_ASAP7_75t_R)
                                         _01876_ (net)
                 17.01    0.01   38.13 ^ _27520_/A1 (AOI21x1_ASAP7_75t_R)
     1    0.65    5.49    8.82   46.95 v _27520_/Y (AOI21x1_ASAP7_75t_R)
                                         _02704_ (net)
                  5.49    0.01   46.96 v cs_registers_i.u_mstack_epc_csr.rdata_q[1]$_DFFE_PN0P_/D (DFFASRHQNx1_ASAP7_75t_R)
                                 46.96   data arrival time

                  0.00    0.00    0.00   clock core_clock (rise edge)
                          0.00    0.00   clock network delay (ideal)
                          0.00    0.00   clock reconvergence pessimism
                                  0.00 ^ cs_registers_i.u_mstack_epc_csr.rdata_q[1]$_DFFE_PN0P_/CLK (DFFASRHQNx1_ASAP7_75t_R)
                          9.35    9.35   library hold time
                                  9.35   data required time
-----------------------------------------------------------------------------
                                  9.35   data required time
                                -46.96   data arrival time
-----------------------------------------------------------------------------
                                 37.61   slack (MET)



==========================================================================
global place report_checks -path_delay max
--------------------------------------------------------------------------
Startpoint: rst_ni (input port clocked by core_clock)
Endpoint: cs_registers_i.u_depc_csr.rdata_q[31]$_DFFE_PN0P_
          (recovery check against rising-edge clock core_clock)
Path Group: asynchronous
Path Type: max

Fanout     Cap    Slew   Delay    Time   Description
-----------------------------------------------------------------------------
                  0.00    0.00    0.00   clock core_clock (rise edge)
                          0.00    0.00   clock network delay (ideal)
                        252.00  252.00 ^ input external delay
    47   69.10    0.00    0.00  252.00 ^ rst_ni (in)
                                         rst_ni (net)
                 82.80   26.12  278.12 ^ load_slew49/A (BUFx16f_ASAP7_75t_R)
    67   88.91   50.99   36.36  314.48 ^ load_slew49/Y (BUFx16f_ASAP7_75t_R)
                                         net71 (net)
                 52.05    4.14  318.62 ^ load_slew48/A (BUFx16f_ASAP7_75t_R)
    58   85.94   46.82   32.03  350.65 ^ load_slew48/Y (BUFx16f_ASAP7_75t_R)
                                         net70 (net)
                103.79   30.62  381.27 ^ load_slew38/A (BUFx24_ASAP7_75t_R)
    77  107.60   47.13   41.71  422.98 ^ load_slew38/Y (BUFx24_ASAP7_75t_R)
                                         net60 (net)
                133.47   40.27  463.26 ^ load_slew37/A (BUFx16f_ASAP7_75t_R)
    74  100.64   56.94   43.46  506.72 ^ load_slew37/Y (BUFx16f_ASAP7_75t_R)
                                         net59 (net)
                102.66   28.44  535.16 ^ load_slew34/A (BUFx24_ASAP7_75t_R)
    88  116.52   57.00   40.60  575.76 ^ load_slew34/Y (BUFx24_ASAP7_75t_R)
                                         net56 (net)
                 77.46   16.48  592.23 ^ load_slew33/A (BUFx16f_ASAP7_75t_R)
    64   81.40   47.45   41.56  633.80 ^ load_slew33/Y (BUFx16f_ASAP7_75t_R)
                                         net55 (net)
                 50.21    6.08  639.88 ^ cs_registers_i.u_depc_csr.rdata_q[31]$_DFFE_PN0P_/SETN (DFFASRHQNx1_ASAP7_75t_R)
                                639.88   data arrival time

                  0.00 1260.00 1260.00   clock core_clock (rise edge)
                          0.00 1260.00   clock network delay (ideal)
                          0.00 1260.00   clock reconvergence pessimism
                               1260.00 ^ cs_registers_i.u_depc_csr.rdata_q[31]$_DFFE_PN0P_/CLK (DFFASRHQNx1_ASAP7_75t_R)
                         -4.47 1255.53   library recovery time
                               1255.53   data required time
-----------------------------------------------------------------------------
                               1255.53   data required time
                               -639.88   data arrival time
-----------------------------------------------------------------------------
                                615.65   slack (MET)


Startpoint: core_clock_gate_i.en_latch$_DLATCH_N_
            (negative level-sensitive latch clocked by core_clock)
Endpoint: _35046_ (rising clock gating-check end-point clocked by core_clock)
Path Group: gated clock
Path Type: max

Fanout     Cap    Slew   Delay    Time   Description
-----------------------------------------------------------------------------
                  0.00  630.00  630.00   clock core_clock (fall edge)
                          0.00  630.00   clock network delay (ideal)
                  0.00    0.00  630.00 v core_clock_gate_i.en_latch$_DLATCH_N_/CLK (DLLx1_ASAP7_75t_R)
     1    0.57    7.56   27.18  657.18 v core_clock_gate_i.en_latch$_DLATCH_N_/Q (DLLx1_ASAP7_75t_R)
                                         core_clock_gate_i.en_latch (net)
                  7.56    0.00  657.18 v _35046_/B (AND2x2_ASAP7_75t_R)
                                657.18   data arrival time

                  0.00 1260.00 1260.00   clock core_clock (rise edge)
                          0.00 1260.00   clock network delay (ideal)
                          0.00 1260.00   clock reconvergence pessimism
                               1260.00 ^ _35046_/A (AND2x2_ASAP7_75t_R)
                          0.00 1260.00   clock gating setup time
                               1260.00   data required time
-----------------------------------------------------------------------------
                               1260.00   data required time
                               -657.18   data arrival time
-----------------------------------------------------------------------------
                                602.82   slack (MET)


Startpoint: if_stage_i.instr_rdata_alu_id_o[20]$_DFFE_PN_
            (rising edge-triggered flip-flop clocked by core_clock)
Endpoint: gen_regfile_ff.register_file_i.rf_reg_q[895]$_DFFE_PN0P_
          (rising edge-triggered flip-flop clocked by core_clock)
Path Group: core_clock
Path Type: max

Fanout     Cap    Slew   Delay    Time   Description
-----------------------------------------------------------------------------
                  0.00    0.00    0.00   clock core_clock (rise edge)
                          0.00    0.00   clock network delay (ideal)
                  0.00    0.00    0.00 ^ if_stage_i.instr_rdata_alu_id_o[20]$_DFFE_PN_/CLK (DFFHQNx2_ASAP7_75t_R)
     6    6.08   29.96   49.37   49.37 v if_stage_i.instr_rdata_alu_id_o[20]$_DFFE_PN_/QN (DFFHQNx2_ASAP7_75t_R)
                                         _00368_ (net)
                 30.00    0.64   50.01 v _19205_/A (BUFx3_ASAP7_75t_R)
     5    5.76   13.54   23.57   73.58 v _19205_/Y (BUFx3_ASAP7_75t_R)
                                         _13476_ (net)
                 13.55    0.10   73.68 v _19206_/A (BUFx6f_ASAP7_75t_R)
    10   11.38   14.35   17.87   91.54 v _19206_/Y (BUFx6f_ASAP7_75t_R)
                                         _13477_ (net)
                 14.93    1.56   93.10 v _19207_/A (BUFx6f_ASAP7_75t_R)
    10   12.79   15.47   19.12  112.23 v _19207_/Y (BUFx6f_ASAP7_75t_R)
                                         _13478_ (net)
                 16.27    1.89  114.12 v _19208_/A (BUFx16f_ASAP7_75t_R)
    19   29.49   18.07   20.50  134.61 v _19208_/Y (BUFx16f_ASAP7_75t_R)
                                         _13479_ (net)
                 29.82    7.82  142.44 v _21730_/A (BUFx4f_ASAP7_75t_R)
    10    9.05   17.44   22.67  165.11 v _21730_/Y (BUFx4f_ASAP7_75t_R)
                                         _15918_ (net)
                 20.94    4.04  169.15 v _22124_/C (OA211x2_ASAP7_75t_R)
     1    0.70    9.25   30.77  199.93 v _22124_/Y (OA211x2_ASAP7_75t_R)
                                         _16299_ (net)
                  9.25    0.01  199.94 v _22125_/C (OR3x1_ASAP7_75t_R)
     1    2.49   20.08   30.33  230.27 v _22125_/Y (OR3x1_ASAP7_75t_R)
                                         _16300_ (net)
                 20.13    0.56  230.83 v _22126_/B (OA211x2_ASAP7_75t_R)
     1    0.69    9.23   28.83  259.66 v _22126_/Y (OA211x2_ASAP7_75t_R)
                                         _16301_ (net)
                  9.23    0.01  259.67 v _22145_/C (OR3x4_ASAP7_75t_R)
     2    3.89   18.51   42.88  302.55 v _22145_/Y (OR3x4_ASAP7_75t_R)
                                         _16320_ (net)
                 18.76    1.14  303.69 v _22179_/B (AND2x6_ASAP7_75t_R)
     6    8.41   15.35   24.63  328.32 v _22179_/Y (AND2x6_ASAP7_75t_R)
                                         _16354_ (net)
                 18.67    3.68  331.99 v _24175_/A2 (AO21x2_ASAP7_75t_R)
     8    7.98   26.03   29.01  361.01 v _24175_/Y (AO21x2_ASAP7_75t_R)
                                         _05187_ (net)
                 26.61    2.14  363.14 v _24418_/B (NAND2x2_ASAP7_75t_R)
     2    3.05   18.16   16.65  379.79 ^ _24418_/Y (NAND2x2_ASAP7_75t_R)
                                         _17865_ (net)
                 18.16    0.04  379.84 ^ _24419_/A (INVx2_ASAP7_75t_R)
     2    3.66   13.46   10.57  390.41 v _24419_/Y (INVx2_ASAP7_75t_R)
                                         _17820_ (net)
                 13.46    0.02  390.42 v _35401_/A (FAx1_ASAP7_75t_R)
     8   17.43  261.94  120.41  510.84 ^ _35401_/CON (FAx1_ASAP7_75t_R)
                                         _17962_ (net)
     4    7.80  181.55   92.58  603.41 v _35401_/SN (FAx1_ASAP7_75t_R)
                                         _17914_ (net)
                181.56    0.69  604.10 v _35040_/A (INVx2_ASAP7_75t_R)
     2    3.75   41.64   32.34  636.44 ^ _35040_/Y (INVx2_ASAP7_75t_R)
                                         _17913_ (net)
                 41.64    0.04  636.48 ^ _35461_/CI (FAx1_ASAP7_75t_R)
     7   12.13  192.55  207.70  844.19 v _35461_/SN (FAx1_ASAP7_75t_R)
                                         _18080_ (net)
                192.55    0.13  844.32 v _35462_/A (FAx1_ASAP7_75t_R)
     1    2.30   75.97   60.62  904.94 ^ _35462_/CON (FAx1_ASAP7_75t_R)
                                         _18122_ (net)
     1    0.79   57.26   20.76  925.70 v _35462_/SN (FAx1_ASAP7_75t_R)
                                         _18479_ (net)
                 57.26    0.02  925.72 v _34879_/A (INVx1_ASAP7_75t_R)
     1    2.19   26.53   21.27  946.99 ^ _34879_/Y (INVx1_ASAP7_75t_R)
                                         _18081_ (net)
                 26.53    0.07  947.06 ^ _35463_/A (FAx1_ASAP7_75t_R)
     1    0.82   24.90   38.57  985.63 v _35463_/SN (FAx1_ASAP7_75t_R)
                                         _18480_ (net)
                 24.90    0.02  985.65 v _34816_/A (INVx1_ASAP7_75t_R)
     1    1.72   16.58   13.42  999.07 ^ _34816_/Y (INVx1_ASAP7_75t_R)
                                         _18083_ (net)
                 16.58    0.03  999.10 ^ _35467_/CI (FAx1_ASAP7_75t_R)
     1    0.81   27.15   35.24 1034.34 v _35467_/SN (FAx1_ASAP7_75t_R)
                                         _18484_ (net)
                 27.15    0.02 1034.36 v _34856_/A (INVx1_ASAP7_75t_R)
     1    2.43   21.04   16.34 1050.70 ^ _34856_/Y (INVx1_ASAP7_75t_R)
                                         _18092_ (net)
                 21.04    0.11 1050.81 ^ _35468_/B (FAx1_ASAP7_75t_R)
     1    1.22   33.84   42.71 1093.52 v _35468_/SN (FAx1_ASAP7_75t_R)
                                         _18486_ (net)
                 33.84    0.05 1093.57 v _35578_/B (HAxp5_ASAP7_75t_R)
     4    3.75   77.05   70.11 1163.68 v _35578_/SN (HAxp5_ASAP7_75t_R)
                                         _00252_ (net)
                 77.05    0.07 1163.75 v _29453_/B (AO21x1_ASAP7_75t_R)
     1    0.69    8.50   25.77 1189.52 v _29453_/Y (AO21x1_ASAP7_75t_R)
                                         _09481_ (net)
                  8.50    0.01 1189.53 v _29454_/A2 (AO21x1_ASAP7_75t_R)
     2    1.16   10.30   15.79 1205.32 v _29454_/Y (AO21x1_ASAP7_75t_R)
                                         _09482_ (net)
                 10.30    0.01 1205.33 v _29488_/A2 (AO21x1_ASAP7_75t_R)
     1    0.70    8.10   14.92 1220.25 v _29488_/Y (AO21x1_ASAP7_75t_R)
                                         _09514_ (net)
                  8.10    0.01 1220.26 v _29489_/A2 (AO21x1_ASAP7_75t_R)
     2    1.24   10.66   15.91 1236.17 v _29489_/Y (AO21x1_ASAP7_75t_R)
                                         _09515_ (net)
                 10.66    0.03 1236.20 v _29532_/A2 (AO21x1_ASAP7_75t_R)
     1    0.57    7.62   14.62 1250.82 v _29532_/Y (AO21x1_ASAP7_75t_R)
                                         _09557_ (net)
                  7.62    0.01 1250.83 v _29536_/A2 (AO221x1_ASAP7_75t_R)
     2    2.48   18.01   27.25 1278.08 v _29536_/Y (AO221x1_ASAP7_75t_R)
                                         _09561_ (net)
                 18.01    0.08 1278.16 v _29607_/A1 (OA21x2_ASAP7_75t_R)
     4    4.08   15.12   23.91 1302.08 v _29607_/Y (OA21x2_ASAP7_75t_R)
                                         _09630_ (net)
                 15.13    0.23 1302.30 v _29608_/D (OR4x1_ASAP7_75t_R)
     1    0.62   12.32   31.89 1334.19 v _29608_/Y (OR4x1_ASAP7_75t_R)
                                         _09631_ (net)
                 12.32    0.00 1334.19 v _29613_/B (AND4x2_ASAP7_75t_R)
     2    5.00   18.61   21.62 1355.81 v _29613_/Y (AND4x2_ASAP7_75t_R)
                                         _09636_ (net)
                 19.36    2.03 1357.84 v _29616_/B (OR5x1_ASAP7_75t_R)
     1    1.10   15.37   38.12 1395.97 v _29616_/Y (OR5x1_ASAP7_75t_R)
                                         _09639_ (net)
                 15.37    0.01 1395.97 v _29617_/C (AOI211x1_ASAP7_75t_R)
     1    0.70   15.03   11.19 1407.16 ^ _29617_/Y (AOI211x1_ASAP7_75t_R)
                                         _09640_ (net)
                 15.03    0.01 1407.17 ^ _29620_/A2 (OA21x2_ASAP7_75t_R)
     1    2.28   11.26   19.43 1426.60 ^ _29620_/Y (OA21x2_ASAP7_75t_R)
                                         _09643_ (net)
                 11.26    0.04 1426.64 ^ _29624_/B (NOR2x2_ASAP7_75t_R)
     7   13.64   48.23   18.17 1444.81 v _29624_/Y (NOR2x2_ASAP7_75t_R)
                                         _09647_ (net)
                 61.17   12.96 1457.76 v _29625_/A (BUFx3_ASAP7_75t_R)
     5    4.35   12.56   28.10 1485.86 v _29625_/Y (BUFx3_ASAP7_75t_R)
                                         _09648_ (net)
                 12.56    0.02 1485.88 v _31713_/A1 (AO21x1_ASAP7_75t_R)
     1    0.81    7.58   16.75 1502.63 v _31713_/Y (AO21x1_ASAP7_75t_R)
                                         _03740_ (net)
                  7.58    0.03 1502.65 v gen_regfile_ff.register_file_i.rf_reg_q[895]$_DFFE_PN0P_/D (DFFASRHQNx1_ASAP7_75t_R)
                               1502.65   data arrival time

                  0.00 1260.00 1260.00   clock core_clock (rise edge)
                          0.00 1260.00   clock network delay (ideal)
                          0.00 1260.00   clock reconvergence pessimism
                               1260.00 ^ gen_regfile_ff.register_file_i.rf_reg_q[895]$_DFFE_PN0P_/CLK (DFFASRHQNx1_ASAP7_75t_R)
                         -5.55 1254.45   library setup time
                               1254.45   data required time
-----------------------------------------------------------------------------
                               1254.45   data required time
                               -1502.65   data arrival time
-----------------------------------------------------------------------------
                               -248.20   slack (VIOLATED)



==========================================================================
global place report_checks -unconstrained
--------------------------------------------------------------------------
Startpoint: rst_ni (input port clocked by core_clock)
Endpoint: cs_registers_i.u_depc_csr.rdata_q[31]$_DFFE_PN0P_
          (recovery check against rising-edge clock core_clock)
Path Group: asynchronous
Path Type: max

Fanout     Cap    Slew   Delay    Time   Description
-----------------------------------------------------------------------------
                  0.00    0.00    0.00   clock core_clock (rise edge)
                          0.00    0.00   clock network delay (ideal)
                        252.00  252.00 ^ input external delay
    47   69.10    0.00    0.00  252.00 ^ rst_ni (in)
                                         rst_ni (net)
                 82.80   26.12  278.12 ^ load_slew49/A (BUFx16f_ASAP7_75t_R)
    67   88.91   50.99   36.36  314.48 ^ load_slew49/Y (BUFx16f_ASAP7_75t_R)
                                         net71 (net)
                 52.05    4.14  318.62 ^ load_slew48/A (BUFx16f_ASAP7_75t_R)
    58   85.94   46.82   32.03  350.65 ^ load_slew48/Y (BUFx16f_ASAP7_75t_R)
                                         net70 (net)
                103.79   30.62  381.27 ^ load_slew38/A (BUFx24_ASAP7_75t_R)
    77  107.60   47.13   41.71  422.98 ^ load_slew38/Y (BUFx24_ASAP7_75t_R)
                                         net60 (net)
                133.47   40.27  463.26 ^ load_slew37/A (BUFx16f_ASAP7_75t_R)
    74  100.64   56.94   43.46  506.72 ^ load_slew37/Y (BUFx16f_ASAP7_75t_R)
                                         net59 (net)
                102.66   28.44  535.16 ^ load_slew34/A (BUFx24_ASAP7_75t_R)
    88  116.52   57.00   40.60  575.76 ^ load_slew34/Y (BUFx24_ASAP7_75t_R)
                                         net56 (net)
                 77.46   16.48  592.23 ^ load_slew33/A (BUFx16f_ASAP7_75t_R)
    64   81.40   47.45   41.56  633.80 ^ load_slew33/Y (BUFx16f_ASAP7_75t_R)
                                         net55 (net)
                 50.21    6.08  639.88 ^ cs_registers_i.u_depc_csr.rdata_q[31]$_DFFE_PN0P_/SETN (DFFASRHQNx1_ASAP7_75t_R)
                                639.88   data arrival time

                  0.00 1260.00 1260.00   clock core_clock (rise edge)
                          0.00 1260.00   clock network delay (ideal)
                          0.00 1260.00   clock reconvergence pessimism
                               1260.00 ^ cs_registers_i.u_depc_csr.rdata_q[31]$_DFFE_PN0P_/CLK (DFFASRHQNx1_ASAP7_75t_R)
                         -4.47 1255.53   library recovery time
                               1255.53   data required time
-----------------------------------------------------------------------------
                               1255.53   data required time
                               -639.88   data arrival time
-----------------------------------------------------------------------------
                                615.65   slack (MET)


Startpoint: core_clock_gate_i.en_latch$_DLATCH_N_
            (negative level-sensitive latch clocked by core_clock)
Endpoint: _35046_ (rising clock gating-check end-point clocked by core_clock)
Path Group: gated clock
Path Type: max

Fanout     Cap    Slew   Delay    Time   Description
-----------------------------------------------------------------------------
                  0.00  630.00  630.00   clock core_clock (fall edge)
                          0.00  630.00   clock network delay (ideal)
                  0.00    0.00  630.00 v core_clock_gate_i.en_latch$_DLATCH_N_/CLK (DLLx1_ASAP7_75t_R)
     1    0.57    7.56   27.18  657.18 v core_clock_gate_i.en_latch$_DLATCH_N_/Q (DLLx1_ASAP7_75t_R)
                                         core_clock_gate_i.en_latch (net)
                  7.56    0.00  657.18 v _35046_/B (AND2x2_ASAP7_75t_R)
                                657.18   data arrival time

                  0.00 1260.00 1260.00   clock core_clock (rise edge)
                          0.00 1260.00   clock network delay (ideal)
                          0.00 1260.00   clock reconvergence pessimism
                               1260.00 ^ _35046_/A (AND2x2_ASAP7_75t_R)
                          0.00 1260.00   clock gating setup time
                               1260.00   data required time
-----------------------------------------------------------------------------
                               1260.00   data required time
                               -657.18   data arrival time
-----------------------------------------------------------------------------
                                602.82   slack (MET)


Startpoint: if_stage_i.instr_rdata_alu_id_o[20]$_DFFE_PN_
            (rising edge-triggered flip-flop clocked by core_clock)
Endpoint: gen_regfile_ff.register_file_i.rf_reg_q[895]$_DFFE_PN0P_
          (rising edge-triggered flip-flop clocked by core_clock)
Path Group: core_clock
Path Type: max

Fanout     Cap    Slew   Delay    Time   Description
-----------------------------------------------------------------------------
                  0.00    0.00    0.00   clock core_clock (rise edge)
                          0.00    0.00   clock network delay (ideal)
                  0.00    0.00    0.00 ^ if_stage_i.instr_rdata_alu_id_o[20]$_DFFE_PN_/CLK (DFFHQNx2_ASAP7_75t_R)
     6    6.08   29.96   49.37   49.37 v if_stage_i.instr_rdata_alu_id_o[20]$_DFFE_PN_/QN (DFFHQNx2_ASAP7_75t_R)
                                         _00368_ (net)
                 30.00    0.64   50.01 v _19205_/A (BUFx3_ASAP7_75t_R)
     5    5.76   13.54   23.57   73.58 v _19205_/Y (BUFx3_ASAP7_75t_R)
                                         _13476_ (net)
                 13.55    0.10   73.68 v _19206_/A (BUFx6f_ASAP7_75t_R)
    10   11.38   14.35   17.87   91.54 v _19206_/Y (BUFx6f_ASAP7_75t_R)
                                         _13477_ (net)
                 14.93    1.56   93.10 v _19207_/A (BUFx6f_ASAP7_75t_R)
    10   12.79   15.47   19.12  112.23 v _19207_/Y (BUFx6f_ASAP7_75t_R)
                                         _13478_ (net)
                 16.27    1.89  114.12 v _19208_/A (BUFx16f_ASAP7_75t_R)
    19   29.49   18.07   20.50  134.61 v _19208_/Y (BUFx16f_ASAP7_75t_R)
                                         _13479_ (net)
                 29.82    7.82  142.44 v _21730_/A (BUFx4f_ASAP7_75t_R)
    10    9.05   17.44   22.67  165.11 v _21730_/Y (BUFx4f_ASAP7_75t_R)
                                         _15918_ (net)
                 20.94    4.04  169.15 v _22124_/C (OA211x2_ASAP7_75t_R)
     1    0.70    9.25   30.77  199.93 v _22124_/Y (OA211x2_ASAP7_75t_R)
                                         _16299_ (net)
                  9.25    0.01  199.94 v _22125_/C (OR3x1_ASAP7_75t_R)
     1    2.49   20.08   30.33  230.27 v _22125_/Y (OR3x1_ASAP7_75t_R)
                                         _16300_ (net)
                 20.13    0.56  230.83 v _22126_/B (OA211x2_ASAP7_75t_R)
     1    0.69    9.23   28.83  259.66 v _22126_/Y (OA211x2_ASAP7_75t_R)
                                         _16301_ (net)
                  9.23    0.01  259.67 v _22145_/C (OR3x4_ASAP7_75t_R)
     2    3.89   18.51   42.88  302.55 v _22145_/Y (OR3x4_ASAP7_75t_R)
                                         _16320_ (net)
                 18.76    1.14  303.69 v _22179_/B (AND2x6_ASAP7_75t_R)
     6    8.41   15.35   24.63  328.32 v _22179_/Y (AND2x6_ASAP7_75t_R)
                                         _16354_ (net)
                 18.67    3.68  331.99 v _24175_/A2 (AO21x2_ASAP7_75t_R)
     8    7.98   26.03   29.01  361.01 v _24175_/Y (AO21x2_ASAP7_75t_R)
                                         _05187_ (net)
                 26.61    2.14  363.14 v _24418_/B (NAND2x2_ASAP7_75t_R)
     2    3.05   18.16   16.65  379.79 ^ _24418_/Y (NAND2x2_ASAP7_75t_R)
                                         _17865_ (net)
                 18.16    0.04  379.84 ^ _24419_/A (INVx2_ASAP7_75t_R)
     2    3.66   13.46   10.57  390.41 v _24419_/Y (INVx2_ASAP7_75t_R)
                                         _17820_ (net)
                 13.46    0.02  390.42 v _35401_/A (FAx1_ASAP7_75t_R)
     8   17.43  261.94  120.41  510.84 ^ _35401_/CON (FAx1_ASAP7_75t_R)
                                         _17962_ (net)
     4    7.80  181.55   92.58  603.41 v _35401_/SN (FAx1_ASAP7_75t_R)
                                         _17914_ (net)
                181.56    0.69  604.10 v _35040_/A (INVx2_ASAP7_75t_R)
     2    3.75   41.64   32.34  636.44 ^ _35040_/Y (INVx2_ASAP7_75t_R)
                                         _17913_ (net)
                 41.64    0.04  636.48 ^ _35461_/CI (FAx1_ASAP7_75t_R)
     7   12.13  192.55  207.70  844.19 v _35461_/SN (FAx1_ASAP7_75t_R)
                                         _18080_ (net)
                192.55    0.13  844.32 v _35462_/A (FAx1_ASAP7_75t_R)
     1    2.30   75.97   60.62  904.94 ^ _35462_/CON (FAx1_ASAP7_75t_R)
                                         _18122_ (net)
     1    0.79   57.26   20.76  925.70 v _35462_/SN (FAx1_ASAP7_75t_R)
                                         _18479_ (net)
                 57.26    0.02  925.72 v _34879_/A (INVx1_ASAP7_75t_R)
     1    2.19   26.53   21.27  946.99 ^ _34879_/Y (INVx1_ASAP7_75t_R)
                                         _18081_ (net)
                 26.53    0.07  947.06 ^ _35463_/A (FAx1_ASAP7_75t_R)
     1    0.82   24.90   38.57  985.63 v _35463_/SN (FAx1_ASAP7_75t_R)
                                         _18480_ (net)
                 24.90    0.02  985.65 v _34816_/A (INVx1_ASAP7_75t_R)
     1    1.72   16.58   13.42  999.07 ^ _34816_/Y (INVx1_ASAP7_75t_R)
                                         _18083_ (net)
                 16.58    0.03  999.10 ^ _35467_/CI (FAx1_ASAP7_75t_R)
     1    0.81   27.15   35.24 1034.34 v _35467_/SN (FAx1_ASAP7_75t_R)
                                         _18484_ (net)
                 27.15    0.02 1034.36 v _34856_/A (INVx1_ASAP7_75t_R)
     1    2.43   21.04   16.34 1050.70 ^ _34856_/Y (INVx1_ASAP7_75t_R)
                                         _18092_ (net)
                 21.04    0.11 1050.81 ^ _35468_/B (FAx1_ASAP7_75t_R)
     1    1.22   33.84   42.71 1093.52 v _35468_/SN (FAx1_ASAP7_75t_R)
                                         _18486_ (net)
                 33.84    0.05 1093.57 v _35578_/B (HAxp5_ASAP7_75t_R)
     4    3.75   77.05   70.11 1163.68 v _35578_/SN (HAxp5_ASAP7_75t_R)
                                         _00252_ (net)
                 77.05    0.07 1163.75 v _29453_/B (AO21x1_ASAP7_75t_R)
     1    0.69    8.50   25.77 1189.52 v _29453_/Y (AO21x1_ASAP7_75t_R)
                                         _09481_ (net)
                  8.50    0.01 1189.53 v _29454_/A2 (AO21x1_ASAP7_75t_R)
     2    1.16   10.30   15.79 1205.32 v _29454_/Y (AO21x1_ASAP7_75t_R)
                                         _09482_ (net)
                 10.30    0.01 1205.33 v _29488_/A2 (AO21x1_ASAP7_75t_R)
     1    0.70    8.10   14.92 1220.25 v _29488_/Y (AO21x1_ASAP7_75t_R)
                                         _09514_ (net)
                  8.10    0.01 1220.26 v _29489_/A2 (AO21x1_ASAP7_75t_R)
     2    1.24   10.66   15.91 1236.17 v _29489_/Y (AO21x1_ASAP7_75t_R)
                                         _09515_ (net)
                 10.66    0.03 1236.20 v _29532_/A2 (AO21x1_ASAP7_75t_R)
     1    0.57    7.62   14.62 1250.82 v _29532_/Y (AO21x1_ASAP7_75t_R)
                                         _09557_ (net)
                  7.62    0.01 1250.83 v _29536_/A2 (AO221x1_ASAP7_75t_R)
     2    2.48   18.01   27.25 1278.08 v _29536_/Y (AO221x1_ASAP7_75t_R)
                                         _09561_ (net)
                 18.01    0.08 1278.16 v _29607_/A1 (OA21x2_ASAP7_75t_R)
     4    4.08   15.12   23.91 1302.08 v _29607_/Y (OA21x2_ASAP7_75t_R)
                                         _09630_ (net)
                 15.13    0.23 1302.30 v _29608_/D (OR4x1_ASAP7_75t_R)
     1    0.62   12.32   31.89 1334.19 v _29608_/Y (OR4x1_ASAP7_75t_R)
                                         _09631_ (net)
                 12.32    0.00 1334.19 v _29613_/B (AND4x2_ASAP7_75t_R)
     2    5.00   18.61   21.62 1355.81 v _29613_/Y (AND4x2_ASAP7_75t_R)
                                         _09636_ (net)
                 19.36    2.03 1357.84 v _29616_/B (OR5x1_ASAP7_75t_R)
     1    1.10   15.37   38.12 1395.97 v _29616_/Y (OR5x1_ASAP7_75t_R)
                                         _09639_ (net)
                 15.37    0.01 1395.97 v _29617_/C (AOI211x1_ASAP7_75t_R)
     1    0.70   15.03   11.19 1407.16 ^ _29617_/Y (AOI211x1_ASAP7_75t_R)
                                         _09640_ (net)
                 15.03    0.01 1407.17 ^ _29620_/A2 (OA21x2_ASAP7_75t_R)
     1    2.28   11.26   19.43 1426.60 ^ _29620_/Y (OA21x2_ASAP7_75t_R)
                                         _09643_ (net)
                 11.26    0.04 1426.64 ^ _29624_/B (NOR2x2_ASAP7_75t_R)
     7   13.64   48.23   18.17 1444.81 v _29624_/Y (NOR2x2_ASAP7_75t_R)
                                         _09647_ (net)
                 61.17   12.96 1457.76 v _29625_/A (BUFx3_ASAP7_75t_R)
     5    4.35   12.56   28.10 1485.86 v _29625_/Y (BUFx3_ASAP7_75t_R)
                                         _09648_ (net)
                 12.56    0.02 1485.88 v _31713_/A1 (AO21x1_ASAP7_75t_R)
     1    0.81    7.58   16.75 1502.63 v _31713_/Y (AO21x1_ASAP7_75t_R)
                                         _03740_ (net)
                  7.58    0.03 1502.65 v gen_regfile_ff.register_file_i.rf_reg_q[895]$_DFFE_PN0P_/D (DFFASRHQNx1_ASAP7_75t_R)
                               1502.65   data arrival time

                  0.00 1260.00 1260.00   clock core_clock (rise edge)
                          0.00 1260.00   clock network delay (ideal)
                          0.00 1260.00   clock reconvergence pessimism
                               1260.00 ^ gen_regfile_ff.register_file_i.rf_reg_q[895]$_DFFE_PN0P_/CLK (DFFASRHQNx1_ASAP7_75t_R)
                         -5.55 1254.45   library setup time
                               1254.45   data required time
-----------------------------------------------------------------------------
                               1254.45   data required time
                               -1502.65   data arrival time
-----------------------------------------------------------------------------
                               -248.20   slack (VIOLATED)



==========================================================================
global place report_power
--------------------------------------------------------------------------
Group                  Internal  Switching    Leakage      Total
                          Power      Power      Power      Power (Watts)
----------------------------------------------------------------
Sequential             3.13e-03   9.98e-04   2.10e-07   4.13e-03   9.9%
Combinational          1.66e-02   2.09e-02   1.80e-06   3.75e-02  89.9%
Clock                  5.95e-07   1.04e-04   1.16e-10   1.04e-04   0.2%
Macro                  0.00e+00   0.00e+00   0.00e+00   0.00e+00   0.0%
Pad                    0.00e+00   0.00e+00   0.00e+00   0.00e+00   0.0%
----------------------------------------------------------------
Total                  1.97e-02   2.20e-02   2.01e-06   4.17e-02 100.0%
                          47.2%      52.8%       0.0%
