OpenROAD v2.0-19576-gec1bf1a13 
Features included (+) or not (-): +GPU +GUI +Python : None
This program is licensed under the BSD-3 license. See the LICENSE file for details.
Components of this program may be licensed under more restrictive licenses which must be honored.
[INFO ORD-0030] Using 16 thread(s).
[INFO GPL-0002] DBU: 1000
[INFO GPL-0003] SiteSize: (  0.054  0.270 ) um
[INFO GPL-0004] CoreBBox: (  1.026  1.080 ) ( 14.688  7.830 ) um
[WARNING GPL-0001] clk toplevel port is not placed!
       Replace will regard clk is placed in (0, 0)
[WARNING GPL-0001] req_msg[0] toplevel port is not placed!
       Replace will regard req_msg[0] is placed in (0, 0)
[WARNING GPL-0001] req_msg[10] toplevel port is not placed!
       Replace will regard req_msg[10] is placed in (0, 0)
[WARNING GPL-0001] req_msg[11] toplevel port is not placed!
       Replace will regard req_msg[11] is placed in (0, 0)
[WARNING GPL-0001] req_msg[12] toplevel port is not placed!
       Replace will regard req_msg[12] is placed in (0, 0)
[WARNING GPL-0001] req_msg[13] toplevel port is not placed!
       Replace will regard req_msg[13] is placed in (0, 0)
[WARNING GPL-0001] req_msg[14] toplevel port is not placed!
       Replace will regard req_msg[14] is placed in (0, 0)
[WARNING GPL-0001] req_msg[15] toplevel port is not placed!
       Replace will regard req_msg[15] is placed in (0, 0)
[WARNING GPL-0001] req_msg[16] toplevel port is not placed!
       Replace will regard req_msg[16] is placed in (0, 0)
[WARNING GPL-0001] req_msg[17] toplevel port is not placed!
       Replace will regard req_msg[17] is placed in (0, 0)
[WARNING GPL-0001] req_msg[18] toplevel port is not placed!
       Replace will regard req_msg[18] is placed in (0, 0)
[WARNING GPL-0001] req_msg[19] toplevel port is not placed!
       Replace will regard req_msg[19] is placed in (0, 0)
[WARNING GPL-0001] req_msg[1] toplevel port is not placed!
       Replace will regard req_msg[1] is placed in (0, 0)
[WARNING GPL-0001] req_msg[20] toplevel port is not placed!
       Replace will regard req_msg[20] is placed in (0, 0)
[WARNING GPL-0001] req_msg[21] toplevel port is not placed!
       Replace will regard req_msg[21] is placed in (0, 0)
[WARNING GPL-0001] req_msg[22] toplevel port is not placed!
       Replace will regard req_msg[22] is placed in (0, 0)
[WARNING GPL-0001] req_msg[23] toplevel port is not placed!
       Replace will regard req_msg[23] is placed in (0, 0)
[WARNING GPL-0001] req_msg[24] toplevel port is not placed!
       Replace will regard req_msg[24] is placed in (0, 0)
[WARNING GPL-0001] req_msg[25] toplevel port is not placed!
       Replace will regard req_msg[25] is placed in (0, 0)
[WARNING GPL-0001] req_msg[26] toplevel port is not placed!
       Replace will regard req_msg[26] is placed in (0, 0)
[WARNING GPL-0001] req_msg[27] toplevel port is not placed!
       Replace will regard req_msg[27] is placed in (0, 0)
[WARNING GPL-0001] req_msg[28] toplevel port is not placed!
       Replace will regard req_msg[28] is placed in (0, 0)
[WARNING GPL-0001] req_msg[29] toplevel port is not placed!
       Replace will regard req_msg[29] is placed in (0, 0)
[WARNING GPL-0001] req_msg[2] toplevel port is not placed!
       Replace will regard req_msg[2] is placed in (0, 0)
[WARNING GPL-0001] req_msg[30] toplevel port is not placed!
       Replace will regard req_msg[30] is placed in (0, 0)
[WARNING GPL-0001] req_msg[31] toplevel port is not placed!
       Replace will regard req_msg[31] is placed in (0, 0)
[WARNING GPL-0001] req_msg[3] toplevel port is not placed!
       Replace will regard req_msg[3] is placed in (0, 0)
[WARNING GPL-0001] req_msg[4] toplevel port is not placed!
       Replace will regard req_msg[4] is placed in (0, 0)
[WARNING GPL-0001] req_msg[5] toplevel port is not placed!
       Replace will regard req_msg[5] is placed in (0, 0)
[WARNING GPL-0001] req_msg[6] toplevel port is not placed!
       Replace will regard req_msg[6] is placed in (0, 0)
[WARNING GPL-0001] req_msg[7] toplevel port is not placed!
       Replace will regard req_msg[7] is placed in (0, 0)
[WARNING GPL-0001] req_msg[8] toplevel port is not placed!
       Replace will regard req_msg[8] is placed in (0, 0)
[WARNING GPL-0001] req_msg[9] toplevel port is not placed!
       Replace will regard req_msg[9] is placed in (0, 0)
[WARNING GPL-0001] req_rdy toplevel port is not placed!
       Replace will regard req_rdy is placed in (0, 0)
[WARNING GPL-0001] req_val toplevel port is not placed!
       Replace will regard req_val is placed in (0, 0)
[WARNING GPL-0001] reset toplevel port is not placed!
       Replace will regard reset is placed in (0, 0)
[WARNING GPL-0001] resp_msg[0] toplevel port is not placed!
       Replace will regard resp_msg[0] is placed in (0, 0)
[WARNING GPL-0001] resp_msg[10] toplevel port is not placed!
       Replace will regard resp_msg[10] is placed in (0, 0)
[WARNING GPL-0001] resp_msg[11] toplevel port is not placed!
       Replace will regard resp_msg[11] is placed in (0, 0)
[WARNING GPL-0001] resp_msg[12] toplevel port is not placed!
       Replace will regard resp_msg[12] is placed in (0, 0)
[WARNING GPL-0001] resp_msg[13] toplevel port is not placed!
       Replace will regard resp_msg[13] is placed in (0, 0)
[WARNING GPL-0001] resp_msg[14] toplevel port is not placed!
       Replace will regard resp_msg[14] is placed in (0, 0)
[WARNING GPL-0001] resp_msg[15] toplevel port is not placed!
       Replace will regard resp_msg[15] is placed in (0, 0)
[WARNING GPL-0001] resp_msg[1] toplevel port is not placed!
       Replace will regard resp_msg[1] is placed in (0, 0)
[WARNING GPL-0001] resp_msg[2] toplevel port is not placed!
       Replace will regard resp_msg[2] is placed in (0, 0)
[WARNING GPL-0001] resp_msg[3] toplevel port is not placed!
       Replace will regard resp_msg[3] is placed in (0, 0)
[WARNING GPL-0001] resp_msg[4] toplevel port is not placed!
       Replace will regard resp_msg[4] is placed in (0, 0)
[WARNING GPL-0001] resp_msg[5] toplevel port is not placed!
       Replace will regard resp_msg[5] is placed in (0, 0)
[WARNING GPL-0001] resp_msg[6] toplevel port is not placed!
       Replace will regard resp_msg[6] is placed in (0, 0)
[WARNING GPL-0001] resp_msg[7] toplevel port is not placed!
       Replace will regard resp_msg[7] is placed in (0, 0)
[WARNING GPL-0001] resp_msg[8] toplevel port is not placed!
       Replace will regard resp_msg[8] is placed in (0, 0)
[WARNING GPL-0001] resp_msg[9] toplevel port is not placed!
       Replace will regard resp_msg[9] is placed in (0, 0)
[WARNING GPL-0001] resp_rdy toplevel port is not placed!
       Replace will regard resp_rdy is placed in (0, 0)
[WARNING GPL-0001] resp_val toplevel port is not placed!
       Replace will regard resp_val is placed in (0, 0)
[INFO GPL-0006] NumInstances:               365
[INFO GPL-0007] NumPlaceInstances:          315
[INFO GPL-0008] NumFixedInstances:           50
[INFO GPL-0009] NumDummyInstances:            0
[INFO GPL-0010] NumNets:                    368
[INFO GPL-0011] NumPins:                   1171
[INFO GPL-0012] DieBBox:  (  0.000  0.000 ) ( 15.732  8.866 ) um
[INFO GPL-0013] CoreBBox: (  1.026  1.080 ) ( 14.688  7.830 ) um
[INFO GPL-0016] CoreArea:                92.219 um^2
[INFO GPL-0017] NonPlaceInstsArea:        1.458 um^2
[INFO GPL-0018] PlaceInstsArea:          37.718 um^2
[INFO GPL-0019] Util:                    41.558 %
[INFO GPL-0020] StdInstsArea:            37.718 um^2
[INFO GPL-0021] MacroInstsArea:           0.000 um^2
[INFO GPL-0031] FillerInit:NumGCells:       780
[INFO GPL-0032] FillerInit:NumGNets:        368
[INFO GPL-0033] FillerInit:NumGPins:       1171
[INFO GPL-0023] TargetDensity:            1.000
[INFO GPL-0024] AvrgPlaceInstArea:        0.120 um^2
[INFO GPL-0025] IdealBinArea:             0.120 um^2
[INFO GPL-0026] IdealBinCnt:                770
[INFO GPL-0027] TotalBinArea:            92.219 um^2
[INFO GPL-0028] BinCnt:        32     16
[INFO GPL-0029] BinSize: (  0.427  0.422 )
[INFO GPL-0030] NumBins: 512
Placement density is 0.6593494153022766, computed from PLACE_DENSITY_LB_ADDON 0.40 and lower bound 0.4155823588371277
global_placement -skip_io -density 0.6593494153022766 -pad_left 0 -pad_right 0
[INFO GPL-0002] DBU: 1000
[INFO GPL-0003] SiteSize: (  0.054  0.270 ) um
[INFO GPL-0004] CoreBBox: (  1.026  1.080 ) ( 14.688  7.830 ) um
[INFO GPL-0006] NumInstances:               365
[INFO GPL-0007] NumPlaceInstances:          315
[INFO GPL-0008] NumFixedInstances:           50
[INFO GPL-0009] NumDummyInstances:            0
[INFO GPL-0010] NumNets:                    368
[INFO GPL-0011] NumPins:                   1117
[INFO GPL-0012] DieBBox:  (  0.000  0.000 ) ( 15.732  8.866 ) um
[INFO GPL-0013] CoreBBox: (  1.026  1.080 ) ( 14.688  7.830 ) um
[INFO GPL-0016] CoreArea:                92.219 um^2
[INFO GPL-0017] NonPlaceInstsArea:        1.458 um^2
[INFO GPL-0018] PlaceInstsArea:          37.718 um^2
[INFO GPL-0019] Util:                    41.558 %
[INFO GPL-0020] StdInstsArea:            37.718 um^2
[INFO GPL-0021] MacroInstsArea:           0.000 um^2
[INFO GPL-0031] FillerInit:NumGCells:       509
[INFO GPL-0032] FillerInit:NumGNets:        368
[INFO GPL-0033] FillerInit:NumGPins:       1117
[INFO GPL-0023] TargetDensity:            0.659
[INFO GPL-0024] AvrgPlaceInstArea:        0.120 um^2
[INFO GPL-0025] IdealBinArea:             0.182 um^2
[INFO GPL-0026] IdealBinCnt:                507
[INFO GPL-0027] TotalBinArea:            92.219 um^2
[INFO GPL-0028] BinCnt:        16      8
[INFO GPL-0029] BinSize: (  0.854  0.844 )
[INFO GPL-0030] NumBins: 128
[NesterovSolve] Iter:    1 overflow: 0.860 HPWL: 234897
[NesterovSolve] Iter:   10 overflow: 0.946 HPWL: 68186
[NesterovSolve] Iter:   20 overflow: 0.946 HPWL: 65835
[NesterovSolve] Iter:   30 overflow: 0.946 HPWL: 65701
[NesterovSolve] Iter:   40 overflow: 0.946 HPWL: 66062
[NesterovSolve] Iter:   50 overflow: 0.946 HPWL: 66602
[NesterovSolve] Iter:   60 overflow: 0.946 HPWL: 67326
[NesterovSolve] Iter:   70 overflow: 0.946 HPWL: 68275
[NesterovSolve] Iter:   80 overflow: 0.946 HPWL: 69410
[NesterovSolve] Iter:   90 overflow: 0.946 HPWL: 70538
[NesterovSolve] Iter:  100 overflow: 0.945 HPWL: 70974
[NesterovSolve] Iter:  110 overflow: 0.942 HPWL: 70641
[NesterovSolve] Iter:  120 overflow: 0.919 HPWL: 75950
[NesterovSolve] Iter:  130 overflow: 0.896 HPWL: 100433
[NesterovSolve] Iter:  140 overflow: 0.866 HPWL: 127004
[NesterovSolve] Iter:  150 overflow: 0.829 HPWL: 145991
[NesterovSolve] Iter:  160 overflow: 0.754 HPWL: 198115
[NesterovSolve] Iter:  170 overflow: 0.709 HPWL: 233733
[NesterovSolve] Iter:  180 overflow: 0.673 HPWL: 257322
[NesterovSolve] Iter:  190 overflow: 0.629 HPWL: 286460
[NesterovSolve] Iter:  200 overflow: 0.576 HPWL: 309081
[NesterovSolve] Iter:  210 overflow: 0.522 HPWL: 331750
[NesterovSolve] Iter:  220 overflow: 0.468 HPWL: 354217
[NesterovSolve] Iter:  230 overflow: 0.416 HPWL: 375978
[NesterovSolve] Iter:  240 overflow: 0.366 HPWL: 397973
[NesterovSolve] Iter:  250 overflow: 0.317 HPWL: 411720
[NesterovSolve] Iter:  260 overflow: 0.277 HPWL: 424235
[NesterovSolve] Iter:  270 overflow: 0.239 HPWL: 435084
[NesterovSolve] Iter:  280 overflow: 0.198 HPWL: 442209
[NesterovSolve] Iter:  290 overflow: 0.158 HPWL: 446786
[NesterovSolve] Iter:  300 overflow: 0.124 HPWL: 452474
[NesterovSolve] Iter:  310 overflow: 0.100 HPWL: 458259
[NesterovSolve] Finished with Overflow: 0.097167
Elapsed time: 0:04.86[h:]min:sec. CPU time: user 52.63 sys 0.31 (1087%). Peak memory: 211320KB.
