OpenROAD v2.0-19576-gec1bf1a13 
Features included (+) or not (-): +GPU +GUI +Python : None
This program is licensed under the BSD-3 license. See the LICENSE file for details.
Components of this program may be licensed under more restrictive licenses which must be honored.
[INFO ORD-0030] Using 16 thread(s).
[INFO GPL-0002] DBU: 2000
[INFO GPL-0003] SiteSize: (  0.190  1.400 ) um
[INFO GPL-0004] CoreBBox: (  1.140  1.400 ) ( 37.430 33.600 ) um
[INFO GPL-0006] NumInstances:               549
[INFO GPL-0007] NumPlaceInstances:          503
[INFO GPL-0008] NumFixedInstances:           46
[INFO GPL-0009] NumDummyInstances:            0
[INFO GPL-0010] NumNets:                    574
[INFO GPL-0011] NumPins:                   1626
[INFO GPL-0012] DieBBox:  (  0.000  0.000 ) ( 38.575 34.915 ) um
[INFO GPL-0013] CoreBBox: (  1.140  1.400 ) ( 37.430 33.600 ) um
[INFO GPL-0016] CoreArea:              1168.538 um^2
[INFO GPL-0017] NonPlaceInstsArea:       12.236 um^2
[INFO GPL-0018] PlaceInstsArea:         650.104 um^2
[INFO GPL-0019] Util:                    56.223 %
[INFO GPL-0020] StdInstsArea:           650.104 um^2
[INFO GPL-0021] MacroInstsArea:           0.000 um^2
[INFO GPL-0031] FillerInit:NumGCells:       943
[INFO GPL-0032] FillerInit:NumGNets:        574
[INFO GPL-0033] FillerInit:NumGPins:       1626
[INFO GPL-0023] TargetDensity:            1.000
[INFO GPL-0024] AvrgPlaceInstArea:        1.292 um^2
[INFO GPL-0025] IdealBinArea:             1.292 um^2
[INFO GPL-0026] IdealBinCnt:                904
[INFO GPL-0027] TotalBinArea:          1168.538 um^2
[INFO GPL-0028] BinCnt:        16     16
[INFO GPL-0029] BinSize: (  2.268  2.013 )
[INFO GPL-0030] NumBins: 256
Placement density is 0.7473360991477966, computed from PLACE_DENSITY_LB_ADDON 0.40 and lower bound 0.5622268319129944
global_placement -density 0.7473360991477966 -pad_left 0 -pad_right 0
[INFO GPL-0002] DBU: 2000
[INFO GPL-0003] SiteSize: (  0.190  1.400 ) um
[INFO GPL-0004] CoreBBox: (  1.140  1.400 ) ( 37.430 33.600 ) um
[INFO GPL-0006] NumInstances:               549
[INFO GPL-0007] NumPlaceInstances:          503
[INFO GPL-0008] NumFixedInstances:           46
[INFO GPL-0009] NumDummyInstances:            0
[INFO GPL-0010] NumNets:                    574
[INFO GPL-0011] NumPins:                   1626
[INFO GPL-0012] DieBBox:  (  0.000  0.000 ) ( 38.575 34.915 ) um
[INFO GPL-0013] CoreBBox: (  1.140  1.400 ) ( 37.430 33.600 ) um
[INFO GPL-0016] CoreArea:              1168.538 um^2
[INFO GPL-0017] NonPlaceInstsArea:       12.236 um^2
[INFO GPL-0018] PlaceInstsArea:         650.104 um^2
[INFO GPL-0019] Util:                    56.223 %
[INFO GPL-0020] StdInstsArea:           650.104 um^2
[INFO GPL-0021] MacroInstsArea:           0.000 um^2
[InitialPlace]  Iter: 1 CG residual: 0.00000004 HPWL: 8004178
[InitialPlace]  Iter: 2 CG residual: 0.00000010 HPWL: 5709409
[InitialPlace]  Iter: 3 CG residual: 0.00000008 HPWL: 5713480
[InitialPlace]  Iter: 4 CG residual: 0.00000009 HPWL: 5722873
[InitialPlace]  Iter: 5 CG residual: 0.00000005 HPWL: 5726182
[INFO GPL-0031] FillerInit:NumGCells:       689
[INFO GPL-0032] FillerInit:NumGNets:        574
[INFO GPL-0033] FillerInit:NumGPins:       1626
[INFO GPL-0023] TargetDensity:            0.747
[INFO GPL-0024] AvrgPlaceInstArea:        1.292 um^2
[INFO GPL-0025] IdealBinArea:             1.729 um^2
[INFO GPL-0026] IdealBinCnt:                675
[INFO GPL-0027] TotalBinArea:          1168.538 um^2
[INFO GPL-0028] BinCnt:        16     16
[INFO GPL-0029] BinSize: (  2.268  2.013 )
[INFO GPL-0030] NumBins: 256
[NesterovSolve] Iter:    1 overflow: 0.866 HPWL: 3652328
[NesterovSolve] Iter:   10 overflow: 0.687 HPWL: 4299964
[NesterovSolve] Iter:   20 overflow: 0.655 HPWL: 4342553
[NesterovSolve] Iter:   30 overflow: 0.658 HPWL: 4323165
[NesterovSolve] Iter:   40 overflow: 0.657 HPWL: 4323414
[NesterovSolve] Iter:   50 overflow: 0.655 HPWL: 4327947
[NesterovSolve] Iter:   60 overflow: 0.658 HPWL: 4320694
[NesterovSolve] Iter:   70 overflow: 0.659 HPWL: 4319209
[NesterovSolve] Iter:   80 overflow: 0.658 HPWL: 4321975
[NesterovSolve] Iter:   90 overflow: 0.657 HPWL: 4323750
[NesterovSolve] Iter:  100 overflow: 0.657 HPWL: 4324771
[NesterovSolve] Iter:  110 overflow: 0.656 HPWL: 4325395
[NesterovSolve] Iter:  120 overflow: 0.656 HPWL: 4326960
[NesterovSolve] Iter:  130 overflow: 0.654 HPWL: 4333299
[NesterovSolve] Iter:  140 overflow: 0.651 HPWL: 4343797
[NesterovSolve] Iter:  150 overflow: 0.647 HPWL: 4357802
[NesterovSolve] Iter:  160 overflow: 0.641 HPWL: 4372960
[NesterovSolve] Iter:  170 overflow: 0.632 HPWL: 4387370
[NesterovSolve] Iter:  180 overflow: 0.620 HPWL: 4407839
[NesterovSolve] Iter:  190 overflow: 0.604 HPWL: 4445157
[NesterovSolve] Iter:  200 overflow: 0.586 HPWL: 4493043
[NesterovSolve] Iter:  210 overflow: 0.564 HPWL: 4550305
[NesterovSolve] Iter:  220 overflow: 0.536 HPWL: 4616403
[NesterovSolve] Iter:  230 overflow: 0.500 HPWL: 4675066
[NesterovSolve] Iter:  240 overflow: 0.458 HPWL: 4725176
[NesterovSolve] Iter:  250 overflow: 0.412 HPWL: 4772660
[NesterovSolve] Iter:  260 overflow: 0.358 HPWL: 4817901
[NesterovSolve] Iter:  270 overflow: 0.320 HPWL: 4864291
[NesterovSolve] Iter:  280 overflow: 0.283 HPWL: 4879098
[NesterovSolve] Iter:  290 overflow: 0.252 HPWL: 4894866
[NesterovSolve] Iter:  300 overflow: 0.222 HPWL: 4922889
[NesterovSolve] Iter:  310 overflow: 0.192 HPWL: 4956681
[NesterovSolve] Iter:  320 overflow: 0.165 HPWL: 4978436
[NesterovSolve] Iter:  330 overflow: 0.138 HPWL: 4998390
[NesterovSolve] Iter:  340 overflow: 0.123 HPWL: 5014101
[NesterovSolve] Iter:  350 overflow: 0.105 HPWL: 5026554
[NesterovSolve] Finished with Overflow: 0.099508
Report metrics stage 3, global place...

==========================================================================
global place report_design_area
--------------------------------------------------------------------------
Design area 650 u^2 56% utilization.
Elapsed time: 0:00.54[h:]min:sec. CPU time: user 3.68 sys 0.01 (675%). Peak memory: 122504KB.
