OpenROAD v2.0-19576-gec1bf1a13 
Features included (+) or not (-): +GPU +GUI +Python : None
This program is licensed under the BSD-3 license. See the LICENSE file for details.
Components of this program may be licensed under more restrictive licenses which must be honored.
[INFO ORD-0030] Using 16 thread(s).
[INFO GPL-0002] DBU: 2000
[INFO GPL-0003] SiteSize: (  0.190  1.400 ) um
[INFO GPL-0004] CoreBBox: (  1.140  1.400 ) ( 57.950 29.400 ) um
[WARNING GPL-0001] clk toplevel port is not placed!
       Replace will regard clk is placed in (0, 0)
[WARNING GPL-0001] req_msg[0] toplevel port is not placed!
       Replace will regard req_msg[0] is placed in (0, 0)
[WARNING GPL-0001] req_msg[10] toplevel port is not placed!
       Replace will regard req_msg[10] is placed in (0, 0)
[WARNING GPL-0001] req_msg[11] toplevel port is not placed!
       Replace will regard req_msg[11] is placed in (0, 0)
[WARNING GPL-0001] req_msg[12] toplevel port is not placed!
       Replace will regard req_msg[12] is placed in (0, 0)
[WARNING GPL-0001] req_msg[13] toplevel port is not placed!
       Replace will regard req_msg[13] is placed in (0, 0)
[WARNING GPL-0001] req_msg[14] toplevel port is not placed!
       Replace will regard req_msg[14] is placed in (0, 0)
[WARNING GPL-0001] req_msg[15] toplevel port is not placed!
       Replace will regard req_msg[15] is placed in (0, 0)
[WARNING GPL-0001] req_msg[16] toplevel port is not placed!
       Replace will regard req_msg[16] is placed in (0, 0)
[WARNING GPL-0001] req_msg[17] toplevel port is not placed!
       Replace will regard req_msg[17] is placed in (0, 0)
[WARNING GPL-0001] req_msg[18] toplevel port is not placed!
       Replace will regard req_msg[18] is placed in (0, 0)
[WARNING GPL-0001] req_msg[19] toplevel port is not placed!
       Replace will regard req_msg[19] is placed in (0, 0)
[WARNING GPL-0001] req_msg[1] toplevel port is not placed!
       Replace will regard req_msg[1] is placed in (0, 0)
[WARNING GPL-0001] req_msg[20] toplevel port is not placed!
       Replace will regard req_msg[20] is placed in (0, 0)
[WARNING GPL-0001] req_msg[21] toplevel port is not placed!
       Replace will regard req_msg[21] is placed in (0, 0)
[WARNING GPL-0001] req_msg[22] toplevel port is not placed!
       Replace will regard req_msg[22] is placed in (0, 0)
[WARNING GPL-0001] req_msg[23] toplevel port is not placed!
       Replace will regard req_msg[23] is placed in (0, 0)
[WARNING GPL-0001] req_msg[24] toplevel port is not placed!
       Replace will regard req_msg[24] is placed in (0, 0)
[WARNING GPL-0001] req_msg[25] toplevel port is not placed!
       Replace will regard req_msg[25] is placed in (0, 0)
[WARNING GPL-0001] req_msg[26] toplevel port is not placed!
       Replace will regard req_msg[26] is placed in (0, 0)
[WARNING GPL-0001] req_msg[27] toplevel port is not placed!
       Replace will regard req_msg[27] is placed in (0, 0)
[WARNING GPL-0001] req_msg[28] toplevel port is not placed!
       Replace will regard req_msg[28] is placed in (0, 0)
[WARNING GPL-0001] req_msg[29] toplevel port is not placed!
       Replace will regard req_msg[29] is placed in (0, 0)
[WARNING GPL-0001] req_msg[2] toplevel port is not placed!
       Replace will regard req_msg[2] is placed in (0, 0)
[WARNING GPL-0001] req_msg[30] toplevel port is not placed!
       Replace will regard req_msg[30] is placed in (0, 0)
[WARNING GPL-0001] req_msg[31] toplevel port is not placed!
       Replace will regard req_msg[31] is placed in (0, 0)
[WARNING GPL-0001] req_msg[3] toplevel port is not placed!
       Replace will regard req_msg[3] is placed in (0, 0)
[WARNING GPL-0001] req_msg[4] toplevel port is not placed!
       Replace will regard req_msg[4] is placed in (0, 0)
[WARNING GPL-0001] req_msg[5] toplevel port is not placed!
       Replace will regard req_msg[5] is placed in (0, 0)
[WARNING GPL-0001] req_msg[6] toplevel port is not placed!
       Replace will regard req_msg[6] is placed in (0, 0)
[WARNING GPL-0001] req_msg[7] toplevel port is not placed!
       Replace will regard req_msg[7] is placed in (0, 0)
[WARNING GPL-0001] req_msg[8] toplevel port is not placed!
       Replace will regard req_msg[8] is placed in (0, 0)
[WARNING GPL-0001] req_msg[9] toplevel port is not placed!
       Replace will regard req_msg[9] is placed in (0, 0)
[WARNING GPL-0001] req_rdy toplevel port is not placed!
       Replace will regard req_rdy is placed in (0, 0)
[WARNING GPL-0001] req_val toplevel port is not placed!
       Replace will regard req_val is placed in (0, 0)
[WARNING GPL-0001] reset toplevel port is not placed!
       Replace will regard reset is placed in (0, 0)
[WARNING GPL-0001] resp_msg[0] toplevel port is not placed!
       Replace will regard resp_msg[0] is placed in (0, 0)
[WARNING GPL-0001] resp_msg[10] toplevel port is not placed!
       Replace will regard resp_msg[10] is placed in (0, 0)
[WARNING GPL-0001] resp_msg[11] toplevel port is not placed!
       Replace will regard resp_msg[11] is placed in (0, 0)
[WARNING GPL-0001] resp_msg[12] toplevel port is not placed!
       Replace will regard resp_msg[12] is placed in (0, 0)
[WARNING GPL-0001] resp_msg[13] toplevel port is not placed!
       Replace will regard resp_msg[13] is placed in (0, 0)
[WARNING GPL-0001] resp_msg[14] toplevel port is not placed!
       Replace will regard resp_msg[14] is placed in (0, 0)
[WARNING GPL-0001] resp_msg[15] toplevel port is not placed!
       Replace will regard resp_msg[15] is placed in (0, 0)
[WARNING GPL-0001] resp_msg[1] toplevel port is not placed!
       Replace will regard resp_msg[1] is placed in (0, 0)
[WARNING GPL-0001] resp_msg[2] toplevel port is not placed!
       Replace will regard resp_msg[2] is placed in (0, 0)
[WARNING GPL-0001] resp_msg[3] toplevel port is not placed!
       Replace will regard resp_msg[3] is placed in (0, 0)
[WARNING GPL-0001] resp_msg[4] toplevel port is not placed!
       Replace will regard resp_msg[4] is placed in (0, 0)
[WARNING GPL-0001] resp_msg[5] toplevel port is not placed!
       Replace will regard resp_msg[5] is placed in (0, 0)
[WARNING GPL-0001] resp_msg[6] toplevel port is not placed!
       Replace will regard resp_msg[6] is placed in (0, 0)
[WARNING GPL-0001] resp_msg[7] toplevel port is not placed!
       Replace will regard resp_msg[7] is placed in (0, 0)
[WARNING GPL-0001] resp_msg[8] toplevel port is not placed!
       Replace will regard resp_msg[8] is placed in (0, 0)
[WARNING GPL-0001] resp_msg[9] toplevel port is not placed!
       Replace will regard resp_msg[9] is placed in (0, 0)
[WARNING GPL-0001] resp_rdy toplevel port is not placed!
       Replace will regard resp_rdy is placed in (0, 0)
[WARNING GPL-0001] resp_val toplevel port is not placed!
       Replace will regard resp_val is placed in (0, 0)
[INFO GPL-0006] NumInstances:               543
[INFO GPL-0007] NumPlaceInstances:          503
[INFO GPL-0008] NumFixedInstances:           40
[INFO GPL-0009] NumDummyInstances:            0
[INFO GPL-0010] NumNets:                    574
[INFO GPL-0011] NumPins:                   1626
[INFO GPL-0012] DieBBox:  (  0.000  0.000 ) ( 59.015 30.505 ) um
[INFO GPL-0013] CoreBBox: (  1.140  1.400 ) ( 57.950 29.400 ) um
[INFO GPL-0016] CoreArea:              1590.680 um^2
[INFO GPL-0017] NonPlaceInstsArea:       10.640 um^2
[INFO GPL-0018] PlaceInstsArea:         650.104 um^2
[INFO GPL-0019] Util:                    41.145 %
[INFO GPL-0020] StdInstsArea:           650.104 um^2
[INFO GPL-0021] MacroInstsArea:           0.000 um^2
[INFO GPL-0031] FillerInit:NumGCells:      1313
[INFO GPL-0032] FillerInit:NumGNets:        574
[INFO GPL-0033] FillerInit:NumGPins:       1626
[INFO GPL-0023] TargetDensity:            1.000
[INFO GPL-0024] AvrgPlaceInstArea:        1.292 um^2
[INFO GPL-0025] IdealBinArea:             1.292 um^2
[INFO GPL-0026] IdealBinCnt:               1230
[INFO GPL-0027] TotalBinArea:          1590.680 um^2
[INFO GPL-0028] BinCnt:        32     16
[INFO GPL-0029] BinSize: (  1.776  1.750 )
[INFO GPL-0030] NumBins: 512
Placement density is 0.715723911523819, computed from PLACE_DENSITY_LB_ADDON 0.50 and lower bound 0.41144782304763794
global_placement -skip_io -density 0.715723911523819 -pad_left 0 -pad_right 0
[INFO GPL-0002] DBU: 2000
[INFO GPL-0003] SiteSize: (  0.190  1.400 ) um
[INFO GPL-0004] CoreBBox: (  1.140  1.400 ) ( 57.950 29.400 ) um
[INFO GPL-0006] NumInstances:               543
[INFO GPL-0007] NumPlaceInstances:          503
[INFO GPL-0008] NumFixedInstances:           40
[INFO GPL-0009] NumDummyInstances:            0
[INFO GPL-0010] NumNets:                    574
[INFO GPL-0011] NumPins:                   1572
[INFO GPL-0012] DieBBox:  (  0.000  0.000 ) ( 59.015 30.505 ) um
[INFO GPL-0013] CoreBBox: (  1.140  1.400 ) ( 57.950 29.400 ) um
[INFO GPL-0016] CoreArea:              1590.680 um^2
[INFO GPL-0017] NonPlaceInstsArea:       10.640 um^2
[INFO GPL-0018] PlaceInstsArea:         650.104 um^2
[INFO GPL-0019] Util:                    41.145 %
[INFO GPL-0020] StdInstsArea:           650.104 um^2
[INFO GPL-0021] MacroInstsArea:           0.000 um^2
[INFO GPL-0031] FillerInit:NumGCells:       921
[INFO GPL-0032] FillerInit:NumGNets:        574
[INFO GPL-0033] FillerInit:NumGPins:       1572
[INFO GPL-0023] TargetDensity:            0.716
[INFO GPL-0024] AvrgPlaceInstArea:        1.292 um^2
[INFO GPL-0025] IdealBinArea:             1.806 um^2
[INFO GPL-0026] IdealBinCnt:                880
[INFO GPL-0027] TotalBinArea:          1590.680 um^2
[INFO GPL-0028] BinCnt:        32     16
[INFO GPL-0029] BinSize: (  1.776  1.750 )
[INFO GPL-0030] NumBins: 512
[NesterovSolve] Iter:    1 overflow: 0.968 HPWL: 873061
[NesterovSolve] Iter:   10 overflow: 0.977 HPWL: 458428
[NesterovSolve] Iter:   20 overflow: 0.977 HPWL: 457154
[NesterovSolve] Iter:   30 overflow: 0.977 HPWL: 456793
[NesterovSolve] Iter:   40 overflow: 0.977 HPWL: 456348
[NesterovSolve] Iter:   50 overflow: 0.977 HPWL: 456721
[NesterovSolve] Iter:   60 overflow: 0.977 HPWL: 457188
[NesterovSolve] Iter:   70 overflow: 0.977 HPWL: 458304
[NesterovSolve] Iter:   80 overflow: 0.977 HPWL: 460599
[NesterovSolve] Iter:   90 overflow: 0.977 HPWL: 464964
[NesterovSolve] Iter:  100 overflow: 0.977 HPWL: 472474
[NesterovSolve] Iter:  110 overflow: 0.977 HPWL: 485052
[NesterovSolve] Iter:  120 overflow: 0.977 HPWL: 505894
[NesterovSolve] Iter:  130 overflow: 0.975 HPWL: 544814
[NesterovSolve] Iter:  140 overflow: 0.968 HPWL: 649155
[NesterovSolve] Iter:  150 overflow: 0.950 HPWL: 876765
[NesterovSolve] Iter:  160 overflow: 0.921 HPWL: 1149528
[NesterovSolve] Iter:  170 overflow: 0.900 HPWL: 1314457
[NesterovSolve] Iter:  180 overflow: 0.867 HPWL: 1581536
[NesterovSolve] Iter:  190 overflow: 0.840 HPWL: 1787241
[NesterovSolve] Iter:  200 overflow: 0.801 HPWL: 2093607
[NesterovSolve] Iter:  210 overflow: 0.763 HPWL: 2276349
[NesterovSolve] Iter:  220 overflow: 0.719 HPWL: 2553216
[NesterovSolve] Iter:  230 overflow: 0.673 HPWL: 2790121
[NesterovSolve] Iter:  240 overflow: 0.625 HPWL: 3047158
[NesterovSolve] Iter:  250 overflow: 0.573 HPWL: 3278979
[NesterovSolve] Iter:  260 overflow: 0.522 HPWL: 3527313
[NesterovSolve] Iter:  270 overflow: 0.466 HPWL: 3733399
[NesterovSolve] Iter:  280 overflow: 0.406 HPWL: 3897460
[NesterovSolve] Iter:  290 overflow: 0.351 HPWL: 4050140
[NesterovSolve] Iter:  300 overflow: 0.309 HPWL: 4157678
[NesterovSolve] Iter:  310 overflow: 0.266 HPWL: 4234034
[NesterovSolve] Iter:  320 overflow: 0.238 HPWL: 4290835
[NesterovSolve] Iter:  330 overflow: 0.202 HPWL: 4350669
[NesterovSolve] Iter:  340 overflow: 0.176 HPWL: 4361558
[NesterovSolve] Iter:  350 overflow: 0.150 HPWL: 4395716
[NesterovSolve] Iter:  360 overflow: 0.132 HPWL: 4412223
[NesterovSolve] Iter:  370 overflow: 0.111 HPWL: 4421863
[NesterovSolve] Finished with Overflow: 0.097952
Took 8 seconds: global_placement -skip_io -density 0.715723911523819 -pad_left 0 -pad_right 0
Elapsed time: 0:08.97[h:]min:sec. CPU time: user 132.90 sys 0.91 (1490%). Peak memory: 120520KB.
