OpenROAD v2.0-19576-gec1bf1a13 
Features included (+) or not (-): +GPU +GUI +Python : None
This program is licensed under the BSD-3 license. See the LICENSE file for details.
Components of this program may be licensed under more restrictive licenses which must be honored.
[INFO ORD-0030] Using 16 thread(s).
[INFO GPL-0002] DBU: 2000
[INFO GPL-0003] SiteSize: (  0.190  1.400 ) um
[INFO GPL-0004] CoreBBox: (  1.140  1.400 ) ( 57.950 29.400 ) um
[INFO GPL-0006] NumInstances:               543
[INFO GPL-0007] NumPlaceInstances:          503
[INFO GPL-0008] NumFixedInstances:           40
[INFO GPL-0009] NumDummyInstances:            0
[INFO GPL-0010] NumNets:                    574
[INFO GPL-0011] NumPins:                   1626
[INFO GPL-0012] DieBBox:  (  0.000  0.000 ) ( 59.015 30.505 ) um
[INFO GPL-0013] CoreBBox: (  1.140  1.400 ) ( 57.950 29.400 ) um
[INFO GPL-0016] CoreArea:              1590.680 um^2
[INFO GPL-0017] NonPlaceInstsArea:       10.640 um^2
[INFO GPL-0018] PlaceInstsArea:         650.104 um^2
[INFO GPL-0019] Util:                    41.145 %
[INFO GPL-0020] StdInstsArea:           650.104 um^2
[INFO GPL-0021] MacroInstsArea:           0.000 um^2
[INFO GPL-0031] FillerInit:NumGCells:      1313
[INFO GPL-0032] FillerInit:NumGNets:        574
[INFO GPL-0033] FillerInit:NumGPins:       1626
[INFO GPL-0023] TargetDensity:            1.000
[INFO GPL-0024] AvrgPlaceInstArea:        1.292 um^2
[INFO GPL-0025] IdealBinArea:             1.292 um^2
[INFO GPL-0026] IdealBinCnt:               1230
[INFO GPL-0027] TotalBinArea:          1590.680 um^2
[INFO GPL-0028] BinCnt:        32     16
[INFO GPL-0029] BinSize: (  1.776  1.750 )
[INFO GPL-0030] NumBins: 512
Placement density is 0.715723911523819, computed from PLACE_DENSITY_LB_ADDON 0.50 and lower bound 0.41144782304763794
global_placement -density 0.715723911523819 -pad_left 0 -pad_right 0
[INFO GPL-0002] DBU: 2000
[INFO GPL-0003] SiteSize: (  0.190  1.400 ) um
[INFO GPL-0004] CoreBBox: (  1.140  1.400 ) ( 57.950 29.400 ) um
[INFO GPL-0006] NumInstances:               543
[INFO GPL-0007] NumPlaceInstances:          503
[INFO GPL-0008] NumFixedInstances:           40
[INFO GPL-0009] NumDummyInstances:            0
[INFO GPL-0010] NumNets:                    574
[INFO GPL-0011] NumPins:                   1626
[INFO GPL-0012] DieBBox:  (  0.000  0.000 ) ( 59.015 30.505 ) um
[INFO GPL-0013] CoreBBox: (  1.140  1.400 ) ( 57.950 29.400 ) um
[INFO GPL-0016] CoreArea:              1590.680 um^2
[INFO GPL-0017] NonPlaceInstsArea:       10.640 um^2
[INFO GPL-0018] PlaceInstsArea:         650.104 um^2
[INFO GPL-0019] Util:                    41.145 %
[INFO GPL-0020] StdInstsArea:           650.104 um^2
[INFO GPL-0021] MacroInstsArea:           0.000 um^2
[InitialPlace]  Iter: 1 CG residual: 0.00000010 HPWL: 8348566
[InitialPlace]  Iter: 2 CG residual: 0.00000012 HPWL: 5994243
[InitialPlace]  Iter: 3 CG residual: 0.00000011 HPWL: 6013348
[InitialPlace]  Iter: 4 CG residual: 0.00000010 HPWL: 6031830
[InitialPlace]  Iter: 5 CG residual: 0.00000012 HPWL: 6038345
[INFO GPL-0031] FillerInit:NumGCells:       921
[INFO GPL-0032] FillerInit:NumGNets:        574
[INFO GPL-0033] FillerInit:NumGPins:       1626
[INFO GPL-0023] TargetDensity:            0.716
[INFO GPL-0024] AvrgPlaceInstArea:        1.292 um^2
[INFO GPL-0025] IdealBinArea:             1.806 um^2
[INFO GPL-0026] IdealBinCnt:                880
[INFO GPL-0027] TotalBinArea:          1590.680 um^2
[INFO GPL-0028] BinCnt:        32     16
[INFO GPL-0029] BinSize: (  1.776  1.750 )
[INFO GPL-0030] NumBins: 512
[NesterovSolve] Iter:    1 overflow: 0.864 HPWL: 4073268
[NesterovSolve] Iter:   10 overflow: 0.683 HPWL: 4711501
[NesterovSolve] Iter:   20 overflow: 0.652 HPWL: 4725494
[NesterovSolve] Iter:   30 overflow: 0.661 HPWL: 4699531
[NesterovSolve] Iter:   40 overflow: 0.659 HPWL: 4701078
[NesterovSolve] Iter:   50 overflow: 0.658 HPWL: 4706051
[NesterovSolve] Iter:   60 overflow: 0.659 HPWL: 4700695
[NesterovSolve] Iter:   70 overflow: 0.659 HPWL: 4700073
[NesterovSolve] Iter:   80 overflow: 0.659 HPWL: 4701685
[NesterovSolve] Iter:   90 overflow: 0.659 HPWL: 4702025
[NesterovSolve] Iter:  100 overflow: 0.658 HPWL: 4703159
[NesterovSolve] Iter:  110 overflow: 0.658 HPWL: 4704210
[NesterovSolve] Iter:  120 overflow: 0.658 HPWL: 4706556
[NesterovSolve] Iter:  130 overflow: 0.657 HPWL: 4712103
[NesterovSolve] Iter:  140 overflow: 0.656 HPWL: 4722701
[NesterovSolve] Iter:  150 overflow: 0.654 HPWL: 4738223
[NesterovSolve] Iter:  160 overflow: 0.651 HPWL: 4756854
[NesterovSolve] Iter:  170 overflow: 0.646 HPWL: 4773129
[NesterovSolve] Iter:  180 overflow: 0.639 HPWL: 4779394
[NesterovSolve] Iter:  190 overflow: 0.629 HPWL: 4790411
[NesterovSolve] Iter:  200 overflow: 0.612 HPWL: 4838555
[NesterovSolve] Iter:  210 overflow: 0.592 HPWL: 4853551
[NesterovSolve] Iter:  220 overflow: 0.566 HPWL: 4911960
[NesterovSolve] Iter:  230 overflow: 0.532 HPWL: 4938990
[NesterovSolve] Iter:  240 overflow: 0.497 HPWL: 4997804
[NesterovSolve] Iter:  250 overflow: 0.450 HPWL: 5029261
[NesterovSolve] Iter:  260 overflow: 0.406 HPWL: 5094927
[NesterovSolve] Iter:  270 overflow: 0.360 HPWL: 5139273
[NesterovSolve] Iter:  280 overflow: 0.325 HPWL: 5194966
[NesterovSolve] Iter:  290 overflow: 0.294 HPWL: 5206225
[NesterovSolve] Iter:  300 overflow: 0.260 HPWL: 5234896
[NesterovSolve] Iter:  310 overflow: 0.226 HPWL: 5237990
[NesterovSolve] Iter:  320 overflow: 0.202 HPWL: 5271688
[NesterovSolve] Iter:  330 overflow: 0.179 HPWL: 5299439
[NesterovSolve] Iter:  340 overflow: 0.154 HPWL: 5317093
[NesterovSolve] Iter:  350 overflow: 0.133 HPWL: 5334884
[NesterovSolve] Iter:  360 overflow: 0.110 HPWL: 5355820
[NesterovSolve] Finished with Overflow: 0.099369
Took 11 seconds: global_placement -density 0.715723911523819 -pad_left 0 -pad_right 0
Report metrics stage 3, global place...

==========================================================================
global place report_design_area
--------------------------------------------------------------------------
Design area 650 u^2 41% utilization.
Elapsed time: 0:11.70[h:]min:sec. CPU time: user 175.80 sys 1.47 (1514%). Peak memory: 122704KB.
