
==========================================================================
global place report_tns
--------------------------------------------------------------------------
tns -157.05

==========================================================================
global place report_wns
--------------------------------------------------------------------------
wns -0.31

==========================================================================
global place report_worst_slack
--------------------------------------------------------------------------
worst slack -0.31

==========================================================================
global place report_checks -path_delay min
--------------------------------------------------------------------------
Startpoint: rst_ni (input port clocked by core_clock)
Endpoint: load_store_unit_i.rdata_q[10]$_DFFE_PN0P_
          (removal check against rising-edge clock core_clock)
Path Group: asynchronous
Path Type: min

Fanout     Cap    Slew   Delay    Time   Description
-----------------------------------------------------------------------------
                  0.00    0.00    0.00   clock core_clock (rise edge)
                          0.00    0.00   clock network delay (ideal)
                          0.44    0.44 ^ input external delay
  1658 3451.34    0.00    0.00    0.44 ^ rst_ni (in)
                                         rst_ni (net)
                  0.64    0.52    0.96 ^ load_store_unit_i.rdata_q[10]$_DFFE_PN0P_/RN (DFFR_X1)
                                  0.96   data arrival time

                  0.00    0.00    0.00   clock core_clock (rise edge)
                          0.00    0.00   clock network delay (ideal)
                          0.00    0.00   clock reconvergence pessimism
                                  0.00 ^ load_store_unit_i.rdata_q[10]$_DFFE_PN0P_/CK (DFFR_X1)
                          0.98    0.98   library removal time
                                  0.98   data required time
-----------------------------------------------------------------------------
                                  0.98   data required time
                                 -0.96   data arrival time
-----------------------------------------------------------------------------
                                 -0.02   slack (VIOLATED)


Startpoint: core_clock_gate_i.en_latch$_DLATCH_N_
            (negative level-sensitive latch clocked by core_clock)
Endpoint: _29919_ (rising clock gating-check end-point clocked by core_clock)
Path Group: gated clock
Path Type: min

Fanout     Cap    Slew   Delay    Time   Description
-----------------------------------------------------------------------------
                  0.00    1.10    1.10   clock core_clock (fall edge)
                          0.00    1.10   clock network delay (ideal)
                  0.00    0.00    1.10 v core_clock_gate_i.en_latch$_DLATCH_N_/GN (DLL_X1)
     1    0.99    0.01    0.04    1.14 ^ core_clock_gate_i.en_latch$_DLATCH_N_/Q (DLL_X1)
                                         core_clock_gate_i.en_latch (net)
                  0.01    0.00    1.14 ^ _29919_/A2 (AND2_X1)
                                  1.14   data arrival time

                  0.00    1.10    1.10   clock core_clock (fall edge)
                          0.00    1.10   clock network delay (ideal)
                          0.00    1.10   clock reconvergence pessimism
                                  1.10 v _29919_/A1 (AND2_X1)
                          0.00    1.10   clock gating hold time
                                  1.10   data required time
-----------------------------------------------------------------------------
                                  1.10   data required time
                                 -1.14   data arrival time
-----------------------------------------------------------------------------
                                  0.04   slack (MET)


Startpoint: cs_registers_i.u_dcsr_csr.rdata_q[2]$_DFFE_PN0P_
            (rising edge-triggered flip-flop clocked by core_clock)
Endpoint: cs_registers_i.u_dcsr_csr.rdata_q[8]$_DFFE_PN0P_
          (rising edge-triggered flip-flop clocked by core_clock)
Path Group: core_clock
Path Type: min

Fanout     Cap    Slew   Delay    Time   Description
-----------------------------------------------------------------------------
                  0.00    0.00    0.00   clock core_clock (rise edge)
                          0.00    0.00   clock network delay (ideal)
                  0.00    0.00    0.00 ^ cs_registers_i.u_dcsr_csr.rdata_q[2]$_DFFE_PN0P_/CK (DFFR_X1)
     2    3.74    0.01    0.07    0.07 ^ cs_registers_i.u_dcsr_csr.rdata_q[2]$_DFFE_PN0P_/QN (DFFR_X1)
                                         _01164_ (net)
                  0.01    0.00    0.07 ^ _28337_/A1 (OAI22_X1)
     1    1.11    0.01    0.01    0.08 v _28337_/ZN (OAI22_X1)
                                         _02831_ (net)
                  0.01    0.00    0.08 v cs_registers_i.u_dcsr_csr.rdata_q[8]$_DFFE_PN0P_/D (DFFR_X1)
                                  0.08   data arrival time

                  0.00    0.00    0.00   clock core_clock (rise edge)
                          0.00    0.00   clock network delay (ideal)
                          0.00    0.00   clock reconvergence pessimism
                                  0.00 ^ cs_registers_i.u_dcsr_csr.rdata_q[8]$_DFFE_PN0P_/CK (DFFR_X1)
                          0.00    0.00   library hold time
                                  0.00   data required time
-----------------------------------------------------------------------------
                                  0.00   data required time
                                 -0.08   data arrival time
-----------------------------------------------------------------------------
                                  0.08   slack (MET)



==========================================================================
global place report_checks -path_delay max
--------------------------------------------------------------------------
Startpoint: rst_ni (input port clocked by core_clock)
Endpoint: load_store_unit_i.rdata_q[10]$_DFFE_PN0P_
          (recovery check against rising-edge clock core_clock)
Path Group: asynchronous
Path Type: max

Fanout     Cap    Slew   Delay    Time   Description
-----------------------------------------------------------------------------
                  0.00    0.00    0.00   clock core_clock (rise edge)
                          0.00    0.00   clock network delay (ideal)
                          0.44    0.44 ^ input external delay
  1658 3451.34    0.00    0.00    0.44 ^ rst_ni (in)
                                         rst_ni (net)
                  0.64    0.52    0.96 ^ load_store_unit_i.rdata_q[10]$_DFFE_PN0P_/RN (DFFR_X1)
                                  0.96   data arrival time

                  0.00    2.20    2.20   clock core_clock (rise edge)
                          0.00    2.20   clock network delay (ideal)
                          0.00    2.20   clock reconvergence pessimism
                                  2.20 ^ load_store_unit_i.rdata_q[10]$_DFFE_PN0P_/CK (DFFR_X1)
                         -0.09    2.11   library recovery time
                                  2.11   data required time
-----------------------------------------------------------------------------
                                  2.11   data required time
                                 -0.96   data arrival time
-----------------------------------------------------------------------------
                                  1.15   slack (MET)


Startpoint: core_clock_gate_i.en_latch$_DLATCH_N_
            (negative level-sensitive latch clocked by core_clock)
Endpoint: _29919_ (rising clock gating-check end-point clocked by core_clock)
Path Group: gated clock
Path Type: max

Fanout     Cap    Slew   Delay    Time   Description
-----------------------------------------------------------------------------
                  0.00    1.10    1.10   clock core_clock (fall edge)
                          0.00    1.10   clock network delay (ideal)
                  0.00    0.00    1.10 v core_clock_gate_i.en_latch$_DLATCH_N_/GN (DLL_X1)
     1    0.91    0.01    0.07    1.17 v core_clock_gate_i.en_latch$_DLATCH_N_/Q (DLL_X1)
                                         core_clock_gate_i.en_latch (net)
                  0.01    0.00    1.17 v _29919_/A2 (AND2_X1)
                                  1.17   data arrival time

                  0.00    2.20    2.20   clock core_clock (rise edge)
                          0.00    2.20   clock network delay (ideal)
                          0.00    2.20   clock reconvergence pessimism
                                  2.20 ^ _29919_/A1 (AND2_X1)
                          0.00    2.20   clock gating setup time
                                  2.20   data required time
-----------------------------------------------------------------------------
                                  2.20   data required time
                                 -1.17   data arrival time
-----------------------------------------------------------------------------
                                  1.03   slack (MET)


Startpoint: if_stage_i.instr_rdata_alu_id_o[21]$_DFFE_PN_
            (rising edge-triggered flip-flop clocked by core_clock)
Endpoint: gen_regfile_ff.register_file_i.rf_reg_q[159]$_DFFE_PN0P_
          (rising edge-triggered flip-flop clocked by core_clock)
Path Group: core_clock
Path Type: max

Fanout     Cap    Slew   Delay    Time   Description
-----------------------------------------------------------------------------
                  0.00    0.00    0.00   clock core_clock (rise edge)
                          0.00    0.00   clock network delay (ideal)
                  0.00    0.00    0.00 ^ if_stage_i.instr_rdata_alu_id_o[21]$_DFFE_PN_/CK (DFF_X1)
     1    5.75    0.02    0.09    0.09 ^ if_stage_i.instr_rdata_alu_id_o[21]$_DFFE_PN_/Q (DFF_X1)
                                         gen_regfile_ff.register_file_i.raddr_b_i[1] (net)
                  0.02    0.00    0.09 ^ _16515_/A (BUF_X4)
     4   19.39    0.01    0.03    0.13 ^ _16515_/Z (BUF_X4)
                                         _10699_ (net)
                  0.01    0.00    0.13 ^ _16516_/A (BUF_X16)
    10   41.54    0.01    0.03    0.15 ^ _16516_/Z (BUF_X16)
                                         _10700_ (net)
                  0.01    0.00    0.15 ^ _16517_/A (BUF_X16)
    10   57.69    0.01    0.02    0.18 ^ _16517_/Z (BUF_X16)
                                         _10701_ (net)
                  0.01    0.00    0.18 ^ _16518_/A (BUF_X32)
    10   40.85    0.01    0.02    0.20 ^ _16518_/Z (BUF_X32)
                                         _10702_ (net)
                  0.01    0.00    0.20 ^ _16519_/A (BUF_X16)
    10   37.45    0.01    0.02    0.22 ^ _16519_/Z (BUF_X16)
                                         _10703_ (net)
                  0.01    0.00    0.23 ^ _16520_/A (BUF_X8)
    10   29.64    0.01    0.03    0.25 ^ _16520_/Z (BUF_X8)
                                         _10704_ (net)
                  0.01    0.00    0.25 ^ _16566_/A (BUF_X4)
    19   46.15    0.03    0.04    0.30 ^ _16566_/Z (BUF_X4)
                                         _10750_ (net)
                  0.03    0.00    0.30 ^ _18259_/A (BUF_X2)
    10   23.43    0.03    0.05    0.35 ^ _18259_/Z (BUF_X2)
                                         _12376_ (net)
                  0.03    0.00    0.35 ^ _18260_/A (BUF_X1)
    10   23.03    0.05    0.08    0.43 ^ _18260_/Z (BUF_X1)
                                         _12377_ (net)
                  0.05    0.00    0.43 ^ _18261_/A (BUF_X2)
    10   27.97    0.03    0.06    0.49 ^ _18261_/Z (BUF_X2)
                                         _12378_ (net)
                  0.03    0.00    0.49 ^ _18432_/S (MUX2_X1)
     1    1.91    0.01    0.06    0.55 v _18432_/Z (MUX2_X1)
                                         _12541_ (net)
                  0.01    0.00    0.55 v _18433_/A2 (NOR2_X1)
     1    1.76    0.02    0.03    0.58 ^ _18433_/ZN (NOR2_X1)
                                         _12542_ (net)
                  0.02    0.00    0.58 ^ _18436_/A2 (NOR3_X1)
     1    2.42    0.02    0.01    0.60 v _18436_/ZN (NOR3_X1)
                                         _12545_ (net)
                  0.02    0.00    0.60 v _18442_/A2 (NOR3_X1)
     1    1.71    0.03    0.05    0.65 ^ _18442_/ZN (NOR3_X1)
                                         _12551_ (net)
                  0.03    0.00    0.65 ^ _18453_/A2 (NOR3_X1)
     1    1.58    0.01    0.01    0.66 v _18453_/ZN (NOR3_X1)
                                         _12562_ (net)
                  0.01    0.00    0.66 v _18471_/A (AOI21_X1)
     8   35.03    0.17    0.20    0.86 ^ _18471_/ZN (AOI21_X1)
                                         _12580_ (net)
                  0.17    0.01    0.87 ^ _20600_/A (MUX2_X1)
     7   15.94    0.04    0.09    0.97 ^ _20600_/Z (MUX2_X1)
                                         _03909_ (net)
                  0.04    0.00    0.97 ^ _20998_/A (BUF_X1)
    10   21.90    0.05    0.08    1.05 ^ _20998_/Z (BUF_X1)
                                         _04142_ (net)
                  0.05    0.00    1.05 ^ _21067_/A2 (NAND2_X1)
     1    3.40    0.02    0.03    1.07 v _21067_/ZN (NAND2_X1)
                                         _15009_ (net)
                  0.02    0.00    1.07 v _30197_/B (FA_X1)
     1    4.86    0.02    0.13    1.20 ^ _30197_/S (FA_X1)
                                         _15012_ (net)
                  0.02    0.00    1.20 ^ _30199_/A (FA_X1)
     1    3.87    0.02    0.09    1.29 v _30199_/S (FA_X1)
                                         _15020_ (net)
                  0.02    0.00    1.29 v _30202_/B (FA_X1)
     1    4.75    0.02    0.13    1.42 ^ _30202_/S (FA_X1)
                                         _15031_ (net)
                  0.02    0.00    1.42 ^ _30207_/A (FA_X1)
     1    4.35    0.02    0.09    1.52 v _30207_/S (FA_X1)
                                         _15049_ (net)
                  0.02    0.00    1.52 v _30211_/A (FA_X1)
     1    4.04    0.02    0.12    1.64 ^ _30211_/S (FA_X1)
                                         _15064_ (net)
                  0.02    0.00    1.64 ^ _30212_/A (FA_X1)
     1    1.64    0.01    0.09    1.72 v _30212_/S (FA_X1)
                                         _15067_ (net)
                  0.01    0.00    1.72 v _21502_/A (INV_X1)
     1    3.35    0.01    0.02    1.74 ^ _21502_/ZN (INV_X1)
                                         _16138_ (net)
                  0.01    0.00    1.74 ^ _30538_/A (HA_X1)
     1    3.51    0.03    0.06    1.80 ^ _30538_/S (HA_X1)
                                         _16141_ (net)
                  0.03    0.00    1.80 ^ _23588_/A (BUF_X1)
     5    8.62    0.02    0.04    1.84 ^ _23588_/Z (BUF_X1)
                                         _06098_ (net)
                  0.02    0.00    1.84 ^ _23632_/A2 (NAND3_X1)
     1    1.64    0.02    0.02    1.87 v _23632_/ZN (NAND3_X1)
                                         _06140_ (net)
                  0.02    0.00    1.87 v _23633_/A3 (NOR3_X1)
     2    3.63    0.04    0.07    1.93 ^ _23633_/ZN (NOR3_X1)
                                         _06141_ (net)
                  0.04    0.00    1.93 ^ _23682_/A2 (NOR2_X1)
     1    3.20    0.01    0.02    1.95 v _23682_/ZN (NOR2_X1)
                                         _06188_ (net)
                  0.01    0.00    1.95 v _23683_/B2 (AOI21_X2)
     5   11.29    0.04    0.05    2.01 ^ _23683_/ZN (AOI21_X2)
                                         _06189_ (net)
                  0.04    0.00    2.01 ^ _23908_/A3 (AND4_X1)
     2    3.61    0.02    0.07    2.08 ^ _23908_/ZN (AND4_X1)
                                         _06405_ (net)
                  0.02    0.00    2.08 ^ _23966_/A1 (NOR2_X1)
     1    3.21    0.01    0.01    2.09 v _23966_/ZN (NOR2_X1)
                                         _06461_ (net)
                  0.01    0.00    2.09 v _23969_/B2 (AOI221_X2)
     2    4.49    0.05    0.08    2.17 ^ _23969_/ZN (AOI221_X2)
                                         _06464_ (net)
                  0.05    0.00    2.17 ^ _23970_/B (XNOR2_X1)
     1    3.81    0.03    0.05    2.22 ^ _23970_/ZN (XNOR2_X1)
                                         _06465_ (net)
                  0.03    0.00    2.22 ^ _23971_/B (MUX2_X1)
     2    6.63    0.02    0.05    2.28 ^ _23971_/Z (MUX2_X1)
                                         _06466_ (net)
                  0.02    0.00    2.28 ^ _23972_/B2 (AOI221_X2)
     1    6.60    0.03    0.03    2.31 v _23972_/ZN (AOI221_X2)
                                         _06467_ (net)
                  0.03    0.00    2.31 v _23981_/A1 (NOR4_X2)
     4   10.20    0.07    0.09    2.40 ^ _23981_/ZN (NOR4_X2)
                                         _06476_ (net)
                  0.07    0.00    2.40 ^ _23982_/A (BUF_X2)
    10   18.99    0.02    0.05    2.45 ^ _23982_/Z (BUF_X2)
                                         _06477_ (net)
                  0.02    0.00    2.45 ^ _24165_/B2 (OAI21_X1)
     1    1.14    0.01    0.02    2.47 v _24165_/ZN (OAI21_X1)
                                         _01345_ (net)
                  0.01    0.00    2.47 v gen_regfile_ff.register_file_i.rf_reg_q[159]$_DFFE_PN0P_/D (DFFR_X1)
                                  2.47   data arrival time

                  0.00    2.20    2.20   clock core_clock (rise edge)
                          0.00    2.20   clock network delay (ideal)
                          0.00    2.20   clock reconvergence pessimism
                                  2.20 ^ gen_regfile_ff.register_file_i.rf_reg_q[159]$_DFFE_PN0P_/CK (DFFR_X1)
                         -0.04    2.16   library setup time
                                  2.16   data required time
-----------------------------------------------------------------------------
                                  2.16   data required time
                                 -2.47   data arrival time
-----------------------------------------------------------------------------
                                 -0.31   slack (VIOLATED)



==========================================================================
global place report_checks -unconstrained
--------------------------------------------------------------------------
Startpoint: rst_ni (input port clocked by core_clock)
Endpoint: load_store_unit_i.rdata_q[10]$_DFFE_PN0P_
          (recovery check against rising-edge clock core_clock)
Path Group: asynchronous
Path Type: max

Fanout     Cap    Slew   Delay    Time   Description
-----------------------------------------------------------------------------
                  0.00    0.00    0.00   clock core_clock (rise edge)
                          0.00    0.00   clock network delay (ideal)
                          0.44    0.44 ^ input external delay
  1658 3451.34    0.00    0.00    0.44 ^ rst_ni (in)
                                         rst_ni (net)
                  0.64    0.52    0.96 ^ load_store_unit_i.rdata_q[10]$_DFFE_PN0P_/RN (DFFR_X1)
                                  0.96   data arrival time

                  0.00    2.20    2.20   clock core_clock (rise edge)
                          0.00    2.20   clock network delay (ideal)
                          0.00    2.20   clock reconvergence pessimism
                                  2.20 ^ load_store_unit_i.rdata_q[10]$_DFFE_PN0P_/CK (DFFR_X1)
                         -0.09    2.11   library recovery time
                                  2.11   data required time
-----------------------------------------------------------------------------
                                  2.11   data required time
                                 -0.96   data arrival time
-----------------------------------------------------------------------------
                                  1.15   slack (MET)


Startpoint: core_clock_gate_i.en_latch$_DLATCH_N_
            (negative level-sensitive latch clocked by core_clock)
Endpoint: _29919_ (rising clock gating-check end-point clocked by core_clock)
Path Group: gated clock
Path Type: max

Fanout     Cap    Slew   Delay    Time   Description
-----------------------------------------------------------------------------
                  0.00    1.10    1.10   clock core_clock (fall edge)
                          0.00    1.10   clock network delay (ideal)
                  0.00    0.00    1.10 v core_clock_gate_i.en_latch$_DLATCH_N_/GN (DLL_X1)
     1    0.91    0.01    0.07    1.17 v core_clock_gate_i.en_latch$_DLATCH_N_/Q (DLL_X1)
                                         core_clock_gate_i.en_latch (net)
                  0.01    0.00    1.17 v _29919_/A2 (AND2_X1)
                                  1.17   data arrival time

                  0.00    2.20    2.20   clock core_clock (rise edge)
                          0.00    2.20   clock network delay (ideal)
                          0.00    2.20   clock reconvergence pessimism
                                  2.20 ^ _29919_/A1 (AND2_X1)
                          0.00    2.20   clock gating setup time
                                  2.20   data required time
-----------------------------------------------------------------------------
                                  2.20   data required time
                                 -1.17   data arrival time
-----------------------------------------------------------------------------
                                  1.03   slack (MET)


Startpoint: if_stage_i.instr_rdata_alu_id_o[21]$_DFFE_PN_
            (rising edge-triggered flip-flop clocked by core_clock)
Endpoint: gen_regfile_ff.register_file_i.rf_reg_q[159]$_DFFE_PN0P_
          (rising edge-triggered flip-flop clocked by core_clock)
Path Group: core_clock
Path Type: max

Fanout     Cap    Slew   Delay    Time   Description
-----------------------------------------------------------------------------
                  0.00    0.00    0.00   clock core_clock (rise edge)
                          0.00    0.00   clock network delay (ideal)
                  0.00    0.00    0.00 ^ if_stage_i.instr_rdata_alu_id_o[21]$_DFFE_PN_/CK (DFF_X1)
     1    5.75    0.02    0.09    0.09 ^ if_stage_i.instr_rdata_alu_id_o[21]$_DFFE_PN_/Q (DFF_X1)
                                         gen_regfile_ff.register_file_i.raddr_b_i[1] (net)
                  0.02    0.00    0.09 ^ _16515_/A (BUF_X4)
     4   19.39    0.01    0.03    0.13 ^ _16515_/Z (BUF_X4)
                                         _10699_ (net)
                  0.01    0.00    0.13 ^ _16516_/A (BUF_X16)
    10   41.54    0.01    0.03    0.15 ^ _16516_/Z (BUF_X16)
                                         _10700_ (net)
                  0.01    0.00    0.15 ^ _16517_/A (BUF_X16)
    10   57.69    0.01    0.02    0.18 ^ _16517_/Z (BUF_X16)
                                         _10701_ (net)
                  0.01    0.00    0.18 ^ _16518_/A (BUF_X32)
    10   40.85    0.01    0.02    0.20 ^ _16518_/Z (BUF_X32)
                                         _10702_ (net)
                  0.01    0.00    0.20 ^ _16519_/A (BUF_X16)
    10   37.45    0.01    0.02    0.22 ^ _16519_/Z (BUF_X16)
                                         _10703_ (net)
                  0.01    0.00    0.23 ^ _16520_/A (BUF_X8)
    10   29.64    0.01    0.03    0.25 ^ _16520_/Z (BUF_X8)
                                         _10704_ (net)
                  0.01    0.00    0.25 ^ _16566_/A (BUF_X4)
    19   46.15    0.03    0.04    0.30 ^ _16566_/Z (BUF_X4)
                                         _10750_ (net)
                  0.03    0.00    0.30 ^ _18259_/A (BUF_X2)
    10   23.43    0.03    0.05    0.35 ^ _18259_/Z (BUF_X2)
                                         _12376_ (net)
                  0.03    0.00    0.35 ^ _18260_/A (BUF_X1)
    10   23.03    0.05    0.08    0.43 ^ _18260_/Z (BUF_X1)
                                         _12377_ (net)
                  0.05    0.00    0.43 ^ _18261_/A (BUF_X2)
    10   27.97    0.03    0.06    0.49 ^ _18261_/Z (BUF_X2)
                                         _12378_ (net)
                  0.03    0.00    0.49 ^ _18432_/S (MUX2_X1)
     1    1.91    0.01    0.06    0.55 v _18432_/Z (MUX2_X1)
                                         _12541_ (net)
                  0.01    0.00    0.55 v _18433_/A2 (NOR2_X1)
     1    1.76    0.02    0.03    0.58 ^ _18433_/ZN (NOR2_X1)
                                         _12542_ (net)
                  0.02    0.00    0.58 ^ _18436_/A2 (NOR3_X1)
     1    2.42    0.02    0.01    0.60 v _18436_/ZN (NOR3_X1)
                                         _12545_ (net)
                  0.02    0.00    0.60 v _18442_/A2 (NOR3_X1)
     1    1.71    0.03    0.05    0.65 ^ _18442_/ZN (NOR3_X1)
                                         _12551_ (net)
                  0.03    0.00    0.65 ^ _18453_/A2 (NOR3_X1)
     1    1.58    0.01    0.01    0.66 v _18453_/ZN (NOR3_X1)
                                         _12562_ (net)
                  0.01    0.00    0.66 v _18471_/A (AOI21_X1)
     8   35.03    0.17    0.20    0.86 ^ _18471_/ZN (AOI21_X1)
                                         _12580_ (net)
                  0.17    0.01    0.87 ^ _20600_/A (MUX2_X1)
     7   15.94    0.04    0.09    0.97 ^ _20600_/Z (MUX2_X1)
                                         _03909_ (net)
                  0.04    0.00    0.97 ^ _20998_/A (BUF_X1)
    10   21.90    0.05    0.08    1.05 ^ _20998_/Z (BUF_X1)
                                         _04142_ (net)
                  0.05    0.00    1.05 ^ _21067_/A2 (NAND2_X1)
     1    3.40    0.02    0.03    1.07 v _21067_/ZN (NAND2_X1)
                                         _15009_ (net)
                  0.02    0.00    1.07 v _30197_/B (FA_X1)
     1    4.86    0.02    0.13    1.20 ^ _30197_/S (FA_X1)
                                         _15012_ (net)
                  0.02    0.00    1.20 ^ _30199_/A (FA_X1)
     1    3.87    0.02    0.09    1.29 v _30199_/S (FA_X1)
                                         _15020_ (net)
                  0.02    0.00    1.29 v _30202_/B (FA_X1)
     1    4.75    0.02    0.13    1.42 ^ _30202_/S (FA_X1)
                                         _15031_ (net)
                  0.02    0.00    1.42 ^ _30207_/A (FA_X1)
     1    4.35    0.02    0.09    1.52 v _30207_/S (FA_X1)
                                         _15049_ (net)
                  0.02    0.00    1.52 v _30211_/A (FA_X1)
     1    4.04    0.02    0.12    1.64 ^ _30211_/S (FA_X1)
                                         _15064_ (net)
                  0.02    0.00    1.64 ^ _30212_/A (FA_X1)
     1    1.64    0.01    0.09    1.72 v _30212_/S (FA_X1)
                                         _15067_ (net)
                  0.01    0.00    1.72 v _21502_/A (INV_X1)
     1    3.35    0.01    0.02    1.74 ^ _21502_/ZN (INV_X1)
                                         _16138_ (net)
                  0.01    0.00    1.74 ^ _30538_/A (HA_X1)
     1    3.51    0.03    0.06    1.80 ^ _30538_/S (HA_X1)
                                         _16141_ (net)
                  0.03    0.00    1.80 ^ _23588_/A (BUF_X1)
     5    8.62    0.02    0.04    1.84 ^ _23588_/Z (BUF_X1)
                                         _06098_ (net)
                  0.02    0.00    1.84 ^ _23632_/A2 (NAND3_X1)
     1    1.64    0.02    0.02    1.87 v _23632_/ZN (NAND3_X1)
                                         _06140_ (net)
                  0.02    0.00    1.87 v _23633_/A3 (NOR3_X1)
     2    3.63    0.04    0.07    1.93 ^ _23633_/ZN (NOR3_X1)
                                         _06141_ (net)
                  0.04    0.00    1.93 ^ _23682_/A2 (NOR2_X1)
     1    3.20    0.01    0.02    1.95 v _23682_/ZN (NOR2_X1)
                                         _06188_ (net)
                  0.01    0.00    1.95 v _23683_/B2 (AOI21_X2)
     5   11.29    0.04    0.05    2.01 ^ _23683_/ZN (AOI21_X2)
                                         _06189_ (net)
                  0.04    0.00    2.01 ^ _23908_/A3 (AND4_X1)
     2    3.61    0.02    0.07    2.08 ^ _23908_/ZN (AND4_X1)
                                         _06405_ (net)
                  0.02    0.00    2.08 ^ _23966_/A1 (NOR2_X1)
     1    3.21    0.01    0.01    2.09 v _23966_/ZN (NOR2_X1)
                                         _06461_ (net)
                  0.01    0.00    2.09 v _23969_/B2 (AOI221_X2)
     2    4.49    0.05    0.08    2.17 ^ _23969_/ZN (AOI221_X2)
                                         _06464_ (net)
                  0.05    0.00    2.17 ^ _23970_/B (XNOR2_X1)
     1    3.81    0.03    0.05    2.22 ^ _23970_/ZN (XNOR2_X1)
                                         _06465_ (net)
                  0.03    0.00    2.22 ^ _23971_/B (MUX2_X1)
     2    6.63    0.02    0.05    2.28 ^ _23971_/Z (MUX2_X1)
                                         _06466_ (net)
                  0.02    0.00    2.28 ^ _23972_/B2 (AOI221_X2)
     1    6.60    0.03    0.03    2.31 v _23972_/ZN (AOI221_X2)
                                         _06467_ (net)
                  0.03    0.00    2.31 v _23981_/A1 (NOR4_X2)
     4   10.20    0.07    0.09    2.40 ^ _23981_/ZN (NOR4_X2)
                                         _06476_ (net)
                  0.07    0.00    2.40 ^ _23982_/A (BUF_X2)
    10   18.99    0.02    0.05    2.45 ^ _23982_/Z (BUF_X2)
                                         _06477_ (net)
                  0.02    0.00    2.45 ^ _24165_/B2 (OAI21_X1)
     1    1.14    0.01    0.02    2.47 v _24165_/ZN (OAI21_X1)
                                         _01345_ (net)
                  0.01    0.00    2.47 v gen_regfile_ff.register_file_i.rf_reg_q[159]$_DFFE_PN0P_/D (DFFR_X1)
                                  2.47   data arrival time

                  0.00    2.20    2.20   clock core_clock (rise edge)
                          0.00    2.20   clock network delay (ideal)
                          0.00    2.20   clock reconvergence pessimism
                                  2.20 ^ gen_regfile_ff.register_file_i.rf_reg_q[159]$_DFFE_PN0P_/CK (DFFR_X1)
                         -0.04    2.16   library setup time
                                  2.16   data required time
-----------------------------------------------------------------------------
                                  2.16   data required time
                                 -2.47   data arrival time
-----------------------------------------------------------------------------
                                 -0.31   slack (VIOLATED)



==========================================================================
global place report_power
--------------------------------------------------------------------------
Group                  Internal  Switching    Leakage      Total
                          Power      Power      Power      Power (Watts)
----------------------------------------------------------------
Sequential             1.11e-02   1.41e-03   1.56e-04   1.27e-02  16.5%
Combinational          2.98e-02   3.36e-02   4.29e-04   6.38e-02  83.0%
Clock                  1.63e-06   3.75e-04   2.97e-08   3.76e-04   0.5%
Macro                  0.00e+00   0.00e+00   0.00e+00   0.00e+00   0.0%
Pad                    0.00e+00   0.00e+00   0.00e+00   0.00e+00   0.0%
----------------------------------------------------------------
Total                  4.09e-02   3.54e-02   5.85e-04   7.69e-02 100.0%
                          53.2%      46.0%       0.8%
