OpenROAD v2.0-19576-gec1bf1a13 
Features included (+) or not (-): +GPU +GUI +Python : None
This program is licensed under the BSD-3 license. See the LICENSE file for details.
Components of this program may be licensed under more restrictive licenses which must be honored.
[INFO ORD-0030] Using 16 thread(s).
[INFO GPL-0002] DBU: 1000
[INFO GPL-0003] SiteSize: (  0.054  0.270 ) um
[INFO GPL-0004] CoreBBox: (  2.052  2.160 ) ( 75.168 60.480 ) um
[INFO GPL-0006] NumInstances:             19349
[INFO GPL-0007] NumPlaceInstances:        18699
[INFO GPL-0008] NumFixedInstances:          650
[INFO GPL-0009] NumDummyInstances:            0
[INFO GPL-0010] NumNets:                  19431
[INFO GPL-0011] NumPins:                  69487
[INFO GPL-0012] DieBBox:  (  0.000  0.000 ) ( 77.208 62.566 ) um
[INFO GPL-0013] CoreBBox: (  2.052  2.160 ) ( 75.168 60.480 ) um
[INFO GPL-0016] CoreArea:              4264.125 um^2
[INFO GPL-0017] NonPlaceInstsArea:       18.954 um^2
[INFO GPL-0018] PlaceInstsArea:        2323.206 um^2
[INFO GPL-0019] Util:                    54.726 %
[INFO GPL-0020] StdInstsArea:          2323.206 um^2
[INFO GPL-0021] MacroInstsArea:           0.000 um^2
[INFO GPL-0031] FillerInit:NumGCells:     35487
[INFO GPL-0032] FillerInit:NumGNets:      19431
[INFO GPL-0033] FillerInit:NumGPins:      69487
[INFO GPL-0023] TargetDensity:            1.000
[INFO GPL-0024] AvrgPlaceInstArea:        0.124 um^2
[INFO GPL-0025] IdealBinArea:             0.124 um^2
[INFO GPL-0026] IdealBinCnt:              34321
[INFO GPL-0027] TotalBinArea:          4264.125 um^2
[INFO GPL-0028] BinCnt:       128    128
[INFO GPL-0029] BinSize: (  0.572  0.456 )
[INFO GPL-0030] NumBins: 16384
Placement density is 0.6930810308456421, computed from PLACE_DENSITY_LB_ADDON 0.30 and lower bound 0.5472586154937744
global_placement -density 0.6930810308456421 -pad_left 0 -pad_right 0 -routability_driven -timing_driven
[INFO GPL-0002] DBU: 1000
[INFO GPL-0003] SiteSize: (  0.054  0.270 ) um
[INFO GPL-0004] CoreBBox: (  2.052  2.160 ) ( 75.168 60.480 ) um
[INFO GPL-0006] NumInstances:             19349
[INFO GPL-0007] NumPlaceInstances:        18699
[INFO GPL-0008] NumFixedInstances:          650
[INFO GPL-0009] NumDummyInstances:            0
[INFO GPL-0010] NumNets:                  19431
[INFO GPL-0011] NumPins:                  69487
[INFO GPL-0012] DieBBox:  (  0.000  0.000 ) ( 77.208 62.566 ) um
[INFO GPL-0013] CoreBBox: (  2.052  2.160 ) ( 75.168 60.480 ) um
[INFO GPL-0016] CoreArea:              4264.125 um^2
[INFO GPL-0017] NonPlaceInstsArea:       18.954 um^2
[INFO GPL-0018] PlaceInstsArea:        2323.206 um^2
[INFO GPL-0019] Util:                    54.726 %
[INFO GPL-0020] StdInstsArea:          2323.206 um^2
[INFO GPL-0021] MacroInstsArea:           0.000 um^2
[InitialPlace]  Iter: 1 CG residual: 0.00002725 HPWL: 97724401
[InitialPlace]  Iter: 2 CG residual: 0.00000348 HPWL: 31399654
[InitialPlace]  Iter: 3 CG residual: 0.00000150 HPWL: 30982788
[InitialPlace]  Iter: 4 CG residual: 0.00000050 HPWL: 31014469
[InitialPlace]  Iter: 5 CG residual: 0.00000042 HPWL: 30849755
[INFO GPL-0031] FillerInit:NumGCells:     24106
[INFO GPL-0032] FillerInit:NumGNets:      19431
[INFO GPL-0033] FillerInit:NumGPins:      69487
[INFO GPL-0023] TargetDensity:            0.693
[INFO GPL-0024] AvrgPlaceInstArea:        0.124 um^2
[INFO GPL-0025] IdealBinArea:             0.179 um^2
[INFO GPL-0026] IdealBinCnt:              23787
[INFO GPL-0027] TotalBinArea:          4264.125 um^2
[INFO GPL-0028] BinCnt:       128    128
[INFO GPL-0029] BinSize: (  0.572  0.456 )
[INFO GPL-0030] NumBins: 16384
[NesterovSolve] Iter:    1 overflow: 0.971 HPWL: 25753074
[NesterovSolve] Iter:   10 overflow: 0.948 HPWL: 22904028
[NesterovSolve] Iter:   20 overflow: 0.934 HPWL: 25029099
[NesterovSolve] Iter:   30 overflow: 0.926 HPWL: 25806063
[NesterovSolve] Iter:   40 overflow: 0.922 HPWL: 26076405
[NesterovSolve] Iter:   50 overflow: 0.919 HPWL: 26194696
[NesterovSolve] Iter:   60 overflow: 0.919 HPWL: 26203786
[NesterovSolve] Iter:   70 overflow: 0.918 HPWL: 26282834
[NesterovSolve] Iter:   80 overflow: 0.919 HPWL: 26293351
[NesterovSolve] Iter:   90 overflow: 0.919 HPWL: 26192629
[NesterovSolve] Iter:  100 overflow: 0.920 HPWL: 26088123
[NesterovSolve] Iter:  110 overflow: 0.920 HPWL: 26125161
[NesterovSolve] Iter:  120 overflow: 0.919 HPWL: 26424053
[NesterovSolve] Iter:  130 overflow: 0.917 HPWL: 27062465
[NesterovSolve] Iter:  140 overflow: 0.915 HPWL: 27959853
[NesterovSolve] Iter:  150 overflow: 0.910 HPWL: 29139639
[NesterovSolve] Iter:  160 overflow: 0.905 HPWL: 30813492
[NesterovSolve] Iter:  170 overflow: 0.897 HPWL: 33131967
[NesterovSolve] Iter:  180 overflow: 0.885 HPWL: 36035934
[NesterovSolve] Iter:  190 overflow: 0.870 HPWL: 39303419
[NesterovSolve] Iter:  200 overflow: 0.850 HPWL: 42577296
[NesterovSolve] Iter:  210 overflow: 0.825 HPWL: 46204609
[NesterovSolve] Iter:  220 overflow: 0.797 HPWL: 49823932
[INFO GPL-0100] Timing-driven iteration 1/5, virtual: true.
[INFO GPL-0101]    Iter: 224, overflow: 0.784, keep rsz at: 0.3, HPWL: 51088381
Iteration |   Area    | Resized | Buffers | Nets repaired | Remaining
---------------------------------------------------------------------
        0 |     +0.0% |       0 |       0 |             0 |     19431
    final |     +4.4% |    2898 |      12 |             1 |         0
---------------------------------------------------------------------
[INFO RSZ-0034] Found 1 slew violations.
[INFO RSZ-0039] Resized 2898 instances.
[INFO RSZ-0038] Inserted 12 buffers in 1 nets.
[INFO GPL-0106] Timing-driven: worst slack -2.12e-10
[INFO GPL-0103] Timing-driven: weighted 1941 nets.
[NesterovSolve] Iter:  230 overflow: 0.766 HPWL: 51864569
[NesterovSolve] Iter:  240 overflow: 0.735 HPWL: 55148906
[NesterovSolve] Iter:  250 overflow: 0.696 HPWL: 59018541
[NesterovSolve] Iter:  260 overflow: 0.653 HPWL: 62265779
[INFO GPL-0100] Timing-driven iteration 2/5, virtual: true.
[INFO GPL-0101]    Iter: 265, overflow: 0.631, keep rsz at: 0.3, HPWL: 64084323
Iteration |   Area    | Resized | Buffers | Nets repaired | Remaining
---------------------------------------------------------------------
        0 |     +0.0% |       0 |       0 |             0 |     19431
    final |     +4.9% |    2991 |      15 |             1 |         0
---------------------------------------------------------------------
[INFO RSZ-0034] Found 1 slew violations.
[INFO RSZ-0039] Resized 2991 instances.
[INFO RSZ-0038] Inserted 15 buffers in 1 nets.
[INFO GPL-0106] Timing-driven: worst slack -2.71e-10
[INFO GPL-0103] Timing-driven: weighted 1942 nets.
[NesterovSolve] Iter:  270 overflow: 0.605 HPWL: 65931397
[INFO GPL-0088] Routability snapshot saved at iter = 271
[NesterovSolve] Iter:  280 overflow: 0.548 HPWL: 69548414
[NesterovSolve] Iter:  290 overflow: 0.485 HPWL: 73319046
[NesterovSolve] Iter:  300 overflow: 0.430 HPWL: 76224818
[NesterovSolve] Iter:  310 overflow: 0.379 HPWL: 78101089
[NesterovSolve] Iter:  320 overflow: 0.336 HPWL: 79322664
[NesterovSolve] Iter:  330 overflow: 0.303 HPWL: 80541402
[INFO GPL-0075] Routability iteration: 1
[INFO GPL-0036] TileBBox: (    0    0 ) (  540  540 ) DBU
[INFO GPL-0038] TileCnt:     142  115
[INFO GPL-0040] NumTiles: 16330
[INFO GPL-0081] TotalRouteOverflow: 78.4736
[INFO GPL-0082] OverflowTileCnt: 1085
[INFO GPL-0083] 0.5%RC: 1.2058
[INFO GPL-0084] 1.0%RC: 1.1798
[INFO GPL-0085] 2.0%RC: 1.1462
[INFO GPL-0086] 5.0%RC: 1.0920
[INFO GPL-0087] FinalRC: 1.1927857
[INFO GPL-0078] FinalRC lower than minRC (1000000015047466219876688855040.0000), min RC updated.
[INFO GPL-0045] InflatedAreaDelta:       95.961 um^2 (+4.13%)
[INFO GPL-0046] TargetDensity:            0.693
[INFO GPL-0049] WhiteSpaceArea:        4245.171 um^2
[INFO GPL-0050] NesterovInstsArea:     2323.206 um^2
[INFO GPL-0051] TotalFillerArea:        619.041 um^2
[INFO GPL-0052] TotalGCellsArea:       2942.248 um^2
[INFO GPL-0053] ExpectedGCellsArea:    3038.209 um^2
[INFO GPL-0054] NewTargetDensity:         0.716
[INFO GPL-0055] NewWhiteSpaceArea:     4245.171 um^2
[INFO GPL-0056] MovableArea:           3038.209 um^2
[INFO GPL-0057] NewNesterovInstArea:   2419.168 um^2
[INFO GPL-0058] NewTotalFillerArea:     619.041 um^2
[INFO GPL-0059] NewTotalGCellsArea:    3038.209 um^2
[INFO GPL-0089] Routability: revert back to snapshot
[NesterovSolve] Iter:  340 overflow: 0.544 HPWL: 71068852
[NesterovSolve] Iter:  350 overflow: 0.499 HPWL: 74090653
[NesterovSolve] Iter:  360 overflow: 0.454 HPWL: 76075630
[NesterovSolve] Iter:  370 overflow: 0.412 HPWL: 77563789
[NesterovSolve] Iter:  380 overflow: 0.375 HPWL: 78871331
[NesterovSolve] Iter:  390 overflow: 0.336 HPWL: 80683323
[NesterovSolve] Iter:  400 overflow: 0.303 HPWL: 81273618
[INFO GPL-0075] Routability iteration: 2
[INFO GPL-0036] TileBBox: (    0    0 ) (  540  540 ) DBU
[INFO GPL-0038] TileCnt:     142  115
[INFO GPL-0040] NumTiles: 16330
[INFO GPL-0081] TotalRouteOverflow: 50.6361
[INFO GPL-0082] OverflowTileCnt: 950
[INFO GPL-0083] 0.5%RC: 1.1520
[INFO GPL-0084] 1.0%RC: 1.1286
[INFO GPL-0085] 2.0%RC: 1.1020
[INFO GPL-0086] 5.0%RC: 1.0611
[INFO GPL-0087] FinalRC: 1.1403217
[INFO GPL-0078] FinalRC lower than minRC (1.1928), min RC updated.
[INFO GPL-0045] InflatedAreaDelta:       60.826 um^2 (+2.51%)
[INFO GPL-0046] TargetDensity:            0.716
[INFO GPL-0049] WhiteSpaceArea:        4245.171 um^2
[INFO GPL-0050] NesterovInstsArea:     2419.168 um^2
[INFO GPL-0051] TotalFillerArea:        619.041 um^2
[INFO GPL-0052] TotalGCellsArea:       3038.209 um^2
[INFO GPL-0053] ExpectedGCellsArea:    3099.035 um^2
[INFO GPL-0054] NewTargetDensity:         0.730
[INFO GPL-0055] NewWhiteSpaceArea:     4245.171 um^2
[INFO GPL-0056] MovableArea:           3099.035 um^2
[INFO GPL-0057] NewNesterovInstArea:   2479.994 um^2
[INFO GPL-0058] NewTotalFillerArea:     619.041 um^2
[INFO GPL-0059] NewTotalGCellsArea:    3099.035 um^2
[INFO GPL-0089] Routability: revert back to snapshot
[NesterovSolve] Iter:  410 overflow: 0.545 HPWL: 71780498
[NesterovSolve] Iter:  420 overflow: 0.502 HPWL: 75045458
[NesterovSolve] Iter:  430 overflow: 0.457 HPWL: 76978783
[NesterovSolve] Iter:  440 overflow: 0.413 HPWL: 78420751
[NesterovSolve] Iter:  450 overflow: 0.376 HPWL: 79617994
[NesterovSolve] Iter:  460 overflow: 0.341 HPWL: 81555144
[NesterovSolve] Iter:  470 overflow: 0.306 HPWL: 82116555
[INFO GPL-0075] Routability iteration: 3
[INFO GPL-0036] TileBBox: (    0    0 ) (  540  540 ) DBU
[INFO GPL-0038] TileCnt:     142  115
[INFO GPL-0040] NumTiles: 16330
[INFO GPL-0081] TotalRouteOverflow: 40.2588
[INFO GPL-0082] OverflowTileCnt: 835
[INFO GPL-0083] 0.5%RC: 1.1378
[INFO GPL-0084] 1.0%RC: 1.1149
[INFO GPL-0085] 2.0%RC: 1.0897
[INFO GPL-0086] 5.0%RC: 1.0493
[INFO GPL-0087] FinalRC: 1.1263264
[INFO GPL-0078] FinalRC lower than minRC (1.1403), min RC updated.
[INFO GPL-0045] InflatedAreaDelta:       47.937 um^2 (+1.93%)
[INFO GPL-0046] TargetDensity:            0.730
[INFO GPL-0049] WhiteSpaceArea:        4245.171 um^2
[INFO GPL-0050] NesterovInstsArea:     2479.994 um^2
[INFO GPL-0051] TotalFillerArea:        619.041 um^2
[INFO GPL-0052] TotalGCellsArea:       3099.035 um^2
[INFO GPL-0053] ExpectedGCellsArea:    3146.972 um^2
[INFO GPL-0054] NewTargetDensity:         0.741
[INFO GPL-0055] NewWhiteSpaceArea:     4245.171 um^2
[INFO GPL-0056] MovableArea:           3146.972 um^2
[INFO GPL-0057] NewNesterovInstArea:   2527.930 um^2
[INFO GPL-0058] NewTotalFillerArea:     619.041 um^2
[INFO GPL-0059] NewTotalGCellsArea:    3146.972 um^2
[INFO GPL-0089] Routability: revert back to snapshot
[NesterovSolve] Iter:  480 overflow: 0.550 HPWL: 72050382
[NesterovSolve] Iter:  490 overflow: 0.506 HPWL: 75723119
[NesterovSolve] Iter:  500 overflow: 0.461 HPWL: 77684990
[NesterovSolve] Iter:  510 overflow: 0.418 HPWL: 79046889
[NesterovSolve] Iter:  520 overflow: 0.380 HPWL: 80279961
[NesterovSolve] Iter:  530 overflow: 0.341 HPWL: 82189373
[NesterovSolve] Iter:  540 overflow: 0.308 HPWL: 82760919
[INFO GPL-0075] Routability iteration: 4
[INFO GPL-0036] TileBBox: (    0    0 ) (  540  540 ) DBU
[INFO GPL-0038] TileCnt:     142  115
[INFO GPL-0040] NumTiles: 16330
[INFO GPL-0081] TotalRouteOverflow: 40.5372
[INFO GPL-0082] OverflowTileCnt: 834
[INFO GPL-0083] 0.5%RC: 1.1438
[INFO GPL-0084] 1.0%RC: 1.1181
[INFO GPL-0085] 2.0%RC: 1.0907
[INFO GPL-0086] 5.0%RC: 1.0496
[INFO GPL-0087] FinalRC: 1.1309471
[INFO GPL-0079] MinRC (1.1263264) violation occurred, total count: 1.
[INFO GPL-0045] InflatedAreaDelta:       50.318 um^2 (+1.99%)
[INFO GPL-0046] TargetDensity:            0.741
[INFO GPL-0049] WhiteSpaceArea:        4245.171 um^2
[INFO GPL-0050] NesterovInstsArea:     2527.930 um^2
[INFO GPL-0051] TotalFillerArea:        619.041 um^2
[INFO GPL-0052] TotalGCellsArea:       3146.972 um^2
[INFO GPL-0053] ExpectedGCellsArea:    3197.290 um^2
[INFO GPL-0054] NewTargetDensity:         0.753
[INFO GPL-0055] NewWhiteSpaceArea:     4245.171 um^2
[INFO GPL-0056] MovableArea:           3197.290 um^2
[INFO GPL-0057] NewNesterovInstArea:   2578.249 um^2
[INFO GPL-0058] NewTotalFillerArea:     619.041 um^2
[INFO GPL-0059] NewTotalGCellsArea:    3197.290 um^2
[INFO GPL-0089] Routability: revert back to snapshot
[NesterovSolve] Iter:  550 overflow: 0.547 HPWL: 72915092
[NesterovSolve] Iter:  560 overflow: 0.504 HPWL: 76675173
[NesterovSolve] Iter:  570 overflow: 0.459 HPWL: 78511538
[NesterovSolve] Iter:  580 overflow: 0.417 HPWL: 79755603
[NesterovSolve] Iter:  590 overflow: 0.378 HPWL: 80968046
[NesterovSolve] Iter:  600 overflow: 0.342 HPWL: 82821896
[NesterovSolve] Iter:  610 overflow: 0.306 HPWL: 83372251
[INFO GPL-0075] Routability iteration: 5
[INFO GPL-0036] TileBBox: (    0    0 ) (  540  540 ) DBU
[INFO GPL-0038] TileCnt:     142  115
[INFO GPL-0040] NumTiles: 16330
[INFO GPL-0081] TotalRouteOverflow: 34.0549
[INFO GPL-0082] OverflowTileCnt: 744
[INFO GPL-0083] 0.5%RC: 1.1250
[INFO GPL-0084] 1.0%RC: 1.1044
[INFO GPL-0085] 2.0%RC: 1.0804
[INFO GPL-0086] 5.0%RC: 1.0414
[INFO GPL-0087] FinalRC: 1.1146989
[INFO GPL-0078] FinalRC lower than minRC (1.1263), min RC updated.
[INFO GPL-0045] InflatedAreaDelta:       43.502 um^2 (+1.69%)
[INFO GPL-0046] TargetDensity:            0.753
[INFO GPL-0049] WhiteSpaceArea:        4245.171 um^2
[INFO GPL-0050] NesterovInstsArea:     2578.249 um^2
[INFO GPL-0051] TotalFillerArea:        619.041 um^2
[INFO GPL-0052] TotalGCellsArea:       3197.290 um^2
[INFO GPL-0053] ExpectedGCellsArea:    3240.792 um^2
[INFO GPL-0054] NewTargetDensity:         0.763
[INFO GPL-0055] NewWhiteSpaceArea:     4245.171 um^2
[INFO GPL-0056] MovableArea:           3240.792 um^2
[INFO GPL-0057] NewNesterovInstArea:   2621.751 um^2
[INFO GPL-0058] NewTotalFillerArea:     619.041 um^2
[INFO GPL-0059] NewTotalGCellsArea:    3240.792 um^2
[INFO GPL-0089] Routability: revert back to snapshot
[NesterovSolve] Iter:  620 overflow: 0.545 HPWL: 73649915
[NesterovSolve] Iter:  630 overflow: 0.501 HPWL: 77505486
[NesterovSolve] Iter:  640 overflow: 0.459 HPWL: 79292615
[NesterovSolve] Iter:  650 overflow: 0.417 HPWL: 80389048
[NesterovSolve] Iter:  660 overflow: 0.379 HPWL: 81621265
[NesterovSolve] Iter:  670 overflow: 0.341 HPWL: 83454129
[NesterovSolve] Iter:  680 overflow: 0.306 HPWL: 83906738
[INFO GPL-0075] Routability iteration: 6
[INFO GPL-0036] TileBBox: (    0    0 ) (  540  540 ) DBU
[INFO GPL-0038] TileCnt:     142  115
[INFO GPL-0040] NumTiles: 16330
[INFO GPL-0081] TotalRouteOverflow: 28.5003
[INFO GPL-0082] OverflowTileCnt: 680
[INFO GPL-0083] 0.5%RC: 1.1155
[INFO GPL-0084] 1.0%RC: 1.0937
[INFO GPL-0085] 2.0%RC: 1.0703
[INFO GPL-0086] 5.0%RC: 1.0340
[INFO GPL-0087] FinalRC: 1.1046046
[INFO GPL-0078] FinalRC lower than minRC (1.1147), min RC updated.
[INFO GPL-0045] InflatedAreaDelta:       34.805 um^2 (+1.33%)
[INFO GPL-0046] TargetDensity:            0.763
[INFO GPL-0049] WhiteSpaceArea:        4245.171 um^2
[INFO GPL-0050] NesterovInstsArea:     2621.751 um^2
[INFO GPL-0051] TotalFillerArea:        619.041 um^2
[INFO GPL-0052] TotalGCellsArea:       3240.792 um^2
[INFO GPL-0053] ExpectedGCellsArea:    3275.597 um^2
[INFO GPL-0054] NewTargetDensity:         0.772
[INFO GPL-0055] NewWhiteSpaceArea:     4245.171 um^2
[INFO GPL-0056] MovableArea:           3275.597 um^2
[INFO GPL-0057] NewNesterovInstArea:   2656.556 um^2
[INFO GPL-0058] NewTotalFillerArea:     619.041 um^2
[INFO GPL-0059] NewTotalGCellsArea:    3275.597 um^2
[INFO GPL-0089] Routability: revert back to snapshot
[NesterovSolve] Iter:  690 overflow: 0.543 HPWL: 74159221
[NesterovSolve] Iter:  700 overflow: 0.501 HPWL: 78099739
[NesterovSolve] Iter:  710 overflow: 0.457 HPWL: 79863447
[NesterovSolve] Iter:  720 overflow: 0.416 HPWL: 80899095
[NesterovSolve] Iter:  730 overflow: 0.379 HPWL: 82038824
[NesterovSolve] Iter:  740 overflow: 0.342 HPWL: 83842378
[NesterovSolve] Iter:  750 overflow: 0.306 HPWL: 84285900
[INFO GPL-0075] Routability iteration: 7
[INFO GPL-0036] TileBBox: (    0    0 ) (  540  540 ) DBU
[INFO GPL-0038] TileCnt:     142  115
[INFO GPL-0040] NumTiles: 16330
[INFO GPL-0081] TotalRouteOverflow: 25.9385
[INFO GPL-0082] OverflowTileCnt: 604
[INFO GPL-0083] 0.5%RC: 1.1153
[INFO GPL-0084] 1.0%RC: 1.0925
[INFO GPL-0085] 2.0%RC: 1.0676
[INFO GPL-0086] 5.0%RC: 1.0298
[INFO GPL-0087] FinalRC: 1.1039155
[INFO GPL-0079] MinRC (1.1046046) violation occurred, total count: 1.
[INFO GPL-0045] InflatedAreaDelta:       30.740 um^2 (+1.16%)
[INFO GPL-0046] TargetDensity:            0.772
[INFO GPL-0049] WhiteSpaceArea:        4245.171 um^2
[INFO GPL-0050] NesterovInstsArea:     2656.556 um^2
[INFO GPL-0051] TotalFillerArea:        619.041 um^2
[INFO GPL-0052] TotalGCellsArea:       3275.597 um^2
[INFO GPL-0053] ExpectedGCellsArea:    3306.337 um^2
[INFO GPL-0054] NewTargetDensity:         0.779
[INFO GPL-0055] NewWhiteSpaceArea:     4245.171 um^2
[INFO GPL-0056] MovableArea:           3306.338 um^2
[INFO GPL-0057] NewNesterovInstArea:   2687.296 um^2
[INFO GPL-0058] NewTotalFillerArea:     619.041 um^2
[INFO GPL-0059] NewTotalGCellsArea:    3306.338 um^2
[INFO GPL-0089] Routability: revert back to snapshot
[NesterovSolve] Iter:  760 overflow: 0.534 HPWL: 75050869
[NesterovSolve] Iter:  770 overflow: 0.496 HPWL: 78873451
[NesterovSolve] Iter:  780 overflow: 0.452 HPWL: 80416477
[NesterovSolve] Iter:  790 overflow: 0.411 HPWL: 81345980
[NesterovSolve] Iter:  800 overflow: 0.374 HPWL: 82608087
[NesterovSolve] Iter:  810 overflow: 0.337 HPWL: 84319863
[NesterovSolve] Iter:  820 overflow: 0.305 HPWL: 84588958
[INFO GPL-0075] Routability iteration: 8
[INFO GPL-0036] TileBBox: (    0    0 ) (  540  540 ) DBU
[INFO GPL-0038] TileCnt:     142  115
[INFO GPL-0040] NumTiles: 16330
[INFO GPL-0081] TotalRouteOverflow: 25.7938
[INFO GPL-0082] OverflowTileCnt: 614
[INFO GPL-0083] 0.5%RC: 1.1137
[INFO GPL-0084] 1.0%RC: 1.0921
[INFO GPL-0085] 2.0%RC: 1.0672
[INFO GPL-0086] 5.0%RC: 1.0299
[INFO GPL-0087] FinalRC: 1.1029145
[INFO GPL-0078] FinalRC lower than minRC (1.1046), min RC updated.
[INFO GPL-0045] InflatedAreaDelta:       29.693 um^2 (+1.10%)
[INFO GPL-0046] TargetDensity:            0.779
[INFO GPL-0049] WhiteSpaceArea:        4245.171 um^2
[INFO GPL-0050] NesterovInstsArea:     2687.296 um^2
[INFO GPL-0051] TotalFillerArea:        619.041 um^2
[INFO GPL-0052] TotalGCellsArea:       3306.338 um^2
[INFO GPL-0053] ExpectedGCellsArea:    3336.030 um^2
[INFO GPL-0054] NewTargetDensity:         0.786
[INFO GPL-0055] NewWhiteSpaceArea:     4245.171 um^2
[INFO GPL-0056] MovableArea:           3336.030 um^2
[INFO GPL-0057] NewNesterovInstArea:   2716.989 um^2
[INFO GPL-0058] NewTotalFillerArea:     619.041 um^2
[INFO GPL-0059] NewTotalGCellsArea:    3336.030 um^2
[INFO GPL-0089] Routability: revert back to snapshot
[NesterovSolve] Iter:  830 overflow: 0.532 HPWL: 75534025
[NesterovSolve] Iter:  840 overflow: 0.495 HPWL: 79419311
[NesterovSolve] Iter:  850 overflow: 0.452 HPWL: 80893571
[NesterovSolve] Iter:  860 overflow: 0.409 HPWL: 81712008
[NesterovSolve] Iter:  870 overflow: 0.372 HPWL: 82937128
[NesterovSolve] Iter:  880 overflow: 0.338 HPWL: 84576537
[NesterovSolve] Iter:  890 overflow: 0.304 HPWL: 84837264
[INFO GPL-0075] Routability iteration: 9
[INFO GPL-0036] TileBBox: (    0    0 ) (  540  540 ) DBU
[INFO GPL-0038] TileCnt:     142  115
[INFO GPL-0040] NumTiles: 16330
[INFO GPL-0081] TotalRouteOverflow: 23.9709
[INFO GPL-0082] OverflowTileCnt: 578
[INFO GPL-0083] 0.5%RC: 1.1112
[INFO GPL-0084] 1.0%RC: 1.0890
[INFO GPL-0085] 2.0%RC: 1.0639
[INFO GPL-0086] 5.0%RC: 1.0269
[INFO GPL-0087] FinalRC: 1.100107
[INFO GPL-0078] FinalRC lower than minRC (1.1029), min RC updated.
[INFO GPL-0045] InflatedAreaDelta:       31.122 um^2 (+1.15%)
[INFO GPL-0046] TargetDensity:            0.786
[INFO GPL-0049] WhiteSpaceArea:        4245.171 um^2
[INFO GPL-0050] NesterovInstsArea:     2716.989 um^2
[INFO GPL-0051] TotalFillerArea:        619.041 um^2
[INFO GPL-0052] TotalGCellsArea:       3336.030 um^2
[INFO GPL-0053] ExpectedGCellsArea:    3367.153 um^2
[INFO GPL-0054] NewTargetDensity:         0.793
[INFO GPL-0055] NewWhiteSpaceArea:     4245.171 um^2
[INFO GPL-0056] MovableArea:           3367.153 um^2
[INFO GPL-0057] NewNesterovInstArea:   2748.111 um^2
[INFO GPL-0058] NewTotalFillerArea:     619.041 um^2
[INFO GPL-0059] NewTotalGCellsArea:    3367.153 um^2
[INFO GPL-0089] Routability: revert back to snapshot
[NesterovSolve] Iter:  900 overflow: 0.531 HPWL: 76076299
[NesterovSolve] Iter:  910 overflow: 0.495 HPWL: 79964289
[NesterovSolve] Iter:  920 overflow: 0.451 HPWL: 81405456
[NesterovSolve] Iter:  930 overflow: 0.409 HPWL: 82045742
[NesterovSolve] Iter:  940 overflow: 0.372 HPWL: 83307515
[NesterovSolve] Iter:  950 overflow: 0.335 HPWL: 84991739
[NesterovSolve] Iter:  960 overflow: 0.301 HPWL: 85252968
[INFO GPL-0075] Routability iteration: 10
[INFO GPL-0036] TileBBox: (    0    0 ) (  540  540 ) DBU
[INFO GPL-0038] TileCnt:     142  115
[INFO GPL-0040] NumTiles: 16330
[INFO GPL-0081] TotalRouteOverflow: 23.0087
[INFO GPL-0082] OverflowTileCnt: 572
[INFO GPL-0083] 0.5%RC: 1.1077
[INFO GPL-0084] 1.0%RC: 1.0858
[INFO GPL-0085] 2.0%RC: 1.0614
[INFO GPL-0086] 5.0%RC: 1.0254
[INFO GPL-0087] FinalRC: 1.0967543
[INFO GPL-0078] FinalRC lower than minRC (1.1001), min RC updated.
[INFO GPL-0045] InflatedAreaDelta:       28.380 um^2 (+1.03%)
[INFO GPL-0046] TargetDensity:            0.793
[INFO GPL-0049] WhiteSpaceArea:        4245.171 um^2
[INFO GPL-0050] NesterovInstsArea:     2748.111 um^2
[INFO GPL-0051] TotalFillerArea:        619.041 um^2
[INFO GPL-0052] TotalGCellsArea:       3367.153 um^2
[INFO GPL-0053] ExpectedGCellsArea:    3395.533 um^2
[INFO GPL-0054] NewTargetDensity:         0.800
[INFO GPL-0055] NewWhiteSpaceArea:     4245.171 um^2
[INFO GPL-0056] MovableArea:           3395.533 um^2
[INFO GPL-0057] NewNesterovInstArea:   2776.491 um^2
[INFO GPL-0058] NewTotalFillerArea:     619.042 um^2
[INFO GPL-0059] NewTotalGCellsArea:    3395.533 um^2
[INFO GPL-0089] Routability: revert back to snapshot
[NesterovSolve] Iter:  970 overflow: 0.524 HPWL: 77312692
[NesterovSolve] Iter:  980 overflow: 0.489 HPWL: 80656704
[NesterovSolve] Iter:  990 overflow: 0.447 HPWL: 82041845
[NesterovSolve] Iter: 1000 overflow: 0.404 HPWL: 82402517
[NesterovSolve] Iter: 1010 overflow: 0.366 HPWL: 83884628
[NesterovSolve] Iter: 1020 overflow: 0.331 HPWL: 85327144
[NesterovSolve] Iter: 1030 overflow: 0.298 HPWL: 85553190
[INFO GPL-0075] Routability iteration: 11
[INFO GPL-0036] TileBBox: (    0    0 ) (  540  540 ) DBU
[INFO GPL-0038] TileCnt:     142  115
[INFO GPL-0040] NumTiles: 16330
[INFO GPL-0081] TotalRouteOverflow: 22.6257
[INFO GPL-0082] OverflowTileCnt: 559
[INFO GPL-0083] 0.5%RC: 1.1039
[INFO GPL-0084] 1.0%RC: 1.0845
[INFO GPL-0085] 2.0%RC: 1.0614
[INFO GPL-0086] 5.0%RC: 1.0247
[INFO GPL-0087] FinalRC: 1.094195
[INFO GPL-0078] FinalRC lower than minRC (1.0968), min RC updated.
[INFO GPL-0045] InflatedAreaDelta:       27.727 um^2 (+1.00%)
[INFO GPL-0046] TargetDensity:            0.800
[INFO GPL-0049] WhiteSpaceArea:        4245.171 um^2
[INFO GPL-0050] NesterovInstsArea:     2776.491 um^2
[INFO GPL-0051] TotalFillerArea:        619.042 um^2
[INFO GPL-0052] TotalGCellsArea:       3395.533 um^2
[INFO GPL-0053] ExpectedGCellsArea:    3423.259 um^2
[INFO GPL-0054] NewTargetDensity:         0.806
[INFO GPL-0055] NewWhiteSpaceArea:     4245.171 um^2
[INFO GPL-0056] MovableArea:           3423.259 um^2
[INFO GPL-0057] NewNesterovInstArea:   2804.218 um^2
[INFO GPL-0058] NewTotalFillerArea:     619.042 um^2
[INFO GPL-0059] NewTotalGCellsArea:    3423.259 um^2
[INFO GPL-0089] Routability: revert back to snapshot
[NesterovSolve] Iter: 1040 overflow: 0.517 HPWL: 78004085
[NesterovSolve] Iter: 1050 overflow: 0.483 HPWL: 81333320
[NesterovSolve] Iter: 1060 overflow: 0.442 HPWL: 82567048
[NesterovSolve] Iter: 1070 overflow: 0.400 HPWL: 82663172
[NesterovSolve] Iter: 1080 overflow: 0.361 HPWL: 84341600
[NesterovSolve] Iter: 1090 overflow: 0.327 HPWL: 85566104
[INFO GPL-0075] Routability iteration: 12
[INFO GPL-0036] TileBBox: (    0    0 ) (  540  540 ) DBU
[INFO GPL-0038] TileCnt:     142  115
[INFO GPL-0040] NumTiles: 16330
[INFO GPL-0081] TotalRouteOverflow: 19.5668
[INFO GPL-0082] OverflowTileCnt: 531
[INFO GPL-0083] 0.5%RC: 1.0949
[INFO GPL-0084] 1.0%RC: 1.0750
[INFO GPL-0085] 2.0%RC: 1.0535
[INFO GPL-0086] 5.0%RC: 1.0200
[INFO GPL-0087] FinalRC: 1.0849444
[INFO GPL-0078] FinalRC lower than minRC (1.0942), min RC updated.
[INFO GPL-0045] InflatedAreaDelta:       24.459 um^2 (+0.87%)
[INFO GPL-0046] TargetDensity:            0.806
[INFO GPL-0049] WhiteSpaceArea:        4245.171 um^2
[INFO GPL-0050] NesterovInstsArea:     2804.218 um^2
[INFO GPL-0051] TotalFillerArea:        619.042 um^2
[INFO GPL-0052] TotalGCellsArea:       3423.259 um^2
[INFO GPL-0053] ExpectedGCellsArea:    3447.718 um^2
[INFO GPL-0054] NewTargetDensity:         0.812
[INFO GPL-0055] NewWhiteSpaceArea:     4245.171 um^2
[INFO GPL-0056] MovableArea:           3447.718 um^2
[INFO GPL-0057] NewNesterovInstArea:   2828.677 um^2
[INFO GPL-0058] NewTotalFillerArea:     619.041 um^2
[INFO GPL-0059] NewTotalGCellsArea:    3447.718 um^2
[INFO GPL-0089] Routability: revert back to snapshot
[NesterovSolve] Iter: 1100 overflow: 0.603 HPWL: 68433248
[NesterovSolve] Iter: 1110 overflow: 0.512 HPWL: 79900514
[NesterovSolve] Iter: 1120 overflow: 0.474 HPWL: 81966912
[NesterovSolve] Iter: 1130 overflow: 0.433 HPWL: 82967684
[NesterovSolve] Iter: 1140 overflow: 0.393 HPWL: 83205884
[NesterovSolve] Iter: 1150 overflow: 0.355 HPWL: 84980757
[NesterovSolve] Iter: 1160 overflow: 0.320 HPWL: 85875887
[INFO GPL-0075] Routability iteration: 13
[INFO GPL-0036] TileBBox: (    0    0 ) (  540  540 ) DBU
[INFO GPL-0038] TileCnt:     142  115
[INFO GPL-0040] NumTiles: 16330
[INFO GPL-0081] TotalRouteOverflow: 17.0594
[INFO GPL-0082] OverflowTileCnt: 486
[INFO GPL-0083] 0.5%RC: 1.0859
[INFO GPL-0084] 1.0%RC: 1.0685
[INFO GPL-0085] 2.0%RC: 1.0481
[INFO GPL-0086] 5.0%RC: 1.0159
[INFO GPL-0087] FinalRC: 1.0772374
[INFO GPL-0078] FinalRC lower than minRC (1.0849), min RC updated.
[INFO GPL-0045] InflatedAreaDelta:       21.216 um^2 (+0.75%)
[INFO GPL-0046] TargetDensity:            0.812
[INFO GPL-0049] WhiteSpaceArea:        4245.171 um^2
[INFO GPL-0050] NesterovInstsArea:     2828.677 um^2
[INFO GPL-0051] TotalFillerArea:        619.041 um^2
[INFO GPL-0052] TotalGCellsArea:       3447.718 um^2
[INFO GPL-0053] ExpectedGCellsArea:    3468.935 um^2
[INFO GPL-0054] NewTargetDensity:         0.817
[INFO GPL-0055] NewWhiteSpaceArea:     4245.171 um^2
[INFO GPL-0056] MovableArea:           3468.935 um^2
[INFO GPL-0057] NewNesterovInstArea:   2849.893 um^2
[INFO GPL-0058] NewTotalFillerArea:     619.042 um^2
[INFO GPL-0059] NewTotalGCellsArea:    3468.935 um^2
[INFO GPL-0089] Routability: revert back to snapshot
[NesterovSolve] Iter: 1170 overflow: 0.586 HPWL: 71141922
[NesterovSolve] Iter: 1180 overflow: 0.509 HPWL: 80393063
[NesterovSolve] Iter: 1190 overflow: 0.469 HPWL: 82378510
[NesterovSolve] Iter: 1200 overflow: 0.427 HPWL: 83175713
[NesterovSolve] Iter: 1210 overflow: 0.389 HPWL: 83550214
[NesterovSolve] Iter: 1220 overflow: 0.349 HPWL: 85409615
[NesterovSolve] Iter: 1230 overflow: 0.316 HPWL: 86047074
[INFO GPL-0075] Routability iteration: 14
[INFO GPL-0036] TileBBox: (    0    0 ) (  540  540 ) DBU
[INFO GPL-0038] TileCnt:     142  115
[INFO GPL-0040] NumTiles: 16330
[INFO GPL-0081] TotalRouteOverflow: 16.7225
[INFO GPL-0082] OverflowTileCnt: 474
[INFO GPL-0083] 0.5%RC: 1.0852
[INFO GPL-0084] 1.0%RC: 1.0685
[INFO GPL-0085] 2.0%RC: 1.0479
[INFO GPL-0086] 5.0%RC: 1.0147
[INFO GPL-0087] FinalRC: 1.0768552
[INFO GPL-0079] MinRC (1.0772374) violation occurred, total count: 1.
[INFO GPL-0045] InflatedAreaDelta:       19.171 um^2 (+0.67%)
[INFO GPL-0046] TargetDensity:            0.817
[INFO GPL-0049] WhiteSpaceArea:        4245.171 um^2
[INFO GPL-0050] NesterovInstsArea:     2849.893 um^2
[INFO GPL-0051] TotalFillerArea:        619.042 um^2
[INFO GPL-0052] TotalGCellsArea:       3468.935 um^2
[INFO GPL-0053] ExpectedGCellsArea:    3488.106 um^2
[INFO GPL-0054] NewTargetDensity:         0.822
[INFO GPL-0055] NewWhiteSpaceArea:     4245.171 um^2
[INFO GPL-0056] MovableArea:           3488.105 um^2
[INFO GPL-0057] NewNesterovInstArea:   2869.064 um^2
[INFO GPL-0058] NewTotalFillerArea:     619.042 um^2
[INFO GPL-0059] NewTotalGCellsArea:    3488.105 um^2
[INFO GPL-0089] Routability: revert back to snapshot
[NesterovSolve] Iter: 1240 overflow: 0.566 HPWL: 74007649
[NesterovSolve] Iter: 1250 overflow: 0.504 HPWL: 81193366
[NesterovSolve] Iter: 1260 overflow: 0.465 HPWL: 82829983
[NesterovSolve] Iter: 1270 overflow: 0.422 HPWL: 83323446
[NesterovSolve] Iter: 1280 overflow: 0.384 HPWL: 83894515
[NesterovSolve] Iter: 1290 overflow: 0.346 HPWL: 85732273
[NesterovSolve] Iter: 1300 overflow: 0.313 HPWL: 86161311
[INFO GPL-0075] Routability iteration: 15
[INFO GPL-0036] TileBBox: (    0    0 ) (  540  540 ) DBU
[INFO GPL-0038] TileCnt:     142  115
[INFO GPL-0040] NumTiles: 16330
[INFO GPL-0081] TotalRouteOverflow: 18.2151
[INFO GPL-0082] OverflowTileCnt: 485
[INFO GPL-0083] 0.5%RC: 1.0949
[INFO GPL-0084] 1.0%RC: 1.0745
[INFO GPL-0085] 2.0%RC: 1.0520
[INFO GPL-0086] 5.0%RC: 1.0169
[INFO GPL-0087] FinalRC: 1.0847082
[INFO GPL-0079] MinRC (1.0772374) violation occurred, total count: 2.
[INFO GPL-0045] InflatedAreaDelta:       24.054 um^2 (+0.84%)
[INFO GPL-0046] TargetDensity:            0.822
[INFO GPL-0049] WhiteSpaceArea:        4245.171 um^2
[INFO GPL-0050] NesterovInstsArea:     2869.064 um^2
[INFO GPL-0051] TotalFillerArea:        619.042 um^2
[INFO GPL-0052] TotalGCellsArea:       3488.105 um^2
[INFO GPL-0053] ExpectedGCellsArea:    3512.160 um^2
[INFO GPL-0054] NewTargetDensity:         0.827
[INFO GPL-0055] NewWhiteSpaceArea:     4245.171 um^2
[INFO GPL-0056] MovableArea:           3512.160 um^2
[INFO GPL-0057] NewNesterovInstArea:   2893.118 um^2
[INFO GPL-0058] NewTotalFillerArea:     619.041 um^2
[INFO GPL-0059] NewTotalGCellsArea:    3512.160 um^2
[INFO GPL-0089] Routability: revert back to snapshot
[NesterovSolve] Iter: 1310 overflow: 0.537 HPWL: 77122672
[NesterovSolve] Iter: 1320 overflow: 0.500 HPWL: 82179542
[NesterovSolve] Iter: 1330 overflow: 0.457 HPWL: 83442301
[NesterovSolve] Iter: 1340 overflow: 0.413 HPWL: 83548669
[NesterovSolve] Iter: 1350 overflow: 0.377 HPWL: 84537449
[NesterovSolve] Iter: 1360 overflow: 0.342 HPWL: 86194918
[NesterovSolve] Iter: 1370 overflow: 0.308 HPWL: 86371967
[INFO GPL-0075] Routability iteration: 16
[INFO GPL-0036] TileBBox: (    0    0 ) (  540  540 ) DBU
[INFO GPL-0038] TileCnt:     142  115
[INFO GPL-0040] NumTiles: 16330
[INFO GPL-0081] TotalRouteOverflow: 13.3869
[INFO GPL-0082] OverflowTileCnt: 412
[INFO GPL-0083] 0.5%RC: 1.0780
[INFO GPL-0084] 1.0%RC: 1.0605
[INFO GPL-0085] 2.0%RC: 1.0398
[INFO GPL-0086] 5.0%RC: 1.0085
[INFO GPL-0087] FinalRC: 1.0692462
[INFO GPL-0078] FinalRC lower than minRC (1.0772), min RC updated.
[INFO GPL-0045] InflatedAreaDelta:       17.116 um^2 (+0.59%)
[INFO GPL-0046] TargetDensity:            0.827
[INFO GPL-0049] WhiteSpaceArea:        4245.171 um^2
[INFO GPL-0050] NesterovInstsArea:     2893.118 um^2
[INFO GPL-0051] TotalFillerArea:        619.041 um^2
[INFO GPL-0052] TotalGCellsArea:       3512.160 um^2
[INFO GPL-0053] ExpectedGCellsArea:    3529.276 um^2
[INFO GPL-0054] NewTargetDensity:         0.831
[INFO GPL-0055] NewWhiteSpaceArea:     4245.171 um^2
[INFO GPL-0056] MovableArea:           3529.276 um^2
[INFO GPL-0057] NewNesterovInstArea:   2910.235 um^2
[INFO GPL-0058] NewTotalFillerArea:     619.041 um^2
[INFO GPL-0059] NewTotalGCellsArea:    3529.276 um^2
[INFO GPL-0089] Routability: revert back to snapshot
[NesterovSolve] Iter: 1380 overflow: 0.528 HPWL: 78302404
[NesterovSolve] Iter: 1390 overflow: 0.496 HPWL: 82500207
[NesterovSolve] Iter: 1400 overflow: 0.453 HPWL: 83725615
[NesterovSolve] Iter: 1410 overflow: 0.410 HPWL: 83591629
[NesterovSolve] Iter: 1420 overflow: 0.375 HPWL: 84856350
[NesterovSolve] Iter: 1430 overflow: 0.339 HPWL: 86254205
[NesterovSolve] Iter: 1440 overflow: 0.304 HPWL: 86425061
[INFO GPL-0075] Routability iteration: 17
[INFO GPL-0036] TileBBox: (    0    0 ) (  540  540 ) DBU
[INFO GPL-0038] TileCnt:     142  115
[INFO GPL-0040] NumTiles: 16330
[INFO GPL-0081] TotalRouteOverflow: 12.2350
[INFO GPL-0082] OverflowTileCnt: 414
[INFO GPL-0083] 0.5%RC: 1.0741
[INFO GPL-0084] 1.0%RC: 1.0568
[INFO GPL-0085] 2.0%RC: 1.0367
[INFO GPL-0086] 5.0%RC: 1.0069
[INFO GPL-0087] FinalRC: 1.0654459
[INFO GPL-0078] FinalRC lower than minRC (1.0692), min RC updated.
[INFO GPL-0045] InflatedAreaDelta:       15.378 um^2 (+0.53%)
[INFO GPL-0046] TargetDensity:            0.831
[INFO GPL-0049] WhiteSpaceArea:        4245.171 um^2
[INFO GPL-0050] NesterovInstsArea:     2910.235 um^2
[INFO GPL-0051] TotalFillerArea:        619.041 um^2
[INFO GPL-0052] TotalGCellsArea:       3529.276 um^2
[INFO GPL-0053] ExpectedGCellsArea:    3544.654 um^2
[INFO GPL-0054] NewTargetDensity:         0.835
[INFO GPL-0055] NewWhiteSpaceArea:     4245.171 um^2
[INFO GPL-0056] MovableArea:           3544.655 um^2
[INFO GPL-0057] NewNesterovInstArea:   2925.613 um^2
[INFO GPL-0058] NewTotalFillerArea:     619.042 um^2
[INFO GPL-0059] NewTotalGCellsArea:    3544.655 um^2
[INFO GPL-0089] Routability: revert back to snapshot
[NesterovSolve] Iter: 1450 overflow: 0.521 HPWL: 78725248
[NesterovSolve] Iter: 1460 overflow: 0.492 HPWL: 83087868
[NesterovSolve] Iter: 1470 overflow: 0.447 HPWL: 84046139
[NesterovSolve] Iter: 1480 overflow: 0.404 HPWL: 83770670
[NesterovSolve] Iter: 1490 overflow: 0.367 HPWL: 85371504
[NesterovSolve] Iter: 1500 overflow: 0.333 HPWL: 86614606
[NesterovSolve] Iter: 1510 overflow: 0.299 HPWL: 86785179
[INFO GPL-0075] Routability iteration: 18
[INFO GPL-0036] TileBBox: (    0    0 ) (  540  540 ) DBU
[INFO GPL-0038] TileCnt:     142  115
[INFO GPL-0040] NumTiles: 16330
[INFO GPL-0081] TotalRouteOverflow: 12.5855
[INFO GPL-0082] OverflowTileCnt: 383
[INFO GPL-0083] 0.5%RC: 1.0738
[INFO GPL-0084] 1.0%RC: 1.0574
[INFO GPL-0085] 2.0%RC: 1.0380
[INFO GPL-0086] 5.0%RC: 1.0062
[INFO GPL-0087] FinalRC: 1.065629
[INFO GPL-0079] MinRC (1.0654459) violation occurred, total count: 1.
[INFO GPL-0045] InflatedAreaDelta:       15.174 um^2 (+0.52%)
[INFO GPL-0046] TargetDensity:            0.835
[INFO GPL-0049] WhiteSpaceArea:        4245.171 um^2
[INFO GPL-0050] NesterovInstsArea:     2925.613 um^2
[INFO GPL-0051] TotalFillerArea:        619.042 um^2
[INFO GPL-0052] TotalGCellsArea:       3544.655 um^2
[INFO GPL-0053] ExpectedGCellsArea:    3559.829 um^2
[INFO GPL-0054] NewTargetDensity:         0.839
[INFO GPL-0055] NewWhiteSpaceArea:     4245.171 um^2
[INFO GPL-0056] MovableArea:           3559.828 um^2
[INFO GPL-0057] NewNesterovInstArea:   2940.787 um^2
[INFO GPL-0058] NewTotalFillerArea:     619.041 um^2
[INFO GPL-0059] NewTotalGCellsArea:    3559.828 um^2
[INFO GPL-0089] Routability: revert back to snapshot
[NesterovSolve] Iter: 1520 overflow: 0.511 HPWL: 80337041
[NesterovSolve] Iter: 1530 overflow: 0.482 HPWL: 83649527
[NesterovSolve] Iter: 1540 overflow: 0.438 HPWL: 84300338
[NesterovSolve] Iter: 1550 overflow: 0.397 HPWL: 84078186
[NesterovSolve] Iter: 1560 overflow: 0.358 HPWL: 85951274
[NesterovSolve] Iter: 1570 overflow: 0.326 HPWL: 86848206
[INFO GPL-0075] Routability iteration: 19
[INFO GPL-0036] TileBBox: (    0    0 ) (  540  540 ) DBU
[INFO GPL-0038] TileCnt:     142  115
[INFO GPL-0040] NumTiles: 16330
[INFO GPL-0081] TotalRouteOverflow: 12.8245
[INFO GPL-0082] OverflowTileCnt: 404
[INFO GPL-0083] 0.5%RC: 1.0828
[INFO GPL-0084] 1.0%RC: 1.0608
[INFO GPL-0085] 2.0%RC: 1.0385
[INFO GPL-0086] 5.0%RC: 1.0074
[INFO GPL-0087] FinalRC: 1.071771
[INFO GPL-0079] MinRC (1.0654459) violation occurred, total count: 2.
[INFO GPL-0045] InflatedAreaDelta:       19.796 um^2 (+0.67%)
[INFO GPL-0046] TargetDensity:            0.839
[INFO GPL-0049] WhiteSpaceArea:        4245.171 um^2
[INFO GPL-0050] NesterovInstsArea:     2940.787 um^2
[INFO GPL-0051] TotalFillerArea:        619.041 um^2
[INFO GPL-0052] TotalGCellsArea:       3559.828 um^2
[INFO GPL-0053] ExpectedGCellsArea:    3579.625 um^2
[INFO GPL-0054] NewTargetDensity:         0.843
[INFO GPL-0055] NewWhiteSpaceArea:     4245.171 um^2
[INFO GPL-0056] MovableArea:           3579.625 um^2
[INFO GPL-0057] NewNesterovInstArea:   2960.583 um^2
[INFO GPL-0058] NewTotalFillerArea:     619.041 um^2
[INFO GPL-0059] NewTotalGCellsArea:    3579.625 um^2
[INFO GPL-0089] Routability: revert back to snapshot
[NesterovSolve] Iter: 1580 overflow: 0.607 HPWL: 68676005
[NesterovSolve] Iter: 1590 overflow: 0.506 HPWL: 81590691
[NesterovSolve] Iter: 1600 overflow: 0.472 HPWL: 84198166
[NesterovSolve] Iter: 1610 overflow: 0.429 HPWL: 84465302
[NesterovSolve] Iter: 1620 overflow: 0.390 HPWL: 84522991
[NesterovSolve] Iter: 1630 overflow: 0.350 HPWL: 86360086
[NesterovSolve] Iter: 1640 overflow: 0.318 HPWL: 87003908
[INFO GPL-0075] Routability iteration: 20
[INFO GPL-0036] TileBBox: (    0    0 ) (  540  540 ) DBU
[INFO GPL-0038] TileCnt:     142  115
[INFO GPL-0040] NumTiles: 16330
[INFO GPL-0081] TotalRouteOverflow: 12.0557
[INFO GPL-0082] OverflowTileCnt: 384
[INFO GPL-0083] 0.5%RC: 1.0783
[INFO GPL-0084] 1.0%RC: 1.0576
[INFO GPL-0085] 2.0%RC: 1.0365
[INFO GPL-0086] 5.0%RC: 1.0060
[INFO GPL-0087] FinalRC: 1.0679445
[INFO GPL-0079] MinRC (1.0654459) violation occurred, total count: 3.
[INFO GPL-0045] InflatedAreaDelta:       16.646 um^2 (+0.56%)
[INFO GPL-0046] TargetDensity:            0.843
Revert Routability Procedure. Target density higher than max, or minRC max violations.
[INFO GPL-0080] minRcViolatedCnt: 3
[INFO GPL-0047] SavedMinRC: 1.0654
[INFO GPL-0048] SavedTargetDensity: 0.8314
[INFO GPL-0089] Routability: revert back to snapshot
[NesterovSolve] Iter: 1650 overflow: 0.559 HPWL: 73978688
[NesterovSolve] Iter: 1660 overflow: 0.499 HPWL: 81247410
[NesterovSolve] Iter: 1670 overflow: 0.459 HPWL: 83447904
[NesterovSolve] Iter: 1680 overflow: 0.416 HPWL: 83742197
[NesterovSolve] Iter: 1690 overflow: 0.379 HPWL: 84232328
[NesterovSolve] Iter: 1700 overflow: 0.344 HPWL: 86016498
[NesterovSolve] Iter: 1710 overflow: 0.311 HPWL: 86460985
[INFO GPL-0100] Timing-driven iteration 3/5, virtual: false.
[INFO GPL-0101]    Iter: 1718, overflow: 0.282, keep rsz at: 0.3, HPWL: 86624060
Iteration |   Area    | Resized | Buffers | Nets repaired | Remaining
---------------------------------------------------------------------
        0 |     +0.0% |       0 |       0 |             0 |     19431
    final |     +6.1% |    3147 |      22 |             2 |         0
---------------------------------------------------------------------
[INFO RSZ-0034] Found 2 slew violations.
[INFO RSZ-0039] Resized 3147 instances.
[INFO RSZ-0038] Inserted 22 buffers in 2 nets.
[INFO GPL-0106] Timing-driven: worst slack -2.39e-10
[INFO GPL-0103] Timing-driven: weighted 1939 nets.
[INFO GPL-0107] Timing-driven: repair_design delta area: 76.600 um^2 (+2.59%)
[INFO GPL-0108] Timing-driven: repair_design, gpl cells created: 22 (+0.00%)
[INFO GPL-0109] Timing-driven: inserted buffers as reported by repair_design: 22
[INFO GPL-0110] Timing-driven: new target density: 0.8612668
[NesterovSolve] Iter: 1720 overflow: 0.272 HPWL: 84860231
[NesterovSolve] Iter: 1730 overflow: 0.243 HPWL: 84940671
[NesterovSolve] Iter: 1740 overflow: 0.216 HPWL: 84967096
[INFO GPL-0100] Timing-driven iteration 4/5, virtual: false.
[INFO GPL-0101]    Iter: 1744, overflow: 0.204, keep rsz at: 0.3, HPWL: 84952732
Iteration |   Area    | Resized | Buffers | Nets repaired | Remaining
---------------------------------------------------------------------
        0 |     +0.0% |       0 |       0 |             0 |     19431
    final |     +0.9% |     494 |       0 |             0 |         0
---------------------------------------------------------------------
[INFO RSZ-0039] Resized 494 instances.
[INFO GPL-0106] Timing-driven: worst slack -2.39e-10
[INFO GPL-0103] Timing-driven: weighted 1942 nets.
[INFO GPL-0107] Timing-driven: repair_design delta area: 20.295 um^2 (+0.68%)
[INFO GPL-0108] Timing-driven: repair_design, gpl cells created: 0 (+0.00%)
[INFO GPL-0109] Timing-driven: inserted buffers as reported by repair_design: 0
[INFO GPL-0110] Timing-driven: new target density: 0.86604744
[NesterovSolve] Iter: 1750 overflow: 0.188 HPWL: 85170509
[NesterovSolve] Iter: 1760 overflow: 0.162 HPWL: 85154083
[INFO GPL-0100] Timing-driven iteration 5/5, virtual: false.
[INFO GPL-0101]    Iter: 1768, overflow: 0.145, keep rsz at: 0.3, HPWL: 85162849
Iteration |   Area    | Resized | Buffers | Nets repaired | Remaining
---------------------------------------------------------------------
        0 |     +0.0% |       0 |       0 |             0 |     19431
    final |     +0.1% |     199 |       0 |             0 |         0
---------------------------------------------------------------------
[INFO RSZ-0039] Resized 199 instances.
[INFO GPL-0106] Timing-driven: worst slack -2.37e-10
[INFO GPL-0103] Timing-driven: weighted 1941 nets.
[INFO GPL-0107] Timing-driven: repair_design delta area: 0.639 um^2 (+0.02%)
[INFO GPL-0108] Timing-driven: repair_design, gpl cells created: 0 (+0.00%)
[INFO GPL-0109] Timing-driven: inserted buffers as reported by repair_design: 0
[INFO GPL-0110] Timing-driven: new target density: 0.866198
[NesterovSolve] Iter: 1770 overflow: 0.140 HPWL: 85162587
[NesterovSolve] Iter: 1780 overflow: 0.122 HPWL: 85224183
[NesterovSolve] Iter: 1790 overflow: 0.104 HPWL: 85268388
[NesterovSolve] Finished with Overflow: 0.099184
Took 117 seconds: global_placement -density 0.6930810308456421 -pad_left 0 -pad_right 0 -routability_driven -timing_driven
Report metrics stage 3, global place...

==========================================================================
global place report_design_area
--------------------------------------------------------------------------
Design area 2489 u^2 58% utilization.
Elapsed time: 2:22.68[h:]min:sec. CPU time: user 1100.00 sys 6.82 (775%). Peak memory: 732704KB.
