OpenROAD v2.0-19576-gec1bf1a13 
Features included (+) or not (-): +GPU +GUI +Python : None
This program is licensed under the BSD-3 license. See the LICENSE file for details.
Components of this program may be licensed under more restrictive licenses which must be honored.
[INFO ORD-0030] Using 16 thread(s).
Placement Analysis
---------------------------------
total displacement       7782.5 u
average displacement        0.4 u
max displacement            3.8 u
original HPWL           88045.4 u
legalized HPWL          95831.9 u
delta HPWL                    9 %

[INFO DPL-0020] Mirrored 7976 instances
[INFO DPL-0021] HPWL before           95831.9 u
[INFO DPL-0022] HPWL after            94103.9 u
[INFO DPL-0023] HPWL delta               -1.8 %
[INFO FLW-0012] Placement violations .
Report metrics stage 3, detailed place...

==========================================================================
detailed place report_design_area
--------------------------------------------------------------------------
Design area 2485 u^2 59% utilization.
Elapsed time: 0:19.76[h:]min:sec. CPU time: user 19.50 sys 0.26 (99%). Peak memory: 355660KB.
