
==========================================================================
global place report_tns
--------------------------------------------------------------------------
tns -47945.05

==========================================================================
global place report_wns
--------------------------------------------------------------------------
wns -252.16

==========================================================================
global place report_worst_slack
--------------------------------------------------------------------------
worst slack -252.16

==========================================================================
global place report_checks -path_delay min
--------------------------------------------------------------------------
Startpoint: rst_ni (input port clocked by core_clock)
Endpoint: gen_regfile_ff.register_file_i.rf_reg_q[947]$_DFFE_PN0P_
          (removal check against rising-edge clock core_clock)
Path Group: asynchronous
Path Type: min

Fanout     Cap    Slew   Delay    Time   Description
-----------------------------------------------------------------------------
                  0.00    0.00    0.00   clock core_clock (rise edge)
                          0.00    0.00   clock network delay (ideal)
                        252.00  252.00 ^ input external delay
    49   55.29    0.00    0.00  252.00 ^ rst_ni (in)
                                         rst_ni (net)
                 74.06   23.36  275.36 ^ gen_regfile_ff.register_file_i.rf_reg_q[947]$_DFFE_PN0P_/SETN (DFFASRHQNx1_ASAP7_75t_R)
                                275.36   data arrival time

                  0.00    0.00    0.00   clock core_clock (rise edge)
                          0.00    0.00   clock network delay (ideal)
                          0.00    0.00   clock reconvergence pessimism
                                  0.00 ^ gen_regfile_ff.register_file_i.rf_reg_q[947]$_DFFE_PN0P_/CLK (DFFASRHQNx1_ASAP7_75t_R)
                         11.83   11.83   library removal time
                                 11.83   data required time
-----------------------------------------------------------------------------
                                 11.83   data required time
                               -275.36   data arrival time
-----------------------------------------------------------------------------
                                263.53   slack (MET)


Startpoint: core_clock_gate_i.en_latch$_DLATCH_N_
            (negative level-sensitive latch clocked by core_clock)
Endpoint: _35046_ (rising clock gating-check end-point clocked by core_clock)
Path Group: gated clock
Path Type: min

Fanout     Cap    Slew   Delay    Time   Description
-----------------------------------------------------------------------------
                  0.00  630.00  630.00   clock core_clock (fall edge)
                          0.00  630.00   clock network delay (ideal)
                  0.00    0.00  630.00 v core_clock_gate_i.en_latch$_DLATCH_N_/CLK (DLLx1_ASAP7_75t_R)
     1    0.33    6.27   17.31  647.31 ^ core_clock_gate_i.en_latch$_DLATCH_N_/Q (DLLx1_ASAP7_75t_R)
                                         core_clock_gate_i.en_latch (net)
                  6.27    0.00  647.31 ^ _35046_/B (AND2x2_ASAP7_75t_R)
                                647.31   data arrival time

                  0.00  630.00  630.00   clock core_clock (fall edge)
                          0.00  630.00   clock network delay (ideal)
                          0.00  630.00   clock reconvergence pessimism
                                630.00 v _35046_/A (AND2x2_ASAP7_75t_R)
                          0.00  630.00   clock gating hold time
                                630.00   data required time
-----------------------------------------------------------------------------
                                630.00   data required time
                               -647.31   data arrival time
-----------------------------------------------------------------------------
                                 17.31   slack (MET)


Startpoint: cs_registers_i.u_mstack_epc_csr.rdata_q[4]$_DFFE_PN0P_
            (rising edge-triggered flip-flop clocked by core_clock)
Endpoint: cs_registers_i.u_mstack_epc_csr.rdata_q[4]$_DFFE_PN0P_
          (rising edge-triggered flip-flop clocked by core_clock)
Path Group: core_clock
Path Type: min

Fanout     Cap    Slew   Delay    Time   Description
-----------------------------------------------------------------------------
                  0.00    0.00    0.00   clock core_clock (rise edge)
                          0.00    0.00   clock network delay (ideal)
                  0.00    0.00    0.00 ^ cs_registers_i.u_mstack_epc_csr.rdata_q[4]$_DFFE_PN0P_/CLK (DFFASRHQNx1_ASAP7_75t_R)
     2    1.23   16.69   37.90   37.90 ^ cs_registers_i.u_mstack_epc_csr.rdata_q[4]$_DFFE_PN0P_/QN (DFFASRHQNx1_ASAP7_75t_R)
                                         _01861_ (net)
                 16.69    0.01   37.91 ^ _27552_/A1 (AOI21x1_ASAP7_75t_R)
     1    0.67    5.57    8.82   46.74 v _27552_/Y (AOI21x1_ASAP7_75t_R)
                                         _02719_ (net)
                  5.57    0.01   46.75 v cs_registers_i.u_mstack_epc_csr.rdata_q[4]$_DFFE_PN0P_/D (DFFASRHQNx1_ASAP7_75t_R)
                                 46.75   data arrival time

                  0.00    0.00    0.00   clock core_clock (rise edge)
                          0.00    0.00   clock network delay (ideal)
                          0.00    0.00   clock reconvergence pessimism
                                  0.00 ^ cs_registers_i.u_mstack_epc_csr.rdata_q[4]$_DFFE_PN0P_/CLK (DFFASRHQNx1_ASAP7_75t_R)
                          9.35    9.35   library hold time
                                  9.35   data required time
-----------------------------------------------------------------------------
                                  9.35   data required time
                                -46.75   data arrival time
-----------------------------------------------------------------------------
                                 37.41   slack (MET)



==========================================================================
global place report_checks -path_delay max
--------------------------------------------------------------------------
Startpoint: rst_ni (input port clocked by core_clock)
Endpoint: cs_registers_i.u_mstack_cause_csr.rdata_q[0]$_DFFE_PN0P_
          (recovery check against rising-edge clock core_clock)
Path Group: asynchronous
Path Type: max

Fanout     Cap    Slew   Delay    Time   Description
-----------------------------------------------------------------------------
                  0.00    0.00    0.00   clock core_clock (rise edge)
                          0.00    0.00   clock network delay (ideal)
                        252.00  252.00 ^ input external delay
    49   68.51    0.00    0.00  252.00 ^ rst_ni (in)
                                         rst_ni (net)
                 91.47   28.85  280.85 ^ load_slew50/A (BUFx16f_ASAP7_75t_R)
    56   77.02   46.63   38.10  318.95 ^ load_slew50/Y (BUFx16f_ASAP7_75t_R)
                                         net72 (net)
                 54.69    9.91  328.86 ^ load_slew41/A (BUFx16f_ASAP7_75t_R)
    65   94.06   46.56   29.87  358.73 ^ load_slew41/Y (BUFx16f_ASAP7_75t_R)
                                         net63 (net)
                 47.81    4.10  362.83 ^ load_slew40/A (BUFx24_ASAP7_75t_R)
    81  115.02   54.89   36.77  399.60 ^ load_slew40/Y (BUFx24_ASAP7_75t_R)
                                         net62 (net)
                 95.01   25.53  425.13 ^ load_slew39/A (BUFx24_ASAP7_75t_R)
    82  112.19   50.88   40.09  465.23 ^ load_slew39/Y (BUFx24_ASAP7_75t_R)
                                         net61 (net)
                127.31   37.74  502.97 ^ load_slew38/A (BUFx16f_ASAP7_75t_R)
    75  103.45   51.12   38.15  541.12 ^ load_slew38/Y (BUFx16f_ASAP7_75t_R)
                                         net60 (net)
                161.35   49.64  590.76 ^ load_slew35/A (BUFx24_ASAP7_75t_R)
    89  113.51   58.71   57.77  648.53 ^ load_slew35/Y (BUFx24_ASAP7_75t_R)
                                         net57 (net)
                 64.31    9.56  658.09 ^ cs_registers_i.u_mstack_cause_csr.rdata_q[0]$_DFFE_PN0P_/SETN (DFFASRHQNx1_ASAP7_75t_R)
                                658.09   data arrival time

                  0.00 1260.00 1260.00   clock core_clock (rise edge)
                          0.00 1260.00   clock network delay (ideal)
                          0.00 1260.00   clock reconvergence pessimism
                               1260.00 ^ cs_registers_i.u_mstack_cause_csr.rdata_q[0]$_DFFE_PN0P_/CLK (DFFASRHQNx1_ASAP7_75t_R)
                         -5.55 1254.45   library recovery time
                               1254.45   data required time
-----------------------------------------------------------------------------
                               1254.45   data required time
                               -658.09   data arrival time
-----------------------------------------------------------------------------
                                596.36   slack (MET)


Startpoint: core_clock_gate_i.en_latch$_DLATCH_N_
            (negative level-sensitive latch clocked by core_clock)
Endpoint: _35046_ (rising clock gating-check end-point clocked by core_clock)
Path Group: gated clock
Path Type: max

Fanout     Cap    Slew   Delay    Time   Description
-----------------------------------------------------------------------------
                  0.00  630.00  630.00   clock core_clock (fall edge)
                          0.00  630.00   clock network delay (ideal)
                  0.00    0.00  630.00 v core_clock_gate_i.en_latch$_DLATCH_N_/CLK (DLLx1_ASAP7_75t_R)
     1    0.58    7.41   27.20  657.20 v core_clock_gate_i.en_latch$_DLATCH_N_/Q (DLLx1_ASAP7_75t_R)
                                         core_clock_gate_i.en_latch (net)
                  7.41    0.00  657.21 v _35046_/B (AND2x2_ASAP7_75t_R)
                                657.21   data arrival time

                  0.00 1260.00 1260.00   clock core_clock (rise edge)
                          0.00 1260.00   clock network delay (ideal)
                          0.00 1260.00   clock reconvergence pessimism
                               1260.00 ^ _35046_/A (AND2x2_ASAP7_75t_R)
                          0.00 1260.00   clock gating setup time
                               1260.00   data required time
-----------------------------------------------------------------------------
                               1260.00   data required time
                               -657.21   data arrival time
-----------------------------------------------------------------------------
                                602.79   slack (MET)


Startpoint: if_stage_i.instr_rdata_alu_id_o[20]$_DFFE_PN_
            (rising edge-triggered flip-flop clocked by core_clock)
Endpoint: gen_regfile_ff.register_file_i.rf_reg_q[927]$_DFFE_PN0P_
          (rising edge-triggered flip-flop clocked by core_clock)
Path Group: core_clock
Path Type: max

Fanout     Cap    Slew   Delay    Time   Description
-----------------------------------------------------------------------------
                  0.00    0.00    0.00   clock core_clock (rise edge)
                          0.00    0.00   clock network delay (ideal)
                  0.00    0.00    0.00 ^ if_stage_i.instr_rdata_alu_id_o[20]$_DFFE_PN_/CLK (DFFHQNx2_ASAP7_75t_R)
     6    6.52   31.22   50.05   50.05 v if_stage_i.instr_rdata_alu_id_o[20]$_DFFE_PN_/QN (DFFHQNx2_ASAP7_75t_R)
                                         _00368_ (net)
                 31.25    0.55   50.60 v _19205_/A (BUFx3_ASAP7_75t_R)
     5    5.22   12.81   23.37   73.97 v _19205_/Y (BUFx3_ASAP7_75t_R)
                                         _13476_ (net)
                 12.81    0.05   74.02 v _19206_/A (BUFx6f_ASAP7_75t_R)
    10   10.68   14.22   17.08   91.10 v _19206_/Y (BUFx6f_ASAP7_75t_R)
                                         _13477_ (net)
                 17.00    3.26   94.36 v _19207_/A (BUFx6f_ASAP7_75t_R)
    10   14.63   17.61   19.83  114.19 v _19207_/Y (BUFx6f_ASAP7_75t_R)
                                         _13478_ (net)
                 19.23    2.78  116.97 v _19208_/A (BUFx16f_ASAP7_75t_R)
    19   26.42   16.43   21.77  138.74 v _19208_/Y (BUFx16f_ASAP7_75t_R)
                                         _13479_ (net)
                 22.80    5.28  144.02 v _21730_/A (BUFx4f_ASAP7_75t_R)
    10    9.91   17.31   22.51  166.53 v _21730_/Y (BUFx4f_ASAP7_75t_R)
                                         _15918_ (net)
                 17.87    1.68  168.21 v _22124_/C (OA211x2_ASAP7_75t_R)
     1    0.69    9.23   29.73  197.95 v _22124_/Y (OA211x2_ASAP7_75t_R)
                                         _16299_ (net)
                  9.23    0.01  197.95 v _22125_/C (OR3x4_ASAP7_75t_R)
     1    4.18   19.06   43.24  241.19 v _22125_/Y (OR3x4_ASAP7_75t_R)
                                         _16300_ (net)
                 19.56    1.60  242.79 v _22126_/B (OA211x2_ASAP7_75t_R)
     1    0.64    9.13   28.55  271.34 v _22126_/Y (OA211x2_ASAP7_75t_R)
                                         _16301_ (net)
                  9.13    0.00  271.34 v _22145_/C (OR3x2_ASAP7_75t_R)
     2    2.67   15.59   32.77  304.11 v _22145_/Y (OR3x2_ASAP7_75t_R)
                                         _16320_ (net)
                 15.63    0.40  304.52 v _22179_/B (AND2x6_ASAP7_75t_R)
     6    9.21   16.50   23.58  328.10 v _22179_/Y (AND2x6_ASAP7_75t_R)
                                         _16354_ (net)
                 20.97    4.40  332.50 v _24175_/A2 (AO21x2_ASAP7_75t_R)
     8    7.53   24.44   29.42  361.92 v _24175_/Y (AO21x2_ASAP7_75t_R)
                                         _05187_ (net)
                 24.76    1.56  363.48 v _24418_/B (NAND2x2_ASAP7_75t_R)
     2    3.08   17.75   16.22  379.69 ^ _24418_/Y (NAND2x2_ASAP7_75t_R)
                                         _17865_ (net)
                 17.75    0.05  379.75 ^ _24419_/A (INVx2_ASAP7_75t_R)
     2    3.77   13.67   10.61  390.36 v _24419_/Y (INVx2_ASAP7_75t_R)
                                         _17820_ (net)
                 13.67    0.06  390.42 v _35401_/A (FAx1_ASAP7_75t_R)
     8   17.20  258.73  118.89  509.32 ^ _35401_/CON (FAx1_ASAP7_75t_R)
                                         _17962_ (net)
     4    7.71  179.25   91.65  600.97 v _35401_/SN (FAx1_ASAP7_75t_R)
                                         _17914_ (net)
                179.26    0.51  601.48 v _35040_/A (INVx2_ASAP7_75t_R)
     2    3.75   41.44   32.20  633.67 ^ _35040_/Y (INVx2_ASAP7_75t_R)
                                         _17913_ (net)
                 41.44    0.03  633.71 ^ _35461_/CI (FAx1_ASAP7_75t_R)
     7   12.13  192.63  207.31  841.02 v _35461_/SN (FAx1_ASAP7_75t_R)
                                         _18080_ (net)
                192.63    0.14  841.16 v _35462_/A (FAx1_ASAP7_75t_R)
     1    2.45   77.95   62.09  903.25 ^ _35462_/CON (FAx1_ASAP7_75t_R)
                                         _18122_ (net)
     1    0.88   58.64   21.67  924.92 v _35462_/SN (FAx1_ASAP7_75t_R)
                                         _18479_ (net)
                 58.64    0.03  924.94 v _34879_/A (INVx1_ASAP7_75t_R)
     1    2.20   26.91   21.57  946.52 ^ _34879_/Y (INVx1_ASAP7_75t_R)
                                         _18081_ (net)
                 26.91    0.08  946.60 ^ _35463_/A (FAx1_ASAP7_75t_R)
     1    0.96   27.05   40.77  987.36 v _35463_/SN (FAx1_ASAP7_75t_R)
                                         _18480_ (net)
                 27.05    0.04  987.41 v _34816_/A (INVx1_ASAP7_75t_R)
     1    1.72   17.13   13.87 1001.28 ^ _34816_/Y (INVx1_ASAP7_75t_R)
                                         _18083_ (net)
                 17.13    0.03 1001.31 ^ _35467_/CI (FAx1_ASAP7_75t_R)
     1    0.91   28.39   36.79 1038.10 v _35467_/SN (FAx1_ASAP7_75t_R)
                                         _18484_ (net)
                 28.39    0.03 1038.14 v _34856_/A (INVx1_ASAP7_75t_R)
     1    2.34   20.92   16.37 1054.51 ^ _34856_/Y (INVx1_ASAP7_75t_R)
                                         _18092_ (net)
                 20.92    0.07 1054.58 ^ _35468_/B (FAx1_ASAP7_75t_R)
     1    1.27   34.90   43.36 1097.94 v _35468_/SN (FAx1_ASAP7_75t_R)
                                         _18486_ (net)
                 34.90    0.06 1098.00 v _35578_/B (HAxp5_ASAP7_75t_R)
     4    3.77   77.48   70.81 1168.80 v _35578_/SN (HAxp5_ASAP7_75t_R)
                                         _00252_ (net)
                 77.48    0.06 1168.86 v _29453_/B (AO21x1_ASAP7_75t_R)
     1    0.70    8.53   25.86 1194.72 v _29453_/Y (AO21x1_ASAP7_75t_R)
                                         _09481_ (net)
                  8.53    0.01 1194.72 v _29454_/A2 (AO21x1_ASAP7_75t_R)
     2    1.23   10.47   16.02 1210.75 v _29454_/Y (AO21x1_ASAP7_75t_R)
                                         _09482_ (net)
                 10.47    0.02 1210.77 v _29488_/A2 (AO21x1_ASAP7_75t_R)
     1    0.81    8.62   15.27 1226.04 v _29488_/Y (AO21x1_ASAP7_75t_R)
                                         _09514_ (net)
                  8.62    0.02 1226.06 v _29489_/A2 (AO21x1_ASAP7_75t_R)
     2    1.23   10.62   16.04 1242.10 v _29489_/Y (AO21x1_ASAP7_75t_R)
                                         _09515_ (net)
                 10.62    0.02 1242.12 v _29532_/A2 (AO21x1_ASAP7_75t_R)
     1    0.65    7.95   14.83 1256.96 v _29532_/Y (AO21x1_ASAP7_75t_R)
                                         _09557_ (net)
                  7.95    0.02 1256.98 v _29536_/A2 (AO221x1_ASAP7_75t_R)
     2    2.51   18.14   27.40 1284.37 v _29536_/Y (AO221x1_ASAP7_75t_R)
                                         _09561_ (net)
                 18.15    0.10 1284.47 v _29607_/A1 (OA21x2_ASAP7_75t_R)
     4    4.76   17.05   24.85 1309.32 v _29607_/Y (OA21x2_ASAP7_75t_R)
                                         _09630_ (net)
                 17.09    0.46 1309.78 v _29608_/D (OR4x1_ASAP7_75t_R)
     1    0.64   12.68   32.35 1342.12 v _29608_/Y (OR4x1_ASAP7_75t_R)
                                         _09631_ (net)
                 12.68    0.01 1342.13 v _29613_/B (AND4x2_ASAP7_75t_R)
     2    4.61   17.45   21.34 1363.47 v _29613_/Y (AND4x2_ASAP7_75t_R)
                                         _09636_ (net)
                 17.94    1.60 1365.08 v _29616_/B (OR5x1_ASAP7_75t_R)
     1    1.17   15.84   38.18 1403.26 v _29616_/Y (OR5x1_ASAP7_75t_R)
                                         _09639_ (net)
                 15.84    0.02 1403.28 v _29617_/C (AOI211x1_ASAP7_75t_R)
     1    1.15   18.40   13.20 1416.48 ^ _29617_/Y (AOI211x1_ASAP7_75t_R)
                                         _09640_ (net)
                 18.40    0.08 1416.56 ^ _29620_/A2 (OA21x2_ASAP7_75t_R)
     1    2.58   12.22   20.82 1437.39 ^ _29620_/Y (OA21x2_ASAP7_75t_R)
                                         _09643_ (net)
                 12.23    0.18 1437.56 ^ _29624_/B (NOR2x2_ASAP7_75t_R)
     7   11.86   42.17   18.01 1455.57 v _29624_/Y (NOR2x2_ASAP7_75t_R)
                                         _09647_ (net)
                 48.62    8.54 1464.11 v clone7/A (BUFx3_ASAP7_75t_R)
     5    4.26   12.20   25.83 1489.93 v clone7/Y (BUFx3_ASAP7_75t_R)
                                         net7 (net)
                 12.26    0.48 1490.42 v _31795_/A1 (AO21x1_ASAP7_75t_R)
     1    0.70    7.02   16.33 1506.75 v _31795_/Y (AO21x1_ASAP7_75t_R)
                                         _03776_ (net)
                  7.02    0.01 1506.76 v gen_regfile_ff.register_file_i.rf_reg_q[927]$_DFFE_PN0P_/D (DFFASRHQNx1_ASAP7_75t_R)
                               1506.76   data arrival time

                  0.00 1260.00 1260.00   clock core_clock (rise edge)
                          0.00 1260.00   clock network delay (ideal)
                          0.00 1260.00   clock reconvergence pessimism
                               1260.00 ^ gen_regfile_ff.register_file_i.rf_reg_q[927]$_DFFE_PN0P_/CLK (DFFASRHQNx1_ASAP7_75t_R)
                         -5.41 1254.59   library setup time
                               1254.59   data required time
-----------------------------------------------------------------------------
                               1254.59   data required time
                               -1506.76   data arrival time
-----------------------------------------------------------------------------
                               -252.16   slack (VIOLATED)



==========================================================================
global place report_checks -unconstrained
--------------------------------------------------------------------------
Startpoint: rst_ni (input port clocked by core_clock)
Endpoint: cs_registers_i.u_mstack_cause_csr.rdata_q[0]$_DFFE_PN0P_
          (recovery check against rising-edge clock core_clock)
Path Group: asynchronous
Path Type: max

Fanout     Cap    Slew   Delay    Time   Description
-----------------------------------------------------------------------------
                  0.00    0.00    0.00   clock core_clock (rise edge)
                          0.00    0.00   clock network delay (ideal)
                        252.00  252.00 ^ input external delay
    49   68.51    0.00    0.00  252.00 ^ rst_ni (in)
                                         rst_ni (net)
                 91.47   28.85  280.85 ^ load_slew50/A (BUFx16f_ASAP7_75t_R)
    56   77.02   46.63   38.10  318.95 ^ load_slew50/Y (BUFx16f_ASAP7_75t_R)
                                         net72 (net)
                 54.69    9.91  328.86 ^ load_slew41/A (BUFx16f_ASAP7_75t_R)
    65   94.06   46.56   29.87  358.73 ^ load_slew41/Y (BUFx16f_ASAP7_75t_R)
                                         net63 (net)
                 47.81    4.10  362.83 ^ load_slew40/A (BUFx24_ASAP7_75t_R)
    81  115.02   54.89   36.77  399.60 ^ load_slew40/Y (BUFx24_ASAP7_75t_R)
                                         net62 (net)
                 95.01   25.53  425.13 ^ load_slew39/A (BUFx24_ASAP7_75t_R)
    82  112.19   50.88   40.09  465.23 ^ load_slew39/Y (BUFx24_ASAP7_75t_R)
                                         net61 (net)
                127.31   37.74  502.97 ^ load_slew38/A (BUFx16f_ASAP7_75t_R)
    75  103.45   51.12   38.15  541.12 ^ load_slew38/Y (BUFx16f_ASAP7_75t_R)
                                         net60 (net)
                161.35   49.64  590.76 ^ load_slew35/A (BUFx24_ASAP7_75t_R)
    89  113.51   58.71   57.77  648.53 ^ load_slew35/Y (BUFx24_ASAP7_75t_R)
                                         net57 (net)
                 64.31    9.56  658.09 ^ cs_registers_i.u_mstack_cause_csr.rdata_q[0]$_DFFE_PN0P_/SETN (DFFASRHQNx1_ASAP7_75t_R)
                                658.09   data arrival time

                  0.00 1260.00 1260.00   clock core_clock (rise edge)
                          0.00 1260.00   clock network delay (ideal)
                          0.00 1260.00   clock reconvergence pessimism
                               1260.00 ^ cs_registers_i.u_mstack_cause_csr.rdata_q[0]$_DFFE_PN0P_/CLK (DFFASRHQNx1_ASAP7_75t_R)
                         -5.55 1254.45   library recovery time
                               1254.45   data required time
-----------------------------------------------------------------------------
                               1254.45   data required time
                               -658.09   data arrival time
-----------------------------------------------------------------------------
                                596.36   slack (MET)


Startpoint: core_clock_gate_i.en_latch$_DLATCH_N_
            (negative level-sensitive latch clocked by core_clock)
Endpoint: _35046_ (rising clock gating-check end-point clocked by core_clock)
Path Group: gated clock
Path Type: max

Fanout     Cap    Slew   Delay    Time   Description
-----------------------------------------------------------------------------
                  0.00  630.00  630.00   clock core_clock (fall edge)
                          0.00  630.00   clock network delay (ideal)
                  0.00    0.00  630.00 v core_clock_gate_i.en_latch$_DLATCH_N_/CLK (DLLx1_ASAP7_75t_R)
     1    0.58    7.41   27.20  657.20 v core_clock_gate_i.en_latch$_DLATCH_N_/Q (DLLx1_ASAP7_75t_R)
                                         core_clock_gate_i.en_latch (net)
                  7.41    0.00  657.21 v _35046_/B (AND2x2_ASAP7_75t_R)
                                657.21   data arrival time

                  0.00 1260.00 1260.00   clock core_clock (rise edge)
                          0.00 1260.00   clock network delay (ideal)
                          0.00 1260.00   clock reconvergence pessimism
                               1260.00 ^ _35046_/A (AND2x2_ASAP7_75t_R)
                          0.00 1260.00   clock gating setup time
                               1260.00   data required time
-----------------------------------------------------------------------------
                               1260.00   data required time
                               -657.21   data arrival time
-----------------------------------------------------------------------------
                                602.79   slack (MET)


Startpoint: if_stage_i.instr_rdata_alu_id_o[20]$_DFFE_PN_
            (rising edge-triggered flip-flop clocked by core_clock)
Endpoint: gen_regfile_ff.register_file_i.rf_reg_q[927]$_DFFE_PN0P_
          (rising edge-triggered flip-flop clocked by core_clock)
Path Group: core_clock
Path Type: max

Fanout     Cap    Slew   Delay    Time   Description
-----------------------------------------------------------------------------
                  0.00    0.00    0.00   clock core_clock (rise edge)
                          0.00    0.00   clock network delay (ideal)
                  0.00    0.00    0.00 ^ if_stage_i.instr_rdata_alu_id_o[20]$_DFFE_PN_/CLK (DFFHQNx2_ASAP7_75t_R)
     6    6.52   31.22   50.05   50.05 v if_stage_i.instr_rdata_alu_id_o[20]$_DFFE_PN_/QN (DFFHQNx2_ASAP7_75t_R)
                                         _00368_ (net)
                 31.25    0.55   50.60 v _19205_/A (BUFx3_ASAP7_75t_R)
     5    5.22   12.81   23.37   73.97 v _19205_/Y (BUFx3_ASAP7_75t_R)
                                         _13476_ (net)
                 12.81    0.05   74.02 v _19206_/A (BUFx6f_ASAP7_75t_R)
    10   10.68   14.22   17.08   91.10 v _19206_/Y (BUFx6f_ASAP7_75t_R)
                                         _13477_ (net)
                 17.00    3.26   94.36 v _19207_/A (BUFx6f_ASAP7_75t_R)
    10   14.63   17.61   19.83  114.19 v _19207_/Y (BUFx6f_ASAP7_75t_R)
                                         _13478_ (net)
                 19.23    2.78  116.97 v _19208_/A (BUFx16f_ASAP7_75t_R)
    19   26.42   16.43   21.77  138.74 v _19208_/Y (BUFx16f_ASAP7_75t_R)
                                         _13479_ (net)
                 22.80    5.28  144.02 v _21730_/A (BUFx4f_ASAP7_75t_R)
    10    9.91   17.31   22.51  166.53 v _21730_/Y (BUFx4f_ASAP7_75t_R)
                                         _15918_ (net)
                 17.87    1.68  168.21 v _22124_/C (OA211x2_ASAP7_75t_R)
     1    0.69    9.23   29.73  197.95 v _22124_/Y (OA211x2_ASAP7_75t_R)
                                         _16299_ (net)
                  9.23    0.01  197.95 v _22125_/C (OR3x4_ASAP7_75t_R)
     1    4.18   19.06   43.24  241.19 v _22125_/Y (OR3x4_ASAP7_75t_R)
                                         _16300_ (net)
                 19.56    1.60  242.79 v _22126_/B (OA211x2_ASAP7_75t_R)
     1    0.64    9.13   28.55  271.34 v _22126_/Y (OA211x2_ASAP7_75t_R)
                                         _16301_ (net)
                  9.13    0.00  271.34 v _22145_/C (OR3x2_ASAP7_75t_R)
     2    2.67   15.59   32.77  304.11 v _22145_/Y (OR3x2_ASAP7_75t_R)
                                         _16320_ (net)
                 15.63    0.40  304.52 v _22179_/B (AND2x6_ASAP7_75t_R)
     6    9.21   16.50   23.58  328.10 v _22179_/Y (AND2x6_ASAP7_75t_R)
                                         _16354_ (net)
                 20.97    4.40  332.50 v _24175_/A2 (AO21x2_ASAP7_75t_R)
     8    7.53   24.44   29.42  361.92 v _24175_/Y (AO21x2_ASAP7_75t_R)
                                         _05187_ (net)
                 24.76    1.56  363.48 v _24418_/B (NAND2x2_ASAP7_75t_R)
     2    3.08   17.75   16.22  379.69 ^ _24418_/Y (NAND2x2_ASAP7_75t_R)
                                         _17865_ (net)
                 17.75    0.05  379.75 ^ _24419_/A (INVx2_ASAP7_75t_R)
     2    3.77   13.67   10.61  390.36 v _24419_/Y (INVx2_ASAP7_75t_R)
                                         _17820_ (net)
                 13.67    0.06  390.42 v _35401_/A (FAx1_ASAP7_75t_R)
     8   17.20  258.73  118.89  509.32 ^ _35401_/CON (FAx1_ASAP7_75t_R)
                                         _17962_ (net)
     4    7.71  179.25   91.65  600.97 v _35401_/SN (FAx1_ASAP7_75t_R)
                                         _17914_ (net)
                179.26    0.51  601.48 v _35040_/A (INVx2_ASAP7_75t_R)
     2    3.75   41.44   32.20  633.67 ^ _35040_/Y (INVx2_ASAP7_75t_R)
                                         _17913_ (net)
                 41.44    0.03  633.71 ^ _35461_/CI (FAx1_ASAP7_75t_R)
     7   12.13  192.63  207.31  841.02 v _35461_/SN (FAx1_ASAP7_75t_R)
                                         _18080_ (net)
                192.63    0.14  841.16 v _35462_/A (FAx1_ASAP7_75t_R)
     1    2.45   77.95   62.09  903.25 ^ _35462_/CON (FAx1_ASAP7_75t_R)
                                         _18122_ (net)
     1    0.88   58.64   21.67  924.92 v _35462_/SN (FAx1_ASAP7_75t_R)
                                         _18479_ (net)
                 58.64    0.03  924.94 v _34879_/A (INVx1_ASAP7_75t_R)
     1    2.20   26.91   21.57  946.52 ^ _34879_/Y (INVx1_ASAP7_75t_R)
                                         _18081_ (net)
                 26.91    0.08  946.60 ^ _35463_/A (FAx1_ASAP7_75t_R)
     1    0.96   27.05   40.77  987.36 v _35463_/SN (FAx1_ASAP7_75t_R)
                                         _18480_ (net)
                 27.05    0.04  987.41 v _34816_/A (INVx1_ASAP7_75t_R)
     1    1.72   17.13   13.87 1001.28 ^ _34816_/Y (INVx1_ASAP7_75t_R)
                                         _18083_ (net)
                 17.13    0.03 1001.31 ^ _35467_/CI (FAx1_ASAP7_75t_R)
     1    0.91   28.39   36.79 1038.10 v _35467_/SN (FAx1_ASAP7_75t_R)
                                         _18484_ (net)
                 28.39    0.03 1038.14 v _34856_/A (INVx1_ASAP7_75t_R)
     1    2.34   20.92   16.37 1054.51 ^ _34856_/Y (INVx1_ASAP7_75t_R)
                                         _18092_ (net)
                 20.92    0.07 1054.58 ^ _35468_/B (FAx1_ASAP7_75t_R)
     1    1.27   34.90   43.36 1097.94 v _35468_/SN (FAx1_ASAP7_75t_R)
                                         _18486_ (net)
                 34.90    0.06 1098.00 v _35578_/B (HAxp5_ASAP7_75t_R)
     4    3.77   77.48   70.81 1168.80 v _35578_/SN (HAxp5_ASAP7_75t_R)
                                         _00252_ (net)
                 77.48    0.06 1168.86 v _29453_/B (AO21x1_ASAP7_75t_R)
     1    0.70    8.53   25.86 1194.72 v _29453_/Y (AO21x1_ASAP7_75t_R)
                                         _09481_ (net)
                  8.53    0.01 1194.72 v _29454_/A2 (AO21x1_ASAP7_75t_R)
     2    1.23   10.47   16.02 1210.75 v _29454_/Y (AO21x1_ASAP7_75t_R)
                                         _09482_ (net)
                 10.47    0.02 1210.77 v _29488_/A2 (AO21x1_ASAP7_75t_R)
     1    0.81    8.62   15.27 1226.04 v _29488_/Y (AO21x1_ASAP7_75t_R)
                                         _09514_ (net)
                  8.62    0.02 1226.06 v _29489_/A2 (AO21x1_ASAP7_75t_R)
     2    1.23   10.62   16.04 1242.10 v _29489_/Y (AO21x1_ASAP7_75t_R)
                                         _09515_ (net)
                 10.62    0.02 1242.12 v _29532_/A2 (AO21x1_ASAP7_75t_R)
     1    0.65    7.95   14.83 1256.96 v _29532_/Y (AO21x1_ASAP7_75t_R)
                                         _09557_ (net)
                  7.95    0.02 1256.98 v _29536_/A2 (AO221x1_ASAP7_75t_R)
     2    2.51   18.14   27.40 1284.37 v _29536_/Y (AO221x1_ASAP7_75t_R)
                                         _09561_ (net)
                 18.15    0.10 1284.47 v _29607_/A1 (OA21x2_ASAP7_75t_R)
     4    4.76   17.05   24.85 1309.32 v _29607_/Y (OA21x2_ASAP7_75t_R)
                                         _09630_ (net)
                 17.09    0.46 1309.78 v _29608_/D (OR4x1_ASAP7_75t_R)
     1    0.64   12.68   32.35 1342.12 v _29608_/Y (OR4x1_ASAP7_75t_R)
                                         _09631_ (net)
                 12.68    0.01 1342.13 v _29613_/B (AND4x2_ASAP7_75t_R)
     2    4.61   17.45   21.34 1363.47 v _29613_/Y (AND4x2_ASAP7_75t_R)
                                         _09636_ (net)
                 17.94    1.60 1365.08 v _29616_/B (OR5x1_ASAP7_75t_R)
     1    1.17   15.84   38.18 1403.26 v _29616_/Y (OR5x1_ASAP7_75t_R)
                                         _09639_ (net)
                 15.84    0.02 1403.28 v _29617_/C (AOI211x1_ASAP7_75t_R)
     1    1.15   18.40   13.20 1416.48 ^ _29617_/Y (AOI211x1_ASAP7_75t_R)
                                         _09640_ (net)
                 18.40    0.08 1416.56 ^ _29620_/A2 (OA21x2_ASAP7_75t_R)
     1    2.58   12.22   20.82 1437.39 ^ _29620_/Y (OA21x2_ASAP7_75t_R)
                                         _09643_ (net)
                 12.23    0.18 1437.56 ^ _29624_/B (NOR2x2_ASAP7_75t_R)
     7   11.86   42.17   18.01 1455.57 v _29624_/Y (NOR2x2_ASAP7_75t_R)
                                         _09647_ (net)
                 48.62    8.54 1464.11 v clone7/A (BUFx3_ASAP7_75t_R)
     5    4.26   12.20   25.83 1489.93 v clone7/Y (BUFx3_ASAP7_75t_R)
                                         net7 (net)
                 12.26    0.48 1490.42 v _31795_/A1 (AO21x1_ASAP7_75t_R)
     1    0.70    7.02   16.33 1506.75 v _31795_/Y (AO21x1_ASAP7_75t_R)
                                         _03776_ (net)
                  7.02    0.01 1506.76 v gen_regfile_ff.register_file_i.rf_reg_q[927]$_DFFE_PN0P_/D (DFFASRHQNx1_ASAP7_75t_R)
                               1506.76   data arrival time

                  0.00 1260.00 1260.00   clock core_clock (rise edge)
                          0.00 1260.00   clock network delay (ideal)
                          0.00 1260.00   clock reconvergence pessimism
                               1260.00 ^ gen_regfile_ff.register_file_i.rf_reg_q[927]$_DFFE_PN0P_/CLK (DFFASRHQNx1_ASAP7_75t_R)
                         -5.41 1254.59   library setup time
                               1254.59   data required time
-----------------------------------------------------------------------------
                               1254.59   data required time
                               -1506.76   data arrival time
-----------------------------------------------------------------------------
                               -252.16   slack (VIOLATED)



==========================================================================
global place report_power
--------------------------------------------------------------------------
Group                  Internal  Switching    Leakage      Total
                          Power      Power      Power      Power (Watts)
----------------------------------------------------------------
Sequential             3.13e-03   9.71e-04   2.10e-07   4.10e-03   9.9%
Combinational          1.65e-02   2.07e-02   1.80e-06   3.72e-02  89.9%
Clock                  5.95e-07   1.04e-04   1.16e-10   1.04e-04   0.3%
Macro                  0.00e+00   0.00e+00   0.00e+00   0.00e+00   0.0%
Pad                    0.00e+00   0.00e+00   0.00e+00   0.00e+00   0.0%
----------------------------------------------------------------
Total                  1.97e-02   2.18e-02   2.01e-06   4.14e-02 100.0%
                          47.4%      52.5%       0.0%
