OpenROAD v2.0-19576-gec1bf1a13 
Features included (+) or not (-): +GPU +GUI +Python : None
This program is licensed under the BSD-3 license. See the LICENSE file for details.
Components of this program may be licensed under more restrictive licenses which must be honored.
[INFO ORD-0030] Using 16 thread(s).
Placement Analysis
---------------------------------
total displacement      10612.9 u
average displacement        0.6 u
max displacement            7.5 u
original HPWL           82957.5 u
legalized HPWL          95075.7 u
delta HPWL                   15 %

[INFO DPL-0020] Mirrored 7666 instances
[INFO DPL-0021] HPWL before           95075.7 u
[INFO DPL-0022] HPWL after            93385.5 u
[INFO DPL-0023] HPWL delta               -1.8 %
[INFO FLW-0012] Placement violations .
Report metrics stage 3, detailed place...

==========================================================================
detailed place report_design_area
--------------------------------------------------------------------------
Design area 2483 u^2 73% utilization.
Elapsed time: 0:19.41[h:]min:sec. CPU time: user 19.16 sys 0.25 (99%). Peak memory: 363596KB.
