OpenROAD v2.0-19576-gec1bf1a13 
Features included (+) or not (-): +GPU +GUI +Python : None
This program is licensed under the BSD-3 license. See the LICENSE file for details.
Components of this program may be licensed under more restrictive licenses which must be honored.
[INFO ORD-0030] Using 16 thread(s).
[INFO GPL-0002] DBU: 1000
[INFO GPL-0003] SiteSize: (  0.054  0.270 ) um
[INFO GPL-0004] CoreBBox: (  2.052  2.160 ) ( 92.610 56.160 ) um
[INFO GPL-0006] NumInstances:             19402
[INFO GPL-0007] NumPlaceInstances:        18699
[INFO GPL-0008] NumFixedInstances:          703
[INFO GPL-0009] NumDummyInstances:            0
[INFO GPL-0010] NumNets:                  19431
[INFO GPL-0011] NumPins:                  69487
[INFO GPL-0012] DieBBox:  (  0.000  0.000 ) ( 94.610 58.366 ) um
[INFO GPL-0013] CoreBBox: (  2.052  2.160 ) ( 92.610 56.160 ) um
[INFO GPL-0016] CoreArea:              4890.132 um^2
[INFO GPL-0017] NonPlaceInstsArea:       20.499 um^2
[INFO GPL-0018] PlaceInstsArea:        2323.206 um^2
[INFO GPL-0019] Util:                    47.708 %
[INFO GPL-0020] StdInstsArea:          2323.206 um^2
[INFO GPL-0021] MacroInstsArea:           0.000 um^2
[INFO GPL-0031] FillerInit:NumGCells:     40942
[INFO GPL-0032] FillerInit:NumGNets:      19431
[INFO GPL-0033] FillerInit:NumGPins:      69487
[INFO GPL-0023] TargetDensity:            1.000
[INFO GPL-0024] AvrgPlaceInstArea:        0.124 um^2
[INFO GPL-0025] IdealBinArea:             0.124 um^2
[INFO GPL-0026] IdealBinCnt:              39359
[INFO GPL-0027] TotalBinArea:          4890.132 um^2
[INFO GPL-0028] BinCnt:       128    128
[INFO GPL-0029] BinSize: (  0.708  0.422 )
[INFO GPL-0030] NumBins: 16384
Placement density is 0.643956304192543, computed from PLACE_DENSITY_LB_ADDON 0.30 and lower bound 0.47708043456077576
global_placement -density 0.643956304192543 -pad_left 0 -pad_right 0
[INFO GPL-0002] DBU: 1000
[INFO GPL-0003] SiteSize: (  0.054  0.270 ) um
[INFO GPL-0004] CoreBBox: (  2.052  2.160 ) ( 92.610 56.160 ) um
[INFO GPL-0006] NumInstances:             19402
[INFO GPL-0007] NumPlaceInstances:        18699
[INFO GPL-0008] NumFixedInstances:          703
[INFO GPL-0009] NumDummyInstances:            0
[INFO GPL-0010] NumNets:                  19431
[INFO GPL-0011] NumPins:                  69487
[INFO GPL-0012] DieBBox:  (  0.000  0.000 ) ( 94.610 58.366 ) um
[INFO GPL-0013] CoreBBox: (  2.052  2.160 ) ( 92.610 56.160 ) um
[INFO GPL-0016] CoreArea:              4890.132 um^2
[INFO GPL-0017] NonPlaceInstsArea:       20.499 um^2
[INFO GPL-0018] PlaceInstsArea:        2323.206 um^2
[INFO GPL-0019] Util:                    47.708 %
[INFO GPL-0020] StdInstsArea:          2323.206 um^2
[INFO GPL-0021] MacroInstsArea:           0.000 um^2
[InitialPlace]  Iter: 1 CG residual: 0.00001516 HPWL: 105200164
[InitialPlace]  Iter: 2 CG residual: 0.00000455 HPWL: 31845703
[InitialPlace]  Iter: 3 CG residual: 0.00000334 HPWL: 31283921
[InitialPlace]  Iter: 4 CG residual: 0.00000284 HPWL: 31219007
[InitialPlace]  Iter: 5 CG residual: 0.00000045 HPWL: 30992412
[INFO GPL-0031] FillerInit:NumGCells:     25797
[INFO GPL-0032] FillerInit:NumGNets:      19431
[INFO GPL-0033] FillerInit:NumGPins:      69487
[INFO GPL-0023] TargetDensity:            0.644
[INFO GPL-0024] AvrgPlaceInstArea:        0.124 um^2
[INFO GPL-0025] IdealBinArea:             0.193 um^2
[INFO GPL-0026] IdealBinCnt:              25346
[INFO GPL-0027] TotalBinArea:          4890.132 um^2
[INFO GPL-0028] BinCnt:       128    128
[INFO GPL-0029] BinSize: (  0.708  0.422 )
[INFO GPL-0030] NumBins: 16384
[NesterovSolve] Iter:    1 overflow: 0.974 HPWL: 25998630
[NesterovSolve] Iter:   10 overflow: 0.947 HPWL: 22838029
[NesterovSolve] Iter:   20 overflow: 0.934 HPWL: 24856748
[NesterovSolve] Iter:   30 overflow: 0.927 HPWL: 25963750
[NesterovSolve] Iter:   40 overflow: 0.922 HPWL: 26493812
[NesterovSolve] Iter:   50 overflow: 0.921 HPWL: 26602312
[NesterovSolve] Iter:   60 overflow: 0.920 HPWL: 26433270
[NesterovSolve] Iter:   70 overflow: 0.921 HPWL: 26389012
[NesterovSolve] Iter:   80 overflow: 0.920 HPWL: 26425369
[NesterovSolve] Iter:   90 overflow: 0.920 HPWL: 26424863
[NesterovSolve] Iter:  100 overflow: 0.920 HPWL: 26449278
[NesterovSolve] Iter:  110 overflow: 0.919 HPWL: 26591864
[NesterovSolve] Iter:  120 overflow: 0.918 HPWL: 26938994
[NesterovSolve] Iter:  130 overflow: 0.916 HPWL: 27579338
[NesterovSolve] Iter:  140 overflow: 0.914 HPWL: 28489813
[NesterovSolve] Iter:  150 overflow: 0.910 HPWL: 29634206
[NesterovSolve] Iter:  160 overflow: 0.906 HPWL: 31190117
[NesterovSolve] Iter:  170 overflow: 0.900 HPWL: 33377672
[NesterovSolve] Iter:  180 overflow: 0.890 HPWL: 36123262
[NesterovSolve] Iter:  190 overflow: 0.875 HPWL: 39092540
[NesterovSolve] Iter:  200 overflow: 0.857 HPWL: 42068715
[NesterovSolve] Iter:  210 overflow: 0.834 HPWL: 45773182
[NesterovSolve] Iter:  220 overflow: 0.808 HPWL: 49421115
[NesterovSolve] Iter:  230 overflow: 0.778 HPWL: 53348705
[NesterovSolve] Iter:  240 overflow: 0.744 HPWL: 57859775
[NesterovSolve] Iter:  250 overflow: 0.707 HPWL: 61144727
[NesterovSolve] Iter:  260 overflow: 0.662 HPWL: 65385932
[NesterovSolve] Iter:  270 overflow: 0.613 HPWL: 68956965
[NesterovSolve] Iter:  280 overflow: 0.559 HPWL: 73596453
[NesterovSolve] Iter:  290 overflow: 0.497 HPWL: 78188619
[NesterovSolve] Iter:  300 overflow: 0.443 HPWL: 82627295
[NesterovSolve] Iter:  310 overflow: 0.400 HPWL: 85235257
[NesterovSolve] Iter:  320 overflow: 0.351 HPWL: 87364404
[NesterovSolve] Iter:  330 overflow: 0.314 HPWL: 89723224
[NesterovSolve] Iter:  340 overflow: 0.282 HPWL: 90472207
[NesterovSolve] Iter:  350 overflow: 0.249 HPWL: 91361005
[NesterovSolve] Iter:  360 overflow: 0.220 HPWL: 91792329
[NesterovSolve] Iter:  370 overflow: 0.193 HPWL: 92131512
[NesterovSolve] Iter:  380 overflow: 0.167 HPWL: 92273340
[NesterovSolve] Iter:  390 overflow: 0.146 HPWL: 92123840
[NesterovSolve] Iter:  400 overflow: 0.126 HPWL: 92137864
[NesterovSolve] Iter:  410 overflow: 0.110 HPWL: 92097107
[NesterovSolve] Finished with Overflow: 0.099118
Took 9 seconds: global_placement -density 0.643956304192543 -pad_left 0 -pad_right 0
Report metrics stage 3, global place...

==========================================================================
global place report_design_area
--------------------------------------------------------------------------
Design area 2323 u^2 48% utilization.
Elapsed time: 0:22.52[h:]min:sec. CPU time: user 153.87 sys 0.69 (686%). Peak memory: 307896KB.
