OpenROAD v2.0-19576-gec1bf1a13 
Features included (+) or not (-): +GPU +GUI +Python : None
This program is licensed under the BSD-3 license. See the LICENSE file for details.
Components of this program may be licensed under more restrictive licenses which must be honored.
[INFO ORD-0030] Using 16 thread(s).
[INFO GPL-0002] DBU: 1000
[INFO GPL-0003] SiteSize: (  0.054  0.270 ) um
[INFO GPL-0004] CoreBBox: (  1.026  1.080 ) ( 10.368  7.560 ) um
[INFO GPL-0006] NumInstances:               363
[INFO GPL-0007] NumPlaceInstances:          315
[INFO GPL-0008] NumFixedInstances:           48
[INFO GPL-0009] NumDummyInstances:            0
[INFO GPL-0010] NumNets:                    368
[INFO GPL-0011] NumPins:                   1171
[INFO GPL-0012] DieBBox:  (  0.000  0.000 ) ( 11.398  8.579 ) um
[INFO GPL-0013] CoreBBox: (  1.026  1.080 ) ( 10.368  7.560 ) um
[INFO GPL-0016] CoreArea:                60.536 um^2
[INFO GPL-0017] NonPlaceInstsArea:        1.400 um^2
[INFO GPL-0018] PlaceInstsArea:          37.718 um^2
[INFO GPL-0019] Util:                    63.782 %
[INFO GPL-0020] StdInstsArea:            37.718 um^2
[INFO GPL-0021] MacroInstsArea:           0.000 um^2
[INFO GPL-0031] FillerInit:NumGCells:       502
[INFO GPL-0032] FillerInit:NumGNets:        368
[INFO GPL-0033] FillerInit:NumGPins:       1171
[INFO GPL-0023] TargetDensity:            1.000
[INFO GPL-0024] AvrgPlaceInstArea:        0.120 um^2
[INFO GPL-0025] IdealBinArea:             0.120 um^2
[INFO GPL-0026] IdealBinCnt:                505
[INFO GPL-0027] TotalBinArea:            60.536 um^2
[INFO GPL-0028] BinCnt:        16     16
[INFO GPL-0029] BinSize: (  0.584  0.405 )
[INFO GPL-0030] NumBins: 256
Placement density is 0.7926923251152038, computed from PLACE_DENSITY_LB_ADDON 0.40 and lower bound 0.6378205418586731
global_placement -density 0.7926923251152038 -pad_left 0 -pad_right 0
[INFO GPL-0002] DBU: 1000
[INFO GPL-0003] SiteSize: (  0.054  0.270 ) um
[INFO GPL-0004] CoreBBox: (  1.026  1.080 ) ( 10.368  7.560 ) um
[INFO GPL-0006] NumInstances:               363
[INFO GPL-0007] NumPlaceInstances:          315
[INFO GPL-0008] NumFixedInstances:           48
[INFO GPL-0009] NumDummyInstances:            0
[INFO GPL-0010] NumNets:                    368
[INFO GPL-0011] NumPins:                   1171
[INFO GPL-0012] DieBBox:  (  0.000  0.000 ) ( 11.398  8.579 ) um
[INFO GPL-0013] CoreBBox: (  1.026  1.080 ) ( 10.368  7.560 ) um
[INFO GPL-0016] CoreArea:                60.536 um^2
[INFO GPL-0017] NonPlaceInstsArea:        1.400 um^2
[INFO GPL-0018] PlaceInstsArea:          37.718 um^2
[INFO GPL-0019] Util:                    63.782 %
[INFO GPL-0020] StdInstsArea:            37.718 um^2
[INFO GPL-0021] MacroInstsArea:           0.000 um^2
[InitialPlace]  Iter: 1 CG residual: 0.00000011 HPWL: 852066
[InitialPlace]  Iter: 2 CG residual: 0.00000010 HPWL: 707765
[InitialPlace]  Iter: 3 CG residual: 0.00000006 HPWL: 720209
[InitialPlace]  Iter: 4 CG residual: 0.00000011 HPWL: 723316
[InitialPlace]  Iter: 5 CG residual: 0.00000009 HPWL: 729582
[INFO GPL-0031] FillerInit:NumGCells:       395
[INFO GPL-0032] FillerInit:NumGNets:        368
[INFO GPL-0033] FillerInit:NumGPins:       1171
[INFO GPL-0023] TargetDensity:            0.793
[INFO GPL-0024] AvrgPlaceInstArea:        0.120 um^2
[INFO GPL-0025] IdealBinArea:             0.151 um^2
[INFO GPL-0026] IdealBinCnt:                400
[INFO GPL-0027] TotalBinArea:            60.536 um^2
[INFO GPL-0028] BinCnt:        16     16
[INFO GPL-0029] BinSize: (  0.584  0.405 )
[INFO GPL-0030] NumBins: 256
[NesterovSolve] Iter:    1 overflow: 0.677 HPWL: 563011
[NesterovSolve] Iter:   10 overflow: 0.612 HPWL: 523723
[NesterovSolve] Iter:   20 overflow: 0.607 HPWL: 523226
[NesterovSolve] Iter:   30 overflow: 0.610 HPWL: 523392
[NesterovSolve] Iter:   40 overflow: 0.608 HPWL: 523563
[NesterovSolve] Iter:   50 overflow: 0.608 HPWL: 523471
[NesterovSolve] Iter:   60 overflow: 0.607 HPWL: 523645
[NesterovSolve] Iter:   70 overflow: 0.606 HPWL: 523966
[NesterovSolve] Iter:   80 overflow: 0.604 HPWL: 524460
[NesterovSolve] Iter:   90 overflow: 0.601 HPWL: 525065
[NesterovSolve] Iter:  100 overflow: 0.597 HPWL: 525706
[NesterovSolve] Iter:  110 overflow: 0.590 HPWL: 526045
[NesterovSolve] Iter:  120 overflow: 0.581 HPWL: 527074
[NesterovSolve] Iter:  130 overflow: 0.570 HPWL: 529003
[NesterovSolve] Iter:  140 overflow: 0.557 HPWL: 531837
[NesterovSolve] Iter:  150 overflow: 0.533 HPWL: 533686
[NesterovSolve] Iter:  160 overflow: 0.503 HPWL: 535732
[NesterovSolve] Iter:  170 overflow: 0.472 HPWL: 539455
[NesterovSolve] Iter:  180 overflow: 0.434 HPWL: 543118
[NesterovSolve] Iter:  190 overflow: 0.385 HPWL: 545910
[NesterovSolve] Iter:  200 overflow: 0.337 HPWL: 548664
[NesterovSolve] Iter:  210 overflow: 0.291 HPWL: 549971
[NesterovSolve] Iter:  220 overflow: 0.256 HPWL: 552366
[NesterovSolve] Iter:  230 overflow: 0.225 HPWL: 557168
[NesterovSolve] Iter:  240 overflow: 0.194 HPWL: 560757
[NesterovSolve] Iter:  250 overflow: 0.169 HPWL: 563983
[NesterovSolve] Iter:  260 overflow: 0.146 HPWL: 567695
[NesterovSolve] Iter:  270 overflow: 0.129 HPWL: 570357
[NesterovSolve] Iter:  280 overflow: 0.112 HPWL: 573550
[NesterovSolve] Finished with Overflow: 0.098355
Report metrics stage 3, global place...

==========================================================================
global place report_design_area
--------------------------------------------------------------------------
Design area 38 u^2 62% utilization.
Elapsed time: 0:04.26[h:]min:sec. CPU time: user 40.45 sys 0.35 (955%). Peak memory: 212852KB.
