OpenROAD v2.0-19576-gec1bf1a13 
Features included (+) or not (-): +GPU +GUI +Python : None
This program is licensed under the BSD-3 license. See the LICENSE file for details.
Components of this program may be licensed under more restrictive licenses which must be honored.
[INFO ORD-0030] Using 16 thread(s).
[INFO GPL-0002] DBU: 1000
[INFO GPL-0003] SiteSize: (  0.054  0.270 ) um
[INFO GPL-0004] CoreBBox: (  2.052  2.160 ) ( 75.168 60.480 ) um
[INFO GPL-0006] NumInstances:             19349
[INFO GPL-0007] NumPlaceInstances:        18699
[INFO GPL-0008] NumFixedInstances:          650
[INFO GPL-0009] NumDummyInstances:            0
[INFO GPL-0010] NumNets:                  19431
[INFO GPL-0011] NumPins:                  69487
[INFO GPL-0012] DieBBox:  (  0.000  0.000 ) ( 77.208 62.566 ) um
[INFO GPL-0013] CoreBBox: (  2.052  2.160 ) ( 75.168 60.480 ) um
[INFO GPL-0016] CoreArea:              4264.125 um^2
[INFO GPL-0017] NonPlaceInstsArea:       18.954 um^2
[INFO GPL-0018] PlaceInstsArea:        2323.206 um^2
[INFO GPL-0019] Util:                    54.726 %
[INFO GPL-0020] StdInstsArea:          2323.206 um^2
[INFO GPL-0021] MacroInstsArea:           0.000 um^2
[INFO GPL-0031] FillerInit:NumGCells:     35487
[INFO GPL-0032] FillerInit:NumGNets:      19431
[INFO GPL-0033] FillerInit:NumGPins:      69487
[INFO GPL-0023] TargetDensity:            1.000
[INFO GPL-0024] AvrgPlaceInstArea:        0.124 um^2
[INFO GPL-0025] IdealBinArea:             0.124 um^2
[INFO GPL-0026] IdealBinCnt:              34321
[INFO GPL-0027] TotalBinArea:          4264.125 um^2
[INFO GPL-0028] BinCnt:       128    128
[INFO GPL-0029] BinSize: (  0.572  0.456 )
[INFO GPL-0030] NumBins: 16384
Placement density is 0.7836293077468872, computed from PLACE_DENSITY_LB_ADDON 0.50 and lower bound 0.5472586154937744
global_placement -density 0.7836293077468872 -pad_left 0 -pad_right 0
[INFO GPL-0002] DBU: 1000
[INFO GPL-0003] SiteSize: (  0.054  0.270 ) um
[INFO GPL-0004] CoreBBox: (  2.052  2.160 ) ( 75.168 60.480 ) um
[INFO GPL-0006] NumInstances:             19349
[INFO GPL-0007] NumPlaceInstances:        18699
[INFO GPL-0008] NumFixedInstances:          650
[INFO GPL-0009] NumDummyInstances:            0
[INFO GPL-0010] NumNets:                  19431
[INFO GPL-0011] NumPins:                  69487
[INFO GPL-0012] DieBBox:  (  0.000  0.000 ) ( 77.208 62.566 ) um
[INFO GPL-0013] CoreBBox: (  2.052  2.160 ) ( 75.168 60.480 ) um
[INFO GPL-0016] CoreArea:              4264.125 um^2
[INFO GPL-0017] NonPlaceInstsArea:       18.954 um^2
[INFO GPL-0018] PlaceInstsArea:        2323.206 um^2
[INFO GPL-0019] Util:                    54.726 %
[INFO GPL-0020] StdInstsArea:          2323.206 um^2
[INFO GPL-0021] MacroInstsArea:           0.000 um^2
[InitialPlace]  Iter: 1 CG residual: 0.00003347 HPWL: 93170526
[InitialPlace]  Iter: 2 CG residual: 0.00000849 HPWL: 30759198
[InitialPlace]  Iter: 3 CG residual: 0.00000177 HPWL: 30511641
[InitialPlace]  Iter: 4 CG residual: 0.00000076 HPWL: 30613576
[InitialPlace]  Iter: 5 CG residual: 0.00000014 HPWL: 30493971
[INFO GPL-0031] FillerInit:NumGCells:     27464
[INFO GPL-0032] FillerInit:NumGNets:      19431
[INFO GPL-0033] FillerInit:NumGPins:      69487
[INFO GPL-0023] TargetDensity:            0.784
[INFO GPL-0024] AvrgPlaceInstArea:        0.124 um^2
[INFO GPL-0025] IdealBinArea:             0.159 um^2
[INFO GPL-0026] IdealBinCnt:              26895
[INFO GPL-0027] TotalBinArea:          4264.125 um^2
[INFO GPL-0028] BinCnt:       128    128
[INFO GPL-0029] BinSize: (  0.572  0.456 )
[INFO GPL-0030] NumBins: 16384
[NesterovSolve] Iter:    1 overflow: 0.971 HPWL: 25225938
[NesterovSolve] Iter:   10 overflow: 0.947 HPWL: 22111009
[NesterovSolve] Iter:   20 overflow: 0.930 HPWL: 24423083
[NesterovSolve] Iter:   30 overflow: 0.921 HPWL: 25326419
[NesterovSolve] Iter:   40 overflow: 0.916 HPWL: 25537264
[NesterovSolve] Iter:   50 overflow: 0.913 HPWL: 25713793
[NesterovSolve] Iter:   60 overflow: 0.913 HPWL: 25804712
[NesterovSolve] Iter:   70 overflow: 0.913 HPWL: 25910694
[NesterovSolve] Iter:   80 overflow: 0.912 HPWL: 25925254
[NesterovSolve] Iter:   90 overflow: 0.912 HPWL: 25854116
[NesterovSolve] Iter:  100 overflow: 0.912 HPWL: 25796056
[NesterovSolve] Iter:  110 overflow: 0.911 HPWL: 25879898
[NesterovSolve] Iter:  120 overflow: 0.910 HPWL: 26194626
[NesterovSolve] Iter:  130 overflow: 0.908 HPWL: 26811883
[NesterovSolve] Iter:  140 overflow: 0.905 HPWL: 27655183
[NesterovSolve] Iter:  150 overflow: 0.900 HPWL: 28756633
[NesterovSolve] Iter:  160 overflow: 0.895 HPWL: 30340994
[NesterovSolve] Iter:  170 overflow: 0.886 HPWL: 32507737
[NesterovSolve] Iter:  180 overflow: 0.874 HPWL: 35207798
[NesterovSolve] Iter:  190 overflow: 0.859 HPWL: 38177837
[NesterovSolve] Iter:  200 overflow: 0.840 HPWL: 41134434
[NesterovSolve] Iter:  210 overflow: 0.815 HPWL: 44453989
[NesterovSolve] Iter:  220 overflow: 0.787 HPWL: 48194188
[NesterovSolve] Iter:  230 overflow: 0.756 HPWL: 51208686
[NesterovSolve] Iter:  240 overflow: 0.720 HPWL: 55191041
[NesterovSolve] Iter:  250 overflow: 0.683 HPWL: 57884341
[NesterovSolve] Iter:  260 overflow: 0.639 HPWL: 61043032
[NesterovSolve] Iter:  270 overflow: 0.590 HPWL: 64070771
[NesterovSolve] Iter:  280 overflow: 0.533 HPWL: 67116432
[NesterovSolve] Iter:  290 overflow: 0.469 HPWL: 69934984
[NesterovSolve] Iter:  300 overflow: 0.414 HPWL: 72447125
[NesterovSolve] Iter:  310 overflow: 0.364 HPWL: 73971839
[NesterovSolve] Iter:  320 overflow: 0.328 HPWL: 75176337
[NesterovSolve] Iter:  330 overflow: 0.290 HPWL: 75962312
[NesterovSolve] Iter:  340 overflow: 0.260 HPWL: 76527129
[NesterovSolve] Iter:  350 overflow: 0.228 HPWL: 76888586
[NesterovSolve] Iter:  360 overflow: 0.199 HPWL: 77124076
[NesterovSolve] Iter:  370 overflow: 0.173 HPWL: 77301358
[NesterovSolve] Iter:  380 overflow: 0.150 HPWL: 77442501
[NesterovSolve] Iter:  390 overflow: 0.129 HPWL: 77567970
[NesterovSolve] Iter:  400 overflow: 0.113 HPWL: 77675611
[NesterovSolve] Finished with Overflow: 0.099794
Took 7 seconds: global_placement -density 0.7836293077468872 -pad_left 0 -pad_right 0
Report metrics stage 3, global place...

==========================================================================
global place report_design_area
--------------------------------------------------------------------------
Design area 2323 u^2 54% utilization.
Elapsed time: 0:20.51[h:]min:sec. CPU time: user 128.35 sys 0.41 (627%). Peak memory: 305732KB.
