OpenROAD v2.0-19576-gec1bf1a13 
Features included (+) or not (-): +GPU +GUI +Python : None
This program is licensed under the BSD-3 license. See the LICENSE file for details.
Components of this program may be licensed under more restrictive licenses which must be honored.
[INFO ORD-0030] Using 16 thread(s).
[INFO GPL-0002] DBU: 2000
[INFO GPL-0003] SiteSize: (  0.190  1.400 ) um
[INFO GPL-0004] CoreBBox: (  1.140  1.400 ) ( 277.400 221.200 ) um
[INFO GPL-0006] NumInstances:             16568
[INFO GPL-0007] NumPlaceInstances:        16095
[INFO GPL-0008] NumFixedInstances:          473
[INFO GPL-0009] NumDummyInstances:            0
[INFO GPL-0010] NumNets:                  18758
[INFO GPL-0011] NumPins:                  60707
[INFO GPL-0012] DieBBox:  (  0.000  0.000 ) ( 278.550 223.240 ) um
[INFO GPL-0013] CoreBBox: (  1.140  1.400 ) ( 277.400 221.200 ) um
[INFO GPL-0016] CoreArea:             60721.948 um^2
[INFO GPL-0017] NonPlaceInstsArea:      125.818 um^2
[INFO GPL-0018] PlaceInstsArea:       28787.052 um^2
[INFO GPL-0019] Util:                    47.506 %
[INFO GPL-0020] StdInstsArea:         28787.052 um^2
[INFO GPL-0021] MacroInstsArea:           0.000 um^2
[INFO GPL-0031] FillerInit:NumGCells:     35244
[INFO GPL-0032] FillerInit:NumGNets:      18758
[INFO GPL-0033] FillerInit:NumGPins:      60707
[INFO GPL-0023] TargetDensity:            1.000
[INFO GPL-0024] AvrgPlaceInstArea:        1.789 um^2
[INFO GPL-0025] IdealBinArea:             1.789 um^2
[INFO GPL-0026] IdealBinCnt:              33949
[INFO GPL-0027] TotalBinArea:         60721.948 um^2
[INFO GPL-0028] BinCnt:       128    128
[INFO GPL-0029] BinSize: (  2.159  1.718 )
[INFO GPL-0030] NumBins: 16384
Placement density is 0.7475321090221405, computed from PLACE_DENSITY_LB_ADDON 0.50 and lower bound 0.475064218044281
global_placement -density 0.7475321090221405 -pad_left 0 -pad_right 0
[INFO GPL-0002] DBU: 2000
[INFO GPL-0003] SiteSize: (  0.190  1.400 ) um
[INFO GPL-0004] CoreBBox: (  1.140  1.400 ) ( 277.400 221.200 ) um
[INFO GPL-0006] NumInstances:             16568
[INFO GPL-0007] NumPlaceInstances:        16095
[INFO GPL-0008] NumFixedInstances:          473
[INFO GPL-0009] NumDummyInstances:            0
[INFO GPL-0010] NumNets:                  18758
[INFO GPL-0011] NumPins:                  60707
[INFO GPL-0012] DieBBox:  (  0.000  0.000 ) ( 278.550 223.240 ) um
[INFO GPL-0013] CoreBBox: (  1.140  1.400 ) ( 277.400 221.200 ) um
[INFO GPL-0016] CoreArea:             60721.948 um^2
[INFO GPL-0017] NonPlaceInstsArea:      125.818 um^2
[INFO GPL-0018] PlaceInstsArea:       28787.052 um^2
[INFO GPL-0019] Util:                    47.506 %
[INFO GPL-0020] StdInstsArea:         28787.052 um^2
[INFO GPL-0021] MacroInstsArea:           0.000 um^2
[InitialPlace]  Iter: 1 CG residual: 0.00628069 HPWL: 237832620
[InitialPlace]  Iter: 2 CG residual: 0.00026436 HPWL: 193277908
[InitialPlace]  Iter: 3 CG residual: 0.00031743 HPWL: 182798923
[InitialPlace]  Iter: 4 CG residual: 0.00010450 HPWL: 179200712
[InitialPlace]  Iter: 5 CG residual: 0.00000351 HPWL: 177765917
[INFO GPL-0031] FillerInit:NumGCells:     26034
[INFO GPL-0032] FillerInit:NumGNets:      18758
[INFO GPL-0033] FillerInit:NumGPins:      60707
[INFO GPL-0023] TargetDensity:            0.748
[INFO GPL-0024] AvrgPlaceInstArea:        1.789 um^2
[INFO GPL-0025] IdealBinArea:             2.393 um^2
[INFO GPL-0026] IdealBinCnt:              25378
[INFO GPL-0027] TotalBinArea:         60721.948 um^2
[INFO GPL-0028] BinCnt:       128    128
[INFO GPL-0029] BinSize: (  2.159  1.718 )
[INFO GPL-0030] NumBins: 16384
[NesterovSolve] Iter:    1 overflow: 0.993 HPWL: 78139490
[NesterovSolve] Iter:   10 overflow: 0.976 HPWL: 96637480
[NesterovSolve] Iter:   20 overflow: 0.963 HPWL: 108436634
[NesterovSolve] Iter:   30 overflow: 0.956 HPWL: 115026736
[NesterovSolve] Iter:   40 overflow: 0.953 HPWL: 121253994
[NesterovSolve] Iter:   50 overflow: 0.952 HPWL: 126650065
[NesterovSolve] Iter:   60 overflow: 0.951 HPWL: 129708294
[NesterovSolve] Iter:   70 overflow: 0.952 HPWL: 130396791
[NesterovSolve] Iter:   80 overflow: 0.951 HPWL: 128981861
[NesterovSolve] Iter:   90 overflow: 0.952 HPWL: 127034432
[NesterovSolve] Iter:  100 overflow: 0.953 HPWL: 125883610
[NesterovSolve] Iter:  110 overflow: 0.953 HPWL: 125825962
[NesterovSolve] Iter:  120 overflow: 0.953 HPWL: 126401224
[NesterovSolve] Iter:  130 overflow: 0.953 HPWL: 127140269
[NesterovSolve] Iter:  140 overflow: 0.954 HPWL: 128032876
[NesterovSolve] Iter:  150 overflow: 0.953 HPWL: 129125563
[NesterovSolve] Iter:  160 overflow: 0.953 HPWL: 130493081
[NesterovSolve] Iter:  170 overflow: 0.952 HPWL: 132548949
[NesterovSolve] Iter:  180 overflow: 0.950 HPWL: 136094362
[NesterovSolve] Iter:  190 overflow: 0.947 HPWL: 141982633
[NesterovSolve] Iter:  200 overflow: 0.944 HPWL: 150129740
[NesterovSolve] Iter:  210 overflow: 0.937 HPWL: 160785292
[NesterovSolve] Iter:  220 overflow: 0.929 HPWL: 174816769
[NesterovSolve] Iter:  230 overflow: 0.917 HPWL: 192642864
[NesterovSolve] Iter:  240 overflow: 0.902 HPWL: 212466268
[NesterovSolve] Iter:  250 overflow: 0.884 HPWL: 232240773
[NesterovSolve] Iter:  260 overflow: 0.862 HPWL: 251738364
[NesterovSolve] Iter:  270 overflow: 0.837 HPWL: 276327771
[NesterovSolve] Iter:  280 overflow: 0.810 HPWL: 304446824
[NesterovSolve] Iter:  290 overflow: 0.777 HPWL: 325740853
[NesterovSolve] Iter:  300 overflow: 0.736 HPWL: 352642092
[NesterovSolve] Iter:  310 overflow: 0.696 HPWL: 366397298
[NesterovSolve] Iter:  320 overflow: 0.650 HPWL: 389706192
[NesterovSolve] Iter:  330 overflow: 0.603 HPWL: 402421132
[NesterovSolve] Iter:  340 overflow: 0.553 HPWL: 415093382
[NesterovSolve] Iter:  350 overflow: 0.507 HPWL: 422133368
[NesterovSolve] Iter:  360 overflow: 0.462 HPWL: 429431375
[NesterovSolve] Iter:  370 overflow: 0.411 HPWL: 437750912
[NesterovSolve] Iter:  380 overflow: 0.364 HPWL: 443574081
[NesterovSolve] Iter:  390 overflow: 0.320 HPWL: 447327192
[NesterovSolve] Iter:  400 overflow: 0.287 HPWL: 449798666
[NesterovSolve] Iter:  410 overflow: 0.253 HPWL: 451857349
[NesterovSolve] Iter:  420 overflow: 0.222 HPWL: 454199966
[NesterovSolve] Iter:  430 overflow: 0.193 HPWL: 455879326
[NesterovSolve] Iter:  440 overflow: 0.167 HPWL: 457164833
[NesterovSolve] Iter:  450 overflow: 0.143 HPWL: 458153056
[NesterovSolve] Iter:  460 overflow: 0.123 HPWL: 458877483
[NesterovSolve] Iter:  470 overflow: 0.105 HPWL: 459478591
[NesterovSolve] Finished with Overflow: 0.099271
Took 829 seconds: global_placement -density 0.7475321090221405 -pad_left 0 -pad_right 0
Report metrics stage 3, global place...

==========================================================================
global place report_design_area
--------------------------------------------------------------------------
Design area 28787 u^2 47% utilization.
Elapsed time: 14:13.21[h:]min:sec. CPU time: user 1675.06 sys 5.30 (196%). Peak memory: 199308KB.
