
==========================================================================
global place report_tns
--------------------------------------------------------------------------
tns -42861.69

==========================================================================
global place report_wns
--------------------------------------------------------------------------
wns -231.93

==========================================================================
global place report_worst_slack
--------------------------------------------------------------------------
worst slack -231.93

==========================================================================
global place report_checks -path_delay min
--------------------------------------------------------------------------
Startpoint: rst_ni (input port clocked by core_clock)
Endpoint: gen_regfile_ff.register_file_i.rf_reg_q[205]$_DFFE_PN0P_
          (removal check against rising-edge clock core_clock)
Path Group: asynchronous
Path Type: min

Fanout     Cap    Slew   Delay    Time   Description
-----------------------------------------------------------------------------
                  0.00    0.00    0.00   clock core_clock (rise edge)
                          0.00    0.00   clock network delay (ideal)
                        252.00  252.00 ^ input external delay
    42   54.11    0.00    0.00  252.00 ^ rst_ni (in)
                                         rst_ni (net)
                 70.61   22.27  274.27 ^ gen_regfile_ff.register_file_i.rf_reg_q[205]$_DFFE_PN0P_/SETN (DFFASRHQNx1_ASAP7_75t_R)
                                274.27   data arrival time

                  0.00    0.00    0.00   clock core_clock (rise edge)
                          0.00    0.00   clock network delay (ideal)
                          0.00    0.00   clock reconvergence pessimism
                                  0.00 ^ gen_regfile_ff.register_file_i.rf_reg_q[205]$_DFFE_PN0P_/CLK (DFFASRHQNx1_ASAP7_75t_R)
                         11.73   11.73   library removal time
                                 11.73   data required time
-----------------------------------------------------------------------------
                                 11.73   data required time
                               -274.27   data arrival time
-----------------------------------------------------------------------------
                                262.54   slack (MET)


Startpoint: core_clock_gate_i.en_latch$_DLATCH_N_
            (negative level-sensitive latch clocked by core_clock)
Endpoint: _35046_ (rising clock gating-check end-point clocked by core_clock)
Path Group: gated clock
Path Type: min

Fanout     Cap    Slew   Delay    Time   Description
-----------------------------------------------------------------------------
                  0.00  630.00  630.00   clock core_clock (fall edge)
                          0.00  630.00   clock network delay (ideal)
                  0.00    0.00  630.00 v core_clock_gate_i.en_latch$_DLATCH_N_/CLK (DLLx1_ASAP7_75t_R)
     1    0.33    6.14   17.32  647.32 ^ core_clock_gate_i.en_latch$_DLATCH_N_/Q (DLLx1_ASAP7_75t_R)
                                         core_clock_gate_i.en_latch (net)
                  6.14    0.00  647.32 ^ _35046_/B (AND2x2_ASAP7_75t_R)
                                647.32   data arrival time

                  0.00  630.00  630.00   clock core_clock (fall edge)
                          0.00  630.00   clock network delay (ideal)
                          0.00  630.00   clock reconvergence pessimism
                                630.00 v _35046_/A (AND2x2_ASAP7_75t_R)
                          0.00  630.00   clock gating hold time
                                630.00   data required time
-----------------------------------------------------------------------------
                                630.00   data required time
                               -647.32   data arrival time
-----------------------------------------------------------------------------
                                 17.32   slack (MET)


Startpoint: cs_registers_i.u_mstack_epc_csr.rdata_q[1]$_DFFE_PN0P_
            (rising edge-triggered flip-flop clocked by core_clock)
Endpoint: cs_registers_i.u_mstack_epc_csr.rdata_q[1]$_DFFE_PN0P_
          (rising edge-triggered flip-flop clocked by core_clock)
Path Group: core_clock
Path Type: min

Fanout     Cap    Slew   Delay    Time   Description
-----------------------------------------------------------------------------
                  0.00    0.00    0.00   clock core_clock (rise edge)
                          0.00    0.00   clock network delay (ideal)
                  0.00    0.00    0.00 ^ cs_registers_i.u_mstack_epc_csr.rdata_q[1]$_DFFE_PN0P_/CLK (DFFASRHQNx1_ASAP7_75t_R)
     2    1.22   16.66   37.89   37.89 ^ cs_registers_i.u_mstack_epc_csr.rdata_q[1]$_DFFE_PN0P_/QN (DFFASRHQNx1_ASAP7_75t_R)
                                         _01876_ (net)
                 16.66    0.00   37.90 ^ _27520_/A1 (AOI21x1_ASAP7_75t_R)
     1    0.68    5.60    8.85   46.74 v _27520_/Y (AOI21x1_ASAP7_75t_R)
                                         _02704_ (net)
                  5.60    0.02   46.76 v cs_registers_i.u_mstack_epc_csr.rdata_q[1]$_DFFE_PN0P_/D (DFFASRHQNx1_ASAP7_75t_R)
                                 46.76   data arrival time

                  0.00    0.00    0.00   clock core_clock (rise edge)
                          0.00    0.00   clock network delay (ideal)
                          0.00    0.00   clock reconvergence pessimism
                                  0.00 ^ cs_registers_i.u_mstack_epc_csr.rdata_q[1]$_DFFE_PN0P_/CLK (DFFASRHQNx1_ASAP7_75t_R)
                          9.34    9.34   library hold time
                                  9.34   data required time
-----------------------------------------------------------------------------
                                  9.34   data required time
                                -46.76   data arrival time
-----------------------------------------------------------------------------
                                 37.41   slack (MET)



==========================================================================
global place report_checks -path_delay max
--------------------------------------------------------------------------
Startpoint: rst_ni (input port clocked by core_clock)
Endpoint: cs_registers_i.u_mcause_csr.rdata_q[3]$_DFFE_PN0P_
          (recovery check against rising-edge clock core_clock)
Path Group: asynchronous
Path Type: max

Fanout     Cap    Slew   Delay    Time   Description
-----------------------------------------------------------------------------
                  0.00    0.00    0.00   clock core_clock (rise edge)
                          0.00    0.00   clock network delay (ideal)
                        252.00  252.00 ^ input external delay
    42   65.85    0.00    0.00  252.00 ^ rst_ni (in)
                                         rst_ni (net)
                 77.83   24.55  276.55 ^ load_slew50/A (BUFx24_ASAP7_75t_R)
    79  107.40   47.42   41.50  318.05 ^ load_slew50/Y (BUFx24_ASAP7_75t_R)
                                         net72 (net)
                 51.95    7.04  325.09 ^ load_slew49/A (BUFx24_ASAP7_75t_R)
    88  117.09   56.20   34.23  359.32 ^ load_slew49/Y (BUFx24_ASAP7_75t_R)
                                         net71 (net)
                 97.23   26.12  385.43 ^ load_slew48/A (BUFx24_ASAP7_75t_R)
    80  109.93   50.22   40.77  426.20 ^ load_slew48/Y (BUFx24_ASAP7_75t_R)
                                         net70 (net)
                140.70   43.30  469.50 ^ load_slew47/A (BUFx16f_ASAP7_75t_R)
    66   92.64   54.17   47.89  517.39 ^ load_slew47/Y (BUFx16f_ASAP7_75t_R)
                                         net69 (net)
                 67.42   14.04  531.42 ^ load_slew46/A (BUFx16f_ASAP7_75t_R)
    69   95.09   50.01   30.17  561.59 ^ load_slew46/Y (BUFx16f_ASAP7_75t_R)
                                         net68 (net)
                 60.74   10.39  571.98 ^ load_slew45/A (BUFx16f_ASAP7_75t_R)
    73   99.26   55.51   31.65  603.63 ^ load_slew45/Y (BUFx16f_ASAP7_75t_R)
                                         net67 (net)
                107.85   31.02  634.65 ^ load_slew44/A (BUFx16f_ASAP7_75t_R)
    56   78.07   47.06   40.82  675.47 ^ load_slew44/Y (BUFx16f_ASAP7_75t_R)
                                         net66 (net)
                 54.22    9.48  684.95 ^ load_slew43/A (BUFx24_ASAP7_75t_R)
   101  131.23   63.38   36.75  721.69 ^ load_slew43/Y (BUFx24_ASAP7_75t_R)
                                         net65 (net)
                 63.38    0.38  722.08 ^ load_slew42/A (BUFx16f_ASAP7_75t_R)
    69   87.91   50.97   40.04  762.12 ^ load_slew42/Y (BUFx16f_ASAP7_75t_R)
                                         net64 (net)
                 56.06    8.50  770.62 ^ cs_registers_i.u_mcause_csr.rdata_q[3]$_DFFE_PN0P_/SETN (DFFASRHQNx1_ASAP7_75t_R)
                                770.62   data arrival time

                  0.00 1260.00 1260.00   clock core_clock (rise edge)
                          0.00 1260.00   clock network delay (ideal)
                          0.00 1260.00   clock reconvergence pessimism
                               1260.00 ^ cs_registers_i.u_mcause_csr.rdata_q[3]$_DFFE_PN0P_/CLK (DFFASRHQNx1_ASAP7_75t_R)
                         -4.92 1255.08   library recovery time
                               1255.08   data required time
-----------------------------------------------------------------------------
                               1255.08   data required time
                               -770.62   data arrival time
-----------------------------------------------------------------------------
                                484.46   slack (MET)


Startpoint: core_clock_gate_i.en_latch$_DLATCH_N_
            (negative level-sensitive latch clocked by core_clock)
Endpoint: _35046_ (rising clock gating-check end-point clocked by core_clock)
Path Group: gated clock
Path Type: max

Fanout     Cap    Slew   Delay    Time   Description
-----------------------------------------------------------------------------
                  0.00  630.00  630.00   clock core_clock (fall edge)
                          0.00  630.00   clock network delay (ideal)
                  0.00    0.00  630.00 v core_clock_gate_i.en_latch$_DLATCH_N_/CLK (DLLx1_ASAP7_75t_R)
     1    0.58    7.41   27.21  657.21 v core_clock_gate_i.en_latch$_DLATCH_N_/Q (DLLx1_ASAP7_75t_R)
                                         core_clock_gate_i.en_latch (net)
                  7.41    0.00  657.21 v _35046_/B (AND2x2_ASAP7_75t_R)
                                657.21   data arrival time

                  0.00 1260.00 1260.00   clock core_clock (rise edge)
                          0.00 1260.00   clock network delay (ideal)
                          0.00 1260.00   clock reconvergence pessimism
                               1260.00 ^ _35046_/A (AND2x2_ASAP7_75t_R)
                          0.00 1260.00   clock gating setup time
                               1260.00   data required time
-----------------------------------------------------------------------------
                               1260.00   data required time
                               -657.21   data arrival time
-----------------------------------------------------------------------------
                                602.79   slack (MET)


Startpoint: if_stage_i.instr_rdata_alu_id_o[21]$_DFFE_PN_
            (rising edge-triggered flip-flop clocked by core_clock)
Endpoint: gen_regfile_ff.register_file_i.rf_reg_q[959]$_DFFE_PN0P_
          (rising edge-triggered flip-flop clocked by core_clock)
Path Group: core_clock
Path Type: max

Fanout     Cap    Slew   Delay    Time   Description
-----------------------------------------------------------------------------
                  0.00    0.00    0.00   clock core_clock (rise edge)
                          0.00    0.00   clock network delay (ideal)
                  0.00    0.00    0.00 ^ if_stage_i.instr_rdata_alu_id_o[21]$_DFFE_PN_/CLK (DFFHQNx2_ASAP7_75t_R)
     5    8.78   37.86   53.85   53.85 v if_stage_i.instr_rdata_alu_id_o[21]$_DFFE_PN_/QN (DFFHQNx2_ASAP7_75t_R)
                                         _01552_ (net)
                 37.99    1.24   55.09 v _19184_/A (BUFx6f_ASAP7_75t_R)
     5    8.13   11.56   23.18   78.27 v _19184_/Y (BUFx6f_ASAP7_75t_R)
                                         _13455_ (net)
                 11.56    0.06   78.33 v _19185_/A (BUFx12f_ASAP7_75t_R)
    11   13.91   11.74   14.98   93.31 v _19185_/Y (BUFx12f_ASAP7_75t_R)
                                         _13456_ (net)
                 16.94    3.99   97.30 v _19186_/A (BUFx12f_ASAP7_75t_R)
     6    8.50    8.55   16.47  113.77 v _19186_/Y (BUFx12f_ASAP7_75t_R)
                                         _13457_ (net)
                  8.64    0.47  114.24 v _19187_/A (BUFx12f_ASAP7_75t_R)
     6   14.44   11.96   13.89  128.13 v _19187_/Y (BUFx12f_ASAP7_75t_R)
                                         _13458_ (net)
                 18.84    4.72  132.85 v _21306_/A (BUFx12f_ASAP7_75t_R)
     6    9.59    8.78   17.60  150.45 v _21306_/Y (BUFx12f_ASAP7_75t_R)
                                         _15503_ (net)
                  8.82    0.30  150.75 v _21335_/A (BUFx12_ASAP7_75t_R)
    10   17.44   16.02   21.02  171.76 v _21335_/Y (BUFx12_ASAP7_75t_R)
                                         _15532_ (net)
                 18.94    3.54  175.30 v _21336_/A (BUFx6f_ASAP7_75t_R)
    10   14.48   17.14   18.42  193.72 v _21336_/Y (BUFx6f_ASAP7_75t_R)
                                         _15533_ (net)
                 35.36   10.08  203.80 v _22383_/A1 (OA211x2_ASAP7_75t_R)
     1    0.77    9.39   27.36  231.15 v _22383_/Y (OA211x2_ASAP7_75t_R)
                                         _16550_ (net)
                  9.39    0.02  231.17 v _22384_/C (OR3x1_ASAP7_75t_R)
     1    0.88   10.78   24.77  255.94 v _22384_/Y (OR3x1_ASAP7_75t_R)
                                         _16551_ (net)
                 10.78    0.04  255.98 v _22392_/B (AND3x1_ASAP7_75t_R)
     1    2.31   15.62   18.57  274.55 v _22392_/Y (AND3x1_ASAP7_75t_R)
                                         _16559_ (net)
                 15.66    0.46  275.01 v _22393_/B (AO21x1_ASAP7_75t_R)
     1    1.10    9.03   18.43  293.45 v _22393_/Y (AO21x1_ASAP7_75t_R)
                                         _16560_ (net)
                  9.03    0.00  293.45 v _22425_/A2 (OAI21x1_ASAP7_75t_R)
     8    8.16   57.51   26.93  320.38 ^ _22425_/Y (OAI21x1_ASAP7_75t_R)
                                         _16592_ (net)
                 57.53    0.68  321.06 ^ _24194_/B (NOR2x1_ASAP7_75t_R)
     1    0.68   15.62   14.68  335.74 v _24194_/Y (NOR2x1_ASAP7_75t_R)
                                         _05201_ (net)
                 15.62    0.01  335.75 v _24195_/B (AO21x2_ASAP7_75t_R)
     8    6.58   22.57   27.65  363.40 v _24195_/Y (AO21x2_ASAP7_75t_R)
                                         _05202_ (net)
                 22.87    1.43  364.83 v _24442_/A (AND2x2_ASAP7_75t_R)
     1    1.67    8.91   23.46  388.29 v _24442_/Y (AND2x2_ASAP7_75t_R)
                                         _17911_ (net)
                  8.91    0.02  388.31 v _35401_/CI (FAx1_ASAP7_75t_R)
     8   16.93  254.71  115.73  504.03 ^ _35401_/CON (FAx1_ASAP7_75t_R)
                                         _17962_ (net)
     4    7.59  176.66   90.30  594.33 v _35401_/SN (FAx1_ASAP7_75t_R)
                                         _17914_ (net)
                176.67    0.46  594.80 v _35040_/A (INVx2_ASAP7_75t_R)
     2    3.71   40.90   31.82  626.62 ^ _35040_/Y (INVx2_ASAP7_75t_R)
                                         _17913_ (net)
                 40.90    0.03  626.65 ^ _35461_/CI (FAx1_ASAP7_75t_R)
     7   12.19  193.57  207.57  834.22 v _35461_/SN (FAx1_ASAP7_75t_R)
                                         _18080_ (net)
                193.57    0.14  834.36 v _35462_/A (FAx1_ASAP7_75t_R)
     1    2.38   77.08   61.45  895.80 ^ _35462_/CON (FAx1_ASAP7_75t_R)
                                         _18122_ (net)
     1    0.79   57.35   20.85  916.65 v _35462_/SN (FAx1_ASAP7_75t_R)
                                         _18479_ (net)
                 57.35    0.01  916.67 v _34879_/A (INVx1_ASAP7_75t_R)
     1    2.04   25.56   20.59  937.25 ^ _34879_/Y (INVx1_ASAP7_75t_R)
                                         _18081_ (net)
                 25.56    0.01  937.27 ^ _35463_/A (FAx1_ASAP7_75t_R)
     1    0.77   24.13   37.64  974.91 v _35463_/SN (FAx1_ASAP7_75t_R)
                                         _18480_ (net)
                 24.13    0.01  974.92 v _34816_/A (INVx1_ASAP7_75t_R)
     1    1.71   16.36   13.24  988.16 ^ _34816_/Y (INVx1_ASAP7_75t_R)
                                         _18083_ (net)
                 16.36    0.03  988.19 ^ _35467_/CI (FAx1_ASAP7_75t_R)
     1    0.77   26.69   34.57 1022.76 v _35467_/SN (FAx1_ASAP7_75t_R)
                                         _18484_ (net)
                 26.69    0.01 1022.77 v _34856_/A (INVx1_ASAP7_75t_R)
     1    2.26   19.99   15.67 1038.44 ^ _34856_/Y (INVx1_ASAP7_75t_R)
                                         _18092_ (net)
                 19.99    0.03 1038.48 ^ _35468_/B (FAx1_ASAP7_75t_R)
     1    1.39   37.69   44.91 1083.38 v _35468_/SN (FAx1_ASAP7_75t_R)
                                         _18486_ (net)
                 37.69    0.09 1083.47 v _35578_/B (HAxp5_ASAP7_75t_R)
     4    3.70   76.22   70.99 1154.46 v _35578_/SN (HAxp5_ASAP7_75t_R)
                                         _00252_ (net)
                 76.22    0.05 1154.51 v _29453_/B (AO21x1_ASAP7_75t_R)
     1    0.68    8.40   25.63 1180.14 v _29453_/Y (AO21x1_ASAP7_75t_R)
                                         _09481_ (net)
                  8.40    0.01 1180.14 v _29454_/A2 (AO21x1_ASAP7_75t_R)
     2    1.10   10.09   15.61 1195.75 v _29454_/Y (AO21x1_ASAP7_75t_R)
                                         _09482_ (net)
                 10.09    0.00 1195.76 v _29488_/A2 (AO21x1_ASAP7_75t_R)
     1    0.70    8.08   14.86 1210.61 v _29488_/Y (AO21x1_ASAP7_75t_R)
                                         _09514_ (net)
                  8.08    0.01 1210.62 v _29489_/A2 (AO21x1_ASAP7_75t_R)
     2    1.16   10.26   15.69 1226.31 v _29489_/Y (AO21x1_ASAP7_75t_R)
                                         _09515_ (net)
                 10.26    0.01 1226.32 v _29532_/A2 (AO21x1_ASAP7_75t_R)
     1    0.54    7.34   14.41 1240.74 v _29532_/Y (AO21x1_ASAP7_75t_R)
                                         _09557_ (net)
                  7.34    0.00 1240.74 v _29536_/A2 (AO221x1_ASAP7_75t_R)
     2    2.44   17.74   27.05 1267.80 v _29536_/Y (AO221x1_ASAP7_75t_R)
                                         _09561_ (net)
                 17.75    0.07 1267.87 v _29607_/A1 (OA21x2_ASAP7_75t_R)
     4    4.28   15.73   24.10 1291.96 v _29607_/Y (OA21x2_ASAP7_75t_R)
                                         _09630_ (net)
                 15.75    0.34 1292.30 v _29608_/D (OR4x1_ASAP7_75t_R)
     1    0.63   12.44   32.06 1324.36 v _29608_/Y (OR4x1_ASAP7_75t_R)
                                         _09631_ (net)
                 12.44    0.00 1324.36 v _29613_/B (AND4x2_ASAP7_75t_R)
     2    4.20   16.08   20.79 1345.16 v _29613_/Y (AND4x2_ASAP7_75t_R)
                                         _09636_ (net)
                 16.47    1.39 1346.54 v _29616_/B (OR5x1_ASAP7_75t_R)
     1    1.29   16.69   38.50 1385.05 v _29616_/Y (OR5x1_ASAP7_75t_R)
                                         _09639_ (net)
                 16.69    0.05 1385.10 v _29617_/C (AOI211x1_ASAP7_75t_R)
     1    0.65   15.31   11.29 1396.39 ^ _29617_/Y (AOI211x1_ASAP7_75t_R)
                                         _09640_ (net)
                 15.31    0.00 1396.39 ^ _29620_/A2 (OA21x2_ASAP7_75t_R)
     1    4.49   18.77   22.48 1418.86 ^ _29620_/Y (OA21x2_ASAP7_75t_R)
                                         _09643_ (net)
                 19.12    1.42 1420.28 ^ _29624_/B (NOR2x2_ASAP7_75t_R)
     7    9.99   36.43   19.48 1439.76 v _29624_/Y (NOR2x2_ASAP7_75t_R)
                                         _09647_ (net)
                 40.56    6.43 1446.19 v clone7/A (BUFx3_ASAP7_75t_R)
     5    3.91   11.11   24.26 1470.45 v clone7/Y (BUFx3_ASAP7_75t_R)
                                         net7 (net)
                 11.11    0.08 1470.53 v _31874_/A1 (AO21x1_ASAP7_75t_R)
     1    0.70    6.98   16.00 1486.52 v _31874_/Y (AO21x1_ASAP7_75t_R)
                                         _03811_ (net)
                  6.98    0.01 1486.53 v gen_regfile_ff.register_file_i.rf_reg_q[959]$_DFFE_PN0P_/D (DFFASRHQNx1_ASAP7_75t_R)
                               1486.53   data arrival time

                  0.00 1260.00 1260.00   clock core_clock (rise edge)
                          0.00 1260.00   clock network delay (ideal)
                          0.00 1260.00   clock reconvergence pessimism
                               1260.00 ^ gen_regfile_ff.register_file_i.rf_reg_q[959]$_DFFE_PN0P_/CLK (DFFASRHQNx1_ASAP7_75t_R)
                         -5.40 1254.60   library setup time
                               1254.60   data required time
-----------------------------------------------------------------------------
                               1254.60   data required time
                               -1486.53   data arrival time
-----------------------------------------------------------------------------
                               -231.93   slack (VIOLATED)



==========================================================================
global place report_checks -unconstrained
--------------------------------------------------------------------------
Startpoint: rst_ni (input port clocked by core_clock)
Endpoint: cs_registers_i.u_mcause_csr.rdata_q[3]$_DFFE_PN0P_
          (recovery check against rising-edge clock core_clock)
Path Group: asynchronous
Path Type: max

Fanout     Cap    Slew   Delay    Time   Description
-----------------------------------------------------------------------------
                  0.00    0.00    0.00   clock core_clock (rise edge)
                          0.00    0.00   clock network delay (ideal)
                        252.00  252.00 ^ input external delay
    42   65.85    0.00    0.00  252.00 ^ rst_ni (in)
                                         rst_ni (net)
                 77.83   24.55  276.55 ^ load_slew50/A (BUFx24_ASAP7_75t_R)
    79  107.40   47.42   41.50  318.05 ^ load_slew50/Y (BUFx24_ASAP7_75t_R)
                                         net72 (net)
                 51.95    7.04  325.09 ^ load_slew49/A (BUFx24_ASAP7_75t_R)
    88  117.09   56.20   34.23  359.32 ^ load_slew49/Y (BUFx24_ASAP7_75t_R)
                                         net71 (net)
                 97.23   26.12  385.43 ^ load_slew48/A (BUFx24_ASAP7_75t_R)
    80  109.93   50.22   40.77  426.20 ^ load_slew48/Y (BUFx24_ASAP7_75t_R)
                                         net70 (net)
                140.70   43.30  469.50 ^ load_slew47/A (BUFx16f_ASAP7_75t_R)
    66   92.64   54.17   47.89  517.39 ^ load_slew47/Y (BUFx16f_ASAP7_75t_R)
                                         net69 (net)
                 67.42   14.04  531.42 ^ load_slew46/A (BUFx16f_ASAP7_75t_R)
    69   95.09   50.01   30.17  561.59 ^ load_slew46/Y (BUFx16f_ASAP7_75t_R)
                                         net68 (net)
                 60.74   10.39  571.98 ^ load_slew45/A (BUFx16f_ASAP7_75t_R)
    73   99.26   55.51   31.65  603.63 ^ load_slew45/Y (BUFx16f_ASAP7_75t_R)
                                         net67 (net)
                107.85   31.02  634.65 ^ load_slew44/A (BUFx16f_ASAP7_75t_R)
    56   78.07   47.06   40.82  675.47 ^ load_slew44/Y (BUFx16f_ASAP7_75t_R)
                                         net66 (net)
                 54.22    9.48  684.95 ^ load_slew43/A (BUFx24_ASAP7_75t_R)
   101  131.23   63.38   36.75  721.69 ^ load_slew43/Y (BUFx24_ASAP7_75t_R)
                                         net65 (net)
                 63.38    0.38  722.08 ^ load_slew42/A (BUFx16f_ASAP7_75t_R)
    69   87.91   50.97   40.04  762.12 ^ load_slew42/Y (BUFx16f_ASAP7_75t_R)
                                         net64 (net)
                 56.06    8.50  770.62 ^ cs_registers_i.u_mcause_csr.rdata_q[3]$_DFFE_PN0P_/SETN (DFFASRHQNx1_ASAP7_75t_R)
                                770.62   data arrival time

                  0.00 1260.00 1260.00   clock core_clock (rise edge)
                          0.00 1260.00   clock network delay (ideal)
                          0.00 1260.00   clock reconvergence pessimism
                               1260.00 ^ cs_registers_i.u_mcause_csr.rdata_q[3]$_DFFE_PN0P_/CLK (DFFASRHQNx1_ASAP7_75t_R)
                         -4.92 1255.08   library recovery time
                               1255.08   data required time
-----------------------------------------------------------------------------
                               1255.08   data required time
                               -770.62   data arrival time
-----------------------------------------------------------------------------
                                484.46   slack (MET)


Startpoint: core_clock_gate_i.en_latch$_DLATCH_N_
            (negative level-sensitive latch clocked by core_clock)
Endpoint: _35046_ (rising clock gating-check end-point clocked by core_clock)
Path Group: gated clock
Path Type: max

Fanout     Cap    Slew   Delay    Time   Description
-----------------------------------------------------------------------------
                  0.00  630.00  630.00   clock core_clock (fall edge)
                          0.00  630.00   clock network delay (ideal)
                  0.00    0.00  630.00 v core_clock_gate_i.en_latch$_DLATCH_N_/CLK (DLLx1_ASAP7_75t_R)
     1    0.58    7.41   27.21  657.21 v core_clock_gate_i.en_latch$_DLATCH_N_/Q (DLLx1_ASAP7_75t_R)
                                         core_clock_gate_i.en_latch (net)
                  7.41    0.00  657.21 v _35046_/B (AND2x2_ASAP7_75t_R)
                                657.21   data arrival time

                  0.00 1260.00 1260.00   clock core_clock (rise edge)
                          0.00 1260.00   clock network delay (ideal)
                          0.00 1260.00   clock reconvergence pessimism
                               1260.00 ^ _35046_/A (AND2x2_ASAP7_75t_R)
                          0.00 1260.00   clock gating setup time
                               1260.00   data required time
-----------------------------------------------------------------------------
                               1260.00   data required time
                               -657.21   data arrival time
-----------------------------------------------------------------------------
                                602.79   slack (MET)


Startpoint: if_stage_i.instr_rdata_alu_id_o[21]$_DFFE_PN_
            (rising edge-triggered flip-flop clocked by core_clock)
Endpoint: gen_regfile_ff.register_file_i.rf_reg_q[959]$_DFFE_PN0P_
          (rising edge-triggered flip-flop clocked by core_clock)
Path Group: core_clock
Path Type: max

Fanout     Cap    Slew   Delay    Time   Description
-----------------------------------------------------------------------------
                  0.00    0.00    0.00   clock core_clock (rise edge)
                          0.00    0.00   clock network delay (ideal)
                  0.00    0.00    0.00 ^ if_stage_i.instr_rdata_alu_id_o[21]$_DFFE_PN_/CLK (DFFHQNx2_ASAP7_75t_R)
     5    8.78   37.86   53.85   53.85 v if_stage_i.instr_rdata_alu_id_o[21]$_DFFE_PN_/QN (DFFHQNx2_ASAP7_75t_R)
                                         _01552_ (net)
                 37.99    1.24   55.09 v _19184_/A (BUFx6f_ASAP7_75t_R)
     5    8.13   11.56   23.18   78.27 v _19184_/Y (BUFx6f_ASAP7_75t_R)
                                         _13455_ (net)
                 11.56    0.06   78.33 v _19185_/A (BUFx12f_ASAP7_75t_R)
    11   13.91   11.74   14.98   93.31 v _19185_/Y (BUFx12f_ASAP7_75t_R)
                                         _13456_ (net)
                 16.94    3.99   97.30 v _19186_/A (BUFx12f_ASAP7_75t_R)
     6    8.50    8.55   16.47  113.77 v _19186_/Y (BUFx12f_ASAP7_75t_R)
                                         _13457_ (net)
                  8.64    0.47  114.24 v _19187_/A (BUFx12f_ASAP7_75t_R)
     6   14.44   11.96   13.89  128.13 v _19187_/Y (BUFx12f_ASAP7_75t_R)
                                         _13458_ (net)
                 18.84    4.72  132.85 v _21306_/A (BUFx12f_ASAP7_75t_R)
     6    9.59    8.78   17.60  150.45 v _21306_/Y (BUFx12f_ASAP7_75t_R)
                                         _15503_ (net)
                  8.82    0.30  150.75 v _21335_/A (BUFx12_ASAP7_75t_R)
    10   17.44   16.02   21.02  171.76 v _21335_/Y (BUFx12_ASAP7_75t_R)
                                         _15532_ (net)
                 18.94    3.54  175.30 v _21336_/A (BUFx6f_ASAP7_75t_R)
    10   14.48   17.14   18.42  193.72 v _21336_/Y (BUFx6f_ASAP7_75t_R)
                                         _15533_ (net)
                 35.36   10.08  203.80 v _22383_/A1 (OA211x2_ASAP7_75t_R)
     1    0.77    9.39   27.36  231.15 v _22383_/Y (OA211x2_ASAP7_75t_R)
                                         _16550_ (net)
                  9.39    0.02  231.17 v _22384_/C (OR3x1_ASAP7_75t_R)
     1    0.88   10.78   24.77  255.94 v _22384_/Y (OR3x1_ASAP7_75t_R)
                                         _16551_ (net)
                 10.78    0.04  255.98 v _22392_/B (AND3x1_ASAP7_75t_R)
     1    2.31   15.62   18.57  274.55 v _22392_/Y (AND3x1_ASAP7_75t_R)
                                         _16559_ (net)
                 15.66    0.46  275.01 v _22393_/B (AO21x1_ASAP7_75t_R)
     1    1.10    9.03   18.43  293.45 v _22393_/Y (AO21x1_ASAP7_75t_R)
                                         _16560_ (net)
                  9.03    0.00  293.45 v _22425_/A2 (OAI21x1_ASAP7_75t_R)
     8    8.16   57.51   26.93  320.38 ^ _22425_/Y (OAI21x1_ASAP7_75t_R)
                                         _16592_ (net)
                 57.53    0.68  321.06 ^ _24194_/B (NOR2x1_ASAP7_75t_R)
     1    0.68   15.62   14.68  335.74 v _24194_/Y (NOR2x1_ASAP7_75t_R)
                                         _05201_ (net)
                 15.62    0.01  335.75 v _24195_/B (AO21x2_ASAP7_75t_R)
     8    6.58   22.57   27.65  363.40 v _24195_/Y (AO21x2_ASAP7_75t_R)
                                         _05202_ (net)
                 22.87    1.43  364.83 v _24442_/A (AND2x2_ASAP7_75t_R)
     1    1.67    8.91   23.46  388.29 v _24442_/Y (AND2x2_ASAP7_75t_R)
                                         _17911_ (net)
                  8.91    0.02  388.31 v _35401_/CI (FAx1_ASAP7_75t_R)
     8   16.93  254.71  115.73  504.03 ^ _35401_/CON (FAx1_ASAP7_75t_R)
                                         _17962_ (net)
     4    7.59  176.66   90.30  594.33 v _35401_/SN (FAx1_ASAP7_75t_R)
                                         _17914_ (net)
                176.67    0.46  594.80 v _35040_/A (INVx2_ASAP7_75t_R)
     2    3.71   40.90   31.82  626.62 ^ _35040_/Y (INVx2_ASAP7_75t_R)
                                         _17913_ (net)
                 40.90    0.03  626.65 ^ _35461_/CI (FAx1_ASAP7_75t_R)
     7   12.19  193.57  207.57  834.22 v _35461_/SN (FAx1_ASAP7_75t_R)
                                         _18080_ (net)
                193.57    0.14  834.36 v _35462_/A (FAx1_ASAP7_75t_R)
     1    2.38   77.08   61.45  895.80 ^ _35462_/CON (FAx1_ASAP7_75t_R)
                                         _18122_ (net)
     1    0.79   57.35   20.85  916.65 v _35462_/SN (FAx1_ASAP7_75t_R)
                                         _18479_ (net)
                 57.35    0.01  916.67 v _34879_/A (INVx1_ASAP7_75t_R)
     1    2.04   25.56   20.59  937.25 ^ _34879_/Y (INVx1_ASAP7_75t_R)
                                         _18081_ (net)
                 25.56    0.01  937.27 ^ _35463_/A (FAx1_ASAP7_75t_R)
     1    0.77   24.13   37.64  974.91 v _35463_/SN (FAx1_ASAP7_75t_R)
                                         _18480_ (net)
                 24.13    0.01  974.92 v _34816_/A (INVx1_ASAP7_75t_R)
     1    1.71   16.36   13.24  988.16 ^ _34816_/Y (INVx1_ASAP7_75t_R)
                                         _18083_ (net)
                 16.36    0.03  988.19 ^ _35467_/CI (FAx1_ASAP7_75t_R)
     1    0.77   26.69   34.57 1022.76 v _35467_/SN (FAx1_ASAP7_75t_R)
                                         _18484_ (net)
                 26.69    0.01 1022.77 v _34856_/A (INVx1_ASAP7_75t_R)
     1    2.26   19.99   15.67 1038.44 ^ _34856_/Y (INVx1_ASAP7_75t_R)
                                         _18092_ (net)
                 19.99    0.03 1038.48 ^ _35468_/B (FAx1_ASAP7_75t_R)
     1    1.39   37.69   44.91 1083.38 v _35468_/SN (FAx1_ASAP7_75t_R)
                                         _18486_ (net)
                 37.69    0.09 1083.47 v _35578_/B (HAxp5_ASAP7_75t_R)
     4    3.70   76.22   70.99 1154.46 v _35578_/SN (HAxp5_ASAP7_75t_R)
                                         _00252_ (net)
                 76.22    0.05 1154.51 v _29453_/B (AO21x1_ASAP7_75t_R)
     1    0.68    8.40   25.63 1180.14 v _29453_/Y (AO21x1_ASAP7_75t_R)
                                         _09481_ (net)
                  8.40    0.01 1180.14 v _29454_/A2 (AO21x1_ASAP7_75t_R)
     2    1.10   10.09   15.61 1195.75 v _29454_/Y (AO21x1_ASAP7_75t_R)
                                         _09482_ (net)
                 10.09    0.00 1195.76 v _29488_/A2 (AO21x1_ASAP7_75t_R)
     1    0.70    8.08   14.86 1210.61 v _29488_/Y (AO21x1_ASAP7_75t_R)
                                         _09514_ (net)
                  8.08    0.01 1210.62 v _29489_/A2 (AO21x1_ASAP7_75t_R)
     2    1.16   10.26   15.69 1226.31 v _29489_/Y (AO21x1_ASAP7_75t_R)
                                         _09515_ (net)
                 10.26    0.01 1226.32 v _29532_/A2 (AO21x1_ASAP7_75t_R)
     1    0.54    7.34   14.41 1240.74 v _29532_/Y (AO21x1_ASAP7_75t_R)
                                         _09557_ (net)
                  7.34    0.00 1240.74 v _29536_/A2 (AO221x1_ASAP7_75t_R)
     2    2.44   17.74   27.05 1267.80 v _29536_/Y (AO221x1_ASAP7_75t_R)
                                         _09561_ (net)
                 17.75    0.07 1267.87 v _29607_/A1 (OA21x2_ASAP7_75t_R)
     4    4.28   15.73   24.10 1291.96 v _29607_/Y (OA21x2_ASAP7_75t_R)
                                         _09630_ (net)
                 15.75    0.34 1292.30 v _29608_/D (OR4x1_ASAP7_75t_R)
     1    0.63   12.44   32.06 1324.36 v _29608_/Y (OR4x1_ASAP7_75t_R)
                                         _09631_ (net)
                 12.44    0.00 1324.36 v _29613_/B (AND4x2_ASAP7_75t_R)
     2    4.20   16.08   20.79 1345.16 v _29613_/Y (AND4x2_ASAP7_75t_R)
                                         _09636_ (net)
                 16.47    1.39 1346.54 v _29616_/B (OR5x1_ASAP7_75t_R)
     1    1.29   16.69   38.50 1385.05 v _29616_/Y (OR5x1_ASAP7_75t_R)
                                         _09639_ (net)
                 16.69    0.05 1385.10 v _29617_/C (AOI211x1_ASAP7_75t_R)
     1    0.65   15.31   11.29 1396.39 ^ _29617_/Y (AOI211x1_ASAP7_75t_R)
                                         _09640_ (net)
                 15.31    0.00 1396.39 ^ _29620_/A2 (OA21x2_ASAP7_75t_R)
     1    4.49   18.77   22.48 1418.86 ^ _29620_/Y (OA21x2_ASAP7_75t_R)
                                         _09643_ (net)
                 19.12    1.42 1420.28 ^ _29624_/B (NOR2x2_ASAP7_75t_R)
     7    9.99   36.43   19.48 1439.76 v _29624_/Y (NOR2x2_ASAP7_75t_R)
                                         _09647_ (net)
                 40.56    6.43 1446.19 v clone7/A (BUFx3_ASAP7_75t_R)
     5    3.91   11.11   24.26 1470.45 v clone7/Y (BUFx3_ASAP7_75t_R)
                                         net7 (net)
                 11.11    0.08 1470.53 v _31874_/A1 (AO21x1_ASAP7_75t_R)
     1    0.70    6.98   16.00 1486.52 v _31874_/Y (AO21x1_ASAP7_75t_R)
                                         _03811_ (net)
                  6.98    0.01 1486.53 v gen_regfile_ff.register_file_i.rf_reg_q[959]$_DFFE_PN0P_/D (DFFASRHQNx1_ASAP7_75t_R)
                               1486.53   data arrival time

                  0.00 1260.00 1260.00   clock core_clock (rise edge)
                          0.00 1260.00   clock network delay (ideal)
                          0.00 1260.00   clock reconvergence pessimism
                               1260.00 ^ gen_regfile_ff.register_file_i.rf_reg_q[959]$_DFFE_PN0P_/CLK (DFFASRHQNx1_ASAP7_75t_R)
                         -5.40 1254.60   library setup time
                               1254.60   data required time
-----------------------------------------------------------------------------
                               1254.60   data required time
                               -1486.53   data arrival time
-----------------------------------------------------------------------------
                               -231.93   slack (VIOLATED)



==========================================================================
global place report_power
--------------------------------------------------------------------------
Group                  Internal  Switching    Leakage      Total
                          Power      Power      Power      Power (Watts)
----------------------------------------------------------------
Sequential             3.13e-03   9.88e-04   2.10e-07   4.12e-03  10.0%
Combinational          1.66e-02   2.02e-02   1.80e-06   3.68e-02  89.7%
Clock                  5.95e-07   1.04e-04   1.16e-10   1.04e-04   0.3%
Macro                  0.00e+00   0.00e+00   0.00e+00   0.00e+00   0.0%
Pad                    0.00e+00   0.00e+00   0.00e+00   0.00e+00   0.0%
----------------------------------------------------------------
Total                  1.97e-02   2.13e-02   2.01e-06   4.10e-02 100.0%
                          48.1%      51.9%       0.0%
