
==========================================================================
global place report_tns
--------------------------------------------------------------------------
tns -338.17

==========================================================================
global place report_wns
--------------------------------------------------------------------------
wns -21.98

==========================================================================
global place report_worst_slack
--------------------------------------------------------------------------
worst slack -21.98

==========================================================================
global place report_checks -path_delay min
--------------------------------------------------------------------------
Startpoint: dpath.a_reg.out[11]$_DFFE_PP_
            (rising edge-triggered flip-flop clocked by core_clock)
Endpoint: dpath.a_reg.out[11]$_DFFE_PP_
          (rising edge-triggered flip-flop clocked by core_clock)
Path Group: core_clock
Path Type: min

Fanout     Cap    Slew   Delay    Time   Description
-----------------------------------------------------------------------------
                  0.00    0.00    0.00   clock core_clock (rise edge)
                          0.00    0.00   clock network delay (ideal)
                  0.00    0.00    0.00 ^ dpath.a_reg.out[11]$_DFFE_PP_/CLK (DFFHQNx1_ASAP7_75t_R)
     2    1.55   17.87   35.96   35.96 ^ dpath.a_reg.out[11]$_DFFE_PP_/QN (DFFHQNx1_ASAP7_75t_R)
                                         _043_ (net)
                 17.87    0.02   35.98 ^ _408_/A1 (AOI22x1_ASAP7_75t_R)
     1    0.61    8.74    7.22   43.20 v _408_/Y (AOI22x1_ASAP7_75t_R)
                                         _054_ (net)
                  8.74    0.01   43.21 v dpath.a_reg.out[11]$_DFFE_PP_/D (DFFHQNx1_ASAP7_75t_R)
                                 43.21   data arrival time

                  0.00    0.00    0.00   clock core_clock (rise edge)
                          0.00    0.00   clock network delay (ideal)
                          0.00    0.00   clock reconvergence pessimism
                                  0.00 ^ dpath.a_reg.out[11]$_DFFE_PP_/CLK (DFFHQNx1_ASAP7_75t_R)
                          8.40    8.40   library hold time
                                  8.40   data required time
-----------------------------------------------------------------------------
                                  8.40   data required time
                                -43.21   data arrival time
-----------------------------------------------------------------------------
                                 34.81   slack (MET)



==========================================================================
global place report_checks -path_delay max
--------------------------------------------------------------------------
Startpoint: dpath.b_reg.out[8]$_DFFE_PP_
            (rising edge-triggered flip-flop clocked by core_clock)
Endpoint: resp_msg[13] (output port clocked by core_clock)
Path Group: core_clock
Path Type: max

Fanout     Cap    Slew   Delay    Time   Description
-----------------------------------------------------------------------------
                  0.00    0.00    0.00   clock core_clock (rise edge)
                          0.00    0.00   clock network delay (ideal)
                  0.00    0.00    0.00 ^ dpath.b_reg.out[8]$_DFFE_PP_/CLK (DFFHQNx1_ASAP7_75t_R)
     4    3.75   29.60   42.69   42.69 v dpath.b_reg.out[8]$_DFFE_PP_/QN (DFFHQNx1_ASAP7_75t_R)
                                         _287_ (net)
                 29.60    0.07   42.76 v _568_/A (HAxp5_ASAP7_75t_R)
     5    3.75   76.42   68.88  111.64 v _568_/SN (HAxp5_ASAP7_75t_R)
                                         _016_ (net)
                 76.42    0.07  111.71 v _314_/A (OR3x1_ASAP7_75t_R)
     3    2.13   19.06   42.50  154.21 v _314_/Y (OR3x1_ASAP7_75t_R)
                                         _098_ (net)
                 19.06    0.01  154.22 v _396_/B (OR2x2_ASAP7_75t_R)
     1    0.66    8.67   21.84  176.07 v _396_/Y (OR2x2_ASAP7_75t_R)
                                         _157_ (net)
                  8.67    0.00  176.07 v _400_/A2 (OA21x2_ASAP7_75t_R)
     3    2.74   11.47   20.04  196.11 v _400_/Y (OA21x2_ASAP7_75t_R)
                                         _161_ (net)
                 11.48    0.17  196.28 v _402_/A2 (AO21x1_ASAP7_75t_R)
     3    2.58   16.39   20.40  216.68 v _402_/Y (AO21x1_ASAP7_75t_R)
                                         _163_ (net)
                 16.39    0.08  216.76 v _417_/A2 (AO32x1_ASAP7_75t_R)
     1    1.21   11.58   24.52  241.28 v _417_/Y (AO32x1_ASAP7_75t_R)
                                         _175_ (net)
                 11.58    0.04  241.31 v _418_/B (XOR2x2_ASAP7_75t_R)
     2    0.98    9.65   28.64  269.95 ^ _418_/Y (XOR2x2_ASAP7_75t_R)
                                         resp_msg[13] (net)
                  9.66    0.02  269.98 ^ resp_msg[13] (out)
                                269.98   data arrival time

                  0.00  310.00  310.00   clock core_clock (rise edge)
                          0.00  310.00   clock network delay (ideal)
                          0.00  310.00   clock reconvergence pessimism
                        -62.00  248.00   output external delay
                                248.00   data required time
-----------------------------------------------------------------------------
                                248.00   data required time
                               -269.98   data arrival time
-----------------------------------------------------------------------------
                                -21.98   slack (VIOLATED)



==========================================================================
global place report_checks -unconstrained
--------------------------------------------------------------------------
Startpoint: dpath.b_reg.out[8]$_DFFE_PP_
            (rising edge-triggered flip-flop clocked by core_clock)
Endpoint: resp_msg[13] (output port clocked by core_clock)
Path Group: core_clock
Path Type: max

Fanout     Cap    Slew   Delay    Time   Description
-----------------------------------------------------------------------------
                  0.00    0.00    0.00   clock core_clock (rise edge)
                          0.00    0.00   clock network delay (ideal)
                  0.00    0.00    0.00 ^ dpath.b_reg.out[8]$_DFFE_PP_/CLK (DFFHQNx1_ASAP7_75t_R)
     4    3.75   29.60   42.69   42.69 v dpath.b_reg.out[8]$_DFFE_PP_/QN (DFFHQNx1_ASAP7_75t_R)
                                         _287_ (net)
                 29.60    0.07   42.76 v _568_/A (HAxp5_ASAP7_75t_R)
     5    3.75   76.42   68.88  111.64 v _568_/SN (HAxp5_ASAP7_75t_R)
                                         _016_ (net)
                 76.42    0.07  111.71 v _314_/A (OR3x1_ASAP7_75t_R)
     3    2.13   19.06   42.50  154.21 v _314_/Y (OR3x1_ASAP7_75t_R)
                                         _098_ (net)
                 19.06    0.01  154.22 v _396_/B (OR2x2_ASAP7_75t_R)
     1    0.66    8.67   21.84  176.07 v _396_/Y (OR2x2_ASAP7_75t_R)
                                         _157_ (net)
                  8.67    0.00  176.07 v _400_/A2 (OA21x2_ASAP7_75t_R)
     3    2.74   11.47   20.04  196.11 v _400_/Y (OA21x2_ASAP7_75t_R)
                                         _161_ (net)
                 11.48    0.17  196.28 v _402_/A2 (AO21x1_ASAP7_75t_R)
     3    2.58   16.39   20.40  216.68 v _402_/Y (AO21x1_ASAP7_75t_R)
                                         _163_ (net)
                 16.39    0.08  216.76 v _417_/A2 (AO32x1_ASAP7_75t_R)
     1    1.21   11.58   24.52  241.28 v _417_/Y (AO32x1_ASAP7_75t_R)
                                         _175_ (net)
                 11.58    0.04  241.31 v _418_/B (XOR2x2_ASAP7_75t_R)
     2    0.98    9.65   28.64  269.95 ^ _418_/Y (XOR2x2_ASAP7_75t_R)
                                         resp_msg[13] (net)
                  9.66    0.02  269.98 ^ resp_msg[13] (out)
                                269.98   data arrival time

                  0.00  310.00  310.00   clock core_clock (rise edge)
                          0.00  310.00   clock network delay (ideal)
                          0.00  310.00   clock reconvergence pessimism
                        -62.00  248.00   output external delay
                                248.00   data required time
-----------------------------------------------------------------------------
                                248.00   data required time
                               -269.98   data arrival time
-----------------------------------------------------------------------------
                                -21.98   slack (VIOLATED)



==========================================================================
global place report_power
--------------------------------------------------------------------------
Group                  Internal  Switching    Leakage      Total
                          Power      Power      Power      Power (Watts)
----------------------------------------------------------------
Sequential             2.11e-04   2.36e-05   5.34e-09   2.35e-04  41.8%
Combinational          1.70e-04   1.57e-04   2.17e-08   3.27e-04  58.2%
Clock                  0.00e+00   0.00e+00   0.00e+00   0.00e+00   0.0%
Macro                  0.00e+00   0.00e+00   0.00e+00   0.00e+00   0.0%
Pad                    0.00e+00   0.00e+00   0.00e+00   0.00e+00   0.0%
----------------------------------------------------------------
Total                  3.81e-04   1.80e-04   2.70e-08   5.61e-04 100.0%
                          67.9%      32.1%       0.0%
