OpenROAD v2.0-19576-gec1bf1a13 
Features included (+) or not (-): +GPU +GUI +Python : None
This program is licensed under the BSD-3 license. See the LICENSE file for details.
Components of this program may be licensed under more restrictive licenses which must be honored.
[INFO ORD-0030] Using 16 thread(s).
[INFO GPL-0002] DBU: 2000
[INFO GPL-0003] SiteSize: (  0.190  1.400 ) um
[INFO GPL-0004] CoreBBox: (  1.140  1.400 ) ( 266.380 159.600 ) um
[INFO GPL-0006] NumInstances:             16436
[INFO GPL-0007] NumPlaceInstances:        16095
[INFO GPL-0008] NumFixedInstances:          341
[INFO GPL-0009] NumDummyInstances:            0
[INFO GPL-0010] NumNets:                  18758
[INFO GPL-0011] NumPins:                  60707
[INFO GPL-0012] DieBBox:  (  0.000  0.000 ) ( 267.485 161.290 ) um
[INFO GPL-0013] CoreBBox: (  1.140  1.400 ) ( 266.380 159.600 ) um
[INFO GPL-0016] CoreArea:             41960.968 um^2
[INFO GPL-0017] NonPlaceInstsArea:       90.706 um^2
[INFO GPL-0018] PlaceInstsArea:       28787.052 um^2
[INFO GPL-0019] Util:                    68.753 %
[INFO GPL-0020] StdInstsArea:         28787.052 um^2
[INFO GPL-0021] MacroInstsArea:           0.000 um^2
[INFO GPL-0031] FillerInit:NumGCells:     23971
[INFO GPL-0032] FillerInit:NumGNets:      18758
[INFO GPL-0033] FillerInit:NumGPins:      60707
[INFO GPL-0023] TargetDensity:            1.000
[INFO GPL-0024] AvrgPlaceInstArea:        1.789 um^2
[INFO GPL-0025] IdealBinArea:             1.789 um^2
[INFO GPL-0026] IdealBinCnt:              23460
[INFO GPL-0027] TotalBinArea:         41960.968 um^2
[INFO GPL-0028] BinCnt:       128    128
[INFO GPL-0029] BinSize: (  2.072  1.236 )
[INFO GPL-0030] NumBins: 16384
Placement density is 0.8537649011611939, computed from PLACE_DENSITY_LB_ADDON 0.50 and lower bound 0.6875298023223877
global_placement -density 0.8537649011611939 -pad_left 0 -pad_right 0
[INFO GPL-0002] DBU: 2000
[INFO GPL-0003] SiteSize: (  0.190  1.400 ) um
[INFO GPL-0004] CoreBBox: (  1.140  1.400 ) ( 266.380 159.600 ) um
[INFO GPL-0006] NumInstances:             16436
[INFO GPL-0007] NumPlaceInstances:        16095
[INFO GPL-0008] NumFixedInstances:          341
[INFO GPL-0009] NumDummyInstances:            0
[INFO GPL-0010] NumNets:                  18758
[INFO GPL-0011] NumPins:                  60707
[INFO GPL-0012] DieBBox:  (  0.000  0.000 ) ( 267.485 161.290 ) um
[INFO GPL-0013] CoreBBox: (  1.140  1.400 ) ( 266.380 159.600 ) um
[INFO GPL-0016] CoreArea:             41960.968 um^2
[INFO GPL-0017] NonPlaceInstsArea:       90.706 um^2
[INFO GPL-0018] PlaceInstsArea:       28787.052 um^2
[INFO GPL-0019] Util:                    68.753 %
[INFO GPL-0020] StdInstsArea:         28787.052 um^2
[INFO GPL-0021] MacroInstsArea:           0.000 um^2
[InitialPlace]  Iter: 1 CG residual: 0.00304956 HPWL: 575798123
[InitialPlace]  Iter: 2 CG residual: 0.00032780 HPWL: 194354000
[InitialPlace]  Iter: 3 CG residual: 0.00001398 HPWL: 189781159
[InitialPlace]  Iter: 4 CG residual: 0.00001137 HPWL: 189513268
[InitialPlace]  Iter: 5 CG residual: 0.00000513 HPWL: 188565387
[INFO GPL-0031] FillerInit:NumGCells:     20285
[INFO GPL-0032] FillerInit:NumGNets:      18758
[INFO GPL-0033] FillerInit:NumGPins:      60707
[INFO GPL-0023] TargetDensity:            0.854
[INFO GPL-0024] AvrgPlaceInstArea:        1.789 um^2
[INFO GPL-0025] IdealBinArea:             2.095 um^2
[INFO GPL-0026] IdealBinCnt:              20029
[INFO GPL-0027] TotalBinArea:         41960.968 um^2
[INFO GPL-0028] BinCnt:       128    128
[INFO GPL-0029] BinSize: (  2.072  1.236 )
[INFO GPL-0030] NumBins: 16384
[NesterovSolve] Iter:    1 overflow: 0.986 HPWL: 118980608
[NesterovSolve] Iter:   10 overflow: 0.961 HPWL: 110929292
[NesterovSolve] Iter:   20 overflow: 0.947 HPWL: 122586942
[NesterovSolve] Iter:   30 overflow: 0.942 HPWL: 128210967
[NesterovSolve] Iter:   40 overflow: 0.939 HPWL: 130878151
[NesterovSolve] Iter:   50 overflow: 0.938 HPWL: 131112910
[NesterovSolve] Iter:   60 overflow: 0.937 HPWL: 131227818
[NesterovSolve] Iter:   70 overflow: 0.936 HPWL: 131517911
[NesterovSolve] Iter:   80 overflow: 0.935 HPWL: 131356704
[NesterovSolve] Iter:   90 overflow: 0.935 HPWL: 131083654
[NesterovSolve] Iter:  100 overflow: 0.935 HPWL: 131198300
[NesterovSolve] Iter:  110 overflow: 0.934 HPWL: 132063519
[NesterovSolve] Iter:  120 overflow: 0.933 HPWL: 133354264
[NesterovSolve] Iter:  130 overflow: 0.932 HPWL: 134662424
[NesterovSolve] Iter:  140 overflow: 0.931 HPWL: 135982244
[NesterovSolve] Iter:  150 overflow: 0.930 HPWL: 137744171
[NesterovSolve] Iter:  160 overflow: 0.928 HPWL: 140527172
[NesterovSolve] Iter:  170 overflow: 0.926 HPWL: 144830549
[NesterovSolve] Iter:  180 overflow: 0.922 HPWL: 151168633
[NesterovSolve] Iter:  190 overflow: 0.916 HPWL: 159717595
[NesterovSolve] Iter:  200 overflow: 0.907 HPWL: 170664726
[NesterovSolve] Iter:  210 overflow: 0.896 HPWL: 183937508
[NesterovSolve] Iter:  220 overflow: 0.882 HPWL: 198726028
[NesterovSolve] Iter:  230 overflow: 0.865 HPWL: 214946184
[NesterovSolve] Iter:  240 overflow: 0.843 HPWL: 233701539
[NesterovSolve] Iter:  250 overflow: 0.818 HPWL: 250581030
[NesterovSolve] Iter:  260 overflow: 0.789 HPWL: 270781800
[NesterovSolve] Iter:  270 overflow: 0.757 HPWL: 291508703
[NesterovSolve] Iter:  280 overflow: 0.718 HPWL: 310525400
[NesterovSolve] Iter:  290 overflow: 0.670 HPWL: 333879619
[NesterovSolve] Iter:  300 overflow: 0.619 HPWL: 352529862
[NesterovSolve] Iter:  310 overflow: 0.563 HPWL: 374239568
[NesterovSolve] Iter:  320 overflow: 0.513 HPWL: 399570469
[NesterovSolve] Iter:  330 overflow: 0.472 HPWL: 425017536
[NesterovSolve] Iter:  340 overflow: 0.429 HPWL: 436445837
[NesterovSolve] Iter:  350 overflow: 0.381 HPWL: 441839210
[NesterovSolve] Iter:  360 overflow: 0.337 HPWL: 450666542
[NesterovSolve] Iter:  370 overflow: 0.304 HPWL: 455897201
[NesterovSolve] Iter:  380 overflow: 0.274 HPWL: 456458678
[NesterovSolve] Iter:  390 overflow: 0.242 HPWL: 458094984
[NesterovSolve] Iter:  400 overflow: 0.214 HPWL: 458925036
[NesterovSolve] Iter:  410 overflow: 0.188 HPWL: 458674341
[NesterovSolve] Iter:  420 overflow: 0.165 HPWL: 459763491
[NesterovSolve] Iter:  430 overflow: 0.144 HPWL: 460966176
[NesterovSolve] Iter:  440 overflow: 0.127 HPWL: 462176373
[NesterovSolve] Iter:  450 overflow: 0.110 HPWL: 463278508
[NesterovSolve] Finished with Overflow: 0.099370
Took 22 seconds: global_placement -density 0.8537649011611939 -pad_left 0 -pad_right 0
Report metrics stage 3, global place...

==========================================================================
global place report_design_area
--------------------------------------------------------------------------
Design area 28787 u^2 69% utilization.
Elapsed time: 0:46.06[h:]min:sec. CPU time: user 365.56 sys 1.94 (797%). Peak memory: 198620KB.
