
==========================================================================
detailed place report_tns
--------------------------------------------------------------------------
tns -303.05

==========================================================================
detailed place report_wns
--------------------------------------------------------------------------
wns -22.35

==========================================================================
detailed place report_worst_slack
--------------------------------------------------------------------------
worst slack -22.35

==========================================================================
detailed place report_checks -path_delay min
--------------------------------------------------------------------------
Startpoint: dpath.a_reg.out[11]$_DFFE_PP_
            (rising edge-triggered flip-flop clocked by core_clock)
Endpoint: dpath.a_reg.out[11]$_DFFE_PP_
          (rising edge-triggered flip-flop clocked by core_clock)
Path Group: core_clock
Path Type: min

Fanout     Cap    Slew   Delay    Time   Description
-----------------------------------------------------------------------------
                  0.00    0.00    0.00   clock core_clock (rise edge)
                          0.00    0.00   clock network delay (ideal)
                  0.00    0.00    0.00 ^ dpath.a_reg.out[11]$_DFFE_PP_/CLK (DFFHQNx1_ASAP7_75t_R)
     2    1.62   18.32   36.22   36.22 ^ dpath.a_reg.out[11]$_DFFE_PP_/QN (DFFHQNx1_ASAP7_75t_R)
                                         _043_ (net)
                 18.32    0.03   36.24 ^ _408_/A1 (AOI22x1_ASAP7_75t_R)
     1    0.62    8.80    7.30   43.55 v _408_/Y (AOI22x1_ASAP7_75t_R)
                                         _054_ (net)
                  8.80    0.01   43.55 v dpath.a_reg.out[11]$_DFFE_PP_/D (DFFHQNx1_ASAP7_75t_R)
                                 43.55   data arrival time

                  0.00    0.00    0.00   clock core_clock (rise edge)
                          0.00    0.00   clock network delay (ideal)
                          0.00    0.00   clock reconvergence pessimism
                                  0.00 ^ dpath.a_reg.out[11]$_DFFE_PP_/CLK (DFFHQNx1_ASAP7_75t_R)
                          8.40    8.40   library hold time
                                  8.40   data required time
-----------------------------------------------------------------------------
                                  8.40   data required time
                                -43.55   data arrival time
-----------------------------------------------------------------------------
                                 35.16   slack (MET)



==========================================================================
detailed place report_checks -path_delay max
--------------------------------------------------------------------------
Startpoint: dpath.b_reg.out[4]$_DFFE_PP_
            (rising edge-triggered flip-flop clocked by core_clock)
Endpoint: resp_msg[13] (output port clocked by core_clock)
Path Group: core_clock
Path Type: max

Fanout     Cap    Slew   Delay    Time   Description
-----------------------------------------------------------------------------
                  0.00    0.00    0.00   clock core_clock (rise edge)
                          0.00    0.00   clock network delay (ideal)
                  0.00    0.00    0.00 ^ dpath.b_reg.out[4]$_DFFE_PP_/CLK (DFFHQNx1_ASAP7_75t_R)
     4    3.49   28.20   41.87   41.87 v dpath.b_reg.out[4]$_DFFE_PP_/QN (DFFHQNx1_ASAP7_75t_R)
                                         _291_ (net)
                 28.20    0.11   41.98 v _572_/B (HAxp5_ASAP7_75t_R)
     5    3.82   78.10   69.00  110.98 v _572_/SN (HAxp5_ASAP7_75t_R)
                                         _022_ (net)
                 78.10    0.05  111.03 v _394_/B (OR3x1_ASAP7_75t_R)
     1    0.47    9.81   35.23  146.26 v _394_/Y (OR3x1_ASAP7_75t_R)
                                         _155_ (net)
                  9.81    0.00  146.26 v _395_/B (OA211x2_ASAP7_75t_R)
     3    2.76   14.59   29.66  175.92 v _395_/Y (OA211x2_ASAP7_75t_R)
                                         _156_ (net)
                 14.59    0.16  176.07 v _400_/A1 (OA21x2_ASAP7_75t_R)
     3    2.71   11.41   21.16  197.24 v _400_/Y (OA21x2_ASAP7_75t_R)
                                         _161_ (net)
                 11.42    0.17  197.41 v _402_/A2 (AO21x1_ASAP7_75t_R)
     3    2.50   15.95   20.20  217.61 v _402_/Y (AO21x1_ASAP7_75t_R)
                                         _163_ (net)
                 15.95    0.01  217.62 v _417_/A2 (AO32x1_ASAP7_75t_R)
     1    1.15   11.29   24.22  241.84 v _417_/Y (AO32x1_ASAP7_75t_R)
                                         _175_ (net)
                 11.29    0.02  241.86 v _418_/B (XOR2x2_ASAP7_75t_R)
     2    0.94    9.55   28.46  270.33 ^ _418_/Y (XOR2x2_ASAP7_75t_R)
                                         resp_msg[13] (net)
                  9.55    0.02  270.35 ^ resp_msg[13] (out)
                                270.35   data arrival time

                  0.00  310.00  310.00   clock core_clock (rise edge)
                          0.00  310.00   clock network delay (ideal)
                          0.00  310.00   clock reconvergence pessimism
                        -62.00  248.00   output external delay
                                248.00   data required time
-----------------------------------------------------------------------------
                                248.00   data required time
                               -270.35   data arrival time
-----------------------------------------------------------------------------
                                -22.35   slack (VIOLATED)



==========================================================================
detailed place report_checks -unconstrained
--------------------------------------------------------------------------
Startpoint: dpath.b_reg.out[4]$_DFFE_PP_
            (rising edge-triggered flip-flop clocked by core_clock)
Endpoint: resp_msg[13] (output port clocked by core_clock)
Path Group: core_clock
Path Type: max

Fanout     Cap    Slew   Delay    Time   Description
-----------------------------------------------------------------------------
                  0.00    0.00    0.00   clock core_clock (rise edge)
                          0.00    0.00   clock network delay (ideal)
                  0.00    0.00    0.00 ^ dpath.b_reg.out[4]$_DFFE_PP_/CLK (DFFHQNx1_ASAP7_75t_R)
     4    3.49   28.20   41.87   41.87 v dpath.b_reg.out[4]$_DFFE_PP_/QN (DFFHQNx1_ASAP7_75t_R)
                                         _291_ (net)
                 28.20    0.11   41.98 v _572_/B (HAxp5_ASAP7_75t_R)
     5    3.82   78.10   69.00  110.98 v _572_/SN (HAxp5_ASAP7_75t_R)
                                         _022_ (net)
                 78.10    0.05  111.03 v _394_/B (OR3x1_ASAP7_75t_R)
     1    0.47    9.81   35.23  146.26 v _394_/Y (OR3x1_ASAP7_75t_R)
                                         _155_ (net)
                  9.81    0.00  146.26 v _395_/B (OA211x2_ASAP7_75t_R)
     3    2.76   14.59   29.66  175.92 v _395_/Y (OA211x2_ASAP7_75t_R)
                                         _156_ (net)
                 14.59    0.16  176.07 v _400_/A1 (OA21x2_ASAP7_75t_R)
     3    2.71   11.41   21.16  197.24 v _400_/Y (OA21x2_ASAP7_75t_R)
                                         _161_ (net)
                 11.42    0.17  197.41 v _402_/A2 (AO21x1_ASAP7_75t_R)
     3    2.50   15.95   20.20  217.61 v _402_/Y (AO21x1_ASAP7_75t_R)
                                         _163_ (net)
                 15.95    0.01  217.62 v _417_/A2 (AO32x1_ASAP7_75t_R)
     1    1.15   11.29   24.22  241.84 v _417_/Y (AO32x1_ASAP7_75t_R)
                                         _175_ (net)
                 11.29    0.02  241.86 v _418_/B (XOR2x2_ASAP7_75t_R)
     2    0.94    9.55   28.46  270.33 ^ _418_/Y (XOR2x2_ASAP7_75t_R)
                                         resp_msg[13] (net)
                  9.55    0.02  270.35 ^ resp_msg[13] (out)
                                270.35   data arrival time

                  0.00  310.00  310.00   clock core_clock (rise edge)
                          0.00  310.00   clock network delay (ideal)
                          0.00  310.00   clock reconvergence pessimism
                        -62.00  248.00   output external delay
                                248.00   data required time
-----------------------------------------------------------------------------
                                248.00   data required time
                               -270.35   data arrival time
-----------------------------------------------------------------------------
                                -22.35   slack (VIOLATED)



==========================================================================
detailed place report_check_types -max_slew -max_cap -max_fanout -violators
--------------------------------------------------------------------------

==========================================================================
detailed place max_slew_check_slack
--------------------------------------------------------------------------
230.09780883789062

==========================================================================
detailed place max_slew_check_limit
--------------------------------------------------------------------------
320.0

==========================================================================
detailed place max_slew_check_slack_limit
--------------------------------------------------------------------------
0.7191

==========================================================================
detailed place max_fanout_check_slack
--------------------------------------------------------------------------
1.0000000150474662e+30

==========================================================================
detailed place max_fanout_check_limit
--------------------------------------------------------------------------
1.0000000150474662e+30

==========================================================================
detailed place max_capacitance_check_slack
--------------------------------------------------------------------------
18.601930618286133

==========================================================================
detailed place max_capacitance_check_limit
--------------------------------------------------------------------------
23.040000915527344

==========================================================================
detailed place max_capacitance_check_slack_limit
--------------------------------------------------------------------------
0.8074

==========================================================================
detailed place max_slew_violation_count
--------------------------------------------------------------------------
max slew violation count 0

==========================================================================
detailed place max_fanout_violation_count
--------------------------------------------------------------------------
max fanout violation count 0

==========================================================================
detailed place max_cap_violation_count
--------------------------------------------------------------------------
max cap violation count 0

==========================================================================
detailed place setup_violation_count
--------------------------------------------------------------------------
setup violation count 34

==========================================================================
detailed place hold_violation_count
--------------------------------------------------------------------------
hold violation count 0

==========================================================================
detailed place report_checks -path_delay max reg to reg
--------------------------------------------------------------------------
Startpoint: dpath.b_reg.out[7]$_DFFE_PP_
            (rising edge-triggered flip-flop clocked by core_clock)
Endpoint: dpath.a_reg.out[1]$_DFFE_PP_
          (rising edge-triggered flip-flop clocked by core_clock)
Path Group: core_clock
Path Type: max

  Delay    Time   Description
---------------------------------------------------------
   0.00    0.00   clock core_clock (rise edge)
   0.00    0.00   clock network delay (ideal)
   0.00    0.00 ^ dpath.b_reg.out[7]$_DFFE_PP_/CLK (DFFHQNx1_ASAP7_75t_R)
  42.71   42.71 v dpath.b_reg.out[7]$_DFFE_PP_/QN (DFFHQNx1_ASAP7_75t_R)
  66.93  109.64 v _569_/SN (HAxp5_ASAP7_75t_R)
  37.77  147.42 v _303_/Y (OA211x2_ASAP7_75t_R)
  17.82  165.24 v _305_/Y (OA21x2_ASAP7_75t_R)
  20.44  185.68 v _306_/Y (OR2x2_ASAP7_75t_R)
  20.27  205.96 v _368_/Y (AO21x1_ASAP7_75t_R)
  17.35  223.30 v _370_/Y (AND3x1_ASAP7_75t_R)
  26.58  249.88 ^ _372_/Y (OAI21x1_ASAP7_75t_R)
  26.04  275.92 ^ _444_/Y (BUFx6f_ASAP7_75t_R)
  10.91  286.83 v _445_/Y (NOR2x1_ASAP7_75t_R)
  25.61  312.44 v _446_/Y (OA33x2_ASAP7_75t_R)
   0.00  312.44 v dpath.a_reg.out[1]$_DFFE_PP_/D (DFFHQNx1_ASAP7_75t_R)
         312.44   data arrival time

 310.00  310.00   clock core_clock (rise edge)
   0.00  310.00   clock network delay (ideal)
   0.00  310.00   clock reconvergence pessimism
         310.00 ^ dpath.a_reg.out[1]$_DFFE_PP_/CLK (DFFHQNx1_ASAP7_75t_R)
 -10.79  299.21   library setup time
         299.21   data required time
---------------------------------------------------------
         299.21   data required time
        -312.44   data arrival time
---------------------------------------------------------
         -13.23   slack (VIOLATED)



==========================================================================
detailed place report_checks -path_delay min reg to reg
--------------------------------------------------------------------------
Startpoint: dpath.a_reg.out[11]$_DFFE_PP_
            (rising edge-triggered flip-flop clocked by core_clock)
Endpoint: dpath.a_reg.out[11]$_DFFE_PP_
          (rising edge-triggered flip-flop clocked by core_clock)
Path Group: core_clock
Path Type: min

  Delay    Time   Description
---------------------------------------------------------
   0.00    0.00   clock core_clock (rise edge)
   0.00    0.00   clock network delay (ideal)
   0.00    0.00 ^ dpath.a_reg.out[11]$_DFFE_PP_/CLK (DFFHQNx1_ASAP7_75t_R)
  36.22   36.22 ^ dpath.a_reg.out[11]$_DFFE_PP_/QN (DFFHQNx1_ASAP7_75t_R)
   7.33   43.55 v _408_/Y (AOI22x1_ASAP7_75t_R)
   0.01   43.55 v dpath.a_reg.out[11]$_DFFE_PP_/D (DFFHQNx1_ASAP7_75t_R)
          43.55   data arrival time

   0.00    0.00   clock core_clock (rise edge)
   0.00    0.00   clock network delay (ideal)
   0.00    0.00   clock reconvergence pessimism
           0.00 ^ dpath.a_reg.out[11]$_DFFE_PP_/CLK (DFFHQNx1_ASAP7_75t_R)
   8.40    8.40   library hold time
           8.40   data required time
---------------------------------------------------------
           8.40   data required time
         -43.55   data arrival time
---------------------------------------------------------
          35.16   slack (MET)



==========================================================================
detailed place critical path target clock latency max path
--------------------------------------------------------------------------
0.0000

==========================================================================
detailed place critical path target clock latency min path
--------------------------------------------------------------------------
0.0000

==========================================================================
detailed place critical path source clock latency min path
--------------------------------------------------------------------------
0.0000

==========================================================================
detailed place critical path delay
--------------------------------------------------------------------------
270.3497

==========================================================================
detailed place critical path slack
--------------------------------------------------------------------------
-22.3497

==========================================================================
detailed place slack div critical path delay
--------------------------------------------------------------------------
-8.266959

==========================================================================
detailed place report_power
--------------------------------------------------------------------------
Group                  Internal  Switching    Leakage      Total
                          Power      Power      Power      Power (Watts)
----------------------------------------------------------------
Sequential             2.11e-04   2.37e-05   5.34e-09   2.35e-04  41.9%
Combinational          1.70e-04   1.56e-04   2.17e-08   3.26e-04  58.1%
Clock                  0.00e+00   0.00e+00   0.00e+00   0.00e+00   0.0%
Macro                  0.00e+00   0.00e+00   0.00e+00   0.00e+00   0.0%
Pad                    0.00e+00   0.00e+00   0.00e+00   0.00e+00   0.0%
----------------------------------------------------------------
Total                  3.81e-04   1.80e-04   2.70e-08   5.61e-04 100.0%
                          68.0%      32.0%       0.0%
