
==========================================================================
global place report_tns
--------------------------------------------------------------------------
tns -35583.98

==========================================================================
global place report_wns
--------------------------------------------------------------------------
wns -210.49

==========================================================================
global place report_worst_slack
--------------------------------------------------------------------------
worst slack -210.49

==========================================================================
global place report_checks -path_delay min
--------------------------------------------------------------------------
Startpoint: rst_ni (input port clocked by core_clock)
Endpoint: cs_registers_i.mcycle_counter_i.counter_q[23]$_DFFE_PN0P_
          (removal check against rising-edge clock core_clock)
Path Group: asynchronous
Path Type: min

Fanout     Cap    Slew   Delay    Time   Description
-----------------------------------------------------------------------------
                  0.00    0.00    0.00   clock core_clock (rise edge)
                          0.00    0.00   clock network delay (ideal)
                        252.00  252.00 ^ input external delay
    35   42.85    0.00    0.00  252.00 ^ rst_ni (in)
                                         rst_ni (net)
                 22.74    7.17  259.17 ^ cs_registers_i.mcycle_counter_i.counter_q[23]$_DFFE_PN0P_/SETN (DFFASRHQNx1_ASAP7_75t_R)
                                259.17   data arrival time

                  0.00    0.00    0.00   clock core_clock (rise edge)
                          0.00    0.00   clock network delay (ideal)
                          0.00    0.00   clock reconvergence pessimism
                                  0.00 ^ cs_registers_i.mcycle_counter_i.counter_q[23]$_DFFE_PN0P_/CLK (DFFASRHQNx1_ASAP7_75t_R)
                         14.45   14.45   library removal time
                                 14.45   data required time
-----------------------------------------------------------------------------
                                 14.45   data required time
                               -259.17   data arrival time
-----------------------------------------------------------------------------
                                244.72   slack (MET)


Startpoint: core_clock_gate_i.en_latch$_DLATCH_N_
            (negative level-sensitive latch clocked by core_clock)
Endpoint: _35046_ (rising clock gating-check end-point clocked by core_clock)
Path Group: gated clock
Path Type: min

Fanout     Cap    Slew   Delay    Time   Description
-----------------------------------------------------------------------------
                  0.00  630.00  630.00   clock core_clock (fall edge)
                          0.00  630.00   clock network delay (ideal)
                  0.00    0.00  630.00 v core_clock_gate_i.en_latch$_DLATCH_N_/CLK (DLLx1_ASAP7_75t_R)
     1    0.32    6.21   17.28  647.28 ^ core_clock_gate_i.en_latch$_DLATCH_N_/Q (DLLx1_ASAP7_75t_R)
                                         core_clock_gate_i.en_latch (net)
                  6.21    0.00  647.28 ^ _35046_/B (AND2x2_ASAP7_75t_R)
                                647.28   data arrival time

                  0.00  630.00  630.00   clock core_clock (fall edge)
                          0.00  630.00   clock network delay (ideal)
                          0.00  630.00   clock reconvergence pessimism
                                630.00 v _35046_/A (AND2x2_ASAP7_75t_R)
                          0.00  630.00   clock gating hold time
                                630.00   data required time
-----------------------------------------------------------------------------
                                630.00   data required time
                               -647.28   data arrival time
-----------------------------------------------------------------------------
                                 17.28   slack (MET)


Startpoint: gen_regfile_ff.register_file_i.rf_reg_q[168]$_DFFE_PN0P_
            (rising edge-triggered flip-flop clocked by core_clock)
Endpoint: gen_regfile_ff.register_file_i.rf_reg_q[168]$_DFFE_PN0P_
          (rising edge-triggered flip-flop clocked by core_clock)
Path Group: core_clock
Path Type: min

Fanout     Cap    Slew   Delay    Time   Description
-----------------------------------------------------------------------------
                  0.00    0.00    0.00   clock core_clock (rise edge)
                          0.00    0.00   clock network delay (ideal)
                  0.00    0.00    0.00 ^ gen_regfile_ff.register_file_i.rf_reg_q[168]$_DFFE_PN0P_/CLK (DFFASRHQNx1_ASAP7_75t_R)
     2    1.58   19.14   39.50   39.50 ^ gen_regfile_ff.register_file_i.rf_reg_q[168]$_DFFE_PN0P_/QN (DFFASRHQNx1_ASAP7_75t_R)
                                         _00667_ (net)
                 19.14    0.01   39.51 ^ _29815_/A1 (OAI21x1_ASAP7_75t_R)
     1    0.67    6.06    7.34   46.85 v _29815_/Y (OAI21x1_ASAP7_75t_R)
                                         _02933_ (net)
                  6.06    0.01   46.87 v gen_regfile_ff.register_file_i.rf_reg_q[168]$_DFFE_PN0P_/D (DFFASRHQNx1_ASAP7_75t_R)
                                 46.87   data arrival time

                  0.00    0.00    0.00   clock core_clock (rise edge)
                          0.00    0.00   clock network delay (ideal)
                          0.00    0.00   clock reconvergence pessimism
                                  0.00 ^ gen_regfile_ff.register_file_i.rf_reg_q[168]$_DFFE_PN0P_/CLK (DFFASRHQNx1_ASAP7_75t_R)
                          9.29    9.29   library hold time
                                  9.29   data required time
-----------------------------------------------------------------------------
                                  9.29   data required time
                                -46.87   data arrival time
-----------------------------------------------------------------------------
                                 37.58   slack (MET)



==========================================================================
global place report_checks -path_delay max
--------------------------------------------------------------------------
Startpoint: rst_ni (input port clocked by core_clock)
Endpoint: gen_regfile_ff.register_file_i.rf_reg_q[353]$_DFFE_PN0P_
          (recovery check against rising-edge clock core_clock)
Path Group: asynchronous
Path Type: max

Fanout     Cap    Slew   Delay    Time   Description
-----------------------------------------------------------------------------
                  0.00    0.00    0.00   clock core_clock (rise edge)
                          0.00    0.00   clock network delay (ideal)
                        252.00  252.00 ^ input external delay
    35   52.76    0.00    0.00  252.00 ^ rst_ni (in)
                                         rst_ni (net)
                 29.85    9.42  261.42 ^ load_slew47/A (BUFx24_ASAP7_75t_R)
    83  109.03   53.88   38.70  300.11 ^ load_slew47/Y (BUFx24_ASAP7_75t_R)
                                         net69 (net)
                 53.91    0.87  300.98 ^ load_slew46/A (BUFx16f_ASAP7_75t_R)
    65   85.57   49.88   32.10  333.08 ^ load_slew46/Y (BUFx16f_ASAP7_75t_R)
                                         net68 (net)
                 80.68   21.42  354.50 ^ load_slew45/A (BUFx24_ASAP7_75t_R)
    79  110.06   54.54   38.97  393.47 ^ load_slew45/Y (BUFx24_ASAP7_75t_R)
                                         net67 (net)
                 82.56   20.13  413.60 ^ load_slew42/A (BUFx24_ASAP7_75t_R)
    79  108.57   55.00   44.07  457.67 ^ load_slew42/Y (BUFx24_ASAP7_75t_R)
                                         net64 (net)
                 74.63   16.90  474.56 ^ load_slew40/A (BUFx16f_ASAP7_75t_R)
    75  104.94   56.66   33.99  508.56 ^ load_slew40/Y (BUFx16f_ASAP7_75t_R)
                                         net62 (net)
                 97.46   25.27  533.83 ^ load_slew37/A (BUFx24_ASAP7_75t_R)
    83  109.18   46.78   42.24  576.07 ^ load_slew37/Y (BUFx24_ASAP7_75t_R)
                                         net59 (net)
                122.43   35.92  611.99 ^ load_slew36/A (BUFx24_ASAP7_75t_R)
    96  122.92   62.45   53.08  665.07 ^ load_slew36/Y (BUFx24_ASAP7_75t_R)
                                         net58 (net)
                 77.63   15.99  681.06 ^ gen_regfile_ff.register_file_i.rf_reg_q[353]$_DFFE_PN0P_/SETN (DFFASRHQNx1_ASAP7_75t_R)
                                681.06   data arrival time

                  0.00 1260.00 1260.00   clock core_clock (rise edge)
                          0.00 1260.00   clock network delay (ideal)
                          0.00 1260.00   clock reconvergence pessimism
                               1260.00 ^ gen_regfile_ff.register_file_i.rf_reg_q[353]$_DFFE_PN0P_/CLK (DFFASRHQNx1_ASAP7_75t_R)
                         -6.58 1253.42   library recovery time
                               1253.42   data required time
-----------------------------------------------------------------------------
                               1253.42   data required time
                               -681.06   data arrival time
-----------------------------------------------------------------------------
                                572.36   slack (MET)


Startpoint: core_clock_gate_i.en_latch$_DLATCH_N_
            (negative level-sensitive latch clocked by core_clock)
Endpoint: _35046_ (rising clock gating-check end-point clocked by core_clock)
Path Group: gated clock
Path Type: max

Fanout     Cap    Slew   Delay    Time   Description
-----------------------------------------------------------------------------
                  0.00  630.00  630.00   clock core_clock (fall edge)
                          0.00  630.00   clock network delay (ideal)
                  0.00    0.00  630.00 v core_clock_gate_i.en_latch$_DLATCH_N_/CLK (DLLx1_ASAP7_75t_R)
     1    0.57    7.55   27.17  657.17 v core_clock_gate_i.en_latch$_DLATCH_N_/Q (DLLx1_ASAP7_75t_R)
                                         core_clock_gate_i.en_latch (net)
                  7.55    0.00  657.17 v _35046_/B (AND2x2_ASAP7_75t_R)
                                657.17   data arrival time

                  0.00 1260.00 1260.00   clock core_clock (rise edge)
                          0.00 1260.00   clock network delay (ideal)
                          0.00 1260.00   clock reconvergence pessimism
                               1260.00 ^ _35046_/A (AND2x2_ASAP7_75t_R)
                          0.00 1260.00   clock gating setup time
                               1260.00   data required time
-----------------------------------------------------------------------------
                               1260.00   data required time
                               -657.17   data arrival time
-----------------------------------------------------------------------------
                                602.83   slack (MET)


Startpoint: if_stage_i.instr_rdata_alu_id_o[21]$_DFFE_PN_
            (rising edge-triggered flip-flop clocked by core_clock)
Endpoint: gen_regfile_ff.register_file_i.rf_reg_q[767]$_DFFE_PN0P_
          (rising edge-triggered flip-flop clocked by core_clock)
Path Group: core_clock
Path Type: max

Fanout     Cap    Slew   Delay    Time   Description
-----------------------------------------------------------------------------
                  0.00    0.00    0.00   clock core_clock (rise edge)
                          0.00    0.00   clock network delay (ideal)
                  0.00    0.00    0.00 ^ if_stage_i.instr_rdata_alu_id_o[21]$_DFFE_PN_/CLK (DFFHQNx2_ASAP7_75t_R)
     5    6.77   31.68   50.63   50.63 v if_stage_i.instr_rdata_alu_id_o[21]$_DFFE_PN_/QN (DFFHQNx2_ASAP7_75t_R)
                                         _01552_ (net)
                 31.68    0.19   50.82 v _19184_/A (BUFx6f_ASAP7_75t_R)
     5    7.86   10.93   21.70   72.53 v _19184_/Y (BUFx6f_ASAP7_75t_R)
                                         _13455_ (net)
                 10.93    0.02   72.55 v _19185_/A (BUFx12f_ASAP7_75t_R)
    11   12.62   10.69   15.41   87.96 v _19185_/Y (BUFx12f_ASAP7_75t_R)
                                         _13456_ (net)
                 13.00    2.60   90.56 v _19186_/A (BUFx6f_ASAP7_75t_R)
     6    7.48   10.08   16.62  107.18 v _19186_/Y (BUFx6f_ASAP7_75t_R)
                                         _13457_ (net)
                 10.12    0.32  107.50 v _19187_/A (BUFx12f_ASAP7_75t_R)
     6   12.47   10.40   14.02  121.52 v _19187_/Y (BUFx12f_ASAP7_75t_R)
                                         _13458_ (net)
                 18.73    4.96  126.48 v _21306_/A (BUFx12f_ASAP7_75t_R)
     6    9.90    9.39   17.43  143.91 v _21306_/Y (BUFx12f_ASAP7_75t_R)
                                         _15503_ (net)
                  9.69    0.90  144.81 v _21307_/A (BUFx6f_ASAP7_75t_R)
     5    6.74    9.22   15.31  160.12 v _21307_/Y (BUFx6f_ASAP7_75t_R)
                                         _15504_ (net)
                  9.23    0.10  160.22 v _21896_/A (BUFx6f_ASAP7_75t_R)
    10    8.37   11.55   15.37  175.59 v _21896_/Y (BUFx6f_ASAP7_75t_R)
                                         _16079_ (net)
                 12.74    1.95  177.54 v _22124_/A1 (OA211x2_ASAP7_75t_R)
     1    0.65    9.15   22.45  199.98 v _22124_/Y (OA211x2_ASAP7_75t_R)
                                         _16299_ (net)
                  9.15    0.01  199.99 v _22125_/C (OR3x1_ASAP7_75t_R)
     1    2.17   18.15   29.27  229.26 v _22125_/Y (OR3x1_ASAP7_75t_R)
                                         _16300_ (net)
                 18.18    0.42  229.68 v _22126_/B (OA211x2_ASAP7_75t_R)
     1    0.71    9.28   28.25  257.94 v _22126_/Y (OA211x2_ASAP7_75t_R)
                                         _16301_ (net)
                  9.28    0.01  257.95 v _22145_/C (OR3x1_ASAP7_75t_R)
     2    1.91   16.66   28.50  286.45 v _22145_/Y (OR3x1_ASAP7_75t_R)
                                         _16320_ (net)
                 16.67    0.21  286.66 v _22179_/B (AND2x2_ASAP7_75t_R)
     6    5.45   19.46   26.11  312.76 v _22179_/Y (AND2x2_ASAP7_75t_R)
                                         _16354_ (net)
                 19.46    0.20  312.97 v _24175_/A2 (AO21x2_ASAP7_75t_R)
     8    7.33   23.77   28.87  341.83 v _24175_/Y (AO21x2_ASAP7_75t_R)
                                         _05187_ (net)
                 24.00    1.31  343.14 v _24418_/B (NAND2x2_ASAP7_75t_R)
     2    3.04   17.42   15.95  359.10 ^ _24418_/Y (NAND2x2_ASAP7_75t_R)
                                         _17865_ (net)
                 17.42    0.05  359.15 ^ _24419_/A (INVx2_ASAP7_75t_R)
     2    3.73   13.45   10.47  369.62 v _24419_/Y (INVx2_ASAP7_75t_R)
                                         _17820_ (net)
                 13.45    0.06  369.67 v _35401_/A (FAx1_ASAP7_75t_R)
     8   16.89  253.73  117.42  487.10 ^ _35401_/CON (FAx1_ASAP7_75t_R)
                                         _17962_ (net)
     4    7.70  179.13   90.74  577.84 v _35401_/SN (FAx1_ASAP7_75t_R)
                                         _17914_ (net)
                179.14    0.49  578.33 v _35040_/A (INVx2_ASAP7_75t_R)
     2    3.71   41.19   32.03  610.36 ^ _35040_/Y (INVx2_ASAP7_75t_R)
                                         _17913_ (net)
                 41.19    0.02  610.39 ^ _35461_/CI (FAx1_ASAP7_75t_R)
     7   12.16  193.13  207.31  817.70 v _35461_/SN (FAx1_ASAP7_75t_R)
                                         _18080_ (net)
                193.13    0.23  817.93 v _35462_/A (FAx1_ASAP7_75t_R)
     1    2.37   76.89   61.31  879.24 ^ _35462_/CON (FAx1_ASAP7_75t_R)
                                         _18122_ (net)
     1    0.81   57.57   20.97  900.21 v _35462_/SN (FAx1_ASAP7_75t_R)
                                         _18479_ (net)
                 57.57    0.02  900.23 v _34879_/A (INVx1_ASAP7_75t_R)
     1    2.09   25.96   20.87  921.10 ^ _34879_/Y (INVx1_ASAP7_75t_R)
                                         _18081_ (net)
                 25.96    0.04  921.14 ^ _35463_/A (FAx1_ASAP7_75t_R)
     1    0.79   24.43   38.00  959.14 v _35463_/SN (FAx1_ASAP7_75t_R)
                                         _18480_ (net)
                 24.43    0.01  959.16 v _34816_/A (INVx1_ASAP7_75t_R)
     1    1.71   16.46   13.32  972.47 ^ _34816_/Y (INVx1_ASAP7_75t_R)
                                         _18083_ (net)
                 16.46    0.03  972.51 ^ _35467_/CI (FAx1_ASAP7_75t_R)
     1    0.77   26.59   34.52 1007.02 v _35467_/SN (FAx1_ASAP7_75t_R)
                                         _18484_ (net)
                 26.59    0.01 1007.04 v _34856_/A (INVx1_ASAP7_75t_R)
     1    2.27   20.05   15.70 1022.73 ^ _34856_/Y (INVx1_ASAP7_75t_R)
                                         _18092_ (net)
                 20.05    0.04 1022.77 ^ _35468_/B (FAx1_ASAP7_75t_R)
     1    1.28   35.18   43.28 1066.06 v _35468_/SN (FAx1_ASAP7_75t_R)
                                         _18486_ (net)
                 35.18    0.06 1066.12 v _35578_/B (HAxp5_ASAP7_75t_R)
     4    3.73   76.74   70.47 1136.59 v _35578_/SN (HAxp5_ASAP7_75t_R)
                                         _00252_ (net)
                 76.74    0.03 1136.62 v _29453_/B (AO21x1_ASAP7_75t_R)
     1    0.69    8.52   25.73 1162.35 v _29453_/Y (AO21x1_ASAP7_75t_R)
                                         _09481_ (net)
                  8.52    0.01 1162.36 v _29454_/A2 (AO21x1_ASAP7_75t_R)
     2    1.16   10.32   15.79 1178.15 v _29454_/Y (AO21x1_ASAP7_75t_R)
                                         _09482_ (net)
                 10.32    0.02 1178.17 v _29488_/A2 (AO21x1_ASAP7_75t_R)
     1    0.72    8.22   14.97 1193.14 v _29488_/Y (AO21x1_ASAP7_75t_R)
                                         _09514_ (net)
                  8.22    0.01 1193.15 v _29489_/A2 (AO21x1_ASAP7_75t_R)
     2    1.17   10.35   15.75 1208.90 v _29489_/Y (AO21x1_ASAP7_75t_R)
                                         _09515_ (net)
                 10.35    0.01 1208.90 v _29532_/A2 (AO21x1_ASAP7_75t_R)
     1    0.58    7.54   14.56 1223.47 v _29532_/Y (AO21x1_ASAP7_75t_R)
                                         _09557_ (net)
                  7.54    0.01 1223.48 v _29536_/A2 (AO221x1_ASAP7_75t_R)
     2    2.46   17.85   27.17 1250.65 v _29536_/Y (AO221x1_ASAP7_75t_R)
                                         _09561_ (net)
                 17.85    0.07 1250.72 v _29607_/A1 (OA21x2_ASAP7_75t_R)
     4    4.44   16.23   24.30 1275.02 v _29607_/Y (OA21x2_ASAP7_75t_R)
                                         _09630_ (net)
                 16.27    0.44 1275.46 v _29608_/D (OR4x1_ASAP7_75t_R)
     1    0.63   12.50   32.16 1307.61 v _29608_/Y (OR4x1_ASAP7_75t_R)
                                         _09631_ (net)
                 12.50    0.00 1307.62 v _29613_/B (AND4x2_ASAP7_75t_R)
     2    3.79   14.75   20.36 1327.98 v _29613_/Y (AND4x2_ASAP7_75t_R)
                                         _09636_ (net)
                 15.01    1.09 1329.07 v _29616_/B (OR5x1_ASAP7_75t_R)
     1    1.35   17.04   38.46 1367.53 v _29616_/Y (OR5x1_ASAP7_75t_R)
                                         _09639_ (net)
                 17.04    0.06 1367.59 v _29617_/C (AOI211x1_ASAP7_75t_R)
     1    0.69   15.35   11.54 1379.13 ^ _29617_/Y (AOI211x1_ASAP7_75t_R)
                                         _09640_ (net)
                 15.35    0.01 1379.14 ^ _29620_/A2 (OA21x2_ASAP7_75t_R)
     1    4.61   19.18   22.62 1401.75 ^ _29620_/Y (OA21x2_ASAP7_75t_R)
                                         _09643_ (net)
                 19.57    1.52 1403.27 ^ _29624_/B (NOR2x2_ASAP7_75t_R)
     7    8.12   29.80   18.94 1422.21 v _29624_/Y (NOR2x2_ASAP7_75t_R)
                                         _09647_ (net)
                 30.55    2.59 1424.80 v clone7/A (BUFx3_ASAP7_75t_R)
     5    5.10   13.13   22.78 1447.59 v clone7/Y (BUFx3_ASAP7_75t_R)
                                         net7 (net)
                 13.36    0.94 1448.53 v _31387_/A1 (AO21x1_ASAP7_75t_R)
     1    0.68    6.92   16.58 1465.10 v _31387_/Y (AO21x1_ASAP7_75t_R)
                                         _03598_ (net)
                  6.92    0.01 1465.11 v gen_regfile_ff.register_file_i.rf_reg_q[767]$_DFFE_PN0P_/D (DFFASRHQNx1_ASAP7_75t_R)
                               1465.11   data arrival time

                  0.00 1260.00 1260.00   clock core_clock (rise edge)
                          0.00 1260.00   clock network delay (ideal)
                          0.00 1260.00   clock reconvergence pessimism
                               1260.00 ^ gen_regfile_ff.register_file_i.rf_reg_q[767]$_DFFE_PN0P_/CLK (DFFASRHQNx1_ASAP7_75t_R)
                         -5.38 1254.62   library setup time
                               1254.62   data required time
-----------------------------------------------------------------------------
                               1254.62   data required time
                               -1465.11   data arrival time
-----------------------------------------------------------------------------
                               -210.49   slack (VIOLATED)



==========================================================================
global place report_checks -unconstrained
--------------------------------------------------------------------------
Startpoint: rst_ni (input port clocked by core_clock)
Endpoint: gen_regfile_ff.register_file_i.rf_reg_q[353]$_DFFE_PN0P_
          (recovery check against rising-edge clock core_clock)
Path Group: asynchronous
Path Type: max

Fanout     Cap    Slew   Delay    Time   Description
-----------------------------------------------------------------------------
                  0.00    0.00    0.00   clock core_clock (rise edge)
                          0.00    0.00   clock network delay (ideal)
                        252.00  252.00 ^ input external delay
    35   52.76    0.00    0.00  252.00 ^ rst_ni (in)
                                         rst_ni (net)
                 29.85    9.42  261.42 ^ load_slew47/A (BUFx24_ASAP7_75t_R)
    83  109.03   53.88   38.70  300.11 ^ load_slew47/Y (BUFx24_ASAP7_75t_R)
                                         net69 (net)
                 53.91    0.87  300.98 ^ load_slew46/A (BUFx16f_ASAP7_75t_R)
    65   85.57   49.88   32.10  333.08 ^ load_slew46/Y (BUFx16f_ASAP7_75t_R)
                                         net68 (net)
                 80.68   21.42  354.50 ^ load_slew45/A (BUFx24_ASAP7_75t_R)
    79  110.06   54.54   38.97  393.47 ^ load_slew45/Y (BUFx24_ASAP7_75t_R)
                                         net67 (net)
                 82.56   20.13  413.60 ^ load_slew42/A (BUFx24_ASAP7_75t_R)
    79  108.57   55.00   44.07  457.67 ^ load_slew42/Y (BUFx24_ASAP7_75t_R)
                                         net64 (net)
                 74.63   16.90  474.56 ^ load_slew40/A (BUFx16f_ASAP7_75t_R)
    75  104.94   56.66   33.99  508.56 ^ load_slew40/Y (BUFx16f_ASAP7_75t_R)
                                         net62 (net)
                 97.46   25.27  533.83 ^ load_slew37/A (BUFx24_ASAP7_75t_R)
    83  109.18   46.78   42.24  576.07 ^ load_slew37/Y (BUFx24_ASAP7_75t_R)
                                         net59 (net)
                122.43   35.92  611.99 ^ load_slew36/A (BUFx24_ASAP7_75t_R)
    96  122.92   62.45   53.08  665.07 ^ load_slew36/Y (BUFx24_ASAP7_75t_R)
                                         net58 (net)
                 77.63   15.99  681.06 ^ gen_regfile_ff.register_file_i.rf_reg_q[353]$_DFFE_PN0P_/SETN (DFFASRHQNx1_ASAP7_75t_R)
                                681.06   data arrival time

                  0.00 1260.00 1260.00   clock core_clock (rise edge)
                          0.00 1260.00   clock network delay (ideal)
                          0.00 1260.00   clock reconvergence pessimism
                               1260.00 ^ gen_regfile_ff.register_file_i.rf_reg_q[353]$_DFFE_PN0P_/CLK (DFFASRHQNx1_ASAP7_75t_R)
                         -6.58 1253.42   library recovery time
                               1253.42   data required time
-----------------------------------------------------------------------------
                               1253.42   data required time
                               -681.06   data arrival time
-----------------------------------------------------------------------------
                                572.36   slack (MET)


Startpoint: core_clock_gate_i.en_latch$_DLATCH_N_
            (negative level-sensitive latch clocked by core_clock)
Endpoint: _35046_ (rising clock gating-check end-point clocked by core_clock)
Path Group: gated clock
Path Type: max

Fanout     Cap    Slew   Delay    Time   Description
-----------------------------------------------------------------------------
                  0.00  630.00  630.00   clock core_clock (fall edge)
                          0.00  630.00   clock network delay (ideal)
                  0.00    0.00  630.00 v core_clock_gate_i.en_latch$_DLATCH_N_/CLK (DLLx1_ASAP7_75t_R)
     1    0.57    7.55   27.17  657.17 v core_clock_gate_i.en_latch$_DLATCH_N_/Q (DLLx1_ASAP7_75t_R)
                                         core_clock_gate_i.en_latch (net)
                  7.55    0.00  657.17 v _35046_/B (AND2x2_ASAP7_75t_R)
                                657.17   data arrival time

                  0.00 1260.00 1260.00   clock core_clock (rise edge)
                          0.00 1260.00   clock network delay (ideal)
                          0.00 1260.00   clock reconvergence pessimism
                               1260.00 ^ _35046_/A (AND2x2_ASAP7_75t_R)
                          0.00 1260.00   clock gating setup time
                               1260.00   data required time
-----------------------------------------------------------------------------
                               1260.00   data required time
                               -657.17   data arrival time
-----------------------------------------------------------------------------
                                602.83   slack (MET)


Startpoint: if_stage_i.instr_rdata_alu_id_o[21]$_DFFE_PN_
            (rising edge-triggered flip-flop clocked by core_clock)
Endpoint: gen_regfile_ff.register_file_i.rf_reg_q[767]$_DFFE_PN0P_
          (rising edge-triggered flip-flop clocked by core_clock)
Path Group: core_clock
Path Type: max

Fanout     Cap    Slew   Delay    Time   Description
-----------------------------------------------------------------------------
                  0.00    0.00    0.00   clock core_clock (rise edge)
                          0.00    0.00   clock network delay (ideal)
                  0.00    0.00    0.00 ^ if_stage_i.instr_rdata_alu_id_o[21]$_DFFE_PN_/CLK (DFFHQNx2_ASAP7_75t_R)
     5    6.77   31.68   50.63   50.63 v if_stage_i.instr_rdata_alu_id_o[21]$_DFFE_PN_/QN (DFFHQNx2_ASAP7_75t_R)
                                         _01552_ (net)
                 31.68    0.19   50.82 v _19184_/A (BUFx6f_ASAP7_75t_R)
     5    7.86   10.93   21.70   72.53 v _19184_/Y (BUFx6f_ASAP7_75t_R)
                                         _13455_ (net)
                 10.93    0.02   72.55 v _19185_/A (BUFx12f_ASAP7_75t_R)
    11   12.62   10.69   15.41   87.96 v _19185_/Y (BUFx12f_ASAP7_75t_R)
                                         _13456_ (net)
                 13.00    2.60   90.56 v _19186_/A (BUFx6f_ASAP7_75t_R)
     6    7.48   10.08   16.62  107.18 v _19186_/Y (BUFx6f_ASAP7_75t_R)
                                         _13457_ (net)
                 10.12    0.32  107.50 v _19187_/A (BUFx12f_ASAP7_75t_R)
     6   12.47   10.40   14.02  121.52 v _19187_/Y (BUFx12f_ASAP7_75t_R)
                                         _13458_ (net)
                 18.73    4.96  126.48 v _21306_/A (BUFx12f_ASAP7_75t_R)
     6    9.90    9.39   17.43  143.91 v _21306_/Y (BUFx12f_ASAP7_75t_R)
                                         _15503_ (net)
                  9.69    0.90  144.81 v _21307_/A (BUFx6f_ASAP7_75t_R)
     5    6.74    9.22   15.31  160.12 v _21307_/Y (BUFx6f_ASAP7_75t_R)
                                         _15504_ (net)
                  9.23    0.10  160.22 v _21896_/A (BUFx6f_ASAP7_75t_R)
    10    8.37   11.55   15.37  175.59 v _21896_/Y (BUFx6f_ASAP7_75t_R)
                                         _16079_ (net)
                 12.74    1.95  177.54 v _22124_/A1 (OA211x2_ASAP7_75t_R)
     1    0.65    9.15   22.45  199.98 v _22124_/Y (OA211x2_ASAP7_75t_R)
                                         _16299_ (net)
                  9.15    0.01  199.99 v _22125_/C (OR3x1_ASAP7_75t_R)
     1    2.17   18.15   29.27  229.26 v _22125_/Y (OR3x1_ASAP7_75t_R)
                                         _16300_ (net)
                 18.18    0.42  229.68 v _22126_/B (OA211x2_ASAP7_75t_R)
     1    0.71    9.28   28.25  257.94 v _22126_/Y (OA211x2_ASAP7_75t_R)
                                         _16301_ (net)
                  9.28    0.01  257.95 v _22145_/C (OR3x1_ASAP7_75t_R)
     2    1.91   16.66   28.50  286.45 v _22145_/Y (OR3x1_ASAP7_75t_R)
                                         _16320_ (net)
                 16.67    0.21  286.66 v _22179_/B (AND2x2_ASAP7_75t_R)
     6    5.45   19.46   26.11  312.76 v _22179_/Y (AND2x2_ASAP7_75t_R)
                                         _16354_ (net)
                 19.46    0.20  312.97 v _24175_/A2 (AO21x2_ASAP7_75t_R)
     8    7.33   23.77   28.87  341.83 v _24175_/Y (AO21x2_ASAP7_75t_R)
                                         _05187_ (net)
                 24.00    1.31  343.14 v _24418_/B (NAND2x2_ASAP7_75t_R)
     2    3.04   17.42   15.95  359.10 ^ _24418_/Y (NAND2x2_ASAP7_75t_R)
                                         _17865_ (net)
                 17.42    0.05  359.15 ^ _24419_/A (INVx2_ASAP7_75t_R)
     2    3.73   13.45   10.47  369.62 v _24419_/Y (INVx2_ASAP7_75t_R)
                                         _17820_ (net)
                 13.45    0.06  369.67 v _35401_/A (FAx1_ASAP7_75t_R)
     8   16.89  253.73  117.42  487.10 ^ _35401_/CON (FAx1_ASAP7_75t_R)
                                         _17962_ (net)
     4    7.70  179.13   90.74  577.84 v _35401_/SN (FAx1_ASAP7_75t_R)
                                         _17914_ (net)
                179.14    0.49  578.33 v _35040_/A (INVx2_ASAP7_75t_R)
     2    3.71   41.19   32.03  610.36 ^ _35040_/Y (INVx2_ASAP7_75t_R)
                                         _17913_ (net)
                 41.19    0.02  610.39 ^ _35461_/CI (FAx1_ASAP7_75t_R)
     7   12.16  193.13  207.31  817.70 v _35461_/SN (FAx1_ASAP7_75t_R)
                                         _18080_ (net)
                193.13    0.23  817.93 v _35462_/A (FAx1_ASAP7_75t_R)
     1    2.37   76.89   61.31  879.24 ^ _35462_/CON (FAx1_ASAP7_75t_R)
                                         _18122_ (net)
     1    0.81   57.57   20.97  900.21 v _35462_/SN (FAx1_ASAP7_75t_R)
                                         _18479_ (net)
                 57.57    0.02  900.23 v _34879_/A (INVx1_ASAP7_75t_R)
     1    2.09   25.96   20.87  921.10 ^ _34879_/Y (INVx1_ASAP7_75t_R)
                                         _18081_ (net)
                 25.96    0.04  921.14 ^ _35463_/A (FAx1_ASAP7_75t_R)
     1    0.79   24.43   38.00  959.14 v _35463_/SN (FAx1_ASAP7_75t_R)
                                         _18480_ (net)
                 24.43    0.01  959.16 v _34816_/A (INVx1_ASAP7_75t_R)
     1    1.71   16.46   13.32  972.47 ^ _34816_/Y (INVx1_ASAP7_75t_R)
                                         _18083_ (net)
                 16.46    0.03  972.51 ^ _35467_/CI (FAx1_ASAP7_75t_R)
     1    0.77   26.59   34.52 1007.02 v _35467_/SN (FAx1_ASAP7_75t_R)
                                         _18484_ (net)
                 26.59    0.01 1007.04 v _34856_/A (INVx1_ASAP7_75t_R)
     1    2.27   20.05   15.70 1022.73 ^ _34856_/Y (INVx1_ASAP7_75t_R)
                                         _18092_ (net)
                 20.05    0.04 1022.77 ^ _35468_/B (FAx1_ASAP7_75t_R)
     1    1.28   35.18   43.28 1066.06 v _35468_/SN (FAx1_ASAP7_75t_R)
                                         _18486_ (net)
                 35.18    0.06 1066.12 v _35578_/B (HAxp5_ASAP7_75t_R)
     4    3.73   76.74   70.47 1136.59 v _35578_/SN (HAxp5_ASAP7_75t_R)
                                         _00252_ (net)
                 76.74    0.03 1136.62 v _29453_/B (AO21x1_ASAP7_75t_R)
     1    0.69    8.52   25.73 1162.35 v _29453_/Y (AO21x1_ASAP7_75t_R)
                                         _09481_ (net)
                  8.52    0.01 1162.36 v _29454_/A2 (AO21x1_ASAP7_75t_R)
     2    1.16   10.32   15.79 1178.15 v _29454_/Y (AO21x1_ASAP7_75t_R)
                                         _09482_ (net)
                 10.32    0.02 1178.17 v _29488_/A2 (AO21x1_ASAP7_75t_R)
     1    0.72    8.22   14.97 1193.14 v _29488_/Y (AO21x1_ASAP7_75t_R)
                                         _09514_ (net)
                  8.22    0.01 1193.15 v _29489_/A2 (AO21x1_ASAP7_75t_R)
     2    1.17   10.35   15.75 1208.90 v _29489_/Y (AO21x1_ASAP7_75t_R)
                                         _09515_ (net)
                 10.35    0.01 1208.90 v _29532_/A2 (AO21x1_ASAP7_75t_R)
     1    0.58    7.54   14.56 1223.47 v _29532_/Y (AO21x1_ASAP7_75t_R)
                                         _09557_ (net)
                  7.54    0.01 1223.48 v _29536_/A2 (AO221x1_ASAP7_75t_R)
     2    2.46   17.85   27.17 1250.65 v _29536_/Y (AO221x1_ASAP7_75t_R)
                                         _09561_ (net)
                 17.85    0.07 1250.72 v _29607_/A1 (OA21x2_ASAP7_75t_R)
     4    4.44   16.23   24.30 1275.02 v _29607_/Y (OA21x2_ASAP7_75t_R)
                                         _09630_ (net)
                 16.27    0.44 1275.46 v _29608_/D (OR4x1_ASAP7_75t_R)
     1    0.63   12.50   32.16 1307.61 v _29608_/Y (OR4x1_ASAP7_75t_R)
                                         _09631_ (net)
                 12.50    0.00 1307.62 v _29613_/B (AND4x2_ASAP7_75t_R)
     2    3.79   14.75   20.36 1327.98 v _29613_/Y (AND4x2_ASAP7_75t_R)
                                         _09636_ (net)
                 15.01    1.09 1329.07 v _29616_/B (OR5x1_ASAP7_75t_R)
     1    1.35   17.04   38.46 1367.53 v _29616_/Y (OR5x1_ASAP7_75t_R)
                                         _09639_ (net)
                 17.04    0.06 1367.59 v _29617_/C (AOI211x1_ASAP7_75t_R)
     1    0.69   15.35   11.54 1379.13 ^ _29617_/Y (AOI211x1_ASAP7_75t_R)
                                         _09640_ (net)
                 15.35    0.01 1379.14 ^ _29620_/A2 (OA21x2_ASAP7_75t_R)
     1    4.61   19.18   22.62 1401.75 ^ _29620_/Y (OA21x2_ASAP7_75t_R)
                                         _09643_ (net)
                 19.57    1.52 1403.27 ^ _29624_/B (NOR2x2_ASAP7_75t_R)
     7    8.12   29.80   18.94 1422.21 v _29624_/Y (NOR2x2_ASAP7_75t_R)
                                         _09647_ (net)
                 30.55    2.59 1424.80 v clone7/A (BUFx3_ASAP7_75t_R)
     5    5.10   13.13   22.78 1447.59 v clone7/Y (BUFx3_ASAP7_75t_R)
                                         net7 (net)
                 13.36    0.94 1448.53 v _31387_/A1 (AO21x1_ASAP7_75t_R)
     1    0.68    6.92   16.58 1465.10 v _31387_/Y (AO21x1_ASAP7_75t_R)
                                         _03598_ (net)
                  6.92    0.01 1465.11 v gen_regfile_ff.register_file_i.rf_reg_q[767]$_DFFE_PN0P_/D (DFFASRHQNx1_ASAP7_75t_R)
                               1465.11   data arrival time

                  0.00 1260.00 1260.00   clock core_clock (rise edge)
                          0.00 1260.00   clock network delay (ideal)
                          0.00 1260.00   clock reconvergence pessimism
                               1260.00 ^ gen_regfile_ff.register_file_i.rf_reg_q[767]$_DFFE_PN0P_/CLK (DFFASRHQNx1_ASAP7_75t_R)
                         -5.38 1254.62   library setup time
                               1254.62   data required time
-----------------------------------------------------------------------------
                               1254.62   data required time
                               -1465.11   data arrival time
-----------------------------------------------------------------------------
                               -210.49   slack (VIOLATED)



==========================================================================
global place report_power
--------------------------------------------------------------------------
Group                  Internal  Switching    Leakage      Total
                          Power      Power      Power      Power (Watts)
----------------------------------------------------------------
Sequential             3.13e-03   9.08e-04   2.10e-07   4.04e-03  10.1%
Combinational          1.63e-02   1.97e-02   1.77e-06   3.60e-02  89.7%
Clock                  5.95e-07   1.04e-04   1.16e-10   1.04e-04   0.3%
Macro                  0.00e+00   0.00e+00   0.00e+00   0.00e+00   0.0%
Pad                    0.00e+00   0.00e+00   0.00e+00   0.00e+00   0.0%
----------------------------------------------------------------
Total                  1.95e-02   2.07e-02   1.98e-06   4.01e-02 100.0%
                          48.5%      51.5%       0.0%
