
==========================================================================
detailed place report_tns
--------------------------------------------------------------------------
tns -16.16

==========================================================================
detailed place report_wns
--------------------------------------------------------------------------
wns -0.16

==========================================================================
detailed place report_worst_slack
--------------------------------------------------------------------------
worst slack -0.16

==========================================================================
detailed place report_checks -path_delay min
--------------------------------------------------------------------------
Startpoint: u0.u2.d[5]$_DFF_P_ (rising edge-triggered flip-flop clocked by clk)
Endpoint: u0.w[1][13]$_DFF_P_ (rising edge-triggered flip-flop clocked by clk)
Path Group: clk
Path Type: min

Fanout     Cap    Slew   Delay    Time   Description
-----------------------------------------------------------------------------
                  0.00    0.00    0.00   clock clk (rise edge)
                          0.00    0.00   clock network delay (ideal)
                  0.00    0.00    0.00 ^ u0.u2.d[5]$_DFF_P_/CK (DFF_X1)
     1    2.32    0.01    0.06    0.06 ^ u0.u2.d[5]$_DFF_P_/QN (DFF_X1)
                                         _00422_ (net)
                  0.01    0.00    0.06 ^ _15909_/A (XNOR2_X1)
     2    4.04    0.01    0.02    0.08 v _15909_/ZN (XNOR2_X1)
                                         _06748_ (net)
                  0.01    0.00    0.08 v _16009_/B1 (AOI21_X1)
     1    1.24    0.01    0.02    0.11 ^ _16009_/ZN (AOI21_X1)
                                         _00325_ (net)
                  0.01    0.00    0.11 ^ u0.w[1][13]$_DFF_P_/D (DFF_X1)
                                  0.11   data arrival time

                  0.00    0.00    0.00   clock clk (rise edge)
                          0.00    0.00   clock network delay (ideal)
                          0.00    0.00   clock reconvergence pessimism
                                  0.00 ^ u0.w[1][13]$_DFF_P_/CK (DFF_X1)
                          0.01    0.01   library hold time
                                  0.01   data required time
-----------------------------------------------------------------------------
                                  0.01   data required time
                                 -0.11   data arrival time
-----------------------------------------------------------------------------
                                  0.10   slack (MET)



==========================================================================
detailed place report_checks -path_delay max
--------------------------------------------------------------------------
Startpoint: ld_r$_DFF_P_ (rising edge-triggered flip-flop clocked by clk)
Endpoint: sa12_sr[0]$_DFF_P_ (rising edge-triggered flip-flop clocked by clk)
Path Group: clk
Path Type: max

Fanout     Cap    Slew   Delay    Time   Description
-----------------------------------------------------------------------------
                  0.00    0.00    0.00   clock clk (rise edge)
                          0.00    0.00   clock network delay (ideal)
                  0.00    0.00    0.00 ^ ld_r$_DFF_P_/CK (DFF_X1)
     1    3.11    0.01    0.08    0.08 v ld_r$_DFF_P_/Q (DFF_X1)
                                         ld_r (net)
                  0.01    0.00    0.08 v _18258_/A (BUF_X4)
     5   24.73    0.01    0.03    0.11 v _18258_/Z (BUF_X4)
                                         _08970_ (net)
                  0.01    0.00    0.11 v _18298_/A (INV_X4)
     5   19.98    0.01    0.02    0.14 ^ _18298_/ZN (INV_X4)
                                         _09009_ (net)
                  0.01    0.00    0.14 ^ _18299_/A (BUF_X8)
    10   28.47    0.01    0.03    0.16 ^ _18299_/Z (BUF_X8)
                                         _09010_ (net)
                  0.01    0.00    0.17 ^ _18392_/A (BUF_X4)
    10   42.40    0.03    0.04    0.21 ^ _18392_/Z (BUF_X4)
                                         _09099_ (net)
                  0.03    0.01    0.21 ^ _18393_/A (BUF_X2)
    10   46.92    0.05    0.07    0.28 ^ _18393_/Z (BUF_X2)
                                         _09100_ (net)
                  0.05    0.01    0.30 ^ _23232_/A2 (NAND3_X1)
     1    1.72    0.02    0.03    0.33 v _23232_/ZN (NAND3_X1)
                                         _13845_ (net)
                  0.02    0.00    0.33 v _23235_/B1 (AOI21_X1)
     1    1.18    0.02    0.03    0.35 ^ _23235_/ZN (AOI21_X1)
                                         _13848_ (net)
                  0.02    0.00    0.35 ^ _23244_/A1 (OR3_X1)
     5   18.21    0.04    0.07    0.42 ^ _23244_/ZN (OR3_X1)
                                         _13857_ (net)
                  0.04    0.00    0.42 ^ _23269_/A (BUF_X2)
    10   21.80    0.03    0.05    0.47 ^ _23269_/Z (BUF_X2)
                                         _13880_ (net)
                  0.03    0.00    0.47 ^ _23270_/A (BUF_X2)
    12   30.79    0.04    0.06    0.53 ^ _23270_/Z (BUF_X2)
                                         _15018_ (net)
                  0.04    0.00    0.53 ^ _29697_/A (HA_X1)
     1    1.92    0.02    0.05    0.59 ^ _29697_/S (HA_X1)
                                         _15021_ (net)
                  0.02    0.00    0.59 ^ _23317_/A (BUF_X2)
     5   14.52    0.02    0.04    0.63 ^ _23317_/Z (BUF_X2)
                                         _13926_ (net)
                  0.02    0.00    0.63 ^ _23386_/A (INV_X2)
    10   22.97    0.01    0.02    0.65 v _23386_/ZN (INV_X2)
                                         _13995_ (net)
                  0.01    0.00    0.65 v _23387_/A1 (NOR3_X4)
     8   19.69    0.05    0.06    0.71 ^ _23387_/ZN (NOR3_X4)
                                         _13996_ (net)
                  0.05    0.00    0.71 ^ _23391_/B1 (AOI221_X1)
     1    3.80    0.02    0.04    0.75 v _23391_/ZN (AOI221_X1)
                                         _14000_ (net)
                  0.02    0.00    0.75 v _23399_/B (AOI211_X2)
     1    2.38    0.03    0.07    0.82 ^ _23399_/ZN (AOI211_X2)
                                         _14008_ (net)
                  0.03    0.00    0.82 ^ _23400_/A3 (NOR3_X1)
     1    3.83    0.01    0.02    0.84 v _23400_/ZN (NOR3_X1)
                                         _14009_ (net)
                  0.01    0.00    0.84 v _23479_/B1 (AOI221_X2)
     1    9.30    0.06    0.10    0.93 ^ _23479_/ZN (AOI221_X2)
                                         _00088_ (net)
                  0.06    0.00    0.94 ^ sa12_sr[0]$_DFF_P_/D (DFF_X1)
                                  0.94   data arrival time

                  0.00    0.82    0.82   clock clk (rise edge)
                          0.00    0.82   clock network delay (ideal)
                          0.00    0.82   clock reconvergence pessimism
                                  0.82 ^ sa12_sr[0]$_DFF_P_/CK (DFF_X1)
                         -0.04    0.78   library setup time
                                  0.78   data required time
-----------------------------------------------------------------------------
                                  0.78   data required time
                                 -0.94   data arrival time
-----------------------------------------------------------------------------
                                 -0.16   slack (VIOLATED)



==========================================================================
detailed place report_checks -unconstrained
--------------------------------------------------------------------------
Startpoint: ld_r$_DFF_P_ (rising edge-triggered flip-flop clocked by clk)
Endpoint: sa12_sr[0]$_DFF_P_ (rising edge-triggered flip-flop clocked by clk)
Path Group: clk
Path Type: max

Fanout     Cap    Slew   Delay    Time   Description
-----------------------------------------------------------------------------
                  0.00    0.00    0.00   clock clk (rise edge)
                          0.00    0.00   clock network delay (ideal)
                  0.00    0.00    0.00 ^ ld_r$_DFF_P_/CK (DFF_X1)
     1    3.11    0.01    0.08    0.08 v ld_r$_DFF_P_/Q (DFF_X1)
                                         ld_r (net)
                  0.01    0.00    0.08 v _18258_/A (BUF_X4)
     5   24.73    0.01    0.03    0.11 v _18258_/Z (BUF_X4)
                                         _08970_ (net)
                  0.01    0.00    0.11 v _18298_/A (INV_X4)
     5   19.98    0.01    0.02    0.14 ^ _18298_/ZN (INV_X4)
                                         _09009_ (net)
                  0.01    0.00    0.14 ^ _18299_/A (BUF_X8)
    10   28.47    0.01    0.03    0.16 ^ _18299_/Z (BUF_X8)
                                         _09010_ (net)
                  0.01    0.00    0.17 ^ _18392_/A (BUF_X4)
    10   42.40    0.03    0.04    0.21 ^ _18392_/Z (BUF_X4)
                                         _09099_ (net)
                  0.03    0.01    0.21 ^ _18393_/A (BUF_X2)
    10   46.92    0.05    0.07    0.28 ^ _18393_/Z (BUF_X2)
                                         _09100_ (net)
                  0.05    0.01    0.30 ^ _23232_/A2 (NAND3_X1)
     1    1.72    0.02    0.03    0.33 v _23232_/ZN (NAND3_X1)
                                         _13845_ (net)
                  0.02    0.00    0.33 v _23235_/B1 (AOI21_X1)
     1    1.18    0.02    0.03    0.35 ^ _23235_/ZN (AOI21_X1)
                                         _13848_ (net)
                  0.02    0.00    0.35 ^ _23244_/A1 (OR3_X1)
     5   18.21    0.04    0.07    0.42 ^ _23244_/ZN (OR3_X1)
                                         _13857_ (net)
                  0.04    0.00    0.42 ^ _23269_/A (BUF_X2)
    10   21.80    0.03    0.05    0.47 ^ _23269_/Z (BUF_X2)
                                         _13880_ (net)
                  0.03    0.00    0.47 ^ _23270_/A (BUF_X2)
    12   30.79    0.04    0.06    0.53 ^ _23270_/Z (BUF_X2)
                                         _15018_ (net)
                  0.04    0.00    0.53 ^ _29697_/A (HA_X1)
     1    1.92    0.02    0.05    0.59 ^ _29697_/S (HA_X1)
                                         _15021_ (net)
                  0.02    0.00    0.59 ^ _23317_/A (BUF_X2)
     5   14.52    0.02    0.04    0.63 ^ _23317_/Z (BUF_X2)
                                         _13926_ (net)
                  0.02    0.00    0.63 ^ _23386_/A (INV_X2)
    10   22.97    0.01    0.02    0.65 v _23386_/ZN (INV_X2)
                                         _13995_ (net)
                  0.01    0.00    0.65 v _23387_/A1 (NOR3_X4)
     8   19.69    0.05    0.06    0.71 ^ _23387_/ZN (NOR3_X4)
                                         _13996_ (net)
                  0.05    0.00    0.71 ^ _23391_/B1 (AOI221_X1)
     1    3.80    0.02    0.04    0.75 v _23391_/ZN (AOI221_X1)
                                         _14000_ (net)
                  0.02    0.00    0.75 v _23399_/B (AOI211_X2)
     1    2.38    0.03    0.07    0.82 ^ _23399_/ZN (AOI211_X2)
                                         _14008_ (net)
                  0.03    0.00    0.82 ^ _23400_/A3 (NOR3_X1)
     1    3.83    0.01    0.02    0.84 v _23400_/ZN (NOR3_X1)
                                         _14009_ (net)
                  0.01    0.00    0.84 v _23479_/B1 (AOI221_X2)
     1    9.30    0.06    0.10    0.93 ^ _23479_/ZN (AOI221_X2)
                                         _00088_ (net)
                  0.06    0.00    0.94 ^ sa12_sr[0]$_DFF_P_/D (DFF_X1)
                                  0.94   data arrival time

                  0.00    0.82    0.82   clock clk (rise edge)
                          0.00    0.82   clock network delay (ideal)
                          0.00    0.82   clock reconvergence pessimism
                                  0.82 ^ sa12_sr[0]$_DFF_P_/CK (DFF_X1)
                         -0.04    0.78   library setup time
                                  0.78   data required time
-----------------------------------------------------------------------------
                                  0.78   data required time
                                 -0.94   data arrival time
-----------------------------------------------------------------------------
                                 -0.16   slack (VIOLATED)



==========================================================================
detailed place report_check_types -max_slew -max_cap -max_fanout -violators
--------------------------------------------------------------------------
max capacitance

Pin                                    Limit     Cap   Slack
------------------------------------------------------------
_17290_/ZN                             10.47   11.66   -1.19 (VIOLATED)
_28807_/ZN                             16.02   16.96   -0.94 (VIOLATED)
_15566_/ZN                             25.33   25.92   -0.59 (VIOLATED)
_21903_/ZN                             16.02   16.54   -0.52 (VIOLATED)


==========================================================================
detailed place max_slew_check_slack
--------------------------------------------------------------------------
0.06551533192396164

==========================================================================
detailed place max_slew_check_limit
--------------------------------------------------------------------------
0.1985349953174591

==========================================================================
detailed place max_slew_check_slack_limit
--------------------------------------------------------------------------
0.3300

==========================================================================
detailed place max_fanout_check_slack
--------------------------------------------------------------------------
1.0000000150474662e+30

==========================================================================
detailed place max_fanout_check_limit
--------------------------------------------------------------------------
1.0000000150474662e+30

==========================================================================
detailed place max_capacitance_check_slack
--------------------------------------------------------------------------
-1.1871784925460815

==========================================================================
detailed place max_capacitance_check_limit
--------------------------------------------------------------------------
10.47130012512207

==========================================================================
detailed place max_capacitance_check_slack_limit
--------------------------------------------------------------------------
-0.1134

==========================================================================
detailed place max_slew_violation_count
--------------------------------------------------------------------------
max slew violation count 0

==========================================================================
detailed place max_fanout_violation_count
--------------------------------------------------------------------------
max fanout violation count 0

==========================================================================
detailed place max_cap_violation_count
--------------------------------------------------------------------------
max cap violation count 4

==========================================================================
detailed place setup_violation_count
--------------------------------------------------------------------------
setup violation count 160

==========================================================================
detailed place hold_violation_count
--------------------------------------------------------------------------
hold violation count 0

==========================================================================
detailed place report_checks -path_delay max reg to reg
--------------------------------------------------------------------------
Startpoint: ld_r$_DFF_P_ (rising edge-triggered flip-flop clocked by clk)
Endpoint: sa12_sr[0]$_DFF_P_ (rising edge-triggered flip-flop clocked by clk)
Path Group: clk
Path Type: max

  Delay    Time   Description
---------------------------------------------------------
   0.00    0.00   clock clk (rise edge)
   0.00    0.00   clock network delay (ideal)
   0.00    0.00 ^ ld_r$_DFF_P_/CK (DFF_X1)
   0.08    0.08 v ld_r$_DFF_P_/Q (DFF_X1)
   0.03    0.11 v _18258_/Z (BUF_X4)
   0.03    0.14 ^ _18298_/ZN (INV_X4)
   0.03    0.16 ^ _18299_/Z (BUF_X8)
   0.04    0.21 ^ _18392_/Z (BUF_X4)
   0.08    0.28 ^ _18393_/Z (BUF_X2)
   0.04    0.33 v _23232_/ZN (NAND3_X1)
   0.03    0.35 ^ _23235_/ZN (AOI21_X1)
   0.07    0.42 ^ _23244_/ZN (OR3_X1)
   0.06    0.47 ^ _23269_/Z (BUF_X2)
   0.06    0.53 ^ _23270_/Z (BUF_X2)
   0.06    0.59 ^ _29697_/S (HA_X1)
   0.04    0.63 ^ _23317_/Z (BUF_X2)
   0.02    0.65 v _23386_/ZN (INV_X2)
   0.06    0.71 ^ _23387_/ZN (NOR3_X4)
   0.04    0.75 v _23391_/ZN (AOI221_X1)
   0.07    0.82 ^ _23399_/ZN (AOI211_X2)
   0.02    0.84 v _23400_/ZN (NOR3_X1)
   0.10    0.93 ^ _23479_/ZN (AOI221_X2)
   0.00    0.94 ^ sa12_sr[0]$_DFF_P_/D (DFF_X1)
           0.94   data arrival time

   0.82    0.82   clock clk (rise edge)
   0.00    0.82   clock network delay (ideal)
   0.00    0.82   clock reconvergence pessimism
           0.82 ^ sa12_sr[0]$_DFF_P_/CK (DFF_X1)
  -0.04    0.78   library setup time
           0.78   data required time
---------------------------------------------------------
           0.78   data required time
          -0.94   data arrival time
---------------------------------------------------------
          -0.16   slack (VIOLATED)



==========================================================================
detailed place report_checks -path_delay min reg to reg
--------------------------------------------------------------------------
Startpoint: u0.u2.d[5]$_DFF_P_ (rising edge-triggered flip-flop clocked by clk)
Endpoint: u0.w[1][13]$_DFF_P_ (rising edge-triggered flip-flop clocked by clk)
Path Group: clk
Path Type: min

  Delay    Time   Description
---------------------------------------------------------
   0.00    0.00   clock clk (rise edge)
   0.00    0.00   clock network delay (ideal)
   0.00    0.00 ^ u0.u2.d[5]$_DFF_P_/CK (DFF_X1)
   0.06    0.06 ^ u0.u2.d[5]$_DFF_P_/QN (DFF_X1)
   0.02    0.08 v _15909_/ZN (XNOR2_X1)
   0.02    0.11 ^ _16009_/ZN (AOI21_X1)
   0.00    0.11 ^ u0.w[1][13]$_DFF_P_/D (DFF_X1)
           0.11   data arrival time

   0.00    0.00   clock clk (rise edge)
   0.00    0.00   clock network delay (ideal)
   0.00    0.00   clock reconvergence pessimism
           0.00 ^ u0.w[1][13]$_DFF_P_/CK (DFF_X1)
   0.01    0.01   library hold time
           0.01   data required time
---------------------------------------------------------
           0.01   data required time
          -0.11   data arrival time
---------------------------------------------------------
           0.10   slack (MET)



==========================================================================
detailed place critical path target clock latency max path
--------------------------------------------------------------------------
0.0000

==========================================================================
detailed place critical path target clock latency min path
--------------------------------------------------------------------------
0.0000

==========================================================================
detailed place critical path source clock latency min path
--------------------------------------------------------------------------
0.0000

==========================================================================
detailed place critical path delay
--------------------------------------------------------------------------
0.9364

==========================================================================
detailed place critical path slack
--------------------------------------------------------------------------
-0.1593

==========================================================================
detailed place slack div critical path delay
--------------------------------------------------------------------------
-17.011961

==========================================================================
detailed place report_power
--------------------------------------------------------------------------
Group                  Internal  Switching    Leakage      Total
                          Power      Power      Power      Power (Watts)
----------------------------------------------------------------
Sequential             9.23e-03   1.14e-03   4.44e-05   1.04e-02   2.9%
Combinational          1.67e-01   1.77e-01   5.07e-04   3.44e-01  97.1%
Clock                  0.00e+00   0.00e+00   0.00e+00   0.00e+00   0.0%
Macro                  0.00e+00   0.00e+00   0.00e+00   0.00e+00   0.0%
Pad                    0.00e+00   0.00e+00   0.00e+00   0.00e+00   0.0%
----------------------------------------------------------------
Total                  1.76e-01   1.78e-01   5.51e-04   3.55e-01 100.0%
                          49.6%      50.2%       0.2%
