OpenROAD v2.0-19576-gec1bf1a13 
Features included (+) or not (-): +GPU +GUI +Python : None
This program is licensed under the BSD-3 license. See the LICENSE file for details.
Components of this program may be licensed under more restrictive licenses which must be honored.
[INFO ORD-0030] Using 16 thread(s).
Placement Analysis
---------------------------------
total displacement      14510.8 u
average displacement        0.9 u
max displacement            3.5 u
original HPWL          261719.0 u
legalized HPWL         273479.3 u
delta HPWL                    4 %

Detailed placement improvement.
Importing netlist into detailed improver.
[INFO DPO-0100] Creating network with 16505 cells, 264 terminals, 18758 edges, 60707 pins, and 0 blockages.
[INFO DPO-0109] Network stats: inst 16769, edges 18758, pins 60707
[INFO DPO-0110] Number of regions is 1
[INFO DPO-0401] Setting random seed to 1.
[INFO DPO-0402] Setting maximum displacement 5 1 to 14000 2800 units.
[INFO DPO-0320] Collected 674 fixed cells.
[INFO DPO-0318] Collected 16095 single height cells.
[INFO DPO-0321] Collected 0 wide cells.
[INFO DPO-0322] Image (2280, 2800) - (640300, 383600)
[INFO DPO-0310] Assigned 16095 cells into segments.  Movement in X-direction is 0.000000, movement in Y-direction is 0.000000.
[INFO DPO-0313] Found 0 cells in wrong regions.
[INFO DPO-0315] Found 0 row alignment problems.
[INFO DPO-0314] Found 0 site alignment problems.
[INFO DPO-0311] Found 0 overlaps between adjacent cells.
[INFO DPO-0312] Found 0 edge spacing violations and 0 padding violations.
[INFO DPO-0303] Running algorithm for independent set matching.
[INFO DPO-0300] Set matching objective is wirelength.
[INFO DPO-0301] Pass   1 of matching; objective is 5.520957e+08.
[INFO DPO-0302] End of matching; objective is 5.517469e+08, improvement is 0.06 percent.
[INFO DPO-0303] Running algorithm for global swaps.
[INFO DPO-0306] Pass   1 of global swaps; hpwl is 5.464915e+08.
[INFO DPO-0307] End of global swaps; objective is 5.464915e+08, improvement is 0.95 percent.
[INFO DPO-0303] Running algorithm for vertical swaps.
[INFO DPO-0308] Pass   1 of vertical swaps; hpwl is 5.453519e+08.
[INFO DPO-0309] End of vertical swaps; objective is 5.453519e+08, improvement is 0.21 percent.
[INFO DPO-0303] Running algorithm for reordering.
[INFO DPO-0304] Pass   1 of reordering; objective is 5.441092e+08.
[INFO DPO-0305] End of reordering; objective is 5.441092e+08, improvement is 0.23 percent.
[INFO DPO-0303] Running algorithm for random improvement.
[INFO DPO-0324] Random improver is using displacement generator.
[INFO DPO-0325] Random improver is using hpwl objective.
[INFO DPO-0326] Random improver cost string is (a).
[INFO DPO-0332] End of pass, Generator displacement called 321900 times.
[INFO DPO-0335] Generator displacement, Cumulative attempts 321900, swaps 58181, moves 78879 since last reset.
[INFO DPO-0333] End of pass, Objective hpwl, Initial cost 5.414420e+08, Scratch cost 5.381737e+08, Incremental cost 5.381737e+08, Mismatch? N
[INFO DPO-0338] End of pass, Total cost is 5.381737e+08.
[INFO DPO-0327] Pass   1 of random improver; improvement in cost is 0.60 percent.
[INFO DPO-0328] End of random improver; improvement is 0.603637 percent.
[INFO DPO-0380] Cell flipping.
[INFO DPO-0382] Changed 8031 cell orientations for row compatibility.
[INFO DPO-0383] Performed 4877 cell flips.
[INFO DPO-0384] End of flipping; objective is 5.342947e+08, improvement is 1.21 percent.
[INFO DPO-0313] Found 0 cells in wrong regions.
[INFO DPO-0315] Found 0 row alignment problems.
[INFO DPO-0314] Found 0 site alignment problems.
[INFO DPO-0311] Found 0 overlaps between adjacent cells.
[INFO DPO-0312] Found 0 edge spacing violations and 0 padding violations.
Detailed Improvement Results
------------------------------------------
Original HPWL           273479.3 u
Final HPWL              264836.4 u
Delta HPWL                  -3.2 %

[INFO DPL-0020] Mirrored 1011 instances
[INFO DPL-0021] HPWL before          264836.4 u
[INFO DPL-0022] HPWL after           264762.2 u
[INFO DPL-0023] HPWL delta               -0.0 %
[INFO FLW-0012] Placement violations .
Report metrics stage 3, detailed place...

==========================================================================
detailed place report_design_area
--------------------------------------------------------------------------
Design area 28787 u^2 47% utilization.
Elapsed time: 0:31.57[h:]min:sec. CPU time: user 31.32 sys 0.26 (100%). Peak memory: 240884KB.
