
==========================================================================
global place report_tns
--------------------------------------------------------------------------
tns -43857.65

==========================================================================
global place report_wns
--------------------------------------------------------------------------
wns -235.80

==========================================================================
global place report_worst_slack
--------------------------------------------------------------------------
worst slack -235.80

==========================================================================
global place report_checks -path_delay min
--------------------------------------------------------------------------
Startpoint: rst_ni (input port clocked by core_clock)
Endpoint: gen_regfile_ff.register_file_i.rf_reg_q[109]$_DFFE_PN0P_
          (removal check against rising-edge clock core_clock)
Path Group: asynchronous
Path Type: min

Fanout     Cap    Slew   Delay    Time   Description
-----------------------------------------------------------------------------
                  0.00    0.00    0.00   clock core_clock (rise edge)
                          0.00    0.00   clock network delay (ideal)
                        252.00  252.00 ^ input external delay
    64   72.53    0.00    0.00  252.00 ^ rst_ni (in)
                                         rst_ni (net)
                 78.50   24.76  276.76 ^ gen_regfile_ff.register_file_i.rf_reg_q[109]$_DFFE_PN0P_/SETN (DFFASRHQNx1_ASAP7_75t_R)
                                276.76   data arrival time

                  0.00    0.00    0.00   clock core_clock (rise edge)
                          0.00    0.00   clock network delay (ideal)
                          0.00    0.00   clock reconvergence pessimism
                                  0.00 ^ gen_regfile_ff.register_file_i.rf_reg_q[109]$_DFFE_PN0P_/CLK (DFFASRHQNx1_ASAP7_75t_R)
                         11.96   11.96   library removal time
                                 11.96   data required time
-----------------------------------------------------------------------------
                                 11.96   data required time
                               -276.76   data arrival time
-----------------------------------------------------------------------------
                                264.80   slack (MET)


Startpoint: core_clock_gate_i.en_latch$_DLATCH_N_
            (negative level-sensitive latch clocked by core_clock)
Endpoint: _35046_ (rising clock gating-check end-point clocked by core_clock)
Path Group: gated clock
Path Type: min

Fanout     Cap    Slew   Delay    Time   Description
-----------------------------------------------------------------------------
                  0.00  630.00  630.00   clock core_clock (fall edge)
                          0.00  630.00   clock network delay (ideal)
                  0.00    0.00  630.00 v core_clock_gate_i.en_latch$_DLATCH_N_/CLK (DLLx1_ASAP7_75t_R)
     1    0.32    6.21   17.28  647.28 ^ core_clock_gate_i.en_latch$_DLATCH_N_/Q (DLLx1_ASAP7_75t_R)
                                         core_clock_gate_i.en_latch (net)
                  6.21    0.00  647.28 ^ _35046_/B (AND2x2_ASAP7_75t_R)
                                647.28   data arrival time

                  0.00  630.00  630.00   clock core_clock (fall edge)
                          0.00  630.00   clock network delay (ideal)
                          0.00  630.00   clock reconvergence pessimism
                                630.00 v _35046_/A (AND2x2_ASAP7_75t_R)
                          0.00  630.00   clock gating hold time
                                630.00   data required time
-----------------------------------------------------------------------------
                                630.00   data required time
                               -647.28   data arrival time
-----------------------------------------------------------------------------
                                 17.28   slack (MET)


Startpoint: id_stage_i.imd_val_q[8]$_DFFE_PN0P_
            (rising edge-triggered flip-flop clocked by core_clock)
Endpoint: id_stage_i.imd_val_q[8]$_DFFE_PN0P_
          (rising edge-triggered flip-flop clocked by core_clock)
Path Group: core_clock
Path Type: min

Fanout     Cap    Slew   Delay    Time   Description
-----------------------------------------------------------------------------
                  0.00    0.00    0.00   clock core_clock (rise edge)
                          0.00    0.00   clock network delay (ideal)
                  0.00    0.00    0.00 ^ id_stage_i.imd_val_q[8]$_DFFE_PN0P_/CLK (DFFASRHQNx1_ASAP7_75t_R)
     2    1.30   17.21   38.24   38.24 ^ id_stage_i.imd_val_q[8]$_DFFE_PN0P_/QN (DFFASRHQNx1_ASAP7_75t_R)
                                         _01744_ (net)
                 17.21    0.03   38.27 ^ _32629_/A1 (AOI21x1_ASAP7_75t_R)
     1    0.57    5.27    8.60   46.87 v _32629_/Y (AOI21x1_ASAP7_75t_R)
                                         _03921_ (net)
                  5.27    0.00   46.87 v id_stage_i.imd_val_q[8]$_DFFE_PN0P_/D (DFFASRHQNx1_ASAP7_75t_R)
                                 46.87   data arrival time

                  0.00    0.00    0.00   clock core_clock (rise edge)
                          0.00    0.00   clock network delay (ideal)
                          0.00    0.00   clock reconvergence pessimism
                                  0.00 ^ id_stage_i.imd_val_q[8]$_DFFE_PN0P_/CLK (DFFASRHQNx1_ASAP7_75t_R)
                          9.38    9.38   library hold time
                                  9.38   data required time
-----------------------------------------------------------------------------
                                  9.38   data required time
                                -46.87   data arrival time
-----------------------------------------------------------------------------
                                 37.49   slack (MET)



==========================================================================
global place report_checks -path_delay max
--------------------------------------------------------------------------
Startpoint: rst_ni (input port clocked by core_clock)
Endpoint: cs_registers_i.u_mscratch_csr.rdata_q[8]$_DFFE_PN0P_
          (recovery check against rising-edge clock core_clock)
Path Group: asynchronous
Path Type: max

Fanout     Cap    Slew   Delay    Time   Description
-----------------------------------------------------------------------------
                  0.00    0.00    0.00   clock core_clock (rise edge)
                          0.00    0.00   clock network delay (ideal)
                        252.00  252.00 ^ input external delay
    64   89.90    0.00    0.00  252.00 ^ rst_ni (in)
                                         rst_ni (net)
                124.07   39.14  291.14 ^ load_slew41/A (BUFx16f_ASAP7_75t_R)
    74  100.98   55.56   38.55  329.69 ^ load_slew41/Y (BUFx16f_ASAP7_75t_R)
                                         net63 (net)
                 70.81   13.59  343.28 ^ load_slew40/A (BUFx24_ASAP7_75t_R)
    83  112.39   49.88   34.95  378.23 ^ load_slew40/Y (BUFx24_ASAP7_75t_R)
                                         net62 (net)
                144.97   44.46  422.69 ^ load_slew39/A (BUFx24_ASAP7_75t_R)
    82  113.13   55.52   48.44  471.13 ^ load_slew39/Y (BUFx24_ASAP7_75t_R)
                                         net61 (net)
                112.03   31.98  503.12 ^ load_slew37/A (BUFx24_ASAP7_75t_R)
    80  105.85   54.55   49.37  552.49 ^ load_slew37/Y (BUFx24_ASAP7_75t_R)
                                         net59 (net)
                 64.38   11.92  564.41 ^ load_slew36/A (BUFx24_ASAP7_75t_R)
    87  113.91   51.18   34.69  599.10 ^ load_slew36/Y (BUFx24_ASAP7_75t_R)
                                         net58 (net)
                137.95   41.96  641.06 ^ load_slew35/A (BUFx24_ASAP7_75t_R)
    99  126.23   63.81   53.69  694.75 ^ load_slew35/Y (BUFx24_ASAP7_75t_R)
                                         net57 (net)
                 85.19   19.13  713.89 ^ cs_registers_i.u_mscratch_csr.rdata_q[8]$_DFFE_PN0P_/SETN (DFFASRHQNx1_ASAP7_75t_R)
                                713.89   data arrival time

                  0.00 1260.00 1260.00   clock core_clock (rise edge)
                          0.00 1260.00   clock network delay (ideal)
                          0.00 1260.00   clock reconvergence pessimism
                               1260.00 ^ cs_registers_i.u_mscratch_csr.rdata_q[8]$_DFFE_PN0P_/CLK (DFFASRHQNx1_ASAP7_75t_R)
                         -7.45 1252.55   library recovery time
                               1252.55   data required time
-----------------------------------------------------------------------------
                               1252.55   data required time
                               -713.89   data arrival time
-----------------------------------------------------------------------------
                                538.66   slack (MET)


Startpoint: core_clock_gate_i.en_latch$_DLATCH_N_
            (negative level-sensitive latch clocked by core_clock)
Endpoint: _35046_ (rising clock gating-check end-point clocked by core_clock)
Path Group: gated clock
Path Type: max

Fanout     Cap    Slew   Delay    Time   Description
-----------------------------------------------------------------------------
                  0.00  630.00  630.00   clock core_clock (fall edge)
                          0.00  630.00   clock network delay (ideal)
                  0.00    0.00  630.00 v core_clock_gate_i.en_latch$_DLATCH_N_/CLK (DLLx1_ASAP7_75t_R)
     1    0.57    7.55   27.17  657.17 v core_clock_gate_i.en_latch$_DLATCH_N_/Q (DLLx1_ASAP7_75t_R)
                                         core_clock_gate_i.en_latch (net)
                  7.55    0.00  657.17 v _35046_/B (AND2x2_ASAP7_75t_R)
                                657.17   data arrival time

                  0.00 1260.00 1260.00   clock core_clock (rise edge)
                          0.00 1260.00   clock network delay (ideal)
                          0.00 1260.00   clock reconvergence pessimism
                               1260.00 ^ _35046_/A (AND2x2_ASAP7_75t_R)
                          0.00 1260.00   clock gating setup time
                               1260.00   data required time
-----------------------------------------------------------------------------
                               1260.00   data required time
                               -657.17   data arrival time
-----------------------------------------------------------------------------
                                602.83   slack (MET)


Startpoint: if_stage_i.instr_rdata_alu_id_o[21]$_DFFE_PN_
            (rising edge-triggered flip-flop clocked by core_clock)
Endpoint: gen_regfile_ff.register_file_i.rf_reg_q[511]$_DFFE_PN0P_
          (rising edge-triggered flip-flop clocked by core_clock)
Path Group: core_clock
Path Type: max

Fanout     Cap    Slew   Delay    Time   Description
-----------------------------------------------------------------------------
                  0.00    0.00    0.00   clock core_clock (rise edge)
                          0.00    0.00   clock network delay (ideal)
                  0.00    0.00    0.00 ^ if_stage_i.instr_rdata_alu_id_o[21]$_DFFE_PN_/CLK (DFFHQNx2_ASAP7_75t_R)
     5    6.91   33.02   49.61   49.61 ^ if_stage_i.instr_rdata_alu_id_o[21]$_DFFE_PN_/QN (DFFHQNx2_ASAP7_75t_R)
                                         _01552_ (net)
                 33.05    0.47   50.09 ^ _19184_/A (BUFx6f_ASAP7_75t_R)
     5    9.58   15.31   20.04   70.12 ^ _19184_/Y (BUFx6f_ASAP7_75t_R)
                                         _13455_ (net)
                 17.11    2.75   72.87 ^ _19185_/A (BUFx12f_ASAP7_75t_R)
    11   14.17   12.20   16.23   89.11 ^ _19185_/Y (BUFx12f_ASAP7_75t_R)
                                         _13456_ (net)
                 21.24    5.58   94.68 ^ _19186_/A (BUFx6f_ASAP7_75t_R)
     6    7.67   11.61   18.04  112.72 ^ _19186_/Y (BUFx6f_ASAP7_75t_R)
                                         _13457_ (net)
                 11.70    0.57  113.29 ^ _19187_/A (BUFx12f_ASAP7_75t_R)
     6   13.81   12.63   14.13  127.42 ^ _19187_/Y (BUFx12f_ASAP7_75t_R)
                                         _13458_ (net)
                 21.86    5.80  133.22 ^ _21318_/A (BUFx12f_ASAP7_75t_R)
    10   22.27   18.26   18.30  151.52 ^ _21318_/Y (BUFx12f_ASAP7_75t_R)
                                         _15515_ (net)
                 30.25    7.89  159.41 ^ _21748_/A (BUFx12f_ASAP7_75t_R)
    10   18.31   14.90   17.93  177.34 ^ _21748_/Y (BUFx12f_ASAP7_75t_R)
                                         _15936_ (net)
                 38.41   11.32  188.66 ^ _22241_/A (NAND2x1_ASAP7_75t_R)
     1    0.44   10.56    9.98  198.64 v _22241_/Y (NAND2x1_ASAP7_75t_R)
                                         _16413_ (net)
                 10.56    0.00  198.64 v _22242_/B (OA211x2_ASAP7_75t_R)
     1    0.80    9.45   26.04  224.68 v _22242_/Y (OA211x2_ASAP7_75t_R)
                                         _16414_ (net)
                  9.45    0.03  224.70 v _22243_/C (OR3x1_ASAP7_75t_R)
     1    0.61    9.01   23.70  248.41 v _22243_/Y (OR3x1_ASAP7_75t_R)
                                         _16415_ (net)
                  9.01    0.02  248.42 v _22244_/B (OA211x2_ASAP7_75t_R)
     1    3.37   16.58   30.23  278.66 v _22244_/Y (OA211x2_ASAP7_75t_R)
                                         _16416_ (net)
                 16.81    1.02  279.68 v _22262_/C (OR3x1_ASAP7_75t_R)
     2    2.25   18.60   31.11  310.79 v _22262_/Y (OR3x1_ASAP7_75t_R)
                                         _16434_ (net)
                 18.61    0.21  310.99 v _22294_/B (AND2x4_ASAP7_75t_R)
     6    6.63   13.70   22.90  333.90 v _22294_/Y (AND2x4_ASAP7_75t_R)
                                         _16466_ (net)
                 13.70    0.18  334.07 v _24184_/A2 (AO21x2_ASAP7_75t_R)
     8    7.85   25.57   27.47  361.54 v _24184_/Y (AO21x2_ASAP7_75t_R)
                                         _05194_ (net)
                 26.08    2.00  363.54 v _24433_/B (NAND2x2_ASAP7_75t_R)
     2    3.39   19.08   17.12  380.67 ^ _24433_/Y (NAND2x2_ASAP7_75t_R)
                                         _17863_ (net)
                 19.08    0.02  380.69 ^ _24434_/A (INVx2_ASAP7_75t_R)
     1    2.25   10.30    8.43  389.13 v _24434_/Y (INVx2_ASAP7_75t_R)
                                         _17910_ (net)
                 10.30    0.03  389.16 v _35401_/B (FAx1_ASAP7_75t_R)
     8   16.90  254.03  116.35  505.51 ^ _35401_/CON (FAx1_ASAP7_75t_R)
                                         _17962_ (net)
     4    7.79  181.34   91.28  596.79 v _35401_/SN (FAx1_ASAP7_75t_R)
                                         _17914_ (net)
                181.35    0.72  597.51 v _35040_/A (INVx2_ASAP7_75t_R)
     2    3.72   41.49   32.24  629.75 ^ _35040_/Y (INVx2_ASAP7_75t_R)
                                         _17913_ (net)
                 41.49    0.03  629.78 ^ _35461_/CI (FAx1_ASAP7_75t_R)
     7   12.08  191.76  207.00  836.77 v _35461_/SN (FAx1_ASAP7_75t_R)
                                         _18080_ (net)
                191.76    0.11  836.88 v _35462_/A (FAx1_ASAP7_75t_R)
     1    2.34   76.29   60.86  897.74 ^ _35462_/CON (FAx1_ASAP7_75t_R)
                                         _18122_ (net)
     1    0.76   56.65   20.56  918.30 v _35462_/SN (FAx1_ASAP7_75t_R)
                                         _18479_ (net)
                 56.65    0.01  918.31 v _34879_/A (INVx1_ASAP7_75t_R)
     1    2.13   26.05   20.92  939.23 ^ _34879_/Y (INVx1_ASAP7_75t_R)
                                         _18081_ (net)
                 26.05    0.05  939.28 ^ _35463_/A (FAx1_ASAP7_75t_R)
     1    0.80   24.54   38.13  977.41 v _35463_/SN (FAx1_ASAP7_75t_R)
                                         _18480_ (net)
                 24.54    0.02  977.43 v _34816_/A (INVx1_ASAP7_75t_R)
     1    1.70   16.38   13.28  990.71 ^ _34816_/Y (INVx1_ASAP7_75t_R)
                                         _18083_ (net)
                 16.38    0.03  990.74 ^ _35467_/CI (FAx1_ASAP7_75t_R)
     1    0.79   26.89   34.85 1025.59 v _35467_/SN (FAx1_ASAP7_75t_R)
                                         _18484_ (net)
                 26.89    0.02 1025.61 v _34856_/A (INVx1_ASAP7_75t_R)
     1    2.26   20.07   15.74 1041.34 ^ _34856_/Y (INVx1_ASAP7_75t_R)
                                         _18092_ (net)
                 20.08    0.04 1041.38 ^ _35468_/B (FAx1_ASAP7_75t_R)
     1    1.33   36.21   43.95 1085.33 v _35468_/SN (FAx1_ASAP7_75t_R)
                                         _18486_ (net)
                 36.21    0.07 1085.41 v _35578_/B (HAxp5_ASAP7_75t_R)
     4    3.75   77.17   71.06 1156.47 v _35578_/SN (HAxp5_ASAP7_75t_R)
                                         _00252_ (net)
                 77.17    0.04 1156.51 v _29453_/B (AO21x1_ASAP7_75t_R)
     1    0.69    8.51   25.79 1182.30 v _29453_/Y (AO21x1_ASAP7_75t_R)
                                         _09481_ (net)
                  8.51    0.01 1182.30 v _29454_/A2 (AO21x1_ASAP7_75t_R)
     2    1.18   10.43   15.85 1198.16 v _29454_/Y (AO21x1_ASAP7_75t_R)
                                         _09482_ (net)
                 10.43    0.02 1198.17 v _29488_/A2 (AO21x1_ASAP7_75t_R)
     1    0.70    8.09   14.95 1213.12 v _29488_/Y (AO21x1_ASAP7_75t_R)
                                         _09514_ (net)
                  8.09    0.01 1213.13 v _29489_/A2 (AO21x1_ASAP7_75t_R)
     2    1.22   10.62   15.85 1228.98 v _29489_/Y (AO21x1_ASAP7_75t_R)
                                         _09515_ (net)
                 10.62    0.02 1229.00 v _29532_/A2 (AO21x1_ASAP7_75t_R)
     1    0.59    7.57   14.66 1243.66 v _29532_/Y (AO21x1_ASAP7_75t_R)
                                         _09557_ (net)
                  7.57    0.01 1243.67 v _29536_/A2 (AO221x1_ASAP7_75t_R)
     2    2.42   17.62   27.05 1270.73 v _29536_/Y (AO221x1_ASAP7_75t_R)
                                         _09561_ (net)
                 17.63    0.06 1270.78 v _29607_/A1 (OA21x2_ASAP7_75t_R)
     4    4.55   16.55   24.41 1295.19 v _29607_/Y (OA21x2_ASAP7_75t_R)
                                         _09630_ (net)
                 16.59    0.48 1295.66 v _29608_/D (OR4x1_ASAP7_75t_R)
     1    0.60   12.69   32.07 1327.73 v _29608_/Y (OR4x1_ASAP7_75t_R)
                                         _09631_ (net)
                 12.69    0.00 1327.73 v _29613_/B (AND4x2_ASAP7_75t_R)
     2    4.44   16.86   21.14 1348.87 v _29613_/Y (AND4x2_ASAP7_75t_R)
                                         _09636_ (net)
                 17.34    1.57 1350.44 v _29616_/B (OR5x1_ASAP7_75t_R)
     1    1.17   15.88   38.08 1388.52 v _29616_/Y (OR5x1_ASAP7_75t_R)
                                         _09639_ (net)
                 15.88    0.02 1388.54 v _29617_/C (AOI211x1_ASAP7_75t_R)
     1    0.67   14.90   11.16 1399.70 ^ _29617_/Y (AOI211x1_ASAP7_75t_R)
                                         _09640_ (net)
                 14.90    0.00 1399.70 ^ _29620_/A2 (OA21x2_ASAP7_75t_R)
     1    4.54   18.94   22.41 1422.12 ^ _29620_/Y (OA21x2_ASAP7_75t_R)
                                         _09643_ (net)
                 19.31    1.46 1423.58 ^ _29624_/B (NOR2x2_ASAP7_75t_R)
     7   10.28   37.60   19.76 1443.33 v _29624_/Y (NOR2x2_ASAP7_75t_R)
                                         _09647_ (net)
                 41.89    6.66 1449.99 v _30626_/A (BUFx3_ASAP7_75t_R)
     5    3.68   10.76   24.25 1474.25 v _30626_/Y (BUFx3_ASAP7_75t_R)
                                         _10259_ (net)
                 10.77    0.18 1474.43 v _30716_/A1 (AO21x1_ASAP7_75t_R)
     1    0.71    7.09   15.93 1490.36 v _30716_/Y (AO21x1_ASAP7_75t_R)
                                         _03315_ (net)
                  7.09    0.01 1490.37 v gen_regfile_ff.register_file_i.rf_reg_q[511]$_DFFE_PN0P_/D (DFFASRHQNx1_ASAP7_75t_R)
                               1490.37   data arrival time

                  0.00 1260.00 1260.00   clock core_clock (rise edge)
                          0.00 1260.00   clock network delay (ideal)
                          0.00 1260.00   clock reconvergence pessimism
                               1260.00 ^ gen_regfile_ff.register_file_i.rf_reg_q[511]$_DFFE_PN0P_/CLK (DFFASRHQNx1_ASAP7_75t_R)
                         -5.43 1254.57   library setup time
                               1254.57   data required time
-----------------------------------------------------------------------------
                               1254.57   data required time
                               -1490.37   data arrival time
-----------------------------------------------------------------------------
                               -235.80   slack (VIOLATED)



==========================================================================
global place report_checks -unconstrained
--------------------------------------------------------------------------
Startpoint: rst_ni (input port clocked by core_clock)
Endpoint: cs_registers_i.u_mscratch_csr.rdata_q[8]$_DFFE_PN0P_
          (recovery check against rising-edge clock core_clock)
Path Group: asynchronous
Path Type: max

Fanout     Cap    Slew   Delay    Time   Description
-----------------------------------------------------------------------------
                  0.00    0.00    0.00   clock core_clock (rise edge)
                          0.00    0.00   clock network delay (ideal)
                        252.00  252.00 ^ input external delay
    64   89.90    0.00    0.00  252.00 ^ rst_ni (in)
                                         rst_ni (net)
                124.07   39.14  291.14 ^ load_slew41/A (BUFx16f_ASAP7_75t_R)
    74  100.98   55.56   38.55  329.69 ^ load_slew41/Y (BUFx16f_ASAP7_75t_R)
                                         net63 (net)
                 70.81   13.59  343.28 ^ load_slew40/A (BUFx24_ASAP7_75t_R)
    83  112.39   49.88   34.95  378.23 ^ load_slew40/Y (BUFx24_ASAP7_75t_R)
                                         net62 (net)
                144.97   44.46  422.69 ^ load_slew39/A (BUFx24_ASAP7_75t_R)
    82  113.13   55.52   48.44  471.13 ^ load_slew39/Y (BUFx24_ASAP7_75t_R)
                                         net61 (net)
                112.03   31.98  503.12 ^ load_slew37/A (BUFx24_ASAP7_75t_R)
    80  105.85   54.55   49.37  552.49 ^ load_slew37/Y (BUFx24_ASAP7_75t_R)
                                         net59 (net)
                 64.38   11.92  564.41 ^ load_slew36/A (BUFx24_ASAP7_75t_R)
    87  113.91   51.18   34.69  599.10 ^ load_slew36/Y (BUFx24_ASAP7_75t_R)
                                         net58 (net)
                137.95   41.96  641.06 ^ load_slew35/A (BUFx24_ASAP7_75t_R)
    99  126.23   63.81   53.69  694.75 ^ load_slew35/Y (BUFx24_ASAP7_75t_R)
                                         net57 (net)
                 85.19   19.13  713.89 ^ cs_registers_i.u_mscratch_csr.rdata_q[8]$_DFFE_PN0P_/SETN (DFFASRHQNx1_ASAP7_75t_R)
                                713.89   data arrival time

                  0.00 1260.00 1260.00   clock core_clock (rise edge)
                          0.00 1260.00   clock network delay (ideal)
                          0.00 1260.00   clock reconvergence pessimism
                               1260.00 ^ cs_registers_i.u_mscratch_csr.rdata_q[8]$_DFFE_PN0P_/CLK (DFFASRHQNx1_ASAP7_75t_R)
                         -7.45 1252.55   library recovery time
                               1252.55   data required time
-----------------------------------------------------------------------------
                               1252.55   data required time
                               -713.89   data arrival time
-----------------------------------------------------------------------------
                                538.66   slack (MET)


Startpoint: core_clock_gate_i.en_latch$_DLATCH_N_
            (negative level-sensitive latch clocked by core_clock)
Endpoint: _35046_ (rising clock gating-check end-point clocked by core_clock)
Path Group: gated clock
Path Type: max

Fanout     Cap    Slew   Delay    Time   Description
-----------------------------------------------------------------------------
                  0.00  630.00  630.00   clock core_clock (fall edge)
                          0.00  630.00   clock network delay (ideal)
                  0.00    0.00  630.00 v core_clock_gate_i.en_latch$_DLATCH_N_/CLK (DLLx1_ASAP7_75t_R)
     1    0.57    7.55   27.17  657.17 v core_clock_gate_i.en_latch$_DLATCH_N_/Q (DLLx1_ASAP7_75t_R)
                                         core_clock_gate_i.en_latch (net)
                  7.55    0.00  657.17 v _35046_/B (AND2x2_ASAP7_75t_R)
                                657.17   data arrival time

                  0.00 1260.00 1260.00   clock core_clock (rise edge)
                          0.00 1260.00   clock network delay (ideal)
                          0.00 1260.00   clock reconvergence pessimism
                               1260.00 ^ _35046_/A (AND2x2_ASAP7_75t_R)
                          0.00 1260.00   clock gating setup time
                               1260.00   data required time
-----------------------------------------------------------------------------
                               1260.00   data required time
                               -657.17   data arrival time
-----------------------------------------------------------------------------
                                602.83   slack (MET)


Startpoint: if_stage_i.instr_rdata_alu_id_o[21]$_DFFE_PN_
            (rising edge-triggered flip-flop clocked by core_clock)
Endpoint: gen_regfile_ff.register_file_i.rf_reg_q[511]$_DFFE_PN0P_
          (rising edge-triggered flip-flop clocked by core_clock)
Path Group: core_clock
Path Type: max

Fanout     Cap    Slew   Delay    Time   Description
-----------------------------------------------------------------------------
                  0.00    0.00    0.00   clock core_clock (rise edge)
                          0.00    0.00   clock network delay (ideal)
                  0.00    0.00    0.00 ^ if_stage_i.instr_rdata_alu_id_o[21]$_DFFE_PN_/CLK (DFFHQNx2_ASAP7_75t_R)
     5    6.91   33.02   49.61   49.61 ^ if_stage_i.instr_rdata_alu_id_o[21]$_DFFE_PN_/QN (DFFHQNx2_ASAP7_75t_R)
                                         _01552_ (net)
                 33.05    0.47   50.09 ^ _19184_/A (BUFx6f_ASAP7_75t_R)
     5    9.58   15.31   20.04   70.12 ^ _19184_/Y (BUFx6f_ASAP7_75t_R)
                                         _13455_ (net)
                 17.11    2.75   72.87 ^ _19185_/A (BUFx12f_ASAP7_75t_R)
    11   14.17   12.20   16.23   89.11 ^ _19185_/Y (BUFx12f_ASAP7_75t_R)
                                         _13456_ (net)
                 21.24    5.58   94.68 ^ _19186_/A (BUFx6f_ASAP7_75t_R)
     6    7.67   11.61   18.04  112.72 ^ _19186_/Y (BUFx6f_ASAP7_75t_R)
                                         _13457_ (net)
                 11.70    0.57  113.29 ^ _19187_/A (BUFx12f_ASAP7_75t_R)
     6   13.81   12.63   14.13  127.42 ^ _19187_/Y (BUFx12f_ASAP7_75t_R)
                                         _13458_ (net)
                 21.86    5.80  133.22 ^ _21318_/A (BUFx12f_ASAP7_75t_R)
    10   22.27   18.26   18.30  151.52 ^ _21318_/Y (BUFx12f_ASAP7_75t_R)
                                         _15515_ (net)
                 30.25    7.89  159.41 ^ _21748_/A (BUFx12f_ASAP7_75t_R)
    10   18.31   14.90   17.93  177.34 ^ _21748_/Y (BUFx12f_ASAP7_75t_R)
                                         _15936_ (net)
                 38.41   11.32  188.66 ^ _22241_/A (NAND2x1_ASAP7_75t_R)
     1    0.44   10.56    9.98  198.64 v _22241_/Y (NAND2x1_ASAP7_75t_R)
                                         _16413_ (net)
                 10.56    0.00  198.64 v _22242_/B (OA211x2_ASAP7_75t_R)
     1    0.80    9.45   26.04  224.68 v _22242_/Y (OA211x2_ASAP7_75t_R)
                                         _16414_ (net)
                  9.45    0.03  224.70 v _22243_/C (OR3x1_ASAP7_75t_R)
     1    0.61    9.01   23.70  248.41 v _22243_/Y (OR3x1_ASAP7_75t_R)
                                         _16415_ (net)
                  9.01    0.02  248.42 v _22244_/B (OA211x2_ASAP7_75t_R)
     1    3.37   16.58   30.23  278.66 v _22244_/Y (OA211x2_ASAP7_75t_R)
                                         _16416_ (net)
                 16.81    1.02  279.68 v _22262_/C (OR3x1_ASAP7_75t_R)
     2    2.25   18.60   31.11  310.79 v _22262_/Y (OR3x1_ASAP7_75t_R)
                                         _16434_ (net)
                 18.61    0.21  310.99 v _22294_/B (AND2x4_ASAP7_75t_R)
     6    6.63   13.70   22.90  333.90 v _22294_/Y (AND2x4_ASAP7_75t_R)
                                         _16466_ (net)
                 13.70    0.18  334.07 v _24184_/A2 (AO21x2_ASAP7_75t_R)
     8    7.85   25.57   27.47  361.54 v _24184_/Y (AO21x2_ASAP7_75t_R)
                                         _05194_ (net)
                 26.08    2.00  363.54 v _24433_/B (NAND2x2_ASAP7_75t_R)
     2    3.39   19.08   17.12  380.67 ^ _24433_/Y (NAND2x2_ASAP7_75t_R)
                                         _17863_ (net)
                 19.08    0.02  380.69 ^ _24434_/A (INVx2_ASAP7_75t_R)
     1    2.25   10.30    8.43  389.13 v _24434_/Y (INVx2_ASAP7_75t_R)
                                         _17910_ (net)
                 10.30    0.03  389.16 v _35401_/B (FAx1_ASAP7_75t_R)
     8   16.90  254.03  116.35  505.51 ^ _35401_/CON (FAx1_ASAP7_75t_R)
                                         _17962_ (net)
     4    7.79  181.34   91.28  596.79 v _35401_/SN (FAx1_ASAP7_75t_R)
                                         _17914_ (net)
                181.35    0.72  597.51 v _35040_/A (INVx2_ASAP7_75t_R)
     2    3.72   41.49   32.24  629.75 ^ _35040_/Y (INVx2_ASAP7_75t_R)
                                         _17913_ (net)
                 41.49    0.03  629.78 ^ _35461_/CI (FAx1_ASAP7_75t_R)
     7   12.08  191.76  207.00  836.77 v _35461_/SN (FAx1_ASAP7_75t_R)
                                         _18080_ (net)
                191.76    0.11  836.88 v _35462_/A (FAx1_ASAP7_75t_R)
     1    2.34   76.29   60.86  897.74 ^ _35462_/CON (FAx1_ASAP7_75t_R)
                                         _18122_ (net)
     1    0.76   56.65   20.56  918.30 v _35462_/SN (FAx1_ASAP7_75t_R)
                                         _18479_ (net)
                 56.65    0.01  918.31 v _34879_/A (INVx1_ASAP7_75t_R)
     1    2.13   26.05   20.92  939.23 ^ _34879_/Y (INVx1_ASAP7_75t_R)
                                         _18081_ (net)
                 26.05    0.05  939.28 ^ _35463_/A (FAx1_ASAP7_75t_R)
     1    0.80   24.54   38.13  977.41 v _35463_/SN (FAx1_ASAP7_75t_R)
                                         _18480_ (net)
                 24.54    0.02  977.43 v _34816_/A (INVx1_ASAP7_75t_R)
     1    1.70   16.38   13.28  990.71 ^ _34816_/Y (INVx1_ASAP7_75t_R)
                                         _18083_ (net)
                 16.38    0.03  990.74 ^ _35467_/CI (FAx1_ASAP7_75t_R)
     1    0.79   26.89   34.85 1025.59 v _35467_/SN (FAx1_ASAP7_75t_R)
                                         _18484_ (net)
                 26.89    0.02 1025.61 v _34856_/A (INVx1_ASAP7_75t_R)
     1    2.26   20.07   15.74 1041.34 ^ _34856_/Y (INVx1_ASAP7_75t_R)
                                         _18092_ (net)
                 20.08    0.04 1041.38 ^ _35468_/B (FAx1_ASAP7_75t_R)
     1    1.33   36.21   43.95 1085.33 v _35468_/SN (FAx1_ASAP7_75t_R)
                                         _18486_ (net)
                 36.21    0.07 1085.41 v _35578_/B (HAxp5_ASAP7_75t_R)
     4    3.75   77.17   71.06 1156.47 v _35578_/SN (HAxp5_ASAP7_75t_R)
                                         _00252_ (net)
                 77.17    0.04 1156.51 v _29453_/B (AO21x1_ASAP7_75t_R)
     1    0.69    8.51   25.79 1182.30 v _29453_/Y (AO21x1_ASAP7_75t_R)
                                         _09481_ (net)
                  8.51    0.01 1182.30 v _29454_/A2 (AO21x1_ASAP7_75t_R)
     2    1.18   10.43   15.85 1198.16 v _29454_/Y (AO21x1_ASAP7_75t_R)
                                         _09482_ (net)
                 10.43    0.02 1198.17 v _29488_/A2 (AO21x1_ASAP7_75t_R)
     1    0.70    8.09   14.95 1213.12 v _29488_/Y (AO21x1_ASAP7_75t_R)
                                         _09514_ (net)
                  8.09    0.01 1213.13 v _29489_/A2 (AO21x1_ASAP7_75t_R)
     2    1.22   10.62   15.85 1228.98 v _29489_/Y (AO21x1_ASAP7_75t_R)
                                         _09515_ (net)
                 10.62    0.02 1229.00 v _29532_/A2 (AO21x1_ASAP7_75t_R)
     1    0.59    7.57   14.66 1243.66 v _29532_/Y (AO21x1_ASAP7_75t_R)
                                         _09557_ (net)
                  7.57    0.01 1243.67 v _29536_/A2 (AO221x1_ASAP7_75t_R)
     2    2.42   17.62   27.05 1270.73 v _29536_/Y (AO221x1_ASAP7_75t_R)
                                         _09561_ (net)
                 17.63    0.06 1270.78 v _29607_/A1 (OA21x2_ASAP7_75t_R)
     4    4.55   16.55   24.41 1295.19 v _29607_/Y (OA21x2_ASAP7_75t_R)
                                         _09630_ (net)
                 16.59    0.48 1295.66 v _29608_/D (OR4x1_ASAP7_75t_R)
     1    0.60   12.69   32.07 1327.73 v _29608_/Y (OR4x1_ASAP7_75t_R)
                                         _09631_ (net)
                 12.69    0.00 1327.73 v _29613_/B (AND4x2_ASAP7_75t_R)
     2    4.44   16.86   21.14 1348.87 v _29613_/Y (AND4x2_ASAP7_75t_R)
                                         _09636_ (net)
                 17.34    1.57 1350.44 v _29616_/B (OR5x1_ASAP7_75t_R)
     1    1.17   15.88   38.08 1388.52 v _29616_/Y (OR5x1_ASAP7_75t_R)
                                         _09639_ (net)
                 15.88    0.02 1388.54 v _29617_/C (AOI211x1_ASAP7_75t_R)
     1    0.67   14.90   11.16 1399.70 ^ _29617_/Y (AOI211x1_ASAP7_75t_R)
                                         _09640_ (net)
                 14.90    0.00 1399.70 ^ _29620_/A2 (OA21x2_ASAP7_75t_R)
     1    4.54   18.94   22.41 1422.12 ^ _29620_/Y (OA21x2_ASAP7_75t_R)
                                         _09643_ (net)
                 19.31    1.46 1423.58 ^ _29624_/B (NOR2x2_ASAP7_75t_R)
     7   10.28   37.60   19.76 1443.33 v _29624_/Y (NOR2x2_ASAP7_75t_R)
                                         _09647_ (net)
                 41.89    6.66 1449.99 v _30626_/A (BUFx3_ASAP7_75t_R)
     5    3.68   10.76   24.25 1474.25 v _30626_/Y (BUFx3_ASAP7_75t_R)
                                         _10259_ (net)
                 10.77    0.18 1474.43 v _30716_/A1 (AO21x1_ASAP7_75t_R)
     1    0.71    7.09   15.93 1490.36 v _30716_/Y (AO21x1_ASAP7_75t_R)
                                         _03315_ (net)
                  7.09    0.01 1490.37 v gen_regfile_ff.register_file_i.rf_reg_q[511]$_DFFE_PN0P_/D (DFFASRHQNx1_ASAP7_75t_R)
                               1490.37   data arrival time

                  0.00 1260.00 1260.00   clock core_clock (rise edge)
                          0.00 1260.00   clock network delay (ideal)
                          0.00 1260.00   clock reconvergence pessimism
                               1260.00 ^ gen_regfile_ff.register_file_i.rf_reg_q[511]$_DFFE_PN0P_/CLK (DFFASRHQNx1_ASAP7_75t_R)
                         -5.43 1254.57   library setup time
                               1254.57   data required time
-----------------------------------------------------------------------------
                               1254.57   data required time
                               -1490.37   data arrival time
-----------------------------------------------------------------------------
                               -235.80   slack (VIOLATED)



==========================================================================
global place report_power
--------------------------------------------------------------------------
Group                  Internal  Switching    Leakage      Total
                          Power      Power      Power      Power (Watts)
----------------------------------------------------------------
Sequential             3.13e-03   9.74e-04   2.10e-07   4.10e-03  10.0%
Combinational          1.66e-02   2.02e-02   1.79e-06   3.68e-02  89.7%
Clock                  5.95e-07   1.04e-04   1.16e-10   1.04e-04   0.3%
Macro                  0.00e+00   0.00e+00   0.00e+00   0.00e+00   0.0%
Pad                    0.00e+00   0.00e+00   0.00e+00   0.00e+00   0.0%
----------------------------------------------------------------
Total                  1.97e-02   2.13e-02   2.00e-06   4.10e-02 100.0%
                          48.1%      51.9%       0.0%
