OpenROAD v2.0-19576-gec1bf1a13 
Features included (+) or not (-): +GPU +GUI +Python : None
This program is licensed under the BSD-3 license. See the LICENSE file for details.
Components of this program may be licensed under more restrictive licenses which must be honored.
[INFO ORD-0030] Using 16 thread(s).
[INFO GPL-0002] DBU: 2000
[INFO GPL-0003] SiteSize: (  0.190  1.400 ) um
[INFO GPL-0004] CoreBBox: (  1.140  1.400 ) ( 230.850 184.800 ) um
[INFO GPL-0006] NumInstances:             16423
[INFO GPL-0007] NumPlaceInstances:        16095
[INFO GPL-0008] NumFixedInstances:          328
[INFO GPL-0009] NumDummyInstances:            0
[INFO GPL-0010] NumNets:                  18758
[INFO GPL-0011] NumPins:                  60707
[INFO GPL-0012] DieBBox:  (  0.000  0.000 ) ( 231.915 185.935 ) um
[INFO GPL-0013] CoreBBox: (  1.140  1.400 ) ( 230.850 184.800 ) um
[INFO GPL-0016] CoreArea:             42128.814 um^2
[INFO GPL-0017] NonPlaceInstsArea:       87.248 um^2
[INFO GPL-0018] PlaceInstsArea:       28787.052 um^2
[INFO GPL-0019] Util:                    68.473 %
[INFO GPL-0020] StdInstsArea:         28787.052 um^2
[INFO GPL-0021] MacroInstsArea:           0.000 um^2
[INFO GPL-0031] FillerInit:NumGCells:     24074
[INFO GPL-0032] FillerInit:NumGNets:      18758
[INFO GPL-0033] FillerInit:NumGPins:      60707
[INFO GPL-0023] TargetDensity:            1.000
[INFO GPL-0024] AvrgPlaceInstArea:        1.789 um^2
[INFO GPL-0025] IdealBinArea:             1.789 um^2
[INFO GPL-0026] IdealBinCnt:              23554
[INFO GPL-0027] TotalBinArea:         42128.814 um^2
[INFO GPL-0028] BinCnt:       128    128
[INFO GPL-0029] BinSize: (  1.795  1.433 )
[INFO GPL-0030] NumBins: 16384
Placement density is 0.8523641920089722, computed from PLACE_DENSITY_LB_ADDON 0.50 and lower bound 0.6847283840179443
global_placement -density 0.8523641920089722 -pad_left 0 -pad_right 0
[INFO GPL-0002] DBU: 2000
[INFO GPL-0003] SiteSize: (  0.190  1.400 ) um
[INFO GPL-0004] CoreBBox: (  1.140  1.400 ) ( 230.850 184.800 ) um
[INFO GPL-0006] NumInstances:             16423
[INFO GPL-0007] NumPlaceInstances:        16095
[INFO GPL-0008] NumFixedInstances:          328
[INFO GPL-0009] NumDummyInstances:            0
[INFO GPL-0010] NumNets:                  18758
[INFO GPL-0011] NumPins:                  60707
[INFO GPL-0012] DieBBox:  (  0.000  0.000 ) ( 231.915 185.935 ) um
[INFO GPL-0013] CoreBBox: (  1.140  1.400 ) ( 230.850 184.800 ) um
[INFO GPL-0016] CoreArea:             42128.814 um^2
[INFO GPL-0017] NonPlaceInstsArea:       87.248 um^2
[INFO GPL-0018] PlaceInstsArea:       28787.052 um^2
[INFO GPL-0019] Util:                    68.473 %
[INFO GPL-0020] StdInstsArea:         28787.052 um^2
[INFO GPL-0021] MacroInstsArea:           0.000 um^2
[InitialPlace]  Iter: 1 CG residual: 0.01104245 HPWL: 229577660
[InitialPlace]  Iter: 2 CG residual: 0.00015177 HPWL: 194535191
[InitialPlace]  Iter: 3 CG residual: 0.00005753 HPWL: 184446934
[InitialPlace]  Iter: 4 CG residual: 0.00008537 HPWL: 180388991
[InitialPlace]  Iter: 5 CG residual: 0.00000304 HPWL: 178453399
[INFO GPL-0031] FillerInit:NumGCells:     20337
[INFO GPL-0032] FillerInit:NumGNets:      18758
[INFO GPL-0033] FillerInit:NumGPins:      60707
[INFO GPL-0023] TargetDensity:            0.852
[INFO GPL-0024] AvrgPlaceInstArea:        1.789 um^2
[INFO GPL-0025] IdealBinArea:             2.098 um^2
[INFO GPL-0026] IdealBinCnt:              20076
[INFO GPL-0027] TotalBinArea:         42128.814 um^2
[INFO GPL-0028] BinCnt:       128    128
[INFO GPL-0029] BinSize: (  1.795  1.433 )
[INFO GPL-0030] NumBins: 16384
[NesterovSolve] Iter:    1 overflow: 0.994 HPWL: 79458853
[NesterovSolve] Iter:   10 overflow: 0.976 HPWL: 95018838
[NesterovSolve] Iter:   20 overflow: 0.963 HPWL: 105856943
[NesterovSolve] Iter:   30 overflow: 0.957 HPWL: 111747074
[NesterovSolve] Iter:   40 overflow: 0.954 HPWL: 117235064
[NesterovSolve] Iter:   50 overflow: 0.952 HPWL: 121764534
[NesterovSolve] Iter:   60 overflow: 0.952 HPWL: 124187162
[NesterovSolve] Iter:   70 overflow: 0.953 HPWL: 124581955
[NesterovSolve] Iter:   80 overflow: 0.953 HPWL: 123230419
[NesterovSolve] Iter:   90 overflow: 0.954 HPWL: 121506934
[NesterovSolve] Iter:  100 overflow: 0.955 HPWL: 120532461
[NesterovSolve] Iter:  110 overflow: 0.956 HPWL: 120514278
[NesterovSolve] Iter:  120 overflow: 0.957 HPWL: 121072567
[NesterovSolve] Iter:  130 overflow: 0.957 HPWL: 121770114
[NesterovSolve] Iter:  140 overflow: 0.957 HPWL: 122532881
[NesterovSolve] Iter:  150 overflow: 0.957 HPWL: 123485618
[NesterovSolve] Iter:  160 overflow: 0.957 HPWL: 124780180
[NesterovSolve] Iter:  170 overflow: 0.956 HPWL: 126760908
[NesterovSolve] Iter:  180 overflow: 0.954 HPWL: 130142716
[NesterovSolve] Iter:  190 overflow: 0.952 HPWL: 135636990
[NesterovSolve] Iter:  200 overflow: 0.948 HPWL: 143284017
[NesterovSolve] Iter:  210 overflow: 0.941 HPWL: 153327671
[NesterovSolve] Iter:  220 overflow: 0.932 HPWL: 166634415
[NesterovSolve] Iter:  230 overflow: 0.920 HPWL: 183333302
[NesterovSolve] Iter:  240 overflow: 0.905 HPWL: 202727110
[NesterovSolve] Iter:  250 overflow: 0.886 HPWL: 223169149
[NesterovSolve] Iter:  260 overflow: 0.863 HPWL: 245742836
[NesterovSolve] Iter:  270 overflow: 0.836 HPWL: 269537859
[NesterovSolve] Iter:  280 overflow: 0.805 HPWL: 292102887
[NesterovSolve] Iter:  290 overflow: 0.775 HPWL: 312319621
[NesterovSolve] Iter:  300 overflow: 0.737 HPWL: 335679604
[NesterovSolve] Iter:  310 overflow: 0.698 HPWL: 350787120
[NesterovSolve] Iter:  320 overflow: 0.651 HPWL: 363848526
[NesterovSolve] Iter:  330 overflow: 0.603 HPWL: 374914501
[NesterovSolve] Iter:  340 overflow: 0.555 HPWL: 387292395
[NesterovSolve] Iter:  350 overflow: 0.509 HPWL: 396385490
[NesterovSolve] Iter:  360 overflow: 0.463 HPWL: 402218728
[NesterovSolve] Iter:  370 overflow: 0.412 HPWL: 407858076
[NesterovSolve] Iter:  380 overflow: 0.366 HPWL: 414691971
[NesterovSolve] Iter:  390 overflow: 0.326 HPWL: 416926266
[NesterovSolve] Iter:  400 overflow: 0.292 HPWL: 417976531
[NesterovSolve] Iter:  410 overflow: 0.260 HPWL: 419867056
[NesterovSolve] Iter:  420 overflow: 0.228 HPWL: 421230660
[NesterovSolve] Iter:  430 overflow: 0.197 HPWL: 422643585
[NesterovSolve] Iter:  440 overflow: 0.172 HPWL: 423879594
[NesterovSolve] Iter:  450 overflow: 0.149 HPWL: 424776091
[NesterovSolve] Iter:  460 overflow: 0.129 HPWL: 425677875
[NesterovSolve] Iter:  470 overflow: 0.112 HPWL: 426500750
[NesterovSolve] Finished with Overflow: 0.099853
Took 828 seconds: global_placement -density 0.8523641920089722 -pad_left 0 -pad_right 0
Report metrics stage 3, global place...

==========================================================================
global place report_design_area
--------------------------------------------------------------------------
Design area 28787 u^2 68% utilization.
Elapsed time: 14:35.35[h:]min:sec. CPU time: user 1675.15 sys 5.55 (192%). Peak memory: 198644KB.
