
==========================================================================
detailed place report_tns
--------------------------------------------------------------------------
tns -41447.81

==========================================================================
detailed place report_wns
--------------------------------------------------------------------------
wns -230.37

==========================================================================
detailed place report_worst_slack
--------------------------------------------------------------------------
worst slack -230.37

==========================================================================
detailed place report_checks -path_delay min
--------------------------------------------------------------------------
Startpoint: rst_ni (input port clocked by core_clock)
Endpoint: cs_registers_i.minstret_counter_i.counter_q[53]$_DFFE_PN0P_
          (removal check against rising-edge clock core_clock)
Path Group: asynchronous
Path Type: min

Fanout     Cap    Slew   Delay    Time   Description
-----------------------------------------------------------------------------
                  0.00    0.00    0.00   clock core_clock (rise edge)
                          0.00    0.00   clock network delay (ideal)
                        252.00  252.00 ^ input external delay
    53   60.16    0.00    0.00  252.00 ^ rst_ni (in)
                                         rst_ni (net)
                 54.76   17.28  269.28 ^ cs_registers_i.minstret_counter_i.counter_q[53]$_DFFE_PN0P_/SETN (DFFASRHQNx1_ASAP7_75t_R)
                                269.28   data arrival time

                  0.00    0.00    0.00   clock core_clock (rise edge)
                          0.00    0.00   clock network delay (ideal)
                          0.00    0.00   clock reconvergence pessimism
                                  0.00 ^ cs_registers_i.minstret_counter_i.counter_q[53]$_DFFE_PN0P_/CLK (DFFASRHQNx1_ASAP7_75t_R)
                         11.27   11.27   library removal time
                                 11.27   data required time
-----------------------------------------------------------------------------
                                 11.27   data required time
                               -269.28   data arrival time
-----------------------------------------------------------------------------
                                258.01   slack (MET)


Startpoint: core_clock_gate_i.en_latch$_DLATCH_N_
            (negative level-sensitive latch clocked by core_clock)
Endpoint: _35046_ (rising clock gating-check end-point clocked by core_clock)
Path Group: gated clock
Path Type: min

Fanout     Cap    Slew   Delay    Time   Description
-----------------------------------------------------------------------------
                  0.00  630.00  630.00   clock core_clock (fall edge)
                          0.00  630.00   clock network delay (ideal)
                  0.00    0.00  630.00 v core_clock_gate_i.en_latch$_DLATCH_N_/CLK (DLLx1_ASAP7_75t_R)
     1    0.33    6.25   17.30  647.30 ^ core_clock_gate_i.en_latch$_DLATCH_N_/Q (DLLx1_ASAP7_75t_R)
                                         core_clock_gate_i.en_latch (net)
                  6.25    0.00  647.30 ^ _35046_/B (AND2x2_ASAP7_75t_R)
                                647.30   data arrival time

                  0.00  630.00  630.00   clock core_clock (fall edge)
                          0.00  630.00   clock network delay (ideal)
                          0.00  630.00   clock reconvergence pessimism
                                630.00 v _35046_/A (AND2x2_ASAP7_75t_R)
                          0.00  630.00   clock gating hold time
                                630.00   data required time
-----------------------------------------------------------------------------
                                630.00   data required time
                               -647.30   data arrival time
-----------------------------------------------------------------------------
                                 17.30   slack (MET)


Startpoint: cs_registers_i.u_mstack_epc_csr.rdata_q[2]$_DFFE_PN0P_
            (rising edge-triggered flip-flop clocked by core_clock)
Endpoint: cs_registers_i.u_mstack_epc_csr.rdata_q[2]$_DFFE_PN0P_
          (rising edge-triggered flip-flop clocked by core_clock)
Path Group: core_clock
Path Type: min

Fanout     Cap    Slew   Delay    Time   Description
-----------------------------------------------------------------------------
                  0.00    0.00    0.00   clock core_clock (rise edge)
                          0.00    0.00   clock network delay (ideal)
                  0.00    0.00    0.00 ^ cs_registers_i.u_mstack_epc_csr.rdata_q[2]$_DFFE_PN0P_/CLK (DFFASRHQNx1_ASAP7_75t_R)
     2    1.23   16.75   37.94   37.94 ^ cs_registers_i.u_mstack_epc_csr.rdata_q[2]$_DFFE_PN0P_/QN (DFFASRHQNx1_ASAP7_75t_R)
                                         _01865_ (net)
                 16.75    0.01   37.95 ^ _27544_/A1 (AOI21x1_ASAP7_75t_R)
     1    0.72    5.76    8.98   46.94 v _27544_/Y (AOI21x1_ASAP7_75t_R)
                                         _02715_ (net)
                  5.76    0.02   46.96 v cs_registers_i.u_mstack_epc_csr.rdata_q[2]$_DFFE_PN0P_/D (DFFASRHQNx1_ASAP7_75t_R)
                                 46.96   data arrival time

                  0.00    0.00    0.00   clock core_clock (rise edge)
                          0.00    0.00   clock network delay (ideal)
                          0.00    0.00   clock reconvergence pessimism
                                  0.00 ^ cs_registers_i.u_mstack_epc_csr.rdata_q[2]$_DFFE_PN0P_/CLK (DFFASRHQNx1_ASAP7_75t_R)
                          9.32    9.32   library hold time
                                  9.32   data required time
-----------------------------------------------------------------------------
                                  9.32   data required time
                                -46.96   data arrival time
-----------------------------------------------------------------------------
                                 37.63   slack (MET)



==========================================================================
detailed place report_checks -path_delay max
--------------------------------------------------------------------------
Startpoint: rst_ni (input port clocked by core_clock)
Endpoint: gen_regfile_ff.register_file_i.rf_reg_q[74]$_DFFE_PN0P_
          (recovery check against rising-edge clock core_clock)
Path Group: asynchronous
Path Type: max

Fanout     Cap    Slew   Delay    Time   Description
-----------------------------------------------------------------------------
                  0.00    0.00    0.00   clock core_clock (rise edge)
                          0.00    0.00   clock network delay (ideal)
                        252.00  252.00 ^ input external delay
    53   74.34    0.00    0.00  252.00 ^ rst_ni (in)
                                         rst_ni (net)
                 69.59   21.95  273.95 ^ load_slew50/A (BUFx16f_ASAP7_75t_R)
    58   80.74   46.96   35.36  309.31 ^ load_slew50/Y (BUFx16f_ASAP7_75t_R)
                                         net72 (net)
                 66.59   15.59  324.90 ^ load_slew43/A (BUFx24_ASAP7_75t_R)
    94  123.55   57.07   40.91  365.81 ^ load_slew43/Y (BUFx24_ASAP7_75t_R)
                                         net65 (net)
                 68.34   12.16  377.97 ^ load_slew42/A (BUFx16f_ASAP7_75t_R)
    73   95.77   52.02   31.42  409.39 ^ load_slew42/Y (BUFx16f_ASAP7_75t_R)
                                         net64 (net)
                119.59   35.58  444.98 ^ load_slew41/A (BUFx16f_ASAP7_75t_R)
    68   95.98   52.08   37.75  482.73 ^ load_slew41/Y (BUFx16f_ASAP7_75t_R)
                                         net63 (net)
                 91.59   23.60  506.32 ^ load_slew40/A (BUFx16f_ASAP7_75t_R)
    69   95.83   50.52   34.57  540.90 ^ load_slew40/Y (BUFx16f_ASAP7_75t_R)
                                         net62 (net)
                124.00   36.80  577.70 ^ load_slew37/A (BUFx16f_ASAP7_75t_R)
    44   61.61   36.96   37.08  614.78 ^ load_slew37/Y (BUFx16f_ASAP7_75t_R)
                                         net59 (net)
                 70.83   19.66  634.44 ^ load_slew36/A (BUFx16f_ASAP7_75t_R)
    60   80.35   47.30   39.19  673.63 ^ load_slew36/Y (BUFx16f_ASAP7_75t_R)
                                         net58 (net)
                 48.35    3.98  677.61 ^ load_slew35/A (BUFx16f_ASAP7_75t_R)
    66   87.11   50.88   35.85  713.46 ^ load_slew35/Y (BUFx16f_ASAP7_75t_R)
                                         net57 (net)
                 51.05    1.98  715.45 ^ load_slew34/A (BUFx24_ASAP7_75t_R)
   102  130.57   63.60   38.52  753.97 ^ load_slew34/Y (BUFx24_ASAP7_75t_R)
                                         net56 (net)
                104.09   28.02  781.99 ^ gen_regfile_ff.register_file_i.rf_reg_q[74]$_DFFE_PN0P_/SETN (DFFASRHQNx1_ASAP7_75t_R)
                                781.99   data arrival time

                  0.00 1260.00 1260.00   clock core_clock (rise edge)
                          0.00 1260.00   clock network delay (ideal)
                          0.00 1260.00   clock reconvergence pessimism
                               1260.00 ^ gen_regfile_ff.register_file_i.rf_reg_q[74]$_DFFE_PN0P_/CLK (DFFASRHQNx1_ASAP7_75t_R)
                         -9.96 1250.04   library recovery time
                               1250.04   data required time
-----------------------------------------------------------------------------
                               1250.04   data required time
                               -781.99   data arrival time
-----------------------------------------------------------------------------
                                468.06   slack (MET)


Startpoint: core_clock_gate_i.en_latch$_DLATCH_N_
            (negative level-sensitive latch clocked by core_clock)
Endpoint: _35046_ (rising clock gating-check end-point clocked by core_clock)
Path Group: gated clock
Path Type: max

Fanout     Cap    Slew   Delay    Time   Description
-----------------------------------------------------------------------------
                  0.00  630.00  630.00   clock core_clock (fall edge)
                          0.00  630.00   clock network delay (ideal)
                  0.00    0.00  630.00 v core_clock_gate_i.en_latch$_DLATCH_N_/CLK (DLLx1_ASAP7_75t_R)
     1    0.58    7.58   27.19  657.19 v core_clock_gate_i.en_latch$_DLATCH_N_/Q (DLLx1_ASAP7_75t_R)
                                         core_clock_gate_i.en_latch (net)
                  7.58    0.00  657.20 v _35046_/B (AND2x2_ASAP7_75t_R)
                                657.20   data arrival time

                  0.00 1260.00 1260.00   clock core_clock (rise edge)
                          0.00 1260.00   clock network delay (ideal)
                          0.00 1260.00   clock reconvergence pessimism
                               1260.00 ^ _35046_/A (AND2x2_ASAP7_75t_R)
                          0.00 1260.00   clock gating setup time
                               1260.00   data required time
-----------------------------------------------------------------------------
                               1260.00   data required time
                               -657.20   data arrival time
-----------------------------------------------------------------------------
                                602.80   slack (MET)


Startpoint: if_stage_i.instr_rdata_alu_id_o[20]$_DFFE_PN_
            (rising edge-triggered flip-flop clocked by core_clock)
Endpoint: gen_regfile_ff.register_file_i.rf_reg_q[319]$_DFFE_PN0P_
          (rising edge-triggered flip-flop clocked by core_clock)
Path Group: core_clock
Path Type: max

Fanout     Cap    Slew   Delay    Time   Description
-----------------------------------------------------------------------------
                  0.00    0.00    0.00   clock core_clock (rise edge)
                          0.00    0.00   clock network delay (ideal)
                  0.00    0.00    0.00 ^ if_stage_i.instr_rdata_alu_id_o[20]$_DFFE_PN_/CLK (DFFHQNx2_ASAP7_75t_R)
     6    5.77   29.45   47.57   47.57 ^ if_stage_i.instr_rdata_alu_id_o[20]$_DFFE_PN_/QN (DFFHQNx2_ASAP7_75t_R)
                                         _00368_ (net)
                 29.49    0.57   48.14 ^ _19195_/A (INVx2_ASAP7_75t_R)
     4    3.75   16.22   12.66   60.80 v _19195_/Y (INVx2_ASAP7_75t_R)
                                         _13466_ (net)
                 16.23    0.04   60.84 v _19196_/A (BUFx6f_ASAP7_75t_R)
     6    6.25    9.11   17.01   77.85 v _19196_/Y (BUFx6f_ASAP7_75t_R)
                                         _13467_ (net)
                  9.13    0.24   78.09 v _19197_/A (BUFx3_ASAP7_75t_R)
     6    5.08   12.20   17.03   95.12 v _19197_/Y (BUFx3_ASAP7_75t_R)
                                         _13468_ (net)
                 12.24    0.36   95.48 v _19198_/A (BUFx6f_ASAP7_75t_R)
     6    7.43   10.37   16.15  111.63 v _19198_/Y (BUFx6f_ASAP7_75t_R)
                                         _13469_ (net)
                 10.78    1.10  112.73 v _19199_/A (BUFx6f_ASAP7_75t_R)
     6   10.08   13.28   16.60  129.33 v _19199_/Y (BUFx6f_ASAP7_75t_R)
                                         _13470_ (net)
                 14.65    2.25  131.58 v _21321_/A (BUFx12f_ASAP7_75t_R)
     6    9.22    9.32   15.71  147.28 v _21321_/Y (BUFx12f_ASAP7_75t_R)
                                         _15518_ (net)
                 10.12    1.44  148.72 v _21340_/A (BUFx12f_ASAP7_75t_R)
     8    9.08    8.79   14.46  163.17 v _21340_/Y (BUFx12f_ASAP7_75t_R)
                                         _15537_ (net)
                  9.73    1.50  164.67 v _21341_/A (BUFx6f_ASAP7_75t_R)
    10   11.14   14.68   15.08  179.75 v _21341_/Y (BUFx6f_ASAP7_75t_R)
                                         _15538_ (net)
                 22.60    5.67  185.43 v _22387_/C (OA211x2_ASAP7_75t_R)
     1    0.77    9.42   31.50  216.93 v _22387_/Y (OA211x2_ASAP7_75t_R)
                                         _16554_ (net)
                  9.42    0.02  216.95 v _22391_/B (OR3x1_ASAP7_75t_R)
     1    0.65    9.20   23.46  240.40 v _22391_/Y (OR3x1_ASAP7_75t_R)
                                         _16558_ (net)
                  9.20    0.00  240.41 v _22392_/C (AND3x2_ASAP7_75t_R)
     1    4.09   15.45   20.00  260.40 v _22392_/Y (AND3x2_ASAP7_75t_R)
                                         _16559_ (net)
                 15.94    1.50  261.90 v _22393_/B (AO21x1_ASAP7_75t_R)
     1    1.21    9.62   18.83  280.73 v _22393_/Y (AO21x1_ASAP7_75t_R)
                                         _16560_ (net)
                  9.62    0.03  280.75 v _22425_/A2 (OAI21x1_ASAP7_75t_R)
     8    9.98   67.50   30.56  311.31 ^ _22425_/Y (OAI21x1_ASAP7_75t_R)
                                         _16592_ (net)
                 68.12    3.68  314.99 ^ _24194_/B (NOR2x1_ASAP7_75t_R)
     1    0.82   18.10   16.65  331.64 v _24194_/Y (NOR2x1_ASAP7_75t_R)
                                         _05201_ (net)
                 18.10    0.03  331.67 v _24195_/B (AO21x2_ASAP7_75t_R)
     8    6.25   21.48   27.95  359.62 v _24195_/Y (AO21x2_ASAP7_75t_R)
                                         _05202_ (net)
                 21.65    1.06  360.68 v _24442_/A (AND2x2_ASAP7_75t_R)
     1    1.68    8.91   23.09  383.77 v _24442_/Y (AND2x2_ASAP7_75t_R)
                                         _17911_ (net)
                  8.91    0.02  383.79 v _35401_/CI (FAx1_ASAP7_75t_R)
     8   17.56  264.23  119.14  502.93 ^ _35401_/CON (FAx1_ASAP7_75t_R)
                                         _17962_ (net)
     4    7.91  184.06   93.62  596.55 v _35401_/SN (FAx1_ASAP7_75t_R)
                                         _17914_ (net)
                184.07    0.76  597.31 v _35040_/A (INVx2_ASAP7_75t_R)
     2    3.81   42.33   32.78  630.10 ^ _35040_/Y (INVx2_ASAP7_75t_R)
                                         _17913_ (net)
                 42.33    0.06  630.15 ^ _35461_/CI (FAx1_ASAP7_75t_R)
     7   12.08  191.82  207.44  837.59 v _35461_/SN (FAx1_ASAP7_75t_R)
                                         _18080_ (net)
                191.82    0.13  837.72 v _35462_/A (FAx1_ASAP7_75t_R)
     1    2.24   75.03   59.91  897.63 ^ _35462_/CON (FAx1_ASAP7_75t_R)
                                         _18122_ (net)
     1    0.83   57.65   20.91  918.53 v _35462_/SN (FAx1_ASAP7_75t_R)
                                         _18479_ (net)
                 57.65    0.02  918.55 v _34879_/A (INVx1_ASAP7_75t_R)
     1    2.04   25.64   20.65  939.20 ^ _34879_/Y (INVx1_ASAP7_75t_R)
                                         _18081_ (net)
                 25.64    0.02  939.22 ^ _35463_/A (FAx1_ASAP7_75t_R)
     1    0.82   24.80   38.42  977.64 v _35463_/SN (FAx1_ASAP7_75t_R)
                                         _18480_ (net)
                 24.80    0.02  977.66 v _34816_/A (INVx1_ASAP7_75t_R)
     1    1.86   17.42   13.85  991.50 ^ _34816_/Y (INVx1_ASAP7_75t_R)
                                         _18083_ (net)
                 17.42    0.08  991.58 ^ _35467_/CI (FAx1_ASAP7_75t_R)
     1    0.78   26.64   34.97 1026.55 v _35467_/SN (FAx1_ASAP7_75t_R)
                                         _18484_ (net)
                 26.64    0.01 1026.56 v _34856_/A (INVx1_ASAP7_75t_R)
     1    2.39   20.72   16.10 1042.67 ^ _34856_/Y (INVx1_ASAP7_75t_R)
                                         _18092_ (net)
                 20.73    0.09 1042.76 ^ _35468_/B (FAx1_ASAP7_75t_R)
     1    1.04   31.13   39.89 1082.65 v _35468_/SN (FAx1_ASAP7_75t_R)
                                         _18486_ (net)
                 31.13    0.01 1082.66 v _35578_/B (HAxp5_ASAP7_75t_R)
     4    3.77   77.18   69.50 1152.16 v _35578_/SN (HAxp5_ASAP7_75t_R)
                                         _00252_ (net)
                 77.18    0.02 1152.17 v _29453_/B (AO21x1_ASAP7_75t_R)
     1    0.92    9.58   26.55 1178.72 v _29453_/Y (AO21x1_ASAP7_75t_R)
                                         _09481_ (net)
                  9.58    0.04 1178.76 v _29454_/A2 (AO21x1_ASAP7_75t_R)
     2    1.37   11.15   16.72 1195.49 v _29454_/Y (AO21x1_ASAP7_75t_R)
                                         _09482_ (net)
                 11.15    0.04 1195.53 v _29488_/A2 (AO21x1_ASAP7_75t_R)
     1    0.73    8.25   15.21 1210.74 v _29488_/Y (AO21x1_ASAP7_75t_R)
                                         _09514_ (net)
                  8.25    0.01 1210.75 v _29489_/A2 (AO21x1_ASAP7_75t_R)
     2    1.27   10.88   16.06 1226.81 v _29489_/Y (AO21x1_ASAP7_75t_R)
                                         _09515_ (net)
                 10.88    0.03 1226.83 v _29532_/A2 (AO21x1_ASAP7_75t_R)
     1    0.62    7.79   14.82 1241.65 v _29532_/Y (AO21x1_ASAP7_75t_R)
                                         _09557_ (net)
                  7.79    0.01 1241.67 v _29536_/A2 (AO221x1_ASAP7_75t_R)
     2    2.66   18.85   27.79 1269.46 v _29536_/Y (AO221x1_ASAP7_75t_R)
                                         _09561_ (net)
                 18.86    0.14 1269.59 v _29607_/A1 (OA21x2_ASAP7_75t_R)
     4    5.07   18.07   25.23 1294.82 v _29607_/Y (OA21x2_ASAP7_75t_R)
                                         _09630_ (net)
                 18.21    0.89 1295.71 v _29608_/D (OR4x1_ASAP7_75t_R)
     1    0.71   13.28   32.86 1328.57 v _29608_/Y (OR4x1_ASAP7_75t_R)
                                         _09631_ (net)
                 13.28    0.01 1328.59 v _29613_/B (AND4x2_ASAP7_75t_R)
     2    3.34   13.29   20.11 1348.70 v _29613_/Y (AND4x2_ASAP7_75t_R)
                                         _09636_ (net)
                 13.44    0.79 1349.49 v _29616_/B (OR5x2_ASAP7_75t_R)
     1    1.68   16.82   44.38 1393.87 v _29616_/Y (OR5x2_ASAP7_75t_R)
                                         _09639_ (net)
                 16.83    0.16 1394.03 v _29617_/C (AOI211x1_ASAP7_75t_R)
     1    0.72   15.48   11.60 1405.63 ^ _29617_/Y (AOI211x1_ASAP7_75t_R)
                                         _09640_ (net)
                 15.48    0.01 1405.64 ^ _29620_/A2 (OA21x2_ASAP7_75t_R)
     1    3.97   16.90   21.89 1427.53 ^ _29620_/Y (OA21x2_ASAP7_75t_R)
                                         _09643_ (net)
                 17.10    1.02 1428.55 ^ _29624_/B (NOR2x2_ASAP7_75t_R)
     7    7.25   27.37   17.78 1446.33 v _29624_/Y (NOR2x2_ASAP7_75t_R)
                                         _09647_ (net)
                 27.56    1.23 1447.56 v clone8/A (BUFx3_ASAP7_75t_R)
     5    3.96   10.69   21.25 1468.81 v clone8/Y (BUFx3_ASAP7_75t_R)
                                         net8 (net)
                 10.70    0.16 1468.97 v _30208_/A1 (AO21x1_ASAP7_75t_R)
     1    0.71    7.23   15.93 1484.89 v _30208_/Y (AO21x1_ASAP7_75t_R)
                                         _03101_ (net)
                  7.23    0.01 1484.91 v gen_regfile_ff.register_file_i.rf_reg_q[319]$_DFFE_PN0P_/D (DFFASRHQNx1_ASAP7_75t_R)
                               1484.91   data arrival time

                  0.00 1260.00 1260.00   clock core_clock (rise edge)
                          0.00 1260.00   clock network delay (ideal)
                          0.00 1260.00   clock reconvergence pessimism
                               1260.00 ^ gen_regfile_ff.register_file_i.rf_reg_q[319]$_DFFE_PN0P_/CLK (DFFASRHQNx1_ASAP7_75t_R)
                         -5.46 1254.54   library setup time
                               1254.54   data required time
-----------------------------------------------------------------------------
                               1254.54   data required time
                               -1484.91   data arrival time
-----------------------------------------------------------------------------
                               -230.37   slack (VIOLATED)



==========================================================================
detailed place report_checks -unconstrained
--------------------------------------------------------------------------
Startpoint: rst_ni (input port clocked by core_clock)
Endpoint: gen_regfile_ff.register_file_i.rf_reg_q[74]$_DFFE_PN0P_
          (recovery check against rising-edge clock core_clock)
Path Group: asynchronous
Path Type: max

Fanout     Cap    Slew   Delay    Time   Description
-----------------------------------------------------------------------------
                  0.00    0.00    0.00   clock core_clock (rise edge)
                          0.00    0.00   clock network delay (ideal)
                        252.00  252.00 ^ input external delay
    53   74.34    0.00    0.00  252.00 ^ rst_ni (in)
                                         rst_ni (net)
                 69.59   21.95  273.95 ^ load_slew50/A (BUFx16f_ASAP7_75t_R)
    58   80.74   46.96   35.36  309.31 ^ load_slew50/Y (BUFx16f_ASAP7_75t_R)
                                         net72 (net)
                 66.59   15.59  324.90 ^ load_slew43/A (BUFx24_ASAP7_75t_R)
    94  123.55   57.07   40.91  365.81 ^ load_slew43/Y (BUFx24_ASAP7_75t_R)
                                         net65 (net)
                 68.34   12.16  377.97 ^ load_slew42/A (BUFx16f_ASAP7_75t_R)
    73   95.77   52.02   31.42  409.39 ^ load_slew42/Y (BUFx16f_ASAP7_75t_R)
                                         net64 (net)
                119.59   35.58  444.98 ^ load_slew41/A (BUFx16f_ASAP7_75t_R)
    68   95.98   52.08   37.75  482.73 ^ load_slew41/Y (BUFx16f_ASAP7_75t_R)
                                         net63 (net)
                 91.59   23.60  506.32 ^ load_slew40/A (BUFx16f_ASAP7_75t_R)
    69   95.83   50.52   34.57  540.90 ^ load_slew40/Y (BUFx16f_ASAP7_75t_R)
                                         net62 (net)
                124.00   36.80  577.70 ^ load_slew37/A (BUFx16f_ASAP7_75t_R)
    44   61.61   36.96   37.08  614.78 ^ load_slew37/Y (BUFx16f_ASAP7_75t_R)
                                         net59 (net)
                 70.83   19.66  634.44 ^ load_slew36/A (BUFx16f_ASAP7_75t_R)
    60   80.35   47.30   39.19  673.63 ^ load_slew36/Y (BUFx16f_ASAP7_75t_R)
                                         net58 (net)
                 48.35    3.98  677.61 ^ load_slew35/A (BUFx16f_ASAP7_75t_R)
    66   87.11   50.88   35.85  713.46 ^ load_slew35/Y (BUFx16f_ASAP7_75t_R)
                                         net57 (net)
                 51.05    1.98  715.45 ^ load_slew34/A (BUFx24_ASAP7_75t_R)
   102  130.57   63.60   38.52  753.97 ^ load_slew34/Y (BUFx24_ASAP7_75t_R)
                                         net56 (net)
                104.09   28.02  781.99 ^ gen_regfile_ff.register_file_i.rf_reg_q[74]$_DFFE_PN0P_/SETN (DFFASRHQNx1_ASAP7_75t_R)
                                781.99   data arrival time

                  0.00 1260.00 1260.00   clock core_clock (rise edge)
                          0.00 1260.00   clock network delay (ideal)
                          0.00 1260.00   clock reconvergence pessimism
                               1260.00 ^ gen_regfile_ff.register_file_i.rf_reg_q[74]$_DFFE_PN0P_/CLK (DFFASRHQNx1_ASAP7_75t_R)
                         -9.96 1250.04   library recovery time
                               1250.04   data required time
-----------------------------------------------------------------------------
                               1250.04   data required time
                               -781.99   data arrival time
-----------------------------------------------------------------------------
                                468.06   slack (MET)


Startpoint: core_clock_gate_i.en_latch$_DLATCH_N_
            (negative level-sensitive latch clocked by core_clock)
Endpoint: _35046_ (rising clock gating-check end-point clocked by core_clock)
Path Group: gated clock
Path Type: max

Fanout     Cap    Slew   Delay    Time   Description
-----------------------------------------------------------------------------
                  0.00  630.00  630.00   clock core_clock (fall edge)
                          0.00  630.00   clock network delay (ideal)
                  0.00    0.00  630.00 v core_clock_gate_i.en_latch$_DLATCH_N_/CLK (DLLx1_ASAP7_75t_R)
     1    0.58    7.58   27.19  657.19 v core_clock_gate_i.en_latch$_DLATCH_N_/Q (DLLx1_ASAP7_75t_R)
                                         core_clock_gate_i.en_latch (net)
                  7.58    0.00  657.20 v _35046_/B (AND2x2_ASAP7_75t_R)
                                657.20   data arrival time

                  0.00 1260.00 1260.00   clock core_clock (rise edge)
                          0.00 1260.00   clock network delay (ideal)
                          0.00 1260.00   clock reconvergence pessimism
                               1260.00 ^ _35046_/A (AND2x2_ASAP7_75t_R)
                          0.00 1260.00   clock gating setup time
                               1260.00   data required time
-----------------------------------------------------------------------------
                               1260.00   data required time
                               -657.20   data arrival time
-----------------------------------------------------------------------------
                                602.80   slack (MET)


Startpoint: if_stage_i.instr_rdata_alu_id_o[20]$_DFFE_PN_
            (rising edge-triggered flip-flop clocked by core_clock)
Endpoint: gen_regfile_ff.register_file_i.rf_reg_q[319]$_DFFE_PN0P_
          (rising edge-triggered flip-flop clocked by core_clock)
Path Group: core_clock
Path Type: max

Fanout     Cap    Slew   Delay    Time   Description
-----------------------------------------------------------------------------
                  0.00    0.00    0.00   clock core_clock (rise edge)
                          0.00    0.00   clock network delay (ideal)
                  0.00    0.00    0.00 ^ if_stage_i.instr_rdata_alu_id_o[20]$_DFFE_PN_/CLK (DFFHQNx2_ASAP7_75t_R)
     6    5.77   29.45   47.57   47.57 ^ if_stage_i.instr_rdata_alu_id_o[20]$_DFFE_PN_/QN (DFFHQNx2_ASAP7_75t_R)
                                         _00368_ (net)
                 29.49    0.57   48.14 ^ _19195_/A (INVx2_ASAP7_75t_R)
     4    3.75   16.22   12.66   60.80 v _19195_/Y (INVx2_ASAP7_75t_R)
                                         _13466_ (net)
                 16.23    0.04   60.84 v _19196_/A (BUFx6f_ASAP7_75t_R)
     6    6.25    9.11   17.01   77.85 v _19196_/Y (BUFx6f_ASAP7_75t_R)
                                         _13467_ (net)
                  9.13    0.24   78.09 v _19197_/A (BUFx3_ASAP7_75t_R)
     6    5.08   12.20   17.03   95.12 v _19197_/Y (BUFx3_ASAP7_75t_R)
                                         _13468_ (net)
                 12.24    0.36   95.48 v _19198_/A (BUFx6f_ASAP7_75t_R)
     6    7.43   10.37   16.15  111.63 v _19198_/Y (BUFx6f_ASAP7_75t_R)
                                         _13469_ (net)
                 10.78    1.10  112.73 v _19199_/A (BUFx6f_ASAP7_75t_R)
     6   10.08   13.28   16.60  129.33 v _19199_/Y (BUFx6f_ASAP7_75t_R)
                                         _13470_ (net)
                 14.65    2.25  131.58 v _21321_/A (BUFx12f_ASAP7_75t_R)
     6    9.22    9.32   15.71  147.28 v _21321_/Y (BUFx12f_ASAP7_75t_R)
                                         _15518_ (net)
                 10.12    1.44  148.72 v _21340_/A (BUFx12f_ASAP7_75t_R)
     8    9.08    8.79   14.46  163.17 v _21340_/Y (BUFx12f_ASAP7_75t_R)
                                         _15537_ (net)
                  9.73    1.50  164.67 v _21341_/A (BUFx6f_ASAP7_75t_R)
    10   11.14   14.68   15.08  179.75 v _21341_/Y (BUFx6f_ASAP7_75t_R)
                                         _15538_ (net)
                 22.60    5.67  185.43 v _22387_/C (OA211x2_ASAP7_75t_R)
     1    0.77    9.42   31.50  216.93 v _22387_/Y (OA211x2_ASAP7_75t_R)
                                         _16554_ (net)
                  9.42    0.02  216.95 v _22391_/B (OR3x1_ASAP7_75t_R)
     1    0.65    9.20   23.46  240.40 v _22391_/Y (OR3x1_ASAP7_75t_R)
                                         _16558_ (net)
                  9.20    0.00  240.41 v _22392_/C (AND3x2_ASAP7_75t_R)
     1    4.09   15.45   20.00  260.40 v _22392_/Y (AND3x2_ASAP7_75t_R)
                                         _16559_ (net)
                 15.94    1.50  261.90 v _22393_/B (AO21x1_ASAP7_75t_R)
     1    1.21    9.62   18.83  280.73 v _22393_/Y (AO21x1_ASAP7_75t_R)
                                         _16560_ (net)
                  9.62    0.03  280.75 v _22425_/A2 (OAI21x1_ASAP7_75t_R)
     8    9.98   67.50   30.56  311.31 ^ _22425_/Y (OAI21x1_ASAP7_75t_R)
                                         _16592_ (net)
                 68.12    3.68  314.99 ^ _24194_/B (NOR2x1_ASAP7_75t_R)
     1    0.82   18.10   16.65  331.64 v _24194_/Y (NOR2x1_ASAP7_75t_R)
                                         _05201_ (net)
                 18.10    0.03  331.67 v _24195_/B (AO21x2_ASAP7_75t_R)
     8    6.25   21.48   27.95  359.62 v _24195_/Y (AO21x2_ASAP7_75t_R)
                                         _05202_ (net)
                 21.65    1.06  360.68 v _24442_/A (AND2x2_ASAP7_75t_R)
     1    1.68    8.91   23.09  383.77 v _24442_/Y (AND2x2_ASAP7_75t_R)
                                         _17911_ (net)
                  8.91    0.02  383.79 v _35401_/CI (FAx1_ASAP7_75t_R)
     8   17.56  264.23  119.14  502.93 ^ _35401_/CON (FAx1_ASAP7_75t_R)
                                         _17962_ (net)
     4    7.91  184.06   93.62  596.55 v _35401_/SN (FAx1_ASAP7_75t_R)
                                         _17914_ (net)
                184.07    0.76  597.31 v _35040_/A (INVx2_ASAP7_75t_R)
     2    3.81   42.33   32.78  630.10 ^ _35040_/Y (INVx2_ASAP7_75t_R)
                                         _17913_ (net)
                 42.33    0.06  630.15 ^ _35461_/CI (FAx1_ASAP7_75t_R)
     7   12.08  191.82  207.44  837.59 v _35461_/SN (FAx1_ASAP7_75t_R)
                                         _18080_ (net)
                191.82    0.13  837.72 v _35462_/A (FAx1_ASAP7_75t_R)
     1    2.24   75.03   59.91  897.63 ^ _35462_/CON (FAx1_ASAP7_75t_R)
                                         _18122_ (net)
     1    0.83   57.65   20.91  918.53 v _35462_/SN (FAx1_ASAP7_75t_R)
                                         _18479_ (net)
                 57.65    0.02  918.55 v _34879_/A (INVx1_ASAP7_75t_R)
     1    2.04   25.64   20.65  939.20 ^ _34879_/Y (INVx1_ASAP7_75t_R)
                                         _18081_ (net)
                 25.64    0.02  939.22 ^ _35463_/A (FAx1_ASAP7_75t_R)
     1    0.82   24.80   38.42  977.64 v _35463_/SN (FAx1_ASAP7_75t_R)
                                         _18480_ (net)
                 24.80    0.02  977.66 v _34816_/A (INVx1_ASAP7_75t_R)
     1    1.86   17.42   13.85  991.50 ^ _34816_/Y (INVx1_ASAP7_75t_R)
                                         _18083_ (net)
                 17.42    0.08  991.58 ^ _35467_/CI (FAx1_ASAP7_75t_R)
     1    0.78   26.64   34.97 1026.55 v _35467_/SN (FAx1_ASAP7_75t_R)
                                         _18484_ (net)
                 26.64    0.01 1026.56 v _34856_/A (INVx1_ASAP7_75t_R)
     1    2.39   20.72   16.10 1042.67 ^ _34856_/Y (INVx1_ASAP7_75t_R)
                                         _18092_ (net)
                 20.73    0.09 1042.76 ^ _35468_/B (FAx1_ASAP7_75t_R)
     1    1.04   31.13   39.89 1082.65 v _35468_/SN (FAx1_ASAP7_75t_R)
                                         _18486_ (net)
                 31.13    0.01 1082.66 v _35578_/B (HAxp5_ASAP7_75t_R)
     4    3.77   77.18   69.50 1152.16 v _35578_/SN (HAxp5_ASAP7_75t_R)
                                         _00252_ (net)
                 77.18    0.02 1152.17 v _29453_/B (AO21x1_ASAP7_75t_R)
     1    0.92    9.58   26.55 1178.72 v _29453_/Y (AO21x1_ASAP7_75t_R)
                                         _09481_ (net)
                  9.58    0.04 1178.76 v _29454_/A2 (AO21x1_ASAP7_75t_R)
     2    1.37   11.15   16.72 1195.49 v _29454_/Y (AO21x1_ASAP7_75t_R)
                                         _09482_ (net)
                 11.15    0.04 1195.53 v _29488_/A2 (AO21x1_ASAP7_75t_R)
     1    0.73    8.25   15.21 1210.74 v _29488_/Y (AO21x1_ASAP7_75t_R)
                                         _09514_ (net)
                  8.25    0.01 1210.75 v _29489_/A2 (AO21x1_ASAP7_75t_R)
     2    1.27   10.88   16.06 1226.81 v _29489_/Y (AO21x1_ASAP7_75t_R)
                                         _09515_ (net)
                 10.88    0.03 1226.83 v _29532_/A2 (AO21x1_ASAP7_75t_R)
     1    0.62    7.79   14.82 1241.65 v _29532_/Y (AO21x1_ASAP7_75t_R)
                                         _09557_ (net)
                  7.79    0.01 1241.67 v _29536_/A2 (AO221x1_ASAP7_75t_R)
     2    2.66   18.85   27.79 1269.46 v _29536_/Y (AO221x1_ASAP7_75t_R)
                                         _09561_ (net)
                 18.86    0.14 1269.59 v _29607_/A1 (OA21x2_ASAP7_75t_R)
     4    5.07   18.07   25.23 1294.82 v _29607_/Y (OA21x2_ASAP7_75t_R)
                                         _09630_ (net)
                 18.21    0.89 1295.71 v _29608_/D (OR4x1_ASAP7_75t_R)
     1    0.71   13.28   32.86 1328.57 v _29608_/Y (OR4x1_ASAP7_75t_R)
                                         _09631_ (net)
                 13.28    0.01 1328.59 v _29613_/B (AND4x2_ASAP7_75t_R)
     2    3.34   13.29   20.11 1348.70 v _29613_/Y (AND4x2_ASAP7_75t_R)
                                         _09636_ (net)
                 13.44    0.79 1349.49 v _29616_/B (OR5x2_ASAP7_75t_R)
     1    1.68   16.82   44.38 1393.87 v _29616_/Y (OR5x2_ASAP7_75t_R)
                                         _09639_ (net)
                 16.83    0.16 1394.03 v _29617_/C (AOI211x1_ASAP7_75t_R)
     1    0.72   15.48   11.60 1405.63 ^ _29617_/Y (AOI211x1_ASAP7_75t_R)
                                         _09640_ (net)
                 15.48    0.01 1405.64 ^ _29620_/A2 (OA21x2_ASAP7_75t_R)
     1    3.97   16.90   21.89 1427.53 ^ _29620_/Y (OA21x2_ASAP7_75t_R)
                                         _09643_ (net)
                 17.10    1.02 1428.55 ^ _29624_/B (NOR2x2_ASAP7_75t_R)
     7    7.25   27.37   17.78 1446.33 v _29624_/Y (NOR2x2_ASAP7_75t_R)
                                         _09647_ (net)
                 27.56    1.23 1447.56 v clone8/A (BUFx3_ASAP7_75t_R)
     5    3.96   10.69   21.25 1468.81 v clone8/Y (BUFx3_ASAP7_75t_R)
                                         net8 (net)
                 10.70    0.16 1468.97 v _30208_/A1 (AO21x1_ASAP7_75t_R)
     1    0.71    7.23   15.93 1484.89 v _30208_/Y (AO21x1_ASAP7_75t_R)
                                         _03101_ (net)
                  7.23    0.01 1484.91 v gen_regfile_ff.register_file_i.rf_reg_q[319]$_DFFE_PN0P_/D (DFFASRHQNx1_ASAP7_75t_R)
                               1484.91   data arrival time

                  0.00 1260.00 1260.00   clock core_clock (rise edge)
                          0.00 1260.00   clock network delay (ideal)
                          0.00 1260.00   clock reconvergence pessimism
                               1260.00 ^ gen_regfile_ff.register_file_i.rf_reg_q[319]$_DFFE_PN0P_/CLK (DFFASRHQNx1_ASAP7_75t_R)
                         -5.46 1254.54   library setup time
                               1254.54   data required time
-----------------------------------------------------------------------------
                               1254.54   data required time
                               -1484.91   data arrival time
-----------------------------------------------------------------------------
                               -230.37   slack (VIOLATED)



==========================================================================
detailed place report_check_types -max_slew -max_cap -max_fanout -violators
--------------------------------------------------------------------------

==========================================================================
detailed place max_slew_check_slack
--------------------------------------------------------------------------
35.2817497253418

==========================================================================
detailed place max_slew_check_limit
--------------------------------------------------------------------------
320.0

==========================================================================
detailed place max_slew_check_slack_limit
--------------------------------------------------------------------------
0.1103

==========================================================================
detailed place max_fanout_check_slack
--------------------------------------------------------------------------
1.0000000150474662e+30

==========================================================================
detailed place max_fanout_check_limit
--------------------------------------------------------------------------
1.0000000150474662e+30

==========================================================================
detailed place max_capacitance_check_slack
--------------------------------------------------------------------------
7.214074611663818

==========================================================================
detailed place max_capacitance_check_limit
--------------------------------------------------------------------------
23.040000915527344

==========================================================================
detailed place max_capacitance_check_slack_limit
--------------------------------------------------------------------------
0.3131

==========================================================================
detailed place max_slew_violation_count
--------------------------------------------------------------------------
max slew violation count 0

==========================================================================
detailed place max_fanout_violation_count
--------------------------------------------------------------------------
max fanout violation count 0

==========================================================================
detailed place max_cap_violation_count
--------------------------------------------------------------------------
max cap violation count 0

==========================================================================
detailed place setup_violation_count
--------------------------------------------------------------------------
setup violation count 287

==========================================================================
detailed place hold_violation_count
--------------------------------------------------------------------------
hold violation count 0

==========================================================================
detailed place report_checks -path_delay max reg to reg
--------------------------------------------------------------------------
Startpoint: if_stage_i.instr_rdata_alu_id_o[20]$_DFFE_PN_
            (rising edge-triggered flip-flop clocked by core_clock)
Endpoint: gen_regfile_ff.register_file_i.rf_reg_q[319]$_DFFE_PN0P_
          (rising edge-triggered flip-flop clocked by core_clock)
Path Group: core_clock
Path Type: max

  Delay    Time   Description
---------------------------------------------------------
   0.00    0.00   clock core_clock (rise edge)
   0.00    0.00   clock network delay (ideal)
   0.00    0.00 ^ if_stage_i.instr_rdata_alu_id_o[20]$_DFFE_PN_/CLK (DFFHQNx2_ASAP7_75t_R)
  47.57   47.57 ^ if_stage_i.instr_rdata_alu_id_o[20]$_DFFE_PN_/QN (DFFHQNx2_ASAP7_75t_R)
  13.23   60.80 v _19195_/Y (INVx2_ASAP7_75t_R)
  17.05   77.85 v _19196_/Y (BUFx6f_ASAP7_75t_R)
  17.27   95.12 v _19197_/Y (BUFx3_ASAP7_75t_R)
  16.51  111.63 v _19198_/Y (BUFx6f_ASAP7_75t_R)
  17.70  129.33 v _19199_/Y (BUFx6f_ASAP7_75t_R)
  17.95  147.28 v _21321_/Y (BUFx12f_ASAP7_75t_R)
  15.89  163.17 v _21340_/Y (BUFx12f_ASAP7_75t_R)
  16.58  179.75 v _21341_/Y (BUFx6f_ASAP7_75t_R)
  37.17  216.93 v _22387_/Y (OA211x2_ASAP7_75t_R)
  23.48  240.40 v _22391_/Y (OR3x1_ASAP7_75t_R)
  20.00  260.40 v _22392_/Y (AND3x2_ASAP7_75t_R)
  20.32  280.73 v _22393_/Y (AO21x1_ASAP7_75t_R)
  30.59  311.31 ^ _22425_/Y (OAI21x1_ASAP7_75t_R)
  20.33  331.64 v _24194_/Y (NOR2x1_ASAP7_75t_R)
  27.97  359.62 v _24195_/Y (AO21x2_ASAP7_75t_R)
  24.15  383.77 v _24442_/Y (AND2x2_ASAP7_75t_R)
 119.16  502.93 ^ _35401_/CON (FAx1_ASAP7_75t_R)
  93.62  596.55 v _35401_/SN (FAx1_ASAP7_75t_R)
  33.54  630.10 ^ _35040_/Y (INVx2_ASAP7_75t_R)
 207.49  837.59 v _35461_/SN (FAx1_ASAP7_75t_R)
  60.03  897.63 ^ _35462_/CON (FAx1_ASAP7_75t_R)
  20.91  918.53 v _35462_/SN (FAx1_ASAP7_75t_R)
  20.67  939.20 ^ _34879_/Y (INVx1_ASAP7_75t_R)
  38.44  977.64 v _35463_/SN (FAx1_ASAP7_75t_R)
  13.87  991.50 ^ _34816_/Y (INVx1_ASAP7_75t_R)
  35.05 1026.55 v _35467_/SN (FAx1_ASAP7_75t_R)
  16.12 1042.67 ^ _34856_/Y (INVx1_ASAP7_75t_R)
  39.99 1082.65 v _35468_/SN (FAx1_ASAP7_75t_R)
  69.50 1152.16 v _35578_/SN (HAxp5_ASAP7_75t_R)
  26.57 1178.72 v _29453_/Y (AO21x1_ASAP7_75t_R)
  16.76 1195.49 v _29454_/Y (AO21x1_ASAP7_75t_R)
  15.25 1210.74 v _29488_/Y (AO21x1_ASAP7_75t_R)
  16.07 1226.81 v _29489_/Y (AO21x1_ASAP7_75t_R)
  14.85 1241.65 v _29532_/Y (AO21x1_ASAP7_75t_R)
  27.80 1269.46 v _29536_/Y (AO221x1_ASAP7_75t_R)
  25.36 1294.82 v _29607_/Y (OA21x2_ASAP7_75t_R)
  33.75 1328.57 v _29608_/Y (OR4x1_ASAP7_75t_R)
  20.13 1348.70 v _29613_/Y (AND4x2_ASAP7_75t_R)
  45.17 1393.87 v _29616_/Y (OR5x2_ASAP7_75t_R)
  11.76 1405.63 ^ _29617_/Y (AOI211x1_ASAP7_75t_R)
  21.90 1427.53 ^ _29620_/Y (OA21x2_ASAP7_75t_R)
  18.80 1446.33 v _29624_/Y (NOR2x2_ASAP7_75t_R)
  22.48 1468.81 v clone8/Y (BUFx3_ASAP7_75t_R)
  16.09 1484.89 v _30208_/Y (AO21x1_ASAP7_75t_R)
   0.01 1484.91 v gen_regfile_ff.register_file_i.rf_reg_q[319]$_DFFE_PN0P_/D (DFFASRHQNx1_ASAP7_75t_R)
        1484.91   data arrival time

1260.00 1260.00   clock core_clock (rise edge)
   0.00 1260.00   clock network delay (ideal)
   0.00 1260.00   clock reconvergence pessimism
        1260.00 ^ gen_regfile_ff.register_file_i.rf_reg_q[319]$_DFFE_PN0P_/CLK (DFFASRHQNx1_ASAP7_75t_R)
  -5.46 1254.54   library setup time
        1254.54   data required time
---------------------------------------------------------
        1254.54   data required time
        -1484.91   data arrival time
---------------------------------------------------------
        -230.37   slack (VIOLATED)



==========================================================================
detailed place report_checks -path_delay min reg to reg
--------------------------------------------------------------------------
Startpoint: cs_registers_i.u_mstack_epc_csr.rdata_q[2]$_DFFE_PN0P_
            (rising edge-triggered flip-flop clocked by core_clock)
Endpoint: cs_registers_i.u_mstack_epc_csr.rdata_q[2]$_DFFE_PN0P_
          (rising edge-triggered flip-flop clocked by core_clock)
Path Group: core_clock
Path Type: min

  Delay    Time   Description
---------------------------------------------------------
   0.00    0.00   clock core_clock (rise edge)
   0.00    0.00   clock network delay (ideal)
   0.00    0.00 ^ cs_registers_i.u_mstack_epc_csr.rdata_q[2]$_DFFE_PN0P_/CLK (DFFASRHQNx1_ASAP7_75t_R)
  37.94   37.94 ^ cs_registers_i.u_mstack_epc_csr.rdata_q[2]$_DFFE_PN0P_/QN (DFFASRHQNx1_ASAP7_75t_R)
   8.99   46.94 v _27544_/Y (AOI21x1_ASAP7_75t_R)
   0.02   46.96 v cs_registers_i.u_mstack_epc_csr.rdata_q[2]$_DFFE_PN0P_/D (DFFASRHQNx1_ASAP7_75t_R)
          46.96   data arrival time

   0.00    0.00   clock core_clock (rise edge)
   0.00    0.00   clock network delay (ideal)
   0.00    0.00   clock reconvergence pessimism
           0.00 ^ cs_registers_i.u_mstack_epc_csr.rdata_q[2]$_DFFE_PN0P_/CLK (DFFASRHQNx1_ASAP7_75t_R)
   9.32    9.32   library hold time
           9.32   data required time
---------------------------------------------------------
           9.32   data required time
         -46.96   data arrival time
---------------------------------------------------------
          37.63   slack (MET)



==========================================================================
detailed place critical path target clock latency max path
--------------------------------------------------------------------------
0.0000

==========================================================================
detailed place critical path target clock latency min path
--------------------------------------------------------------------------
0.0000

==========================================================================
detailed place critical path source clock latency min path
--------------------------------------------------------------------------
0.0000

==========================================================================
detailed place critical path delay
--------------------------------------------------------------------------
1484.9054

==========================================================================
detailed place critical path slack
--------------------------------------------------------------------------
-230.3674

==========================================================================
detailed place slack div critical path delay
--------------------------------------------------------------------------
-15.513945

==========================================================================
detailed place report_power
--------------------------------------------------------------------------
Group                  Internal  Switching    Leakage      Total
                          Power      Power      Power      Power (Watts)
----------------------------------------------------------------
Sequential             3.13e-03   9.31e-04   2.10e-07   4.06e-03   9.8%
Combinational          1.65e-02   2.06e-02   1.78e-06   3.71e-02  89.9%
Clock                  5.95e-07   1.04e-04   1.16e-10   1.04e-04   0.3%
Macro                  0.00e+00   0.00e+00   0.00e+00   0.00e+00   0.0%
Pad                    0.00e+00   0.00e+00   0.00e+00   0.00e+00   0.0%
----------------------------------------------------------------
Total                  1.96e-02   2.16e-02   1.99e-06   4.12e-02 100.0%
                          47.6%      52.4%       0.0%
