
==========================================================================
global place report_tns
--------------------------------------------------------------------------
tns -37564.67

==========================================================================
global place report_wns
--------------------------------------------------------------------------
wns -210.40

==========================================================================
global place report_worst_slack
--------------------------------------------------------------------------
worst slack -210.40

==========================================================================
global place report_checks -path_delay min
--------------------------------------------------------------------------
Startpoint: rst_ni (input port clocked by core_clock)
Endpoint: cs_registers_i.u_dscratch0_csr.rdata_q[15]$_DFFE_PN0P_
          (removal check against rising-edge clock core_clock)
Path Group: asynchronous
Path Type: min

Fanout     Cap    Slew   Delay    Time   Description
-----------------------------------------------------------------------------
                  0.00    0.00    0.00   clock core_clock (rise edge)
                          0.00    0.00   clock network delay (ideal)
                        252.00  252.00 ^ input external delay
    45   49.63    0.00    0.00  252.00 ^ rst_ni (in)
                                         rst_ni (net)
                 19.14    6.04  258.04 ^ cs_registers_i.u_dscratch0_csr.rdata_q[15]$_DFFE_PN0P_/SETN (DFFASRHQNx1_ASAP7_75t_R)
                                258.04   data arrival time

                  0.00    0.00    0.00   clock core_clock (rise edge)
                          0.00    0.00   clock network delay (ideal)
                          0.00    0.00   clock reconvergence pessimism
                                  0.00 ^ cs_registers_i.u_dscratch0_csr.rdata_q[15]$_DFFE_PN0P_/CLK (DFFASRHQNx1_ASAP7_75t_R)
                         15.14   15.14   library removal time
                                 15.14   data required time
-----------------------------------------------------------------------------
                                 15.14   data required time
                               -258.04   data arrival time
-----------------------------------------------------------------------------
                                242.90   slack (MET)


Startpoint: core_clock_gate_i.en_latch$_DLATCH_N_
            (negative level-sensitive latch clocked by core_clock)
Endpoint: _35046_ (rising clock gating-check end-point clocked by core_clock)
Path Group: gated clock
Path Type: min

Fanout     Cap    Slew   Delay    Time   Description
-----------------------------------------------------------------------------
                  0.00  630.00  630.00   clock core_clock (fall edge)
                          0.00  630.00   clock network delay (ideal)
                  0.00    0.00  630.00 v core_clock_gate_i.en_latch$_DLATCH_N_/CLK (DLLx1_ASAP7_75t_R)
     1    0.37    6.34   17.44  647.44 ^ core_clock_gate_i.en_latch$_DLATCH_N_/Q (DLLx1_ASAP7_75t_R)
                                         core_clock_gate_i.en_latch (net)
                  6.34    0.00  647.45 ^ _35046_/B (AND2x2_ASAP7_75t_R)
                                647.45   data arrival time

                  0.00  630.00  630.00   clock core_clock (fall edge)
                          0.00  630.00   clock network delay (ideal)
                          0.00  630.00   clock reconvergence pessimism
                                630.00 v _35046_/A (AND2x2_ASAP7_75t_R)
                          0.00  630.00   clock gating hold time
                                630.00   data required time
-----------------------------------------------------------------------------
                                630.00   data required time
                               -647.45   data arrival time
-----------------------------------------------------------------------------
                                 17.45   slack (MET)


Startpoint: cs_registers_i.u_mstack_epc_csr.rdata_q[2]$_DFFE_PN0P_
            (rising edge-triggered flip-flop clocked by core_clock)
Endpoint: cs_registers_i.u_mstack_epc_csr.rdata_q[2]$_DFFE_PN0P_
          (rising edge-triggered flip-flop clocked by core_clock)
Path Group: core_clock
Path Type: min

Fanout     Cap    Slew   Delay    Time   Description
-----------------------------------------------------------------------------
                  0.00    0.00    0.00   clock core_clock (rise edge)
                          0.00    0.00   clock network delay (ideal)
                  0.00    0.00    0.00 ^ cs_registers_i.u_mstack_epc_csr.rdata_q[2]$_DFFE_PN0P_/CLK (DFFASRHQNx1_ASAP7_75t_R)
     2    1.28   17.05   38.14   38.14 ^ cs_registers_i.u_mstack_epc_csr.rdata_q[2]$_DFFE_PN0P_/QN (DFFASRHQNx1_ASAP7_75t_R)
                                         _01865_ (net)
                 17.05    0.02   38.16 ^ _27544_/A1 (AOI21x1_ASAP7_75t_R)
     1    0.61    5.38    8.70   46.86 v _27544_/Y (AOI21x1_ASAP7_75t_R)
                                         _02715_ (net)
                  5.38    0.01   46.87 v cs_registers_i.u_mstack_epc_csr.rdata_q[2]$_DFFE_PN0P_/D (DFFASRHQNx1_ASAP7_75t_R)
                                 46.87   data arrival time

                  0.00    0.00    0.00   clock core_clock (rise edge)
                          0.00    0.00   clock network delay (ideal)
                          0.00    0.00   clock reconvergence pessimism
                                  0.00 ^ cs_registers_i.u_mstack_epc_csr.rdata_q[2]$_DFFE_PN0P_/CLK (DFFASRHQNx1_ASAP7_75t_R)
                          9.37    9.37   library hold time
                                  9.37   data required time
-----------------------------------------------------------------------------
                                  9.37   data required time
                                -46.87   data arrival time
-----------------------------------------------------------------------------
                                 37.50   slack (MET)



==========================================================================
global place report_checks -path_delay max
--------------------------------------------------------------------------
Startpoint: rst_ni (input port clocked by core_clock)
Endpoint: gen_regfile_ff.register_file_i.rf_reg_q[377]$_DFFE_PN0P_
          (recovery check against rising-edge clock core_clock)
Path Group: asynchronous
Path Type: max

Fanout     Cap    Slew   Delay    Time   Description
-----------------------------------------------------------------------------
                  0.00    0.00    0.00   clock core_clock (rise edge)
                          0.00    0.00   clock network delay (ideal)
                        252.00  252.00 ^ input external delay
    45   62.13    0.00    0.00  252.00 ^ rst_ni (in)
                                         rst_ni (net)
                 29.74    9.38  261.38 ^ load_slew40/A (BUFx24_ASAP7_75t_R)
    89  113.31   47.01   28.55  289.93 ^ load_slew40/Y (BUFx24_ASAP7_75t_R)
                                         net62 (net)
                136.47   41.19  331.12 ^ load_slew39/A (BUFx16f_ASAP7_75t_R)
    66   87.30   48.24   38.79  369.91 ^ load_slew39/Y (BUFx16f_ASAP7_75t_R)
                                         net61 (net)
                117.04   34.86  404.77 ^ load_slew38/A (BUFx16f_ASAP7_75t_R)
    56   78.59   47.52   41.52  446.29 ^ load_slew38/Y (BUFx16f_ASAP7_75t_R)
                                         net60 (net)
                 50.79    6.64  452.93 ^ load_slew33/A (BUFx16f_ASAP7_75t_R)
    62   87.30   51.35   32.97  485.90 ^ load_slew33/Y (BUFx16f_ASAP7_75t_R)
                                         net55 (net)
                 76.62   19.62  505.52 ^ load_slew30/A (BUFx24_ASAP7_75t_R)
    93  121.63   59.67   42.25  547.77 ^ load_slew30/Y (BUFx24_ASAP7_75t_R)
                                         net52 (net)
                 65.46    9.51  557.29 ^ load_slew29/A (BUFx24_ASAP7_75t_R)
   105  134.89   66.66   44.24  601.53 ^ load_slew29/Y (BUFx24_ASAP7_75t_R)
                                         net51 (net)
                 95.18   23.12  624.65 ^ load_slew28/A (BUFx16f_ASAP7_75t_R)
    76   96.58   55.35   45.72  670.36 ^ load_slew28/Y (BUFx16f_ASAP7_75t_R)
                                         net50 (net)
                 60.82    9.18  679.54 ^ gen_regfile_ff.register_file_i.rf_reg_q[377]$_DFFE_PN0P_/SETN (DFFASRHQNx1_ASAP7_75t_R)
                                679.54   data arrival time

                  0.00 1260.00 1260.00   clock core_clock (rise edge)
                          0.00 1260.00   clock network delay (ideal)
                          0.00 1260.00   clock reconvergence pessimism
                               1260.00 ^ gen_regfile_ff.register_file_i.rf_reg_q[377]$_DFFE_PN0P_/CLK (DFFASRHQNx1_ASAP7_75t_R)
                         -5.28 1254.72   library recovery time
                               1254.72   data required time
-----------------------------------------------------------------------------
                               1254.72   data required time
                               -679.54   data arrival time
-----------------------------------------------------------------------------
                                575.17   slack (MET)


Startpoint: core_clock_gate_i.en_latch$_DLATCH_N_
            (negative level-sensitive latch clocked by core_clock)
Endpoint: _35046_ (rising clock gating-check end-point clocked by core_clock)
Path Group: gated clock
Path Type: max

Fanout     Cap    Slew   Delay    Time   Description
-----------------------------------------------------------------------------
                  0.00  630.00  630.00   clock core_clock (fall edge)
                          0.00  630.00   clock network delay (ideal)
                  0.00    0.00  630.00 v core_clock_gate_i.en_latch$_DLATCH_N_/CLK (DLLx1_ASAP7_75t_R)
     1    0.62    7.59   27.33  657.33 v core_clock_gate_i.en_latch$_DLATCH_N_/Q (DLLx1_ASAP7_75t_R)
                                         core_clock_gate_i.en_latch (net)
                  7.59    0.01  657.34 v _35046_/B (AND2x2_ASAP7_75t_R)
                                657.34   data arrival time

                  0.00 1260.00 1260.00   clock core_clock (rise edge)
                          0.00 1260.00   clock network delay (ideal)
                          0.00 1260.00   clock reconvergence pessimism
                               1260.00 ^ _35046_/A (AND2x2_ASAP7_75t_R)
                          0.00 1260.00   clock gating setup time
                               1260.00   data required time
-----------------------------------------------------------------------------
                               1260.00   data required time
                               -657.34   data arrival time
-----------------------------------------------------------------------------
                                602.66   slack (MET)


Startpoint: if_stage_i.instr_rdata_alu_id_o[21]$_DFFE_PN_
            (rising edge-triggered flip-flop clocked by core_clock)
Endpoint: gen_regfile_ff.register_file_i.rf_reg_q[735]$_DFFE_PN0P_
          (rising edge-triggered flip-flop clocked by core_clock)
Path Group: core_clock
Path Type: max

Fanout     Cap    Slew   Delay    Time   Description
-----------------------------------------------------------------------------
                  0.00    0.00    0.00   clock core_clock (rise edge)
                          0.00    0.00   clock network delay (ideal)
                  0.00    0.00    0.00 ^ if_stage_i.instr_rdata_alu_id_o[21]$_DFFE_PN_/CLK (DFFHQNx2_ASAP7_75t_R)
     5    6.57   31.03   50.33   50.33 v if_stage_i.instr_rdata_alu_id_o[21]$_DFFE_PN_/QN (DFFHQNx2_ASAP7_75t_R)
                                         _01552_ (net)
                 31.03    0.06   50.39 v _19184_/A (BUFx6f_ASAP7_75t_R)
     5    7.74   10.81   21.49   71.88 v _19184_/Y (BUFx6f_ASAP7_75t_R)
                                         _13455_ (net)
                 10.81    0.07   71.95 v _19185_/A (BUFx12f_ASAP7_75t_R)
    11   10.81   10.01   14.82   86.78 v _19185_/Y (BUFx12f_ASAP7_75t_R)
                                         _13456_ (net)
                 12.08    2.35   89.13 v _19186_/A (BUFx6f_ASAP7_75t_R)
     6    7.01    9.61   16.12  105.25 v _19186_/Y (BUFx6f_ASAP7_75t_R)
                                         _13457_ (net)
                  9.62    0.13  105.38 v _19187_/A (BUFx12f_ASAP7_75t_R)
     6   13.91   11.31   13.76  119.14 v _19187_/Y (BUFx12f_ASAP7_75t_R)
                                         _13458_ (net)
                 23.46    6.62  125.76 v _21306_/A (BUFx12f_ASAP7_75t_R)
     6    9.84    9.26   18.72  144.48 v _21306_/Y (BUFx12f_ASAP7_75t_R)
                                         _15503_ (net)
                  9.39    0.58  145.05 v _21307_/A (BUFx6f_ASAP7_75t_R)
     5    6.70    9.14   15.21  160.26 v _21307_/Y (BUFx6f_ASAP7_75t_R)
                                         _15504_ (net)
                  9.14    0.04  160.30 v _21896_/A (BUFx6f_ASAP7_75t_R)
    10    7.87   10.55   15.49  175.78 v _21896_/Y (BUFx6f_ASAP7_75t_R)
                                         _16079_ (net)
                 10.74    0.76  176.55 v _22124_/A1 (OA211x2_ASAP7_75t_R)
     1    0.62    9.07   21.94  198.49 v _22124_/Y (OA211x2_ASAP7_75t_R)
                                         _16299_ (net)
                  9.07    0.00  198.49 v _22125_/C (OR3x1_ASAP7_75t_R)
     1    2.16   18.09   29.22  227.72 v _22125_/Y (OR3x1_ASAP7_75t_R)
                                         _16300_ (net)
                 18.12    0.42  228.13 v _22126_/B (OA211x2_ASAP7_75t_R)
     1    0.65    9.14   28.11  256.24 v _22126_/Y (OA211x2_ASAP7_75t_R)
                                         _16301_ (net)
                  9.14    0.00  256.24 v _22145_/C (OR3x2_ASAP7_75t_R)
     2    3.41   18.15   34.13  290.38 v _22145_/Y (OR3x2_ASAP7_75t_R)
                                         _16320_ (net)
                 18.27    0.82  291.19 v _22179_/B (AND2x4_ASAP7_75t_R)
     6    6.79   14.63   22.44  313.63 v _22179_/Y (AND2x4_ASAP7_75t_R)
                                         _16354_ (net)
                 15.57    1.98  315.61 v _24175_/A2 (AO21x2_ASAP7_75t_R)
     8    8.89   29.34   28.40  344.01 v _24175_/Y (AO21x2_ASAP7_75t_R)
                                         _05187_ (net)
                 30.76    3.50  347.50 v _24418_/B (NAND2x2_ASAP7_75t_R)
     2    3.04   19.28   17.70  365.20 ^ _24418_/Y (NAND2x2_ASAP7_75t_R)
                                         _17865_ (net)
                 19.28    0.05  365.25 ^ _24419_/A (INVx2_ASAP7_75t_R)
     2    3.73   13.93   10.93  376.18 v _24419_/Y (INVx2_ASAP7_75t_R)
                                         _17820_ (net)
                 13.93    0.04  376.22 v _35401_/A (FAx1_ASAP7_75t_R)
     8   16.60  249.07  116.15  492.37 ^ _35401_/CON (FAx1_ASAP7_75t_R)
                                         _17962_ (net)
     4    7.77  180.79   90.40  582.78 v _35401_/SN (FAx1_ASAP7_75t_R)
                                         _17914_ (net)
                180.80    0.60  583.38 v _35040_/A (INVx2_ASAP7_75t_R)
     2    3.76   41.63   32.33  615.71 ^ _35040_/Y (INVx2_ASAP7_75t_R)
                                         _17913_ (net)
                 41.63    0.04  615.75 ^ _35461_/CI (FAx1_ASAP7_75t_R)
     7   11.92  189.18  206.11  821.87 v _35461_/SN (FAx1_ASAP7_75t_R)
                                         _18080_ (net)
                189.18    0.05  821.91 v _35462_/A (FAx1_ASAP7_75t_R)
     1    2.38   76.52   61.01  882.92 ^ _35462_/CON (FAx1_ASAP7_75t_R)
                                         _18122_ (net)
     1    0.76   56.07   20.51  903.43 v _35462_/SN (FAx1_ASAP7_75t_R)
                                         _18479_ (net)
                 56.07    0.01  903.44 v _34879_/A (INVx1_ASAP7_75t_R)
     1    2.16   26.14   20.97  924.42 ^ _34879_/Y (INVx1_ASAP7_75t_R)
                                         _18081_ (net)
                 26.14    0.07  924.48 ^ _35463_/A (FAx1_ASAP7_75t_R)
     1    0.80   24.59   38.19  962.68 v _35463_/SN (FAx1_ASAP7_75t_R)
                                         _18480_ (net)
                 24.59    0.02  962.69 v _34816_/A (INVx1_ASAP7_75t_R)
     1    1.76   16.77   13.49  976.18 ^ _34816_/Y (INVx1_ASAP7_75t_R)
                                         _18083_ (net)
                 16.77    0.05  976.23 ^ _35467_/CI (FAx1_ASAP7_75t_R)
     1    0.80   26.92   35.00 1011.23 v _35467_/SN (FAx1_ASAP7_75t_R)
                                         _18484_ (net)
                 26.92    0.02 1011.25 v _34856_/A (INVx1_ASAP7_75t_R)
     1    2.29   20.22   15.83 1027.07 ^ _34856_/Y (INVx1_ASAP7_75t_R)
                                         _18092_ (net)
                 20.22    0.05 1027.12 ^ _35468_/B (FAx1_ASAP7_75t_R)
     1    1.34   36.58   44.26 1071.38 v _35468_/SN (FAx1_ASAP7_75t_R)
                                         _18486_ (net)
                 36.58    0.08 1071.46 v _35578_/B (HAxp5_ASAP7_75t_R)
     4    3.63   74.70   69.78 1141.24 v _35578_/SN (HAxp5_ASAP7_75t_R)
                                         _00252_ (net)
                 74.70    0.03 1141.27 v _29453_/B (AO21x1_ASAP7_75t_R)
     1    0.68    8.55   25.46 1166.73 v _29453_/Y (AO21x1_ASAP7_75t_R)
                                         _09481_ (net)
                  8.55    0.01 1166.73 v _29454_/A2 (AO21x1_ASAP7_75t_R)
     2    1.17   10.32   15.84 1182.57 v _29454_/Y (AO21x1_ASAP7_75t_R)
                                         _09482_ (net)
                 10.32    0.02 1182.59 v _29488_/A2 (AO21x1_ASAP7_75t_R)
     1    0.76    8.36   15.09 1197.68 v _29488_/Y (AO21x1_ASAP7_75t_R)
                                         _09514_ (net)
                  8.36    0.02 1197.69 v _29489_/A2 (AO21x1_ASAP7_75t_R)
     2    1.18   10.33   15.82 1213.51 v _29489_/Y (AO21x1_ASAP7_75t_R)
                                         _09515_ (net)
                 10.33    0.00 1213.51 v _29532_/A2 (AO21x1_ASAP7_75t_R)
     1    0.63    7.79   14.71 1228.23 v _29532_/Y (AO21x1_ASAP7_75t_R)
                                         _09557_ (net)
                  7.79    0.01 1228.24 v _29536_/A2 (AO221x1_ASAP7_75t_R)
     2    2.44   17.76   27.19 1255.43 v _29536_/Y (AO221x1_ASAP7_75t_R)
                                         _09561_ (net)
                 17.76    0.05 1255.48 v _29607_/A1 (OA21x2_ASAP7_75t_R)
     4    4.10   15.18   23.84 1279.32 v _29607_/Y (OA21x2_ASAP7_75t_R)
                                         _09630_ (net)
                 15.20    0.30 1279.62 v _29608_/D (OR4x1_ASAP7_75t_R)
     1    0.66   12.55   32.08 1311.70 v _29608_/Y (OR4x1_ASAP7_75t_R)
                                         _09631_ (net)
                 12.55    0.01 1311.71 v _29613_/B (AND4x1_ASAP7_75t_R)
     2    1.77   12.74   18.07 1329.79 v _29613_/Y (AND4x1_ASAP7_75t_R)
                                         _09636_ (net)
                 12.74    0.04 1329.83 v _29616_/B (OR5x1_ASAP7_75t_R)
     1    1.13   15.60   36.90 1366.73 v _29616_/Y (OR5x1_ASAP7_75t_R)
                                         _09639_ (net)
                 15.60    0.01 1366.75 v _29617_/C (AOI211x1_ASAP7_75t_R)
     1    0.82   15.92   11.74 1378.48 ^ _29617_/Y (AOI211x1_ASAP7_75t_R)
                                         _09640_ (net)
                 15.92    0.02 1378.51 ^ _29620_/A2 (OA21x2_ASAP7_75t_R)
     1    6.74   26.02   25.17 1403.67 ^ _29620_/Y (OA21x2_ASAP7_75t_R)
                                         _09643_ (net)
                 27.85    3.66 1407.34 ^ _29624_/B (NOR2x2_ASAP7_75t_R)
     7    6.45   24.99   20.03 1427.36 v _29624_/Y (NOR2x2_ASAP7_75t_R)
                                         _09647_ (net)
                 25.14    1.08 1428.45 v clone9/A (BUFx3_ASAP7_75t_R)
     5    3.92   10.51   20.62 1449.07 v clone9/Y (BUFx3_ASAP7_75t_R)
                                         net9 (net)
                 10.53    0.21 1449.28 v _31307_/A1 (AO21x1_ASAP7_75t_R)
     1    0.67    6.90   15.74 1465.01 v _31307_/Y (AO21x1_ASAP7_75t_R)
                                         _03563_ (net)
                  6.90    0.01 1465.02 v gen_regfile_ff.register_file_i.rf_reg_q[735]$_DFFE_PN0P_/D (DFFASRHQNx1_ASAP7_75t_R)
                               1465.02   data arrival time

                  0.00 1260.00 1260.00   clock core_clock (rise edge)
                          0.00 1260.00   clock network delay (ideal)
                          0.00 1260.00   clock reconvergence pessimism
                               1260.00 ^ gen_regfile_ff.register_file_i.rf_reg_q[735]$_DFFE_PN0P_/CLK (DFFASRHQNx1_ASAP7_75t_R)
                         -5.38 1254.62   library setup time
                               1254.62   data required time
-----------------------------------------------------------------------------
                               1254.62   data required time
                               -1465.02   data arrival time
-----------------------------------------------------------------------------
                               -210.40   slack (VIOLATED)



==========================================================================
global place report_checks -unconstrained
--------------------------------------------------------------------------
Startpoint: rst_ni (input port clocked by core_clock)
Endpoint: gen_regfile_ff.register_file_i.rf_reg_q[377]$_DFFE_PN0P_
          (recovery check against rising-edge clock core_clock)
Path Group: asynchronous
Path Type: max

Fanout     Cap    Slew   Delay    Time   Description
-----------------------------------------------------------------------------
                  0.00    0.00    0.00   clock core_clock (rise edge)
                          0.00    0.00   clock network delay (ideal)
                        252.00  252.00 ^ input external delay
    45   62.13    0.00    0.00  252.00 ^ rst_ni (in)
                                         rst_ni (net)
                 29.74    9.38  261.38 ^ load_slew40/A (BUFx24_ASAP7_75t_R)
    89  113.31   47.01   28.55  289.93 ^ load_slew40/Y (BUFx24_ASAP7_75t_R)
                                         net62 (net)
                136.47   41.19  331.12 ^ load_slew39/A (BUFx16f_ASAP7_75t_R)
    66   87.30   48.24   38.79  369.91 ^ load_slew39/Y (BUFx16f_ASAP7_75t_R)
                                         net61 (net)
                117.04   34.86  404.77 ^ load_slew38/A (BUFx16f_ASAP7_75t_R)
    56   78.59   47.52   41.52  446.29 ^ load_slew38/Y (BUFx16f_ASAP7_75t_R)
                                         net60 (net)
                 50.79    6.64  452.93 ^ load_slew33/A (BUFx16f_ASAP7_75t_R)
    62   87.30   51.35   32.97  485.90 ^ load_slew33/Y (BUFx16f_ASAP7_75t_R)
                                         net55 (net)
                 76.62   19.62  505.52 ^ load_slew30/A (BUFx24_ASAP7_75t_R)
    93  121.63   59.67   42.25  547.77 ^ load_slew30/Y (BUFx24_ASAP7_75t_R)
                                         net52 (net)
                 65.46    9.51  557.29 ^ load_slew29/A (BUFx24_ASAP7_75t_R)
   105  134.89   66.66   44.24  601.53 ^ load_slew29/Y (BUFx24_ASAP7_75t_R)
                                         net51 (net)
                 95.18   23.12  624.65 ^ load_slew28/A (BUFx16f_ASAP7_75t_R)
    76   96.58   55.35   45.72  670.36 ^ load_slew28/Y (BUFx16f_ASAP7_75t_R)
                                         net50 (net)
                 60.82    9.18  679.54 ^ gen_regfile_ff.register_file_i.rf_reg_q[377]$_DFFE_PN0P_/SETN (DFFASRHQNx1_ASAP7_75t_R)
                                679.54   data arrival time

                  0.00 1260.00 1260.00   clock core_clock (rise edge)
                          0.00 1260.00   clock network delay (ideal)
                          0.00 1260.00   clock reconvergence pessimism
                               1260.00 ^ gen_regfile_ff.register_file_i.rf_reg_q[377]$_DFFE_PN0P_/CLK (DFFASRHQNx1_ASAP7_75t_R)
                         -5.28 1254.72   library recovery time
                               1254.72   data required time
-----------------------------------------------------------------------------
                               1254.72   data required time
                               -679.54   data arrival time
-----------------------------------------------------------------------------
                                575.17   slack (MET)


Startpoint: core_clock_gate_i.en_latch$_DLATCH_N_
            (negative level-sensitive latch clocked by core_clock)
Endpoint: _35046_ (rising clock gating-check end-point clocked by core_clock)
Path Group: gated clock
Path Type: max

Fanout     Cap    Slew   Delay    Time   Description
-----------------------------------------------------------------------------
                  0.00  630.00  630.00   clock core_clock (fall edge)
                          0.00  630.00   clock network delay (ideal)
                  0.00    0.00  630.00 v core_clock_gate_i.en_latch$_DLATCH_N_/CLK (DLLx1_ASAP7_75t_R)
     1    0.62    7.59   27.33  657.33 v core_clock_gate_i.en_latch$_DLATCH_N_/Q (DLLx1_ASAP7_75t_R)
                                         core_clock_gate_i.en_latch (net)
                  7.59    0.01  657.34 v _35046_/B (AND2x2_ASAP7_75t_R)
                                657.34   data arrival time

                  0.00 1260.00 1260.00   clock core_clock (rise edge)
                          0.00 1260.00   clock network delay (ideal)
                          0.00 1260.00   clock reconvergence pessimism
                               1260.00 ^ _35046_/A (AND2x2_ASAP7_75t_R)
                          0.00 1260.00   clock gating setup time
                               1260.00   data required time
-----------------------------------------------------------------------------
                               1260.00   data required time
                               -657.34   data arrival time
-----------------------------------------------------------------------------
                                602.66   slack (MET)


Startpoint: if_stage_i.instr_rdata_alu_id_o[21]$_DFFE_PN_
            (rising edge-triggered flip-flop clocked by core_clock)
Endpoint: gen_regfile_ff.register_file_i.rf_reg_q[735]$_DFFE_PN0P_
          (rising edge-triggered flip-flop clocked by core_clock)
Path Group: core_clock
Path Type: max

Fanout     Cap    Slew   Delay    Time   Description
-----------------------------------------------------------------------------
                  0.00    0.00    0.00   clock core_clock (rise edge)
                          0.00    0.00   clock network delay (ideal)
                  0.00    0.00    0.00 ^ if_stage_i.instr_rdata_alu_id_o[21]$_DFFE_PN_/CLK (DFFHQNx2_ASAP7_75t_R)
     5    6.57   31.03   50.33   50.33 v if_stage_i.instr_rdata_alu_id_o[21]$_DFFE_PN_/QN (DFFHQNx2_ASAP7_75t_R)
                                         _01552_ (net)
                 31.03    0.06   50.39 v _19184_/A (BUFx6f_ASAP7_75t_R)
     5    7.74   10.81   21.49   71.88 v _19184_/Y (BUFx6f_ASAP7_75t_R)
                                         _13455_ (net)
                 10.81    0.07   71.95 v _19185_/A (BUFx12f_ASAP7_75t_R)
    11   10.81   10.01   14.82   86.78 v _19185_/Y (BUFx12f_ASAP7_75t_R)
                                         _13456_ (net)
                 12.08    2.35   89.13 v _19186_/A (BUFx6f_ASAP7_75t_R)
     6    7.01    9.61   16.12  105.25 v _19186_/Y (BUFx6f_ASAP7_75t_R)
                                         _13457_ (net)
                  9.62    0.13  105.38 v _19187_/A (BUFx12f_ASAP7_75t_R)
     6   13.91   11.31   13.76  119.14 v _19187_/Y (BUFx12f_ASAP7_75t_R)
                                         _13458_ (net)
                 23.46    6.62  125.76 v _21306_/A (BUFx12f_ASAP7_75t_R)
     6    9.84    9.26   18.72  144.48 v _21306_/Y (BUFx12f_ASAP7_75t_R)
                                         _15503_ (net)
                  9.39    0.58  145.05 v _21307_/A (BUFx6f_ASAP7_75t_R)
     5    6.70    9.14   15.21  160.26 v _21307_/Y (BUFx6f_ASAP7_75t_R)
                                         _15504_ (net)
                  9.14    0.04  160.30 v _21896_/A (BUFx6f_ASAP7_75t_R)
    10    7.87   10.55   15.49  175.78 v _21896_/Y (BUFx6f_ASAP7_75t_R)
                                         _16079_ (net)
                 10.74    0.76  176.55 v _22124_/A1 (OA211x2_ASAP7_75t_R)
     1    0.62    9.07   21.94  198.49 v _22124_/Y (OA211x2_ASAP7_75t_R)
                                         _16299_ (net)
                  9.07    0.00  198.49 v _22125_/C (OR3x1_ASAP7_75t_R)
     1    2.16   18.09   29.22  227.72 v _22125_/Y (OR3x1_ASAP7_75t_R)
                                         _16300_ (net)
                 18.12    0.42  228.13 v _22126_/B (OA211x2_ASAP7_75t_R)
     1    0.65    9.14   28.11  256.24 v _22126_/Y (OA211x2_ASAP7_75t_R)
                                         _16301_ (net)
                  9.14    0.00  256.24 v _22145_/C (OR3x2_ASAP7_75t_R)
     2    3.41   18.15   34.13  290.38 v _22145_/Y (OR3x2_ASAP7_75t_R)
                                         _16320_ (net)
                 18.27    0.82  291.19 v _22179_/B (AND2x4_ASAP7_75t_R)
     6    6.79   14.63   22.44  313.63 v _22179_/Y (AND2x4_ASAP7_75t_R)
                                         _16354_ (net)
                 15.57    1.98  315.61 v _24175_/A2 (AO21x2_ASAP7_75t_R)
     8    8.89   29.34   28.40  344.01 v _24175_/Y (AO21x2_ASAP7_75t_R)
                                         _05187_ (net)
                 30.76    3.50  347.50 v _24418_/B (NAND2x2_ASAP7_75t_R)
     2    3.04   19.28   17.70  365.20 ^ _24418_/Y (NAND2x2_ASAP7_75t_R)
                                         _17865_ (net)
                 19.28    0.05  365.25 ^ _24419_/A (INVx2_ASAP7_75t_R)
     2    3.73   13.93   10.93  376.18 v _24419_/Y (INVx2_ASAP7_75t_R)
                                         _17820_ (net)
                 13.93    0.04  376.22 v _35401_/A (FAx1_ASAP7_75t_R)
     8   16.60  249.07  116.15  492.37 ^ _35401_/CON (FAx1_ASAP7_75t_R)
                                         _17962_ (net)
     4    7.77  180.79   90.40  582.78 v _35401_/SN (FAx1_ASAP7_75t_R)
                                         _17914_ (net)
                180.80    0.60  583.38 v _35040_/A (INVx2_ASAP7_75t_R)
     2    3.76   41.63   32.33  615.71 ^ _35040_/Y (INVx2_ASAP7_75t_R)
                                         _17913_ (net)
                 41.63    0.04  615.75 ^ _35461_/CI (FAx1_ASAP7_75t_R)
     7   11.92  189.18  206.11  821.87 v _35461_/SN (FAx1_ASAP7_75t_R)
                                         _18080_ (net)
                189.18    0.05  821.91 v _35462_/A (FAx1_ASAP7_75t_R)
     1    2.38   76.52   61.01  882.92 ^ _35462_/CON (FAx1_ASAP7_75t_R)
                                         _18122_ (net)
     1    0.76   56.07   20.51  903.43 v _35462_/SN (FAx1_ASAP7_75t_R)
                                         _18479_ (net)
                 56.07    0.01  903.44 v _34879_/A (INVx1_ASAP7_75t_R)
     1    2.16   26.14   20.97  924.42 ^ _34879_/Y (INVx1_ASAP7_75t_R)
                                         _18081_ (net)
                 26.14    0.07  924.48 ^ _35463_/A (FAx1_ASAP7_75t_R)
     1    0.80   24.59   38.19  962.68 v _35463_/SN (FAx1_ASAP7_75t_R)
                                         _18480_ (net)
                 24.59    0.02  962.69 v _34816_/A (INVx1_ASAP7_75t_R)
     1    1.76   16.77   13.49  976.18 ^ _34816_/Y (INVx1_ASAP7_75t_R)
                                         _18083_ (net)
                 16.77    0.05  976.23 ^ _35467_/CI (FAx1_ASAP7_75t_R)
     1    0.80   26.92   35.00 1011.23 v _35467_/SN (FAx1_ASAP7_75t_R)
                                         _18484_ (net)
                 26.92    0.02 1011.25 v _34856_/A (INVx1_ASAP7_75t_R)
     1    2.29   20.22   15.83 1027.07 ^ _34856_/Y (INVx1_ASAP7_75t_R)
                                         _18092_ (net)
                 20.22    0.05 1027.12 ^ _35468_/B (FAx1_ASAP7_75t_R)
     1    1.34   36.58   44.26 1071.38 v _35468_/SN (FAx1_ASAP7_75t_R)
                                         _18486_ (net)
                 36.58    0.08 1071.46 v _35578_/B (HAxp5_ASAP7_75t_R)
     4    3.63   74.70   69.78 1141.24 v _35578_/SN (HAxp5_ASAP7_75t_R)
                                         _00252_ (net)
                 74.70    0.03 1141.27 v _29453_/B (AO21x1_ASAP7_75t_R)
     1    0.68    8.55   25.46 1166.73 v _29453_/Y (AO21x1_ASAP7_75t_R)
                                         _09481_ (net)
                  8.55    0.01 1166.73 v _29454_/A2 (AO21x1_ASAP7_75t_R)
     2    1.17   10.32   15.84 1182.57 v _29454_/Y (AO21x1_ASAP7_75t_R)
                                         _09482_ (net)
                 10.32    0.02 1182.59 v _29488_/A2 (AO21x1_ASAP7_75t_R)
     1    0.76    8.36   15.09 1197.68 v _29488_/Y (AO21x1_ASAP7_75t_R)
                                         _09514_ (net)
                  8.36    0.02 1197.69 v _29489_/A2 (AO21x1_ASAP7_75t_R)
     2    1.18   10.33   15.82 1213.51 v _29489_/Y (AO21x1_ASAP7_75t_R)
                                         _09515_ (net)
                 10.33    0.00 1213.51 v _29532_/A2 (AO21x1_ASAP7_75t_R)
     1    0.63    7.79   14.71 1228.23 v _29532_/Y (AO21x1_ASAP7_75t_R)
                                         _09557_ (net)
                  7.79    0.01 1228.24 v _29536_/A2 (AO221x1_ASAP7_75t_R)
     2    2.44   17.76   27.19 1255.43 v _29536_/Y (AO221x1_ASAP7_75t_R)
                                         _09561_ (net)
                 17.76    0.05 1255.48 v _29607_/A1 (OA21x2_ASAP7_75t_R)
     4    4.10   15.18   23.84 1279.32 v _29607_/Y (OA21x2_ASAP7_75t_R)
                                         _09630_ (net)
                 15.20    0.30 1279.62 v _29608_/D (OR4x1_ASAP7_75t_R)
     1    0.66   12.55   32.08 1311.70 v _29608_/Y (OR4x1_ASAP7_75t_R)
                                         _09631_ (net)
                 12.55    0.01 1311.71 v _29613_/B (AND4x1_ASAP7_75t_R)
     2    1.77   12.74   18.07 1329.79 v _29613_/Y (AND4x1_ASAP7_75t_R)
                                         _09636_ (net)
                 12.74    0.04 1329.83 v _29616_/B (OR5x1_ASAP7_75t_R)
     1    1.13   15.60   36.90 1366.73 v _29616_/Y (OR5x1_ASAP7_75t_R)
                                         _09639_ (net)
                 15.60    0.01 1366.75 v _29617_/C (AOI211x1_ASAP7_75t_R)
     1    0.82   15.92   11.74 1378.48 ^ _29617_/Y (AOI211x1_ASAP7_75t_R)
                                         _09640_ (net)
                 15.92    0.02 1378.51 ^ _29620_/A2 (OA21x2_ASAP7_75t_R)
     1    6.74   26.02   25.17 1403.67 ^ _29620_/Y (OA21x2_ASAP7_75t_R)
                                         _09643_ (net)
                 27.85    3.66 1407.34 ^ _29624_/B (NOR2x2_ASAP7_75t_R)
     7    6.45   24.99   20.03 1427.36 v _29624_/Y (NOR2x2_ASAP7_75t_R)
                                         _09647_ (net)
                 25.14    1.08 1428.45 v clone9/A (BUFx3_ASAP7_75t_R)
     5    3.92   10.51   20.62 1449.07 v clone9/Y (BUFx3_ASAP7_75t_R)
                                         net9 (net)
                 10.53    0.21 1449.28 v _31307_/A1 (AO21x1_ASAP7_75t_R)
     1    0.67    6.90   15.74 1465.01 v _31307_/Y (AO21x1_ASAP7_75t_R)
                                         _03563_ (net)
                  6.90    0.01 1465.02 v gen_regfile_ff.register_file_i.rf_reg_q[735]$_DFFE_PN0P_/D (DFFASRHQNx1_ASAP7_75t_R)
                               1465.02   data arrival time

                  0.00 1260.00 1260.00   clock core_clock (rise edge)
                          0.00 1260.00   clock network delay (ideal)
                          0.00 1260.00   clock reconvergence pessimism
                               1260.00 ^ gen_regfile_ff.register_file_i.rf_reg_q[735]$_DFFE_PN0P_/CLK (DFFASRHQNx1_ASAP7_75t_R)
                         -5.38 1254.62   library setup time
                               1254.62   data required time
-----------------------------------------------------------------------------
                               1254.62   data required time
                               -1465.02   data arrival time
-----------------------------------------------------------------------------
                               -210.40   slack (VIOLATED)



==========================================================================
global place report_power
--------------------------------------------------------------------------
Group                  Internal  Switching    Leakage      Total
                          Power      Power      Power      Power (Watts)
----------------------------------------------------------------
Sequential             3.13e-03   9.12e-04   2.10e-07   4.04e-03  10.1%
Combinational          1.62e-02   1.95e-02   1.75e-06   3.57e-02  89.6%
Clock                  5.95e-07   1.04e-04   1.16e-10   1.04e-04   0.3%
Macro                  0.00e+00   0.00e+00   0.00e+00   0.00e+00   0.0%
Pad                    0.00e+00   0.00e+00   0.00e+00   0.00e+00   0.0%
----------------------------------------------------------------
Total                  1.93e-02   2.05e-02   1.96e-06   3.98e-02 100.0%
                          48.4%      51.6%       0.0%
