
==========================================================================
global place report_tns
--------------------------------------------------------------------------
tns -240.31

==========================================================================
global place report_wns
--------------------------------------------------------------------------
wns -0.38

==========================================================================
global place report_worst_slack
--------------------------------------------------------------------------
worst slack -0.38

==========================================================================
global place report_checks -path_delay min
--------------------------------------------------------------------------
Startpoint: rst_ni (input port clocked by core_clock)
Endpoint: cs_registers_i.u_dscratch0_csr.rdata_q[9]$_DFFE_PN0P_
          (removal check against rising-edge clock core_clock)
Path Group: asynchronous
Path Type: min

Fanout     Cap    Slew   Delay    Time   Description
-----------------------------------------------------------------------------
                  0.00    0.00    0.00   clock core_clock (rise edge)
                          0.00    0.00   clock network delay (ideal)
                          0.44    0.44 ^ input external delay
  1658 3574.37    0.00    0.00    0.44 ^ rst_ni (in)
                                         rst_ni (net)
                  0.84    0.69    1.13 ^ cs_registers_i.u_dscratch0_csr.rdata_q[9]$_DFFE_PN0P_/RN (DFFR_X1)
                                  1.13   data arrival time

                  0.00    0.00    0.00   clock core_clock (rise edge)
                          0.00    0.00   clock network delay (ideal)
                          0.00    0.00   clock reconvergence pessimism
                                  0.00 ^ cs_registers_i.u_dscratch0_csr.rdata_q[9]$_DFFE_PN0P_/CK (DFFR_X1)
                          1.23    1.23   library removal time
                                  1.23   data required time
-----------------------------------------------------------------------------
                                  1.23   data required time
                                 -1.13   data arrival time
-----------------------------------------------------------------------------
                                 -0.11   slack (VIOLATED)


Startpoint: core_clock_gate_i.en_latch$_DLATCH_N_
            (negative level-sensitive latch clocked by core_clock)
Endpoint: _29919_ (rising clock gating-check end-point clocked by core_clock)
Path Group: gated clock
Path Type: min

Fanout     Cap    Slew   Delay    Time   Description
-----------------------------------------------------------------------------
                  0.00    1.10    1.10   clock core_clock (fall edge)
                          0.00    1.10   clock network delay (ideal)
                  0.00    0.00    1.10 v core_clock_gate_i.en_latch$_DLATCH_N_/GN (DLL_X1)
     1    0.99    0.01    0.04    1.14 ^ core_clock_gate_i.en_latch$_DLATCH_N_/Q (DLL_X1)
                                         core_clock_gate_i.en_latch (net)
                  0.01    0.00    1.14 ^ _29919_/A2 (AND2_X1)
                                  1.14   data arrival time

                  0.00    1.10    1.10   clock core_clock (fall edge)
                          0.00    1.10   clock network delay (ideal)
                          0.00    1.10   clock reconvergence pessimism
                                  1.10 v _29919_/A1 (AND2_X1)
                          0.00    1.10   clock gating hold time
                                  1.10   data required time
-----------------------------------------------------------------------------
                                  1.10   data required time
                                 -1.14   data arrival time
-----------------------------------------------------------------------------
                                  0.04   slack (MET)


Startpoint: load_store_unit_i.data_we_q$_DFFE_PN0P_
            (rising edge-triggered flip-flop clocked by core_clock)
Endpoint: id_stage_i.controller_i.store_err_q$_DFF_PN0_
          (rising edge-triggered flip-flop clocked by core_clock)
Path Group: core_clock
Path Type: min

Fanout     Cap    Slew   Delay    Time   Description
-----------------------------------------------------------------------------
                  0.00    0.00    0.00   clock core_clock (rise edge)
                          0.00    0.00   clock network delay (ideal)
                  0.00    0.00    0.00 ^ load_store_unit_i.data_we_q$_DFFE_PN0P_/CK (DFFR_X1)
     2    2.96    0.01    0.07    0.07 ^ load_store_unit_i.data_we_q$_DFFE_PN0P_/QN (DFFR_X1)
                                         _01159_ (net)
                  0.01    0.00    0.07 ^ _20134_/A1 (NOR3_X1)
     2    6.07    0.01    0.02    0.08 v _20134_/ZN (NOR3_X1)
                                         id_stage_i.controller_i.store_err_d (net)
                  0.01    0.00    0.09 v id_stage_i.controller_i.store_err_q$_DFF_PN0_/D (DFFR_X1)
                                  0.09   data arrival time

                  0.00    0.00    0.00   clock core_clock (rise edge)
                          0.00    0.00   clock network delay (ideal)
                          0.00    0.00   clock reconvergence pessimism
                                  0.00 ^ id_stage_i.controller_i.store_err_q$_DFF_PN0_/CK (DFFR_X1)
                          0.00    0.00   library hold time
                                  0.00   data required time
-----------------------------------------------------------------------------
                                  0.00   data required time
                                 -0.09   data arrival time
-----------------------------------------------------------------------------
                                  0.08   slack (MET)



==========================================================================
global place report_checks -path_delay max
--------------------------------------------------------------------------
Startpoint: rst_ni (input port clocked by core_clock)
Endpoint: cs_registers_i.u_dscratch0_csr.rdata_q[9]$_DFFE_PN0P_
          (recovery check against rising-edge clock core_clock)
Path Group: asynchronous
Path Type: max

Fanout     Cap    Slew   Delay    Time   Description
-----------------------------------------------------------------------------
                  0.00    0.00    0.00   clock core_clock (rise edge)
                          0.00    0.00   clock network delay (ideal)
                          0.44    0.44 ^ input external delay
  1658 3574.37    0.00    0.00    0.44 ^ rst_ni (in)
                                         rst_ni (net)
                  0.84    0.69    1.13 ^ cs_registers_i.u_dscratch0_csr.rdata_q[9]$_DFFE_PN0P_/RN (DFFR_X1)
                                  1.13   data arrival time

                  0.00    2.20    2.20   clock core_clock (rise edge)
                          0.00    2.20   clock network delay (ideal)
                          0.00    2.20   clock reconvergence pessimism
                                  2.20 ^ cs_registers_i.u_dscratch0_csr.rdata_q[9]$_DFFE_PN0P_/CK (DFFR_X1)
                         -0.14    2.06   library recovery time
                                  2.06   data required time
-----------------------------------------------------------------------------
                                  2.06   data required time
                                 -1.13   data arrival time
-----------------------------------------------------------------------------
                                  0.93   slack (MET)


Startpoint: core_clock_gate_i.en_latch$_DLATCH_N_
            (negative level-sensitive latch clocked by core_clock)
Endpoint: _29919_ (rising clock gating-check end-point clocked by core_clock)
Path Group: gated clock
Path Type: max

Fanout     Cap    Slew   Delay    Time   Description
-----------------------------------------------------------------------------
                  0.00    1.10    1.10   clock core_clock (fall edge)
                          0.00    1.10   clock network delay (ideal)
                  0.00    0.00    1.10 v core_clock_gate_i.en_latch$_DLATCH_N_/GN (DLL_X1)
     1    0.91    0.01    0.07    1.17 v core_clock_gate_i.en_latch$_DLATCH_N_/Q (DLL_X1)
                                         core_clock_gate_i.en_latch (net)
                  0.01    0.00    1.17 v _29919_/A2 (AND2_X1)
                                  1.17   data arrival time

                  0.00    2.20    2.20   clock core_clock (rise edge)
                          0.00    2.20   clock network delay (ideal)
                          0.00    2.20   clock reconvergence pessimism
                                  2.20 ^ _29919_/A1 (AND2_X1)
                          0.00    2.20   clock gating setup time
                                  2.20   data required time
-----------------------------------------------------------------------------
                                  2.20   data required time
                                 -1.17   data arrival time
-----------------------------------------------------------------------------
                                  1.03   slack (MET)


Startpoint: if_stage_i.instr_rdata_alu_id_o[23]$_DFFE_PN_
            (rising edge-triggered flip-flop clocked by core_clock)
Endpoint: gen_regfile_ff.register_file_i.rf_reg_q[319]$_DFFE_PN0P_
          (rising edge-triggered flip-flop clocked by core_clock)
Path Group: core_clock
Path Type: max

Fanout     Cap    Slew   Delay    Time   Description
-----------------------------------------------------------------------------
                  0.00    0.00    0.00   clock core_clock (rise edge)
                          0.00    0.00   clock network delay (ideal)
                  0.00    0.00    0.00 ^ if_stage_i.instr_rdata_alu_id_o[23]$_DFFE_PN_/CK (DFF_X1)
     1    2.22    0.01    0.09    0.09 ^ if_stage_i.instr_rdata_alu_id_o[23]$_DFFE_PN_/Q (DFF_X1)
                                         gen_regfile_ff.register_file_i.raddr_b_i[3] (net)
                  0.01    0.00    0.09 ^ _16533_/A (BUF_X2)
     9   22.54    0.03    0.04    0.13 ^ _16533_/Z (BUF_X2)
                                         _10717_ (net)
                  0.03    0.00    0.13 ^ _16562_/A (BUF_X1)
    10   37.14    0.08    0.11    0.24 ^ _16562_/Z (BUF_X1)
                                         _10746_ (net)
                  0.08    0.00    0.24 ^ _16563_/A (BUF_X1)
    10   29.75    0.07    0.10    0.34 ^ _16563_/Z (BUF_X1)
                                         _10747_ (net)
                  0.07    0.00    0.35 ^ _16574_/A (BUF_X1)
    10   29.34    0.07    0.10    0.44 ^ _16574_/Z (BUF_X1)
                                         _10758_ (net)
                  0.07    0.00    0.44 ^ _18317_/A (BUF_X1)
    10   43.93    0.10    0.13    0.57 ^ _18317_/Z (BUF_X1)
                                         _12432_ (net)
                  0.10    0.01    0.59 ^ _18441_/A (AOI221_X1)
     1    2.45    0.03    0.02    0.61 v _18441_/ZN (AOI221_X1)
                                         _12550_ (net)
                  0.03    0.00    0.61 v _18442_/A3 (NOR3_X1)
     1    1.76    0.03    0.06    0.67 ^ _18442_/ZN (NOR3_X1)
                                         _12551_ (net)
                  0.03    0.00    0.67 ^ _18453_/A2 (NOR3_X1)
     1    1.64    0.02    0.01    0.68 v _18453_/ZN (NOR3_X1)
                                         _12562_ (net)
                  0.02    0.00    0.68 v _18471_/A (AOI21_X1)
     8   40.33    0.19    0.22    0.91 ^ _18471_/ZN (AOI21_X1)
                                         _12580_ (net)
                  0.19    0.02    0.92 ^ _20600_/A (MUX2_X1)
     7   16.96    0.04    0.10    1.02 ^ _20600_/Z (MUX2_X1)
                                         _03909_ (net)
                  0.04    0.00    1.02 ^ _20998_/A (BUF_X1)
    10   21.91    0.05    0.08    1.10 ^ _20998_/Z (BUF_X1)
                                         _04142_ (net)
                  0.05    0.00    1.10 ^ _21067_/A2 (NAND2_X1)
     1    3.42    0.02    0.03    1.13 v _21067_/ZN (NAND2_X1)
                                         _15009_ (net)
                  0.02    0.00    1.13 v _30197_/B (FA_X1)
     1    4.91    0.02    0.13    1.26 ^ _30197_/S (FA_X1)
                                         _15012_ (net)
                  0.02    0.00    1.26 ^ _30199_/A (FA_X1)
     1    4.24    0.02    0.09    1.35 v _30199_/S (FA_X1)
                                         _15020_ (net)
                  0.02    0.00    1.35 v _30202_/B (FA_X1)
     1    4.54    0.02    0.13    1.48 ^ _30202_/S (FA_X1)
                                         _15031_ (net)
                  0.02    0.00    1.48 ^ _30207_/A (FA_X1)
     1    3.94    0.02    0.09    1.57 v _30207_/S (FA_X1)
                                         _15049_ (net)
                  0.02    0.00    1.57 v _30211_/A (FA_X1)
     1    4.08    0.02    0.12    1.69 ^ _30211_/S (FA_X1)
                                         _15064_ (net)
                  0.02    0.00    1.69 ^ _30212_/A (FA_X1)
     1    1.70    0.01    0.09    1.78 v _30212_/S (FA_X1)
                                         _15067_ (net)
                  0.01    0.00    1.78 v _21502_/A (INV_X1)
     1    5.24    0.01    0.02    1.80 ^ _21502_/ZN (INV_X1)
                                         _16138_ (net)
                  0.01    0.00    1.80 ^ _30538_/A (HA_X1)
     1    1.11    0.02    0.05    1.85 ^ _30538_/S (HA_X1)
                                         _16141_ (net)
                  0.02    0.00    1.85 ^ _23588_/A (BUF_X1)
     5    8.80    0.02    0.04    1.89 ^ _23588_/Z (BUF_X1)
                                         _06098_ (net)
                  0.02    0.00    1.89 ^ _23632_/A2 (NAND3_X1)
     1    1.68    0.02    0.02    1.91 v _23632_/ZN (NAND3_X1)
                                         _06140_ (net)
                  0.02    0.00    1.91 v _23633_/A3 (NOR3_X1)
     2    3.82    0.04    0.07    1.98 ^ _23633_/ZN (NOR3_X1)
                                         _06141_ (net)
                  0.04    0.00    1.98 ^ _23682_/A2 (NOR2_X1)
     1    3.26    0.01    0.02    2.00 v _23682_/ZN (NOR2_X1)
                                         _06188_ (net)
                  0.01    0.00    2.00 v _23683_/B2 (AOI21_X2)
     5   11.91    0.04    0.05    2.06 ^ _23683_/ZN (AOI21_X2)
                                         _06189_ (net)
                  0.04    0.00    2.06 ^ _23908_/A3 (AND4_X1)
     2    3.75    0.02    0.07    2.13 ^ _23908_/ZN (AND4_X1)
                                         _06405_ (net)
                  0.02    0.00    2.13 ^ _23966_/A1 (NOR2_X1)
     1    3.34    0.01    0.01    2.14 v _23966_/ZN (NOR2_X1)
                                         _06461_ (net)
                  0.01    0.00    2.14 v _23969_/B2 (AOI221_X2)
     2    4.56    0.05    0.08    2.22 ^ _23969_/ZN (AOI221_X2)
                                         _06464_ (net)
                  0.05    0.00    2.22 ^ _23970_/B (XNOR2_X1)
     1    5.29    0.03    0.06    2.28 ^ _23970_/ZN (XNOR2_X1)
                                         _06465_ (net)
                  0.03    0.00    2.28 ^ _23971_/B (MUX2_X1)
     2    7.22    0.02    0.06    2.34 ^ _23971_/Z (MUX2_X1)
                                         _06466_ (net)
                  0.02    0.00    2.34 ^ _23972_/B2 (AOI221_X2)
     1    7.11    0.03    0.03    2.37 v _23972_/ZN (AOI221_X2)
                                         _06467_ (net)
                  0.03    0.00    2.37 v _23981_/A1 (NOR4_X2)
     4   11.83    0.08    0.10    2.47 ^ _23981_/ZN (NOR4_X2)
                                         _06476_ (net)
                  0.08    0.00    2.47 ^ _23982_/A (BUF_X2)
    10   19.52    0.02    0.05    2.52 ^ _23982_/Z (BUF_X2)
                                         _06477_ (net)
                  0.02    0.00    2.52 ^ _24464_/B2 (OAI21_X1)
     1    1.19    0.01    0.02    2.54 v _24464_/ZN (OAI21_X1)
                                         _01523_ (net)
                  0.01    0.00    2.54 v gen_regfile_ff.register_file_i.rf_reg_q[319]$_DFFE_PN0P_/D (DFFR_X1)
                                  2.54   data arrival time

                  0.00    2.20    2.20   clock core_clock (rise edge)
                          0.00    2.20   clock network delay (ideal)
                          0.00    2.20   clock reconvergence pessimism
                                  2.20 ^ gen_regfile_ff.register_file_i.rf_reg_q[319]$_DFFE_PN0P_/CK (DFFR_X1)
                         -0.04    2.16   library setup time
                                  2.16   data required time
-----------------------------------------------------------------------------
                                  2.16   data required time
                                 -2.54   data arrival time
-----------------------------------------------------------------------------
                                 -0.38   slack (VIOLATED)



==========================================================================
global place report_checks -unconstrained
--------------------------------------------------------------------------
Startpoint: rst_ni (input port clocked by core_clock)
Endpoint: cs_registers_i.u_dscratch0_csr.rdata_q[9]$_DFFE_PN0P_
          (recovery check against rising-edge clock core_clock)
Path Group: asynchronous
Path Type: max

Fanout     Cap    Slew   Delay    Time   Description
-----------------------------------------------------------------------------
                  0.00    0.00    0.00   clock core_clock (rise edge)
                          0.00    0.00   clock network delay (ideal)
                          0.44    0.44 ^ input external delay
  1658 3574.37    0.00    0.00    0.44 ^ rst_ni (in)
                                         rst_ni (net)
                  0.84    0.69    1.13 ^ cs_registers_i.u_dscratch0_csr.rdata_q[9]$_DFFE_PN0P_/RN (DFFR_X1)
                                  1.13   data arrival time

                  0.00    2.20    2.20   clock core_clock (rise edge)
                          0.00    2.20   clock network delay (ideal)
                          0.00    2.20   clock reconvergence pessimism
                                  2.20 ^ cs_registers_i.u_dscratch0_csr.rdata_q[9]$_DFFE_PN0P_/CK (DFFR_X1)
                         -0.14    2.06   library recovery time
                                  2.06   data required time
-----------------------------------------------------------------------------
                                  2.06   data required time
                                 -1.13   data arrival time
-----------------------------------------------------------------------------
                                  0.93   slack (MET)


Startpoint: core_clock_gate_i.en_latch$_DLATCH_N_
            (negative level-sensitive latch clocked by core_clock)
Endpoint: _29919_ (rising clock gating-check end-point clocked by core_clock)
Path Group: gated clock
Path Type: max

Fanout     Cap    Slew   Delay    Time   Description
-----------------------------------------------------------------------------
                  0.00    1.10    1.10   clock core_clock (fall edge)
                          0.00    1.10   clock network delay (ideal)
                  0.00    0.00    1.10 v core_clock_gate_i.en_latch$_DLATCH_N_/GN (DLL_X1)
     1    0.91    0.01    0.07    1.17 v core_clock_gate_i.en_latch$_DLATCH_N_/Q (DLL_X1)
                                         core_clock_gate_i.en_latch (net)
                  0.01    0.00    1.17 v _29919_/A2 (AND2_X1)
                                  1.17   data arrival time

                  0.00    2.20    2.20   clock core_clock (rise edge)
                          0.00    2.20   clock network delay (ideal)
                          0.00    2.20   clock reconvergence pessimism
                                  2.20 ^ _29919_/A1 (AND2_X1)
                          0.00    2.20   clock gating setup time
                                  2.20   data required time
-----------------------------------------------------------------------------
                                  2.20   data required time
                                 -1.17   data arrival time
-----------------------------------------------------------------------------
                                  1.03   slack (MET)


Startpoint: if_stage_i.instr_rdata_alu_id_o[23]$_DFFE_PN_
            (rising edge-triggered flip-flop clocked by core_clock)
Endpoint: gen_regfile_ff.register_file_i.rf_reg_q[319]$_DFFE_PN0P_
          (rising edge-triggered flip-flop clocked by core_clock)
Path Group: core_clock
Path Type: max

Fanout     Cap    Slew   Delay    Time   Description
-----------------------------------------------------------------------------
                  0.00    0.00    0.00   clock core_clock (rise edge)
                          0.00    0.00   clock network delay (ideal)
                  0.00    0.00    0.00 ^ if_stage_i.instr_rdata_alu_id_o[23]$_DFFE_PN_/CK (DFF_X1)
     1    2.22    0.01    0.09    0.09 ^ if_stage_i.instr_rdata_alu_id_o[23]$_DFFE_PN_/Q (DFF_X1)
                                         gen_regfile_ff.register_file_i.raddr_b_i[3] (net)
                  0.01    0.00    0.09 ^ _16533_/A (BUF_X2)
     9   22.54    0.03    0.04    0.13 ^ _16533_/Z (BUF_X2)
                                         _10717_ (net)
                  0.03    0.00    0.13 ^ _16562_/A (BUF_X1)
    10   37.14    0.08    0.11    0.24 ^ _16562_/Z (BUF_X1)
                                         _10746_ (net)
                  0.08    0.00    0.24 ^ _16563_/A (BUF_X1)
    10   29.75    0.07    0.10    0.34 ^ _16563_/Z (BUF_X1)
                                         _10747_ (net)
                  0.07    0.00    0.35 ^ _16574_/A (BUF_X1)
    10   29.34    0.07    0.10    0.44 ^ _16574_/Z (BUF_X1)
                                         _10758_ (net)
                  0.07    0.00    0.44 ^ _18317_/A (BUF_X1)
    10   43.93    0.10    0.13    0.57 ^ _18317_/Z (BUF_X1)
                                         _12432_ (net)
                  0.10    0.01    0.59 ^ _18441_/A (AOI221_X1)
     1    2.45    0.03    0.02    0.61 v _18441_/ZN (AOI221_X1)
                                         _12550_ (net)
                  0.03    0.00    0.61 v _18442_/A3 (NOR3_X1)
     1    1.76    0.03    0.06    0.67 ^ _18442_/ZN (NOR3_X1)
                                         _12551_ (net)
                  0.03    0.00    0.67 ^ _18453_/A2 (NOR3_X1)
     1    1.64    0.02    0.01    0.68 v _18453_/ZN (NOR3_X1)
                                         _12562_ (net)
                  0.02    0.00    0.68 v _18471_/A (AOI21_X1)
     8   40.33    0.19    0.22    0.91 ^ _18471_/ZN (AOI21_X1)
                                         _12580_ (net)
                  0.19    0.02    0.92 ^ _20600_/A (MUX2_X1)
     7   16.96    0.04    0.10    1.02 ^ _20600_/Z (MUX2_X1)
                                         _03909_ (net)
                  0.04    0.00    1.02 ^ _20998_/A (BUF_X1)
    10   21.91    0.05    0.08    1.10 ^ _20998_/Z (BUF_X1)
                                         _04142_ (net)
                  0.05    0.00    1.10 ^ _21067_/A2 (NAND2_X1)
     1    3.42    0.02    0.03    1.13 v _21067_/ZN (NAND2_X1)
                                         _15009_ (net)
                  0.02    0.00    1.13 v _30197_/B (FA_X1)
     1    4.91    0.02    0.13    1.26 ^ _30197_/S (FA_X1)
                                         _15012_ (net)
                  0.02    0.00    1.26 ^ _30199_/A (FA_X1)
     1    4.24    0.02    0.09    1.35 v _30199_/S (FA_X1)
                                         _15020_ (net)
                  0.02    0.00    1.35 v _30202_/B (FA_X1)
     1    4.54    0.02    0.13    1.48 ^ _30202_/S (FA_X1)
                                         _15031_ (net)
                  0.02    0.00    1.48 ^ _30207_/A (FA_X1)
     1    3.94    0.02    0.09    1.57 v _30207_/S (FA_X1)
                                         _15049_ (net)
                  0.02    0.00    1.57 v _30211_/A (FA_X1)
     1    4.08    0.02    0.12    1.69 ^ _30211_/S (FA_X1)
                                         _15064_ (net)
                  0.02    0.00    1.69 ^ _30212_/A (FA_X1)
     1    1.70    0.01    0.09    1.78 v _30212_/S (FA_X1)
                                         _15067_ (net)
                  0.01    0.00    1.78 v _21502_/A (INV_X1)
     1    5.24    0.01    0.02    1.80 ^ _21502_/ZN (INV_X1)
                                         _16138_ (net)
                  0.01    0.00    1.80 ^ _30538_/A (HA_X1)
     1    1.11    0.02    0.05    1.85 ^ _30538_/S (HA_X1)
                                         _16141_ (net)
                  0.02    0.00    1.85 ^ _23588_/A (BUF_X1)
     5    8.80    0.02    0.04    1.89 ^ _23588_/Z (BUF_X1)
                                         _06098_ (net)
                  0.02    0.00    1.89 ^ _23632_/A2 (NAND3_X1)
     1    1.68    0.02    0.02    1.91 v _23632_/ZN (NAND3_X1)
                                         _06140_ (net)
                  0.02    0.00    1.91 v _23633_/A3 (NOR3_X1)
     2    3.82    0.04    0.07    1.98 ^ _23633_/ZN (NOR3_X1)
                                         _06141_ (net)
                  0.04    0.00    1.98 ^ _23682_/A2 (NOR2_X1)
     1    3.26    0.01    0.02    2.00 v _23682_/ZN (NOR2_X1)
                                         _06188_ (net)
                  0.01    0.00    2.00 v _23683_/B2 (AOI21_X2)
     5   11.91    0.04    0.05    2.06 ^ _23683_/ZN (AOI21_X2)
                                         _06189_ (net)
                  0.04    0.00    2.06 ^ _23908_/A3 (AND4_X1)
     2    3.75    0.02    0.07    2.13 ^ _23908_/ZN (AND4_X1)
                                         _06405_ (net)
                  0.02    0.00    2.13 ^ _23966_/A1 (NOR2_X1)
     1    3.34    0.01    0.01    2.14 v _23966_/ZN (NOR2_X1)
                                         _06461_ (net)
                  0.01    0.00    2.14 v _23969_/B2 (AOI221_X2)
     2    4.56    0.05    0.08    2.22 ^ _23969_/ZN (AOI221_X2)
                                         _06464_ (net)
                  0.05    0.00    2.22 ^ _23970_/B (XNOR2_X1)
     1    5.29    0.03    0.06    2.28 ^ _23970_/ZN (XNOR2_X1)
                                         _06465_ (net)
                  0.03    0.00    2.28 ^ _23971_/B (MUX2_X1)
     2    7.22    0.02    0.06    2.34 ^ _23971_/Z (MUX2_X1)
                                         _06466_ (net)
                  0.02    0.00    2.34 ^ _23972_/B2 (AOI221_X2)
     1    7.11    0.03    0.03    2.37 v _23972_/ZN (AOI221_X2)
                                         _06467_ (net)
                  0.03    0.00    2.37 v _23981_/A1 (NOR4_X2)
     4   11.83    0.08    0.10    2.47 ^ _23981_/ZN (NOR4_X2)
                                         _06476_ (net)
                  0.08    0.00    2.47 ^ _23982_/A (BUF_X2)
    10   19.52    0.02    0.05    2.52 ^ _23982_/Z (BUF_X2)
                                         _06477_ (net)
                  0.02    0.00    2.52 ^ _24464_/B2 (OAI21_X1)
     1    1.19    0.01    0.02    2.54 v _24464_/ZN (OAI21_X1)
                                         _01523_ (net)
                  0.01    0.00    2.54 v gen_regfile_ff.register_file_i.rf_reg_q[319]$_DFFE_PN0P_/D (DFFR_X1)
                                  2.54   data arrival time

                  0.00    2.20    2.20   clock core_clock (rise edge)
                          0.00    2.20   clock network delay (ideal)
                          0.00    2.20   clock reconvergence pessimism
                                  2.20 ^ gen_regfile_ff.register_file_i.rf_reg_q[319]$_DFFE_PN0P_/CK (DFFR_X1)
                         -0.04    2.16   library setup time
                                  2.16   data required time
-----------------------------------------------------------------------------
                                  2.16   data required time
                                 -2.54   data arrival time
-----------------------------------------------------------------------------
                                 -0.38   slack (VIOLATED)



==========================================================================
global place report_power
--------------------------------------------------------------------------
Group                  Internal  Switching    Leakage      Total
                          Power      Power      Power      Power (Watts)
----------------------------------------------------------------
Sequential             1.11e-02   1.46e-03   1.56e-04   1.27e-02  16.2%
Combinational          2.99e-02   3.50e-02   4.29e-04   6.54e-02  83.3%
Clock                  1.63e-06   3.75e-04   2.97e-08   3.76e-04   0.5%
Macro                  0.00e+00   0.00e+00   0.00e+00   0.00e+00   0.0%
Pad                    0.00e+00   0.00e+00   0.00e+00   0.00e+00   0.0%
----------------------------------------------------------------
Total                  4.10e-02   3.68e-02   5.85e-04   7.85e-02 100.0%
                          52.3%      47.0%       0.7%
