
==========================================================================
detailed place report_tns
--------------------------------------------------------------------------
tns -38995.13

==========================================================================
detailed place report_wns
--------------------------------------------------------------------------
wns -215.72

==========================================================================
detailed place report_worst_slack
--------------------------------------------------------------------------
worst slack -215.72

==========================================================================
detailed place report_checks -path_delay min
--------------------------------------------------------------------------
Startpoint: rst_ni (input port clocked by core_clock)
Endpoint: cs_registers_i.u_mie_csr.rdata_q[7]$_DFFE_PN0P_
          (removal check against rising-edge clock core_clock)
Path Group: asynchronous
Path Type: min

Fanout     Cap    Slew   Delay    Time   Description
-----------------------------------------------------------------------------
                  0.00    0.00    0.00   clock core_clock (rise edge)
                          0.00    0.00   clock network delay (ideal)
                        252.00  252.00 ^ input external delay
    57   62.82    0.00    0.00  252.00 ^ rst_ni (in)
                                         rst_ni (net)
                 10.82    3.41  255.41 ^ cs_registers_i.u_mie_csr.rdata_q[7]$_DFFE_PN0P_/SETN (DFFASRHQNx1_ASAP7_75t_R)
                                255.41   data arrival time

                  0.00    0.00    0.00   clock core_clock (rise edge)
                          0.00    0.00   clock network delay (ideal)
                          0.00    0.00   clock reconvergence pessimism
                                  0.00 ^ cs_registers_i.u_mie_csr.rdata_q[7]$_DFFE_PN0P_/CLK (DFFASRHQNx1_ASAP7_75t_R)
                         16.28   16.28   library removal time
                                 16.28   data required time
-----------------------------------------------------------------------------
                                 16.28   data required time
                               -255.41   data arrival time
-----------------------------------------------------------------------------
                                239.14   slack (MET)


Startpoint: core_clock_gate_i.en_latch$_DLATCH_N_
            (negative level-sensitive latch clocked by core_clock)
Endpoint: _35046_ (rising clock gating-check end-point clocked by core_clock)
Path Group: gated clock
Path Type: min

Fanout     Cap    Slew   Delay    Time   Description
-----------------------------------------------------------------------------
                  0.00  630.00  630.00   clock core_clock (fall edge)
                          0.00  630.00   clock network delay (ideal)
                  0.00    0.00  630.00 v core_clock_gate_i.en_latch$_DLATCH_N_/CLK (DLLx1_ASAP7_75t_R)
     1    0.41    6.58   17.60  647.60 ^ core_clock_gate_i.en_latch$_DLATCH_N_/Q (DLLx1_ASAP7_75t_R)
                                         core_clock_gate_i.en_latch (net)
                  6.58    0.01  647.60 ^ _35046_/B (AND2x2_ASAP7_75t_R)
                                647.60   data arrival time

                  0.00  630.00  630.00   clock core_clock (fall edge)
                          0.00  630.00   clock network delay (ideal)
                          0.00  630.00   clock reconvergence pessimism
                                630.00 v _35046_/A (AND2x2_ASAP7_75t_R)
                          0.00  630.00   clock gating hold time
                                630.00   data required time
-----------------------------------------------------------------------------
                                630.00   data required time
                               -647.60   data arrival time
-----------------------------------------------------------------------------
                                 17.60   slack (MET)


Startpoint: gen_regfile_ff.register_file_i.rf_reg_q[936]$_DFFE_PN0P_
            (rising edge-triggered flip-flop clocked by core_clock)
Endpoint: gen_regfile_ff.register_file_i.rf_reg_q[936]$_DFFE_PN0P_
          (rising edge-triggered flip-flop clocked by core_clock)
Path Group: core_clock
Path Type: min

Fanout     Cap    Slew   Delay    Time   Description
-----------------------------------------------------------------------------
                  0.00    0.00    0.00   clock core_clock (rise edge)
                          0.00    0.00   clock network delay (ideal)
                  0.00    0.00    0.00 ^ gen_regfile_ff.register_file_i.rf_reg_q[936]$_DFFE_PN0P_/CLK (DFFASRHQNx1_ASAP7_75t_R)
     2    1.60   19.32   39.60   39.60 ^ gen_regfile_ff.register_file_i.rf_reg_q[936]$_DFFE_PN0P_/QN (DFFASRHQNx1_ASAP7_75t_R)
                                         _00691_ (net)
                 19.32    0.02   39.62 ^ _31822_/A1 (OAI21x1_ASAP7_75t_R)
     1    0.68    6.17    7.37   46.99 v _31822_/Y (OAI21x1_ASAP7_75t_R)
                                         _03786_ (net)
                  6.17    0.01   47.01 v gen_regfile_ff.register_file_i.rf_reg_q[936]$_DFFE_PN0P_/D (DFFASRHQNx1_ASAP7_75t_R)
                                 47.01   data arrival time

                  0.00    0.00    0.00   clock core_clock (rise edge)
                          0.00    0.00   clock network delay (ideal)
                          0.00    0.00   clock reconvergence pessimism
                                  0.00 ^ gen_regfile_ff.register_file_i.rf_reg_q[936]$_DFFE_PN0P_/CLK (DFFASRHQNx1_ASAP7_75t_R)
                          9.28    9.28   library hold time
                                  9.28   data required time
-----------------------------------------------------------------------------
                                  9.28   data required time
                                -47.01   data arrival time
-----------------------------------------------------------------------------
                                 37.73   slack (MET)



==========================================================================
detailed place report_checks -path_delay max
--------------------------------------------------------------------------
Startpoint: rst_ni (input port clocked by core_clock)
Endpoint: gen_regfile_ff.register_file_i.rf_reg_q[722]$_DFFE_PN0P_
          (recovery check against rising-edge clock core_clock)
Path Group: asynchronous
Path Type: max

Fanout     Cap    Slew   Delay    Time   Description
-----------------------------------------------------------------------------
                  0.00    0.00    0.00   clock core_clock (rise edge)
                          0.00    0.00   clock network delay (ideal)
                        252.00  252.00 ^ input external delay
    57   78.36    0.00    0.00  252.00 ^ rst_ni (in)
                                         rst_ni (net)
                 17.86    5.64  257.64 ^ load_slew38/A (BUFx16f_ASAP7_75t_R)
    79  102.57   56.52   21.77  279.41 ^ load_slew38/Y (BUFx16f_ASAP7_75t_R)
                                         net60 (net)
                108.90   31.75  311.15 ^ load_slew37/A (BUFx24_ASAP7_75t_R)
    82  111.30   45.11   42.99  354.14 ^ load_slew37/Y (BUFx24_ASAP7_75t_R)
                                         net59 (net)
                153.66   47.19  401.33 ^ load_slew34/A (BUFx24_ASAP7_75t_R)
    88  119.75   55.32   51.29  452.61 ^ load_slew34/Y (BUFx24_ASAP7_75t_R)
                                         net56 (net)
                 56.71    4.90  457.51 ^ load_slew33/A (BUFx16f_ASAP7_75t_R)
    69   94.43   51.72   32.05  489.56 ^ load_slew33/Y (BUFx16f_ASAP7_75t_R)
                                         net55 (net)
                 77.90   18.44  508.00 ^ load_slew32/A (BUFx16f_ASAP7_75t_R)
    58   78.75   46.50   35.04  543.05 ^ load_slew32/Y (BUFx16f_ASAP7_75t_R)
                                         net54 (net)
                 76.86   20.55  563.59 ^ load_slew31/A (BUFx16f_ASAP7_75t_R)
    66   85.81   50.78   38.87  602.46 ^ load_slew31/Y (BUFx16f_ASAP7_75t_R)
                                         net53 (net)
                 67.24   15.09  617.55 ^ gen_regfile_ff.register_file_i.rf_reg_q[722]$_DFFE_PN0P_/SETN (DFFASRHQNx1_ASAP7_75t_R)
                                617.55   data arrival time

                  0.00 1260.00 1260.00   clock core_clock (rise edge)
                          0.00 1260.00   clock network delay (ideal)
                          0.00 1260.00   clock reconvergence pessimism
                               1260.00 ^ gen_regfile_ff.register_file_i.rf_reg_q[722]$_DFFE_PN0P_/CLK (DFFASRHQNx1_ASAP7_75t_R)
                         -5.78 1254.22   library recovery time
                               1254.22   data required time
-----------------------------------------------------------------------------
                               1254.22   data required time
                               -617.55   data arrival time
-----------------------------------------------------------------------------
                                636.67   slack (MET)


Startpoint: core_clock_gate_i.en_latch$_DLATCH_N_
            (negative level-sensitive latch clocked by core_clock)
Endpoint: _35046_ (rising clock gating-check end-point clocked by core_clock)
Path Group: gated clock
Path Type: max

Fanout     Cap    Slew   Delay    Time   Description
-----------------------------------------------------------------------------
                  0.00  630.00  630.00   clock core_clock (fall edge)
                          0.00  630.00   clock network delay (ideal)
                  0.00    0.00  630.00 v core_clock_gate_i.en_latch$_DLATCH_N_/CLK (DLLx1_ASAP7_75t_R)
     1    0.66    7.81   27.48  657.48 v core_clock_gate_i.en_latch$_DLATCH_N_/Q (DLLx1_ASAP7_75t_R)
                                         core_clock_gate_i.en_latch (net)
                  7.81    0.01  657.49 v _35046_/B (AND2x2_ASAP7_75t_R)
                                657.49   data arrival time

                  0.00 1260.00 1260.00   clock core_clock (rise edge)
                          0.00 1260.00   clock network delay (ideal)
                          0.00 1260.00   clock reconvergence pessimism
                               1260.00 ^ _35046_/A (AND2x2_ASAP7_75t_R)
                          0.00 1260.00   clock gating setup time
                               1260.00   data required time
-----------------------------------------------------------------------------
                               1260.00   data required time
                               -657.49   data arrival time
-----------------------------------------------------------------------------
                                602.51   slack (MET)


Startpoint: if_stage_i.instr_rdata_alu_id_o[21]$_DFFE_PN_
            (rising edge-triggered flip-flop clocked by core_clock)
Endpoint: gen_regfile_ff.register_file_i.rf_reg_q[189]$_DFFE_PN0P_
          (rising edge-triggered flip-flop clocked by core_clock)
Path Group: core_clock
Path Type: max

Fanout     Cap    Slew   Delay    Time   Description
-----------------------------------------------------------------------------
                  0.00    0.00    0.00   clock core_clock (rise edge)
                          0.00    0.00   clock network delay (ideal)
                  0.00    0.00    0.00 ^ if_stage_i.instr_rdata_alu_id_o[21]$_DFFE_PN_/CLK (DFFHQNx2_ASAP7_75t_R)
     5    6.30   30.42   49.78   49.78 v if_stage_i.instr_rdata_alu_id_o[21]$_DFFE_PN_/QN (DFFHQNx2_ASAP7_75t_R)
                                         _01552_ (net)
                 30.43    0.28   50.06 v _19184_/A (BUFx6f_ASAP7_75t_R)
     5    7.61   10.68   21.29   71.35 v _19184_/Y (BUFx6f_ASAP7_75t_R)
                                         _13455_ (net)
                 10.68    0.06   71.41 v _19185_/A (BUFx12f_ASAP7_75t_R)
    11   11.70    9.99   15.28   86.69 v _19185_/Y (BUFx12f_ASAP7_75t_R)
                                         _13456_ (net)
                 11.39    1.95   88.64 v _19186_/A (BUFx6f_ASAP7_75t_R)
     6    7.50   10.23   16.05  104.69 v _19186_/Y (BUFx6f_ASAP7_75t_R)
                                         _13457_ (net)
                 10.25    0.22  104.91 v _19187_/A (BUFx12f_ASAP7_75t_R)
     6   16.02   11.93   14.46  119.37 v _19187_/Y (BUFx12f_ASAP7_75t_R)
                                         _13458_ (net)
                 25.96    7.33  126.70 v _21306_/A (BUFx12f_ASAP7_75t_R)
     6    9.76    9.24   19.29  145.99 v _21306_/Y (BUFx12f_ASAP7_75t_R)
                                         _15503_ (net)
                  9.32    0.45  146.44 v _21335_/A (BUFx6f_ASAP7_75t_R)
    10   14.17   16.45   18.11  164.55 v _21335_/Y (BUFx6f_ASAP7_75t_R)
                                         _15532_ (net)
                 16.73    1.20  165.75 v _21336_/A (BUFx4f_ASAP7_75t_R)
    10    9.73   17.35   20.32  186.07 v _21336_/Y (BUFx4f_ASAP7_75t_R)
                                         _15533_ (net)
                 17.58    1.17  187.24 v _22390_/A1 (OA211x2_ASAP7_75t_R)
     1    0.65    9.15   23.49  210.73 v _22390_/Y (OA211x2_ASAP7_75t_R)
                                         _16557_ (net)
                  9.15    0.01  210.74 v _22391_/C (OR3x1_ASAP7_75t_R)
     1    0.79   10.03   24.36  235.10 v _22391_/Y (OR3x1_ASAP7_75t_R)
                                         _16558_ (net)
                 10.03    0.03  235.13 v _22392_/C (AND3x1_ASAP7_75t_R)
     1    1.93   13.50   18.01  253.14 v _22392_/Y (AND3x1_ASAP7_75t_R)
                                         _16559_ (net)
                 13.52    0.31  253.45 v _22393_/B (AO21x1_ASAP7_75t_R)
     1    1.15    9.29   18.14  271.59 v _22393_/Y (AO21x1_ASAP7_75t_R)
                                         _16560_ (net)
                  9.29    0.01  271.60 v _22425_/A2 (OAI21x1_ASAP7_75t_R)
     8   10.83   72.56   31.97  303.57 ^ _22425_/Y (OAI21x1_ASAP7_75t_R)
                                         _16592_ (net)
                 73.82    5.33  308.90 ^ _24194_/B (NOR2x1_ASAP7_75t_R)
     1    0.68   17.84   16.27  325.17 v _24194_/Y (NOR2x1_ASAP7_75t_R)
                                         _05201_ (net)
                 17.84    0.01  325.18 v _24195_/B (AO21x2_ASAP7_75t_R)
     8    6.84   23.82   28.02  353.20 v _24195_/Y (AO21x2_ASAP7_75t_R)
                                         _05202_ (net)
                 24.44    2.10  355.30 v _24442_/A (AND2x2_ASAP7_75t_R)
     1    1.65    8.92   23.94  379.23 v _24442_/Y (AND2x2_ASAP7_75t_R)
                                         _17911_ (net)
                  8.92    0.01  379.25 v _35401_/CI (FAx1_ASAP7_75t_R)
     8   16.87  252.96  115.83  495.08 ^ _35401_/CON (FAx1_ASAP7_75t_R)
                                         _17962_ (net)
     4    7.86  182.78   91.54  586.61 v _35401_/SN (FAx1_ASAP7_75t_R)
                                         _17914_ (net)
                182.78    0.63  587.24 v _35040_/A (INVx2_ASAP7_75t_R)
     2    3.85   42.43   32.86  620.10 ^ _35040_/Y (INVx2_ASAP7_75t_R)
                                         _17913_ (net)
                 42.43    0.05  620.15 ^ _35461_/CI (FAx1_ASAP7_75t_R)
     7   12.06  191.24  208.45  828.60 v _35461_/SN (FAx1_ASAP7_75t_R)
                                         _18080_ (net)
                191.24    0.03  828.63 v _35462_/A (FAx1_ASAP7_75t_R)
     1    2.36   76.55   61.04  889.67 ^ _35462_/CON (FAx1_ASAP7_75t_R)
                                         _18122_ (net)
     1    0.75   56.33   20.48  910.15 v _35462_/SN (FAx1_ASAP7_75t_R)
                                         _18479_ (net)
                 56.33    0.01  910.16 v _34879_/A (INVx1_ASAP7_75t_R)
     1    2.18   26.32   21.10  931.26 ^ _34879_/Y (INVx1_ASAP7_75t_R)
                                         _18081_ (net)
                 26.32    0.07  931.34 ^ _35463_/A (FAx1_ASAP7_75t_R)
     1    0.82   24.89   38.55  969.89 v _35463_/SN (FAx1_ASAP7_75t_R)
                                         _18480_ (net)
                 24.89    0.02  969.91 v _34816_/A (INVx1_ASAP7_75t_R)
     1    1.73   16.69   13.47  983.38 ^ _34816_/Y (INVx1_ASAP7_75t_R)
                                         _18083_ (net)
                 16.69    0.04  983.42 ^ _35467_/CI (FAx1_ASAP7_75t_R)
     1    0.81   27.16   35.24 1018.66 v _35467_/SN (FAx1_ASAP7_75t_R)
                                         _18484_ (net)
                 27.16    0.02 1018.68 v _34856_/A (INVx1_ASAP7_75t_R)
     1    2.24   20.03   15.74 1034.41 ^ _34856_/Y (INVx1_ASAP7_75t_R)
                                         _18092_ (net)
                 20.03    0.03 1034.44 ^ _35468_/B (FAx1_ASAP7_75t_R)
     1    1.22   33.81   42.36 1076.80 v _35468_/SN (FAx1_ASAP7_75t_R)
                                         _18486_ (net)
                 33.81    0.05 1076.85 v _35578_/B (HAxp5_ASAP7_75t_R)
     4    3.72   49.44   69.99 1146.84 v _35578_/SN (HAxp5_ASAP7_75t_R)
                                         _00252_ (net)
                 49.44    0.03 1146.87 v _29453_/B (AO21x1_ASAP7_75t_R)
     1    0.84    9.17   22.94 1169.81 v _29453_/Y (AO21x1_ASAP7_75t_R)
                                         _09481_ (net)
                  9.17    0.03 1169.84 v _29454_/A2 (AO21x1_ASAP7_75t_R)
     2    1.34   11.12   16.51 1186.35 v _29454_/Y (AO21x1_ASAP7_75t_R)
                                         _09482_ (net)
                 11.12    0.01 1186.36 v _29488_/A2 (AO21x1_ASAP7_75t_R)
     1    0.81    8.62   15.45 1201.81 v _29488_/Y (AO21x1_ASAP7_75t_R)
                                         _09514_ (net)
                  8.62    0.02 1201.84 v _29489_/A2 (AO21x1_ASAP7_75t_R)
     2    1.21   10.10   15.97 1217.81 v _29489_/Y (AO21x1_ASAP7_75t_R)
                                         _09515_ (net)
                 10.10    0.00 1217.81 v _29532_/A2 (AO21x1_ASAP7_75t_R)
     1    0.70    8.12   14.85 1232.66 v _29532_/Y (AO21x1_ASAP7_75t_R)
                                         _09557_ (net)
                  8.12    0.02 1232.69 v _29536_/A2 (AO221x1_ASAP7_75t_R)
     2    2.63   18.65   27.78 1260.47 v _29536_/Y (AO221x1_ASAP7_75t_R)
                                         _09561_ (net)
                 18.65    0.06 1260.53 v _29537_/A (XNOR2x1_ASAP7_75t_R)
     1    1.41   26.73   15.14 1275.67 ^ _29537_/Y (XNOR2x1_ASAP7_75t_R)
                                         _09562_ (net)
                 26.73    0.15 1275.82 ^ _29539_/A2 (AO21x1_ASAP7_75t_R)
     2    2.13   16.32   21.12 1296.93 ^ _29539_/Y (AO21x1_ASAP7_75t_R)
                                         _09564_ (net)
                 16.32    0.05 1296.98 ^ _29540_/B (NAND2x1_ASAP7_75t_R)
     1    0.55    8.47    7.60 1304.58 v _29540_/Y (NAND2x1_ASAP7_75t_R)
                                         _09565_ (net)
                  8.47    0.01 1304.59 v _29541_/B (OA211x2_ASAP7_75t_R)
     1    1.31   10.71   26.38 1330.98 v _29541_/Y (OA211x2_ASAP7_75t_R)
                                         _09566_ (net)
                 10.72    0.13 1331.10 v _29545_/B (OR3x1_ASAP7_75t_R)
     1    1.15   12.14   25.75 1356.85 v _29545_/Y (OR3x1_ASAP7_75t_R)
                                         _09570_ (net)
                 12.14    0.10 1356.95 v _29547_/A1 (OA211x2_ASAP7_75t_R)
     3    6.37   25.22   30.81 1387.76 v _29547_/Y (OA211x2_ASAP7_75t_R)
                                         _09572_ (net)
                 26.78    3.33 1391.08 v _29554_/B (OR2x2_ASAP7_75t_R)
     3    3.28   14.65   28.90 1419.98 v _29554_/Y (OR2x2_ASAP7_75t_R)
                                         _09579_ (net)
                 14.65    0.09 1420.07 v _29555_/A (BUFx6f_ASAP7_75t_R)
     6    6.29    9.32   16.38 1436.45 v _29555_/Y (BUFx6f_ASAP7_75t_R)
                                         _09580_ (net)
                  9.90    1.22 1437.66 v _29767_/A (BUFx3_ASAP7_75t_R)
     5    3.65    9.52   16.07 1453.74 v _29767_/Y (BUFx3_ASAP7_75t_R)
                                         _09757_ (net)
                  9.52    0.07 1453.80 v _29876_/A1 (OA21x2_ASAP7_75t_R)
     1    0.70    6.28   16.68 1470.48 v _29876_/Y (OA21x2_ASAP7_75t_R)
                                         _02956_ (net)
                  6.28    0.01 1470.49 v gen_regfile_ff.register_file_i.rf_reg_q[189]$_DFFE_PN0P_/D (DFFASRHQNx1_ASAP7_75t_R)
                               1470.49   data arrival time

                  0.00 1260.00 1260.00   clock core_clock (rise edge)
                          0.00 1260.00   clock network delay (ideal)
                          0.00 1260.00   clock reconvergence pessimism
                               1260.00 ^ gen_regfile_ff.register_file_i.rf_reg_q[189]$_DFFE_PN0P_/CLK (DFFASRHQNx1_ASAP7_75t_R)
                         -5.23 1254.77   library setup time
                               1254.77   data required time
-----------------------------------------------------------------------------
                               1254.77   data required time
                               -1470.49   data arrival time
-----------------------------------------------------------------------------
                               -215.72   slack (VIOLATED)



==========================================================================
detailed place report_checks -unconstrained
--------------------------------------------------------------------------
Startpoint: rst_ni (input port clocked by core_clock)
Endpoint: gen_regfile_ff.register_file_i.rf_reg_q[722]$_DFFE_PN0P_
          (recovery check against rising-edge clock core_clock)
Path Group: asynchronous
Path Type: max

Fanout     Cap    Slew   Delay    Time   Description
-----------------------------------------------------------------------------
                  0.00    0.00    0.00   clock core_clock (rise edge)
                          0.00    0.00   clock network delay (ideal)
                        252.00  252.00 ^ input external delay
    57   78.36    0.00    0.00  252.00 ^ rst_ni (in)
                                         rst_ni (net)
                 17.86    5.64  257.64 ^ load_slew38/A (BUFx16f_ASAP7_75t_R)
    79  102.57   56.52   21.77  279.41 ^ load_slew38/Y (BUFx16f_ASAP7_75t_R)
                                         net60 (net)
                108.90   31.75  311.15 ^ load_slew37/A (BUFx24_ASAP7_75t_R)
    82  111.30   45.11   42.99  354.14 ^ load_slew37/Y (BUFx24_ASAP7_75t_R)
                                         net59 (net)
                153.66   47.19  401.33 ^ load_slew34/A (BUFx24_ASAP7_75t_R)
    88  119.75   55.32   51.29  452.61 ^ load_slew34/Y (BUFx24_ASAP7_75t_R)
                                         net56 (net)
                 56.71    4.90  457.51 ^ load_slew33/A (BUFx16f_ASAP7_75t_R)
    69   94.43   51.72   32.05  489.56 ^ load_slew33/Y (BUFx16f_ASAP7_75t_R)
                                         net55 (net)
                 77.90   18.44  508.00 ^ load_slew32/A (BUFx16f_ASAP7_75t_R)
    58   78.75   46.50   35.04  543.05 ^ load_slew32/Y (BUFx16f_ASAP7_75t_R)
                                         net54 (net)
                 76.86   20.55  563.59 ^ load_slew31/A (BUFx16f_ASAP7_75t_R)
    66   85.81   50.78   38.87  602.46 ^ load_slew31/Y (BUFx16f_ASAP7_75t_R)
                                         net53 (net)
                 67.24   15.09  617.55 ^ gen_regfile_ff.register_file_i.rf_reg_q[722]$_DFFE_PN0P_/SETN (DFFASRHQNx1_ASAP7_75t_R)
                                617.55   data arrival time

                  0.00 1260.00 1260.00   clock core_clock (rise edge)
                          0.00 1260.00   clock network delay (ideal)
                          0.00 1260.00   clock reconvergence pessimism
                               1260.00 ^ gen_regfile_ff.register_file_i.rf_reg_q[722]$_DFFE_PN0P_/CLK (DFFASRHQNx1_ASAP7_75t_R)
                         -5.78 1254.22   library recovery time
                               1254.22   data required time
-----------------------------------------------------------------------------
                               1254.22   data required time
                               -617.55   data arrival time
-----------------------------------------------------------------------------
                                636.67   slack (MET)


Startpoint: core_clock_gate_i.en_latch$_DLATCH_N_
            (negative level-sensitive latch clocked by core_clock)
Endpoint: _35046_ (rising clock gating-check end-point clocked by core_clock)
Path Group: gated clock
Path Type: max

Fanout     Cap    Slew   Delay    Time   Description
-----------------------------------------------------------------------------
                  0.00  630.00  630.00   clock core_clock (fall edge)
                          0.00  630.00   clock network delay (ideal)
                  0.00    0.00  630.00 v core_clock_gate_i.en_latch$_DLATCH_N_/CLK (DLLx1_ASAP7_75t_R)
     1    0.66    7.81   27.48  657.48 v core_clock_gate_i.en_latch$_DLATCH_N_/Q (DLLx1_ASAP7_75t_R)
                                         core_clock_gate_i.en_latch (net)
                  7.81    0.01  657.49 v _35046_/B (AND2x2_ASAP7_75t_R)
                                657.49   data arrival time

                  0.00 1260.00 1260.00   clock core_clock (rise edge)
                          0.00 1260.00   clock network delay (ideal)
                          0.00 1260.00   clock reconvergence pessimism
                               1260.00 ^ _35046_/A (AND2x2_ASAP7_75t_R)
                          0.00 1260.00   clock gating setup time
                               1260.00   data required time
-----------------------------------------------------------------------------
                               1260.00   data required time
                               -657.49   data arrival time
-----------------------------------------------------------------------------
                                602.51   slack (MET)


Startpoint: if_stage_i.instr_rdata_alu_id_o[21]$_DFFE_PN_
            (rising edge-triggered flip-flop clocked by core_clock)
Endpoint: gen_regfile_ff.register_file_i.rf_reg_q[189]$_DFFE_PN0P_
          (rising edge-triggered flip-flop clocked by core_clock)
Path Group: core_clock
Path Type: max

Fanout     Cap    Slew   Delay    Time   Description
-----------------------------------------------------------------------------
                  0.00    0.00    0.00   clock core_clock (rise edge)
                          0.00    0.00   clock network delay (ideal)
                  0.00    0.00    0.00 ^ if_stage_i.instr_rdata_alu_id_o[21]$_DFFE_PN_/CLK (DFFHQNx2_ASAP7_75t_R)
     5    6.30   30.42   49.78   49.78 v if_stage_i.instr_rdata_alu_id_o[21]$_DFFE_PN_/QN (DFFHQNx2_ASAP7_75t_R)
                                         _01552_ (net)
                 30.43    0.28   50.06 v _19184_/A (BUFx6f_ASAP7_75t_R)
     5    7.61   10.68   21.29   71.35 v _19184_/Y (BUFx6f_ASAP7_75t_R)
                                         _13455_ (net)
                 10.68    0.06   71.41 v _19185_/A (BUFx12f_ASAP7_75t_R)
    11   11.70    9.99   15.28   86.69 v _19185_/Y (BUFx12f_ASAP7_75t_R)
                                         _13456_ (net)
                 11.39    1.95   88.64 v _19186_/A (BUFx6f_ASAP7_75t_R)
     6    7.50   10.23   16.05  104.69 v _19186_/Y (BUFx6f_ASAP7_75t_R)
                                         _13457_ (net)
                 10.25    0.22  104.91 v _19187_/A (BUFx12f_ASAP7_75t_R)
     6   16.02   11.93   14.46  119.37 v _19187_/Y (BUFx12f_ASAP7_75t_R)
                                         _13458_ (net)
                 25.96    7.33  126.70 v _21306_/A (BUFx12f_ASAP7_75t_R)
     6    9.76    9.24   19.29  145.99 v _21306_/Y (BUFx12f_ASAP7_75t_R)
                                         _15503_ (net)
                  9.32    0.45  146.44 v _21335_/A (BUFx6f_ASAP7_75t_R)
    10   14.17   16.45   18.11  164.55 v _21335_/Y (BUFx6f_ASAP7_75t_R)
                                         _15532_ (net)
                 16.73    1.20  165.75 v _21336_/A (BUFx4f_ASAP7_75t_R)
    10    9.73   17.35   20.32  186.07 v _21336_/Y (BUFx4f_ASAP7_75t_R)
                                         _15533_ (net)
                 17.58    1.17  187.24 v _22390_/A1 (OA211x2_ASAP7_75t_R)
     1    0.65    9.15   23.49  210.73 v _22390_/Y (OA211x2_ASAP7_75t_R)
                                         _16557_ (net)
                  9.15    0.01  210.74 v _22391_/C (OR3x1_ASAP7_75t_R)
     1    0.79   10.03   24.36  235.10 v _22391_/Y (OR3x1_ASAP7_75t_R)
                                         _16558_ (net)
                 10.03    0.03  235.13 v _22392_/C (AND3x1_ASAP7_75t_R)
     1    1.93   13.50   18.01  253.14 v _22392_/Y (AND3x1_ASAP7_75t_R)
                                         _16559_ (net)
                 13.52    0.31  253.45 v _22393_/B (AO21x1_ASAP7_75t_R)
     1    1.15    9.29   18.14  271.59 v _22393_/Y (AO21x1_ASAP7_75t_R)
                                         _16560_ (net)
                  9.29    0.01  271.60 v _22425_/A2 (OAI21x1_ASAP7_75t_R)
     8   10.83   72.56   31.97  303.57 ^ _22425_/Y (OAI21x1_ASAP7_75t_R)
                                         _16592_ (net)
                 73.82    5.33  308.90 ^ _24194_/B (NOR2x1_ASAP7_75t_R)
     1    0.68   17.84   16.27  325.17 v _24194_/Y (NOR2x1_ASAP7_75t_R)
                                         _05201_ (net)
                 17.84    0.01  325.18 v _24195_/B (AO21x2_ASAP7_75t_R)
     8    6.84   23.82   28.02  353.20 v _24195_/Y (AO21x2_ASAP7_75t_R)
                                         _05202_ (net)
                 24.44    2.10  355.30 v _24442_/A (AND2x2_ASAP7_75t_R)
     1    1.65    8.92   23.94  379.23 v _24442_/Y (AND2x2_ASAP7_75t_R)
                                         _17911_ (net)
                  8.92    0.01  379.25 v _35401_/CI (FAx1_ASAP7_75t_R)
     8   16.87  252.96  115.83  495.08 ^ _35401_/CON (FAx1_ASAP7_75t_R)
                                         _17962_ (net)
     4    7.86  182.78   91.54  586.61 v _35401_/SN (FAx1_ASAP7_75t_R)
                                         _17914_ (net)
                182.78    0.63  587.24 v _35040_/A (INVx2_ASAP7_75t_R)
     2    3.85   42.43   32.86  620.10 ^ _35040_/Y (INVx2_ASAP7_75t_R)
                                         _17913_ (net)
                 42.43    0.05  620.15 ^ _35461_/CI (FAx1_ASAP7_75t_R)
     7   12.06  191.24  208.45  828.60 v _35461_/SN (FAx1_ASAP7_75t_R)
                                         _18080_ (net)
                191.24    0.03  828.63 v _35462_/A (FAx1_ASAP7_75t_R)
     1    2.36   76.55   61.04  889.67 ^ _35462_/CON (FAx1_ASAP7_75t_R)
                                         _18122_ (net)
     1    0.75   56.33   20.48  910.15 v _35462_/SN (FAx1_ASAP7_75t_R)
                                         _18479_ (net)
                 56.33    0.01  910.16 v _34879_/A (INVx1_ASAP7_75t_R)
     1    2.18   26.32   21.10  931.26 ^ _34879_/Y (INVx1_ASAP7_75t_R)
                                         _18081_ (net)
                 26.32    0.07  931.34 ^ _35463_/A (FAx1_ASAP7_75t_R)
     1    0.82   24.89   38.55  969.89 v _35463_/SN (FAx1_ASAP7_75t_R)
                                         _18480_ (net)
                 24.89    0.02  969.91 v _34816_/A (INVx1_ASAP7_75t_R)
     1    1.73   16.69   13.47  983.38 ^ _34816_/Y (INVx1_ASAP7_75t_R)
                                         _18083_ (net)
                 16.69    0.04  983.42 ^ _35467_/CI (FAx1_ASAP7_75t_R)
     1    0.81   27.16   35.24 1018.66 v _35467_/SN (FAx1_ASAP7_75t_R)
                                         _18484_ (net)
                 27.16    0.02 1018.68 v _34856_/A (INVx1_ASAP7_75t_R)
     1    2.24   20.03   15.74 1034.41 ^ _34856_/Y (INVx1_ASAP7_75t_R)
                                         _18092_ (net)
                 20.03    0.03 1034.44 ^ _35468_/B (FAx1_ASAP7_75t_R)
     1    1.22   33.81   42.36 1076.80 v _35468_/SN (FAx1_ASAP7_75t_R)
                                         _18486_ (net)
                 33.81    0.05 1076.85 v _35578_/B (HAxp5_ASAP7_75t_R)
     4    3.72   49.44   69.99 1146.84 v _35578_/SN (HAxp5_ASAP7_75t_R)
                                         _00252_ (net)
                 49.44    0.03 1146.87 v _29453_/B (AO21x1_ASAP7_75t_R)
     1    0.84    9.17   22.94 1169.81 v _29453_/Y (AO21x1_ASAP7_75t_R)
                                         _09481_ (net)
                  9.17    0.03 1169.84 v _29454_/A2 (AO21x1_ASAP7_75t_R)
     2    1.34   11.12   16.51 1186.35 v _29454_/Y (AO21x1_ASAP7_75t_R)
                                         _09482_ (net)
                 11.12    0.01 1186.36 v _29488_/A2 (AO21x1_ASAP7_75t_R)
     1    0.81    8.62   15.45 1201.81 v _29488_/Y (AO21x1_ASAP7_75t_R)
                                         _09514_ (net)
                  8.62    0.02 1201.84 v _29489_/A2 (AO21x1_ASAP7_75t_R)
     2    1.21   10.10   15.97 1217.81 v _29489_/Y (AO21x1_ASAP7_75t_R)
                                         _09515_ (net)
                 10.10    0.00 1217.81 v _29532_/A2 (AO21x1_ASAP7_75t_R)
     1    0.70    8.12   14.85 1232.66 v _29532_/Y (AO21x1_ASAP7_75t_R)
                                         _09557_ (net)
                  8.12    0.02 1232.69 v _29536_/A2 (AO221x1_ASAP7_75t_R)
     2    2.63   18.65   27.78 1260.47 v _29536_/Y (AO221x1_ASAP7_75t_R)
                                         _09561_ (net)
                 18.65    0.06 1260.53 v _29537_/A (XNOR2x1_ASAP7_75t_R)
     1    1.41   26.73   15.14 1275.67 ^ _29537_/Y (XNOR2x1_ASAP7_75t_R)
                                         _09562_ (net)
                 26.73    0.15 1275.82 ^ _29539_/A2 (AO21x1_ASAP7_75t_R)
     2    2.13   16.32   21.12 1296.93 ^ _29539_/Y (AO21x1_ASAP7_75t_R)
                                         _09564_ (net)
                 16.32    0.05 1296.98 ^ _29540_/B (NAND2x1_ASAP7_75t_R)
     1    0.55    8.47    7.60 1304.58 v _29540_/Y (NAND2x1_ASAP7_75t_R)
                                         _09565_ (net)
                  8.47    0.01 1304.59 v _29541_/B (OA211x2_ASAP7_75t_R)
     1    1.31   10.71   26.38 1330.98 v _29541_/Y (OA211x2_ASAP7_75t_R)
                                         _09566_ (net)
                 10.72    0.13 1331.10 v _29545_/B (OR3x1_ASAP7_75t_R)
     1    1.15   12.14   25.75 1356.85 v _29545_/Y (OR3x1_ASAP7_75t_R)
                                         _09570_ (net)
                 12.14    0.10 1356.95 v _29547_/A1 (OA211x2_ASAP7_75t_R)
     3    6.37   25.22   30.81 1387.76 v _29547_/Y (OA211x2_ASAP7_75t_R)
                                         _09572_ (net)
                 26.78    3.33 1391.08 v _29554_/B (OR2x2_ASAP7_75t_R)
     3    3.28   14.65   28.90 1419.98 v _29554_/Y (OR2x2_ASAP7_75t_R)
                                         _09579_ (net)
                 14.65    0.09 1420.07 v _29555_/A (BUFx6f_ASAP7_75t_R)
     6    6.29    9.32   16.38 1436.45 v _29555_/Y (BUFx6f_ASAP7_75t_R)
                                         _09580_ (net)
                  9.90    1.22 1437.66 v _29767_/A (BUFx3_ASAP7_75t_R)
     5    3.65    9.52   16.07 1453.74 v _29767_/Y (BUFx3_ASAP7_75t_R)
                                         _09757_ (net)
                  9.52    0.07 1453.80 v _29876_/A1 (OA21x2_ASAP7_75t_R)
     1    0.70    6.28   16.68 1470.48 v _29876_/Y (OA21x2_ASAP7_75t_R)
                                         _02956_ (net)
                  6.28    0.01 1470.49 v gen_regfile_ff.register_file_i.rf_reg_q[189]$_DFFE_PN0P_/D (DFFASRHQNx1_ASAP7_75t_R)
                               1470.49   data arrival time

                  0.00 1260.00 1260.00   clock core_clock (rise edge)
                          0.00 1260.00   clock network delay (ideal)
                          0.00 1260.00   clock reconvergence pessimism
                               1260.00 ^ gen_regfile_ff.register_file_i.rf_reg_q[189]$_DFFE_PN0P_/CLK (DFFASRHQNx1_ASAP7_75t_R)
                         -5.23 1254.77   library setup time
                               1254.77   data required time
-----------------------------------------------------------------------------
                               1254.77   data required time
                               -1470.49   data arrival time
-----------------------------------------------------------------------------
                               -215.72   slack (VIOLATED)



==========================================================================
detailed place report_check_types -max_slew -max_cap -max_fanout -violators
--------------------------------------------------------------------------

==========================================================================
detailed place max_slew_check_slack
--------------------------------------------------------------------------
36.185081481933594

==========================================================================
detailed place max_slew_check_limit
--------------------------------------------------------------------------
320.0

==========================================================================
detailed place max_slew_check_slack_limit
--------------------------------------------------------------------------
0.1131

==========================================================================
detailed place max_fanout_check_slack
--------------------------------------------------------------------------
1.0000000150474662e+30

==========================================================================
detailed place max_fanout_check_limit
--------------------------------------------------------------------------
1.0000000150474662e+30

==========================================================================
detailed place max_capacitance_check_slack
--------------------------------------------------------------------------
8.366036415100098

==========================================================================
detailed place max_capacitance_check_limit
--------------------------------------------------------------------------
23.040000915527344

==========================================================================
detailed place max_capacitance_check_slack_limit
--------------------------------------------------------------------------
0.3631

==========================================================================
detailed place max_slew_violation_count
--------------------------------------------------------------------------
max slew violation count 0

==========================================================================
detailed place max_fanout_violation_count
--------------------------------------------------------------------------
max fanout violation count 0

==========================================================================
detailed place max_cap_violation_count
--------------------------------------------------------------------------
max cap violation count 0

==========================================================================
detailed place setup_violation_count
--------------------------------------------------------------------------
setup violation count 287

==========================================================================
detailed place hold_violation_count
--------------------------------------------------------------------------
hold violation count 0

==========================================================================
detailed place report_checks -path_delay max reg to reg
--------------------------------------------------------------------------
Startpoint: if_stage_i.instr_rdata_alu_id_o[21]$_DFFE_PN_
            (rising edge-triggered flip-flop clocked by core_clock)
Endpoint: gen_regfile_ff.register_file_i.rf_reg_q[189]$_DFFE_PN0P_
          (rising edge-triggered flip-flop clocked by core_clock)
Path Group: core_clock
Path Type: max

  Delay    Time   Description
---------------------------------------------------------
   0.00    0.00   clock core_clock (rise edge)
   0.00    0.00   clock network delay (ideal)
   0.00    0.00 ^ if_stage_i.instr_rdata_alu_id_o[21]$_DFFE_PN_/CLK (DFFHQNx2_ASAP7_75t_R)
  49.78   49.78 v if_stage_i.instr_rdata_alu_id_o[21]$_DFFE_PN_/QN (DFFHQNx2_ASAP7_75t_R)
  21.57   71.35 v _19184_/Y (BUFx6f_ASAP7_75t_R)
  15.34   86.69 v _19185_/Y (BUFx12f_ASAP7_75t_R)
  18.00  104.69 v _19186_/Y (BUFx6f_ASAP7_75t_R)
  14.68  119.37 v _19187_/Y (BUFx12f_ASAP7_75t_R)
  26.62  145.99 v _21306_/Y (BUFx12f_ASAP7_75t_R)
  18.56  164.55 v _21335_/Y (BUFx6f_ASAP7_75t_R)
  21.52  186.07 v _21336_/Y (BUFx4f_ASAP7_75t_R)
  24.66  210.73 v _22390_/Y (OA211x2_ASAP7_75t_R)
  24.37  235.10 v _22391_/Y (OR3x1_ASAP7_75t_R)
  18.04  253.14 v _22392_/Y (AND3x1_ASAP7_75t_R)
  18.45  271.59 v _22393_/Y (AO21x1_ASAP7_75t_R)
  31.98  303.57 ^ _22425_/Y (OAI21x1_ASAP7_75t_R)
  21.60  325.17 v _24194_/Y (NOR2x1_ASAP7_75t_R)
  28.03  353.20 v _24195_/Y (AO21x2_ASAP7_75t_R)
  26.03  379.23 v _24442_/Y (AND2x2_ASAP7_75t_R)
 115.84  495.08 ^ _35401_/CON (FAx1_ASAP7_75t_R)
  91.54  586.61 v _35401_/SN (FAx1_ASAP7_75t_R)
  33.49  620.10 ^ _35040_/Y (INVx2_ASAP7_75t_R)
 208.50  828.60 v _35461_/SN (FAx1_ASAP7_75t_R)
  61.08  889.67 ^ _35462_/CON (FAx1_ASAP7_75t_R)
  20.48  910.15 v _35462_/SN (FAx1_ASAP7_75t_R)
  21.11  931.26 ^ _34879_/Y (INVx1_ASAP7_75t_R)
  38.62  969.89 v _35463_/SN (FAx1_ASAP7_75t_R)
  13.49  983.38 ^ _34816_/Y (INVx1_ASAP7_75t_R)
  35.28 1018.66 v _35467_/SN (FAx1_ASAP7_75t_R)
  15.75 1034.41 ^ _34856_/Y (INVx1_ASAP7_75t_R)
  42.39 1076.80 v _35468_/SN (FAx1_ASAP7_75t_R)
  70.04 1146.84 v _35578_/SN (HAxp5_ASAP7_75t_R)
  22.98 1169.81 v _29453_/Y (AO21x1_ASAP7_75t_R)
  16.54 1186.35 v _29454_/Y (AO21x1_ASAP7_75t_R)
  15.46 1201.81 v _29488_/Y (AO21x1_ASAP7_75t_R)
  16.00 1217.81 v _29489_/Y (AO21x1_ASAP7_75t_R)
  14.86 1232.66 v _29532_/Y (AO21x1_ASAP7_75t_R)
  27.81 1260.47 v _29536_/Y (AO221x1_ASAP7_75t_R)
  15.20 1275.67 ^ _29537_/Y (XNOR2x1_ASAP7_75t_R)
  21.27 1296.93 ^ _29539_/Y (AO21x1_ASAP7_75t_R)
   7.65 1304.58 v _29540_/Y (NAND2x1_ASAP7_75t_R)
  26.40 1330.98 v _29541_/Y (OA211x2_ASAP7_75t_R)
  25.88 1356.85 v _29545_/Y (OR3x1_ASAP7_75t_R)
  30.90 1387.76 v _29547_/Y (OA211x2_ASAP7_75t_R)
  32.22 1419.98 v _29554_/Y (OR2x2_ASAP7_75t_R)
  16.46 1436.45 v _29555_/Y (BUFx6f_ASAP7_75t_R)
  17.29 1453.74 v _29767_/Y (BUFx3_ASAP7_75t_R)
  16.75 1470.48 v _29876_/Y (OA21x2_ASAP7_75t_R)
   0.01 1470.49 v gen_regfile_ff.register_file_i.rf_reg_q[189]$_DFFE_PN0P_/D (DFFASRHQNx1_ASAP7_75t_R)
        1470.49   data arrival time

1260.00 1260.00   clock core_clock (rise edge)
   0.00 1260.00   clock network delay (ideal)
   0.00 1260.00   clock reconvergence pessimism
        1260.00 ^ gen_regfile_ff.register_file_i.rf_reg_q[189]$_DFFE_PN0P_/CLK (DFFASRHQNx1_ASAP7_75t_R)
  -5.23 1254.77   library setup time
        1254.77   data required time
---------------------------------------------------------
        1254.77   data required time
        -1470.49   data arrival time
---------------------------------------------------------
        -215.72   slack (VIOLATED)



==========================================================================
detailed place report_checks -path_delay min reg to reg
--------------------------------------------------------------------------
Startpoint: gen_regfile_ff.register_file_i.rf_reg_q[936]$_DFFE_PN0P_
            (rising edge-triggered flip-flop clocked by core_clock)
Endpoint: gen_regfile_ff.register_file_i.rf_reg_q[936]$_DFFE_PN0P_
          (rising edge-triggered flip-flop clocked by core_clock)
Path Group: core_clock
Path Type: min

  Delay    Time   Description
---------------------------------------------------------
   0.00    0.00   clock core_clock (rise edge)
   0.00    0.00   clock network delay (ideal)
   0.00    0.00 ^ gen_regfile_ff.register_file_i.rf_reg_q[936]$_DFFE_PN0P_/CLK (DFFASRHQNx1_ASAP7_75t_R)
  39.60   39.60 ^ gen_regfile_ff.register_file_i.rf_reg_q[936]$_DFFE_PN0P_/QN (DFFASRHQNx1_ASAP7_75t_R)
   7.39   46.99 v _31822_/Y (OAI21x1_ASAP7_75t_R)
   0.01   47.01 v gen_regfile_ff.register_file_i.rf_reg_q[936]$_DFFE_PN0P_/D (DFFASRHQNx1_ASAP7_75t_R)
          47.01   data arrival time

   0.00    0.00   clock core_clock (rise edge)
   0.00    0.00   clock network delay (ideal)
   0.00    0.00   clock reconvergence pessimism
           0.00 ^ gen_regfile_ff.register_file_i.rf_reg_q[936]$_DFFE_PN0P_/CLK (DFFASRHQNx1_ASAP7_75t_R)
   9.28    9.28   library hold time
           9.28   data required time
---------------------------------------------------------
           9.28   data required time
         -47.01   data arrival time
---------------------------------------------------------
          37.73   slack (MET)



==========================================================================
detailed place critical path target clock latency max path
--------------------------------------------------------------------------
0.0000

==========================================================================
detailed place critical path target clock latency min path
--------------------------------------------------------------------------
0.0000

==========================================================================
detailed place critical path source clock latency min path
--------------------------------------------------------------------------
0.0000

==========================================================================
detailed place critical path delay
--------------------------------------------------------------------------
1470.4929

==========================================================================
detailed place critical path slack
--------------------------------------------------------------------------
-215.7183

==========================================================================
detailed place slack div critical path delay
--------------------------------------------------------------------------
-14.669795

==========================================================================
detailed place report_power
--------------------------------------------------------------------------
Group                  Internal  Switching    Leakage      Total
                          Power      Power      Power      Power (Watts)
----------------------------------------------------------------
Sequential             3.13e-03   9.13e-04   2.10e-07   4.04e-03  10.0%
Combinational          1.61e-02   2.02e-02   1.76e-06   3.63e-02  89.8%
Clock                  5.95e-07   1.04e-04   1.16e-10   1.04e-04   0.3%
Macro                  0.00e+00   0.00e+00   0.00e+00   0.00e+00   0.0%
Pad                    0.00e+00   0.00e+00   0.00e+00   0.00e+00   0.0%
----------------------------------------------------------------
Total                  1.92e-02   2.12e-02   1.97e-06   4.05e-02 100.0%
                          47.5%      52.5%       0.0%
