
==========================================================================
global place report_tns
--------------------------------------------------------------------------
tns -37893.76

==========================================================================
global place report_wns
--------------------------------------------------------------------------
wns -209.23

==========================================================================
global place report_worst_slack
--------------------------------------------------------------------------
worst slack -209.23

==========================================================================
global place report_checks -path_delay min
--------------------------------------------------------------------------
Startpoint: rst_ni (input port clocked by core_clock)
Endpoint: cs_registers_i.u_mie_csr.rdata_q[7]$_DFFE_PN0P_
          (removal check against rising-edge clock core_clock)
Path Group: asynchronous
Path Type: min

Fanout     Cap    Slew   Delay    Time   Description
-----------------------------------------------------------------------------
                  0.00    0.00    0.00   clock core_clock (rise edge)
                          0.00    0.00   clock network delay (ideal)
                        252.00  252.00 ^ input external delay
    57   62.71    0.00    0.00  252.00 ^ rst_ni (in)
                                         rst_ni (net)
                 11.01    3.47  255.47 ^ cs_registers_i.u_mie_csr.rdata_q[7]$_DFFE_PN0P_/SETN (DFFASRHQNx1_ASAP7_75t_R)
                                255.47   data arrival time

                  0.00    0.00    0.00   clock core_clock (rise edge)
                          0.00    0.00   clock network delay (ideal)
                          0.00    0.00   clock reconvergence pessimism
                                  0.00 ^ cs_registers_i.u_mie_csr.rdata_q[7]$_DFFE_PN0P_/CLK (DFFASRHQNx1_ASAP7_75t_R)
                         16.25   16.25   library removal time
                                 16.25   data required time
-----------------------------------------------------------------------------
                                 16.25   data required time
                               -255.47   data arrival time
-----------------------------------------------------------------------------
                                239.22   slack (MET)


Startpoint: core_clock_gate_i.en_latch$_DLATCH_N_
            (negative level-sensitive latch clocked by core_clock)
Endpoint: _35046_ (rising clock gating-check end-point clocked by core_clock)
Path Group: gated clock
Path Type: min

Fanout     Cap    Slew   Delay    Time   Description
-----------------------------------------------------------------------------
                  0.00  630.00  630.00   clock core_clock (fall edge)
                          0.00  630.00   clock network delay (ideal)
                  0.00    0.00  630.00 v core_clock_gate_i.en_latch$_DLATCH_N_/CLK (DLLx1_ASAP7_75t_R)
     1    0.36    6.32   17.43  647.43 ^ core_clock_gate_i.en_latch$_DLATCH_N_/Q (DLLx1_ASAP7_75t_R)
                                         core_clock_gate_i.en_latch (net)
                  6.32    0.00  647.43 ^ _35046_/B (AND2x2_ASAP7_75t_R)
                                647.43   data arrival time

                  0.00  630.00  630.00   clock core_clock (fall edge)
                          0.00  630.00   clock network delay (ideal)
                          0.00  630.00   clock reconvergence pessimism
                                630.00 v _35046_/A (AND2x2_ASAP7_75t_R)
                          0.00  630.00   clock gating hold time
                                630.00   data required time
-----------------------------------------------------------------------------
                                630.00   data required time
                               -647.43   data arrival time
-----------------------------------------------------------------------------
                                 17.43   slack (MET)


Startpoint: cs_registers_i.u_mstack_epc_csr.rdata_q[2]$_DFFE_PN0P_
            (rising edge-triggered flip-flop clocked by core_clock)
Endpoint: cs_registers_i.u_mstack_epc_csr.rdata_q[2]$_DFFE_PN0P_
          (rising edge-triggered flip-flop clocked by core_clock)
Path Group: core_clock
Path Type: min

Fanout     Cap    Slew   Delay    Time   Description
-----------------------------------------------------------------------------
                  0.00    0.00    0.00   clock core_clock (rise edge)
                          0.00    0.00   clock network delay (ideal)
                  0.00    0.00    0.00 ^ cs_registers_i.u_mstack_epc_csr.rdata_q[2]$_DFFE_PN0P_/CLK (DFFASRHQNx1_ASAP7_75t_R)
     2    1.22   16.64   37.87   37.87 ^ cs_registers_i.u_mstack_epc_csr.rdata_q[2]$_DFFE_PN0P_/QN (DFFASRHQNx1_ASAP7_75t_R)
                                         _01865_ (net)
                 16.64    0.01   37.88 ^ _27544_/A1 (AOI21x1_ASAP7_75t_R)
     1    0.68    5.57    8.82   46.70 v _27544_/Y (AOI21x1_ASAP7_75t_R)
                                         _02715_ (net)
                  5.57    0.01   46.71 v cs_registers_i.u_mstack_epc_csr.rdata_q[2]$_DFFE_PN0P_/D (DFFASRHQNx1_ASAP7_75t_R)
                                 46.71   data arrival time

                  0.00    0.00    0.00   clock core_clock (rise edge)
                          0.00    0.00   clock network delay (ideal)
                          0.00    0.00   clock reconvergence pessimism
                                  0.00 ^ cs_registers_i.u_mstack_epc_csr.rdata_q[2]$_DFFE_PN0P_/CLK (DFFASRHQNx1_ASAP7_75t_R)
                          9.35    9.35   library hold time
                                  9.35   data required time
-----------------------------------------------------------------------------
                                  9.35   data required time
                                -46.71   data arrival time
-----------------------------------------------------------------------------
                                 37.37   slack (MET)



==========================================================================
global place report_checks -path_delay max
--------------------------------------------------------------------------
Startpoint: rst_ni (input port clocked by core_clock)
Endpoint: gen_regfile_ff.register_file_i.rf_reg_q[722]$_DFFE_PN0P_
          (recovery check against rising-edge clock core_clock)
Path Group: asynchronous
Path Type: max

Fanout     Cap    Slew   Delay    Time   Description
-----------------------------------------------------------------------------
                  0.00    0.00    0.00   clock core_clock (rise edge)
                          0.00    0.00   clock network delay (ideal)
                        252.00  252.00 ^ input external delay
    57   78.25    0.00    0.00  252.00 ^ rst_ni (in)
                                         rst_ni (net)
                 17.58    5.55  257.55 ^ load_slew38/A (BUFx16f_ASAP7_75t_R)
    79  102.10   56.24   21.51  279.06 ^ load_slew38/Y (BUFx16f_ASAP7_75t_R)
                                         net60 (net)
                108.44   31.60  310.66 ^ load_slew37/A (BUFx24_ASAP7_75t_R)
    82  111.22   44.08   42.48  353.14 ^ load_slew37/Y (BUFx24_ASAP7_75t_R)
                                         net59 (net)
                161.76   50.03  403.17 ^ load_slew34/A (BUFx24_ASAP7_75t_R)
    88  119.77   55.02   51.21  454.38 ^ load_slew34/Y (BUFx24_ASAP7_75t_R)
                                         net56 (net)
                 60.60    8.56  462.94 ^ load_slew33/A (BUFx16f_ASAP7_75t_R)
    69   94.30   52.12   32.04  494.98 ^ load_slew33/Y (BUFx16f_ASAP7_75t_R)
                                         net55 (net)
                 90.55   24.08  519.05 ^ load_slew32/A (BUFx16f_ASAP7_75t_R)
    58   78.97   46.70   36.03  555.09 ^ load_slew32/Y (BUFx16f_ASAP7_75t_R)
                                         net54 (net)
                 79.29   21.46  576.55 ^ load_slew31/A (BUFx16f_ASAP7_75t_R)
    66   86.05   50.71   41.29  617.84 ^ load_slew31/Y (BUFx16f_ASAP7_75t_R)
                                         net53 (net)
                 59.38   11.00  628.84 ^ gen_regfile_ff.register_file_i.rf_reg_q[722]$_DFFE_PN0P_/SETN (DFFASRHQNx1_ASAP7_75t_R)
                                628.84   data arrival time

                  0.00 1260.00 1260.00   clock core_clock (rise edge)
                          0.00 1260.00   clock network delay (ideal)
                          0.00 1260.00   clock reconvergence pessimism
                               1260.00 ^ gen_regfile_ff.register_file_i.rf_reg_q[722]$_DFFE_PN0P_/CLK (DFFASRHQNx1_ASAP7_75t_R)
                         -5.17 1254.83   library recovery time
                               1254.83   data required time
-----------------------------------------------------------------------------
                               1254.83   data required time
                               -628.84   data arrival time
-----------------------------------------------------------------------------
                                625.98   slack (MET)


Startpoint: core_clock_gate_i.en_latch$_DLATCH_N_
            (negative level-sensitive latch clocked by core_clock)
Endpoint: _35046_ (rising clock gating-check end-point clocked by core_clock)
Path Group: gated clock
Path Type: max

Fanout     Cap    Slew   Delay    Time   Description
-----------------------------------------------------------------------------
                  0.00  630.00  630.00   clock core_clock (fall edge)
                          0.00  630.00   clock network delay (ideal)
                  0.00    0.00  630.00 v core_clock_gate_i.en_latch$_DLATCH_N_/CLK (DLLx1_ASAP7_75t_R)
     1    0.61    7.57   27.32  657.32 v core_clock_gate_i.en_latch$_DLATCH_N_/Q (DLLx1_ASAP7_75t_R)
                                         core_clock_gate_i.en_latch (net)
                  7.57    0.01  657.32 v _35046_/B (AND2x2_ASAP7_75t_R)
                                657.32   data arrival time

                  0.00 1260.00 1260.00   clock core_clock (rise edge)
                          0.00 1260.00   clock network delay (ideal)
                          0.00 1260.00   clock reconvergence pessimism
                               1260.00 ^ _35046_/A (AND2x2_ASAP7_75t_R)
                          0.00 1260.00   clock gating setup time
                               1260.00   data required time
-----------------------------------------------------------------------------
                               1260.00   data required time
                               -657.32   data arrival time
-----------------------------------------------------------------------------
                                602.68   slack (MET)


Startpoint: if_stage_i.instr_rdata_alu_id_o[21]$_DFFE_PN_
            (rising edge-triggered flip-flop clocked by core_clock)
Endpoint: gen_regfile_ff.register_file_i.rf_reg_q[317]$_DFFE_PN0P_
          (rising edge-triggered flip-flop clocked by core_clock)
Path Group: core_clock
Path Type: max

Fanout     Cap    Slew   Delay    Time   Description
-----------------------------------------------------------------------------
                  0.00    0.00    0.00   clock core_clock (rise edge)
                          0.00    0.00   clock network delay (ideal)
                  0.00    0.00    0.00 ^ if_stage_i.instr_rdata_alu_id_o[21]$_DFFE_PN_/CLK (DFFHQNx2_ASAP7_75t_R)
     5    6.18   29.98   49.63   49.63 v if_stage_i.instr_rdata_alu_id_o[21]$_DFFE_PN_/QN (DFFHQNx2_ASAP7_75t_R)
                                         _01552_ (net)
                 29.98    0.18   49.81 v _19184_/A (BUFx6f_ASAP7_75t_R)
     5    7.55   10.61   21.16   70.97 v _19184_/Y (BUFx6f_ASAP7_75t_R)
                                         _13455_ (net)
                 10.61    0.07   71.03 v _19185_/A (BUFx12f_ASAP7_75t_R)
    11   11.71   10.04   15.15   86.18 v _19185_/Y (BUFx12f_ASAP7_75t_R)
                                         _13456_ (net)
                 12.03    2.32   88.51 v _19186_/A (BUFx6f_ASAP7_75t_R)
     6    7.51   10.22   16.28  104.79 v _19186_/Y (BUFx6f_ASAP7_75t_R)
                                         _13457_ (net)
                 10.22    0.11  104.90 v _19187_/A (BUFx12f_ASAP7_75t_R)
     6   15.90   12.35   14.57  119.47 v _19187_/Y (BUFx12f_ASAP7_75t_R)
                                         _13458_ (net)
                 24.45    6.82  126.29 v _21306_/A (BUFx12f_ASAP7_75t_R)
     6    9.84    9.31   18.93  145.22 v _21306_/Y (BUFx12f_ASAP7_75t_R)
                                         _15503_ (net)
                  9.44    0.60  145.81 v _21307_/A (BUFx6f_ASAP7_75t_R)
     5    6.74    9.19   15.24  161.06 v _21307_/Y (BUFx6f_ASAP7_75t_R)
                                         _15504_ (net)
                  9.19    0.04  161.10 v _21896_/A (BUFx6f_ASAP7_75t_R)
    10    8.09   10.78   15.60  176.70 v _21896_/Y (BUFx6f_ASAP7_75t_R)
                                         _16079_ (net)
                 10.92    0.68  177.39 v _22124_/A1 (OA211x2_ASAP7_75t_R)
     1    0.62    9.08   22.00  199.38 v _22124_/Y (OA211x2_ASAP7_75t_R)
                                         _16299_ (net)
                  9.08    0.00  199.39 v _22125_/C (OR3x1_ASAP7_75t_R)
     1    2.14   17.99   29.17  228.56 v _22125_/Y (OR3x1_ASAP7_75t_R)
                                         _16300_ (net)
                 18.02    0.41  228.97 v _22126_/B (OA211x2_ASAP7_75t_R)
     1    0.64    9.13   28.07  257.04 v _22126_/Y (OA211x2_ASAP7_75t_R)
                                         _16301_ (net)
                  9.13    0.00  257.04 v _22145_/C (OR3x2_ASAP7_75t_R)
     2    3.20   17.41   33.79  290.83 v _22145_/Y (OR3x2_ASAP7_75t_R)
                                         _16320_ (net)
                 17.50    0.69  291.52 v _22179_/B (AND2x4_ASAP7_75t_R)
     6    6.79   14.61   22.18  313.70 v _22179_/Y (AND2x4_ASAP7_75t_R)
                                         _16354_ (net)
                 15.52    1.95  315.65 v _24175_/A2 (AO21x2_ASAP7_75t_R)
     8    8.87   29.22   28.40  344.05 v _24175_/Y (AO21x2_ASAP7_75t_R)
                                         _05187_ (net)
                 30.58    3.41  347.46 v _24418_/B (NAND2x2_ASAP7_75t_R)
     2    3.04   19.22   17.64  365.10 ^ _24418_/Y (NAND2x2_ASAP7_75t_R)
                                         _17865_ (net)
                 19.22    0.05  365.15 ^ _24419_/A (INVx2_ASAP7_75t_R)
     2    3.73   13.90   10.92  376.07 v _24419_/Y (INVx2_ASAP7_75t_R)
                                         _17820_ (net)
                 13.90    0.04  376.10 v _35401_/A (FAx1_ASAP7_75t_R)
     8   16.75  251.26  116.93  493.04 ^ _35401_/CON (FAx1_ASAP7_75t_R)
                                         _17962_ (net)
     4    7.80  181.69   90.94  583.98 v _35401_/SN (FAx1_ASAP7_75t_R)
                                         _17914_ (net)
                181.70    0.60  584.58 v _35040_/A (INVx2_ASAP7_75t_R)
     2    3.75   41.69   32.38  616.96 ^ _35040_/Y (INVx2_ASAP7_75t_R)
                                         _17913_ (net)
                 41.69    0.04  617.00 ^ _35461_/CI (FAx1_ASAP7_75t_R)
     7   11.90  188.87  205.81  822.81 v _35461_/SN (FAx1_ASAP7_75t_R)
                                         _18080_ (net)
                188.87    0.01  822.82 v _35462_/A (FAx1_ASAP7_75t_R)
     1    2.41   76.78   61.20  884.02 ^ _35462_/CON (FAx1_ASAP7_75t_R)
                                         _18122_ (net)
     1    0.76   56.11   20.59  904.61 v _35462_/SN (FAx1_ASAP7_75t_R)
                                         _18479_ (net)
                 56.11    0.01  904.62 v _34879_/A (INVx1_ASAP7_75t_R)
     1    2.16   26.13   20.96  925.58 ^ _34879_/Y (INVx1_ASAP7_75t_R)
                                         _18081_ (net)
                 26.13    0.06  925.65 ^ _35463_/A (FAx1_ASAP7_75t_R)
     1    0.83   24.97   38.64  964.29 v _35463_/SN (FAx1_ASAP7_75t_R)
                                         _18480_ (net)
                 24.97    0.02  964.31 v _34816_/A (INVx1_ASAP7_75t_R)
     1    1.76   16.88   13.58  977.89 ^ _34816_/Y (INVx1_ASAP7_75t_R)
                                         _18083_ (net)
                 16.88    0.05  977.94 ^ _35467_/CI (FAx1_ASAP7_75t_R)
     1    0.82   27.19   35.36 1013.30 v _35467_/SN (FAx1_ASAP7_75t_R)
                                         _18484_ (net)
                 27.19    0.02 1013.32 v _34856_/A (INVx1_ASAP7_75t_R)
     1    2.29   20.33   15.92 1029.23 ^ _34856_/Y (INVx1_ASAP7_75t_R)
                                         _18092_ (net)
                 20.33    0.05 1029.28 ^ _35468_/B (FAx1_ASAP7_75t_R)
     1    1.26   34.66   43.00 1072.28 v _35468_/SN (FAx1_ASAP7_75t_R)
                                         _18486_ (net)
                 34.66    0.06 1072.34 v _35578_/B (HAxp5_ASAP7_75t_R)
     4    3.64   74.83   69.17 1141.51 v _35578_/SN (HAxp5_ASAP7_75t_R)
                                         _00252_ (net)
                 74.83    0.05 1141.55 v _29453_/B (AO21x1_ASAP7_75t_R)
     1    0.66    8.31   25.41 1166.96 v _29453_/Y (AO21x1_ASAP7_75t_R)
                                         _09481_ (net)
                  8.31    0.00 1166.97 v _29454_/A2 (AO21x1_ASAP7_75t_R)
     2    1.16   10.32   15.76 1182.73 v _29454_/Y (AO21x1_ASAP7_75t_R)
                                         _09482_ (net)
                 10.32    0.02 1182.74 v _29488_/A2 (AO21x1_ASAP7_75t_R)
     1    0.74    8.29   15.04 1197.78 v _29488_/Y (AO21x1_ASAP7_75t_R)
                                         _09514_ (net)
                  8.29    0.01 1197.80 v _29489_/A2 (AO21x1_ASAP7_75t_R)
     2    1.19   10.38   15.83 1213.62 v _29489_/Y (AO21x1_ASAP7_75t_R)
                                         _09515_ (net)
                 10.38    0.01 1213.63 v _29532_/A2 (AO21x1_ASAP7_75t_R)
     1    0.62    7.75   14.70 1228.33 v _29532_/Y (AO21x1_ASAP7_75t_R)
                                         _09557_ (net)
                  7.75    0.01 1228.34 v _29536_/A2 (AO221x1_ASAP7_75t_R)
     2    2.46   17.85   27.23 1255.58 v _29536_/Y (AO221x1_ASAP7_75t_R)
                                         _09561_ (net)
                 17.85    0.04 1255.62 v _29537_/A (XNOR2x1_ASAP7_75t_R)
     1    1.45   26.83   15.01 1270.64 ^ _29537_/Y (XNOR2x1_ASAP7_75t_R)
                                         _09562_ (net)
                 26.83    0.16 1270.80 ^ _29539_/A2 (AO21x1_ASAP7_75t_R)
     2    2.03   15.74   20.85 1291.65 ^ _29539_/Y (AO21x1_ASAP7_75t_R)
                                         _09564_ (net)
                 15.74    0.03 1291.68 ^ _29540_/B (NAND2x1_ASAP7_75t_R)
     1    0.52    8.20    7.39 1299.07 v _29540_/Y (NAND2x1_ASAP7_75t_R)
                                         _09565_ (net)
                  8.20    0.01 1299.08 v _29541_/B (OA211x2_ASAP7_75t_R)
     1    1.24   10.53   26.16 1325.23 v _29541_/Y (OA211x2_ASAP7_75t_R)
                                         _09566_ (net)
                 10.53    0.11 1325.35 v _29545_/B (OR3x1_ASAP7_75t_R)
     1    1.16   12.20   25.74 1351.09 v _29545_/Y (OR3x1_ASAP7_75t_R)
                                         _09570_ (net)
                 12.20    0.10 1351.19 v _29547_/A1 (OA211x2_ASAP7_75t_R)
     3    6.21   24.70   30.64 1381.83 v _29547_/Y (OA211x2_ASAP7_75t_R)
                                         _09572_ (net)
                 26.18    3.20 1385.03 v _29554_/B (OR2x2_ASAP7_75t_R)
     3    3.31   14.72   28.76 1413.78 v _29554_/Y (OR2x2_ASAP7_75t_R)
                                         _09579_ (net)
                 14.72    0.11 1413.89 v _29555_/A (BUFx6f_ASAP7_75t_R)
     6    6.23    9.26   16.37 1430.26 v _29555_/Y (BUFx6f_ASAP7_75t_R)
                                         _09580_ (net)
                  9.87    1.24 1431.50 v _29767_/A (BUFx3_ASAP7_75t_R)
     5    3.46    9.21   15.88 1447.38 v _29767_/Y (BUFx3_ASAP7_75t_R)
                                         _09757_ (net)
                  9.22    0.09 1447.47 v _30204_/A1 (OA21x2_ASAP7_75t_R)
     1    0.66    6.19   16.55 1464.02 v _30204_/Y (OA21x2_ASAP7_75t_R)
                                         _03099_ (net)
                  6.19    0.01 1464.03 v gen_regfile_ff.register_file_i.rf_reg_q[317]$_DFFE_PN0P_/D (DFFASRHQNx1_ASAP7_75t_R)
                               1464.03   data arrival time

                  0.00 1260.00 1260.00   clock core_clock (rise edge)
                          0.00 1260.00   clock network delay (ideal)
                          0.00 1260.00   clock reconvergence pessimism
                               1260.00 ^ gen_regfile_ff.register_file_i.rf_reg_q[317]$_DFFE_PN0P_/CLK (DFFASRHQNx1_ASAP7_75t_R)
                         -5.20 1254.80   library setup time
                               1254.80   data required time
-----------------------------------------------------------------------------
                               1254.80   data required time
                               -1464.03   data arrival time
-----------------------------------------------------------------------------
                               -209.23   slack (VIOLATED)



==========================================================================
global place report_checks -unconstrained
--------------------------------------------------------------------------
Startpoint: rst_ni (input port clocked by core_clock)
Endpoint: gen_regfile_ff.register_file_i.rf_reg_q[722]$_DFFE_PN0P_
          (recovery check against rising-edge clock core_clock)
Path Group: asynchronous
Path Type: max

Fanout     Cap    Slew   Delay    Time   Description
-----------------------------------------------------------------------------
                  0.00    0.00    0.00   clock core_clock (rise edge)
                          0.00    0.00   clock network delay (ideal)
                        252.00  252.00 ^ input external delay
    57   78.25    0.00    0.00  252.00 ^ rst_ni (in)
                                         rst_ni (net)
                 17.58    5.55  257.55 ^ load_slew38/A (BUFx16f_ASAP7_75t_R)
    79  102.10   56.24   21.51  279.06 ^ load_slew38/Y (BUFx16f_ASAP7_75t_R)
                                         net60 (net)
                108.44   31.60  310.66 ^ load_slew37/A (BUFx24_ASAP7_75t_R)
    82  111.22   44.08   42.48  353.14 ^ load_slew37/Y (BUFx24_ASAP7_75t_R)
                                         net59 (net)
                161.76   50.03  403.17 ^ load_slew34/A (BUFx24_ASAP7_75t_R)
    88  119.77   55.02   51.21  454.38 ^ load_slew34/Y (BUFx24_ASAP7_75t_R)
                                         net56 (net)
                 60.60    8.56  462.94 ^ load_slew33/A (BUFx16f_ASAP7_75t_R)
    69   94.30   52.12   32.04  494.98 ^ load_slew33/Y (BUFx16f_ASAP7_75t_R)
                                         net55 (net)
                 90.55   24.08  519.05 ^ load_slew32/A (BUFx16f_ASAP7_75t_R)
    58   78.97   46.70   36.03  555.09 ^ load_slew32/Y (BUFx16f_ASAP7_75t_R)
                                         net54 (net)
                 79.29   21.46  576.55 ^ load_slew31/A (BUFx16f_ASAP7_75t_R)
    66   86.05   50.71   41.29  617.84 ^ load_slew31/Y (BUFx16f_ASAP7_75t_R)
                                         net53 (net)
                 59.38   11.00  628.84 ^ gen_regfile_ff.register_file_i.rf_reg_q[722]$_DFFE_PN0P_/SETN (DFFASRHQNx1_ASAP7_75t_R)
                                628.84   data arrival time

                  0.00 1260.00 1260.00   clock core_clock (rise edge)
                          0.00 1260.00   clock network delay (ideal)
                          0.00 1260.00   clock reconvergence pessimism
                               1260.00 ^ gen_regfile_ff.register_file_i.rf_reg_q[722]$_DFFE_PN0P_/CLK (DFFASRHQNx1_ASAP7_75t_R)
                         -5.17 1254.83   library recovery time
                               1254.83   data required time
-----------------------------------------------------------------------------
                               1254.83   data required time
                               -628.84   data arrival time
-----------------------------------------------------------------------------
                                625.98   slack (MET)


Startpoint: core_clock_gate_i.en_latch$_DLATCH_N_
            (negative level-sensitive latch clocked by core_clock)
Endpoint: _35046_ (rising clock gating-check end-point clocked by core_clock)
Path Group: gated clock
Path Type: max

Fanout     Cap    Slew   Delay    Time   Description
-----------------------------------------------------------------------------
                  0.00  630.00  630.00   clock core_clock (fall edge)
                          0.00  630.00   clock network delay (ideal)
                  0.00    0.00  630.00 v core_clock_gate_i.en_latch$_DLATCH_N_/CLK (DLLx1_ASAP7_75t_R)
     1    0.61    7.57   27.32  657.32 v core_clock_gate_i.en_latch$_DLATCH_N_/Q (DLLx1_ASAP7_75t_R)
                                         core_clock_gate_i.en_latch (net)
                  7.57    0.01  657.32 v _35046_/B (AND2x2_ASAP7_75t_R)
                                657.32   data arrival time

                  0.00 1260.00 1260.00   clock core_clock (rise edge)
                          0.00 1260.00   clock network delay (ideal)
                          0.00 1260.00   clock reconvergence pessimism
                               1260.00 ^ _35046_/A (AND2x2_ASAP7_75t_R)
                          0.00 1260.00   clock gating setup time
                               1260.00   data required time
-----------------------------------------------------------------------------
                               1260.00   data required time
                               -657.32   data arrival time
-----------------------------------------------------------------------------
                                602.68   slack (MET)


Startpoint: if_stage_i.instr_rdata_alu_id_o[21]$_DFFE_PN_
            (rising edge-triggered flip-flop clocked by core_clock)
Endpoint: gen_regfile_ff.register_file_i.rf_reg_q[317]$_DFFE_PN0P_
          (rising edge-triggered flip-flop clocked by core_clock)
Path Group: core_clock
Path Type: max

Fanout     Cap    Slew   Delay    Time   Description
-----------------------------------------------------------------------------
                  0.00    0.00    0.00   clock core_clock (rise edge)
                          0.00    0.00   clock network delay (ideal)
                  0.00    0.00    0.00 ^ if_stage_i.instr_rdata_alu_id_o[21]$_DFFE_PN_/CLK (DFFHQNx2_ASAP7_75t_R)
     5    6.18   29.98   49.63   49.63 v if_stage_i.instr_rdata_alu_id_o[21]$_DFFE_PN_/QN (DFFHQNx2_ASAP7_75t_R)
                                         _01552_ (net)
                 29.98    0.18   49.81 v _19184_/A (BUFx6f_ASAP7_75t_R)
     5    7.55   10.61   21.16   70.97 v _19184_/Y (BUFx6f_ASAP7_75t_R)
                                         _13455_ (net)
                 10.61    0.07   71.03 v _19185_/A (BUFx12f_ASAP7_75t_R)
    11   11.71   10.04   15.15   86.18 v _19185_/Y (BUFx12f_ASAP7_75t_R)
                                         _13456_ (net)
                 12.03    2.32   88.51 v _19186_/A (BUFx6f_ASAP7_75t_R)
     6    7.51   10.22   16.28  104.79 v _19186_/Y (BUFx6f_ASAP7_75t_R)
                                         _13457_ (net)
                 10.22    0.11  104.90 v _19187_/A (BUFx12f_ASAP7_75t_R)
     6   15.90   12.35   14.57  119.47 v _19187_/Y (BUFx12f_ASAP7_75t_R)
                                         _13458_ (net)
                 24.45    6.82  126.29 v _21306_/A (BUFx12f_ASAP7_75t_R)
     6    9.84    9.31   18.93  145.22 v _21306_/Y (BUFx12f_ASAP7_75t_R)
                                         _15503_ (net)
                  9.44    0.60  145.81 v _21307_/A (BUFx6f_ASAP7_75t_R)
     5    6.74    9.19   15.24  161.06 v _21307_/Y (BUFx6f_ASAP7_75t_R)
                                         _15504_ (net)
                  9.19    0.04  161.10 v _21896_/A (BUFx6f_ASAP7_75t_R)
    10    8.09   10.78   15.60  176.70 v _21896_/Y (BUFx6f_ASAP7_75t_R)
                                         _16079_ (net)
                 10.92    0.68  177.39 v _22124_/A1 (OA211x2_ASAP7_75t_R)
     1    0.62    9.08   22.00  199.38 v _22124_/Y (OA211x2_ASAP7_75t_R)
                                         _16299_ (net)
                  9.08    0.00  199.39 v _22125_/C (OR3x1_ASAP7_75t_R)
     1    2.14   17.99   29.17  228.56 v _22125_/Y (OR3x1_ASAP7_75t_R)
                                         _16300_ (net)
                 18.02    0.41  228.97 v _22126_/B (OA211x2_ASAP7_75t_R)
     1    0.64    9.13   28.07  257.04 v _22126_/Y (OA211x2_ASAP7_75t_R)
                                         _16301_ (net)
                  9.13    0.00  257.04 v _22145_/C (OR3x2_ASAP7_75t_R)
     2    3.20   17.41   33.79  290.83 v _22145_/Y (OR3x2_ASAP7_75t_R)
                                         _16320_ (net)
                 17.50    0.69  291.52 v _22179_/B (AND2x4_ASAP7_75t_R)
     6    6.79   14.61   22.18  313.70 v _22179_/Y (AND2x4_ASAP7_75t_R)
                                         _16354_ (net)
                 15.52    1.95  315.65 v _24175_/A2 (AO21x2_ASAP7_75t_R)
     8    8.87   29.22   28.40  344.05 v _24175_/Y (AO21x2_ASAP7_75t_R)
                                         _05187_ (net)
                 30.58    3.41  347.46 v _24418_/B (NAND2x2_ASAP7_75t_R)
     2    3.04   19.22   17.64  365.10 ^ _24418_/Y (NAND2x2_ASAP7_75t_R)
                                         _17865_ (net)
                 19.22    0.05  365.15 ^ _24419_/A (INVx2_ASAP7_75t_R)
     2    3.73   13.90   10.92  376.07 v _24419_/Y (INVx2_ASAP7_75t_R)
                                         _17820_ (net)
                 13.90    0.04  376.10 v _35401_/A (FAx1_ASAP7_75t_R)
     8   16.75  251.26  116.93  493.04 ^ _35401_/CON (FAx1_ASAP7_75t_R)
                                         _17962_ (net)
     4    7.80  181.69   90.94  583.98 v _35401_/SN (FAx1_ASAP7_75t_R)
                                         _17914_ (net)
                181.70    0.60  584.58 v _35040_/A (INVx2_ASAP7_75t_R)
     2    3.75   41.69   32.38  616.96 ^ _35040_/Y (INVx2_ASAP7_75t_R)
                                         _17913_ (net)
                 41.69    0.04  617.00 ^ _35461_/CI (FAx1_ASAP7_75t_R)
     7   11.90  188.87  205.81  822.81 v _35461_/SN (FAx1_ASAP7_75t_R)
                                         _18080_ (net)
                188.87    0.01  822.82 v _35462_/A (FAx1_ASAP7_75t_R)
     1    2.41   76.78   61.20  884.02 ^ _35462_/CON (FAx1_ASAP7_75t_R)
                                         _18122_ (net)
     1    0.76   56.11   20.59  904.61 v _35462_/SN (FAx1_ASAP7_75t_R)
                                         _18479_ (net)
                 56.11    0.01  904.62 v _34879_/A (INVx1_ASAP7_75t_R)
     1    2.16   26.13   20.96  925.58 ^ _34879_/Y (INVx1_ASAP7_75t_R)
                                         _18081_ (net)
                 26.13    0.06  925.65 ^ _35463_/A (FAx1_ASAP7_75t_R)
     1    0.83   24.97   38.64  964.29 v _35463_/SN (FAx1_ASAP7_75t_R)
                                         _18480_ (net)
                 24.97    0.02  964.31 v _34816_/A (INVx1_ASAP7_75t_R)
     1    1.76   16.88   13.58  977.89 ^ _34816_/Y (INVx1_ASAP7_75t_R)
                                         _18083_ (net)
                 16.88    0.05  977.94 ^ _35467_/CI (FAx1_ASAP7_75t_R)
     1    0.82   27.19   35.36 1013.30 v _35467_/SN (FAx1_ASAP7_75t_R)
                                         _18484_ (net)
                 27.19    0.02 1013.32 v _34856_/A (INVx1_ASAP7_75t_R)
     1    2.29   20.33   15.92 1029.23 ^ _34856_/Y (INVx1_ASAP7_75t_R)
                                         _18092_ (net)
                 20.33    0.05 1029.28 ^ _35468_/B (FAx1_ASAP7_75t_R)
     1    1.26   34.66   43.00 1072.28 v _35468_/SN (FAx1_ASAP7_75t_R)
                                         _18486_ (net)
                 34.66    0.06 1072.34 v _35578_/B (HAxp5_ASAP7_75t_R)
     4    3.64   74.83   69.17 1141.51 v _35578_/SN (HAxp5_ASAP7_75t_R)
                                         _00252_ (net)
                 74.83    0.05 1141.55 v _29453_/B (AO21x1_ASAP7_75t_R)
     1    0.66    8.31   25.41 1166.96 v _29453_/Y (AO21x1_ASAP7_75t_R)
                                         _09481_ (net)
                  8.31    0.00 1166.97 v _29454_/A2 (AO21x1_ASAP7_75t_R)
     2    1.16   10.32   15.76 1182.73 v _29454_/Y (AO21x1_ASAP7_75t_R)
                                         _09482_ (net)
                 10.32    0.02 1182.74 v _29488_/A2 (AO21x1_ASAP7_75t_R)
     1    0.74    8.29   15.04 1197.78 v _29488_/Y (AO21x1_ASAP7_75t_R)
                                         _09514_ (net)
                  8.29    0.01 1197.80 v _29489_/A2 (AO21x1_ASAP7_75t_R)
     2    1.19   10.38   15.83 1213.62 v _29489_/Y (AO21x1_ASAP7_75t_R)
                                         _09515_ (net)
                 10.38    0.01 1213.63 v _29532_/A2 (AO21x1_ASAP7_75t_R)
     1    0.62    7.75   14.70 1228.33 v _29532_/Y (AO21x1_ASAP7_75t_R)
                                         _09557_ (net)
                  7.75    0.01 1228.34 v _29536_/A2 (AO221x1_ASAP7_75t_R)
     2    2.46   17.85   27.23 1255.58 v _29536_/Y (AO221x1_ASAP7_75t_R)
                                         _09561_ (net)
                 17.85    0.04 1255.62 v _29537_/A (XNOR2x1_ASAP7_75t_R)
     1    1.45   26.83   15.01 1270.64 ^ _29537_/Y (XNOR2x1_ASAP7_75t_R)
                                         _09562_ (net)
                 26.83    0.16 1270.80 ^ _29539_/A2 (AO21x1_ASAP7_75t_R)
     2    2.03   15.74   20.85 1291.65 ^ _29539_/Y (AO21x1_ASAP7_75t_R)
                                         _09564_ (net)
                 15.74    0.03 1291.68 ^ _29540_/B (NAND2x1_ASAP7_75t_R)
     1    0.52    8.20    7.39 1299.07 v _29540_/Y (NAND2x1_ASAP7_75t_R)
                                         _09565_ (net)
                  8.20    0.01 1299.08 v _29541_/B (OA211x2_ASAP7_75t_R)
     1    1.24   10.53   26.16 1325.23 v _29541_/Y (OA211x2_ASAP7_75t_R)
                                         _09566_ (net)
                 10.53    0.11 1325.35 v _29545_/B (OR3x1_ASAP7_75t_R)
     1    1.16   12.20   25.74 1351.09 v _29545_/Y (OR3x1_ASAP7_75t_R)
                                         _09570_ (net)
                 12.20    0.10 1351.19 v _29547_/A1 (OA211x2_ASAP7_75t_R)
     3    6.21   24.70   30.64 1381.83 v _29547_/Y (OA211x2_ASAP7_75t_R)
                                         _09572_ (net)
                 26.18    3.20 1385.03 v _29554_/B (OR2x2_ASAP7_75t_R)
     3    3.31   14.72   28.76 1413.78 v _29554_/Y (OR2x2_ASAP7_75t_R)
                                         _09579_ (net)
                 14.72    0.11 1413.89 v _29555_/A (BUFx6f_ASAP7_75t_R)
     6    6.23    9.26   16.37 1430.26 v _29555_/Y (BUFx6f_ASAP7_75t_R)
                                         _09580_ (net)
                  9.87    1.24 1431.50 v _29767_/A (BUFx3_ASAP7_75t_R)
     5    3.46    9.21   15.88 1447.38 v _29767_/Y (BUFx3_ASAP7_75t_R)
                                         _09757_ (net)
                  9.22    0.09 1447.47 v _30204_/A1 (OA21x2_ASAP7_75t_R)
     1    0.66    6.19   16.55 1464.02 v _30204_/Y (OA21x2_ASAP7_75t_R)
                                         _03099_ (net)
                  6.19    0.01 1464.03 v gen_regfile_ff.register_file_i.rf_reg_q[317]$_DFFE_PN0P_/D (DFFASRHQNx1_ASAP7_75t_R)
                               1464.03   data arrival time

                  0.00 1260.00 1260.00   clock core_clock (rise edge)
                          0.00 1260.00   clock network delay (ideal)
                          0.00 1260.00   clock reconvergence pessimism
                               1260.00 ^ gen_regfile_ff.register_file_i.rf_reg_q[317]$_DFFE_PN0P_/CLK (DFFASRHQNx1_ASAP7_75t_R)
                         -5.20 1254.80   library setup time
                               1254.80   data required time
-----------------------------------------------------------------------------
                               1254.80   data required time
                               -1464.03   data arrival time
-----------------------------------------------------------------------------
                               -209.23   slack (VIOLATED)



==========================================================================
global place report_power
--------------------------------------------------------------------------
Group                  Internal  Switching    Leakage      Total
                          Power      Power      Power      Power (Watts)
----------------------------------------------------------------
Sequential             3.13e-03   8.98e-04   2.10e-07   4.02e-03  10.1%
Combinational          1.62e-02   1.96e-02   1.76e-06   3.58e-02  89.7%
Clock                  5.95e-07   1.04e-04   1.16e-10   1.04e-04   0.3%
Macro                  0.00e+00   0.00e+00   0.00e+00   0.00e+00   0.0%
Pad                    0.00e+00   0.00e+00   0.00e+00   0.00e+00   0.0%
----------------------------------------------------------------
Total                  1.93e-02   2.06e-02   1.97e-06   3.99e-02 100.0%
                          48.4%      51.6%       0.0%
