OpenROAD v2.0-19576-gec1bf1a13 
Features included (+) or not (-): +GPU +GUI +Python : None
This program is licensed under the BSD-3 license. See the LICENSE file for details.
Components of this program may be licensed under more restrictive licenses which must be honored.
[INFO ORD-0030] Using 16 thread(s).
[INFO GPL-0002] DBU: 2000
[INFO GPL-0003] SiteSize: (  0.190  1.400 ) um
[INFO GPL-0004] CoreBBox: (  1.140  1.400 ) ( 239.210 214.200 ) um
[INFO GPL-0006] NumInstances:             15448
[INFO GPL-0007] NumPlaceInstances:        15067
[INFO GPL-0008] NumFixedInstances:          381
[INFO GPL-0009] NumDummyInstances:            0
[INFO GPL-0010] NumNets:                  16165
[INFO GPL-0011] NumPins:                  56154
[INFO GPL-0012] DieBBox:  (  0.000  0.000 ) ( 240.265 216.440 ) um
[INFO GPL-0013] CoreBBox: (  1.140  1.400 ) ( 239.210 214.200 ) um
[INFO GPL-0016] CoreArea:             50661.296 um^2
[INFO GPL-0017] NonPlaceInstsArea:      101.346 um^2
[INFO GPL-0018] PlaceInstsArea:       21470.456 um^2
[INFO GPL-0019] Util:                    42.465 %
[INFO GPL-0020] StdInstsArea:         21470.456 um^2
[INFO GPL-0021] MacroInstsArea:           0.000 um^2
[INFO GPL-0031] FillerInit:NumGCells:     37615
[INFO GPL-0032] FillerInit:NumGNets:      16165
[INFO GPL-0033] FillerInit:NumGPins:      56154
[INFO GPL-0023] TargetDensity:            1.000
[INFO GPL-0024] AvrgPlaceInstArea:        1.425 um^2
[INFO GPL-0025] IdealBinArea:             1.425 um^2
[INFO GPL-0026] IdealBinCnt:              35551
[INFO GPL-0027] TotalBinArea:         50661.296 um^2
[INFO GPL-0028] BinCnt:       128    128
[INFO GPL-0029] BinSize: (  1.860  1.663 )
[INFO GPL-0030] NumBins: 16384
Placement density is 0.72232670545578, computed from PLACE_DENSITY_LB_ADDON 0.50 and lower bound 0.42465341091156006
global_placement -density 0.72232670545578 -pad_left 0 -pad_right 0
[INFO GPL-0002] DBU: 2000
[INFO GPL-0003] SiteSize: (  0.190  1.400 ) um
[INFO GPL-0004] CoreBBox: (  1.140  1.400 ) ( 239.210 214.200 ) um
[INFO GPL-0006] NumInstances:             15448
[INFO GPL-0007] NumPlaceInstances:        15067
[INFO GPL-0008] NumFixedInstances:          381
[INFO GPL-0009] NumDummyInstances:            0
[INFO GPL-0010] NumNets:                  16165
[INFO GPL-0011] NumPins:                  56154
[INFO GPL-0012] DieBBox:  (  0.000  0.000 ) ( 240.265 216.440 ) um
[INFO GPL-0013] CoreBBox: (  1.140  1.400 ) ( 239.210 214.200 ) um
[INFO GPL-0016] CoreArea:             50661.296 um^2
[INFO GPL-0017] NonPlaceInstsArea:      101.346 um^2
[INFO GPL-0018] PlaceInstsArea:       21470.456 um^2
[INFO GPL-0019] Util:                    42.465 %
[INFO GPL-0020] StdInstsArea:         21470.456 um^2
[INFO GPL-0021] MacroInstsArea:           0.000 um^2
[InitialPlace]  Iter: 1 CG residual: 0.00006989 HPWL: 499021663
[InitialPlace]  Iter: 2 CG residual: 0.00002086 HPWL: 201591692
[InitialPlace]  Iter: 3 CG residual: 0.00001281 HPWL: 200556313
[InitialPlace]  Iter: 4 CG residual: 0.00002774 HPWL: 201079766
[InitialPlace]  Iter: 5 CG residual: 0.00004002 HPWL: 200582360
[InitialPlace]  Iter: 6 CG residual: 0.00004161 HPWL: 200986479
[InitialPlace]  Iter: 7 CG residual: 0.00029666 HPWL: 200537770
[InitialPlace]  Iter: 8 CG residual: 0.00012197 HPWL: 200952624
[InitialPlace]  Iter: 9 CG residual: 0.00008738 HPWL: 200525680
[InitialPlace]  Iter: 10 CG residual: 0.00020279 HPWL: 200928602
[InitialPlace]  Iter: 11 CG residual: 0.00010728 HPWL: 200499492
[InitialPlace]  Iter: 12 CG residual: 0.00018648 HPWL: 200905647
[InitialPlace]  Iter: 13 CG residual: 0.00022112 HPWL: 200470277
[InitialPlace]  Iter: 14 CG residual: 0.00021557 HPWL: 200871122
[InitialPlace]  Iter: 15 CG residual: 0.00032343 HPWL: 200440283
[InitialPlace]  Iter: 16 CG residual: 0.00022726 HPWL: 200837966
[InitialPlace]  Iter: 17 CG residual: 0.00015329 HPWL: 200408565
[InitialPlace]  Iter: 18 CG residual: 0.00032464 HPWL: 200785061
[InitialPlace]  Iter: 19 CG residual: 0.00032412 HPWL: 200360572
[InitialPlace]  Iter: 20 CG residual: 0.00056108 HPWL: 200759919
[INFO GPL-0031] FillerInit:NumGCells:     26733
[INFO GPL-0032] FillerInit:NumGNets:      16165
[INFO GPL-0033] FillerInit:NumGPins:      56154
[INFO GPL-0023] TargetDensity:            0.722
[INFO GPL-0024] AvrgPlaceInstArea:        1.425 um^2
[INFO GPL-0025] IdealBinArea:             1.973 um^2
[INFO GPL-0026] IdealBinCnt:              25680
[INFO GPL-0027] TotalBinArea:         50661.296 um^2
[INFO GPL-0028] BinCnt:       128    128
[INFO GPL-0029] BinSize: (  1.860  1.663 )
[INFO GPL-0030] NumBins: 16384
[NesterovSolve] Iter:    1 overflow: 0.979 HPWL: 155944952
[NesterovSolve] Iter:   10 overflow: 0.860 HPWL: 182694326
[NesterovSolve] Iter:   20 overflow: 0.843 HPWL: 182405032
[NesterovSolve] Iter:   30 overflow: 0.843 HPWL: 178725299
[NesterovSolve] Iter:   40 overflow: 0.838 HPWL: 176563144
[NesterovSolve] Iter:   50 overflow: 0.834 HPWL: 174828710
[NesterovSolve] Iter:   60 overflow: 0.829 HPWL: 173594505
[NesterovSolve] Iter:   70 overflow: 0.825 HPWL: 173153080
[NesterovSolve] Iter:   80 overflow: 0.822 HPWL: 173063123
[NesterovSolve] Iter:   90 overflow: 0.821 HPWL: 172961724
[NesterovSolve] Iter:  100 overflow: 0.820 HPWL: 172926662
[NesterovSolve] Iter:  110 overflow: 0.819 HPWL: 172921189
[NesterovSolve] Iter:  120 overflow: 0.820 HPWL: 172886638
[NesterovSolve] Iter:  130 overflow: 0.821 HPWL: 172776099
[NesterovSolve] Iter:  140 overflow: 0.821 HPWL: 172766040
[NesterovSolve] Iter:  150 overflow: 0.821 HPWL: 172829182
[NesterovSolve] Iter:  160 overflow: 0.820 HPWL: 173123138
[NesterovSolve] Iter:  170 overflow: 0.818 HPWL: 173711949
[NesterovSolve] Iter:  180 overflow: 0.814 HPWL: 174852057
[NesterovSolve] Iter:  190 overflow: 0.807 HPWL: 176832127
[NesterovSolve] Iter:  200 overflow: 0.798 HPWL: 180055554
[NesterovSolve] Iter:  210 overflow: 0.786 HPWL: 184828574
[NesterovSolve] Iter:  220 overflow: 0.771 HPWL: 190905440
[NesterovSolve] Iter:  230 overflow: 0.755 HPWL: 197472046
[NesterovSolve] Iter:  240 overflow: 0.735 HPWL: 206117327
[NesterovSolve] Iter:  250 overflow: 0.713 HPWL: 219572064
[NesterovSolve] Iter:  260 overflow: 0.689 HPWL: 229529167
[NesterovSolve] Iter:  270 overflow: 0.666 HPWL: 240081842
[NesterovSolve] Iter:  280 overflow: 0.643 HPWL: 248317564
[NesterovSolve] Iter:  290 overflow: 0.618 HPWL: 259573367
[NesterovSolve] Iter:  300 overflow: 0.592 HPWL: 269480022
[NesterovSolve] Iter:  310 overflow: 0.561 HPWL: 281058255
[NesterovSolve] Iter:  320 overflow: 0.528 HPWL: 292515732
[NesterovSolve] Iter:  330 overflow: 0.490 HPWL: 304071085
[NesterovSolve] Iter:  340 overflow: 0.446 HPWL: 317443580
[NesterovSolve] Iter:  350 overflow: 0.392 HPWL: 332279874
[NesterovSolve] Iter:  360 overflow: 0.322 HPWL: 349173214
[NesterovSolve] Iter:  370 overflow: 0.268 HPWL: 362183275
[NesterovSolve] Iter:  380 overflow: 0.223 HPWL: 373394248
[NesterovSolve] Iter:  390 overflow: 0.187 HPWL: 381833021
[NesterovSolve] Iter:  400 overflow: 0.159 HPWL: 388097111
[NesterovSolve] Iter:  410 overflow: 0.134 HPWL: 392619859
[NesterovSolve] Iter:  420 overflow: 0.114 HPWL: 395945246
[NesterovSolve] Finished with Overflow: 0.099662
Took 8 seconds: global_placement -density 0.72232670545578 -pad_left 0 -pad_right 0
Report metrics stage 3, global place...

==========================================================================
global place report_design_area
--------------------------------------------------------------------------
Design area 21470 u^2 42% utilization.
Elapsed time: 0:12.35[h:]min:sec. CPU time: user 129.26 sys 0.47 (1050%). Peak memory: 190344KB.
