OpenROAD v2.0-19576-gec1bf1a13 
Features included (+) or not (-): +GPU +GUI +Python : None
This program is licensed under the BSD-3 license. See the LICENSE file for details.
Components of this program may be licensed under more restrictive licenses which must be honored.
[INFO ORD-0030] Using 16 thread(s).
[INFO GPL-0002] DBU: 1000
[INFO GPL-0003] SiteSize: (  0.054  0.270 ) um
[INFO GPL-0004] CoreBBox: (  2.052  2.160 ) ( 84.510 43.200 ) um
[INFO GPL-0006] NumInstances:             19234
[INFO GPL-0007] NumPlaceInstances:        18699
[INFO GPL-0008] NumFixedInstances:          535
[INFO GPL-0009] NumDummyInstances:            0
[INFO GPL-0010] NumNets:                  19431
[INFO GPL-0011] NumPins:                  69487
[INFO GPL-0012] DieBBox:  (  0.000  0.000 ) ( 86.521 45.261 ) um
[INFO GPL-0013] CoreBBox: (  2.052  2.160 ) ( 84.510 43.200 ) um
[INFO GPL-0016] CoreArea:              3384.076 um^2
[INFO GPL-0017] NonPlaceInstsArea:       15.601 um^2
[INFO GPL-0018] PlaceInstsArea:        2323.206 um^2
[INFO GPL-0019] Util:                    68.969 %
[INFO GPL-0020] StdInstsArea:          2323.206 um^2
[INFO GPL-0021] MacroInstsArea:           0.000 um^2
[INFO GPL-0031] FillerInit:NumGCells:     27829
[INFO GPL-0032] FillerInit:NumGNets:      19431
[INFO GPL-0033] FillerInit:NumGPins:      69487
[INFO GPL-0023] TargetDensity:            1.000
[INFO GPL-0024] AvrgPlaceInstArea:        0.124 um^2
[INFO GPL-0025] IdealBinArea:             0.124 um^2
[INFO GPL-0026] IdealBinCnt:              27237
[INFO GPL-0027] TotalBinArea:          3384.076 um^2
[INFO GPL-0028] BinCnt:       128     64
[INFO GPL-0029] BinSize: (  0.645  0.642 )
[INFO GPL-0030] NumBins: 8192
Placement density is 0.7927834963798523, computed from PLACE_DENSITY_LB_ADDON 0.30 and lower bound 0.6896907091140747
global_placement -density 0.7927834963798523 -pad_left 0 -pad_right 0
[INFO GPL-0002] DBU: 1000
[INFO GPL-0003] SiteSize: (  0.054  0.270 ) um
[INFO GPL-0004] CoreBBox: (  2.052  2.160 ) ( 84.510 43.200 ) um
[INFO GPL-0006] NumInstances:             19234
[INFO GPL-0007] NumPlaceInstances:        18699
[INFO GPL-0008] NumFixedInstances:          535
[INFO GPL-0009] NumDummyInstances:            0
[INFO GPL-0010] NumNets:                  19431
[INFO GPL-0011] NumPins:                  69487
[INFO GPL-0012] DieBBox:  (  0.000  0.000 ) ( 86.521 45.261 ) um
[INFO GPL-0013] CoreBBox: (  2.052  2.160 ) ( 84.510 43.200 ) um
[INFO GPL-0016] CoreArea:              3384.076 um^2
[INFO GPL-0017] NonPlaceInstsArea:       15.601 um^2
[INFO GPL-0018] PlaceInstsArea:        2323.206 um^2
[INFO GPL-0019] Util:                    68.969 %
[INFO GPL-0020] StdInstsArea:          2323.206 um^2
[INFO GPL-0021] MacroInstsArea:           0.000 um^2
[InitialPlace]  Iter: 1 CG residual: 0.00839070 HPWL: 89362013
[InitialPlace]  Iter: 2 CG residual: 0.00005962 HPWL: 29160798
[InitialPlace]  Iter: 3 CG residual: 0.00000116 HPWL: 28572253
[InitialPlace]  Iter: 4 CG residual: 0.00000322 HPWL: 28465575
[InitialPlace]  Iter: 5 CG residual: 0.00000141 HPWL: 28162396
[INFO GPL-0031] FillerInit:NumGCells:     21732
[INFO GPL-0032] FillerInit:NumGNets:      19431
[INFO GPL-0033] FillerInit:NumGPins:      69487
[INFO GPL-0023] TargetDensity:            0.793
[INFO GPL-0024] AvrgPlaceInstArea:        0.124 um^2
[INFO GPL-0025] IdealBinArea:             0.157 um^2
[INFO GPL-0026] IdealBinCnt:              21593
[INFO GPL-0027] TotalBinArea:          3384.076 um^2
[INFO GPL-0028] BinCnt:       128     64
[INFO GPL-0029] BinSize: (  0.645  0.642 )
[INFO GPL-0030] NumBins: 8192
[NesterovSolve] Iter:    1 overflow: 0.976 HPWL: 22548811
[NesterovSolve] Iter:   10 overflow: 0.962 HPWL: 18269160
[NesterovSolve] Iter:   20 overflow: 0.952 HPWL: 20209738
[NesterovSolve] Iter:   30 overflow: 0.948 HPWL: 21099813
[NesterovSolve] Iter:   40 overflow: 0.946 HPWL: 21676960
[NesterovSolve] Iter:   50 overflow: 0.944 HPWL: 22288526
[NesterovSolve] Iter:   60 overflow: 0.942 HPWL: 22675479
[NesterovSolve] Iter:   70 overflow: 0.940 HPWL: 22724587
[NesterovSolve] Iter:   80 overflow: 0.939 HPWL: 22596735
[NesterovSolve] Iter:   90 overflow: 0.938 HPWL: 22490906
[NesterovSolve] Iter:  100 overflow: 0.937 HPWL: 22483287
[NesterovSolve] Iter:  110 overflow: 0.936 HPWL: 22613129
[NesterovSolve] Iter:  120 overflow: 0.934 HPWL: 22906234
[NesterovSolve] Iter:  130 overflow: 0.932 HPWL: 23438850
[NesterovSolve] Iter:  140 overflow: 0.928 HPWL: 24391524
[NesterovSolve] Iter:  150 overflow: 0.922 HPWL: 25751390
[NesterovSolve] Iter:  160 overflow: 0.914 HPWL: 27455952
[NesterovSolve] Iter:  170 overflow: 0.904 HPWL: 29670681
[NesterovSolve] Iter:  180 overflow: 0.890 HPWL: 32497868
[NesterovSolve] Iter:  190 overflow: 0.872 HPWL: 35723991
[NesterovSolve] Iter:  200 overflow: 0.852 HPWL: 39072056
[NesterovSolve] Iter:  210 overflow: 0.826 HPWL: 42938486
[NesterovSolve] Iter:  220 overflow: 0.795 HPWL: 47077111
[NesterovSolve] Iter:  230 overflow: 0.760 HPWL: 50825839
[NesterovSolve] Iter:  240 overflow: 0.723 HPWL: 54271705
[NesterovSolve] Iter:  250 overflow: 0.685 HPWL: 57297583
[NesterovSolve] Iter:  260 overflow: 0.643 HPWL: 60098868
[NesterovSolve] Iter:  270 overflow: 0.595 HPWL: 62430628
[NesterovSolve] Iter:  280 overflow: 0.542 HPWL: 64703431
[NesterovSolve] Iter:  290 overflow: 0.484 HPWL: 66526228
[NesterovSolve] Iter:  300 overflow: 0.422 HPWL: 68161256
[NesterovSolve] Iter:  310 overflow: 0.366 HPWL: 69634612
[NesterovSolve] Iter:  320 overflow: 0.322 HPWL: 70767064
[NesterovSolve] Iter:  330 overflow: 0.286 HPWL: 71139538
[NesterovSolve] Iter:  340 overflow: 0.252 HPWL: 71836715
[NesterovSolve] Iter:  350 overflow: 0.219 HPWL: 72294356
[NesterovSolve] Iter:  360 overflow: 0.190 HPWL: 72659089
[NesterovSolve] Iter:  370 overflow: 0.164 HPWL: 72883730
[NesterovSolve] Iter:  380 overflow: 0.139 HPWL: 73090134
[NesterovSolve] Iter:  390 overflow: 0.119 HPWL: 73219896
[NesterovSolve] Iter:  400 overflow: 0.101 HPWL: 73335825
[NesterovSolve] Finished with Overflow: 0.099028
Took 10 seconds: global_placement -density 0.7927834963798523 -pad_left 0 -pad_right 0
Report metrics stage 3, global place...

==========================================================================
global place report_design_area
--------------------------------------------------------------------------
Design area 2323 u^2 69% utilization.
Elapsed time: 0:24.77[h:]min:sec. CPU time: user 172.22 sys 1.33 (700%). Peak memory: 307352KB.
