OpenROAD v2.0-19576-gec1bf1a13 
Features included (+) or not (-): +GPU +GUI +Python : None
This program is licensed under the BSD-3 license. See the LICENSE file for details.
Components of this program may be licensed under more restrictive licenses which must be honored.
[INFO ORD-0030] Using 16 thread(s).
[INFO GPL-0002] DBU: 2000
[INFO GPL-0003] SiteSize: (  0.190  1.400 ) um
[INFO GPL-0004] CoreBBox: (  1.140  1.400 ) ( 320.530 159.600 ) um
[INFO GPL-0006] NumInstances:             15408
[INFO GPL-0007] NumPlaceInstances:        15067
[INFO GPL-0008] NumFixedInstances:          341
[INFO GPL-0009] NumDummyInstances:            0
[INFO GPL-0010] NumNets:                  16165
[INFO GPL-0011] NumPins:                  56154
[INFO GPL-0012] DieBBox:  (  0.000  0.000 ) ( 321.665 161.835 ) um
[INFO GPL-0013] CoreBBox: (  1.140  1.400 ) ( 320.530 159.600 ) um
[INFO GPL-0016] CoreArea:             50527.498 um^2
[INFO GPL-0017] NonPlaceInstsArea:       90.706 um^2
[INFO GPL-0018] PlaceInstsArea:       21470.456 um^2
[INFO GPL-0019] Util:                    42.569 %
[INFO GPL-0020] StdInstsArea:         21470.456 um^2
[INFO GPL-0021] MacroInstsArea:           0.000 um^2
[INFO GPL-0031] FillerInit:NumGCells:     37519
[INFO GPL-0032] FillerInit:NumGNets:      16165
[INFO GPL-0033] FillerInit:NumGPins:      56154
[INFO GPL-0023] TargetDensity:            1.000
[INFO GPL-0024] AvrgPlaceInstArea:        1.425 um^2
[INFO GPL-0025] IdealBinArea:             1.425 um^2
[INFO GPL-0026] IdealBinCnt:              35457
[INFO GPL-0027] TotalBinArea:         50527.498 um^2
[INFO GPL-0028] BinCnt:       256    128
[INFO GPL-0029] BinSize: (  1.248  1.236 )
[INFO GPL-0030] NumBins: 32768
Placement density is 0.7228451764583588, computed from PLACE_DENSITY_LB_ADDON 0.50 and lower bound 0.42569035291671753
global_placement -density 0.7228451764583588 -pad_left 0 -pad_right 0
[INFO GPL-0002] DBU: 2000
[INFO GPL-0003] SiteSize: (  0.190  1.400 ) um
[INFO GPL-0004] CoreBBox: (  1.140  1.400 ) ( 320.530 159.600 ) um
[INFO GPL-0006] NumInstances:             15408
[INFO GPL-0007] NumPlaceInstances:        15067
[INFO GPL-0008] NumFixedInstances:          341
[INFO GPL-0009] NumDummyInstances:            0
[INFO GPL-0010] NumNets:                  16165
[INFO GPL-0011] NumPins:                  56154
[INFO GPL-0012] DieBBox:  (  0.000  0.000 ) ( 321.665 161.835 ) um
[INFO GPL-0013] CoreBBox: (  1.140  1.400 ) ( 320.530 159.600 ) um
[INFO GPL-0016] CoreArea:             50527.498 um^2
[INFO GPL-0017] NonPlaceInstsArea:       90.706 um^2
[INFO GPL-0018] PlaceInstsArea:       21470.456 um^2
[INFO GPL-0019] Util:                    42.569 %
[INFO GPL-0020] StdInstsArea:         21470.456 um^2
[INFO GPL-0021] MacroInstsArea:           0.000 um^2
[InitialPlace]  Iter: 1 CG residual: 0.00060546 HPWL: 277822121
[InitialPlace]  Iter: 2 CG residual: 0.00012777 HPWL: 181183541
[InitialPlace]  Iter: 3 CG residual: 0.00040970 HPWL: 180115134
[InitialPlace]  Iter: 4 CG residual: 0.00009752 HPWL: 180722918
[InitialPlace]  Iter: 5 CG residual: 0.00009501 HPWL: 180275553
[InitialPlace]  Iter: 6 CG residual: 0.00005849 HPWL: 180709483
[InitialPlace]  Iter: 7 CG residual: 0.00023565 HPWL: 180249825
[InitialPlace]  Iter: 8 CG residual: 0.00039432 HPWL: 180642336
[InitialPlace]  Iter: 9 CG residual: 0.00037122 HPWL: 180183620
[InitialPlace]  Iter: 10 CG residual: 0.00011688 HPWL: 180560084
[InitialPlace]  Iter: 11 CG residual: 0.00061343 HPWL: 180095585
[InitialPlace]  Iter: 12 CG residual: 0.00053993 HPWL: 180458134
[InitialPlace]  Iter: 13 CG residual: 0.00055226 HPWL: 180017958
[InitialPlace]  Iter: 14 CG residual: 0.00022851 HPWL: 180365710
[InitialPlace]  Iter: 15 CG residual: 0.00026426 HPWL: 179911351
[InitialPlace]  Iter: 16 CG residual: 0.00018848 HPWL: 180276246
[InitialPlace]  Iter: 17 CG residual: 0.00040740 HPWL: 179838052
[InitialPlace]  Iter: 18 CG residual: 0.00019659 HPWL: 180196147
[InitialPlace]  Iter: 19 CG residual: 0.00010231 HPWL: 179753126
[InitialPlace]  Iter: 20 CG residual: 0.00008940 HPWL: 180093745
[INFO GPL-0031] FillerInit:NumGCells:     26684
[INFO GPL-0032] FillerInit:NumGNets:      16165
[INFO GPL-0033] FillerInit:NumGPins:      56154
[INFO GPL-0023] TargetDensity:            0.723
[INFO GPL-0024] AvrgPlaceInstArea:        1.425 um^2
[INFO GPL-0025] IdealBinArea:             1.971 um^2
[INFO GPL-0026] IdealBinCnt:              25630
[INFO GPL-0027] TotalBinArea:         50527.498 um^2
[INFO GPL-0028] BinCnt:       128     64
[INFO GPL-0029] BinSize: (  2.495  2.472 )
[INFO GPL-0030] NumBins: 8192
[NesterovSolve] Iter:    1 overflow: 0.977 HPWL: 129512126
[NesterovSolve] Iter:   10 overflow: 0.903 HPWL: 154981524
[NesterovSolve] Iter:   20 overflow: 0.896 HPWL: 159567687
[NesterovSolve] Iter:   30 overflow: 0.895 HPWL: 157518383
[NesterovSolve] Iter:   40 overflow: 0.895 HPWL: 153336317
[NesterovSolve] Iter:   50 overflow: 0.894 HPWL: 150504922
[NesterovSolve] Iter:   60 overflow: 0.891 HPWL: 148690251
[NesterovSolve] Iter:   70 overflow: 0.890 HPWL: 146947246
[NesterovSolve] Iter:   80 overflow: 0.889 HPWL: 145487635
[NesterovSolve] Iter:   90 overflow: 0.889 HPWL: 144793224
[NesterovSolve] Iter:  100 overflow: 0.888 HPWL: 144559004
[NesterovSolve] Iter:  110 overflow: 0.888 HPWL: 144567178
[NesterovSolve] Iter:  120 overflow: 0.888 HPWL: 144672548
[NesterovSolve] Iter:  130 overflow: 0.887 HPWL: 144836601
[NesterovSolve] Iter:  140 overflow: 0.886 HPWL: 145145926
[NesterovSolve] Iter:  150 overflow: 0.884 HPWL: 145727246
[NesterovSolve] Iter:  160 overflow: 0.880 HPWL: 146767360
[NesterovSolve] Iter:  170 overflow: 0.876 HPWL: 148595854
[NesterovSolve] Iter:  180 overflow: 0.867 HPWL: 151824084
[NesterovSolve] Iter:  190 overflow: 0.853 HPWL: 157229679
[NesterovSolve] Iter:  200 overflow: 0.834 HPWL: 164515727
[NesterovSolve] Iter:  210 overflow: 0.811 HPWL: 172392442
[NesterovSolve] Iter:  220 overflow: 0.789 HPWL: 180106252
[NesterovSolve] Iter:  230 overflow: 0.765 HPWL: 189311971
[NesterovSolve] Iter:  240 overflow: 0.741 HPWL: 203893435
[NesterovSolve] Iter:  250 overflow: 0.716 HPWL: 217334496
[NesterovSolve] Iter:  260 overflow: 0.689 HPWL: 230155232
[NesterovSolve] Iter:  270 overflow: 0.660 HPWL: 245197024
[NesterovSolve] Iter:  280 overflow: 0.633 HPWL: 257805559
[NesterovSolve] Iter:  290 overflow: 0.605 HPWL: 267199202
[NesterovSolve] Iter:  300 overflow: 0.572 HPWL: 275604889
[NesterovSolve] Iter:  310 overflow: 0.538 HPWL: 285927017
[NesterovSolve] Iter:  320 overflow: 0.503 HPWL: 296996306
[NesterovSolve] Iter:  330 overflow: 0.464 HPWL: 308617105
[NesterovSolve] Iter:  340 overflow: 0.421 HPWL: 320597939
[NesterovSolve] Iter:  350 overflow: 0.372 HPWL: 332330049
[NesterovSolve] Iter:  360 overflow: 0.317 HPWL: 344178524
[NesterovSolve] Iter:  370 overflow: 0.261 HPWL: 356506244
[NesterovSolve] Iter:  380 overflow: 0.209 HPWL: 367316599
[NesterovSolve] Iter:  390 overflow: 0.168 HPWL: 375672359
[NesterovSolve] Iter:  400 overflow: 0.135 HPWL: 382003353
[NesterovSolve] Iter:  410 overflow: 0.111 HPWL: 386597207
[NesterovSolve] Finished with Overflow: 0.098482
Took 1816 seconds: global_placement -density 0.7228451764583588 -pad_left 0 -pad_right 0
Report metrics stage 3, global place...

==========================================================================
global place report_design_area
--------------------------------------------------------------------------
Design area 21470 u^2 42% utilization.
Elapsed time: 30:37.05[h:]min:sec. CPU time: user 3565.10 sys 39.35 (196%). Peak memory: 190988KB.
