OpenROAD v2.0-19576-gec1bf1a13 
Features included (+) or not (-): +GPU +GUI +Python : None
This program is licensed under the BSD-3 license. See the LICENSE file for details.
Components of this program may be licensed under more restrictive licenses which must be honored.
[INFO ORD-0030] Using 16 thread(s).
[INFO GPL-0002] DBU: 2000
[INFO GPL-0003] SiteSize: (  0.190  1.400 ) um
[INFO GPL-0004] CoreBBox: (  1.140  1.400 ) ( 48.830 29.400 ) um
[WARNING GPL-0001] clk toplevel port is not placed!
       Replace will regard clk is placed in (0, 0)
[WARNING GPL-0001] req_msg[0] toplevel port is not placed!
       Replace will regard req_msg[0] is placed in (0, 0)
[WARNING GPL-0001] req_msg[10] toplevel port is not placed!
       Replace will regard req_msg[10] is placed in (0, 0)
[WARNING GPL-0001] req_msg[11] toplevel port is not placed!
       Replace will regard req_msg[11] is placed in (0, 0)
[WARNING GPL-0001] req_msg[12] toplevel port is not placed!
       Replace will regard req_msg[12] is placed in (0, 0)
[WARNING GPL-0001] req_msg[13] toplevel port is not placed!
       Replace will regard req_msg[13] is placed in (0, 0)
[WARNING GPL-0001] req_msg[14] toplevel port is not placed!
       Replace will regard req_msg[14] is placed in (0, 0)
[WARNING GPL-0001] req_msg[15] toplevel port is not placed!
       Replace will regard req_msg[15] is placed in (0, 0)
[WARNING GPL-0001] req_msg[16] toplevel port is not placed!
       Replace will regard req_msg[16] is placed in (0, 0)
[WARNING GPL-0001] req_msg[17] toplevel port is not placed!
       Replace will regard req_msg[17] is placed in (0, 0)
[WARNING GPL-0001] req_msg[18] toplevel port is not placed!
       Replace will regard req_msg[18] is placed in (0, 0)
[WARNING GPL-0001] req_msg[19] toplevel port is not placed!
       Replace will regard req_msg[19] is placed in (0, 0)
[WARNING GPL-0001] req_msg[1] toplevel port is not placed!
       Replace will regard req_msg[1] is placed in (0, 0)
[WARNING GPL-0001] req_msg[20] toplevel port is not placed!
       Replace will regard req_msg[20] is placed in (0, 0)
[WARNING GPL-0001] req_msg[21] toplevel port is not placed!
       Replace will regard req_msg[21] is placed in (0, 0)
[WARNING GPL-0001] req_msg[22] toplevel port is not placed!
       Replace will regard req_msg[22] is placed in (0, 0)
[WARNING GPL-0001] req_msg[23] toplevel port is not placed!
       Replace will regard req_msg[23] is placed in (0, 0)
[WARNING GPL-0001] req_msg[24] toplevel port is not placed!
       Replace will regard req_msg[24] is placed in (0, 0)
[WARNING GPL-0001] req_msg[25] toplevel port is not placed!
       Replace will regard req_msg[25] is placed in (0, 0)
[WARNING GPL-0001] req_msg[26] toplevel port is not placed!
       Replace will regard req_msg[26] is placed in (0, 0)
[WARNING GPL-0001] req_msg[27] toplevel port is not placed!
       Replace will regard req_msg[27] is placed in (0, 0)
[WARNING GPL-0001] req_msg[28] toplevel port is not placed!
       Replace will regard req_msg[28] is placed in (0, 0)
[WARNING GPL-0001] req_msg[29] toplevel port is not placed!
       Replace will regard req_msg[29] is placed in (0, 0)
[WARNING GPL-0001] req_msg[2] toplevel port is not placed!
       Replace will regard req_msg[2] is placed in (0, 0)
[WARNING GPL-0001] req_msg[30] toplevel port is not placed!
       Replace will regard req_msg[30] is placed in (0, 0)
[WARNING GPL-0001] req_msg[31] toplevel port is not placed!
       Replace will regard req_msg[31] is placed in (0, 0)
[WARNING GPL-0001] req_msg[3] toplevel port is not placed!
       Replace will regard req_msg[3] is placed in (0, 0)
[WARNING GPL-0001] req_msg[4] toplevel port is not placed!
       Replace will regard req_msg[4] is placed in (0, 0)
[WARNING GPL-0001] req_msg[5] toplevel port is not placed!
       Replace will regard req_msg[5] is placed in (0, 0)
[WARNING GPL-0001] req_msg[6] toplevel port is not placed!
       Replace will regard req_msg[6] is placed in (0, 0)
[WARNING GPL-0001] req_msg[7] toplevel port is not placed!
       Replace will regard req_msg[7] is placed in (0, 0)
[WARNING GPL-0001] req_msg[8] toplevel port is not placed!
       Replace will regard req_msg[8] is placed in (0, 0)
[WARNING GPL-0001] req_msg[9] toplevel port is not placed!
       Replace will regard req_msg[9] is placed in (0, 0)
[WARNING GPL-0001] req_rdy toplevel port is not placed!
       Replace will regard req_rdy is placed in (0, 0)
[WARNING GPL-0001] req_val toplevel port is not placed!
       Replace will regard req_val is placed in (0, 0)
[WARNING GPL-0001] reset toplevel port is not placed!
       Replace will regard reset is placed in (0, 0)
[WARNING GPL-0001] resp_msg[0] toplevel port is not placed!
       Replace will regard resp_msg[0] is placed in (0, 0)
[WARNING GPL-0001] resp_msg[10] toplevel port is not placed!
       Replace will regard resp_msg[10] is placed in (0, 0)
[WARNING GPL-0001] resp_msg[11] toplevel port is not placed!
       Replace will regard resp_msg[11] is placed in (0, 0)
[WARNING GPL-0001] resp_msg[12] toplevel port is not placed!
       Replace will regard resp_msg[12] is placed in (0, 0)
[WARNING GPL-0001] resp_msg[13] toplevel port is not placed!
       Replace will regard resp_msg[13] is placed in (0, 0)
[WARNING GPL-0001] resp_msg[14] toplevel port is not placed!
       Replace will regard resp_msg[14] is placed in (0, 0)
[WARNING GPL-0001] resp_msg[15] toplevel port is not placed!
       Replace will regard resp_msg[15] is placed in (0, 0)
[WARNING GPL-0001] resp_msg[1] toplevel port is not placed!
       Replace will regard resp_msg[1] is placed in (0, 0)
[WARNING GPL-0001] resp_msg[2] toplevel port is not placed!
       Replace will regard resp_msg[2] is placed in (0, 0)
[WARNING GPL-0001] resp_msg[3] toplevel port is not placed!
       Replace will regard resp_msg[3] is placed in (0, 0)
[WARNING GPL-0001] resp_msg[4] toplevel port is not placed!
       Replace will regard resp_msg[4] is placed in (0, 0)
[WARNING GPL-0001] resp_msg[5] toplevel port is not placed!
       Replace will regard resp_msg[5] is placed in (0, 0)
[WARNING GPL-0001] resp_msg[6] toplevel port is not placed!
       Replace will regard resp_msg[6] is placed in (0, 0)
[WARNING GPL-0001] resp_msg[7] toplevel port is not placed!
       Replace will regard resp_msg[7] is placed in (0, 0)
[WARNING GPL-0001] resp_msg[8] toplevel port is not placed!
       Replace will regard resp_msg[8] is placed in (0, 0)
[WARNING GPL-0001] resp_msg[9] toplevel port is not placed!
       Replace will regard resp_msg[9] is placed in (0, 0)
[WARNING GPL-0001] resp_rdy toplevel port is not placed!
       Replace will regard resp_rdy is placed in (0, 0)
[WARNING GPL-0001] resp_val toplevel port is not placed!
       Replace will regard resp_val is placed in (0, 0)
[INFO GPL-0006] NumInstances:               543
[INFO GPL-0007] NumPlaceInstances:          503
[INFO GPL-0008] NumFixedInstances:           40
[INFO GPL-0009] NumDummyInstances:            0
[INFO GPL-0010] NumNets:                    574
[INFO GPL-0011] NumPins:                   1626
[INFO GPL-0012] DieBBox:  (  0.000  0.000 ) ( 50.015 30.810 ) um
[INFO GPL-0013] CoreBBox: (  1.140  1.400 ) ( 48.830 29.400 ) um
[INFO GPL-0016] CoreArea:              1335.320 um^2
[INFO GPL-0017] NonPlaceInstsArea:       10.640 um^2
[INFO GPL-0018] PlaceInstsArea:         650.104 um^2
[INFO GPL-0019] Util:                    49.076 %
[INFO GPL-0020] StdInstsArea:           650.104 um^2
[INFO GPL-0021] MacroInstsArea:           0.000 um^2
[INFO GPL-0031] FillerInit:NumGCells:      1090
[INFO GPL-0032] FillerInit:NumGNets:        574
[INFO GPL-0033] FillerInit:NumGPins:       1626
[INFO GPL-0023] TargetDensity:            1.000
[INFO GPL-0024] AvrgPlaceInstArea:        1.292 um^2
[INFO GPL-0025] IdealBinArea:             1.292 um^2
[INFO GPL-0026] IdealBinCnt:               1033
[INFO GPL-0027] TotalBinArea:          1335.320 um^2
[INFO GPL-0028] BinCnt:        32     32
[INFO GPL-0029] BinSize: (  1.490  0.875 )
[INFO GPL-0030] NumBins: 1024
Placement density is 0.7044578409194946, computed from PLACE_DENSITY_LB_ADDON 0.40 and lower bound 0.4907630681991577
global_placement -skip_io -density 0.7044578409194946 -pad_left 0 -pad_right 0
[INFO GPL-0002] DBU: 2000
[INFO GPL-0003] SiteSize: (  0.190  1.400 ) um
[INFO GPL-0004] CoreBBox: (  1.140  1.400 ) ( 48.830 29.400 ) um
[INFO GPL-0006] NumInstances:               543
[INFO GPL-0007] NumPlaceInstances:          503
[INFO GPL-0008] NumFixedInstances:           40
[INFO GPL-0009] NumDummyInstances:            0
[INFO GPL-0010] NumNets:                    574
[INFO GPL-0011] NumPins:                   1572
[INFO GPL-0012] DieBBox:  (  0.000  0.000 ) ( 50.015 30.810 ) um
[INFO GPL-0013] CoreBBox: (  1.140  1.400 ) ( 48.830 29.400 ) um
[INFO GPL-0016] CoreArea:              1335.320 um^2
[INFO GPL-0017] NonPlaceInstsArea:       10.640 um^2
[INFO GPL-0018] PlaceInstsArea:         650.104 um^2
[INFO GPL-0019] Util:                    49.076 %
[INFO GPL-0020] StdInstsArea:           650.104 um^2
[INFO GPL-0021] MacroInstsArea:           0.000 um^2
[INFO GPL-0031] FillerInit:NumGCells:       749
[INFO GPL-0032] FillerInit:NumGNets:        574
[INFO GPL-0033] FillerInit:NumGPins:       1572
[INFO GPL-0023] TargetDensity:            0.704
[INFO GPL-0024] AvrgPlaceInstArea:        1.292 um^2
[INFO GPL-0025] IdealBinArea:             1.835 um^2
[INFO GPL-0026] IdealBinCnt:                727
[INFO GPL-0027] TotalBinArea:          1335.320 um^2
[INFO GPL-0028] BinCnt:        16     16
[INFO GPL-0029] BinSize: (  2.981  1.750 )
[INFO GPL-0030] NumBins: 256
[NesterovSolve] Iter:    1 overflow: 0.968 HPWL: 941308
[NesterovSolve] Iter:   10 overflow: 0.977 HPWL: 458208
[NesterovSolve] Iter:   20 overflow: 0.977 HPWL: 457088
[NesterovSolve] Iter:   30 overflow: 0.977 HPWL: 456713
[NesterovSolve] Iter:   40 overflow: 0.977 HPWL: 456296
[NesterovSolve] Iter:   50 overflow: 0.977 HPWL: 456662
[NesterovSolve] Iter:   60 overflow: 0.977 HPWL: 457316
[NesterovSolve] Iter:   70 overflow: 0.977 HPWL: 458548
[NesterovSolve] Iter:   80 overflow: 0.977 HPWL: 460909
[NesterovSolve] Iter:   90 overflow: 0.977 HPWL: 465658
[NesterovSolve] Iter:  100 overflow: 0.977 HPWL: 473173
[NesterovSolve] Iter:  110 overflow: 0.977 HPWL: 482781
[NesterovSolve] Iter:  120 overflow: 0.976 HPWL: 493231
[NesterovSolve] Iter:  130 overflow: 0.975 HPWL: 505853
[NesterovSolve] Iter:  140 overflow: 0.955 HPWL: 571803
[NesterovSolve] Iter:  150 overflow: 0.915 HPWL: 924484
[NesterovSolve] Iter:  160 overflow: 0.887 HPWL: 1074983
[NesterovSolve] Iter:  170 overflow: 0.881 HPWL: 1235381
[NesterovSolve] Iter:  180 overflow: 0.838 HPWL: 1662026
[NesterovSolve] Iter:  190 overflow: 0.812 HPWL: 1833331
[NesterovSolve] Iter:  200 overflow: 0.775 HPWL: 2118699
[NesterovSolve] Iter:  210 overflow: 0.736 HPWL: 2388044
[NesterovSolve] Iter:  220 overflow: 0.693 HPWL: 2671991
[NesterovSolve] Iter:  230 overflow: 0.640 HPWL: 2918766
[NesterovSolve] Iter:  240 overflow: 0.590 HPWL: 3171811
[NesterovSolve] Iter:  250 overflow: 0.541 HPWL: 3448644
[NesterovSolve] Iter:  260 overflow: 0.486 HPWL: 3682067
[NesterovSolve] Iter:  270 overflow: 0.431 HPWL: 3896086
[NesterovSolve] Iter:  280 overflow: 0.377 HPWL: 4103446
[NesterovSolve] Iter:  290 overflow: 0.325 HPWL: 4268168
[NesterovSolve] Iter:  300 overflow: 0.273 HPWL: 4277741
[NesterovSolve] Iter:  310 overflow: 0.237 HPWL: 4451245
[NesterovSolve] Iter:  320 overflow: 0.204 HPWL: 4606885
[NesterovSolve] Iter:  330 overflow: 0.175 HPWL: 4752786
[NesterovSolve] Iter:  340 overflow: 0.148 HPWL: 4848419
[NesterovSolve] Iter:  350 overflow: 0.118 HPWL: 4864424
[NesterovSolve] Finished with Overflow: 0.098533
Elapsed time: 0:00.60[h:]min:sec. CPU time: user 5.82 sys 0.08 (976%). Peak memory: 120904KB.
