OpenROAD v2.0-19576-gec1bf1a13 
Features included (+) or not (-): +GPU +GUI +Python : None
This program is licensed under the BSD-3 license. See the LICENSE file for details.
Components of this program may be licensed under more restrictive licenses which must be honored.
[INFO ORD-0030] Using 16 thread(s).
[INFO GPL-0002] DBU: 1000
[INFO GPL-0003] SiteSize: (  0.054  0.270 ) um
[INFO GPL-0004] CoreBBox: (  2.052  2.160 ) ( 75.168 60.480 ) um
[INFO GPL-0006] NumInstances:             16657
[INFO GPL-0007] NumPlaceInstances:        16007
[INFO GPL-0008] NumFixedInstances:          650
[INFO GPL-0009] NumDummyInstances:            0
[INFO GPL-0010] NumNets:                  16543
[INFO GPL-0011] NumPins:                  54441
[INFO GPL-0012] DieBBox:  (  0.000  0.000 ) ( 77.208 62.566 ) um
[INFO GPL-0013] CoreBBox: (  2.052  2.160 ) ( 75.168 60.480 ) um
[INFO GPL-0016] CoreArea:              4264.125 um^2
[INFO GPL-0017] NonPlaceInstsArea:       18.954 um^2
[INFO GPL-0018] PlaceInstsArea:        1729.975 um^2
[INFO GPL-0019] Util:                    40.752 %
[INFO GPL-0020] StdInstsArea:          1729.975 um^2
[INFO GPL-0021] MacroInstsArea:           0.000 um^2
[INFO GPL-0031] FillerInit:NumGCells:     40329
[INFO GPL-0032] FillerInit:NumGNets:      16543
[INFO GPL-0033] FillerInit:NumGPins:      54441
[INFO GPL-0023] TargetDensity:            1.000
[INFO GPL-0024] AvrgPlaceInstArea:        0.108 um^2
[INFO GPL-0025] IdealBinArea:             0.108 um^2
[INFO GPL-0026] IdealBinCnt:              39454
[INFO GPL-0027] TotalBinArea:          4264.125 um^2
[INFO GPL-0028] BinCnt:       128    128
[INFO GPL-0029] BinSize: (  0.572  0.456 )
[INFO GPL-0030] NumBins: 16384
Placement density is 0.5360128259658814, computed from PLACE_DENSITY_LB_ADDON 0.20 and lower bound 0.4075160324573517
global_placement -density 0.5360128259658814 -pad_left 0 -pad_right 0
[INFO GPL-0002] DBU: 1000
[INFO GPL-0003] SiteSize: (  0.054  0.270 ) um
[INFO GPL-0004] CoreBBox: (  2.052  2.160 ) ( 75.168 60.480 ) um
[INFO GPL-0006] NumInstances:             16657
[INFO GPL-0007] NumPlaceInstances:        16007
[INFO GPL-0008] NumFixedInstances:          650
[INFO GPL-0009] NumDummyInstances:            0
[INFO GPL-0010] NumNets:                  16543
[INFO GPL-0011] NumPins:                  54441
[INFO GPL-0012] DieBBox:  (  0.000  0.000 ) ( 77.208 62.566 ) um
[INFO GPL-0013] CoreBBox: (  2.052  2.160 ) ( 75.168 60.480 ) um
[INFO GPL-0016] CoreArea:              4264.125 um^2
[INFO GPL-0017] NonPlaceInstsArea:       18.954 um^2
[INFO GPL-0018] PlaceInstsArea:        1729.975 um^2
[INFO GPL-0019] Util:                    40.752 %
[INFO GPL-0020] StdInstsArea:          1729.975 um^2
[INFO GPL-0021] MacroInstsArea:           0.000 um^2
[InitialPlace]  Iter: 1 CG residual: 0.00001919 HPWL: 76821589
[InitialPlace]  Iter: 2 CG residual: 0.00000264 HPWL: 29341875
[InitialPlace]  Iter: 3 CG residual: 0.00000503 HPWL: 29257417
[InitialPlace]  Iter: 4 CG residual: 0.00000315 HPWL: 29434673
[InitialPlace]  Iter: 5 CG residual: 0.00000134 HPWL: 29405007
[INFO GPL-0031] FillerInit:NumGCells:     21282
[INFO GPL-0032] FillerInit:NumGNets:      16543
[INFO GPL-0033] FillerInit:NumGPins:      54441
[INFO GPL-0023] TargetDensity:            0.536
[INFO GPL-0024] AvrgPlaceInstArea:        0.108 um^2
[INFO GPL-0025] IdealBinArea:             0.202 um^2
[INFO GPL-0026] IdealBinCnt:              21148
[INFO GPL-0027] TotalBinArea:          4264.125 um^2
[INFO GPL-0028] BinCnt:       128    128
[INFO GPL-0029] BinSize: (  0.572  0.456 )
[INFO GPL-0030] NumBins: 16384
[NesterovSolve] Iter:    1 overflow: 0.955 HPWL: 29054015
[NesterovSolve] Iter:   10 overflow: 0.872 HPWL: 25780145
[NesterovSolve] Iter:   20 overflow: 0.856 HPWL: 25983755
[NesterovSolve] Iter:   30 overflow: 0.856 HPWL: 25511573
[NesterovSolve] Iter:   40 overflow: 0.852 HPWL: 25351970
[NesterovSolve] Iter:   50 overflow: 0.848 HPWL: 25202540
[NesterovSolve] Iter:   60 overflow: 0.844 HPWL: 25150156
[NesterovSolve] Iter:   70 overflow: 0.841 HPWL: 25147419
[NesterovSolve] Iter:   80 overflow: 0.838 HPWL: 25140839
[NesterovSolve] Iter:   90 overflow: 0.836 HPWL: 25163436
[NesterovSolve] Iter:  100 overflow: 0.835 HPWL: 25199612
[NesterovSolve] Iter:  110 overflow: 0.834 HPWL: 25240026
[NesterovSolve] Iter:  120 overflow: 0.834 HPWL: 25285934
[NesterovSolve] Iter:  130 overflow: 0.833 HPWL: 25366685
[NesterovSolve] Iter:  140 overflow: 0.831 HPWL: 25515798
[NesterovSolve] Iter:  150 overflow: 0.828 HPWL: 25789272
[NesterovSolve] Iter:  160 overflow: 0.822 HPWL: 26275335
[NesterovSolve] Iter:  170 overflow: 0.813 HPWL: 27104605
[NesterovSolve] Iter:  180 overflow: 0.801 HPWL: 28323028
[NesterovSolve] Iter:  190 overflow: 0.786 HPWL: 29795349
[NesterovSolve] Iter:  200 overflow: 0.767 HPWL: 31704140
[NesterovSolve] Iter:  210 overflow: 0.749 HPWL: 34004964
[NesterovSolve] Iter:  220 overflow: 0.727 HPWL: 36192980
[NesterovSolve] Iter:  230 overflow: 0.705 HPWL: 38134844
[NesterovSolve] Iter:  240 overflow: 0.684 HPWL: 39958303
[NesterovSolve] Iter:  250 overflow: 0.660 HPWL: 41582559
[NesterovSolve] Iter:  260 overflow: 0.635 HPWL: 43415425
[NesterovSolve] Iter:  270 overflow: 0.603 HPWL: 45411943
[NesterovSolve] Iter:  280 overflow: 0.567 HPWL: 47470405
[NesterovSolve] Iter:  290 overflow: 0.528 HPWL: 49575996
[NesterovSolve] Iter:  300 overflow: 0.482 HPWL: 51658624
[NesterovSolve] Iter:  310 overflow: 0.426 HPWL: 53919924
[NesterovSolve] Iter:  320 overflow: 0.352 HPWL: 56770792
[NesterovSolve] Iter:  330 overflow: 0.295 HPWL: 59043163
[NesterovSolve] Iter:  340 overflow: 0.250 HPWL: 60539848
[NesterovSolve] Iter:  350 overflow: 0.215 HPWL: 61639218
[NesterovSolve] Iter:  360 overflow: 0.183 HPWL: 62484283
[NesterovSolve] Iter:  370 overflow: 0.159 HPWL: 63113996
[NesterovSolve] Iter:  380 overflow: 0.137 HPWL: 63552586
[NesterovSolve] Iter:  390 overflow: 0.118 HPWL: 63873416
[NesterovSolve] Iter:  400 overflow: 0.102 HPWL: 64040925
[NesterovSolve] Finished with Overflow: 0.099464
Took 7 seconds: global_placement -density 0.5360128259658814 -pad_left 0 -pad_right 0
Report metrics stage 3, global place...

==========================================================================
global place report_design_area
--------------------------------------------------------------------------
Design area 1730 u^2 41% utilization.
Elapsed time: 0:14.84[h:]min:sec. CPU time: user 117.59 sys 0.69 (797%). Peak memory: 281664KB.
