OpenROAD v2.0-19576-gec1bf1a13 
Features included (+) or not (-): +GPU +GUI +Python : None
This program is licensed under the BSD-3 license. See the LICENSE file for details.
Components of this program may be licensed under more restrictive licenses which must be honored.
[INFO ORD-0030] Using 16 thread(s).
[INFO GPL-0002] DBU: 2000
[INFO GPL-0003] SiteSize: (  0.190  1.400 ) um
[INFO GPL-0004] CoreBBox: (  1.140  1.400 ) ( 43.130 25.200 ) um
[INFO GPL-0006] NumInstances:               537
[INFO GPL-0007] NumPlaceInstances:          503
[INFO GPL-0008] NumFixedInstances:           34
[INFO GPL-0009] NumDummyInstances:            0
[INFO GPL-0010] NumNets:                    574
[INFO GPL-0011] NumPins:                   1626
[INFO GPL-0012] DieBBox:  (  0.000  0.000 ) ( 44.145 27.285 ) um
[INFO GPL-0013] CoreBBox: (  1.140  1.400 ) ( 43.130 25.200 ) um
[INFO GPL-0016] CoreArea:               999.362 um^2
[INFO GPL-0017] NonPlaceInstsArea:        9.044 um^2
[INFO GPL-0018] PlaceInstsArea:         650.104 um^2
[INFO GPL-0019] Util:                    65.646 %
[INFO GPL-0020] StdInstsArea:           650.104 um^2
[INFO GPL-0021] MacroInstsArea:           0.000 um^2
[INFO GPL-0031] FillerInit:NumGCells:       799
[INFO GPL-0032] FillerInit:NumGNets:        574
[INFO GPL-0033] FillerInit:NumGPins:       1626
[INFO GPL-0023] TargetDensity:            1.000
[INFO GPL-0024] AvrgPlaceInstArea:        1.292 um^2
[INFO GPL-0025] IdealBinArea:             1.292 um^2
[INFO GPL-0026] IdealBinCnt:                773
[INFO GPL-0027] TotalBinArea:           999.362 um^2
[INFO GPL-0028] BinCnt:        16     16
[INFO GPL-0029] BinSize: (  2.624  1.488 )
[INFO GPL-0030] NumBins: 256
Placement density is 0.7695218658447266, computed from PLACE_DENSITY_LB_ADDON 0.30 and lower bound 0.6564598083496094
global_placement -density 0.7695218658447266 -pad_left 0 -pad_right 0
[INFO GPL-0002] DBU: 2000
[INFO GPL-0003] SiteSize: (  0.190  1.400 ) um
[INFO GPL-0004] CoreBBox: (  1.140  1.400 ) ( 43.130 25.200 ) um
[INFO GPL-0006] NumInstances:               537
[INFO GPL-0007] NumPlaceInstances:          503
[INFO GPL-0008] NumFixedInstances:           34
[INFO GPL-0009] NumDummyInstances:            0
[INFO GPL-0010] NumNets:                    574
[INFO GPL-0011] NumPins:                   1626
[INFO GPL-0012] DieBBox:  (  0.000  0.000 ) ( 44.145 27.285 ) um
[INFO GPL-0013] CoreBBox: (  1.140  1.400 ) ( 43.130 25.200 ) um
[INFO GPL-0016] CoreArea:               999.362 um^2
[INFO GPL-0017] NonPlaceInstsArea:        9.044 um^2
[INFO GPL-0018] PlaceInstsArea:         650.104 um^2
[INFO GPL-0019] Util:                    65.646 %
[INFO GPL-0020] StdInstsArea:           650.104 um^2
[INFO GPL-0021] MacroInstsArea:           0.000 um^2
[InitialPlace]  Iter: 1 CG residual: 0.00000006 HPWL: 8271567
[InitialPlace]  Iter: 2 CG residual: 0.00000007 HPWL: 5675680
[InitialPlace]  Iter: 3 CG residual: 0.00000007 HPWL: 5691436
[InitialPlace]  Iter: 4 CG residual: 0.00000006 HPWL: 5698949
[InitialPlace]  Iter: 5 CG residual: 0.00000005 HPWL: 5701200
[INFO GPL-0031] FillerInit:NumGCells:       600
[INFO GPL-0032] FillerInit:NumGNets:        574
[INFO GPL-0033] FillerInit:NumGPins:       1626
[INFO GPL-0023] TargetDensity:            0.770
[INFO GPL-0024] AvrgPlaceInstArea:        1.292 um^2
[INFO GPL-0025] IdealBinArea:             1.680 um^2
[INFO GPL-0026] IdealBinCnt:                595
[INFO GPL-0027] TotalBinArea:           999.362 um^2
[INFO GPL-0028] BinCnt:        16     16
[INFO GPL-0029] BinSize: (  2.624  1.488 )
[INFO GPL-0030] NumBins: 256
[NesterovSolve] Iter:    1 overflow: 0.871 HPWL: 3632238
[NesterovSolve] Iter:   10 overflow: 0.704 HPWL: 4263887
[NesterovSolve] Iter:   20 overflow: 0.667 HPWL: 4283263
[NesterovSolve] Iter:   30 overflow: 0.675 HPWL: 4264223
[NesterovSolve] Iter:   40 overflow: 0.678 HPWL: 4269755
[NesterovSolve] Iter:   50 overflow: 0.675 HPWL: 4271907
[NesterovSolve] Iter:   60 overflow: 0.675 HPWL: 4264608
[NesterovSolve] Iter:   70 overflow: 0.675 HPWL: 4263019
[NesterovSolve] Iter:   80 overflow: 0.674 HPWL: 4265033
[NesterovSolve] Iter:   90 overflow: 0.675 HPWL: 4267284
[NesterovSolve] Iter:  100 overflow: 0.674 HPWL: 4268640
[NesterovSolve] Iter:  110 overflow: 0.673 HPWL: 4269050
[NesterovSolve] Iter:  120 overflow: 0.672 HPWL: 4269940
[NesterovSolve] Iter:  130 overflow: 0.670 HPWL: 4273586
[NesterovSolve] Iter:  140 overflow: 0.668 HPWL: 4281506
[NesterovSolve] Iter:  150 overflow: 0.664 HPWL: 4291558
[NesterovSolve] Iter:  160 overflow: 0.658 HPWL: 4303454
[NesterovSolve] Iter:  170 overflow: 0.651 HPWL: 4319261
[NesterovSolve] Iter:  180 overflow: 0.641 HPWL: 4348606
[NesterovSolve] Iter:  190 overflow: 0.627 HPWL: 4385156
[NesterovSolve] Iter:  200 overflow: 0.603 HPWL: 4426970
[NesterovSolve] Iter:  210 overflow: 0.579 HPWL: 4475709
[NesterovSolve] Iter:  220 overflow: 0.551 HPWL: 4550770
[NesterovSolve] Iter:  230 overflow: 0.517 HPWL: 4623064
[NesterovSolve] Iter:  240 overflow: 0.481 HPWL: 4699506
[NesterovSolve] Iter:  250 overflow: 0.436 HPWL: 4760250
[NesterovSolve] Iter:  260 overflow: 0.385 HPWL: 4803312
[NesterovSolve] Iter:  270 overflow: 0.329 HPWL: 4851495
[NesterovSolve] Iter:  280 overflow: 0.290 HPWL: 4901980
[NesterovSolve] Iter:  290 overflow: 0.262 HPWL: 4976456
[NesterovSolve] Iter:  300 overflow: 0.228 HPWL: 5056285
[NesterovSolve] Iter:  310 overflow: 0.197 HPWL: 5090041
[NesterovSolve] Iter:  320 overflow: 0.174 HPWL: 5148890
[NesterovSolve] Iter:  330 overflow: 0.150 HPWL: 5191058
[NesterovSolve] Iter:  340 overflow: 0.133 HPWL: 5230088
[NesterovSolve] Iter:  350 overflow: 0.112 HPWL: 5266996
[NesterovSolve] Finished with Overflow: 0.098963
Report metrics stage 3, global place...

==========================================================================
global place report_design_area
--------------------------------------------------------------------------
Design area 650 u^2 65% utilization.
Elapsed time: 0:00.53[h:]min:sec. CPU time: user 3.22 sys 0.10 (626%). Peak memory: 120488KB.
