
==========================================================================
detailed place report_tns
--------------------------------------------------------------------------
tns -212.84

==========================================================================
detailed place report_wns
--------------------------------------------------------------------------
wns -0.35

==========================================================================
detailed place report_worst_slack
--------------------------------------------------------------------------
worst slack -0.35

==========================================================================
detailed place report_checks -path_delay min
--------------------------------------------------------------------------
Startpoint: rst_ni (input port clocked by core_clock)
Endpoint: ex_block_i.genblk3.gen_multdiv_fast.multdiv_i.op_quotient_q[26]$_DFFE_PN0P_
          (removal check against rising-edge clock core_clock)
Path Group: asynchronous
Path Type: min

Fanout     Cap    Slew   Delay    Time   Description
-----------------------------------------------------------------------------
                  0.00    0.00    0.00   clock core_clock (rise edge)
                          0.00    0.00   clock network delay (ideal)
                          0.44    0.44 ^ input external delay
  1658 3483.70    0.00    0.00    0.44 ^ rst_ni (in)
                                         rst_ni (net)
                  0.79    0.65    1.09 ^ ex_block_i.genblk3.gen_multdiv_fast.multdiv_i.op_quotient_q[26]$_DFFE_PN0P_/RN (DFFR_X1)
                                  1.09   data arrival time

                  0.00    0.00    0.00   clock core_clock (rise edge)
                          0.00    0.00   clock network delay (ideal)
                          0.00    0.00   clock reconvergence pessimism
                                  0.00 ^ ex_block_i.genblk3.gen_multdiv_fast.multdiv_i.op_quotient_q[26]$_DFFE_PN0P_/CK (DFFR_X1)
                          1.17    1.17   library removal time
                                  1.17   data required time
-----------------------------------------------------------------------------
                                  1.17   data required time
                                 -1.09   data arrival time
-----------------------------------------------------------------------------
                                 -0.08   slack (VIOLATED)


Startpoint: core_clock_gate_i.en_latch$_DLATCH_N_
            (negative level-sensitive latch clocked by core_clock)
Endpoint: _29919_ (rising clock gating-check end-point clocked by core_clock)
Path Group: gated clock
Path Type: min

Fanout     Cap    Slew   Delay    Time   Description
-----------------------------------------------------------------------------
                  0.00    1.10    1.10   clock core_clock (fall edge)
                          0.00    1.10   clock network delay (ideal)
                  0.00    0.00    1.10 v core_clock_gate_i.en_latch$_DLATCH_N_/GN (DLL_X1)
     1    1.05    0.01    0.04    1.14 ^ core_clock_gate_i.en_latch$_DLATCH_N_/Q (DLL_X1)
                                         core_clock_gate_i.en_latch (net)
                  0.01    0.00    1.14 ^ _29919_/A2 (AND2_X1)
                                  1.14   data arrival time

                  0.00    1.10    1.10   clock core_clock (fall edge)
                          0.00    1.10   clock network delay (ideal)
                          0.00    1.10   clock reconvergence pessimism
                                  1.10 v _29919_/A1 (AND2_X1)
                          0.00    1.10   clock gating hold time
                                  1.10   data required time
-----------------------------------------------------------------------------
                                  1.10   data required time
                                 -1.14   data arrival time
-----------------------------------------------------------------------------
                                  0.04   slack (MET)


Startpoint: cs_registers_i.u_dcsr_csr.rdata_q[2]$_DFFE_PN0P_
            (rising edge-triggered flip-flop clocked by core_clock)
Endpoint: cs_registers_i.u_dcsr_csr.rdata_q[8]$_DFFE_PN0P_
          (rising edge-triggered flip-flop clocked by core_clock)
Path Group: core_clock
Path Type: min

Fanout     Cap    Slew   Delay    Time   Description
-----------------------------------------------------------------------------
                  0.00    0.00    0.00   clock core_clock (rise edge)
                          0.00    0.00   clock network delay (ideal)
                  0.00    0.00    0.00 ^ cs_registers_i.u_dcsr_csr.rdata_q[2]$_DFFE_PN0P_/CK (DFFR_X1)
     2    4.00    0.01    0.07    0.07 ^ cs_registers_i.u_dcsr_csr.rdata_q[2]$_DFFE_PN0P_/QN (DFFR_X1)
                                         _01164_ (net)
                  0.01    0.00    0.07 ^ _28337_/A1 (OAI22_X1)
     1    1.24    0.01    0.01    0.08 v _28337_/ZN (OAI22_X1)
                                         _02831_ (net)
                  0.01    0.00    0.08 v cs_registers_i.u_dcsr_csr.rdata_q[8]$_DFFE_PN0P_/D (DFFR_X1)
                                  0.08   data arrival time

                  0.00    0.00    0.00   clock core_clock (rise edge)
                          0.00    0.00   clock network delay (ideal)
                          0.00    0.00   clock reconvergence pessimism
                                  0.00 ^ cs_registers_i.u_dcsr_csr.rdata_q[8]$_DFFE_PN0P_/CK (DFFR_X1)
                          0.00    0.00   library hold time
                                  0.00   data required time
-----------------------------------------------------------------------------
                                  0.00   data required time
                                 -0.08   data arrival time
-----------------------------------------------------------------------------
                                  0.08   slack (MET)



==========================================================================
detailed place report_checks -path_delay max
--------------------------------------------------------------------------
Startpoint: rst_ni (input port clocked by core_clock)
Endpoint: ex_block_i.genblk3.gen_multdiv_fast.multdiv_i.op_quotient_q[26]$_DFFE_PN0P_
          (recovery check against rising-edge clock core_clock)
Path Group: asynchronous
Path Type: max

Fanout     Cap    Slew   Delay    Time   Description
-----------------------------------------------------------------------------
                  0.00    0.00    0.00   clock core_clock (rise edge)
                          0.00    0.00   clock network delay (ideal)
                          0.44    0.44 ^ input external delay
  1658 3483.70    0.00    0.00    0.44 ^ rst_ni (in)
                                         rst_ni (net)
                  0.79    0.65    1.09 ^ ex_block_i.genblk3.gen_multdiv_fast.multdiv_i.op_quotient_q[26]$_DFFE_PN0P_/RN (DFFR_X1)
                                  1.09   data arrival time

                  0.00    2.20    2.20   clock core_clock (rise edge)
                          0.00    2.20   clock network delay (ideal)
                          0.00    2.20   clock reconvergence pessimism
                                  2.20 ^ ex_block_i.genblk3.gen_multdiv_fast.multdiv_i.op_quotient_q[26]$_DFFE_PN0P_/CK (DFFR_X1)
                         -0.13    2.07   library recovery time
                                  2.07   data required time
-----------------------------------------------------------------------------
                                  2.07   data required time
                                 -1.09   data arrival time
-----------------------------------------------------------------------------
                                  0.98   slack (MET)


Startpoint: core_clock_gate_i.en_latch$_DLATCH_N_
            (negative level-sensitive latch clocked by core_clock)
Endpoint: _29919_ (rising clock gating-check end-point clocked by core_clock)
Path Group: gated clock
Path Type: max

Fanout     Cap    Slew   Delay    Time   Description
-----------------------------------------------------------------------------
                  0.00    1.10    1.10   clock core_clock (fall edge)
                          0.00    1.10   clock network delay (ideal)
                  0.00    0.00    1.10 v core_clock_gate_i.en_latch$_DLATCH_N_/GN (DLL_X1)
     1    0.97    0.01    0.07    1.17 v core_clock_gate_i.en_latch$_DLATCH_N_/Q (DLL_X1)
                                         core_clock_gate_i.en_latch (net)
                  0.01    0.00    1.17 v _29919_/A2 (AND2_X1)
                                  1.17   data arrival time

                  0.00    2.20    2.20   clock core_clock (rise edge)
                          0.00    2.20   clock network delay (ideal)
                          0.00    2.20   clock reconvergence pessimism
                                  2.20 ^ _29919_/A1 (AND2_X1)
                          0.00    2.20   clock gating setup time
                                  2.20   data required time
-----------------------------------------------------------------------------
                                  2.20   data required time
                                 -1.17   data arrival time
-----------------------------------------------------------------------------
                                  1.03   slack (MET)


Startpoint: if_stage_i.instr_rdata_alu_id_o[21]$_DFFE_PN_
            (rising edge-triggered flip-flop clocked by core_clock)
Endpoint: gen_regfile_ff.register_file_i.rf_reg_q[374]$_DFFE_PN0P_
          (rising edge-triggered flip-flop clocked by core_clock)
Path Group: core_clock
Path Type: max

Fanout     Cap    Slew   Delay    Time   Description
-----------------------------------------------------------------------------
                  0.00    0.00    0.00   clock core_clock (rise edge)
                          0.00    0.00   clock network delay (ideal)
                  0.00    0.00    0.00 ^ if_stage_i.instr_rdata_alu_id_o[21]$_DFFE_PN_/CK (DFF_X1)
     1    3.53    0.01    0.09    0.09 ^ if_stage_i.instr_rdata_alu_id_o[21]$_DFFE_PN_/Q (DFF_X1)
                                         gen_regfile_ff.register_file_i.raddr_b_i[1] (net)
                  0.01    0.00    0.09 ^ _16515_/A (BUF_X4)
     4   19.63    0.01    0.03    0.12 ^ _16515_/Z (BUF_X4)
                                         _10699_ (net)
                  0.01    0.00    0.12 ^ _16516_/A (BUF_X16)
    10   38.60    0.01    0.02    0.14 ^ _16516_/Z (BUF_X16)
                                         _10700_ (net)
                  0.01    0.00    0.14 ^ _16517_/A (BUF_X16)
    10   56.78    0.01    0.02    0.17 ^ _16517_/Z (BUF_X16)
                                         _10701_ (net)
                  0.01    0.00    0.17 ^ _16518_/A (BUF_X32)
    10   44.29    0.01    0.02    0.19 ^ _16518_/Z (BUF_X32)
                                         _10702_ (net)
                  0.01    0.01    0.20 ^ _16519_/A (BUF_X16)
    10   34.89    0.01    0.02    0.22 ^ _16519_/Z (BUF_X16)
                                         _10703_ (net)
                  0.01    0.00    0.22 ^ _16520_/A (BUF_X8)
    10   30.03    0.01    0.03    0.25 ^ _16520_/Z (BUF_X8)
                                         _10704_ (net)
                  0.01    0.00    0.25 ^ _16566_/A (BUF_X4)
    19   49.55    0.03    0.05    0.29 ^ _16566_/Z (BUF_X4)
                                         _10750_ (net)
                  0.03    0.01    0.30 ^ _18246_/A (BUF_X1)
    10   25.97    0.06    0.09    0.39 ^ _18246_/Z (BUF_X1)
                                         _12363_ (net)
                  0.06    0.00    0.39 ^ _18247_/A (BUF_X1)
    10   31.64    0.07    0.10    0.49 ^ _18247_/Z (BUF_X1)
                                         _12364_ (net)
                  0.07    0.00    0.49 ^ _18354_/S (MUX2_X1)
     1    1.04    0.01    0.06    0.55 v _18354_/Z (MUX2_X1)
                                         _12469_ (net)
                  0.01    0.00    0.55 v _18355_/B (MUX2_X1)
     1    1.03    0.01    0.06    0.61 v _18355_/Z (MUX2_X1)
                                         _12470_ (net)
                  0.01    0.00    0.61 v _18356_/B (MUX2_X1)
     1    1.30    0.01    0.06    0.67 v _18356_/Z (MUX2_X1)
                                         _12471_ (net)
                  0.01    0.00    0.67 v _18357_/B (MUX2_X1)
     1    1.51    0.01    0.06    0.73 v _18357_/Z (MUX2_X1)
                                         _12472_ (net)
                  0.01    0.00    0.73 v _18358_/B1 (AOI21_X1)
     8   35.44    0.17    0.19    0.92 ^ _18358_/ZN (AOI21_X1)
                                         _12473_ (net)
                  0.17    0.01    0.93 ^ _20581_/A1 (AND2_X1)
     1    1.78    0.01    0.05    0.98 ^ _20581_/ZN (AND2_X1)
                                         _03899_ (net)
                  0.01    0.00    0.98 ^ _20582_/A (AOI21_X1)
     2    3.34    0.03    0.02    1.00 v _20582_/ZN (AOI21_X1)
                                         _03900_ (net)
                  0.03    0.00    1.00 v _20603_/A (INV_X1)
     7   17.02    0.04    0.06    1.05 ^ _20603_/ZN (INV_X1)
                                         _03911_ (net)
                  0.04    0.00    1.05 ^ _20604_/A2 (NAND2_X1)
     1    3.59    0.02    0.02    1.08 v _20604_/ZN (NAND2_X1)
                                         _14828_ (net)
                  0.02    0.00    1.08 v _30153_/B (FA_X1)
     1    3.45    0.02    0.08    1.16 v _30153_/CO (FA_X1)
                                         _14830_ (net)
                  0.02    0.00    1.16 v _30168_/CI (FA_X1)
     1    1.84    0.01    0.11    1.28 ^ _30168_/S (FA_X1)
                                         _14892_ (net)
                  0.01    0.00    1.28 ^ _21493_/A (INV_X1)
     1    2.96    0.01    0.01    1.29 v _21493_/ZN (INV_X1)
                                         _14895_ (net)
                  0.01    0.00    1.29 v _30169_/CI (FA_X1)
     1    3.87    0.02    0.09    1.38 v _30169_/S (FA_X1)
                                         _14897_ (net)
                  0.02    0.00    1.38 v _30174_/A (FA_X1)
     1    1.87    0.01    0.12    1.49 ^ _30174_/S (FA_X1)
                                         _14916_ (net)
                  0.01    0.00    1.49 ^ _21168_/A (INV_X1)
     1    3.87    0.01    0.01    1.50 v _21168_/ZN (INV_X1)
                                         _14930_ (net)
                  0.01    0.00    1.50 v _30178_/A (FA_X1)
     1    4.03    0.02    0.12    1.62 ^ _30178_/S (FA_X1)
                                         _14934_ (net)
                  0.02    0.00    1.62 ^ _30179_/A (FA_X1)
     1    1.99    0.02    0.09    1.71 v _30179_/S (FA_X1)
                                         _14937_ (net)
                  0.02    0.00    1.71 v _21495_/A (INV_X1)
     1    3.78    0.01    0.02    1.73 ^ _21495_/ZN (INV_X1)
                                         _16125_ (net)
                  0.01    0.00    1.73 ^ _30534_/A (HA_X1)
     2    4.15    0.03    0.06    1.79 ^ _30534_/S (HA_X1)
                                         _16128_ (net)
                  0.03    0.00    1.79 ^ _23568_/B2 (AOI21_X1)
     3    5.79    0.02    0.03    1.82 v _23568_/ZN (AOI21_X1)
                                         _06079_ (net)
                  0.02    0.00    1.82 v _23570_/A (AOI21_X1)
     3    6.13    0.04    0.06    1.88 ^ _23570_/ZN (AOI21_X1)
                                         _06081_ (net)
                  0.04    0.00    1.88 ^ _23655_/A4 (AND4_X1)
     2    3.83    0.02    0.07    1.95 ^ _23655_/ZN (AND4_X1)
                                         _06162_ (net)
                  0.02    0.00    1.95 ^ _23717_/A1 (NOR2_X1)
     1    1.72    0.01    0.01    1.96 v _23717_/ZN (NOR2_X1)
                                         _06222_ (net)
                  0.01    0.00    1.96 v _23718_/B2 (AOI21_X1)
     3    9.70    0.06    0.07    2.04 ^ _23718_/ZN (AOI21_X1)
                                         _06223_ (net)
                  0.06    0.00    2.04 ^ _23719_/B1 (AOI21_X1)
     1    2.53    0.02    0.02    2.06 v _23719_/ZN (AOI21_X1)
                                         _06224_ (net)
                  0.02    0.00    2.06 v _23720_/B (XOR2_X1)
     1    5.75    0.04    0.06    2.12 ^ _23720_/Z (XOR2_X1)
                                         _06225_ (net)
                  0.04    0.00    2.12 ^ _23721_/A2 (NOR2_X1)
     1    2.17    0.03    0.02    2.13 v _23721_/ZN (NOR2_X1)
                                         _06226_ (net)
                  0.03    0.00    2.13 v _23722_/A3 (NOR3_X1)
     2    9.88    0.08    0.12    2.25 ^ _23722_/ZN (NOR3_X1)
                                         _06227_ (net)
                  0.08    0.00    2.25 ^ _23724_/B1 (OAI22_X1)
     1    1.55    0.02    0.03    2.28 v _23724_/ZN (OAI22_X1)
                                         _06229_ (net)
                  0.02    0.00    2.28 v _23725_/B2 (AOI21_X1)
     4   16.52    0.09    0.11    2.39 ^ _23725_/ZN (AOI21_X1)
                                         _06230_ (net)
                  0.09    0.00    2.39 ^ _23726_/A (BUF_X1)
    10   24.54    0.06    0.09    2.48 ^ _23726_/Z (BUF_X1)
                                         _06231_ (net)
                  0.06    0.00    2.48 ^ _24579_/B2 (OAI21_X1)
     1    1.44    0.02    0.02    2.51 v _24579_/ZN (OAI21_X1)
                                         _01584_ (net)
                  0.02    0.00    2.51 v gen_regfile_ff.register_file_i.rf_reg_q[374]$_DFFE_PN0P_/D (DFFR_X1)
                                  2.51   data arrival time

                  0.00    2.20    2.20   clock core_clock (rise edge)
                          0.00    2.20   clock network delay (ideal)
                          0.00    2.20   clock reconvergence pessimism
                                  2.20 ^ gen_regfile_ff.register_file_i.rf_reg_q[374]$_DFFE_PN0P_/CK (DFFR_X1)
                         -0.04    2.16   library setup time
                                  2.16   data required time
-----------------------------------------------------------------------------
                                  2.16   data required time
                                 -2.51   data arrival time
-----------------------------------------------------------------------------
                                 -0.35   slack (VIOLATED)



==========================================================================
detailed place report_checks -unconstrained
--------------------------------------------------------------------------
Startpoint: rst_ni (input port clocked by core_clock)
Endpoint: ex_block_i.genblk3.gen_multdiv_fast.multdiv_i.op_quotient_q[26]$_DFFE_PN0P_
          (recovery check against rising-edge clock core_clock)
Path Group: asynchronous
Path Type: max

Fanout     Cap    Slew   Delay    Time   Description
-----------------------------------------------------------------------------
                  0.00    0.00    0.00   clock core_clock (rise edge)
                          0.00    0.00   clock network delay (ideal)
                          0.44    0.44 ^ input external delay
  1658 3483.70    0.00    0.00    0.44 ^ rst_ni (in)
                                         rst_ni (net)
                  0.79    0.65    1.09 ^ ex_block_i.genblk3.gen_multdiv_fast.multdiv_i.op_quotient_q[26]$_DFFE_PN0P_/RN (DFFR_X1)
                                  1.09   data arrival time

                  0.00    2.20    2.20   clock core_clock (rise edge)
                          0.00    2.20   clock network delay (ideal)
                          0.00    2.20   clock reconvergence pessimism
                                  2.20 ^ ex_block_i.genblk3.gen_multdiv_fast.multdiv_i.op_quotient_q[26]$_DFFE_PN0P_/CK (DFFR_X1)
                         -0.13    2.07   library recovery time
                                  2.07   data required time
-----------------------------------------------------------------------------
                                  2.07   data required time
                                 -1.09   data arrival time
-----------------------------------------------------------------------------
                                  0.98   slack (MET)


Startpoint: core_clock_gate_i.en_latch$_DLATCH_N_
            (negative level-sensitive latch clocked by core_clock)
Endpoint: _29919_ (rising clock gating-check end-point clocked by core_clock)
Path Group: gated clock
Path Type: max

Fanout     Cap    Slew   Delay    Time   Description
-----------------------------------------------------------------------------
                  0.00    1.10    1.10   clock core_clock (fall edge)
                          0.00    1.10   clock network delay (ideal)
                  0.00    0.00    1.10 v core_clock_gate_i.en_latch$_DLATCH_N_/GN (DLL_X1)
     1    0.97    0.01    0.07    1.17 v core_clock_gate_i.en_latch$_DLATCH_N_/Q (DLL_X1)
                                         core_clock_gate_i.en_latch (net)
                  0.01    0.00    1.17 v _29919_/A2 (AND2_X1)
                                  1.17   data arrival time

                  0.00    2.20    2.20   clock core_clock (rise edge)
                          0.00    2.20   clock network delay (ideal)
                          0.00    2.20   clock reconvergence pessimism
                                  2.20 ^ _29919_/A1 (AND2_X1)
                          0.00    2.20   clock gating setup time
                                  2.20   data required time
-----------------------------------------------------------------------------
                                  2.20   data required time
                                 -1.17   data arrival time
-----------------------------------------------------------------------------
                                  1.03   slack (MET)


Startpoint: if_stage_i.instr_rdata_alu_id_o[21]$_DFFE_PN_
            (rising edge-triggered flip-flop clocked by core_clock)
Endpoint: gen_regfile_ff.register_file_i.rf_reg_q[374]$_DFFE_PN0P_
          (rising edge-triggered flip-flop clocked by core_clock)
Path Group: core_clock
Path Type: max

Fanout     Cap    Slew   Delay    Time   Description
-----------------------------------------------------------------------------
                  0.00    0.00    0.00   clock core_clock (rise edge)
                          0.00    0.00   clock network delay (ideal)
                  0.00    0.00    0.00 ^ if_stage_i.instr_rdata_alu_id_o[21]$_DFFE_PN_/CK (DFF_X1)
     1    3.53    0.01    0.09    0.09 ^ if_stage_i.instr_rdata_alu_id_o[21]$_DFFE_PN_/Q (DFF_X1)
                                         gen_regfile_ff.register_file_i.raddr_b_i[1] (net)
                  0.01    0.00    0.09 ^ _16515_/A (BUF_X4)
     4   19.63    0.01    0.03    0.12 ^ _16515_/Z (BUF_X4)
                                         _10699_ (net)
                  0.01    0.00    0.12 ^ _16516_/A (BUF_X16)
    10   38.60    0.01    0.02    0.14 ^ _16516_/Z (BUF_X16)
                                         _10700_ (net)
                  0.01    0.00    0.14 ^ _16517_/A (BUF_X16)
    10   56.78    0.01    0.02    0.17 ^ _16517_/Z (BUF_X16)
                                         _10701_ (net)
                  0.01    0.00    0.17 ^ _16518_/A (BUF_X32)
    10   44.29    0.01    0.02    0.19 ^ _16518_/Z (BUF_X32)
                                         _10702_ (net)
                  0.01    0.01    0.20 ^ _16519_/A (BUF_X16)
    10   34.89    0.01    0.02    0.22 ^ _16519_/Z (BUF_X16)
                                         _10703_ (net)
                  0.01    0.00    0.22 ^ _16520_/A (BUF_X8)
    10   30.03    0.01    0.03    0.25 ^ _16520_/Z (BUF_X8)
                                         _10704_ (net)
                  0.01    0.00    0.25 ^ _16566_/A (BUF_X4)
    19   49.55    0.03    0.05    0.29 ^ _16566_/Z (BUF_X4)
                                         _10750_ (net)
                  0.03    0.01    0.30 ^ _18246_/A (BUF_X1)
    10   25.97    0.06    0.09    0.39 ^ _18246_/Z (BUF_X1)
                                         _12363_ (net)
                  0.06    0.00    0.39 ^ _18247_/A (BUF_X1)
    10   31.64    0.07    0.10    0.49 ^ _18247_/Z (BUF_X1)
                                         _12364_ (net)
                  0.07    0.00    0.49 ^ _18354_/S (MUX2_X1)
     1    1.04    0.01    0.06    0.55 v _18354_/Z (MUX2_X1)
                                         _12469_ (net)
                  0.01    0.00    0.55 v _18355_/B (MUX2_X1)
     1    1.03    0.01    0.06    0.61 v _18355_/Z (MUX2_X1)
                                         _12470_ (net)
                  0.01    0.00    0.61 v _18356_/B (MUX2_X1)
     1    1.30    0.01    0.06    0.67 v _18356_/Z (MUX2_X1)
                                         _12471_ (net)
                  0.01    0.00    0.67 v _18357_/B (MUX2_X1)
     1    1.51    0.01    0.06    0.73 v _18357_/Z (MUX2_X1)
                                         _12472_ (net)
                  0.01    0.00    0.73 v _18358_/B1 (AOI21_X1)
     8   35.44    0.17    0.19    0.92 ^ _18358_/ZN (AOI21_X1)
                                         _12473_ (net)
                  0.17    0.01    0.93 ^ _20581_/A1 (AND2_X1)
     1    1.78    0.01    0.05    0.98 ^ _20581_/ZN (AND2_X1)
                                         _03899_ (net)
                  0.01    0.00    0.98 ^ _20582_/A (AOI21_X1)
     2    3.34    0.03    0.02    1.00 v _20582_/ZN (AOI21_X1)
                                         _03900_ (net)
                  0.03    0.00    1.00 v _20603_/A (INV_X1)
     7   17.02    0.04    0.06    1.05 ^ _20603_/ZN (INV_X1)
                                         _03911_ (net)
                  0.04    0.00    1.05 ^ _20604_/A2 (NAND2_X1)
     1    3.59    0.02    0.02    1.08 v _20604_/ZN (NAND2_X1)
                                         _14828_ (net)
                  0.02    0.00    1.08 v _30153_/B (FA_X1)
     1    3.45    0.02    0.08    1.16 v _30153_/CO (FA_X1)
                                         _14830_ (net)
                  0.02    0.00    1.16 v _30168_/CI (FA_X1)
     1    1.84    0.01    0.11    1.28 ^ _30168_/S (FA_X1)
                                         _14892_ (net)
                  0.01    0.00    1.28 ^ _21493_/A (INV_X1)
     1    2.96    0.01    0.01    1.29 v _21493_/ZN (INV_X1)
                                         _14895_ (net)
                  0.01    0.00    1.29 v _30169_/CI (FA_X1)
     1    3.87    0.02    0.09    1.38 v _30169_/S (FA_X1)
                                         _14897_ (net)
                  0.02    0.00    1.38 v _30174_/A (FA_X1)
     1    1.87    0.01    0.12    1.49 ^ _30174_/S (FA_X1)
                                         _14916_ (net)
                  0.01    0.00    1.49 ^ _21168_/A (INV_X1)
     1    3.87    0.01    0.01    1.50 v _21168_/ZN (INV_X1)
                                         _14930_ (net)
                  0.01    0.00    1.50 v _30178_/A (FA_X1)
     1    4.03    0.02    0.12    1.62 ^ _30178_/S (FA_X1)
                                         _14934_ (net)
                  0.02    0.00    1.62 ^ _30179_/A (FA_X1)
     1    1.99    0.02    0.09    1.71 v _30179_/S (FA_X1)
                                         _14937_ (net)
                  0.02    0.00    1.71 v _21495_/A (INV_X1)
     1    3.78    0.01    0.02    1.73 ^ _21495_/ZN (INV_X1)
                                         _16125_ (net)
                  0.01    0.00    1.73 ^ _30534_/A (HA_X1)
     2    4.15    0.03    0.06    1.79 ^ _30534_/S (HA_X1)
                                         _16128_ (net)
                  0.03    0.00    1.79 ^ _23568_/B2 (AOI21_X1)
     3    5.79    0.02    0.03    1.82 v _23568_/ZN (AOI21_X1)
                                         _06079_ (net)
                  0.02    0.00    1.82 v _23570_/A (AOI21_X1)
     3    6.13    0.04    0.06    1.88 ^ _23570_/ZN (AOI21_X1)
                                         _06081_ (net)
                  0.04    0.00    1.88 ^ _23655_/A4 (AND4_X1)
     2    3.83    0.02    0.07    1.95 ^ _23655_/ZN (AND4_X1)
                                         _06162_ (net)
                  0.02    0.00    1.95 ^ _23717_/A1 (NOR2_X1)
     1    1.72    0.01    0.01    1.96 v _23717_/ZN (NOR2_X1)
                                         _06222_ (net)
                  0.01    0.00    1.96 v _23718_/B2 (AOI21_X1)
     3    9.70    0.06    0.07    2.04 ^ _23718_/ZN (AOI21_X1)
                                         _06223_ (net)
                  0.06    0.00    2.04 ^ _23719_/B1 (AOI21_X1)
     1    2.53    0.02    0.02    2.06 v _23719_/ZN (AOI21_X1)
                                         _06224_ (net)
                  0.02    0.00    2.06 v _23720_/B (XOR2_X1)
     1    5.75    0.04    0.06    2.12 ^ _23720_/Z (XOR2_X1)
                                         _06225_ (net)
                  0.04    0.00    2.12 ^ _23721_/A2 (NOR2_X1)
     1    2.17    0.03    0.02    2.13 v _23721_/ZN (NOR2_X1)
                                         _06226_ (net)
                  0.03    0.00    2.13 v _23722_/A3 (NOR3_X1)
     2    9.88    0.08    0.12    2.25 ^ _23722_/ZN (NOR3_X1)
                                         _06227_ (net)
                  0.08    0.00    2.25 ^ _23724_/B1 (OAI22_X1)
     1    1.55    0.02    0.03    2.28 v _23724_/ZN (OAI22_X1)
                                         _06229_ (net)
                  0.02    0.00    2.28 v _23725_/B2 (AOI21_X1)
     4   16.52    0.09    0.11    2.39 ^ _23725_/ZN (AOI21_X1)
                                         _06230_ (net)
                  0.09    0.00    2.39 ^ _23726_/A (BUF_X1)
    10   24.54    0.06    0.09    2.48 ^ _23726_/Z (BUF_X1)
                                         _06231_ (net)
                  0.06    0.00    2.48 ^ _24579_/B2 (OAI21_X1)
     1    1.44    0.02    0.02    2.51 v _24579_/ZN (OAI21_X1)
                                         _01584_ (net)
                  0.02    0.00    2.51 v gen_regfile_ff.register_file_i.rf_reg_q[374]$_DFFE_PN0P_/D (DFFR_X1)
                                  2.51   data arrival time

                  0.00    2.20    2.20   clock core_clock (rise edge)
                          0.00    2.20   clock network delay (ideal)
                          0.00    2.20   clock reconvergence pessimism
                                  2.20 ^ gen_regfile_ff.register_file_i.rf_reg_q[374]$_DFFE_PN0P_/CK (DFFR_X1)
                         -0.04    2.16   library setup time
                                  2.16   data required time
-----------------------------------------------------------------------------
                                  2.16   data required time
                                 -2.51   data arrival time
-----------------------------------------------------------------------------
                                 -0.35   slack (VIOLATED)



==========================================================================
detailed place report_check_types -max_slew -max_cap -max_fanout -violators
--------------------------------------------------------------------------
max slew

Pin                                    Limit    Slew   Slack
------------------------------------------------------------
_20440_/ZN                              0.20    0.26   -0.06 (VIOLATED)
_24776_/ZN                              0.20    0.21   -0.01 (VIOLATED)
_22911_/ZN                              0.20    0.20   -0.01 (VIOLATED)
_17048_/Z                               0.20    0.20   -0.00 (VIOLATED)
_22176_/ZN                              0.20    0.20   -0.00 (VIOLATED)

max capacitance

Pin                                    Limit     Cap   Slack
------------------------------------------------------------
_17048_/Z                              25.33   41.58  -16.25 (VIOLATED)
_22176_/ZN                             23.23   39.41  -16.18 (VIOLATED)
_22217_/ZN                             23.23   38.63  -15.39 (VIOLATED)
_20440_/ZN                             10.47   25.30  -14.82 (VIOLATED)
_22284_/ZN                             23.23   37.14  -13.91 (VIOLATED)
_22073_/ZN                             23.23   36.82  -13.59 (VIOLATED)
_22344_/ZN                             23.23   36.62  -13.39 (VIOLATED)
_27512_/ZN                             23.23   36.06  -12.83 (VIOLATED)
_24776_/ZN                             16.02   28.62  -12.60 (VIOLATED)
_22089_/ZN                             23.23   35.72  -12.49 (VIOLATED)
_22133_/ZN                             23.23   35.20  -11.97 (VIOLATED)
_19924_/ZN                             25.33   37.09  -11.76 (VIOLATED)
_18303_/ZN                             25.33   36.72  -11.39 (VIOLATED)
_19553_/ZN                             26.02   37.32  -11.31 (VIOLATED)
_27504_/ZN                             23.23   34.43  -11.20 (VIOLATED)
_19731_/ZN                             26.02   37.18  -11.17 (VIOLATED)
_18977_/ZN                             26.02   36.76  -10.74 (VIOLATED)
_19183_/ZN                             26.70   37.31  -10.61 (VIOLATED)
_22052_/ZN                             23.23   33.35  -10.11 (VIOLATED)
_18358_/ZN                             25.33   35.44  -10.11 (VIOLATED)
_18471_/ZN                             25.33   35.38  -10.05 (VIOLATED)
_18225_/ZN                             26.02   35.98   -9.97 (VIOLATED)
_20328_/ZN                             16.02   25.82   -9.80 (VIOLATED)
_18215_/ZN                             26.02   35.73   -9.72 (VIOLATED)
_20318_/Z                              25.33   34.59   -9.26 (VIOLATED)
_22911_/ZN                             10.47   19.48   -9.01 (VIOLATED)
_20319_/Z                              25.33   34.24   -8.91 (VIOLATED)
_19370_/ZN                             26.02   34.79   -8.78 (VIOLATED)
_22363_/ZN                             26.05   34.43   -8.37 (VIOLATED)
_18417_/ZN                             26.02   34.24   -8.23 (VIOLATED)
_20890_/ZN                             16.02   24.17   -8.15 (VIOLATED)
_27522_/ZN                             23.23   31.33   -8.10 (VIOLATED)
_18429_/ZN                             26.02   33.82   -7.80 (VIOLATED)
_18055_/ZN                             28.99   36.38   -7.39 (VIOLATED)
_19965_/ZN                             25.33   32.32   -6.99 (VIOLATED)
_25831_/ZN                             10.47   16.64   -6.17 (VIOLATED)
_19863_/ZN                             25.33   31.45   -6.12 (VIOLATED)
_20147_/ZN                             10.47   16.22   -5.75 (VIOLATED)
_18028_/ZN                             26.02   31.76   -5.74 (VIOLATED)
_19681_/ZN                             25.33   30.80   -5.47 (VIOLATED)
_22831_/ZN                             10.47   15.40   -4.93 (VIOLATED)
_22868_/ZN                             10.47   15.28   -4.81 (VIOLATED)
_19781_/ZN                             25.33   30.13   -4.80 (VIOLATED)
_23322_/ZN                             10.47   15.17   -4.70 (VIOLATED)
_20352_/ZN                             16.02   19.83   -3.81 (VIOLATED)
_18603_/ZN                             26.02   29.80   -3.78 (VIOLATED)
_17229_/ZN                             16.02   19.21   -3.19 (VIOLATED)
_18615_/ZN                             28.99   32.18   -3.19 (VIOLATED)
_23367_/ZN                             16.02   18.76   -2.74 (VIOLATED)
_22360_/ZN                             10.47   13.12   -2.65 (VIOLATED)
_27336_/ZN                             25.33   27.77   -2.44 (VIOLATED)
_19384_/ZN                             26.70   29.10   -2.39 (VIOLATED)
_22301_/ZN                             10.47   12.75   -2.28 (VIOLATED)
_23513_/ZN                             13.81   15.84   -2.03 (VIOLATED)
_20148_/ZN                             10.47   12.47   -1.99 (VIOLATED)
_19421_/ZN                             25.33   27.11   -1.78 (VIOLATED)
_21836_/ZN                             10.47   12.00   -1.52 (VIOLATED)
_22195_/ZN                             16.02   17.33   -1.31 (VIOLATED)
_21844_/ZN                             10.47   11.77   -1.30 (VIOLATED)
_17534_/ZN                             13.81   14.80   -0.99 (VIOLATED)
_17619_/ZN                             16.02   16.86   -0.84 (VIOLATED)
_17872_/ZN                             25.33   26.11   -0.78 (VIOLATED)
_17600_/ZN                             16.02   16.18   -0.16 (VIOLATED)


==========================================================================
detailed place max_slew_check_slack
--------------------------------------------------------------------------
-0.057638008147478104

==========================================================================
detailed place max_slew_check_limit
--------------------------------------------------------------------------
0.1985349953174591

==========================================================================
detailed place max_slew_check_slack_limit
--------------------------------------------------------------------------
-0.2903

==========================================================================
detailed place max_fanout_check_slack
--------------------------------------------------------------------------
1.0000000150474662e+30

==========================================================================
detailed place max_fanout_check_limit
--------------------------------------------------------------------------
1.0000000150474662e+30

==========================================================================
detailed place max_capacitance_check_slack
--------------------------------------------------------------------------
-16.24819564819336

==========================================================================
detailed place max_capacitance_check_limit
--------------------------------------------------------------------------
25.329599380493164

==========================================================================
detailed place max_capacitance_check_slack_limit
--------------------------------------------------------------------------
-0.6415

==========================================================================
detailed place max_slew_violation_count
--------------------------------------------------------------------------
max slew violation count 5

==========================================================================
detailed place max_fanout_violation_count
--------------------------------------------------------------------------
max fanout violation count 0

==========================================================================
detailed place max_cap_violation_count
--------------------------------------------------------------------------
max cap violation count 63

==========================================================================
detailed place setup_violation_count
--------------------------------------------------------------------------
setup violation count 1162

==========================================================================
detailed place hold_violation_count
--------------------------------------------------------------------------
hold violation count 864

==========================================================================
detailed place report_checks -path_delay max reg to reg
--------------------------------------------------------------------------
Startpoint: if_stage_i.instr_rdata_alu_id_o[21]$_DFFE_PN_
            (rising edge-triggered flip-flop clocked by core_clock)
Endpoint: gen_regfile_ff.register_file_i.rf_reg_q[374]$_DFFE_PN0P_
          (rising edge-triggered flip-flop clocked by core_clock)
Path Group: core_clock
Path Type: max

  Delay    Time   Description
---------------------------------------------------------
   0.00    0.00   clock core_clock (rise edge)
   0.00    0.00   clock network delay (ideal)
   0.00    0.00 ^ if_stage_i.instr_rdata_alu_id_o[21]$_DFFE_PN_/CK (DFF_X1)
   0.09    0.09 ^ if_stage_i.instr_rdata_alu_id_o[21]$_DFFE_PN_/Q (DFF_X1)
   0.03    0.12 ^ _16515_/Z (BUF_X4)
   0.03    0.14 ^ _16516_/Z (BUF_X16)
   0.03    0.17 ^ _16517_/Z (BUF_X16)
   0.02    0.19 ^ _16518_/Z (BUF_X32)
   0.03    0.22 ^ _16519_/Z (BUF_X16)
   0.03    0.25 ^ _16520_/Z (BUF_X8)
   0.05    0.29 ^ _16566_/Z (BUF_X4)
   0.09    0.39 ^ _18246_/Z (BUF_X1)
   0.10    0.49 ^ _18247_/Z (BUF_X1)
   0.06    0.55 v _18354_/Z (MUX2_X1)
   0.06    0.61 v _18355_/Z (MUX2_X1)
   0.06    0.67 v _18356_/Z (MUX2_X1)
   0.06    0.73 v _18357_/Z (MUX2_X1)
   0.19    0.92 ^ _18358_/ZN (AOI21_X1)
   0.06    0.98 ^ _20581_/ZN (AND2_X1)
   0.02    1.00 v _20582_/ZN (AOI21_X1)
   0.06    1.05 ^ _20603_/ZN (INV_X1)
   0.02    1.08 v _20604_/ZN (NAND2_X1)
   0.08    1.16 v _30153_/CO (FA_X1)
   0.11    1.28 ^ _30168_/S (FA_X1)
   0.01    1.29 v _21493_/ZN (INV_X1)
   0.09    1.38 v _30169_/S (FA_X1)
   0.12    1.49 ^ _30174_/S (FA_X1)
   0.01    1.50 v _21168_/ZN (INV_X1)
   0.12    1.62 ^ _30178_/S (FA_X1)
   0.09    1.71 v _30179_/S (FA_X1)
   0.02    1.73 ^ _21495_/ZN (INV_X1)
   0.06    1.79 ^ _30534_/S (HA_X1)
   0.03    1.82 v _23568_/ZN (AOI21_X1)
   0.06    1.88 ^ _23570_/ZN (AOI21_X1)
   0.07    1.95 ^ _23655_/ZN (AND4_X1)
   0.01    1.96 v _23717_/ZN (NOR2_X1)
   0.07    2.04 ^ _23718_/ZN (AOI21_X1)
   0.02    2.06 v _23719_/ZN (AOI21_X1)
   0.06    2.12 ^ _23720_/Z (XOR2_X1)
   0.02    2.13 v _23721_/ZN (NOR2_X1)
   0.12    2.25 ^ _23722_/ZN (NOR3_X1)
   0.03    2.28 v _23724_/ZN (OAI22_X1)
   0.11    2.39 ^ _23725_/ZN (AOI21_X1)
   0.09    2.48 ^ _23726_/Z (BUF_X1)
   0.03    2.51 v _24579_/ZN (OAI21_X1)
   0.00    2.51 v gen_regfile_ff.register_file_i.rf_reg_q[374]$_DFFE_PN0P_/D (DFFR_X1)
           2.51   data arrival time

   2.20    2.20   clock core_clock (rise edge)
   0.00    2.20   clock network delay (ideal)
   0.00    2.20   clock reconvergence pessimism
           2.20 ^ gen_regfile_ff.register_file_i.rf_reg_q[374]$_DFFE_PN0P_/CK (DFFR_X1)
  -0.04    2.16   library setup time
           2.16   data required time
---------------------------------------------------------
           2.16   data required time
          -2.51   data arrival time
---------------------------------------------------------
          -0.35   slack (VIOLATED)



==========================================================================
detailed place report_checks -path_delay min reg to reg
--------------------------------------------------------------------------
Startpoint: cs_registers_i.u_dcsr_csr.rdata_q[2]$_DFFE_PN0P_
            (rising edge-triggered flip-flop clocked by core_clock)
Endpoint: cs_registers_i.u_dcsr_csr.rdata_q[8]$_DFFE_PN0P_
          (rising edge-triggered flip-flop clocked by core_clock)
Path Group: core_clock
Path Type: min

  Delay    Time   Description
---------------------------------------------------------
   0.00    0.00   clock core_clock (rise edge)
   0.00    0.00   clock network delay (ideal)
   0.00    0.00 ^ cs_registers_i.u_dcsr_csr.rdata_q[2]$_DFFE_PN0P_/CK (DFFR_X1)
   0.07    0.07 ^ cs_registers_i.u_dcsr_csr.rdata_q[2]$_DFFE_PN0P_/QN (DFFR_X1)
   0.01    0.08 v _28337_/ZN (OAI22_X1)
   0.00    0.08 v cs_registers_i.u_dcsr_csr.rdata_q[8]$_DFFE_PN0P_/D (DFFR_X1)
           0.08   data arrival time

   0.00    0.00   clock core_clock (rise edge)
   0.00    0.00   clock network delay (ideal)
   0.00    0.00   clock reconvergence pessimism
           0.00 ^ cs_registers_i.u_dcsr_csr.rdata_q[8]$_DFFE_PN0P_/CK (DFFR_X1)
   0.00    0.00   library hold time
           0.00   data required time
---------------------------------------------------------
           0.00   data required time
          -0.08   data arrival time
---------------------------------------------------------
           0.08   slack (MET)



==========================================================================
detailed place critical path target clock latency max path
--------------------------------------------------------------------------
0.0000

==========================================================================
detailed place critical path target clock latency min path
--------------------------------------------------------------------------
0.0000

==========================================================================
detailed place critical path source clock latency min path
--------------------------------------------------------------------------
0.0000

==========================================================================
detailed place critical path delay
--------------------------------------------------------------------------
2.5083

==========================================================================
detailed place critical path slack
--------------------------------------------------------------------------
-0.3525

==========================================================================
detailed place slack div critical path delay
--------------------------------------------------------------------------
-14.053343

==========================================================================
detailed place report_power
--------------------------------------------------------------------------
Group                  Internal  Switching    Leakage      Total
                          Power      Power      Power      Power (Watts)
----------------------------------------------------------------
Sequential             1.11e-02   1.44e-03   1.56e-04   1.27e-02  16.3%
Combinational          2.99e-02   3.46e-02   4.29e-04   6.49e-02  83.2%
Clock                  1.63e-06   3.75e-04   2.97e-08   3.76e-04   0.5%
Macro                  0.00e+00   0.00e+00   0.00e+00   0.00e+00   0.0%
Pad                    0.00e+00   0.00e+00   0.00e+00   0.00e+00   0.0%
----------------------------------------------------------------
Total                  4.10e-02   3.64e-02   5.85e-04   7.80e-02 100.0%
                          52.6%      46.7%       0.8%
