OpenROAD v2.0-19576-gec1bf1a13 
Features included (+) or not (-): +GPU +GUI +Python : None
This program is licensed under the BSD-3 license. See the LICENSE file for details.
Components of this program may be licensed under more restrictive licenses which must be honored.
[INFO ORD-0030] Using 16 thread(s).
[INFO GPL-0002] DBU: 2000
[INFO GPL-0003] SiteSize: (  0.190  1.400 ) um
[INFO GPL-0004] CoreBBox: (  1.140  1.400 ) ( 292.790 175.000 ) um
[INFO GPL-0006] NumInstances:             15441
[INFO GPL-0007] NumPlaceInstances:        15067
[INFO GPL-0008] NumFixedInstances:          374
[INFO GPL-0009] NumDummyInstances:            0
[INFO GPL-0010] NumNets:                  16165
[INFO GPL-0011] NumPins:                  56154
[INFO GPL-0012] DieBBox:  (  0.000  0.000 ) ( 293.815 177.090 ) um
[INFO GPL-0013] CoreBBox: (  1.140  1.400 ) ( 292.790 175.000 ) um
[INFO GPL-0016] CoreArea:             50630.440 um^2
[INFO GPL-0017] NonPlaceInstsArea:       99.484 um^2
[INFO GPL-0018] PlaceInstsArea:       21470.456 um^2
[INFO GPL-0019] Util:                    42.490 %
[INFO GPL-0020] StdInstsArea:         21470.456 um^2
[INFO GPL-0021] MacroInstsArea:           0.000 um^2
[INFO GPL-0031] FillerInit:NumGCells:     37592
[INFO GPL-0032] FillerInit:NumGNets:      16165
[INFO GPL-0033] FillerInit:NumGPins:      56154
[INFO GPL-0023] TargetDensity:            1.000
[INFO GPL-0024] AvrgPlaceInstArea:        1.425 um^2
[INFO GPL-0025] IdealBinArea:             1.425 um^2
[INFO GPL-0026] IdealBinCnt:              35530
[INFO GPL-0027] TotalBinArea:         50630.440 um^2
[INFO GPL-0028] BinCnt:       128    128
[INFO GPL-0029] BinSize: (  2.279  1.357 )
[INFO GPL-0030] NumBins: 16384
Placement density is 0.5499176597595214, computed from PLACE_DENSITY_LB_ADDON 0.20 and lower bound 0.42489707469940186
global_placement -density 0.5499176597595214 -pad_left 0 -pad_right 0
[INFO GPL-0002] DBU: 2000
[INFO GPL-0003] SiteSize: (  0.190  1.400 ) um
[INFO GPL-0004] CoreBBox: (  1.140  1.400 ) ( 292.790 175.000 ) um
[INFO GPL-0006] NumInstances:             15441
[INFO GPL-0007] NumPlaceInstances:        15067
[INFO GPL-0008] NumFixedInstances:          374
[INFO GPL-0009] NumDummyInstances:            0
[INFO GPL-0010] NumNets:                  16165
[INFO GPL-0011] NumPins:                  56154
[INFO GPL-0012] DieBBox:  (  0.000  0.000 ) ( 293.815 177.090 ) um
[INFO GPL-0013] CoreBBox: (  1.140  1.400 ) ( 292.790 175.000 ) um
[INFO GPL-0016] CoreArea:             50630.440 um^2
[INFO GPL-0017] NonPlaceInstsArea:       99.484 um^2
[INFO GPL-0018] PlaceInstsArea:       21470.456 um^2
[INFO GPL-0019] Util:                    42.490 %
[INFO GPL-0020] StdInstsArea:         21470.456 um^2
[INFO GPL-0021] MacroInstsArea:           0.000 um^2
[InitialPlace]  Iter: 1 CG residual: 0.00015684 HPWL: 584497933
[InitialPlace]  Iter: 2 CG residual: 0.00002004 HPWL: 197868208
[InitialPlace]  Iter: 3 CG residual: 0.00001897 HPWL: 196741012
[InitialPlace]  Iter: 4 CG residual: 0.00001406 HPWL: 197251816
[InitialPlace]  Iter: 5 CG residual: 0.00000562 HPWL: 196782277
[INFO GPL-0031] FillerInit:NumGCells:     19963
[INFO GPL-0032] FillerInit:NumGNets:      16165
[INFO GPL-0033] FillerInit:NumGPins:      56154
[INFO GPL-0023] TargetDensity:            0.550
[INFO GPL-0024] AvrgPlaceInstArea:        1.425 um^2
[INFO GPL-0025] IdealBinArea:             2.591 um^2
[INFO GPL-0026] IdealBinCnt:              19538
[INFO GPL-0027] TotalBinArea:         50630.440 um^2
[INFO GPL-0028] BinCnt:       128    128
[INFO GPL-0029] BinSize: (  2.279  1.357 )
[INFO GPL-0030] NumBins: 16384
[NesterovSolve] Iter:    1 overflow: 0.980 HPWL: 152092693
[NesterovSolve] Iter:   10 overflow: 0.872 HPWL: 180951723
[NesterovSolve] Iter:   20 overflow: 0.857 HPWL: 181121555
[NesterovSolve] Iter:   30 overflow: 0.860 HPWL: 175736687
[NesterovSolve] Iter:   40 overflow: 0.855 HPWL: 174268958
[NesterovSolve] Iter:   50 overflow: 0.851 HPWL: 172712122
[NesterovSolve] Iter:   60 overflow: 0.849 HPWL: 171601051
[NesterovSolve] Iter:   70 overflow: 0.845 HPWL: 171339809
[NesterovSolve] Iter:   80 overflow: 0.843 HPWL: 171320520
[NesterovSolve] Iter:   90 overflow: 0.841 HPWL: 171383667
[NesterovSolve] Iter:  100 overflow: 0.840 HPWL: 171443587
[NesterovSolve] Iter:  110 overflow: 0.840 HPWL: 171443146
[NesterovSolve] Iter:  120 overflow: 0.841 HPWL: 171362353
[NesterovSolve] Iter:  130 overflow: 0.841 HPWL: 171287644
[NesterovSolve] Iter:  140 overflow: 0.842 HPWL: 171237980
[NesterovSolve] Iter:  150 overflow: 0.842 HPWL: 171287047
[NesterovSolve] Iter:  160 overflow: 0.841 HPWL: 171564636
[NesterovSolve] Iter:  170 overflow: 0.840 HPWL: 172150877
[NesterovSolve] Iter:  180 overflow: 0.837 HPWL: 173202963
[NesterovSolve] Iter:  190 overflow: 0.833 HPWL: 175152845
[NesterovSolve] Iter:  200 overflow: 0.825 HPWL: 178495049
[NesterovSolve] Iter:  210 overflow: 0.815 HPWL: 183278279
[NesterovSolve] Iter:  220 overflow: 0.801 HPWL: 189730757
[NesterovSolve] Iter:  230 overflow: 0.787 HPWL: 197938647
[NesterovSolve] Iter:  240 overflow: 0.771 HPWL: 208855640
[NesterovSolve] Iter:  250 overflow: 0.750 HPWL: 222262736
[NesterovSolve] Iter:  260 overflow: 0.730 HPWL: 236609704
[NesterovSolve] Iter:  270 overflow: 0.705 HPWL: 251996562
[NesterovSolve] Iter:  280 overflow: 0.681 HPWL: 264563327
[NesterovSolve] Iter:  290 overflow: 0.656 HPWL: 276134893
[NesterovSolve] Iter:  300 overflow: 0.631 HPWL: 286963399
[NesterovSolve] Iter:  310 overflow: 0.602 HPWL: 299426641
[NesterovSolve] Iter:  320 overflow: 0.571 HPWL: 312776778
[NesterovSolve] Iter:  330 overflow: 0.537 HPWL: 328344697
[NesterovSolve] Iter:  340 overflow: 0.499 HPWL: 344595988
[NesterovSolve] Iter:  350 overflow: 0.449 HPWL: 364184155
[NesterovSolve] Iter:  360 overflow: 0.380 HPWL: 389934655
[NesterovSolve] Iter:  370 overflow: 0.311 HPWL: 425762976
[NesterovSolve] Iter:  380 overflow: 0.262 HPWL: 448646473
[NesterovSolve] Iter:  390 overflow: 0.226 HPWL: 460975738
[NesterovSolve] Iter:  400 overflow: 0.198 HPWL: 467852529
[NesterovSolve] Iter:  410 overflow: 0.173 HPWL: 475396959
[NesterovSolve] Iter:  420 overflow: 0.151 HPWL: 480600252
[NesterovSolve] Iter:  430 overflow: 0.130 HPWL: 483689730
[NesterovSolve] Iter:  440 overflow: 0.115 HPWL: 485730365
[NesterovSolve] Iter:  450 overflow: 0.100 HPWL: 487493763
[NesterovSolve] Finished with Overflow: 0.099998
Took 5 seconds: global_placement -density 0.5499176597595214 -pad_left 0 -pad_right 0
Report metrics stage 3, global place...

==========================================================================
global place report_design_area
--------------------------------------------------------------------------
Design area 21470 u^2 42% utilization.
Elapsed time: 0:09.44[h:]min:sec. CPU time: user 93.93 sys 0.25 (997%). Peak memory: 190308KB.
