
==========================================================================
global place report_tns
--------------------------------------------------------------------------
tns -16.88

==========================================================================
global place report_wns
--------------------------------------------------------------------------
wns -0.18

==========================================================================
global place report_worst_slack
--------------------------------------------------------------------------
worst slack -0.18

==========================================================================
global place report_checks -path_delay min
--------------------------------------------------------------------------
Startpoint: u0.u3.d[0]$_DFF_P_ (rising edge-triggered flip-flop clocked by clk)
Endpoint: u0.w[1][0]$_DFF_P_ (rising edge-triggered flip-flop clocked by clk)
Path Group: clk
Path Type: min

Fanout     Cap    Slew   Delay    Time   Description
-----------------------------------------------------------------------------
                  0.00    0.00    0.00   clock clk (rise edge)
                          0.00    0.00   clock network delay (ideal)
                  0.00    0.00    0.00 ^ u0.u3.d[0]$_DFF_P_/CK (DFF_X1)
     1    2.33    0.01    0.06    0.06 ^ u0.u3.d[0]$_DFF_P_/QN (DFF_X1)
                                         _00411_ (net)
                  0.01    0.00    0.06 ^ _15866_/A (XNOR2_X1)
     2    4.19    0.01    0.02    0.08 v _15866_/ZN (XNOR2_X1)
                                         _06718_ (net)
                  0.01    0.00    0.08 v _15981_/B1 (AOI21_X1)
     1    1.18    0.01    0.02    0.11 ^ _15981_/ZN (AOI21_X1)
                                         _00321_ (net)
                  0.01    0.00    0.11 ^ u0.w[1][0]$_DFF_P_/D (DFF_X1)
                                  0.11   data arrival time

                  0.00    0.00    0.00   clock clk (rise edge)
                          0.00    0.00   clock network delay (ideal)
                          0.00    0.00   clock reconvergence pessimism
                                  0.00 ^ u0.w[1][0]$_DFF_P_/CK (DFF_X1)
                          0.01    0.01   library hold time
                                  0.01   data required time
-----------------------------------------------------------------------------
                                  0.01   data required time
                                 -0.11   data arrival time
-----------------------------------------------------------------------------
                                  0.10   slack (MET)



==========================================================================
global place report_checks -path_delay max
--------------------------------------------------------------------------
Startpoint: ld_r$_DFF_P_ (rising edge-triggered flip-flop clocked by clk)
Endpoint: sa21_sr[1]$_DFF_P_ (rising edge-triggered flip-flop clocked by clk)
Path Group: clk
Path Type: max

Fanout     Cap    Slew   Delay    Time   Description
-----------------------------------------------------------------------------
                  0.00    0.00    0.00   clock clk (rise edge)
                          0.00    0.00   clock network delay (ideal)
                  0.00    0.00    0.00 ^ ld_r$_DFF_P_/CK (DFF_X1)
     1    9.89    0.02    0.10    0.10 ^ ld_r$_DFF_P_/Q (DFF_X1)
                                         ld_r (net)
                  0.02    0.00    0.10 ^ _18258_/A (BUF_X4)
     5   24.36    0.02    0.04    0.14 ^ _18258_/Z (BUF_X4)
                                         _08970_ (net)
                  0.02    0.00    0.14 ^ _18280_/A (BUF_X4)
    10   36.29    0.02    0.04    0.18 ^ _18280_/Z (BUF_X4)
                                         _08992_ (net)
                  0.02    0.00    0.18 ^ _18304_/A (BUF_X4)
    10   35.27    0.02    0.04    0.22 ^ _18304_/Z (BUF_X4)
                                         _09015_ (net)
                  0.02    0.00    0.22 ^ _18395_/A (BUF_X8)
    10   36.19    0.01    0.03    0.25 ^ _18395_/Z (BUF_X8)
                                         _09102_ (net)
                  0.01    0.00    0.25 ^ _18396_/A (BUF_X2)
    10   31.26    0.04    0.06    0.31 ^ _18396_/Z (BUF_X2)
                                         _09103_ (net)
                  0.04    0.00    0.31 ^ _18428_/A (BUF_X2)
    10   35.48    0.04    0.06    0.37 ^ _18428_/Z (BUF_X2)
                                         _09135_ (net)
                  0.04    0.01    0.38 ^ _25924_/A2 (NAND3_X1)
     1    1.57    0.02    0.03    0.41 v _25924_/ZN (NAND3_X1)
                                         _02933_ (net)
                  0.02    0.00    0.41 v _25926_/A (OAI21_X1)
     1    3.38    0.03    0.03    0.44 ^ _25926_/ZN (OAI21_X1)
                                         _02935_ (net)
                  0.03    0.00    0.44 ^ _25927_/A2 (NOR2_X2)
     4    7.86    0.01    0.02    0.46 v _25927_/ZN (NOR2_X2)
                                         _02936_ (net)
                  0.01    0.00    0.46 v _25928_/A (INV_X1)
     3    5.54    0.01    0.02    0.48 ^ _25928_/ZN (INV_X1)
                                         _02937_ (net)
                  0.01    0.00    0.48 ^ _25929_/A (BUF_X2)
    10   24.69    0.03    0.05    0.53 ^ _25929_/Z (BUF_X2)
                                         _02938_ (net)
                  0.03    0.00    0.53 ^ _25930_/A (BUF_X8)
    17   52.79    0.02    0.04    0.57 ^ _25930_/Z (BUF_X8)
                                         _15164_ (net)
                  0.02    0.00    0.57 ^ _29762_/B (HA_X1)
     2    2.98    0.01    0.04    0.61 ^ _29762_/CO (HA_X1)
                                         _15176_ (net)
                  0.01    0.00    0.61 ^ _25972_/A (CLKBUF_X1)
    10   24.06    0.06    0.08    0.69 ^ _25972_/Z (CLKBUF_X1)
                                         _02976_ (net)
                  0.06    0.00    0.69 ^ _25988_/A (AOI21_X2)
     5   10.18    0.02    0.03    0.72 v _25988_/ZN (AOI21_X2)
                                         _02992_ (net)
                  0.02    0.00    0.72 v _26036_/A (AOI21_X1)
     2    3.54    0.03    0.05    0.77 ^ _26036_/ZN (AOI21_X1)
                                         _03040_ (net)
                  0.03    0.00    0.77 ^ _26243_/B1 (OAI21_X1)
     1    1.60    0.01    0.02    0.79 v _26243_/ZN (OAI21_X1)
                                         _03245_ (net)
                  0.01    0.00    0.79 v _26248_/A2 (AOI22_X1)
     1    1.80    0.02    0.04    0.83 ^ _26248_/ZN (AOI22_X1)
                                         _03250_ (net)
                  0.02    0.00    0.83 ^ _26249_/B1 (OAI21_X1)
     1    5.51    0.02    0.03    0.86 v _26249_/ZN (OAI21_X1)
                                         _03251_ (net)
                  0.02    0.00    0.86 v _26250_/C2 (AOI221_X1)
     1    6.96    0.08    0.10    0.96 ^ _26250_/ZN (AOI221_X1)
                                         _00121_ (net)
                  0.08    0.00    0.96 ^ sa21_sr[1]$_DFF_P_/D (DFF_X1)
                                  0.96   data arrival time

                  0.00    0.82    0.82   clock clk (rise edge)
                          0.00    0.82   clock network delay (ideal)
                          0.00    0.82   clock reconvergence pessimism
                                  0.82 ^ sa21_sr[1]$_DFF_P_/CK (DFF_X1)
                         -0.04    0.78   library setup time
                                  0.78   data required time
-----------------------------------------------------------------------------
                                  0.78   data required time
                                 -0.96   data arrival time
-----------------------------------------------------------------------------
                                 -0.18   slack (VIOLATED)



==========================================================================
global place report_checks -unconstrained
--------------------------------------------------------------------------
Startpoint: ld_r$_DFF_P_ (rising edge-triggered flip-flop clocked by clk)
Endpoint: sa21_sr[1]$_DFF_P_ (rising edge-triggered flip-flop clocked by clk)
Path Group: clk
Path Type: max

Fanout     Cap    Slew   Delay    Time   Description
-----------------------------------------------------------------------------
                  0.00    0.00    0.00   clock clk (rise edge)
                          0.00    0.00   clock network delay (ideal)
                  0.00    0.00    0.00 ^ ld_r$_DFF_P_/CK (DFF_X1)
     1    9.89    0.02    0.10    0.10 ^ ld_r$_DFF_P_/Q (DFF_X1)
                                         ld_r (net)
                  0.02    0.00    0.10 ^ _18258_/A (BUF_X4)
     5   24.36    0.02    0.04    0.14 ^ _18258_/Z (BUF_X4)
                                         _08970_ (net)
                  0.02    0.00    0.14 ^ _18280_/A (BUF_X4)
    10   36.29    0.02    0.04    0.18 ^ _18280_/Z (BUF_X4)
                                         _08992_ (net)
                  0.02    0.00    0.18 ^ _18304_/A (BUF_X4)
    10   35.27    0.02    0.04    0.22 ^ _18304_/Z (BUF_X4)
                                         _09015_ (net)
                  0.02    0.00    0.22 ^ _18395_/A (BUF_X8)
    10   36.19    0.01    0.03    0.25 ^ _18395_/Z (BUF_X8)
                                         _09102_ (net)
                  0.01    0.00    0.25 ^ _18396_/A (BUF_X2)
    10   31.26    0.04    0.06    0.31 ^ _18396_/Z (BUF_X2)
                                         _09103_ (net)
                  0.04    0.00    0.31 ^ _18428_/A (BUF_X2)
    10   35.48    0.04    0.06    0.37 ^ _18428_/Z (BUF_X2)
                                         _09135_ (net)
                  0.04    0.01    0.38 ^ _25924_/A2 (NAND3_X1)
     1    1.57    0.02    0.03    0.41 v _25924_/ZN (NAND3_X1)
                                         _02933_ (net)
                  0.02    0.00    0.41 v _25926_/A (OAI21_X1)
     1    3.38    0.03    0.03    0.44 ^ _25926_/ZN (OAI21_X1)
                                         _02935_ (net)
                  0.03    0.00    0.44 ^ _25927_/A2 (NOR2_X2)
     4    7.86    0.01    0.02    0.46 v _25927_/ZN (NOR2_X2)
                                         _02936_ (net)
                  0.01    0.00    0.46 v _25928_/A (INV_X1)
     3    5.54    0.01    0.02    0.48 ^ _25928_/ZN (INV_X1)
                                         _02937_ (net)
                  0.01    0.00    0.48 ^ _25929_/A (BUF_X2)
    10   24.69    0.03    0.05    0.53 ^ _25929_/Z (BUF_X2)
                                         _02938_ (net)
                  0.03    0.00    0.53 ^ _25930_/A (BUF_X8)
    17   52.79    0.02    0.04    0.57 ^ _25930_/Z (BUF_X8)
                                         _15164_ (net)
                  0.02    0.00    0.57 ^ _29762_/B (HA_X1)
     2    2.98    0.01    0.04    0.61 ^ _29762_/CO (HA_X1)
                                         _15176_ (net)
                  0.01    0.00    0.61 ^ _25972_/A (CLKBUF_X1)
    10   24.06    0.06    0.08    0.69 ^ _25972_/Z (CLKBUF_X1)
                                         _02976_ (net)
                  0.06    0.00    0.69 ^ _25988_/A (AOI21_X2)
     5   10.18    0.02    0.03    0.72 v _25988_/ZN (AOI21_X2)
                                         _02992_ (net)
                  0.02    0.00    0.72 v _26036_/A (AOI21_X1)
     2    3.54    0.03    0.05    0.77 ^ _26036_/ZN (AOI21_X1)
                                         _03040_ (net)
                  0.03    0.00    0.77 ^ _26243_/B1 (OAI21_X1)
     1    1.60    0.01    0.02    0.79 v _26243_/ZN (OAI21_X1)
                                         _03245_ (net)
                  0.01    0.00    0.79 v _26248_/A2 (AOI22_X1)
     1    1.80    0.02    0.04    0.83 ^ _26248_/ZN (AOI22_X1)
                                         _03250_ (net)
                  0.02    0.00    0.83 ^ _26249_/B1 (OAI21_X1)
     1    5.51    0.02    0.03    0.86 v _26249_/ZN (OAI21_X1)
                                         _03251_ (net)
                  0.02    0.00    0.86 v _26250_/C2 (AOI221_X1)
     1    6.96    0.08    0.10    0.96 ^ _26250_/ZN (AOI221_X1)
                                         _00121_ (net)
                  0.08    0.00    0.96 ^ sa21_sr[1]$_DFF_P_/D (DFF_X1)
                                  0.96   data arrival time

                  0.00    0.82    0.82   clock clk (rise edge)
                          0.00    0.82   clock network delay (ideal)
                          0.00    0.82   clock reconvergence pessimism
                                  0.82 ^ sa21_sr[1]$_DFF_P_/CK (DFF_X1)
                         -0.04    0.78   library setup time
                                  0.78   data required time
-----------------------------------------------------------------------------
                                  0.78   data required time
                                 -0.96   data arrival time
-----------------------------------------------------------------------------
                                 -0.18   slack (VIOLATED)



==========================================================================
global place report_power
--------------------------------------------------------------------------
Group                  Internal  Switching    Leakage      Total
                          Power      Power      Power      Power (Watts)
----------------------------------------------------------------
Sequential             9.23e-03   1.09e-03   4.44e-05   1.04e-02   2.9%
Combinational          1.67e-01   1.79e-01   5.07e-04   3.46e-01  97.1%
Clock                  0.00e+00   0.00e+00   0.00e+00   0.00e+00   0.0%
Macro                  0.00e+00   0.00e+00   0.00e+00   0.00e+00   0.0%
Pad                    0.00e+00   0.00e+00   0.00e+00   0.00e+00   0.0%
----------------------------------------------------------------
Total                  1.76e-01   1.80e-01   5.51e-04   3.57e-01 100.0%
                          49.4%      50.5%       0.2%
