
==========================================================================
detailed place report_tns
--------------------------------------------------------------------------
tns -14.69

==========================================================================
detailed place report_wns
--------------------------------------------------------------------------
wns -0.23

==========================================================================
detailed place report_worst_slack
--------------------------------------------------------------------------
worst slack -0.23

==========================================================================
detailed place report_checks -path_delay min
--------------------------------------------------------------------------
Startpoint: u0.u3.d[4]$_DFF_P_ (rising edge-triggered flip-flop clocked by clk)
Endpoint: u0.w[1][4]$_DFF_P_ (rising edge-triggered flip-flop clocked by clk)
Path Group: clk
Path Type: min

Fanout     Cap    Slew   Delay    Time   Description
-----------------------------------------------------------------------------
                  0.00    0.00    0.00   clock clk (rise edge)
                          0.00    0.00   clock network delay (ideal)
                  0.00    0.00    0.00 ^ u0.u3.d[4]$_DFF_P_/CK (DFF_X1)
     1    2.32    0.01    0.06    0.06 ^ u0.u3.d[4]$_DFF_P_/QN (DFF_X1)
                                         _00414_ (net)
                  0.01    0.00    0.06 ^ _15881_/A (XNOR2_X1)
     2    4.02    0.01    0.02    0.08 v _15881_/ZN (XNOR2_X1)
                                         _06729_ (net)
                  0.01    0.00    0.08 v _15989_/B1 (AOI21_X1)
     1    1.26    0.01    0.02    0.11 ^ _15989_/ZN (AOI21_X1)
                                         _00347_ (net)
                  0.01    0.00    0.11 ^ u0.w[1][4]$_DFF_P_/D (DFF_X1)
                                  0.11   data arrival time

                  0.00    0.00    0.00   clock clk (rise edge)
                          0.00    0.00   clock network delay (ideal)
                          0.00    0.00   clock reconvergence pessimism
                                  0.00 ^ u0.w[1][4]$_DFF_P_/CK (DFF_X1)
                          0.01    0.01   library hold time
                                  0.01   data required time
-----------------------------------------------------------------------------
                                  0.01   data required time
                                 -0.11   data arrival time
-----------------------------------------------------------------------------
                                  0.10   slack (MET)



==========================================================================
detailed place report_checks -path_delay max
--------------------------------------------------------------------------
Startpoint: ld_r$_DFF_P_ (rising edge-triggered flip-flop clocked by clk)
Endpoint: sa21_sr[6]$_DFF_P_ (rising edge-triggered flip-flop clocked by clk)
Path Group: clk
Path Type: max

Fanout     Cap    Slew   Delay    Time   Description
-----------------------------------------------------------------------------
                  0.00    0.00    0.00   clock clk (rise edge)
                          0.00    0.00   clock network delay (ideal)
                  0.00    0.00    0.00 ^ ld_r$_DFF_P_/CK (DFF_X1)
     1    3.54    0.01    0.09    0.09 ^ ld_r$_DFF_P_/Q (DFF_X1)
                                         ld_r (net)
                  0.01    0.00    0.09 ^ _18258_/A (BUF_X4)
     5   26.33    0.02    0.03    0.12 ^ _18258_/Z (BUF_X4)
                                         _08970_ (net)
                  0.02    0.00    0.12 ^ _18280_/A (BUF_X4)
    10   38.13    0.02    0.04    0.16 ^ _18280_/Z (BUF_X4)
                                         _08992_ (net)
                  0.02    0.00    0.17 ^ _18304_/A (BUF_X4)
    10   35.31    0.02    0.04    0.20 ^ _18304_/Z (BUF_X4)
                                         _09015_ (net)
                  0.02    0.01    0.21 ^ _18395_/A (BUF_X8)
    10   32.30    0.01    0.03    0.24 ^ _18395_/Z (BUF_X8)
                                         _09102_ (net)
                  0.01    0.00    0.24 ^ _18396_/A (BUF_X2)
    10   30.73    0.04    0.05    0.30 ^ _18396_/Z (BUF_X2)
                                         _09103_ (net)
                  0.04    0.01    0.30 ^ _18428_/A (BUF_X2)
    10   32.96    0.04    0.06    0.36 ^ _18428_/Z (BUF_X2)
                                         _09135_ (net)
                  0.04    0.01    0.37 ^ _25925_/A2 (NAND2_X1)
     1    1.65    0.01    0.02    0.39 v _25925_/ZN (NAND2_X1)
                                         _02934_ (net)
                  0.01    0.00    0.39 v _25926_/B1 (OAI21_X1)
     1    3.48    0.03    0.04    0.43 ^ _25926_/ZN (OAI21_X1)
                                         _02935_ (net)
                  0.03    0.00    0.43 ^ _25927_/A2 (NOR2_X2)
     4    7.86    0.01    0.02    0.44 v _25927_/ZN (NOR2_X2)
                                         _02936_ (net)
                  0.01    0.00    0.44 v _25928_/A (INV_X1)
     3    5.75    0.02    0.02    0.47 ^ _25928_/ZN (INV_X1)
                                         _02937_ (net)
                  0.02    0.00    0.47 ^ _25929_/A (BUF_X2)
    10   23.98    0.03    0.05    0.52 ^ _25929_/Z (BUF_X2)
                                         _02938_ (net)
                  0.03    0.00    0.52 ^ _25930_/A (BUF_X8)
    17   50.96    0.02    0.04    0.55 ^ _25930_/Z (BUF_X8)
                                         _15164_ (net)
                  0.02    0.00    0.55 ^ _29762_/B (HA_X1)
     2    2.74    0.01    0.04    0.59 ^ _29762_/CO (HA_X1)
                                         _15176_ (net)
                  0.01    0.00    0.59 ^ _25972_/A (CLKBUF_X1)
    10   23.16    0.05    0.08    0.67 ^ _25972_/Z (CLKBUF_X1)
                                         _02976_ (net)
                  0.05    0.00    0.67 ^ _25988_/A (AOI21_X2)
     5   10.14    0.02    0.03    0.70 v _25988_/ZN (AOI21_X2)
                                         _02992_ (net)
                  0.02    0.00    0.70 v _26323_/A2 (NOR3_X1)
     2    4.41    0.04    0.07    0.77 ^ _26323_/ZN (NOR3_X1)
                                         _03323_ (net)
                  0.04    0.00    0.77 ^ _26495_/B2 (OAI21_X1)
     1    1.76    0.02    0.02    0.80 v _26495_/ZN (OAI21_X1)
                                         _03492_ (net)
                  0.02    0.00    0.80 v _26499_/A2 (NAND3_X1)
     1    1.82    0.01    0.02    0.82 ^ _26499_/ZN (NAND3_X1)
                                         _03496_ (net)
                  0.01    0.00    0.82 ^ _26500_/B2 (AOI21_X1)
     1    1.55    0.01    0.02    0.83 v _26500_/ZN (AOI21_X1)
                                         _03497_ (net)
                  0.01    0.00    0.83 v _26531_/A2 (NOR4_X1)
     1   11.00    0.13    0.16    1.00 ^ _26531_/ZN (NOR4_X1)
                                         _00126_ (net)
                  0.13    0.00    1.00 ^ sa21_sr[6]$_DFF_P_/D (DFF_X1)
                                  1.00   data arrival time

                  0.00    0.82    0.82   clock clk (rise edge)
                          0.00    0.82   clock network delay (ideal)
                          0.00    0.82   clock reconvergence pessimism
                                  0.82 ^ sa21_sr[6]$_DFF_P_/CK (DFF_X1)
                         -0.05    0.77   library setup time
                                  0.77   data required time
-----------------------------------------------------------------------------
                                  0.77   data required time
                                 -1.00   data arrival time
-----------------------------------------------------------------------------
                                 -0.23   slack (VIOLATED)



==========================================================================
detailed place report_checks -unconstrained
--------------------------------------------------------------------------
Startpoint: ld_r$_DFF_P_ (rising edge-triggered flip-flop clocked by clk)
Endpoint: sa21_sr[6]$_DFF_P_ (rising edge-triggered flip-flop clocked by clk)
Path Group: clk
Path Type: max

Fanout     Cap    Slew   Delay    Time   Description
-----------------------------------------------------------------------------
                  0.00    0.00    0.00   clock clk (rise edge)
                          0.00    0.00   clock network delay (ideal)
                  0.00    0.00    0.00 ^ ld_r$_DFF_P_/CK (DFF_X1)
     1    3.54    0.01    0.09    0.09 ^ ld_r$_DFF_P_/Q (DFF_X1)
                                         ld_r (net)
                  0.01    0.00    0.09 ^ _18258_/A (BUF_X4)
     5   26.33    0.02    0.03    0.12 ^ _18258_/Z (BUF_X4)
                                         _08970_ (net)
                  0.02    0.00    0.12 ^ _18280_/A (BUF_X4)
    10   38.13    0.02    0.04    0.16 ^ _18280_/Z (BUF_X4)
                                         _08992_ (net)
                  0.02    0.00    0.17 ^ _18304_/A (BUF_X4)
    10   35.31    0.02    0.04    0.20 ^ _18304_/Z (BUF_X4)
                                         _09015_ (net)
                  0.02    0.01    0.21 ^ _18395_/A (BUF_X8)
    10   32.30    0.01    0.03    0.24 ^ _18395_/Z (BUF_X8)
                                         _09102_ (net)
                  0.01    0.00    0.24 ^ _18396_/A (BUF_X2)
    10   30.73    0.04    0.05    0.30 ^ _18396_/Z (BUF_X2)
                                         _09103_ (net)
                  0.04    0.01    0.30 ^ _18428_/A (BUF_X2)
    10   32.96    0.04    0.06    0.36 ^ _18428_/Z (BUF_X2)
                                         _09135_ (net)
                  0.04    0.01    0.37 ^ _25925_/A2 (NAND2_X1)
     1    1.65    0.01    0.02    0.39 v _25925_/ZN (NAND2_X1)
                                         _02934_ (net)
                  0.01    0.00    0.39 v _25926_/B1 (OAI21_X1)
     1    3.48    0.03    0.04    0.43 ^ _25926_/ZN (OAI21_X1)
                                         _02935_ (net)
                  0.03    0.00    0.43 ^ _25927_/A2 (NOR2_X2)
     4    7.86    0.01    0.02    0.44 v _25927_/ZN (NOR2_X2)
                                         _02936_ (net)
                  0.01    0.00    0.44 v _25928_/A (INV_X1)
     3    5.75    0.02    0.02    0.47 ^ _25928_/ZN (INV_X1)
                                         _02937_ (net)
                  0.02    0.00    0.47 ^ _25929_/A (BUF_X2)
    10   23.98    0.03    0.05    0.52 ^ _25929_/Z (BUF_X2)
                                         _02938_ (net)
                  0.03    0.00    0.52 ^ _25930_/A (BUF_X8)
    17   50.96    0.02    0.04    0.55 ^ _25930_/Z (BUF_X8)
                                         _15164_ (net)
                  0.02    0.00    0.55 ^ _29762_/B (HA_X1)
     2    2.74    0.01    0.04    0.59 ^ _29762_/CO (HA_X1)
                                         _15176_ (net)
                  0.01    0.00    0.59 ^ _25972_/A (CLKBUF_X1)
    10   23.16    0.05    0.08    0.67 ^ _25972_/Z (CLKBUF_X1)
                                         _02976_ (net)
                  0.05    0.00    0.67 ^ _25988_/A (AOI21_X2)
     5   10.14    0.02    0.03    0.70 v _25988_/ZN (AOI21_X2)
                                         _02992_ (net)
                  0.02    0.00    0.70 v _26323_/A2 (NOR3_X1)
     2    4.41    0.04    0.07    0.77 ^ _26323_/ZN (NOR3_X1)
                                         _03323_ (net)
                  0.04    0.00    0.77 ^ _26495_/B2 (OAI21_X1)
     1    1.76    0.02    0.02    0.80 v _26495_/ZN (OAI21_X1)
                                         _03492_ (net)
                  0.02    0.00    0.80 v _26499_/A2 (NAND3_X1)
     1    1.82    0.01    0.02    0.82 ^ _26499_/ZN (NAND3_X1)
                                         _03496_ (net)
                  0.01    0.00    0.82 ^ _26500_/B2 (AOI21_X1)
     1    1.55    0.01    0.02    0.83 v _26500_/ZN (AOI21_X1)
                                         _03497_ (net)
                  0.01    0.00    0.83 v _26531_/A2 (NOR4_X1)
     1   11.00    0.13    0.16    1.00 ^ _26531_/ZN (NOR4_X1)
                                         _00126_ (net)
                  0.13    0.00    1.00 ^ sa21_sr[6]$_DFF_P_/D (DFF_X1)
                                  1.00   data arrival time

                  0.00    0.82    0.82   clock clk (rise edge)
                          0.00    0.82   clock network delay (ideal)
                          0.00    0.82   clock reconvergence pessimism
                                  0.82 ^ sa21_sr[6]$_DFF_P_/CK (DFF_X1)
                         -0.05    0.77   library setup time
                                  0.77   data required time
-----------------------------------------------------------------------------
                                  0.77   data required time
                                 -1.00   data arrival time
-----------------------------------------------------------------------------
                                 -0.23   slack (VIOLATED)



==========================================================================
detailed place report_check_types -max_slew -max_cap -max_fanout -violators
--------------------------------------------------------------------------
max capacitance

Pin                                    Limit     Cap   Slack
------------------------------------------------------------
_17290_/ZN                             10.47   11.42   -0.95 (VIOLATED)
_28807_/ZN                             16.02   16.65   -0.63 (VIOLATED)
_26531_/ZN                             10.47   11.00   -0.53 (VIOLATED)


==========================================================================
detailed place max_slew_check_slack
--------------------------------------------------------------------------
0.06768329441547394

==========================================================================
detailed place max_slew_check_limit
--------------------------------------------------------------------------
0.1985349953174591

==========================================================================
detailed place max_slew_check_slack_limit
--------------------------------------------------------------------------
0.3409

==========================================================================
detailed place max_fanout_check_slack
--------------------------------------------------------------------------
1.0000000150474662e+30

==========================================================================
detailed place max_fanout_check_limit
--------------------------------------------------------------------------
1.0000000150474662e+30

==========================================================================
detailed place max_capacitance_check_slack
--------------------------------------------------------------------------
-0.9477028250694275

==========================================================================
detailed place max_capacitance_check_limit
--------------------------------------------------------------------------
10.47130012512207

==========================================================================
detailed place max_capacitance_check_slack_limit
--------------------------------------------------------------------------
-0.0905

==========================================================================
detailed place max_slew_violation_count
--------------------------------------------------------------------------
max slew violation count 0

==========================================================================
detailed place max_fanout_violation_count
--------------------------------------------------------------------------
max fanout violation count 0

==========================================================================
detailed place max_cap_violation_count
--------------------------------------------------------------------------
max cap violation count 3

==========================================================================
detailed place setup_violation_count
--------------------------------------------------------------------------
setup violation count 160

==========================================================================
detailed place hold_violation_count
--------------------------------------------------------------------------
hold violation count 0

==========================================================================
detailed place report_checks -path_delay max reg to reg
--------------------------------------------------------------------------
Startpoint: ld_r$_DFF_P_ (rising edge-triggered flip-flop clocked by clk)
Endpoint: sa21_sr[6]$_DFF_P_ (rising edge-triggered flip-flop clocked by clk)
Path Group: clk
Path Type: max

  Delay    Time   Description
---------------------------------------------------------
   0.00    0.00   clock clk (rise edge)
   0.00    0.00   clock network delay (ideal)
   0.00    0.00 ^ ld_r$_DFF_P_/CK (DFF_X1)
   0.09    0.09 ^ ld_r$_DFF_P_/Q (DFF_X1)
   0.03    0.12 ^ _18258_/Z (BUF_X4)
   0.04    0.16 ^ _18280_/Z (BUF_X4)
   0.04    0.20 ^ _18304_/Z (BUF_X4)
   0.03    0.24 ^ _18395_/Z (BUF_X8)
   0.06    0.30 ^ _18396_/Z (BUF_X2)
   0.07    0.36 ^ _18428_/Z (BUF_X2)
   0.03    0.39 v _25925_/ZN (NAND2_X1)
   0.04    0.43 ^ _25926_/ZN (OAI21_X1)
   0.02    0.44 v _25927_/ZN (NOR2_X2)
   0.02    0.47 ^ _25928_/ZN (INV_X1)
   0.05    0.52 ^ _25929_/Z (BUF_X2)
   0.04    0.55 ^ _25930_/Z (BUF_X8)
   0.04    0.59 ^ _29762_/CO (HA_X1)
   0.08    0.67 ^ _25972_/Z (CLKBUF_X1)
   0.03    0.70 v _25988_/ZN (AOI21_X2)
   0.07    0.77 ^ _26323_/ZN (NOR3_X1)
   0.02    0.80 v _26495_/ZN (OAI21_X1)
   0.02    0.82 ^ _26499_/ZN (NAND3_X1)
   0.02    0.83 v _26500_/ZN (AOI21_X1)
   0.16    1.00 ^ _26531_/ZN (NOR4_X1)
   0.00    1.00 ^ sa21_sr[6]$_DFF_P_/D (DFF_X1)
           1.00   data arrival time

   0.82    0.82   clock clk (rise edge)
   0.00    0.82   clock network delay (ideal)
   0.00    0.82   clock reconvergence pessimism
           0.82 ^ sa21_sr[6]$_DFF_P_/CK (DFF_X1)
  -0.05    0.77   library setup time
           0.77   data required time
---------------------------------------------------------
           0.77   data required time
          -1.00   data arrival time
---------------------------------------------------------
          -0.23   slack (VIOLATED)



==========================================================================
detailed place report_checks -path_delay min reg to reg
--------------------------------------------------------------------------
Startpoint: u0.u3.d[4]$_DFF_P_ (rising edge-triggered flip-flop clocked by clk)
Endpoint: u0.w[1][4]$_DFF_P_ (rising edge-triggered flip-flop clocked by clk)
Path Group: clk
Path Type: min

  Delay    Time   Description
---------------------------------------------------------
   0.00    0.00   clock clk (rise edge)
   0.00    0.00   clock network delay (ideal)
   0.00    0.00 ^ u0.u3.d[4]$_DFF_P_/CK (DFF_X1)
   0.06    0.06 ^ u0.u3.d[4]$_DFF_P_/QN (DFF_X1)
   0.02    0.08 v _15881_/ZN (XNOR2_X1)
   0.02    0.11 ^ _15989_/ZN (AOI21_X1)
   0.00    0.11 ^ u0.w[1][4]$_DFF_P_/D (DFF_X1)
           0.11   data arrival time

   0.00    0.00   clock clk (rise edge)
   0.00    0.00   clock network delay (ideal)
   0.00    0.00   clock reconvergence pessimism
           0.00 ^ u0.w[1][4]$_DFF_P_/CK (DFF_X1)
   0.01    0.01   library hold time
           0.01   data required time
---------------------------------------------------------
           0.01   data required time
          -0.11   data arrival time
---------------------------------------------------------
           0.10   slack (MET)



==========================================================================
detailed place critical path target clock latency max path
--------------------------------------------------------------------------
0.0000

==========================================================================
detailed place critical path target clock latency min path
--------------------------------------------------------------------------
0.0000

==========================================================================
detailed place critical path source clock latency min path
--------------------------------------------------------------------------
0.0000

==========================================================================
detailed place critical path delay
--------------------------------------------------------------------------
1.0002

==========================================================================
detailed place critical path slack
--------------------------------------------------------------------------
-0.2294

==========================================================================
detailed place slack div critical path delay
--------------------------------------------------------------------------
-22.935413

==========================================================================
detailed place report_power
--------------------------------------------------------------------------
Group                  Internal  Switching    Leakage      Total
                          Power      Power      Power      Power (Watts)
----------------------------------------------------------------
Sequential             9.23e-03   9.76e-04   4.44e-05   1.02e-02   2.9%
Combinational          1.67e-01   1.75e-01   5.07e-04   3.42e-01  97.1%
Clock                  0.00e+00   0.00e+00   0.00e+00   0.00e+00   0.0%
Macro                  0.00e+00   0.00e+00   0.00e+00   0.00e+00   0.0%
Pad                    0.00e+00   0.00e+00   0.00e+00   0.00e+00   0.0%
----------------------------------------------------------------
Total                  1.76e-01   1.76e-01   5.51e-04   3.52e-01 100.0%
                          50.0%      49.9%       0.2%
