
==========================================================================
global place report_tns
--------------------------------------------------------------------------
tns -224.18

==========================================================================
global place report_wns
--------------------------------------------------------------------------
wns -21.23

==========================================================================
global place report_worst_slack
--------------------------------------------------------------------------
worst slack -21.23

==========================================================================
global place report_checks -path_delay min
--------------------------------------------------------------------------
Startpoint: dpath.a_reg.out[11]$_DFFE_PP_
            (rising edge-triggered flip-flop clocked by core_clock)
Endpoint: dpath.a_reg.out[11]$_DFFE_PP_
          (rising edge-triggered flip-flop clocked by core_clock)
Path Group: core_clock
Path Type: min

Fanout     Cap    Slew   Delay    Time   Description
-----------------------------------------------------------------------------
                  0.00    0.00    0.00   clock core_clock (rise edge)
                          0.00    0.00   clock network delay (ideal)
                  0.00    0.00    0.00 ^ dpath.a_reg.out[11]$_DFFE_PP_/CLK (DFFHQNx1_ASAP7_75t_R)
     2    1.55   17.89   35.98   35.98 ^ dpath.a_reg.out[11]$_DFFE_PP_/QN (DFFHQNx1_ASAP7_75t_R)
                                         _043_ (net)
                 17.89    0.02   36.00 ^ _408_/A1 (AOI22x1_ASAP7_75t_R)
     1    0.60    8.71    7.20   43.20 v _408_/Y (AOI22x1_ASAP7_75t_R)
                                         _054_ (net)
                  8.71    0.01   43.20 v dpath.a_reg.out[11]$_DFFE_PP_/D (DFFHQNx1_ASAP7_75t_R)
                                 43.20   data arrival time

                  0.00    0.00    0.00   clock core_clock (rise edge)
                          0.00    0.00   clock network delay (ideal)
                          0.00    0.00   clock reconvergence pessimism
                                  0.00 ^ dpath.a_reg.out[11]$_DFFE_PP_/CLK (DFFHQNx1_ASAP7_75t_R)
                          8.40    8.40   library hold time
                                  8.40   data required time
-----------------------------------------------------------------------------
                                  8.40   data required time
                                -43.20   data arrival time
-----------------------------------------------------------------------------
                                 34.80   slack (MET)



==========================================================================
global place report_checks -path_delay max
--------------------------------------------------------------------------
Startpoint: dpath.b_reg.out[4]$_DFFE_PP_
            (rising edge-triggered flip-flop clocked by core_clock)
Endpoint: resp_msg[13] (output port clocked by core_clock)
Path Group: core_clock
Path Type: max

Fanout     Cap    Slew   Delay    Time   Description
-----------------------------------------------------------------------------
                  0.00    0.00    0.00   clock core_clock (rise edge)
                          0.00    0.00   clock network delay (ideal)
                  0.00    0.00    0.00 ^ dpath.b_reg.out[4]$_DFFE_PP_/CLK (DFFHQNx1_ASAP7_75t_R)
     4    3.57   28.62   42.12   42.12 v dpath.b_reg.out[4]$_DFFE_PP_/QN (DFFHQNx1_ASAP7_75t_R)
                                         _291_ (net)
                 28.62    0.11   42.23 v _572_/B (HAxp5_ASAP7_75t_R)
     5    3.72   76.13   67.95  110.18 v _572_/SN (HAxp5_ASAP7_75t_R)
                                         _022_ (net)
                 76.13    0.03  110.21 v _394_/B (OR3x1_ASAP7_75t_R)
     1    0.45    9.66   34.84  145.04 v _394_/Y (OR3x1_ASAP7_75t_R)
                                         _155_ (net)
                  9.66    0.00  145.05 v _395_/B (OA211x2_ASAP7_75t_R)
     3    2.71   14.44   29.51  174.55 v _395_/Y (OA211x2_ASAP7_75t_R)
                                         _156_ (net)
                 14.45    0.17  174.73 v _400_/A1 (OA21x2_ASAP7_75t_R)
     3    2.70   11.37   21.13  195.86 v _400_/Y (OA21x2_ASAP7_75t_R)
                                         _161_ (net)
                 11.38    0.14  196.00 v _402_/A2 (AO21x1_ASAP7_75t_R)
     3    2.60   16.48   20.42  216.42 v _402_/Y (AO21x1_ASAP7_75t_R)
                                         _163_ (net)
                 16.48    0.03  216.45 v _417_/A2 (AO32x1_ASAP7_75t_R)
     1    1.13   11.20   24.27  240.72 v _417_/Y (AO32x1_ASAP7_75t_R)
                                         _175_ (net)
                 11.20    0.02  240.74 v _418_/B (XOR2x2_ASAP7_75t_R)
     2    0.95    9.58   28.46  269.20 ^ _418_/Y (XOR2x2_ASAP7_75t_R)
                                         resp_msg[13] (net)
                  9.58    0.03  269.23 ^ resp_msg[13] (out)
                                269.23   data arrival time

                  0.00  310.00  310.00   clock core_clock (rise edge)
                          0.00  310.00   clock network delay (ideal)
                          0.00  310.00   clock reconvergence pessimism
                        -62.00  248.00   output external delay
                                248.00   data required time
-----------------------------------------------------------------------------
                                248.00   data required time
                               -269.23   data arrival time
-----------------------------------------------------------------------------
                                -21.23   slack (VIOLATED)



==========================================================================
global place report_checks -unconstrained
--------------------------------------------------------------------------
Startpoint: dpath.b_reg.out[4]$_DFFE_PP_
            (rising edge-triggered flip-flop clocked by core_clock)
Endpoint: resp_msg[13] (output port clocked by core_clock)
Path Group: core_clock
Path Type: max

Fanout     Cap    Slew   Delay    Time   Description
-----------------------------------------------------------------------------
                  0.00    0.00    0.00   clock core_clock (rise edge)
                          0.00    0.00   clock network delay (ideal)
                  0.00    0.00    0.00 ^ dpath.b_reg.out[4]$_DFFE_PP_/CLK (DFFHQNx1_ASAP7_75t_R)
     4    3.57   28.62   42.12   42.12 v dpath.b_reg.out[4]$_DFFE_PP_/QN (DFFHQNx1_ASAP7_75t_R)
                                         _291_ (net)
                 28.62    0.11   42.23 v _572_/B (HAxp5_ASAP7_75t_R)
     5    3.72   76.13   67.95  110.18 v _572_/SN (HAxp5_ASAP7_75t_R)
                                         _022_ (net)
                 76.13    0.03  110.21 v _394_/B (OR3x1_ASAP7_75t_R)
     1    0.45    9.66   34.84  145.04 v _394_/Y (OR3x1_ASAP7_75t_R)
                                         _155_ (net)
                  9.66    0.00  145.05 v _395_/B (OA211x2_ASAP7_75t_R)
     3    2.71   14.44   29.51  174.55 v _395_/Y (OA211x2_ASAP7_75t_R)
                                         _156_ (net)
                 14.45    0.17  174.73 v _400_/A1 (OA21x2_ASAP7_75t_R)
     3    2.70   11.37   21.13  195.86 v _400_/Y (OA21x2_ASAP7_75t_R)
                                         _161_ (net)
                 11.38    0.14  196.00 v _402_/A2 (AO21x1_ASAP7_75t_R)
     3    2.60   16.48   20.42  216.42 v _402_/Y (AO21x1_ASAP7_75t_R)
                                         _163_ (net)
                 16.48    0.03  216.45 v _417_/A2 (AO32x1_ASAP7_75t_R)
     1    1.13   11.20   24.27  240.72 v _417_/Y (AO32x1_ASAP7_75t_R)
                                         _175_ (net)
                 11.20    0.02  240.74 v _418_/B (XOR2x2_ASAP7_75t_R)
     2    0.95    9.58   28.46  269.20 ^ _418_/Y (XOR2x2_ASAP7_75t_R)
                                         resp_msg[13] (net)
                  9.58    0.03  269.23 ^ resp_msg[13] (out)
                                269.23   data arrival time

                  0.00  310.00  310.00   clock core_clock (rise edge)
                          0.00  310.00   clock network delay (ideal)
                          0.00  310.00   clock reconvergence pessimism
                        -62.00  248.00   output external delay
                                248.00   data required time
-----------------------------------------------------------------------------
                                248.00   data required time
                               -269.23   data arrival time
-----------------------------------------------------------------------------
                                -21.23   slack (VIOLATED)



==========================================================================
global place report_power
--------------------------------------------------------------------------
Group                  Internal  Switching    Leakage      Total
                          Power      Power      Power      Power (Watts)
----------------------------------------------------------------
Sequential             2.11e-04   2.37e-05   5.34e-09   2.35e-04  42.0%
Combinational          1.70e-04   1.54e-04   2.17e-08   3.24e-04  58.0%
Clock                  0.00e+00   0.00e+00   0.00e+00   0.00e+00   0.0%
Macro                  0.00e+00   0.00e+00   0.00e+00   0.00e+00   0.0%
Pad                    0.00e+00   0.00e+00   0.00e+00   0.00e+00   0.0%
----------------------------------------------------------------
Total                  3.81e-04   1.78e-04   2.70e-08   5.59e-04 100.0%
                          68.2%      31.8%       0.0%
