
==========================================================================
detailed place report_tns
--------------------------------------------------------------------------
tns -18.42

==========================================================================
detailed place report_wns
--------------------------------------------------------------------------
wns -0.18

==========================================================================
detailed place report_worst_slack
--------------------------------------------------------------------------
worst slack -0.18

==========================================================================
detailed place report_checks -path_delay min
--------------------------------------------------------------------------
Startpoint: u0.u1.d[5]$_DFF_P_ (rising edge-triggered flip-flop clocked by clk)
Endpoint: u0.w[1][21]$_DFF_P_ (rising edge-triggered flip-flop clocked by clk)
Path Group: clk
Path Type: min

Fanout     Cap    Slew   Delay    Time   Description
-----------------------------------------------------------------------------
                  0.00    0.00    0.00   clock clk (rise edge)
                          0.00    0.00   clock network delay (ideal)
                  0.00    0.00    0.00 ^ u0.u1.d[5]$_DFF_P_/CK (DFF_X1)
     1    2.49    0.01    0.06    0.06 ^ u0.u1.d[5]$_DFF_P_/QN (DFF_X1)
                                         _00429_ (net)
                  0.01    0.00    0.06 ^ _15933_/A (XOR2_X1)
     2    4.03    0.01    0.02    0.08 v _15933_/Z (XOR2_X1)
                                         _06764_ (net)
                  0.01    0.00    0.08 v _16026_/B1 (AOI21_X1)
     1    1.27    0.01    0.02    0.11 ^ _16026_/ZN (AOI21_X1)
                                         _00334_ (net)
                  0.01    0.00    0.11 ^ u0.w[1][21]$_DFF_P_/D (DFF_X1)
                                  0.11   data arrival time

                  0.00    0.00    0.00   clock clk (rise edge)
                          0.00    0.00   clock network delay (ideal)
                          0.00    0.00   clock reconvergence pessimism
                                  0.00 ^ u0.w[1][21]$_DFF_P_/CK (DFF_X1)
                          0.01    0.01   library hold time
                                  0.01   data required time
-----------------------------------------------------------------------------
                                  0.01   data required time
                                 -0.11   data arrival time
-----------------------------------------------------------------------------
                                  0.10   slack (MET)



==========================================================================
detailed place report_checks -path_delay max
--------------------------------------------------------------------------
Startpoint: ld_r$_DFF_P_ (rising edge-triggered flip-flop clocked by clk)
Endpoint: sa02_sr[0]$_DFF_P_ (rising edge-triggered flip-flop clocked by clk)
Path Group: clk
Path Type: max

Fanout     Cap    Slew   Delay    Time   Description
-----------------------------------------------------------------------------
                  0.00    0.00    0.00   clock clk (rise edge)
                          0.00    0.00   clock network delay (ideal)
                  0.00    0.00    0.00 ^ ld_r$_DFF_P_/CK (DFF_X1)
     1    3.99    0.01    0.08    0.08 v ld_r$_DFF_P_/Q (DFF_X1)
                                         ld_r (net)
                  0.01    0.00    0.08 v _18258_/A (BUF_X4)
     5   22.56    0.01    0.03    0.11 v _18258_/Z (BUF_X4)
                                         _08970_ (net)
                  0.01    0.00    0.12 v _18298_/A (INV_X4)
     5   18.80    0.01    0.02    0.14 ^ _18298_/ZN (INV_X4)
                                         _09009_ (net)
                  0.01    0.00    0.14 ^ _18299_/A (BUF_X8)
    10   29.93    0.01    0.03    0.16 ^ _18299_/Z (BUF_X8)
                                         _09010_ (net)
                  0.01    0.00    0.16 ^ _18392_/A (BUF_X4)
    10   43.69    0.03    0.04    0.21 ^ _18392_/Z (BUF_X4)
                                         _09099_ (net)
                  0.03    0.01    0.21 ^ _18393_/A (BUF_X2)
    10   54.05    0.06    0.08    0.29 ^ _18393_/Z (BUF_X2)
                                         _09100_ (net)
                  0.06    0.02    0.31 ^ _19762_/A2 (NOR3_X1)
     1    1.65    0.02    0.01    0.33 v _19762_/ZN (NOR3_X1)
                                         _10446_ (net)
                  0.02    0.00    0.33 v _19764_/A (AOI21_X1)
     4    9.41    0.06    0.08    0.41 ^ _19764_/ZN (AOI21_X1)
                                         _10448_ (net)
                  0.06    0.00    0.41 ^ _19765_/A (INV_X1)
     2    7.21    0.02    0.03    0.43 v _19765_/ZN (INV_X1)
                                         _10449_ (net)
                  0.02    0.00    0.43 v _19766_/A1 (NOR2_X4)
     5   14.57    0.02    0.04    0.47 ^ _19766_/ZN (NOR2_X4)
                                         _10450_ (net)
                  0.02    0.00    0.47 ^ _19907_/A (BUF_X8)
    10   28.15    0.01    0.03    0.50 ^ _19907_/Z (BUF_X8)
                                         _10586_ (net)
                  0.01    0.00    0.50 ^ _20057_/A (BUF_X8)
    10   31.84    0.01    0.03    0.53 ^ _20057_/Z (BUF_X8)
                                         _10735_ (net)
                  0.01    0.00    0.53 ^ _20063_/A (BUF_X16)
    16   47.98    0.01    0.02    0.56 ^ _20063_/Z (BUF_X16)
                                         _14859_ (net)
                  0.01    0.00    0.56 ^ _29632_/B (HA_X1)
     1    1.96    0.02    0.05    0.60 ^ _29632_/S (HA_X1)
                                         _14861_ (net)
                  0.02    0.00    0.60 ^ _19922_/A (BUF_X2)
     4    8.75    0.01    0.03    0.64 ^ _19922_/Z (BUF_X2)
                                         _10601_ (net)
                  0.01    0.00    0.64 ^ _20028_/A (INV_X1)
     9   20.12    0.02    0.03    0.67 v _20028_/ZN (INV_X1)
                                         _10707_ (net)
                  0.02    0.00    0.67 v _20029_/A1 (NOR3_X2)
     3    6.20    0.04    0.05    0.72 ^ _20029_/ZN (NOR3_X2)
                                         _10708_ (net)
                  0.04    0.00    0.72 ^ _20030_/C2 (AOI221_X1)
     1    1.63    0.02    0.02    0.74 v _20030_/ZN (AOI221_X1)
                                         _10709_ (net)
                  0.02    0.00    0.74 v _20036_/A (AOI21_X1)
     1    3.90    0.03    0.06    0.80 ^ _20036_/ZN (AOI21_X1)
                                         _10715_ (net)
                  0.03    0.00    0.80 ^ _20039_/B1 (OAI22_X1)
     1    2.65    0.01    0.03    0.82 v _20039_/ZN (OAI22_X1)
                                         _10718_ (net)
                  0.01    0.00    0.82 v _20040_/A4 (NOR4_X1)
     1    5.96    0.08    0.13    0.95 ^ _20040_/ZN (NOR4_X1)
                                         _00048_ (net)
                  0.08    0.00    0.95 ^ sa02_sr[0]$_DFF_P_/D (DFF_X1)
                                  0.95   data arrival time

                  0.00    0.82    0.82   clock clk (rise edge)
                          0.00    0.82   clock network delay (ideal)
                          0.00    0.82   clock reconvergence pessimism
                                  0.82 ^ sa02_sr[0]$_DFF_P_/CK (DFF_X1)
                         -0.04    0.78   library setup time
                                  0.78   data required time
-----------------------------------------------------------------------------
                                  0.78   data required time
                                 -0.95   data arrival time
-----------------------------------------------------------------------------
                                 -0.18   slack (VIOLATED)



==========================================================================
detailed place report_checks -unconstrained
--------------------------------------------------------------------------
Startpoint: ld_r$_DFF_P_ (rising edge-triggered flip-flop clocked by clk)
Endpoint: sa02_sr[0]$_DFF_P_ (rising edge-triggered flip-flop clocked by clk)
Path Group: clk
Path Type: max

Fanout     Cap    Slew   Delay    Time   Description
-----------------------------------------------------------------------------
                  0.00    0.00    0.00   clock clk (rise edge)
                          0.00    0.00   clock network delay (ideal)
                  0.00    0.00    0.00 ^ ld_r$_DFF_P_/CK (DFF_X1)
     1    3.99    0.01    0.08    0.08 v ld_r$_DFF_P_/Q (DFF_X1)
                                         ld_r (net)
                  0.01    0.00    0.08 v _18258_/A (BUF_X4)
     5   22.56    0.01    0.03    0.11 v _18258_/Z (BUF_X4)
                                         _08970_ (net)
                  0.01    0.00    0.12 v _18298_/A (INV_X4)
     5   18.80    0.01    0.02    0.14 ^ _18298_/ZN (INV_X4)
                                         _09009_ (net)
                  0.01    0.00    0.14 ^ _18299_/A (BUF_X8)
    10   29.93    0.01    0.03    0.16 ^ _18299_/Z (BUF_X8)
                                         _09010_ (net)
                  0.01    0.00    0.16 ^ _18392_/A (BUF_X4)
    10   43.69    0.03    0.04    0.21 ^ _18392_/Z (BUF_X4)
                                         _09099_ (net)
                  0.03    0.01    0.21 ^ _18393_/A (BUF_X2)
    10   54.05    0.06    0.08    0.29 ^ _18393_/Z (BUF_X2)
                                         _09100_ (net)
                  0.06    0.02    0.31 ^ _19762_/A2 (NOR3_X1)
     1    1.65    0.02    0.01    0.33 v _19762_/ZN (NOR3_X1)
                                         _10446_ (net)
                  0.02    0.00    0.33 v _19764_/A (AOI21_X1)
     4    9.41    0.06    0.08    0.41 ^ _19764_/ZN (AOI21_X1)
                                         _10448_ (net)
                  0.06    0.00    0.41 ^ _19765_/A (INV_X1)
     2    7.21    0.02    0.03    0.43 v _19765_/ZN (INV_X1)
                                         _10449_ (net)
                  0.02    0.00    0.43 v _19766_/A1 (NOR2_X4)
     5   14.57    0.02    0.04    0.47 ^ _19766_/ZN (NOR2_X4)
                                         _10450_ (net)
                  0.02    0.00    0.47 ^ _19907_/A (BUF_X8)
    10   28.15    0.01    0.03    0.50 ^ _19907_/Z (BUF_X8)
                                         _10586_ (net)
                  0.01    0.00    0.50 ^ _20057_/A (BUF_X8)
    10   31.84    0.01    0.03    0.53 ^ _20057_/Z (BUF_X8)
                                         _10735_ (net)
                  0.01    0.00    0.53 ^ _20063_/A (BUF_X16)
    16   47.98    0.01    0.02    0.56 ^ _20063_/Z (BUF_X16)
                                         _14859_ (net)
                  0.01    0.00    0.56 ^ _29632_/B (HA_X1)
     1    1.96    0.02    0.05    0.60 ^ _29632_/S (HA_X1)
                                         _14861_ (net)
                  0.02    0.00    0.60 ^ _19922_/A (BUF_X2)
     4    8.75    0.01    0.03    0.64 ^ _19922_/Z (BUF_X2)
                                         _10601_ (net)
                  0.01    0.00    0.64 ^ _20028_/A (INV_X1)
     9   20.12    0.02    0.03    0.67 v _20028_/ZN (INV_X1)
                                         _10707_ (net)
                  0.02    0.00    0.67 v _20029_/A1 (NOR3_X2)
     3    6.20    0.04    0.05    0.72 ^ _20029_/ZN (NOR3_X2)
                                         _10708_ (net)
                  0.04    0.00    0.72 ^ _20030_/C2 (AOI221_X1)
     1    1.63    0.02    0.02    0.74 v _20030_/ZN (AOI221_X1)
                                         _10709_ (net)
                  0.02    0.00    0.74 v _20036_/A (AOI21_X1)
     1    3.90    0.03    0.06    0.80 ^ _20036_/ZN (AOI21_X1)
                                         _10715_ (net)
                  0.03    0.00    0.80 ^ _20039_/B1 (OAI22_X1)
     1    2.65    0.01    0.03    0.82 v _20039_/ZN (OAI22_X1)
                                         _10718_ (net)
                  0.01    0.00    0.82 v _20040_/A4 (NOR4_X1)
     1    5.96    0.08    0.13    0.95 ^ _20040_/ZN (NOR4_X1)
                                         _00048_ (net)
                  0.08    0.00    0.95 ^ sa02_sr[0]$_DFF_P_/D (DFF_X1)
                                  0.95   data arrival time

                  0.00    0.82    0.82   clock clk (rise edge)
                          0.00    0.82   clock network delay (ideal)
                          0.00    0.82   clock reconvergence pessimism
                                  0.82 ^ sa02_sr[0]$_DFF_P_/CK (DFF_X1)
                         -0.04    0.78   library setup time
                                  0.78   data required time
-----------------------------------------------------------------------------
                                  0.78   data required time
                                 -0.95   data arrival time
-----------------------------------------------------------------------------
                                 -0.18   slack (VIOLATED)



==========================================================================
detailed place report_check_types -max_slew -max_cap -max_fanout -violators
--------------------------------------------------------------------------
max capacitance

Pin                                    Limit     Cap   Slack
------------------------------------------------------------
_17290_/ZN                             10.47   11.37   -0.89 (VIOLATED)
_21903_/ZN                             16.02   16.39   -0.37 (VIOLATED)
_28807_/ZN                             16.02   16.24   -0.22 (VIOLATED)


==========================================================================
detailed place max_slew_check_slack
--------------------------------------------------------------------------
0.06819114834070206

==========================================================================
detailed place max_slew_check_limit
--------------------------------------------------------------------------
0.1985349953174591

==========================================================================
detailed place max_slew_check_slack_limit
--------------------------------------------------------------------------
0.3435

==========================================================================
detailed place max_fanout_check_slack
--------------------------------------------------------------------------
1.0000000150474662e+30

==========================================================================
detailed place max_fanout_check_limit
--------------------------------------------------------------------------
1.0000000150474662e+30

==========================================================================
detailed place max_capacitance_check_slack
--------------------------------------------------------------------------
-0.8938442468643188

==========================================================================
detailed place max_capacitance_check_limit
--------------------------------------------------------------------------
10.47130012512207

==========================================================================
detailed place max_capacitance_check_slack_limit
--------------------------------------------------------------------------
-0.0854

==========================================================================
detailed place max_slew_violation_count
--------------------------------------------------------------------------
max slew violation count 0

==========================================================================
detailed place max_fanout_violation_count
--------------------------------------------------------------------------
max fanout violation count 0

==========================================================================
detailed place max_cap_violation_count
--------------------------------------------------------------------------
max cap violation count 3

==========================================================================
detailed place setup_violation_count
--------------------------------------------------------------------------
setup violation count 160

==========================================================================
detailed place hold_violation_count
--------------------------------------------------------------------------
hold violation count 0

==========================================================================
detailed place report_checks -path_delay max reg to reg
--------------------------------------------------------------------------
Startpoint: ld_r$_DFF_P_ (rising edge-triggered flip-flop clocked by clk)
Endpoint: sa02_sr[0]$_DFF_P_ (rising edge-triggered flip-flop clocked by clk)
Path Group: clk
Path Type: max

  Delay    Time   Description
---------------------------------------------------------
   0.00    0.00   clock clk (rise edge)
   0.00    0.00   clock network delay (ideal)
   0.00    0.00 ^ ld_r$_DFF_P_/CK (DFF_X1)
   0.08    0.08 v ld_r$_DFF_P_/Q (DFF_X1)
   0.03    0.11 v _18258_/Z (BUF_X4)
   0.02    0.14 ^ _18298_/ZN (INV_X4)
   0.03    0.16 ^ _18299_/Z (BUF_X8)
   0.04    0.21 ^ _18392_/Z (BUF_X4)
   0.08    0.29 ^ _18393_/Z (BUF_X2)
   0.04    0.33 v _19762_/ZN (NOR3_X1)
   0.08    0.41 ^ _19764_/ZN (AOI21_X1)
   0.03    0.43 v _19765_/ZN (INV_X1)
   0.04    0.47 ^ _19766_/ZN (NOR2_X4)
   0.03    0.50 ^ _19907_/Z (BUF_X8)
   0.03    0.53 ^ _20057_/Z (BUF_X8)
   0.03    0.56 ^ _20063_/Z (BUF_X16)
   0.05    0.60 ^ _29632_/S (HA_X1)
   0.03    0.64 ^ _19922_/Z (BUF_X2)
   0.03    0.67 v _20028_/ZN (INV_X1)
   0.05    0.72 ^ _20029_/ZN (NOR3_X2)
   0.02    0.74 v _20030_/ZN (AOI221_X1)
   0.06    0.80 ^ _20036_/ZN (AOI21_X1)
   0.03    0.82 v _20039_/ZN (OAI22_X1)
   0.13    0.95 ^ _20040_/ZN (NOR4_X1)
   0.00    0.95 ^ sa02_sr[0]$_DFF_P_/D (DFF_X1)
           0.95   data arrival time

   0.82    0.82   clock clk (rise edge)
   0.00    0.82   clock network delay (ideal)
   0.00    0.82   clock reconvergence pessimism
           0.82 ^ sa02_sr[0]$_DFF_P_/CK (DFF_X1)
  -0.04    0.78   library setup time
           0.78   data required time
---------------------------------------------------------
           0.78   data required time
          -0.95   data arrival time
---------------------------------------------------------
          -0.18   slack (VIOLATED)



==========================================================================
detailed place report_checks -path_delay min reg to reg
--------------------------------------------------------------------------
Startpoint: u0.u1.d[5]$_DFF_P_ (rising edge-triggered flip-flop clocked by clk)
Endpoint: u0.w[1][21]$_DFF_P_ (rising edge-triggered flip-flop clocked by clk)
Path Group: clk
Path Type: min

  Delay    Time   Description
---------------------------------------------------------
   0.00    0.00   clock clk (rise edge)
   0.00    0.00   clock network delay (ideal)
   0.00    0.00 ^ u0.u1.d[5]$_DFF_P_/CK (DFF_X1)
   0.06    0.06 ^ u0.u1.d[5]$_DFF_P_/QN (DFF_X1)
   0.02    0.08 v _15933_/Z (XOR2_X1)
   0.02    0.11 ^ _16026_/ZN (AOI21_X1)
   0.00    0.11 ^ u0.w[1][21]$_DFF_P_/D (DFF_X1)
           0.11   data arrival time

   0.00    0.00   clock clk (rise edge)
   0.00    0.00   clock network delay (ideal)
   0.00    0.00   clock reconvergence pessimism
           0.00 ^ u0.w[1][21]$_DFF_P_/CK (DFF_X1)
   0.01    0.01   library hold time
           0.01   data required time
---------------------------------------------------------
           0.01   data required time
          -0.11   data arrival time
---------------------------------------------------------
           0.10   slack (MET)



==========================================================================
detailed place critical path target clock latency max path
--------------------------------------------------------------------------
0.0000

==========================================================================
detailed place critical path target clock latency min path
--------------------------------------------------------------------------
0.0000

==========================================================================
detailed place critical path source clock latency min path
--------------------------------------------------------------------------
0.0000

==========================================================================
detailed place critical path delay
--------------------------------------------------------------------------
0.9509

==========================================================================
detailed place critical path slack
--------------------------------------------------------------------------
-0.1757

==========================================================================
detailed place slack div critical path delay
--------------------------------------------------------------------------
-18.477232

==========================================================================
detailed place report_power
--------------------------------------------------------------------------
Group                  Internal  Switching    Leakage      Total
                          Power      Power      Power      Power (Watts)
----------------------------------------------------------------
Sequential             9.23e-03   1.09e-03   4.44e-05   1.04e-02   2.9%
Combinational          1.67e-01   1.80e-01   5.07e-04   3.47e-01  97.1%
Clock                  0.00e+00   0.00e+00   0.00e+00   0.00e+00   0.0%
Macro                  0.00e+00   0.00e+00   0.00e+00   0.00e+00   0.0%
Pad                    0.00e+00   0.00e+00   0.00e+00   0.00e+00   0.0%
----------------------------------------------------------------
Total                  1.76e-01   1.81e-01   5.51e-04   3.57e-01 100.0%
                          49.3%      50.6%       0.2%
