OpenROAD v2.0-19576-gec1bf1a13 
Features included (+) or not (-): +GPU +GUI +Python : None
This program is licensed under the BSD-3 license. See the LICENSE file for details.
Components of this program may be licensed under more restrictive licenses which must be honored.
[INFO ORD-0030] Using 16 thread(s).
[INFO GPL-0002] DBU: 2000
[INFO GPL-0003] SiteSize: (  0.190  1.400 ) um
[INFO GPL-0004] CoreBBox: (  1.140  1.400 ) ( 44.650 22.400 ) um
[INFO GPL-0006] NumInstances:               533
[INFO GPL-0007] NumPlaceInstances:          503
[INFO GPL-0008] NumFixedInstances:           30
[INFO GPL-0009] NumDummyInstances:            0
[INFO GPL-0010] NumNets:                    574
[INFO GPL-0011] NumPins:                   1626
[INFO GPL-0012] DieBBox:  (  0.000  0.000 ) ( 45.725 23.865 ) um
[INFO GPL-0013] CoreBBox: (  1.140  1.400 ) ( 44.650 22.400 ) um
[INFO GPL-0016] CoreArea:               913.710 um^2
[INFO GPL-0017] NonPlaceInstsArea:        7.980 um^2
[INFO GPL-0018] PlaceInstsArea:         650.104 um^2
[INFO GPL-0019] Util:                    71.777 %
[INFO GPL-0020] StdInstsArea:           650.104 um^2
[INFO GPL-0021] MacroInstsArea:           0.000 um^2
[INFO GPL-0031] FillerInit:NumGCells:       725
[INFO GPL-0032] FillerInit:NumGNets:        574
[INFO GPL-0033] FillerInit:NumGPins:       1626
[INFO GPL-0023] TargetDensity:            1.000
[INFO GPL-0024] AvrgPlaceInstArea:        1.292 um^2
[INFO GPL-0025] IdealBinArea:             1.292 um^2
[INFO GPL-0026] IdealBinCnt:                706
[INFO GPL-0027] TotalBinArea:           913.710 um^2
[INFO GPL-0028] BinCnt:        32     16
[INFO GPL-0029] BinSize: (  1.360  1.312 )
[INFO GPL-0030] NumBins: 512
Placement density is 0.8406608080863953, computed from PLACE_DENSITY_LB_ADDON 0.40 and lower bound 0.7177680134773254
global_placement -density 0.8406608080863953 -pad_left 0 -pad_right 0
[INFO GPL-0002] DBU: 2000
[INFO GPL-0003] SiteSize: (  0.190  1.400 ) um
[INFO GPL-0004] CoreBBox: (  1.140  1.400 ) ( 44.650 22.400 ) um
[INFO GPL-0006] NumInstances:               533
[INFO GPL-0007] NumPlaceInstances:          503
[INFO GPL-0008] NumFixedInstances:           30
[INFO GPL-0009] NumDummyInstances:            0
[INFO GPL-0010] NumNets:                    574
[INFO GPL-0011] NumPins:                   1626
[INFO GPL-0012] DieBBox:  (  0.000  0.000 ) ( 45.725 23.865 ) um
[INFO GPL-0013] CoreBBox: (  1.140  1.400 ) ( 44.650 22.400 ) um
[INFO GPL-0016] CoreArea:               913.710 um^2
[INFO GPL-0017] NonPlaceInstsArea:        7.980 um^2
[INFO GPL-0018] PlaceInstsArea:         650.104 um^2
[INFO GPL-0019] Util:                    71.777 %
[INFO GPL-0020] StdInstsArea:           650.104 um^2
[INFO GPL-0021] MacroInstsArea:           0.000 um^2
[InitialPlace]  Iter: 1 CG residual: 0.00000005 HPWL: 8038583
[InitialPlace]  Iter: 2 CG residual: 0.00000009 HPWL: 5575335
[InitialPlace]  Iter: 3 CG residual: 0.00000012 HPWL: 5604114
[InitialPlace]  Iter: 4 CG residual: 0.00000011 HPWL: 5621065
[InitialPlace]  Iter: 5 CG residual: 0.00000010 HPWL: 5631602
[INFO GPL-0031] FillerInit:NumGCells:       599
[INFO GPL-0032] FillerInit:NumGNets:        574
[INFO GPL-0033] FillerInit:NumGPins:       1626
[INFO GPL-0023] TargetDensity:            0.841
[INFO GPL-0024] AvrgPlaceInstArea:        1.292 um^2
[INFO GPL-0025] IdealBinArea:             1.537 um^2
[INFO GPL-0026] IdealBinCnt:                594
[INFO GPL-0027] TotalBinArea:           913.710 um^2
[INFO GPL-0028] BinCnt:        32     16
[INFO GPL-0029] BinSize: (  1.360  1.312 )
[INFO GPL-0030] NumBins: 512
[NesterovSolve] Iter:    1 overflow: 0.873 HPWL: 3563229
[NesterovSolve] Iter:   10 overflow: 0.721 HPWL: 4027897
[NesterovSolve] Iter:   20 overflow: 0.694 HPWL: 4069776
[NesterovSolve] Iter:   30 overflow: 0.698 HPWL: 4044375
[NesterovSolve] Iter:   40 overflow: 0.698 HPWL: 4043990
[NesterovSolve] Iter:   50 overflow: 0.696 HPWL: 4051360
[NesterovSolve] Iter:   60 overflow: 0.698 HPWL: 4043796
[NesterovSolve] Iter:   70 overflow: 0.698 HPWL: 4042628
[NesterovSolve] Iter:   80 overflow: 0.698 HPWL: 4044875
[NesterovSolve] Iter:   90 overflow: 0.697 HPWL: 4045722
[NesterovSolve] Iter:  100 overflow: 0.697 HPWL: 4047221
[NesterovSolve] Iter:  110 overflow: 0.697 HPWL: 4048652
[NesterovSolve] Iter:  120 overflow: 0.696 HPWL: 4050678
[NesterovSolve] Iter:  130 overflow: 0.695 HPWL: 4055471
[NesterovSolve] Iter:  140 overflow: 0.693 HPWL: 4063676
[NesterovSolve] Iter:  150 overflow: 0.690 HPWL: 4075999
[NesterovSolve] Iter:  160 overflow: 0.685 HPWL: 4094029
[NesterovSolve] Iter:  170 overflow: 0.678 HPWL: 4115288
[NesterovSolve] Iter:  180 overflow: 0.668 HPWL: 4142055
[NesterovSolve] Iter:  190 overflow: 0.653 HPWL: 4181330
[NesterovSolve] Iter:  200 overflow: 0.635 HPWL: 4235007
[NesterovSolve] Iter:  210 overflow: 0.613 HPWL: 4302283
[NesterovSolve] Iter:  220 overflow: 0.580 HPWL: 4386914
[NesterovSolve] Iter:  230 overflow: 0.542 HPWL: 4453750
[NesterovSolve] Iter:  240 overflow: 0.495 HPWL: 4535872
[NesterovSolve] Iter:  250 overflow: 0.453 HPWL: 4629288
[NesterovSolve] Iter:  260 overflow: 0.411 HPWL: 4721348
[NesterovSolve] Iter:  270 overflow: 0.369 HPWL: 4776629
[NesterovSolve] Iter:  280 overflow: 0.334 HPWL: 4821382
[NesterovSolve] Iter:  290 overflow: 0.300 HPWL: 4835798
[NesterovSolve] Iter:  300 overflow: 0.273 HPWL: 4874953
[NesterovSolve] Iter:  310 overflow: 0.241 HPWL: 4895622
[NesterovSolve] Iter:  320 overflow: 0.211 HPWL: 4931158
[NesterovSolve] Iter:  330 overflow: 0.190 HPWL: 4958473
[NesterovSolve] Iter:  340 overflow: 0.166 HPWL: 4990806
[NesterovSolve] Iter:  350 overflow: 0.142 HPWL: 5013858
[NesterovSolve] Iter:  360 overflow: 0.119 HPWL: 5033209
[NesterovSolve] Iter:  370 overflow: 0.103 HPWL: 5058029
[NesterovSolve] Finished with Overflow: 0.099945
Report metrics stage 3, global place...

==========================================================================
global place report_design_area
--------------------------------------------------------------------------
Design area 650 u^2 71% utilization.
Elapsed time: 0:00.54[h:]min:sec. CPU time: user 3.33 sys 0.01 (614%). Peak memory: 122880KB.
