
==========================================================================
detailed place report_tns
--------------------------------------------------------------------------
tns -16.49

==========================================================================
detailed place report_wns
--------------------------------------------------------------------------
wns -0.17

==========================================================================
detailed place report_worst_slack
--------------------------------------------------------------------------
worst slack -0.17

==========================================================================
detailed place report_checks -path_delay min
--------------------------------------------------------------------------
Startpoint: u0.u3.d[6]$_DFF_P_ (rising edge-triggered flip-flop clocked by clk)
Endpoint: u0.w[1][6]$_DFF_P_ (rising edge-triggered flip-flop clocked by clk)
Path Group: clk
Path Type: min

Fanout     Cap    Slew   Delay    Time   Description
-----------------------------------------------------------------------------
                  0.00    0.00    0.00   clock clk (rise edge)
                          0.00    0.00   clock network delay (ideal)
                  0.00    0.00    0.00 ^ u0.u3.d[6]$_DFF_P_/CK (DFF_X1)
     1    2.34    0.01    0.06    0.06 ^ u0.u3.d[6]$_DFF_P_/QN (DFF_X1)
                                         _00416_ (net)
                  0.01    0.00    0.06 ^ _15887_/A (XOR2_X1)
     2    4.15    0.01    0.02    0.08 v _15887_/Z (XOR2_X1)
                                         _06733_ (net)
                  0.01    0.00    0.08 v _15994_/B1 (AOI21_X1)
     1    1.24    0.01    0.02    0.11 ^ _15994_/ZN (AOI21_X1)
                                         _00349_ (net)
                  0.01    0.00    0.11 ^ u0.w[1][6]$_DFF_P_/D (DFF_X1)
                                  0.11   data arrival time

                  0.00    0.00    0.00   clock clk (rise edge)
                          0.00    0.00   clock network delay (ideal)
                          0.00    0.00   clock reconvergence pessimism
                                  0.00 ^ u0.w[1][6]$_DFF_P_/CK (DFF_X1)
                          0.01    0.01   library hold time
                                  0.01   data required time
-----------------------------------------------------------------------------
                                  0.01   data required time
                                 -0.11   data arrival time
-----------------------------------------------------------------------------
                                  0.10   slack (MET)



==========================================================================
detailed place report_checks -path_delay max
--------------------------------------------------------------------------
Startpoint: ld_r$_DFF_P_ (rising edge-triggered flip-flop clocked by clk)
Endpoint: sa21_sr[0]$_DFF_P_ (rising edge-triggered flip-flop clocked by clk)
Path Group: clk
Path Type: max

Fanout     Cap    Slew   Delay    Time   Description
-----------------------------------------------------------------------------
                  0.00    0.00    0.00   clock clk (rise edge)
                          0.00    0.00   clock network delay (ideal)
                  0.00    0.00    0.00 ^ ld_r$_DFF_P_/CK (DFF_X1)
     1    6.69    0.02    0.10    0.10 ^ ld_r$_DFF_P_/Q (DFF_X1)
                                         ld_r (net)
                  0.02    0.00    0.10 ^ _18258_/A (BUF_X4)
     5   22.89    0.02    0.03    0.13 ^ _18258_/Z (BUF_X4)
                                         _08970_ (net)
                  0.02    0.00    0.13 ^ _18280_/A (BUF_X4)
    10   32.65    0.02    0.04    0.17 ^ _18280_/Z (BUF_X4)
                                         _08992_ (net)
                  0.02    0.00    0.17 ^ _18304_/A (BUF_X4)
    10   30.83    0.02    0.04    0.21 ^ _18304_/Z (BUF_X4)
                                         _09015_ (net)
                  0.02    0.00    0.21 ^ _18395_/A (BUF_X8)
    10   36.18    0.01    0.03    0.24 ^ _18395_/Z (BUF_X8)
                                         _09102_ (net)
                  0.01    0.00    0.24 ^ _18396_/A (BUF_X2)
    10   33.67    0.04    0.06    0.30 ^ _18396_/Z (BUF_X2)
                                         _09103_ (net)
                  0.04    0.00    0.30 ^ _18428_/A (BUF_X2)
    10   32.33    0.04    0.06    0.36 ^ _18428_/Z (BUF_X2)
                                         _09135_ (net)
                  0.04    0.00    0.36 ^ _25924_/A2 (NAND3_X1)
     1    1.58    0.02    0.03    0.39 v _25924_/ZN (NAND3_X1)
                                         _02933_ (net)
                  0.02    0.00    0.39 v _25926_/A (OAI21_X1)
     1    3.48    0.03    0.03    0.42 ^ _25926_/ZN (OAI21_X1)
                                         _02935_ (net)
                  0.03    0.00    0.42 ^ _25927_/A2 (NOR2_X2)
     4    8.62    0.01    0.02    0.44 v _25927_/ZN (NOR2_X2)
                                         _02936_ (net)
                  0.01    0.00    0.44 v _25928_/A (INV_X1)
     3    5.73    0.02    0.02    0.46 ^ _25928_/ZN (INV_X1)
                                         _02937_ (net)
                  0.02    0.00    0.46 ^ _25929_/A (BUF_X2)
    10   25.95    0.03    0.05    0.51 ^ _25929_/Z (BUF_X2)
                                         _02938_ (net)
                  0.03    0.00    0.52 ^ _25930_/A (BUF_X8)
    17   52.06    0.02    0.04    0.55 ^ _25930_/Z (BUF_X8)
                                         _15164_ (net)
                  0.02    0.00    0.55 ^ _29757_/B (HA_X1)
    10   23.59    0.05    0.09    0.64 ^ _29757_/CO (HA_X1)
                                         _15165_ (net)
                  0.05    0.00    0.64 ^ _26094_/A (INV_X1)
     6   12.92    0.02    0.04    0.68 v _26094_/ZN (INV_X1)
                                         _03098_ (net)
                  0.02    0.00    0.68 v _26095_/A (AOI21_X2)
     6   13.97    0.04    0.07    0.75 ^ _26095_/ZN (AOI21_X2)
                                         _03099_ (net)
                  0.04    0.00    0.75 ^ _26097_/A1 (OR2_X1)
     2    3.65    0.01    0.04    0.78 ^ _26097_/ZN (OR2_X1)
                                         _03101_ (net)
                  0.01    0.00    0.78 ^ _26101_/B1 (OAI221_X1)
     1    1.03    0.02    0.03    0.81 v _26101_/ZN (OAI221_X1)
                                         _03105_ (net)
                  0.02    0.00    0.81 v _26102_/A3 (AND3_X1)
     1    1.61    0.01    0.04    0.85 v _26102_/ZN (AND3_X1)
                                         _03106_ (net)
                  0.01    0.00    0.85 v _26121_/B1 (OAI21_X1)
     1    2.23    0.02    0.03    0.88 ^ _26121_/ZN (OAI21_X1)
                                         _03125_ (net)
                  0.02    0.00    0.88 ^ _26175_/A2 (NAND4_X1)
     1    7.95    0.04    0.05    0.94 v _26175_/ZN (NAND4_X1)
                                         _00120_ (net)
                  0.04    0.00    0.94 v sa21_sr[0]$_DFF_P_/D (DFF_X1)
                                  0.94   data arrival time

                  0.00    0.82    0.82   clock clk (rise edge)
                          0.00    0.82   clock network delay (ideal)
                          0.00    0.82   clock reconvergence pessimism
                                  0.82 ^ sa21_sr[0]$_DFF_P_/CK (DFF_X1)
                         -0.05    0.77   library setup time
                                  0.77   data required time
-----------------------------------------------------------------------------
                                  0.77   data required time
                                 -0.94   data arrival time
-----------------------------------------------------------------------------
                                 -0.17   slack (VIOLATED)



==========================================================================
detailed place report_checks -unconstrained
--------------------------------------------------------------------------
Startpoint: ld_r$_DFF_P_ (rising edge-triggered flip-flop clocked by clk)
Endpoint: sa21_sr[0]$_DFF_P_ (rising edge-triggered flip-flop clocked by clk)
Path Group: clk
Path Type: max

Fanout     Cap    Slew   Delay    Time   Description
-----------------------------------------------------------------------------
                  0.00    0.00    0.00   clock clk (rise edge)
                          0.00    0.00   clock network delay (ideal)
                  0.00    0.00    0.00 ^ ld_r$_DFF_P_/CK (DFF_X1)
     1    6.69    0.02    0.10    0.10 ^ ld_r$_DFF_P_/Q (DFF_X1)
                                         ld_r (net)
                  0.02    0.00    0.10 ^ _18258_/A (BUF_X4)
     5   22.89    0.02    0.03    0.13 ^ _18258_/Z (BUF_X4)
                                         _08970_ (net)
                  0.02    0.00    0.13 ^ _18280_/A (BUF_X4)
    10   32.65    0.02    0.04    0.17 ^ _18280_/Z (BUF_X4)
                                         _08992_ (net)
                  0.02    0.00    0.17 ^ _18304_/A (BUF_X4)
    10   30.83    0.02    0.04    0.21 ^ _18304_/Z (BUF_X4)
                                         _09015_ (net)
                  0.02    0.00    0.21 ^ _18395_/A (BUF_X8)
    10   36.18    0.01    0.03    0.24 ^ _18395_/Z (BUF_X8)
                                         _09102_ (net)
                  0.01    0.00    0.24 ^ _18396_/A (BUF_X2)
    10   33.67    0.04    0.06    0.30 ^ _18396_/Z (BUF_X2)
                                         _09103_ (net)
                  0.04    0.00    0.30 ^ _18428_/A (BUF_X2)
    10   32.33    0.04    0.06    0.36 ^ _18428_/Z (BUF_X2)
                                         _09135_ (net)
                  0.04    0.00    0.36 ^ _25924_/A2 (NAND3_X1)
     1    1.58    0.02    0.03    0.39 v _25924_/ZN (NAND3_X1)
                                         _02933_ (net)
                  0.02    0.00    0.39 v _25926_/A (OAI21_X1)
     1    3.48    0.03    0.03    0.42 ^ _25926_/ZN (OAI21_X1)
                                         _02935_ (net)
                  0.03    0.00    0.42 ^ _25927_/A2 (NOR2_X2)
     4    8.62    0.01    0.02    0.44 v _25927_/ZN (NOR2_X2)
                                         _02936_ (net)
                  0.01    0.00    0.44 v _25928_/A (INV_X1)
     3    5.73    0.02    0.02    0.46 ^ _25928_/ZN (INV_X1)
                                         _02937_ (net)
                  0.02    0.00    0.46 ^ _25929_/A (BUF_X2)
    10   25.95    0.03    0.05    0.51 ^ _25929_/Z (BUF_X2)
                                         _02938_ (net)
                  0.03    0.00    0.52 ^ _25930_/A (BUF_X8)
    17   52.06    0.02    0.04    0.55 ^ _25930_/Z (BUF_X8)
                                         _15164_ (net)
                  0.02    0.00    0.55 ^ _29757_/B (HA_X1)
    10   23.59    0.05    0.09    0.64 ^ _29757_/CO (HA_X1)
                                         _15165_ (net)
                  0.05    0.00    0.64 ^ _26094_/A (INV_X1)
     6   12.92    0.02    0.04    0.68 v _26094_/ZN (INV_X1)
                                         _03098_ (net)
                  0.02    0.00    0.68 v _26095_/A (AOI21_X2)
     6   13.97    0.04    0.07    0.75 ^ _26095_/ZN (AOI21_X2)
                                         _03099_ (net)
                  0.04    0.00    0.75 ^ _26097_/A1 (OR2_X1)
     2    3.65    0.01    0.04    0.78 ^ _26097_/ZN (OR2_X1)
                                         _03101_ (net)
                  0.01    0.00    0.78 ^ _26101_/B1 (OAI221_X1)
     1    1.03    0.02    0.03    0.81 v _26101_/ZN (OAI221_X1)
                                         _03105_ (net)
                  0.02    0.00    0.81 v _26102_/A3 (AND3_X1)
     1    1.61    0.01    0.04    0.85 v _26102_/ZN (AND3_X1)
                                         _03106_ (net)
                  0.01    0.00    0.85 v _26121_/B1 (OAI21_X1)
     1    2.23    0.02    0.03    0.88 ^ _26121_/ZN (OAI21_X1)
                                         _03125_ (net)
                  0.02    0.00    0.88 ^ _26175_/A2 (NAND4_X1)
     1    7.95    0.04    0.05    0.94 v _26175_/ZN (NAND4_X1)
                                         _00120_ (net)
                  0.04    0.00    0.94 v sa21_sr[0]$_DFF_P_/D (DFF_X1)
                                  0.94   data arrival time

                  0.00    0.82    0.82   clock clk (rise edge)
                          0.00    0.82   clock network delay (ideal)
                          0.00    0.82   clock reconvergence pessimism
                                  0.82 ^ sa21_sr[0]$_DFF_P_/CK (DFF_X1)
                         -0.05    0.77   library setup time
                                  0.77   data required time
-----------------------------------------------------------------------------
                                  0.77   data required time
                                 -0.94   data arrival time
-----------------------------------------------------------------------------
                                 -0.17   slack (VIOLATED)



==========================================================================
detailed place report_check_types -max_slew -max_cap -max_fanout -violators
--------------------------------------------------------------------------
max capacitance

Pin                                    Limit     Cap   Slack
------------------------------------------------------------
_21903_/ZN                             16.02   17.23   -1.21 (VIOLATED)
_28807_/ZN                             16.02   16.22   -0.20 (VIOLATED)


==========================================================================
detailed place max_slew_check_slack
--------------------------------------------------------------------------
0.06767107546329498

==========================================================================
detailed place max_slew_check_limit
--------------------------------------------------------------------------
0.1985349953174591

==========================================================================
detailed place max_slew_check_slack_limit
--------------------------------------------------------------------------
0.3409

==========================================================================
detailed place max_fanout_check_slack
--------------------------------------------------------------------------
1.0000000150474662e+30

==========================================================================
detailed place max_fanout_check_limit
--------------------------------------------------------------------------
1.0000000150474662e+30

==========================================================================
detailed place max_capacitance_check_slack
--------------------------------------------------------------------------
-1.212693691253662

==========================================================================
detailed place max_capacitance_check_limit
--------------------------------------------------------------------------
16.021699905395508

==========================================================================
detailed place max_capacitance_check_slack_limit
--------------------------------------------------------------------------
-0.0757

==========================================================================
detailed place max_slew_violation_count
--------------------------------------------------------------------------
max slew violation count 0

==========================================================================
detailed place max_fanout_violation_count
--------------------------------------------------------------------------
max fanout violation count 0

==========================================================================
detailed place max_cap_violation_count
--------------------------------------------------------------------------
max cap violation count 2

==========================================================================
detailed place setup_violation_count
--------------------------------------------------------------------------
setup violation count 160

==========================================================================
detailed place hold_violation_count
--------------------------------------------------------------------------
hold violation count 0

==========================================================================
detailed place report_checks -path_delay max reg to reg
--------------------------------------------------------------------------
Startpoint: ld_r$_DFF_P_ (rising edge-triggered flip-flop clocked by clk)
Endpoint: sa21_sr[0]$_DFF_P_ (rising edge-triggered flip-flop clocked by clk)
Path Group: clk
Path Type: max

  Delay    Time   Description
---------------------------------------------------------
   0.00    0.00   clock clk (rise edge)
   0.00    0.00   clock network delay (ideal)
   0.00    0.00 ^ ld_r$_DFF_P_/CK (DFF_X1)
   0.10    0.10 ^ ld_r$_DFF_P_/Q (DFF_X1)
   0.03    0.13 ^ _18258_/Z (BUF_X4)
   0.04    0.17 ^ _18280_/Z (BUF_X4)
   0.04    0.21 ^ _18304_/Z (BUF_X4)
   0.03    0.24 ^ _18395_/Z (BUF_X8)
   0.06    0.30 ^ _18396_/Z (BUF_X2)
   0.06    0.36 ^ _18428_/Z (BUF_X2)
   0.03    0.39 v _25924_/ZN (NAND3_X1)
   0.03    0.42 ^ _25926_/ZN (OAI21_X1)
   0.02    0.44 v _25927_/ZN (NOR2_X2)
   0.02    0.46 ^ _25928_/ZN (INV_X1)
   0.05    0.51 ^ _25929_/Z (BUF_X2)
   0.04    0.55 ^ _25930_/Z (BUF_X8)
   0.09    0.64 ^ _29757_/CO (HA_X1)
   0.04    0.68 v _26094_/ZN (INV_X1)
   0.07    0.75 ^ _26095_/ZN (AOI21_X2)
   0.04    0.78 ^ _26097_/ZN (OR2_X1)
   0.03    0.81 v _26101_/ZN (OAI221_X1)
   0.04    0.85 v _26102_/ZN (AND3_X1)
   0.03    0.88 ^ _26121_/ZN (OAI21_X1)
   0.05    0.94 v _26175_/ZN (NAND4_X1)
   0.00    0.94 v sa21_sr[0]$_DFF_P_/D (DFF_X1)
           0.94   data arrival time

   0.82    0.82   clock clk (rise edge)
   0.00    0.82   clock network delay (ideal)
   0.00    0.82   clock reconvergence pessimism
           0.82 ^ sa21_sr[0]$_DFF_P_/CK (DFF_X1)
  -0.05    0.77   library setup time
           0.77   data required time
---------------------------------------------------------
           0.77   data required time
          -0.94   data arrival time
---------------------------------------------------------
          -0.17   slack (VIOLATED)



==========================================================================
detailed place report_checks -path_delay min reg to reg
--------------------------------------------------------------------------
Startpoint: u0.u3.d[6]$_DFF_P_ (rising edge-triggered flip-flop clocked by clk)
Endpoint: u0.w[1][6]$_DFF_P_ (rising edge-triggered flip-flop clocked by clk)
Path Group: clk
Path Type: min

  Delay    Time   Description
---------------------------------------------------------
   0.00    0.00   clock clk (rise edge)
   0.00    0.00   clock network delay (ideal)
   0.00    0.00 ^ u0.u3.d[6]$_DFF_P_/CK (DFF_X1)
   0.06    0.06 ^ u0.u3.d[6]$_DFF_P_/QN (DFF_X1)
   0.02    0.08 v _15887_/Z (XOR2_X1)
   0.02    0.11 ^ _15994_/ZN (AOI21_X1)
   0.00    0.11 ^ u0.w[1][6]$_DFF_P_/D (DFF_X1)
           0.11   data arrival time

   0.00    0.00   clock clk (rise edge)
   0.00    0.00   clock network delay (ideal)
   0.00    0.00   clock reconvergence pessimism
           0.00 ^ u0.w[1][6]$_DFF_P_/CK (DFF_X1)
   0.01    0.01   library hold time
           0.01   data required time
---------------------------------------------------------
           0.01   data required time
          -0.11   data arrival time
---------------------------------------------------------
           0.10   slack (MET)



==========================================================================
detailed place critical path target clock latency max path
--------------------------------------------------------------------------
0.0000

==========================================================================
detailed place critical path target clock latency min path
--------------------------------------------------------------------------
0.0000

==========================================================================
detailed place critical path source clock latency min path
--------------------------------------------------------------------------
0.0000

==========================================================================
detailed place critical path delay
--------------------------------------------------------------------------
0.9382

==========================================================================
detailed place critical path slack
--------------------------------------------------------------------------
-0.1693

==========================================================================
detailed place slack div critical path delay
--------------------------------------------------------------------------
-18.045193

==========================================================================
detailed place report_power
--------------------------------------------------------------------------
Group                  Internal  Switching    Leakage      Total
                          Power      Power      Power      Power (Watts)
----------------------------------------------------------------
Sequential             9.24e-03   1.40e-03   4.44e-05   1.07e-02   3.0%
Combinational          1.67e-01   1.79e-01   5.07e-04   3.46e-01  97.0%
Clock                  0.00e+00   0.00e+00   0.00e+00   0.00e+00   0.0%
Macro                  0.00e+00   0.00e+00   0.00e+00   0.00e+00   0.0%
Pad                    0.00e+00   0.00e+00   0.00e+00   0.00e+00   0.0%
----------------------------------------------------------------
Total                  1.76e-01   1.80e-01   5.51e-04   3.57e-01 100.0%
                          49.3%      50.5%       0.2%
