OpenROAD v2.0-19576-gec1bf1a13 
Features included (+) or not (-): +GPU +GUI +Python : None
This program is licensed under the BSD-3 license. See the LICENSE file for details.
Components of this program may be licensed under more restrictive licenses which must be honored.
[INFO ORD-0030] Using 16 thread(s).
[INFO GPL-0002] DBU: 2000
[INFO GPL-0003] SiteSize: (  0.190  1.400 ) um
[INFO GPL-0004] CoreBBox: (  1.140  1.400 ) ( 296.590 207.200 ) um
[INFO GPL-0006] NumInstances:             16538
[INFO GPL-0007] NumPlaceInstances:        16095
[INFO GPL-0008] NumFixedInstances:          443
[INFO GPL-0009] NumDummyInstances:            0
[INFO GPL-0010] NumNets:                  18758
[INFO GPL-0011] NumPins:                  60707
[INFO GPL-0012] DieBBox:  (  0.000  0.000 ) ( 297.645 208.950 ) um
[INFO GPL-0013] CoreBBox: (  1.140  1.400 ) ( 296.590 207.200 ) um
[INFO GPL-0016] CoreArea:             60803.610 um^2
[INFO GPL-0017] NonPlaceInstsArea:      117.838 um^2
[INFO GPL-0018] PlaceInstsArea:       28787.052 um^2
[INFO GPL-0019] Util:                    47.436 %
[INFO GPL-0020] StdInstsArea:         28787.052 um^2
[INFO GPL-0021] MacroInstsArea:           0.000 um^2
[INFO GPL-0031] FillerInit:NumGCells:     35298
[INFO GPL-0032] FillerInit:NumGNets:      18758
[INFO GPL-0033] FillerInit:NumGPins:      60707
[INFO GPL-0023] TargetDensity:            1.000
[INFO GPL-0024] AvrgPlaceInstArea:        1.789 um^2
[INFO GPL-0025] IdealBinArea:             1.789 um^2
[INFO GPL-0026] IdealBinCnt:              33995
[INFO GPL-0027] TotalBinArea:         60803.610 um^2
[INFO GPL-0028] BinCnt:       128    128
[INFO GPL-0029] BinSize: (  2.308  1.608 )
[INFO GPL-0030] NumBins: 16384
Placement density is 0.747181231379509, computed from PLACE_DENSITY_LB_ADDON 0.50 and lower bound 0.47436246275901794
global_placement -density 0.747181231379509 -pad_left 0 -pad_right 0
[INFO GPL-0002] DBU: 2000
[INFO GPL-0003] SiteSize: (  0.190  1.400 ) um
[INFO GPL-0004] CoreBBox: (  1.140  1.400 ) ( 296.590 207.200 ) um
[INFO GPL-0006] NumInstances:             16538
[INFO GPL-0007] NumPlaceInstances:        16095
[INFO GPL-0008] NumFixedInstances:          443
[INFO GPL-0009] NumDummyInstances:            0
[INFO GPL-0010] NumNets:                  18758
[INFO GPL-0011] NumPins:                  60707
[INFO GPL-0012] DieBBox:  (  0.000  0.000 ) ( 297.645 208.950 ) um
[INFO GPL-0013] CoreBBox: (  1.140  1.400 ) ( 296.590 207.200 ) um
[INFO GPL-0016] CoreArea:             60803.610 um^2
[INFO GPL-0017] NonPlaceInstsArea:      117.838 um^2
[INFO GPL-0018] PlaceInstsArea:       28787.052 um^2
[INFO GPL-0019] Util:                    47.436 %
[INFO GPL-0020] StdInstsArea:         28787.052 um^2
[INFO GPL-0021] MacroInstsArea:           0.000 um^2
[InitialPlace]  Iter: 1 CG residual: 0.00166155 HPWL: 593708010
[InitialPlace]  Iter: 2 CG residual: 0.00005051 HPWL: 208303058
[InitialPlace]  Iter: 3 CG residual: 0.00000547 HPWL: 205779413
[InitialPlace]  Iter: 4 CG residual: 0.00002259 HPWL: 204845065
[InitialPlace]  Iter: 5 CG residual: 0.00002505 HPWL: 203359516
[InitialPlace]  Iter: 6 CG residual: 0.00002324 HPWL: 201944532
[InitialPlace]  Iter: 7 CG residual: 0.00001310 HPWL: 200159460
[InitialPlace]  Iter: 8 CG residual: 0.00000309 HPWL: 199033669
[INFO GPL-0031] FillerInit:NumGCells:     26062
[INFO GPL-0032] FillerInit:NumGNets:      18758
[INFO GPL-0033] FillerInit:NumGPins:      60707
[INFO GPL-0023] TargetDensity:            0.747
[INFO GPL-0024] AvrgPlaceInstArea:        1.789 um^2
[INFO GPL-0025] IdealBinArea:             2.394 um^2
[INFO GPL-0026] IdealBinCnt:              25400
[INFO GPL-0027] TotalBinArea:         60803.610 um^2
[INFO GPL-0028] BinCnt:       128    128
[INFO GPL-0029] BinSize: (  2.308  1.608 )
[INFO GPL-0030] NumBins: 16384
[NesterovSolve] Iter:    1 overflow: 0.986 HPWL: 140037765
[NesterovSolve] Iter:   10 overflow: 0.958 HPWL: 130184342
[NesterovSolve] Iter:   20 overflow: 0.942 HPWL: 146552567
[NesterovSolve] Iter:   30 overflow: 0.935 HPWL: 154783029
[NesterovSolve] Iter:   40 overflow: 0.930 HPWL: 159105268
[NesterovSolve] Iter:   50 overflow: 0.927 HPWL: 160208610
[NesterovSolve] Iter:   60 overflow: 0.926 HPWL: 160097359
[NesterovSolve] Iter:   70 overflow: 0.925 HPWL: 159926355
[NesterovSolve] Iter:   80 overflow: 0.925 HPWL: 159415660
[NesterovSolve] Iter:   90 overflow: 0.925 HPWL: 158897056
[NesterovSolve] Iter:  100 overflow: 0.924 HPWL: 158788218
[NesterovSolve] Iter:  110 overflow: 0.923 HPWL: 159375678
[NesterovSolve] Iter:  120 overflow: 0.922 HPWL: 160487550
[NesterovSolve] Iter:  130 overflow: 0.921 HPWL: 161728420
[NesterovSolve] Iter:  140 overflow: 0.920 HPWL: 163077292
[NesterovSolve] Iter:  150 overflow: 0.919 HPWL: 164978202
[NesterovSolve] Iter:  160 overflow: 0.917 HPWL: 168198098
[NesterovSolve] Iter:  170 overflow: 0.915 HPWL: 173211859
[NesterovSolve] Iter:  180 overflow: 0.911 HPWL: 179973128
[NesterovSolve] Iter:  190 overflow: 0.906 HPWL: 188911151
[NesterovSolve] Iter:  200 overflow: 0.897 HPWL: 200995636
[NesterovSolve] Iter:  210 overflow: 0.886 HPWL: 216141134
[NesterovSolve] Iter:  220 overflow: 0.872 HPWL: 232913003
[NesterovSolve] Iter:  230 overflow: 0.855 HPWL: 249702966
[NesterovSolve] Iter:  240 overflow: 0.833 HPWL: 270022298
[NesterovSolve] Iter:  250 overflow: 0.806 HPWL: 294333456
[NesterovSolve] Iter:  260 overflow: 0.776 HPWL: 312412415
[NesterovSolve] Iter:  270 overflow: 0.739 HPWL: 338239379
[NesterovSolve] Iter:  280 overflow: 0.701 HPWL: 353013465
[NesterovSolve] Iter:  290 overflow: 0.657 HPWL: 368689619
[NesterovSolve] Iter:  300 overflow: 0.607 HPWL: 385364911
[NesterovSolve] Iter:  310 overflow: 0.557 HPWL: 400944813
[NesterovSolve] Iter:  320 overflow: 0.508 HPWL: 414418498
[NesterovSolve] Iter:  330 overflow: 0.466 HPWL: 426245044
[NesterovSolve] Iter:  340 overflow: 0.422 HPWL: 431093653
[NesterovSolve] Iter:  350 overflow: 0.369 HPWL: 439912846
[NesterovSolve] Iter:  360 overflow: 0.328 HPWL: 445304528
[NesterovSolve] Iter:  370 overflow: 0.295 HPWL: 448843017
[NesterovSolve] Iter:  380 overflow: 0.261 HPWL: 452529469
[NesterovSolve] Iter:  390 overflow: 0.230 HPWL: 455275699
[NesterovSolve] Iter:  400 overflow: 0.201 HPWL: 457087173
[NesterovSolve] Iter:  410 overflow: 0.175 HPWL: 458835815
[NesterovSolve] Iter:  420 overflow: 0.150 HPWL: 459992217
[NesterovSolve] Iter:  430 overflow: 0.128 HPWL: 460875443
[NesterovSolve] Iter:  440 overflow: 0.111 HPWL: 461294291
[NesterovSolve] Finished with Overflow: 0.099356
Took 17 seconds: global_placement -density 0.747181231379509 -pad_left 0 -pad_right 0
Report metrics stage 3, global place...

==========================================================================
global place report_design_area
--------------------------------------------------------------------------
Design area 28787 u^2 47% utilization.
Elapsed time: 0:23.77[h:]min:sec. CPU time: user 260.61 sys 1.14 (1100%). Peak memory: 199448KB.
