OpenROAD v2.0-19576-gec1bf1a13 
Features included (+) or not (-): +GPU +GUI +Python : None
This program is licensed under the BSD-3 license. See the LICENSE file for details.
Components of this program may be licensed under more restrictive licenses which must be honored.
[INFO ORD-0030] Using 16 thread(s).
[INFO GPL-0002] DBU: 1000
[INFO GPL-0003] SiteSize: (  0.054  0.270 ) um
[INFO GPL-0004] CoreBBox: (  2.052  2.160 ) ( 66.906 60.210 ) um
[INFO GPL-0006] NumInstances:             19346
[INFO GPL-0007] NumPlaceInstances:        18699
[INFO GPL-0008] NumFixedInstances:          647
[INFO GPL-0009] NumDummyInstances:            0
[INFO GPL-0010] NumNets:                  19431
[INFO GPL-0011] NumPins:                  69487
[INFO GPL-0012] DieBBox:  (  0.000  0.000 ) ( 68.941 62.447 ) um
[INFO GPL-0013] CoreBBox: (  2.052  2.160 ) ( 66.906 60.210 ) um
[INFO GPL-0016] CoreArea:              3764.775 um^2
[INFO GPL-0017] NonPlaceInstsArea:       18.867 um^2
[INFO GPL-0018] PlaceInstsArea:        2323.206 um^2
[INFO GPL-0019] Util:                    62.020 %
[INFO GPL-0020] StdInstsArea:          2323.206 um^2
[INFO GPL-0021] MacroInstsArea:           0.000 um^2
[INFO GPL-0031] FillerInit:NumGCells:     31126
[INFO GPL-0032] FillerInit:NumGNets:      19431
[INFO GPL-0033] FillerInit:NumGPins:      69487
[INFO GPL-0023] TargetDensity:            1.000
[INFO GPL-0024] AvrgPlaceInstArea:        0.124 um^2
[INFO GPL-0025] IdealBinArea:             0.124 um^2
[INFO GPL-0026] IdealBinCnt:              30301
[INFO GPL-0027] TotalBinArea:          3764.775 um^2
[INFO GPL-0028] BinCnt:       128    128
[INFO GPL-0029] BinSize: (  0.507  0.454 )
[INFO GPL-0030] NumBins: 16384
Placement density is 0.7821190571784973, computed from PLACE_DENSITY_LB_ADDON 0.40 and lower bound 0.6201984286308289
global_placement -density 0.7821190571784973 -pad_left 0 -pad_right 0
[INFO GPL-0002] DBU: 1000
[INFO GPL-0003] SiteSize: (  0.054  0.270 ) um
[INFO GPL-0004] CoreBBox: (  2.052  2.160 ) ( 66.906 60.210 ) um
[INFO GPL-0006] NumInstances:             19346
[INFO GPL-0007] NumPlaceInstances:        18699
[INFO GPL-0008] NumFixedInstances:          647
[INFO GPL-0009] NumDummyInstances:            0
[INFO GPL-0010] NumNets:                  19431
[INFO GPL-0011] NumPins:                  69487
[INFO GPL-0012] DieBBox:  (  0.000  0.000 ) ( 68.941 62.447 ) um
[INFO GPL-0013] CoreBBox: (  2.052  2.160 ) ( 66.906 60.210 ) um
[INFO GPL-0016] CoreArea:              3764.775 um^2
[INFO GPL-0017] NonPlaceInstsArea:       18.867 um^2
[INFO GPL-0018] PlaceInstsArea:        2323.206 um^2
[INFO GPL-0019] Util:                    62.020 %
[INFO GPL-0020] StdInstsArea:          2323.206 um^2
[INFO GPL-0021] MacroInstsArea:           0.000 um^2
[InitialPlace]  Iter: 1 CG residual: 0.00002736 HPWL: 91434065
[InitialPlace]  Iter: 2 CG residual: 0.00000180 HPWL: 30343846
[InitialPlace]  Iter: 3 CG residual: 0.00000171 HPWL: 29292840
[InitialPlace]  Iter: 4 CG residual: 0.00000172 HPWL: 28934082
[InitialPlace]  Iter: 5 CG residual: 0.00000126 HPWL: 28507534
[INFO GPL-0031] FillerInit:NumGCells:     23997
[INFO GPL-0032] FillerInit:NumGNets:      19431
[INFO GPL-0033] FillerInit:NumGPins:      69487
[INFO GPL-0023] TargetDensity:            0.782
[INFO GPL-0024] AvrgPlaceInstArea:        0.124 um^2
[INFO GPL-0025] IdealBinArea:             0.159 um^2
[INFO GPL-0026] IdealBinCnt:              23699
[INFO GPL-0027] TotalBinArea:          3764.775 um^2
[INFO GPL-0028] BinCnt:       128    128
[INFO GPL-0029] BinSize: (  0.507  0.454 )
[INFO GPL-0030] NumBins: 16384
[NesterovSolve] Iter:    1 overflow: 0.982 HPWL: 22482292
[NesterovSolve] Iter:   10 overflow: 0.964 HPWL: 18410131
[NesterovSolve] Iter:   20 overflow: 0.954 HPWL: 20460578
[NesterovSolve] Iter:   30 overflow: 0.947 HPWL: 21605236
[NesterovSolve] Iter:   40 overflow: 0.943 HPWL: 21837356
[NesterovSolve] Iter:   50 overflow: 0.939 HPWL: 22001002
[NesterovSolve] Iter:   60 overflow: 0.936 HPWL: 22227768
[NesterovSolve] Iter:   70 overflow: 0.934 HPWL: 22347234
[NesterovSolve] Iter:   80 overflow: 0.932 HPWL: 22414108
[NesterovSolve] Iter:   90 overflow: 0.930 HPWL: 22577195
[NesterovSolve] Iter:  100 overflow: 0.928 HPWL: 22840935
[NesterovSolve] Iter:  110 overflow: 0.926 HPWL: 23178682
[NesterovSolve] Iter:  120 overflow: 0.923 HPWL: 23643344
[NesterovSolve] Iter:  130 overflow: 0.920 HPWL: 24318393
[NesterovSolve] Iter:  140 overflow: 0.916 HPWL: 25208639
[NesterovSolve] Iter:  150 overflow: 0.911 HPWL: 26337121
[NesterovSolve] Iter:  160 overflow: 0.904 HPWL: 27891746
[NesterovSolve] Iter:  170 overflow: 0.895 HPWL: 30022636
[NesterovSolve] Iter:  180 overflow: 0.883 HPWL: 32708831
[NesterovSolve] Iter:  190 overflow: 0.869 HPWL: 35846236
[NesterovSolve] Iter:  200 overflow: 0.851 HPWL: 39166806
[NesterovSolve] Iter:  210 overflow: 0.829 HPWL: 42617074
[NesterovSolve] Iter:  220 overflow: 0.803 HPWL: 46378514
[NesterovSolve] Iter:  230 overflow: 0.772 HPWL: 49806074
[NesterovSolve] Iter:  240 overflow: 0.738 HPWL: 53212137
[NesterovSolve] Iter:  250 overflow: 0.700 HPWL: 57002000
[NesterovSolve] Iter:  260 overflow: 0.660 HPWL: 59671447
[NesterovSolve] Iter:  270 overflow: 0.614 HPWL: 63008417
[NesterovSolve] Iter:  280 overflow: 0.561 HPWL: 65656107
[NesterovSolve] Iter:  290 overflow: 0.502 HPWL: 67987933
[NesterovSolve] Iter:  300 overflow: 0.441 HPWL: 69612929
[NesterovSolve] Iter:  310 overflow: 0.390 HPWL: 71293153
[NesterovSolve] Iter:  320 overflow: 0.341 HPWL: 72382847
[NesterovSolve] Iter:  330 overflow: 0.309 HPWL: 73215929
[NesterovSolve] Iter:  340 overflow: 0.279 HPWL: 73650481
[NesterovSolve] Iter:  350 overflow: 0.244 HPWL: 74002898
[NesterovSolve] Iter:  360 overflow: 0.215 HPWL: 74232432
[NesterovSolve] Iter:  370 overflow: 0.189 HPWL: 74429405
[NesterovSolve] Iter:  380 overflow: 0.166 HPWL: 74602965
[NesterovSolve] Iter:  390 overflow: 0.144 HPWL: 74733535
[NesterovSolve] Iter:  400 overflow: 0.126 HPWL: 74851916
[NesterovSolve] Iter:  410 overflow: 0.110 HPWL: 74950727
[NesterovSolve] Finished with Overflow: 0.099605
Took 9 seconds: global_placement -density 0.7821190571784973 -pad_left 0 -pad_right 0
Report metrics stage 3, global place...

==========================================================================
global place report_design_area
--------------------------------------------------------------------------
Design area 2323 u^2 62% utilization.
Elapsed time: 0:22.82[h:]min:sec. CPU time: user 150.05 sys 0.61 (660%). Peak memory: 306228KB.
