OpenROAD v2.0-19576-gec1bf1a13 
Features included (+) or not (-): +GPU +GUI +Python : None
This program is licensed under the BSD-3 license. See the LICENSE file for details.
Components of this program may be licensed under more restrictive licenses which must be honored.
[INFO ORD-0030] Using 16 thread(s).
[INFO GPL-0002] DBU: 1000
[INFO GPL-0003] SiteSize: (  0.054  0.270 ) um
[INFO GPL-0004] CoreBBox: (  2.052  2.160 ) ( 101.250 51.570 ) um
[INFO GPL-0006] NumInstances:             19342
[INFO GPL-0007] NumPlaceInstances:        18699
[INFO GPL-0008] NumFixedInstances:          643
[INFO GPL-0009] NumDummyInstances:            0
[INFO GPL-0010] NumNets:                  19431
[INFO GPL-0011] NumPins:                  69487
[INFO GPL-0012] DieBBox:  (  0.000  0.000 ) ( 103.259 53.630 ) um
[INFO GPL-0013] CoreBBox: (  2.052  2.160 ) ( 101.250 51.570 ) um
[INFO GPL-0016] CoreArea:              4901.373 um^2
[INFO GPL-0017] NonPlaceInstsArea:       18.750 um^2
[INFO GPL-0018] PlaceInstsArea:        2323.206 um^2
[INFO GPL-0019] Util:                    47.581 %
[INFO GPL-0020] StdInstsArea:          2323.206 um^2
[INFO GPL-0021] MacroInstsArea:           0.000 um^2
[INFO GPL-0031] FillerInit:NumGCells:     41055
[INFO GPL-0032] FillerInit:NumGNets:      19431
[INFO GPL-0033] FillerInit:NumGPins:      69487
[INFO GPL-0023] TargetDensity:            1.000
[INFO GPL-0024] AvrgPlaceInstArea:        0.124 um^2
[INFO GPL-0025] IdealBinArea:             0.124 um^2
[INFO GPL-0026] IdealBinCnt:              39450
[INFO GPL-0027] TotalBinArea:          4901.373 um^2
[INFO GPL-0028] BinCnt:       256    128
[INFO GPL-0029] BinSize: (  0.388  0.387 )
[INFO GPL-0030] NumBins: 32768
Placement density is 0.7479055470228195, computed from PLACE_DENSITY_LB_ADDON 0.50 and lower bound 0.47581109404563904
global_placement -density 0.7479055470228195 -pad_left 0 -pad_right 0 -routability_driven -timing_driven
[INFO GPL-0002] DBU: 1000
[INFO GPL-0003] SiteSize: (  0.054  0.270 ) um
[INFO GPL-0004] CoreBBox: (  2.052  2.160 ) ( 101.250 51.570 ) um
[INFO GPL-0006] NumInstances:             19342
[INFO GPL-0007] NumPlaceInstances:        18699
[INFO GPL-0008] NumFixedInstances:          643
[INFO GPL-0009] NumDummyInstances:            0
[INFO GPL-0010] NumNets:                  19431
[INFO GPL-0011] NumPins:                  69487
[INFO GPL-0012] DieBBox:  (  0.000  0.000 ) ( 103.259 53.630 ) um
[INFO GPL-0013] CoreBBox: (  2.052  2.160 ) ( 101.250 51.570 ) um
[INFO GPL-0016] CoreArea:              4901.373 um^2
[INFO GPL-0017] NonPlaceInstsArea:       18.750 um^2
[INFO GPL-0018] PlaceInstsArea:        2323.206 um^2
[INFO GPL-0019] Util:                    47.581 %
[INFO GPL-0020] StdInstsArea:          2323.206 um^2
[INFO GPL-0021] MacroInstsArea:           0.000 um^2
[InitialPlace]  Iter: 1 CG residual: 0.00055398 HPWL: 90641556
[InitialPlace]  Iter: 2 CG residual: 0.00005144 HPWL: 29396762
[InitialPlace]  Iter: 3 CG residual: 0.00008289 HPWL: 28030136
[InitialPlace]  Iter: 4 CG residual: 0.00000170 HPWL: 27603450
[InitialPlace]  Iter: 5 CG residual: 0.00000073 HPWL: 27281960
[INFO GPL-0031] FillerInit:NumGCells:     30303
[INFO GPL-0032] FillerInit:NumGNets:      19431
[INFO GPL-0033] FillerInit:NumGPins:      69487
[INFO GPL-0023] TargetDensity:            0.748
[INFO GPL-0024] AvrgPlaceInstArea:        0.124 um^2
[INFO GPL-0025] IdealBinArea:             0.166 um^2
[INFO GPL-0026] IdealBinCnt:              29505
[INFO GPL-0027] TotalBinArea:          4901.373 um^2
[INFO GPL-0028] BinCnt:       128     64
[INFO GPL-0029] BinSize: (  0.775  0.773 )
[INFO GPL-0030] NumBins: 8192
[NesterovSolve] Iter:    1 overflow: 0.987 HPWL: 16560905
[NesterovSolve] Iter:   10 overflow: 0.967 HPWL: 17662329
[NesterovSolve] Iter:   20 overflow: 0.960 HPWL: 20386107
[NesterovSolve] Iter:   30 overflow: 0.956 HPWL: 21412413
[NesterovSolve] Iter:   40 overflow: 0.952 HPWL: 21851342
[NesterovSolve] Iter:   50 overflow: 0.946 HPWL: 22260487
[NesterovSolve] Iter:   60 overflow: 0.941 HPWL: 22467919
[NesterovSolve] Iter:   70 overflow: 0.938 HPWL: 22554161
[NesterovSolve] Iter:   80 overflow: 0.935 HPWL: 22667136
[NesterovSolve] Iter:   90 overflow: 0.932 HPWL: 22833746
[NesterovSolve] Iter:  100 overflow: 0.930 HPWL: 22967637
[NesterovSolve] Iter:  110 overflow: 0.927 HPWL: 23096325
[NesterovSolve] Iter:  120 overflow: 0.925 HPWL: 23266767
[NesterovSolve] Iter:  130 overflow: 0.923 HPWL: 23478807
[NesterovSolve] Iter:  140 overflow: 0.921 HPWL: 23735895
[NesterovSolve] Iter:  150 overflow: 0.919 HPWL: 24087450
[NesterovSolve] Iter:  160 overflow: 0.915 HPWL: 24637709
[NesterovSolve] Iter:  170 overflow: 0.911 HPWL: 25539175
[NesterovSolve] Iter:  180 overflow: 0.906 HPWL: 26924287
[NesterovSolve] Iter:  190 overflow: 0.898 HPWL: 28665962
[NesterovSolve] Iter:  200 overflow: 0.889 HPWL: 30957925
[NesterovSolve] Iter:  210 overflow: 0.877 HPWL: 33832502
[NesterovSolve] Iter:  220 overflow: 0.860 HPWL: 37115575
[NesterovSolve] Iter:  230 overflow: 0.837 HPWL: 40363898
[NesterovSolve] Iter:  240 overflow: 0.812 HPWL: 43830199
[INFO GPL-0100] Timing-driven iteration 1/5, virtual: true.
[INFO GPL-0101]    Iter: 249, overflow: 0.785, keep rsz at: 0.3, HPWL: 48219659
Iteration |   Area    | Resized | Buffers | Nets repaired | Remaining
---------------------------------------------------------------------
        0 |     +0.0% |       0 |       0 |             0 |     19431
    final |     +4.3% |    2864 |      11 |             1 |         0
---------------------------------------------------------------------
[INFO RSZ-0034] Found 1 slew violations.
[INFO RSZ-0039] Resized 2864 instances.
[INFO RSZ-0038] Inserted 11 buffers in 1 nets.
[INFO GPL-0106] Timing-driven: worst slack -2.25e-10
[INFO GPL-0103] Timing-driven: weighted 1942 nets.
[NesterovSolve] Iter:  250 overflow: 0.781 HPWL: 48077188
[NesterovSolve] Iter:  260 overflow: 0.751 HPWL: 50955374
[NesterovSolve] Iter:  270 overflow: 0.719 HPWL: 54527699
[NesterovSolve] Iter:  280 overflow: 0.679 HPWL: 58002429
[NesterovSolve] Iter:  290 overflow: 0.640 HPWL: 60742433
[INFO GPL-0100] Timing-driven iteration 2/5, virtual: true.
[INFO GPL-0101]    Iter: 292, overflow: 0.631, keep rsz at: 0.3, HPWL: 61387257
Iteration |   Area    | Resized | Buffers | Nets repaired | Remaining
---------------------------------------------------------------------
        0 |     +0.0% |       0 |       0 |             0 |     19431
    final |     +4.8% |    2957 |      16 |             1 |         0
---------------------------------------------------------------------
[INFO RSZ-0034] Found 1 slew violations.
[INFO RSZ-0039] Resized 2957 instances.
[INFO RSZ-0038] Inserted 16 buffers in 1 nets.
[INFO GPL-0106] Timing-driven: worst slack -2.83e-10
[INFO GPL-0103] Timing-driven: weighted 1942 nets.
[INFO GPL-0088] Routability snapshot saved at iter = 298
[NesterovSolve] Iter:  300 overflow: 0.594 HPWL: 63699117
[NesterovSolve] Iter:  310 overflow: 0.545 HPWL: 65626000
[NesterovSolve] Iter:  320 overflow: 0.491 HPWL: 67391653
[NesterovSolve] Iter:  330 overflow: 0.432 HPWL: 69332104
[NesterovSolve] Iter:  340 overflow: 0.366 HPWL: 71212910
[NesterovSolve] Iter:  350 overflow: 0.322 HPWL: 72366121
[INFO GPL-0075] Routability iteration: 1
[INFO GPL-0036] TileBBox: (    0    0 ) (  540  540 ) DBU
[INFO GPL-0038] TileCnt:     191   99
[INFO GPL-0040] NumTiles: 18909
[INFO GPL-0081] TotalRouteOverflow: 103.5705
[INFO GPL-0082] OverflowTileCnt: 1158
[INFO GPL-0083] 0.5%RC: 1.2667
[INFO GPL-0084] 1.0%RC: 1.2196
[INFO GPL-0085] 2.0%RC: 1.1745
[INFO GPL-0086] 5.0%RC: 1.1067
[INFO GPL-0087] FinalRC: 1.243166
[INFO GPL-0078] FinalRC lower than minRC (1000000015047466219876688855040.0000), min RC updated.
[INFO GPL-0045] InflatedAreaDelta:      176.534 um^2 (+7.60%)
[INFO GPL-0046] TargetDensity:            0.748
[INFO GPL-0049] WhiteSpaceArea:        4882.623 um^2
[INFO GPL-0050] NesterovInstsArea:     2323.206 um^2
[INFO GPL-0051] TotalFillerArea:       1328.535 um^2
[INFO GPL-0052] TotalGCellsArea:       3651.741 um^2
[INFO GPL-0053] ExpectedGCellsArea:    3828.275 um^2
[INFO GPL-0054] NewTargetDensity:         0.784
[INFO GPL-0055] NewWhiteSpaceArea:     4882.623 um^2
[INFO GPL-0056] MovableArea:           3828.275 um^2
[INFO GPL-0057] NewNesterovInstArea:   2499.740 um^2
[INFO GPL-0058] NewTotalFillerArea:    1328.535 um^2
[INFO GPL-0059] NewTotalGCellsArea:    3828.275 um^2
[INFO GPL-0089] Routability: revert back to snapshot
[NesterovSolve] Iter:  360 overflow: 0.601 HPWL: 64202975
[NesterovSolve] Iter:  370 overflow: 0.543 HPWL: 68159505
[NesterovSolve] Iter:  380 overflow: 0.511 HPWL: 69050924
[NesterovSolve] Iter:  390 overflow: 0.462 HPWL: 70565893
[NesterovSolve] Iter:  400 overflow: 0.410 HPWL: 72083076
[NesterovSolve] Iter:  410 overflow: 0.361 HPWL: 73568039
[NesterovSolve] Iter:  420 overflow: 0.324 HPWL: 74887832
[INFO GPL-0075] Routability iteration: 2
[INFO GPL-0036] TileBBox: (    0    0 ) (  540  540 ) DBU
[INFO GPL-0038] TileCnt:     191   99
[INFO GPL-0040] NumTiles: 18909
[INFO GPL-0081] TotalRouteOverflow: 69.8883
[INFO GPL-0082] OverflowTileCnt: 1082
[INFO GPL-0083] 0.5%RC: 1.1924
[INFO GPL-0084] 1.0%RC: 1.1584
[INFO GPL-0085] 2.0%RC: 1.1238
[INFO GPL-0086] 5.0%RC: 1.0731
[INFO GPL-0087] FinalRC: 1.1753817
[INFO GPL-0078] FinalRC lower than minRC (1.2432), min RC updated.
[INFO GPL-0045] InflatedAreaDelta:      106.241 um^2 (+4.25%)
[INFO GPL-0046] TargetDensity:            0.784
[INFO GPL-0049] WhiteSpaceArea:        4882.623 um^2
[INFO GPL-0050] NesterovInstsArea:     2499.740 um^2
[INFO GPL-0051] TotalFillerArea:       1328.535 um^2
[INFO GPL-0052] TotalGCellsArea:       3828.275 um^2
[INFO GPL-0053] ExpectedGCellsArea:    3934.516 um^2
[INFO GPL-0054] NewTargetDensity:         0.806
[INFO GPL-0055] NewWhiteSpaceArea:     4882.623 um^2
[INFO GPL-0056] MovableArea:           3934.516 um^2
[INFO GPL-0057] NewNesterovInstArea:   2605.982 um^2
[INFO GPL-0058] NewTotalFillerArea:    1328.535 um^2
[INFO GPL-0059] NewTotalGCellsArea:    3934.516 um^2
[INFO GPL-0089] Routability: revert back to snapshot
[NesterovSolve] Iter:  430 overflow: 0.596 HPWL: 65558311
[NesterovSolve] Iter:  440 overflow: 0.536 HPWL: 69934278
[NesterovSolve] Iter:  450 overflow: 0.503 HPWL: 70797165
[NesterovSolve] Iter:  460 overflow: 0.453 HPWL: 72273714
[NesterovSolve] Iter:  470 overflow: 0.403 HPWL: 73705771
[NesterovSolve] Iter:  480 overflow: 0.356 HPWL: 75571761
[NesterovSolve] Iter:  490 overflow: 0.318 HPWL: 76576488
[INFO GPL-0075] Routability iteration: 3
[INFO GPL-0036] TileBBox: (    0    0 ) (  540  540 ) DBU
[INFO GPL-0038] TileCnt:     191   99
[INFO GPL-0040] NumTiles: 18909
[INFO GPL-0081] TotalRouteOverflow: 59.8879
[INFO GPL-0082] OverflowTileCnt: 1042
[INFO GPL-0083] 0.5%RC: 1.1636
[INFO GPL-0084] 1.0%RC: 1.1355
[INFO GPL-0085] 2.0%RC: 1.1059
[INFO GPL-0086] 5.0%RC: 1.0629
[INFO GPL-0087] FinalRC: 1.1495597
[INFO GPL-0078] FinalRC lower than minRC (1.1754), min RC updated.
[INFO GPL-0045] InflatedAreaDelta:       92.210 um^2 (+3.54%)
[INFO GPL-0046] TargetDensity:            0.806
[INFO GPL-0049] WhiteSpaceArea:        4882.623 um^2
[INFO GPL-0050] NesterovInstsArea:     2605.982 um^2
[INFO GPL-0051] TotalFillerArea:       1328.535 um^2
[INFO GPL-0052] TotalGCellsArea:       3934.516 um^2
[INFO GPL-0053] ExpectedGCellsArea:    4026.726 um^2
[INFO GPL-0054] NewTargetDensity:         0.825
[INFO GPL-0055] NewWhiteSpaceArea:     4882.623 um^2
[INFO GPL-0056] MovableArea:           4026.726 um^2
[INFO GPL-0057] NewNesterovInstArea:   2698.191 um^2
[INFO GPL-0058] NewTotalFillerArea:    1328.535 um^2
[INFO GPL-0059] NewTotalGCellsArea:    4026.726 um^2
[INFO GPL-0089] Routability: revert back to snapshot
[NesterovSolve] Iter:  500 overflow: 0.573 HPWL: 69188979
[NesterovSolve] Iter:  510 overflow: 0.530 HPWL: 71280097
[NesterovSolve] Iter:  520 overflow: 0.492 HPWL: 72568024
[NesterovSolve] Iter:  530 overflow: 0.440 HPWL: 73801527
[NesterovSolve] Iter:  540 overflow: 0.391 HPWL: 75357515
[NesterovSolve] Iter:  550 overflow: 0.345 HPWL: 77185377
[NesterovSolve] Iter:  560 overflow: 0.306 HPWL: 77848402
[INFO GPL-0075] Routability iteration: 4
[INFO GPL-0036] TileBBox: (    0    0 ) (  540  540 ) DBU
[INFO GPL-0038] TileCnt:     191   99
[INFO GPL-0040] NumTiles: 18909
[INFO GPL-0081] TotalRouteOverflow: 43.5867
[INFO GPL-0082] OverflowTileCnt: 870
[INFO GPL-0083] 0.5%RC: 1.1412
[INFO GPL-0084] 1.0%RC: 1.1152
[INFO GPL-0085] 2.0%RC: 1.0876
[INFO GPL-0086] 5.0%RC: 1.0459
[INFO GPL-0087] FinalRC: 1.1281993
[INFO GPL-0078] FinalRC lower than minRC (1.1496), min RC updated.
[INFO GPL-0045] InflatedAreaDelta:       71.853 um^2 (+2.66%)
[INFO GPL-0046] TargetDensity:            0.825
[INFO GPL-0049] WhiteSpaceArea:        4882.623 um^2
[INFO GPL-0050] NesterovInstsArea:     2698.191 um^2
[INFO GPL-0051] TotalFillerArea:       1328.535 um^2
[INFO GPL-0052] TotalGCellsArea:       4026.726 um^2
[INFO GPL-0053] ExpectedGCellsArea:    4098.579 um^2
[INFO GPL-0054] NewTargetDensity:         0.839
[INFO GPL-0055] NewWhiteSpaceArea:     4882.623 um^2
[INFO GPL-0056] MovableArea:           4098.579 um^2
[INFO GPL-0057] NewNesterovInstArea:   2770.044 um^2
[INFO GPL-0058] NewTotalFillerArea:    1328.535 um^2
[INFO GPL-0059] NewTotalGCellsArea:    4098.579 um^2
[INFO GPL-0089] Routability: revert back to snapshot
[NesterovSolve] Iter:  570 overflow: 0.546 HPWL: 72010979
[NesterovSolve] Iter:  580 overflow: 0.523 HPWL: 72247479
[NesterovSolve] Iter:  590 overflow: 0.474 HPWL: 73933641
[NesterovSolve] Iter:  600 overflow: 0.424 HPWL: 74930520
[NesterovSolve] Iter:  610 overflow: 0.376 HPWL: 77049068
[NesterovSolve] Iter:  620 overflow: 0.335 HPWL: 78483048
[INFO GPL-0075] Routability iteration: 5
[INFO GPL-0036] TileBBox: (    0    0 ) (  540  540 ) DBU
[INFO GPL-0038] TileCnt:     191   99
[INFO GPL-0040] NumTiles: 18909
[INFO GPL-0081] TotalRouteOverflow: 40.5126
[INFO GPL-0082] OverflowTileCnt: 877
[INFO GPL-0083] 0.5%RC: 1.1299
[INFO GPL-0084] 1.0%RC: 1.1070
[INFO GPL-0085] 2.0%RC: 1.0813
[INFO GPL-0086] 5.0%RC: 1.0426
[INFO GPL-0087] FinalRC: 1.1184644
[INFO GPL-0078] FinalRC lower than minRC (1.1282), min RC updated.
[INFO GPL-0045] InflatedAreaDelta:       67.831 um^2 (+2.45%)
[INFO GPL-0046] TargetDensity:            0.839
[INFO GPL-0049] WhiteSpaceArea:        4882.623 um^2
[INFO GPL-0050] NesterovInstsArea:     2770.044 um^2
[INFO GPL-0051] TotalFillerArea:       1328.535 um^2
[INFO GPL-0052] TotalGCellsArea:       4098.579 um^2
[INFO GPL-0053] ExpectedGCellsArea:    4166.410 um^2
[INFO GPL-0054] NewTargetDensity:         0.853
[INFO GPL-0055] NewWhiteSpaceArea:     4882.623 um^2
[INFO GPL-0056] MovableArea:           4166.410 um^2
[INFO GPL-0057] NewNesterovInstArea:   2837.875 um^2
[INFO GPL-0058] NewTotalFillerArea:    1328.535 um^2
[INFO GPL-0059] NewTotalGCellsArea:    4166.410 um^2
[INFO GPL-0089] Routability: revert back to snapshot
[NesterovSolve] Iter:  630 overflow: 0.629 HPWL: 63578619
[NesterovSolve] Iter:  640 overflow: 0.529 HPWL: 73406810
[NesterovSolve] Iter:  650 overflow: 0.509 HPWL: 73881776
[NesterovSolve] Iter:  660 overflow: 0.457 HPWL: 75048306
[NesterovSolve] Iter:  670 overflow: 0.407 HPWL: 76233732
[NesterovSolve] Iter:  680 overflow: 0.358 HPWL: 78510489
[NesterovSolve] Iter:  690 overflow: 0.320 HPWL: 79319016
[INFO GPL-0075] Routability iteration: 6
[INFO GPL-0036] TileBBox: (    0    0 ) (  540  540 ) DBU
[INFO GPL-0038] TileCnt:     191   99
[INFO GPL-0040] NumTiles: 18909
[INFO GPL-0081] TotalRouteOverflow: 31.9505
[INFO GPL-0082] OverflowTileCnt: 719
[INFO GPL-0083] 0.5%RC: 1.1210
[INFO GPL-0084] 1.0%RC: 1.0975
[INFO GPL-0085] 2.0%RC: 1.0715
[INFO GPL-0086] 5.0%RC: 1.0319
[INFO GPL-0087] FinalRC: 1.1092515
[INFO GPL-0078] FinalRC lower than minRC (1.1185), min RC updated.
[INFO GPL-0045] InflatedAreaDelta:       52.538 um^2 (+1.85%)
[INFO GPL-0046] TargetDensity:            0.853
[INFO GPL-0049] WhiteSpaceArea:        4882.623 um^2
[INFO GPL-0050] NesterovInstsArea:     2837.875 um^2
[INFO GPL-0051] TotalFillerArea:       1328.535 um^2
[INFO GPL-0052] TotalGCellsArea:       4166.410 um^2
[INFO GPL-0053] ExpectedGCellsArea:    4218.948 um^2
[INFO GPL-0054] NewTargetDensity:         0.864
[INFO GPL-0055] NewWhiteSpaceArea:     4882.623 um^2
[INFO GPL-0056] MovableArea:           4218.948 um^2
[INFO GPL-0057] NewNesterovInstArea:   2890.413 um^2
[INFO GPL-0058] NewTotalFillerArea:    1328.535 um^2
[INFO GPL-0059] NewTotalGCellsArea:    4218.948 um^2
[INFO GPL-0089] Routability: revert back to snapshot
[NesterovSolve] Iter:  700 overflow: 0.567 HPWL: 72070981
[NesterovSolve] Iter:  710 overflow: 0.526 HPWL: 73910308
[NesterovSolve] Iter:  720 overflow: 0.487 HPWL: 75356036
[NesterovSolve] Iter:  730 overflow: 0.435 HPWL: 75965355
[NesterovSolve] Iter:  740 overflow: 0.386 HPWL: 77871057
[NesterovSolve] Iter:  750 overflow: 0.343 HPWL: 79703918
[NesterovSolve] Iter:  760 overflow: 0.303 HPWL: 79975068
[INFO GPL-0075] Routability iteration: 7
[INFO GPL-0036] TileBBox: (    0    0 ) (  540  540 ) DBU
[INFO GPL-0038] TileCnt:     191   99
[INFO GPL-0040] NumTiles: 18909
[INFO GPL-0081] TotalRouteOverflow: 31.8812
[INFO GPL-0082] OverflowTileCnt: 755
[INFO GPL-0083] 0.5%RC: 1.1147
[INFO GPL-0084] 1.0%RC: 1.0933
[INFO GPL-0085] 2.0%RC: 1.0693
[INFO GPL-0086] 5.0%RC: 1.0323
[INFO GPL-0087] FinalRC: 1.1039821
[INFO GPL-0078] FinalRC lower than minRC (1.1093), min RC updated.
[INFO GPL-0045] InflatedAreaDelta:       52.114 um^2 (+1.80%)
[INFO GPL-0046] TargetDensity:            0.864
[INFO GPL-0049] WhiteSpaceArea:        4882.623 um^2
[INFO GPL-0050] NesterovInstsArea:     2890.413 um^2
[INFO GPL-0051] TotalFillerArea:       1328.535 um^2
[INFO GPL-0052] TotalGCellsArea:       4218.948 um^2
[INFO GPL-0053] ExpectedGCellsArea:    4271.062 um^2
[INFO GPL-0054] NewTargetDensity:         0.875
[INFO GPL-0055] NewWhiteSpaceArea:     4882.623 um^2
[INFO GPL-0056] MovableArea:           4271.062 um^2
[INFO GPL-0057] NewNesterovInstArea:   2942.527 um^2
[INFO GPL-0058] NewTotalFillerArea:    1328.535 um^2
[INFO GPL-0059] NewTotalGCellsArea:    4271.062 um^2
[INFO GPL-0089] Routability: revert back to snapshot
[NesterovSolve] Iter:  770 overflow: 0.529 HPWL: 75172936
[NesterovSolve] Iter:  780 overflow: 0.517 HPWL: 74869044
[NesterovSolve] Iter:  790 overflow: 0.465 HPWL: 76126643
[NesterovSolve] Iter:  800 overflow: 0.412 HPWL: 76912499
[NesterovSolve] Iter:  810 overflow: 0.365 HPWL: 79495185
[NesterovSolve] Iter:  820 overflow: 0.325 HPWL: 80483610
[INFO GPL-0075] Routability iteration: 8
[INFO GPL-0036] TileBBox: (    0    0 ) (  540  540 ) DBU
[INFO GPL-0038] TileCnt:     191   99
[INFO GPL-0040] NumTiles: 18909
[INFO GPL-0081] TotalRouteOverflow: 33.6770
[INFO GPL-0082] OverflowTileCnt: 776
[INFO GPL-0083] 0.5%RC: 1.1210
[INFO GPL-0084] 1.0%RC: 1.0976
[INFO GPL-0085] 2.0%RC: 1.0726
[INFO GPL-0086] 5.0%RC: 1.0347
[INFO GPL-0087] FinalRC: 1.1092924
[INFO GPL-0079] MinRC (1.1039821) violation occurred, total count: 1.
[INFO GPL-0045] InflatedAreaDelta:       54.883 um^2 (+1.87%)
[INFO GPL-0046] TargetDensity:            0.875
[INFO GPL-0049] WhiteSpaceArea:        4882.623 um^2
[INFO GPL-0050] NesterovInstsArea:     2942.527 um^2
[INFO GPL-0051] TotalFillerArea:       1328.535 um^2
[INFO GPL-0052] TotalGCellsArea:       4271.062 um^2
[INFO GPL-0053] ExpectedGCellsArea:    4325.945 um^2
[INFO GPL-0054] NewTargetDensity:         0.886
[INFO GPL-0055] NewWhiteSpaceArea:     4882.623 um^2
[INFO GPL-0056] MovableArea:           4325.945 um^2
[INFO GPL-0057] NewNesterovInstArea:   2997.409 um^2
[INFO GPL-0058] NewTotalFillerArea:    1328.535 um^2
[INFO GPL-0059] NewTotalGCellsArea:    4325.945 um^2
[INFO GPL-0089] Routability: revert back to snapshot
[NesterovSolve] Iter:  830 overflow: 0.605 HPWL: 68102941
[NesterovSolve] Iter:  840 overflow: 0.520 HPWL: 75524010
[NesterovSolve] Iter:  850 overflow: 0.495 HPWL: 76698763
[NesterovSolve] Iter:  860 overflow: 0.442 HPWL: 77008288
[NesterovSolve] Iter:  870 overflow: 0.393 HPWL: 78835618
[NesterovSolve] Iter:  880 overflow: 0.350 HPWL: 80979041
[NesterovSolve] Iter:  890 overflow: 0.308 HPWL: 81207184
[INFO GPL-0075] Routability iteration: 9
[INFO GPL-0036] TileBBox: (    0    0 ) (  540  540 ) DBU
[INFO GPL-0038] TileCnt:     191   99
[INFO GPL-0040] NumTiles: 18909
[INFO GPL-0081] TotalRouteOverflow: 31.2950
[INFO GPL-0082] OverflowTileCnt: 743
[INFO GPL-0083] 0.5%RC: 1.1190
[INFO GPL-0084] 1.0%RC: 1.0955
[INFO GPL-0085] 2.0%RC: 1.0691
[INFO GPL-0086] 5.0%RC: 1.0316
[INFO GPL-0087] FinalRC: 1.1072465
[INFO GPL-0079] MinRC (1.1039821) violation occurred, total count: 2.
[INFO GPL-0045] InflatedAreaDelta:       51.315 um^2 (+1.71%)
[INFO GPL-0046] TargetDensity:            0.886
[INFO GPL-0049] WhiteSpaceArea:        4882.623 um^2
[INFO GPL-0050] NesterovInstsArea:     2997.409 um^2
[INFO GPL-0051] TotalFillerArea:       1328.535 um^2
[INFO GPL-0052] TotalGCellsArea:       4325.945 um^2
[INFO GPL-0053] ExpectedGCellsArea:    4377.260 um^2
[INFO GPL-0054] NewTargetDensity:         0.896
[INFO GPL-0055] NewWhiteSpaceArea:     4882.623 um^2
[INFO GPL-0056] MovableArea:           4377.260 um^2
[INFO GPL-0057] NewNesterovInstArea:   3048.724 um^2
[INFO GPL-0058] NewTotalFillerArea:    1328.536 um^2
[INFO GPL-0059] NewTotalGCellsArea:    4377.260 um^2
[INFO GPL-0089] Routability: revert back to snapshot
[NesterovSolve] Iter:  900 overflow: 0.529 HPWL: 76879440
[NesterovSolve] Iter:  910 overflow: 0.518 HPWL: 76234612
[NesterovSolve] Iter:  920 overflow: 0.469 HPWL: 77370027
[NesterovSolve] Iter:  930 overflow: 0.419 HPWL: 77991493
[NesterovSolve] Iter:  940 overflow: 0.368 HPWL: 80757555
[NesterovSolve] Iter:  950 overflow: 0.329 HPWL: 81669660
[INFO GPL-0075] Routability iteration: 10
[INFO GPL-0036] TileBBox: (    0    0 ) (  540  540 ) DBU
[INFO GPL-0038] TileCnt:     191   99
[INFO GPL-0040] NumTiles: 18909
[INFO GPL-0081] TotalRouteOverflow: 28.6552
[INFO GPL-0082] OverflowTileCnt: 669
[INFO GPL-0083] 0.5%RC: 1.1124
[INFO GPL-0084] 1.0%RC: 1.0910
[INFO GPL-0085] 2.0%RC: 1.0662
[INFO GPL-0086] 5.0%RC: 1.0276
[INFO GPL-0087] FinalRC: 1.1016763
[INFO GPL-0078] FinalRC lower than minRC (1.1040), min RC updated.
[INFO GPL-0045] InflatedAreaDelta:       47.027 um^2 (+1.54%)
[INFO GPL-0046] TargetDensity:            0.896
[INFO GPL-0049] WhiteSpaceArea:        4882.623 um^2
[INFO GPL-0050] NesterovInstsArea:     3048.724 um^2
[INFO GPL-0051] TotalFillerArea:       1328.536 um^2
[INFO GPL-0052] TotalGCellsArea:       4377.260 um^2
[INFO GPL-0053] ExpectedGCellsArea:    4424.287 um^2
[INFO GPL-0054] NewTargetDensity:         0.906
[INFO GPL-0055] NewWhiteSpaceArea:     4882.623 um^2
[INFO GPL-0056] MovableArea:           4424.287 um^2
[INFO GPL-0057] NewNesterovInstArea:   3095.751 um^2
[INFO GPL-0058] NewTotalFillerArea:    1328.536 um^2
[INFO GPL-0059] NewTotalGCellsArea:    4424.287 um^2
[INFO GPL-0089] Routability: revert back to snapshot
[NesterovSolve] Iter:  960 overflow: 0.606 HPWL: 68866997
[NesterovSolve] Iter:  970 overflow: 0.518 HPWL: 77007356
[NesterovSolve] Iter:  980 overflow: 0.490 HPWL: 78148054
[NesterovSolve] Iter:  990 overflow: 0.440 HPWL: 78066125
[NesterovSolve] Iter: 1000 overflow: 0.390 HPWL: 80291846
[NesterovSolve] Iter: 1010 overflow: 0.346 HPWL: 82149460
[NesterovSolve] Iter: 1020 overflow: 0.308 HPWL: 82038317
[INFO GPL-0075] Routability iteration: 11
[INFO GPL-0036] TileBBox: (    0    0 ) (  540  540 ) DBU
[INFO GPL-0038] TileCnt:     191   99
[INFO GPL-0040] NumTiles: 18909
[INFO GPL-0081] TotalRouteOverflow: 24.5978
[INFO GPL-0082] OverflowTileCnt: 583
[INFO GPL-0083] 0.5%RC: 1.1100
[INFO GPL-0084] 1.0%RC: 1.0866
[INFO GPL-0085] 2.0%RC: 1.0602
[INFO GPL-0086] 5.0%RC: 1.0214
[INFO GPL-0087] FinalRC: 1.0982945
[INFO GPL-0078] FinalRC lower than minRC (1.1017), min RC updated.
[INFO GPL-0045] InflatedAreaDelta:       38.164 um^2 (+1.23%)
[INFO GPL-0046] TargetDensity:            0.906
[INFO GPL-0049] WhiteSpaceArea:        4882.623 um^2
[INFO GPL-0050] NesterovInstsArea:     3095.751 um^2
[INFO GPL-0051] TotalFillerArea:       1328.536 um^2
[INFO GPL-0052] TotalGCellsArea:       4424.287 um^2
[INFO GPL-0053] ExpectedGCellsArea:    4462.451 um^2
[INFO GPL-0054] NewTargetDensity:         0.914
[INFO GPL-0055] NewWhiteSpaceArea:     4882.623 um^2
[INFO GPL-0056] MovableArea:           4462.451 um^2
[INFO GPL-0057] NewNesterovInstArea:   3133.915 um^2
[INFO GPL-0058] NewTotalFillerArea:    1328.536 um^2
[INFO GPL-0059] NewTotalGCellsArea:    4462.451 um^2
[INFO GPL-0089] Routability: revert back to snapshot
[NesterovSolve] Iter: 1030 overflow: 0.529 HPWL: 78368929
[NesterovSolve] Iter: 1040 overflow: 0.519 HPWL: 77388033
[NesterovSolve] Iter: 1050 overflow: 0.470 HPWL: 78463637
[NesterovSolve] Iter: 1060 overflow: 0.421 HPWL: 78705396
[NesterovSolve] Iter: 1070 overflow: 0.368 HPWL: 81955094
[NesterovSolve] Iter: 1080 overflow: 0.329 HPWL: 82617927
[INFO GPL-0075] Routability iteration: 12
[INFO GPL-0036] TileBBox: (    0    0 ) (  540  540 ) DBU
[INFO GPL-0038] TileCnt:     191   99
[INFO GPL-0040] NumTiles: 18909
[INFO GPL-0081] TotalRouteOverflow: 23.6601
[INFO GPL-0082] OverflowTileCnt: 605
[INFO GPL-0083] 0.5%RC: 1.0996
[INFO GPL-0084] 1.0%RC: 1.0797
[INFO GPL-0085] 2.0%RC: 1.0567
[INFO GPL-0086] 5.0%RC: 1.0207
[INFO GPL-0087] FinalRC: 1.0896573
[INFO GPL-0078] FinalRC lower than minRC (1.0983), min RC updated.
[INFO GPL-0045] InflatedAreaDelta:       35.949 um^2 (+1.15%)
[INFO GPL-0046] TargetDensity:            0.914
[INFO GPL-0049] WhiteSpaceArea:        4882.623 um^2
[INFO GPL-0050] NesterovInstsArea:     3133.915 um^2
[INFO GPL-0051] TotalFillerArea:       1328.536 um^2
[INFO GPL-0052] TotalGCellsArea:       4462.451 um^2
[INFO GPL-0053] ExpectedGCellsArea:    4498.399 um^2
[INFO GPL-0054] NewTargetDensity:         0.921
[INFO GPL-0055] NewWhiteSpaceArea:     4882.623 um^2
[INFO GPL-0056] MovableArea:           4498.399 um^2
[INFO GPL-0057] NewNesterovInstArea:   3169.864 um^2
[INFO GPL-0058] NewTotalFillerArea:    1328.536 um^2
[INFO GPL-0059] NewTotalGCellsArea:    4498.399 um^2
[INFO GPL-0089] Routability: revert back to snapshot
[NesterovSolve] Iter: 1090 overflow: 0.634 HPWL: 65265485
[NesterovSolve] Iter: 1100 overflow: 0.515 HPWL: 78505706
[NesterovSolve] Iter: 1110 overflow: 0.494 HPWL: 79345249
[NesterovSolve] Iter: 1120 overflow: 0.445 HPWL: 79203288
[NesterovSolve] Iter: 1130 overflow: 0.395 HPWL: 81198037
[NesterovSolve] Iter: 1140 overflow: 0.345 HPWL: 83155232
[NesterovSolve] Iter: 1150 overflow: 0.311 HPWL: 82956115
[INFO GPL-0075] Routability iteration: 13
[INFO GPL-0036] TileBBox: (    0    0 ) (  540  540 ) DBU
[INFO GPL-0038] TileCnt:     191   99
[INFO GPL-0040] NumTiles: 18909
[INFO GPL-0081] TotalRouteOverflow: 23.2927
[INFO GPL-0082] OverflowTileCnt: 593
[INFO GPL-0083] 0.5%RC: 1.1001
[INFO GPL-0084] 1.0%RC: 1.0784
[INFO GPL-0085] 2.0%RC: 1.0556
[INFO GPL-0086] 5.0%RC: 1.0204
[INFO GPL-0087] FinalRC: 1.0892675
[INFO GPL-0079] MinRC (1.0896573) violation occurred, total count: 1.
[INFO GPL-0045] InflatedAreaDelta:       38.520 um^2 (+1.22%)
[INFO GPL-0046] TargetDensity:            0.921
[INFO GPL-0049] WhiteSpaceArea:        4882.623 um^2
[INFO GPL-0050] NesterovInstsArea:     3169.864 um^2
[INFO GPL-0051] TotalFillerArea:       1328.536 um^2
[INFO GPL-0052] TotalGCellsArea:       4498.399 um^2
[INFO GPL-0053] ExpectedGCellsArea:    4536.919 um^2
[INFO GPL-0054] NewTargetDensity:         0.929
[INFO GPL-0055] NewWhiteSpaceArea:     4882.623 um^2
[INFO GPL-0056] MovableArea:           4536.920 um^2
[INFO GPL-0057] NewNesterovInstArea:   3208.384 um^2
[INFO GPL-0058] NewTotalFillerArea:    1328.536 um^2
[INFO GPL-0059] NewTotalGCellsArea:    4536.920 um^2
[INFO GPL-0089] Routability: revert back to snapshot
[NesterovSolve] Iter: 1160 overflow: 0.524 HPWL: 80006864
[NesterovSolve] Iter: 1170 overflow: 0.517 HPWL: 78712893
[NesterovSolve] Iter: 1180 overflow: 0.467 HPWL: 79745979
[NesterovSolve] Iter: 1190 overflow: 0.418 HPWL: 79702482
[NesterovSolve] Iter: 1200 overflow: 0.368 HPWL: 83046516
[NesterovSolve] Iter: 1210 overflow: 0.329 HPWL: 83401006
[INFO GPL-0075] Routability iteration: 14
[INFO GPL-0036] TileBBox: (    0    0 ) (  540  540 ) DBU
[INFO GPL-0038] TileCnt:     191   99
[INFO GPL-0040] NumTiles: 18909
[INFO GPL-0081] TotalRouteOverflow: 22.1725
[INFO GPL-0082] OverflowTileCnt: 568
[INFO GPL-0083] 0.5%RC: 1.0972
[INFO GPL-0084] 1.0%RC: 1.0764
[INFO GPL-0085] 2.0%RC: 1.0538
[INFO GPL-0086] 5.0%RC: 1.0177
[INFO GPL-0087] FinalRC: 1.0868052
[INFO GPL-0078] FinalRC lower than minRC (1.0897), min RC updated.
[INFO GPL-0045] InflatedAreaDelta:       40.222 um^2 (+1.25%)
[INFO GPL-0046] TargetDensity:            0.929
[INFO GPL-0049] WhiteSpaceArea:        4882.623 um^2
[INFO GPL-0050] NesterovInstsArea:     3208.384 um^2
[INFO GPL-0051] TotalFillerArea:       1328.536 um^2
[INFO GPL-0052] TotalGCellsArea:       4536.920 um^2
[INFO GPL-0053] ExpectedGCellsArea:    4577.142 um^2
[INFO GPL-0054] NewTargetDensity:         0.937
[INFO GPL-0055] NewWhiteSpaceArea:     4882.623 um^2
[INFO GPL-0056] MovableArea:           4577.142 um^2
[INFO GPL-0057] NewNesterovInstArea:   3248.606 um^2
[INFO GPL-0058] NewTotalFillerArea:    1328.536 um^2
[INFO GPL-0059] NewTotalGCellsArea:    4577.142 um^2
[INFO GPL-0089] Routability: revert back to snapshot
[NesterovSolve] Iter: 1220 overflow: 0.637 HPWL: 65385510
[NesterovSolve] Iter: 1230 overflow: 0.513 HPWL: 80578562
[NesterovSolve] Iter: 1240 overflow: 0.491 HPWL: 80688962
[NesterovSolve] Iter: 1250 overflow: 0.444 HPWL: 80103393
[NesterovSolve] Iter: 1260 overflow: 0.394 HPWL: 82363349
[NesterovSolve] Iter: 1270 overflow: 0.346 HPWL: 84094570
[NesterovSolve] Iter: 1280 overflow: 0.311 HPWL: 83723076
[INFO GPL-0075] Routability iteration: 15
[INFO GPL-0036] TileBBox: (    0    0 ) (  540  540 ) DBU
[INFO GPL-0038] TileCnt:     191   99
[INFO GPL-0040] NumTiles: 18909
[INFO GPL-0081] TotalRouteOverflow: 19.9595
[INFO GPL-0082] OverflowTileCnt: 527
[INFO GPL-0083] 0.5%RC: 1.0911
[INFO GPL-0084] 1.0%RC: 1.0725
[INFO GPL-0085] 2.0%RC: 1.0498
[INFO GPL-0086] 5.0%RC: 1.0147
[INFO GPL-0087] FinalRC: 1.0817698
[INFO GPL-0078] FinalRC lower than minRC (1.0868), min RC updated.
[INFO GPL-0045] InflatedAreaDelta:       35.187 um^2 (+1.08%)
[INFO GPL-0046] TargetDensity:            0.937
[INFO GPL-0049] WhiteSpaceArea:        4882.623 um^2
[INFO GPL-0050] NesterovInstsArea:     3248.606 um^2
[INFO GPL-0051] TotalFillerArea:       1328.536 um^2
[INFO GPL-0052] TotalGCellsArea:       4577.142 um^2
[INFO GPL-0053] ExpectedGCellsArea:    4612.329 um^2
[INFO GPL-0054] NewTargetDensity:         0.945
[INFO GPL-0055] NewWhiteSpaceArea:     4882.623 um^2
[INFO GPL-0056] MovableArea:           4612.329 um^2
[INFO GPL-0057] NewNesterovInstArea:   3283.793 um^2
[INFO GPL-0058] NewTotalFillerArea:    1328.536 um^2
[INFO GPL-0059] NewTotalGCellsArea:    4612.329 um^2
[INFO GPL-0089] Routability: revert back to snapshot
[NesterovSolve] Iter: 1290 overflow: 0.518 HPWL: 80877017
[NesterovSolve] Iter: 1300 overflow: 0.515 HPWL: 80001482
[NesterovSolve] Iter: 1310 overflow: 0.466 HPWL: 80780313
[NesterovSolve] Iter: 1320 overflow: 0.418 HPWL: 80677504
[NesterovSolve] Iter: 1330 overflow: 0.367 HPWL: 83930275
[NesterovSolve] Iter: 1340 overflow: 0.326 HPWL: 84205762
[INFO GPL-0075] Routability iteration: 16
[INFO GPL-0036] TileBBox: (    0    0 ) (  540  540 ) DBU
[INFO GPL-0038] TileCnt:     191   99
[INFO GPL-0040] NumTiles: 18909
[INFO GPL-0081] TotalRouteOverflow: 21.2526
[INFO GPL-0082] OverflowTileCnt: 561
[INFO GPL-0083] 0.5%RC: 1.0999
[INFO GPL-0084] 1.0%RC: 1.0781
[INFO GPL-0085] 2.0%RC: 1.0526
[INFO GPL-0086] 5.0%RC: 1.0170
[INFO GPL-0087] FinalRC: 1.0890079
[INFO GPL-0079] MinRC (1.0817698) violation occurred, total count: 1.
[INFO GPL-0045] InflatedAreaDelta:       36.951 um^2 (+1.13%)
[INFO GPL-0046] TargetDensity:            0.945
[INFO GPL-0049] WhiteSpaceArea:        4882.623 um^2
[INFO GPL-0050] NesterovInstsArea:     3283.793 um^2
[INFO GPL-0051] TotalFillerArea:       1328.536 um^2
[INFO GPL-0052] TotalGCellsArea:       4612.329 um^2
[INFO GPL-0053] ExpectedGCellsArea:    4649.280 um^2
[INFO GPL-0054] NewTargetDensity:         0.952
[INFO GPL-0055] NewWhiteSpaceArea:     4882.623 um^2
[INFO GPL-0056] MovableArea:           4649.280 um^2
[INFO GPL-0057] NewNesterovInstArea:   3320.744 um^2
[INFO GPL-0058] NewTotalFillerArea:    1328.536 um^2
[INFO GPL-0059] NewTotalGCellsArea:    4649.280 um^2
[INFO GPL-0089] Routability: revert back to snapshot
[NesterovSolve] Iter: 1350 overflow: 0.640 HPWL: 65484869
[NesterovSolve] Iter: 1360 overflow: 0.513 HPWL: 82060630
[NesterovSolve] Iter: 1370 overflow: 0.487 HPWL: 82097056
[NesterovSolve] Iter: 1380 overflow: 0.443 HPWL: 80337700
[NesterovSolve] Iter: 1390 overflow: 0.392 HPWL: 83392249
[NesterovSolve] Iter: 1400 overflow: 0.343 HPWL: 84759441
[NesterovSolve] Iter: 1410 overflow: 0.308 HPWL: 84182697
[INFO GPL-0075] Routability iteration: 17
[INFO GPL-0036] TileBBox: (    0    0 ) (  540  540 ) DBU
[INFO GPL-0038] TileCnt:     191   99
[INFO GPL-0040] NumTiles: 18909
[INFO GPL-0081] TotalRouteOverflow: 17.5697
[INFO GPL-0082] OverflowTileCnt: 495
[INFO GPL-0083] 0.5%RC: 1.0882
[INFO GPL-0084] 1.0%RC: 1.0683
[INFO GPL-0085] 2.0%RC: 1.0448
[INFO GPL-0086] 5.0%RC: 1.0107
[INFO GPL-0087] FinalRC: 1.078259
[INFO GPL-0078] FinalRC lower than minRC (1.0818), min RC updated.
[INFO GPL-0045] InflatedAreaDelta:       31.329 um^2 (+0.94%)
[INFO GPL-0046] TargetDensity:            0.952
[INFO GPL-0049] WhiteSpaceArea:        4882.623 um^2
[INFO GPL-0050] NesterovInstsArea:     3320.744 um^2
[INFO GPL-0051] TotalFillerArea:       1328.536 um^2
[INFO GPL-0052] TotalGCellsArea:       4649.280 um^2
[INFO GPL-0053] ExpectedGCellsArea:    4680.609 um^2
[INFO GPL-0054] NewTargetDensity:         0.959
[INFO GPL-0055] NewWhiteSpaceArea:     4882.623 um^2
[INFO GPL-0056] MovableArea:           4680.609 um^2
[INFO GPL-0057] NewNesterovInstArea:   3352.073 um^2
[INFO GPL-0058] NewTotalFillerArea:    1328.536 um^2
[INFO GPL-0059] NewTotalGCellsArea:    4680.609 um^2
[INFO GPL-0089] Routability: revert back to snapshot
[NesterovSolve] Iter: 1420 overflow: 0.510 HPWL: 82202558
[NesterovSolve] Iter: 1430 overflow: 0.512 HPWL: 81213699
[NesterovSolve] Iter: 1440 overflow: 0.465 HPWL: 81554821
[NesterovSolve] Iter: 1450 overflow: 0.418 HPWL: 81693962
[NesterovSolve] Iter: 1460 overflow: 0.362 HPWL: 84750670
[NesterovSolve] Iter: 1470 overflow: 0.326 HPWL: 84825962
[INFO GPL-0075] Routability iteration: 18
[INFO GPL-0036] TileBBox: (    0    0 ) (  540  540 ) DBU
[INFO GPL-0038] TileCnt:     191   99
[INFO GPL-0040] NumTiles: 18909
[INFO GPL-0081] TotalRouteOverflow: 18.4112
[INFO GPL-0082] OverflowTileCnt: 484
[INFO GPL-0083] 0.5%RC: 1.0921
[INFO GPL-0084] 1.0%RC: 1.0718
[INFO GPL-0085] 2.0%RC: 1.0472
[INFO GPL-0086] 5.0%RC: 1.0116
[INFO GPL-0087] FinalRC: 1.0819445
[INFO GPL-0079] MinRC (1.078259) violation occurred, total count: 1.
[INFO GPL-0045] InflatedAreaDelta:       34.795 um^2 (+1.04%)
[INFO GPL-0046] TargetDensity:            0.959
[INFO GPL-0049] WhiteSpaceArea:        4882.623 um^2
[INFO GPL-0050] NesterovInstsArea:     3352.073 um^2
[INFO GPL-0051] TotalFillerArea:       1328.536 um^2
[INFO GPL-0052] TotalGCellsArea:       4680.609 um^2
[INFO GPL-0053] ExpectedGCellsArea:    4715.404 um^2
[INFO GPL-0054] NewTargetDensity:         0.966
[INFO GPL-0055] NewWhiteSpaceArea:     4882.623 um^2
[INFO GPL-0056] MovableArea:           4715.404 um^2
[INFO GPL-0057] NewNesterovInstArea:   3386.868 um^2
[INFO GPL-0058] NewTotalFillerArea:    1328.536 um^2
[INFO GPL-0059] NewTotalGCellsArea:    4715.404 um^2
[INFO GPL-0089] Routability: revert back to snapshot
[NesterovSolve] Iter: 1480 overflow: 0.604 HPWL: 71471628
[NesterovSolve] Iter: 1490 overflow: 0.512 HPWL: 82807345
[NesterovSolve] Iter: 1500 overflow: 0.480 HPWL: 83234344
[NesterovSolve] Iter: 1510 overflow: 0.435 HPWL: 81328544
[NesterovSolve] Iter: 1520 overflow: 0.384 HPWL: 84565708
[NesterovSolve] Iter: 1530 overflow: 0.336 HPWL: 85426962
[NesterovSolve] Iter: 1540 overflow: 0.298 HPWL: 84918476
[INFO GPL-0075] Routability iteration: 19
[INFO GPL-0036] TileBBox: (    0    0 ) (  540  540 ) DBU
[INFO GPL-0038] TileCnt:     191   99
[INFO GPL-0040] NumTiles: 18909
[INFO GPL-0081] TotalRouteOverflow: 16.8760
[INFO GPL-0082] OverflowTileCnt: 464
[INFO GPL-0083] 0.5%RC: 1.0861
[INFO GPL-0084] 1.0%RC: 1.0661
[INFO GPL-0085] 2.0%RC: 1.0436
[INFO GPL-0086] 5.0%RC: 1.0083
[INFO GPL-0087] FinalRC: 1.0760852
[INFO GPL-0078] FinalRC lower than minRC (1.0783), min RC updated.
[INFO GPL-0045] InflatedAreaDelta:       32.351 um^2 (+0.96%)
[INFO GPL-0046] TargetDensity:            0.966
[INFO GPL-0049] WhiteSpaceArea:        4882.623 um^2
[INFO GPL-0050] NesterovInstsArea:     3386.868 um^2
[INFO GPL-0051] TotalFillerArea:       1328.536 um^2
[INFO GPL-0052] TotalGCellsArea:       4715.404 um^2
[INFO GPL-0053] ExpectedGCellsArea:    4747.755 um^2
[INFO GPL-0054] NewTargetDensity:         0.972
[INFO GPL-0055] NewWhiteSpaceArea:     4882.623 um^2
[INFO GPL-0056] MovableArea:           4747.756 um^2
[INFO GPL-0057] NewNesterovInstArea:   3419.219 um^2
[INFO GPL-0058] NewTotalFillerArea:    1328.536 um^2
[INFO GPL-0059] NewTotalGCellsArea:    4747.756 um^2
[INFO GPL-0089] Routability: revert back to snapshot
[NesterovSolve] Iter: 1550 overflow: 0.498 HPWL: 84084167
[NesterovSolve] Iter: 1560 overflow: 0.494 HPWL: 83755248
[NesterovSolve] Iter: 1570 overflow: 0.449 HPWL: 81783560
[NesterovSolve] Iter: 1580 overflow: 0.397 HPWL: 84073756
[NesterovSolve] Iter: 1590 overflow: 0.348 HPWL: 85625717
[NesterovSolve] Iter: 1600 overflow: 0.311 HPWL: 85251087
[INFO GPL-0075] Routability iteration: 20
[INFO GPL-0036] TileBBox: (    0    0 ) (  540  540 ) DBU
[INFO GPL-0038] TileCnt:     191   99
[INFO GPL-0040] NumTiles: 18909
[INFO GPL-0081] TotalRouteOverflow: 18.6540
[INFO GPL-0082] OverflowTileCnt: 507
[INFO GPL-0083] 0.5%RC: 1.0893
[INFO GPL-0084] 1.0%RC: 1.0699
[INFO GPL-0085] 2.0%RC: 1.0473
[INFO GPL-0086] 5.0%RC: 1.0116
[INFO GPL-0087] FinalRC: 1.079596
[INFO GPL-0079] MinRC (1.0760852) violation occurred, total count: 1.
[INFO GPL-0045] InflatedAreaDelta:       35.636 um^2 (+1.04%)
[INFO GPL-0046] TargetDensity:            0.972
[INFO GPL-0049] WhiteSpaceArea:        4882.623 um^2
[INFO GPL-0050] NesterovInstsArea:     3419.219 um^2
[INFO GPL-0051] TotalFillerArea:       1328.536 um^2
[INFO GPL-0052] TotalGCellsArea:       4747.756 um^2
[INFO GPL-0053] ExpectedGCellsArea:    4783.392 um^2
[INFO GPL-0054] NewTargetDensity:         0.980
[INFO GPL-0055] NewWhiteSpaceArea:     4882.623 um^2
[INFO GPL-0056] MovableArea:           4783.392 um^2
[INFO GPL-0057] NewNesterovInstArea:   3454.856 um^2
[INFO GPL-0058] NewTotalFillerArea:    1328.536 um^2
[INFO GPL-0059] NewTotalGCellsArea:    4783.392 um^2
[INFO GPL-0089] Routability: revert back to snapshot
[NesterovSolve] Iter: 1610 overflow: 0.515 HPWL: 82889221
[NesterovSolve] Iter: 1620 overflow: 0.513 HPWL: 82583139
[NesterovSolve] Iter: 1630 overflow: 0.464 HPWL: 83013402
[NesterovSolve] Iter: 1640 overflow: 0.419 HPWL: 82489203
[NesterovSolve] Iter: 1650 overflow: 0.365 HPWL: 85590248
[NesterovSolve] Iter: 1660 overflow: 0.325 HPWL: 85531378
[INFO GPL-0075] Routability iteration: 21
[INFO GPL-0036] TileBBox: (    0    0 ) (  540  540 ) DBU
[INFO GPL-0038] TileCnt:     191   99
[INFO GPL-0040] NumTiles: 18909
[INFO GPL-0081] TotalRouteOverflow: 18.5193
[INFO GPL-0082] OverflowTileCnt: 475
[INFO GPL-0083] 0.5%RC: 1.0979
[INFO GPL-0084] 1.0%RC: 1.0737
[INFO GPL-0085] 2.0%RC: 1.0476
[INFO GPL-0086] 5.0%RC: 1.0109
[INFO GPL-0087] FinalRC: 1.0858192
[INFO GPL-0079] MinRC (1.0760852) violation occurred, total count: 2.
[INFO GPL-0045] InflatedAreaDelta:       36.004 um^2 (+1.04%)
[INFO GPL-0046] TargetDensity:            0.980
[INFO GPL-0049] WhiteSpaceArea:        4882.623 um^2
[INFO GPL-0050] NesterovInstsArea:     3454.856 um^2
[INFO GPL-0051] TotalFillerArea:       1328.536 um^2
[INFO GPL-0052] TotalGCellsArea:       4783.392 um^2
[INFO GPL-0053] ExpectedGCellsArea:    4819.396 um^2
[INFO GPL-0054] NewTargetDensity:         0.987
[INFO GPL-0055] NewWhiteSpaceArea:     4882.623 um^2
[INFO GPL-0056] MovableArea:           4819.396 um^2
[INFO GPL-0057] NewNesterovInstArea:   3490.860 um^2
[INFO GPL-0058] NewTotalFillerArea:    1328.536 um^2
[INFO GPL-0059] NewTotalGCellsArea:    4819.396 um^2
[INFO GPL-0089] Routability: revert back to snapshot
[NesterovSolve] Iter: 1670 overflow: 0.645 HPWL: 65706003
[NesterovSolve] Iter: 1680 overflow: 0.506 HPWL: 84859920
[NesterovSolve] Iter: 1690 overflow: 0.478 HPWL: 85186226
[NesterovSolve] Iter: 1700 overflow: 0.436 HPWL: 82438645
[NesterovSolve] Iter: 1710 overflow: 0.385 HPWL: 85798216
[NesterovSolve] Iter: 1720 overflow: 0.340 HPWL: 86499421
[NesterovSolve] Iter: 1730 overflow: 0.302 HPWL: 85812508
[INFO GPL-0075] Routability iteration: 22
[INFO GPL-0036] TileBBox: (    0    0 ) (  540  540 ) DBU
[INFO GPL-0038] TileCnt:     191   99
[INFO GPL-0040] NumTiles: 18909
[INFO GPL-0081] TotalRouteOverflow: 18.6102
[INFO GPL-0082] OverflowTileCnt: 487
[INFO GPL-0083] 0.5%RC: 1.0933
[INFO GPL-0084] 1.0%RC: 1.0717
[INFO GPL-0085] 2.0%RC: 1.0474
[INFO GPL-0086] 5.0%RC: 1.0118
[INFO GPL-0087] FinalRC: 1.0824769
[INFO GPL-0079] MinRC (1.0760852) violation occurred, total count: 3.
[INFO GPL-0045] InflatedAreaDelta:       36.745 um^2 (+1.05%)
[INFO GPL-0046] TargetDensity:            0.987
Revert Routability Procedure. Target density higher than max, or minRC max violations.
[INFO GPL-0080] minRcViolatedCnt: 3
[INFO GPL-0047] SavedMinRC: 1.0761
[INFO GPL-0048] SavedTargetDensity: 0.9658
[INFO GPL-0089] Routability: revert back to snapshot
[NesterovSolve] Iter: 1740 overflow: 0.494 HPWL: 82192434
[NesterovSolve] Iter: 1750 overflow: 0.492 HPWL: 81594751
[NesterovSolve] Iter: 1760 overflow: 0.446 HPWL: 81052107
[NesterovSolve] Iter: 1770 overflow: 0.397 HPWL: 82262967
[NesterovSolve] Iter: 1780 overflow: 0.348 HPWL: 84908187
[NesterovSolve] Iter: 1790 overflow: 0.310 HPWL: 84724933
[INFO GPL-0100] Timing-driven iteration 3/5, virtual: false.
[INFO GPL-0101]    Iter: 1796, overflow: 0.284, keep rsz at: 0.3, HPWL: 84699212
Iteration |   Area    | Resized | Buffers | Nets repaired | Remaining
---------------------------------------------------------------------
        0 |     +0.0% |       0 |       0 |             0 |     19431
    final |     +6.1% |    3162 |      20 |             1 |         0
---------------------------------------------------------------------
[INFO RSZ-0034] Found 1 slew violations.
[INFO RSZ-0039] Resized 3162 instances.
[INFO RSZ-0038] Inserted 20 buffers in 1 nets.
[INFO GPL-0106] Timing-driven: worst slack -2.74e-10
[INFO GPL-0103] Timing-driven: weighted 1942 nets.
[INFO GPL-0107] Timing-driven: repair_design delta area: 13.983 um^2 (+0.40%)
[INFO GPL-0108] Timing-driven: repair_design, gpl cells created: 20 (+0.00%)
[INFO GPL-0109] Timing-driven: inserted buffers as reported by repair_design: 20
[INFO GPL-0110] Timing-driven: new target density: 0.9899143
[NesterovSolve] Iter: 1800 overflow: 0.274 HPWL: 82778243
[NesterovSolve] Iter: 1810 overflow: 0.237 HPWL: 82884683
[NesterovSolve] Iter: 1820 overflow: 0.205 HPWL: 83003784
[INFO GPL-0100] Timing-driven iteration 4/5, virtual: false.
[INFO GPL-0101]    Iter: 1821, overflow: 0.202, keep rsz at: 0.3, HPWL: 83064726
Iteration |   Area    | Resized | Buffers | Nets repaired | Remaining
---------------------------------------------------------------------
        0 |     +0.0% |       0 |       0 |             0 |     19431
    final |     +0.9% |     571 |       1 |             1 |         0
---------------------------------------------------------------------
[INFO RSZ-0034] Found 1 slew violations.
[INFO RSZ-0039] Resized 571 instances.
[INFO RSZ-0038] Inserted 1 buffers in 1 nets.
[INFO GPL-0106] Timing-driven: worst slack -2.31e-10
[INFO GPL-0103] Timing-driven: weighted 1942 nets.
[INFO GPL-0107] Timing-driven: repair_design delta area: 15.047 um^2 (+0.44%)
[INFO GPL-0108] Timing-driven: repair_design, gpl cells created: 1 (+0.00%)
[INFO GPL-0109] Timing-driven: inserted buffers as reported by repair_design: 1
[INFO GPL-0110] Timing-driven: new target density: 0.9929961
[NesterovSolve] Iter: 1830 overflow: 0.175 HPWL: 83257004
[NesterovSolve] Iter: 1840 overflow: 0.151 HPWL: 83312655
[INFO GPL-0100] Timing-driven iteration 5/5, virtual: false.
[INFO GPL-0101]    Iter: 1843, overflow: 0.143, keep rsz at: 0.3, HPWL: 83403235
Iteration |   Area    | Resized | Buffers | Nets repaired | Remaining
---------------------------------------------------------------------
        0 |     +0.0% |       0 |       0 |             0 |     19431
    final |     +0.1% |     254 |       0 |             0 |         0
---------------------------------------------------------------------
[INFO RSZ-0039] Resized 254 instances.
[INFO GPL-0106] Timing-driven: worst slack -2.21e-10
[INFO GPL-0103] Timing-driven: weighted 1942 nets.
[INFO GPL-0107] Timing-driven: repair_design delta area: 1.852 um^2 (+0.05%)
[INFO GPL-0108] Timing-driven: repair_design, gpl cells created: 0 (+0.00%)
[INFO GPL-0109] Timing-driven: inserted buffers as reported by repair_design: 0
[INFO GPL-0110] Timing-driven: new target density: 0.9933755
[NesterovSolve] Iter: 1850 overflow: 0.124 HPWL: 83378471
[NesterovSolve] Iter: 1860 overflow: 0.105 HPWL: 83435491
[NesterovSolve] Finished with Overflow: 0.098884
Took 101 seconds: global_placement -density 0.7479055470228195 -pad_left 0 -pad_right 0 -routability_driven -timing_driven
Report metrics stage 3, global place...

==========================================================================
global place report_design_area
--------------------------------------------------------------------------
Design area 2489 u^2 51% utilization.
Elapsed time: 1:55.71[h:]min:sec. CPU time: user 1091.22 sys 3.43 (946%). Peak memory: 760364KB.
