OpenROAD v2.0-19576-gec1bf1a13 
Features included (+) or not (-): +GPU +GUI +Python : None
This program is licensed under the BSD-3 license. See the LICENSE file for details.
Components of this program may be licensed under more restrictive licenses which must be honored.
[INFO ORD-0030] Using 16 thread(s).
[INFO GPL-0002] DBU: 2000
[INFO GPL-0003] SiteSize: (  0.190  1.400 ) um
[INFO GPL-0004] CoreBBox: (  1.140  1.400 ) ( 347.130 208.600 ) um
[INFO GPL-0006] NumInstances:             16541
[INFO GPL-0007] NumPlaceInstances:        16095
[INFO GPL-0008] NumFixedInstances:          446
[INFO GPL-0009] NumDummyInstances:            0
[INFO GPL-0010] NumNets:                  18758
[INFO GPL-0011] NumPins:                  60707
[INFO GPL-0012] DieBBox:  (  0.000  0.000 ) ( 348.150 209.690 ) um
[INFO GPL-0013] CoreBBox: (  1.140  1.400 ) ( 347.130 208.600 ) um
[INFO GPL-0016] CoreArea:             71689.128 um^2
[INFO GPL-0017] NonPlaceInstsArea:      118.636 um^2
[INFO GPL-0018] PlaceInstsArea:       28787.052 um^2
[INFO GPL-0019] Util:                    40.222 %
[INFO GPL-0020] StdInstsArea:         28787.052 um^2
[INFO GPL-0021] MacroInstsArea:           0.000 um^2
[INFO GPL-0031] FillerInit:NumGCells:     41851
[INFO GPL-0032] FillerInit:NumGNets:      18758
[INFO GPL-0033] FillerInit:NumGPins:      60707
[INFO GPL-0023] TargetDensity:            1.000
[INFO GPL-0024] AvrgPlaceInstArea:        1.789 um^2
[INFO GPL-0025] IdealBinArea:             1.789 um^2
[INFO GPL-0026] IdealBinCnt:              40081
[INFO GPL-0027] TotalBinArea:         71689.128 um^2
[INFO GPL-0028] BinCnt:       128    128
[INFO GPL-0029] BinSize: (  2.704  1.619 )
[INFO GPL-0030] NumBins: 16384
Placement density is 0.6513317561149597, computed from PLACE_DENSITY_LB_ADDON 0.40 and lower bound 0.40221959352493286
global_placement -density 0.6513317561149597 -pad_left 0 -pad_right 0
[INFO GPL-0002] DBU: 2000
[INFO GPL-0003] SiteSize: (  0.190  1.400 ) um
[INFO GPL-0004] CoreBBox: (  1.140  1.400 ) ( 347.130 208.600 ) um
[INFO GPL-0006] NumInstances:             16541
[INFO GPL-0007] NumPlaceInstances:        16095
[INFO GPL-0008] NumFixedInstances:          446
[INFO GPL-0009] NumDummyInstances:            0
[INFO GPL-0010] NumNets:                  18758
[INFO GPL-0011] NumPins:                  60707
[INFO GPL-0012] DieBBox:  (  0.000  0.000 ) ( 348.150 209.690 ) um
[INFO GPL-0013] CoreBBox: (  1.140  1.400 ) ( 347.130 208.600 ) um
[INFO GPL-0016] CoreArea:             71689.128 um^2
[INFO GPL-0017] NonPlaceInstsArea:      118.636 um^2
[INFO GPL-0018] PlaceInstsArea:       28787.052 um^2
[INFO GPL-0019] Util:                    40.222 %
[INFO GPL-0020] StdInstsArea:         28787.052 um^2
[INFO GPL-0021] MacroInstsArea:           0.000 um^2
[InitialPlace]  Iter: 1 CG residual: 0.00467989 HPWL: 304223180
[InitialPlace]  Iter: 2 CG residual: 0.00008453 HPWL: 188662611
[InitialPlace]  Iter: 3 CG residual: 0.00000466 HPWL: 179046250
[InitialPlace]  Iter: 4 CG residual: 0.00000330 HPWL: 175867311
[InitialPlace]  Iter: 5 CG residual: 0.00000083 HPWL: 174558562
[INFO GPL-0031] FillerInit:NumGCells:     26828
[INFO GPL-0032] FillerInit:NumGNets:      18758
[INFO GPL-0033] FillerInit:NumGPins:      60707
[INFO GPL-0023] TargetDensity:            0.651
[INFO GPL-0024] AvrgPlaceInstArea:        1.789 um^2
[INFO GPL-0025] IdealBinArea:             2.746 um^2
[INFO GPL-0026] IdealBinCnt:              26106
[INFO GPL-0027] TotalBinArea:         71689.128 um^2
[INFO GPL-0028] BinCnt:       128    128
[INFO GPL-0029] BinSize: (  2.704  1.619 )
[INFO GPL-0030] NumBins: 16384
[NesterovSolve] Iter:    1 overflow: 0.994 HPWL: 75486456
[NesterovSolve] Iter:   10 overflow: 0.981 HPWL: 93735268
[NesterovSolve] Iter:   20 overflow: 0.970 HPWL: 104612065
[NesterovSolve] Iter:   30 overflow: 0.963 HPWL: 110467732
[NesterovSolve] Iter:   40 overflow: 0.960 HPWL: 116387338
[NesterovSolve] Iter:   50 overflow: 0.958 HPWL: 121384389
[NesterovSolve] Iter:   60 overflow: 0.957 HPWL: 124172227
[NesterovSolve] Iter:   70 overflow: 0.956 HPWL: 124731539
[NesterovSolve] Iter:   80 overflow: 0.956 HPWL: 123457300
[NesterovSolve] Iter:   90 overflow: 0.956 HPWL: 121802139
[NesterovSolve] Iter:  100 overflow: 0.957 HPWL: 120847604
[NesterovSolve] Iter:  110 overflow: 0.956 HPWL: 120739830
[NesterovSolve] Iter:  120 overflow: 0.956 HPWL: 121109310
[NesterovSolve] Iter:  130 overflow: 0.956 HPWL: 121653071
[NesterovSolve] Iter:  140 overflow: 0.956 HPWL: 122357487
[NesterovSolve] Iter:  150 overflow: 0.955 HPWL: 123286122
[NesterovSolve] Iter:  160 overflow: 0.955 HPWL: 124511853
[NesterovSolve] Iter:  170 overflow: 0.954 HPWL: 126321478
[NesterovSolve] Iter:  180 overflow: 0.953 HPWL: 129248325
[NesterovSolve] Iter:  190 overflow: 0.952 HPWL: 134246758
[NesterovSolve] Iter:  200 overflow: 0.950 HPWL: 141411415
[NesterovSolve] Iter:  210 overflow: 0.947 HPWL: 151514710
[NesterovSolve] Iter:  220 overflow: 0.943 HPWL: 165799612
[NesterovSolve] Iter:  230 overflow: 0.937 HPWL: 183614570
[NesterovSolve] Iter:  240 overflow: 0.930 HPWL: 203979007
[NesterovSolve] Iter:  250 overflow: 0.916 HPWL: 225218997
[NesterovSolve] Iter:  260 overflow: 0.895 HPWL: 250076375
[NesterovSolve] Iter:  270 overflow: 0.865 HPWL: 282684731
[NesterovSolve] Iter:  280 overflow: 0.836 HPWL: 312889842
[NesterovSolve] Iter:  290 overflow: 0.797 HPWL: 352125624
[NesterovSolve] Iter:  300 overflow: 0.754 HPWL: 373939241
[NesterovSolve] Iter:  310 overflow: 0.720 HPWL: 393165257
[NesterovSolve] Iter:  320 overflow: 0.671 HPWL: 412286730
[NesterovSolve] Iter:  330 overflow: 0.628 HPWL: 422904328
[NesterovSolve] Iter:  340 overflow: 0.577 HPWL: 440379776
[NesterovSolve] Iter:  350 overflow: 0.522 HPWL: 456722029
[NesterovSolve] Iter:  360 overflow: 0.472 HPWL: 475272933
[NesterovSolve] Iter:  370 overflow: 0.423 HPWL: 489379524
[NesterovSolve] Iter:  380 overflow: 0.382 HPWL: 498794433
[NesterovSolve] Iter:  390 overflow: 0.336 HPWL: 507844591
[NesterovSolve] Iter:  400 overflow: 0.299 HPWL: 513661152
[NesterovSolve] Iter:  410 overflow: 0.267 HPWL: 518332165
[NesterovSolve] Iter:  420 overflow: 0.238 HPWL: 521895121
[NesterovSolve] Iter:  430 overflow: 0.208 HPWL: 524141280
[NesterovSolve] Iter:  440 overflow: 0.182 HPWL: 522923891
[NesterovSolve] Iter:  450 overflow: 0.156 HPWL: 525460791
[NesterovSolve] Iter:  460 overflow: 0.136 HPWL: 527594299
[NesterovSolve] Iter:  470 overflow: 0.117 HPWL: 529001124
[NesterovSolve] Iter:  480 overflow: 0.102 HPWL: 530070915
[NesterovSolve] Finished with Overflow: 0.099315
Took 597 seconds: global_placement -density 0.6513317561149597 -pad_left 0 -pad_right 0
Report metrics stage 3, global place...

==========================================================================
global place report_design_area
--------------------------------------------------------------------------
Design area 28787 u^2 40% utilization.
Elapsed time: 10:11.94[h:]min:sec. CPU time: user 1825.20 sys 8.82 (299%). Peak memory: 199504KB.
