OpenROAD v2.0-19576-gec1bf1a13 
Features included (+) or not (-): +GPU +GUI +Python : None
This program is licensed under the BSD-3 license. See the LICENSE file for details.
Components of this program may be licensed under more restrictive licenses which must be honored.
[INFO ORD-0030] Using 16 thread(s).
[INFO GPL-0002] DBU: 2000
[INFO GPL-0003] SiteSize: (  0.190  1.400 ) um
[INFO GPL-0004] CoreBBox: (  1.140  1.400 ) ( 35.340 30.800 ) um
[INFO GPL-0006] NumInstances:               545
[INFO GPL-0007] NumPlaceInstances:          503
[INFO GPL-0008] NumFixedInstances:           42
[INFO GPL-0009] NumDummyInstances:            0
[INFO GPL-0010] NumNets:                    574
[INFO GPL-0011] NumPins:                   1626
[INFO GPL-0012] DieBBox:  (  0.000  0.000 ) ( 36.410 32.970 ) um
[INFO GPL-0013] CoreBBox: (  1.140  1.400 ) ( 35.340 30.800 ) um
[INFO GPL-0016] CoreArea:              1005.480 um^2
[INFO GPL-0017] NonPlaceInstsArea:       11.172 um^2
[INFO GPL-0018] PlaceInstsArea:         650.104 um^2
[INFO GPL-0019] Util:                    65.383 %
[INFO GPL-0020] StdInstsArea:           650.104 um^2
[INFO GPL-0021] MacroInstsArea:           0.000 um^2
[INFO GPL-0031] FillerInit:NumGCells:       802
[INFO GPL-0032] FillerInit:NumGNets:        574
[INFO GPL-0033] FillerInit:NumGPins:       1626
[INFO GPL-0023] TargetDensity:            1.000
[INFO GPL-0024] AvrgPlaceInstArea:        1.292 um^2
[INFO GPL-0025] IdealBinArea:             1.292 um^2
[INFO GPL-0026] IdealBinCnt:                777
[INFO GPL-0027] TotalBinArea:          1005.480 um^2
[INFO GPL-0028] BinCnt:        16     16
[INFO GPL-0029] BinSize: (  2.138  1.837 )
[INFO GPL-0030] NumBins: 256
Placement density is 0.7330604648590088, computed from PLACE_DENSITY_LB_ADDON 0.20 and lower bound 0.653825581073761
global_placement -density 0.7330604648590088 -pad_left 0 -pad_right 0
[INFO GPL-0002] DBU: 2000
[INFO GPL-0003] SiteSize: (  0.190  1.400 ) um
[INFO GPL-0004] CoreBBox: (  1.140  1.400 ) ( 35.340 30.800 ) um
[INFO GPL-0006] NumInstances:               545
[INFO GPL-0007] NumPlaceInstances:          503
[INFO GPL-0008] NumFixedInstances:           42
[INFO GPL-0009] NumDummyInstances:            0
[INFO GPL-0010] NumNets:                    574
[INFO GPL-0011] NumPins:                   1626
[INFO GPL-0012] DieBBox:  (  0.000  0.000 ) ( 36.410 32.970 ) um
[INFO GPL-0013] CoreBBox: (  1.140  1.400 ) ( 35.340 30.800 ) um
[INFO GPL-0016] CoreArea:              1005.480 um^2
[INFO GPL-0017] NonPlaceInstsArea:       11.172 um^2
[INFO GPL-0018] PlaceInstsArea:         650.104 um^2
[INFO GPL-0019] Util:                    65.383 %
[INFO GPL-0020] StdInstsArea:           650.104 um^2
[INFO GPL-0021] MacroInstsArea:           0.000 um^2
[InitialPlace]  Iter: 1 CG residual: 0.00000008 HPWL: 5066920
[InitialPlace]  Iter: 2 CG residual: 0.00000009 HPWL: 4081639
[InitialPlace]  Iter: 3 CG residual: 0.00000011 HPWL: 4076936
[InitialPlace]  Iter: 4 CG residual: 0.00000009 HPWL: 4084361
[InitialPlace]  Iter: 5 CG residual: 0.00000009 HPWL: 4082692
[INFO GPL-0031] FillerInit:NumGCells:       571
[INFO GPL-0032] FillerInit:NumGNets:        574
[INFO GPL-0033] FillerInit:NumGPins:       1626
[INFO GPL-0023] TargetDensity:            0.733
[INFO GPL-0024] AvrgPlaceInstArea:        1.292 um^2
[INFO GPL-0025] IdealBinArea:             1.763 um^2
[INFO GPL-0026] IdealBinCnt:                570
[INFO GPL-0027] TotalBinArea:          1005.480 um^2
[INFO GPL-0028] BinCnt:        16     16
[INFO GPL-0029] BinSize: (  2.138  1.837 )
[INFO GPL-0030] NumBins: 256
[NesterovSolve] Iter:    1 overflow: 0.962 HPWL: 1804617
[NesterovSolve] Iter:   10 overflow: 0.940 HPWL: 2034807
[NesterovSolve] Iter:   20 overflow: 0.940 HPWL: 2037155
[NesterovSolve] Iter:   30 overflow: 0.941 HPWL: 2035788
[NesterovSolve] Iter:   40 overflow: 0.941 HPWL: 2035738
[NesterovSolve] Iter:   50 overflow: 0.941 HPWL: 2036545
[NesterovSolve] Iter:   60 overflow: 0.941 HPWL: 2036290
[NesterovSolve] Iter:   70 overflow: 0.941 HPWL: 2036202
[NesterovSolve] Iter:   80 overflow: 0.941 HPWL: 2037562
[NesterovSolve] Iter:   90 overflow: 0.941 HPWL: 2039181
[NesterovSolve] Iter:  100 overflow: 0.940 HPWL: 2042012
[NesterovSolve] Iter:  110 overflow: 0.940 HPWL: 2048138
[NesterovSolve] Iter:  120 overflow: 0.940 HPWL: 2063125
[NesterovSolve] Iter:  130 overflow: 0.939 HPWL: 2094219
[NesterovSolve] Iter:  140 overflow: 0.939 HPWL: 2151576
[NesterovSolve] Iter:  150 overflow: 0.935 HPWL: 2244445
[NesterovSolve] Iter:  160 overflow: 0.923 HPWL: 2370061
[NesterovSolve] Iter:  170 overflow: 0.915 HPWL: 2533438
[NesterovSolve] Iter:  180 overflow: 0.894 HPWL: 2754489
[NesterovSolve] Iter:  190 overflow: 0.876 HPWL: 3029007
[NesterovSolve] Iter:  200 overflow: 0.851 HPWL: 3337820
[NesterovSolve] Iter:  210 overflow: 0.816 HPWL: 3621672
[NesterovSolve] Iter:  220 overflow: 0.779 HPWL: 3927378
[NesterovSolve] Iter:  230 overflow: 0.739 HPWL: 4272659
[NesterovSolve] Iter:  240 overflow: 0.698 HPWL: 4613121
[NesterovSolve] Iter:  250 overflow: 0.659 HPWL: 4940851
[NesterovSolve] Iter:  260 overflow: 0.612 HPWL: 5233946
[NesterovSolve] Iter:  270 overflow: 0.564 HPWL: 5495832
[NesterovSolve] Iter:  280 overflow: 0.512 HPWL: 5712535
[NesterovSolve] Iter:  290 overflow: 0.455 HPWL: 5849175
[NesterovSolve] Iter:  300 overflow: 0.398 HPWL: 6001255
[NesterovSolve] Iter:  310 overflow: 0.336 HPWL: 6078883
[NesterovSolve] Iter:  320 overflow: 0.287 HPWL: 6121305
[NesterovSolve] Iter:  330 overflow: 0.253 HPWL: 6159914
[NesterovSolve] Iter:  340 overflow: 0.221 HPWL: 6194447
[NesterovSolve] Iter:  350 overflow: 0.187 HPWL: 6253835
[NesterovSolve] Iter:  360 overflow: 0.161 HPWL: 6286085
[NesterovSolve] Iter:  370 overflow: 0.137 HPWL: 6325223
[NesterovSolve] Iter:  380 overflow: 0.119 HPWL: 6351333
[NesterovSolve] Iter:  390 overflow: 0.101 HPWL: 6381303
[NesterovSolve] Finished with Overflow: 0.098842
Report metrics stage 3, global place...

==========================================================================
global place report_design_area
--------------------------------------------------------------------------
Design area 650 u^2 65% utilization.
Elapsed time: 0:01.12[h:]min:sec. CPU time: user 10.83 sys 0.27 (987%). Peak memory: 122408KB.
