OpenROAD v2.0-19576-gec1bf1a13 
Features included (+) or not (-): +GPU +GUI +Python : None
This program is licensed under the BSD-3 license. See the LICENSE file for details.
Components of this program may be licensed under more restrictive licenses which must be honored.
[INFO ORD-0030] Using 16 thread(s).
[INFO GPL-0002] DBU: 1000
[INFO GPL-0003] SiteSize: (  0.054  0.270 ) um
[INFO GPL-0004] CoreBBox: (  2.052  2.160 ) ( 58.104 46.710 ) um
[INFO GPL-0006] NumInstances:             16504
[INFO GPL-0007] NumPlaceInstances:        16007
[INFO GPL-0008] NumFixedInstances:          497
[INFO GPL-0009] NumDummyInstances:            0
[INFO GPL-0010] NumNets:                  16543
[INFO GPL-0011] NumPins:                  54441
[INFO GPL-0012] DieBBox:  (  0.000  0.000 ) ( 60.148 48.918 ) um
[INFO GPL-0013] CoreBBox: (  2.052  2.160 ) ( 58.104 46.710 ) um
[INFO GPL-0016] CoreArea:              2497.117 um^2
[INFO GPL-0017] NonPlaceInstsArea:       14.493 um^2
[INFO GPL-0018] PlaceInstsArea:        1729.975 um^2
[INFO GPL-0019] Util:                    69.683 %
[INFO GPL-0020] StdInstsArea:          1729.975 um^2
[INFO GPL-0021] MacroInstsArea:           0.000 um^2
[INFO GPL-0031] FillerInit:NumGCells:     23285
[INFO GPL-0032] FillerInit:NumGNets:      16543
[INFO GPL-0033] FillerInit:NumGPins:      54441
[INFO GPL-0023] TargetDensity:            1.000
[INFO GPL-0024] AvrgPlaceInstArea:        0.108 um^2
[INFO GPL-0025] IdealBinArea:             0.108 um^2
[INFO GPL-0026] IdealBinCnt:              23105
[INFO GPL-0027] TotalBinArea:          2497.117 um^2
[INFO GPL-0028] BinCnt:       128    128
[INFO GPL-0029] BinSize: (  0.438  0.349 )
[INFO GPL-0030] NumBins: 16384
Placement density is 0.8584166860580444, computed from PLACE_DENSITY_LB_ADDON 0.50 and lower bound 0.6968333721160889
global_placement -density 0.8584166860580444 -pad_left 0 -pad_right 0
[INFO GPL-0002] DBU: 1000
[INFO GPL-0003] SiteSize: (  0.054  0.270 ) um
[INFO GPL-0004] CoreBBox: (  2.052  2.160 ) ( 58.104 46.710 ) um
[INFO GPL-0006] NumInstances:             16504
[INFO GPL-0007] NumPlaceInstances:        16007
[INFO GPL-0008] NumFixedInstances:          497
[INFO GPL-0009] NumDummyInstances:            0
[INFO GPL-0010] NumNets:                  16543
[INFO GPL-0011] NumPins:                  54441
[INFO GPL-0012] DieBBox:  (  0.000  0.000 ) ( 60.148 48.918 ) um
[INFO GPL-0013] CoreBBox: (  2.052  2.160 ) ( 58.104 46.710 ) um
[INFO GPL-0016] CoreArea:              2497.117 um^2
[INFO GPL-0017] NonPlaceInstsArea:       14.493 um^2
[INFO GPL-0018] PlaceInstsArea:        1729.975 um^2
[INFO GPL-0019] Util:                    69.683 %
[INFO GPL-0020] StdInstsArea:          1729.975 um^2
[INFO GPL-0021] MacroInstsArea:           0.000 um^2
[InitialPlace]  Iter: 1 CG residual: 0.00006468 HPWL: 63434268
[InitialPlace]  Iter: 2 CG residual: 0.00000062 HPWL: 26122079
[InitialPlace]  Iter: 3 CG residual: 0.00000058 HPWL: 26039465
[InitialPlace]  Iter: 4 CG residual: 0.00000100 HPWL: 26203014
[InitialPlace]  Iter: 5 CG residual: 0.00000118 HPWL: 26159798
[INFO GPL-0031] FillerInit:NumGCells:     19886
[INFO GPL-0032] FillerInit:NumGNets:      16543
[INFO GPL-0033] FillerInit:NumGPins:      54441
[INFO GPL-0023] TargetDensity:            0.858
[INFO GPL-0024] AvrgPlaceInstArea:        0.108 um^2
[INFO GPL-0025] IdealBinArea:             0.126 um^2
[INFO GPL-0026] IdealBinCnt:              19833
[INFO GPL-0027] TotalBinArea:          2497.117 um^2
[INFO GPL-0028] BinCnt:       128    128
[INFO GPL-0029] BinSize: (  0.438  0.349 )
[INFO GPL-0030] NumBins: 16384
[NesterovSolve] Iter:    1 overflow: 0.942 HPWL: 24485829
[NesterovSolve] Iter:   10 overflow: 0.868 HPWL: 20275813
[NesterovSolve] Iter:   20 overflow: 0.849 HPWL: 20526629
[NesterovSolve] Iter:   30 overflow: 0.851 HPWL: 20179581
[NesterovSolve] Iter:   40 overflow: 0.847 HPWL: 20076586
[NesterovSolve] Iter:   50 overflow: 0.843 HPWL: 19998058
[NesterovSolve] Iter:   60 overflow: 0.839 HPWL: 19965872
[NesterovSolve] Iter:   70 overflow: 0.836 HPWL: 19979469
[NesterovSolve] Iter:   80 overflow: 0.834 HPWL: 19997096
[NesterovSolve] Iter:   90 overflow: 0.832 HPWL: 20017414
[NesterovSolve] Iter:  100 overflow: 0.831 HPWL: 20054904
[NesterovSolve] Iter:  110 overflow: 0.830 HPWL: 20097203
[NesterovSolve] Iter:  120 overflow: 0.829 HPWL: 20153762
[NesterovSolve] Iter:  130 overflow: 0.826 HPWL: 20252163
[NesterovSolve] Iter:  140 overflow: 0.823 HPWL: 20430968
[NesterovSolve] Iter:  150 overflow: 0.819 HPWL: 20753946
[NesterovSolve] Iter:  160 overflow: 0.810 HPWL: 21339787
[NesterovSolve] Iter:  170 overflow: 0.798 HPWL: 22220407
[NesterovSolve] Iter:  180 overflow: 0.783 HPWL: 23361387
[NesterovSolve] Iter:  190 overflow: 0.766 HPWL: 24867826
[NesterovSolve] Iter:  200 overflow: 0.746 HPWL: 26672718
[NesterovSolve] Iter:  210 overflow: 0.724 HPWL: 28386968
[NesterovSolve] Iter:  220 overflow: 0.704 HPWL: 29886680
[NesterovSolve] Iter:  230 overflow: 0.682 HPWL: 31237276
[NesterovSolve] Iter:  240 overflow: 0.659 HPWL: 32535496
[NesterovSolve] Iter:  250 overflow: 0.633 HPWL: 34044261
[NesterovSolve] Iter:  260 overflow: 0.603 HPWL: 35577497
[NesterovSolve] Iter:  270 overflow: 0.567 HPWL: 37170231
[NesterovSolve] Iter:  280 overflow: 0.529 HPWL: 38760342
[NesterovSolve] Iter:  290 overflow: 0.484 HPWL: 40490097
[NesterovSolve] Iter:  300 overflow: 0.426 HPWL: 42307073
[NesterovSolve] Iter:  310 overflow: 0.351 HPWL: 44653632
[NesterovSolve] Iter:  320 overflow: 0.296 HPWL: 46448921
[NesterovSolve] Iter:  330 overflow: 0.249 HPWL: 47663602
[NesterovSolve] Iter:  340 overflow: 0.215 HPWL: 48494259
[NesterovSolve] Iter:  350 overflow: 0.184 HPWL: 49127762
[NesterovSolve] Iter:  360 overflow: 0.158 HPWL: 49612921
[NesterovSolve] Iter:  370 overflow: 0.137 HPWL: 49983280
[NesterovSolve] Iter:  380 overflow: 0.117 HPWL: 50253585
[NesterovSolve] Iter:  390 overflow: 0.102 HPWL: 50399074
[NesterovSolve] Finished with Overflow: 0.099925
Took 7 seconds: global_placement -density 0.8584166860580444 -pad_left 0 -pad_right 0
Report metrics stage 3, global place...

==========================================================================
global place report_design_area
--------------------------------------------------------------------------
Design area 1730 u^2 69% utilization.
Elapsed time: 0:13.84[h:]min:sec. CPU time: user 115.48 sys 0.58 (838%). Peak memory: 281464KB.
