OpenROAD v2.0-19576-gec1bf1a13 
Features included (+) or not (-): +GPU +GUI +Python : None
This program is licensed under the BSD-3 license. See the LICENSE file for details.
Components of this program may be licensed under more restrictive licenses which must be honored.
[INFO ORD-0030] Using 16 thread(s).
[INFO GPL-0002] DBU: 1000
[INFO GPL-0003] SiteSize: (  0.054  0.270 ) um
[INFO GPL-0004] CoreBBox: (  1.026  1.080 ) ( 11.502  6.210 ) um
[INFO GPL-0006] NumInstances:               353
[INFO GPL-0007] NumPlaceInstances:          315
[INFO GPL-0008] NumFixedInstances:           38
[INFO GPL-0009] NumDummyInstances:            0
[INFO GPL-0010] NumNets:                    368
[INFO GPL-0011] NumPins:                   1171
[INFO GPL-0012] DieBBox:  (  0.000  0.000 ) ( 12.532  7.266 ) um
[INFO GPL-0013] CoreBBox: (  1.026  1.080 ) ( 11.502  6.210 ) um
[INFO GPL-0016] CoreArea:                53.742 um^2
[INFO GPL-0017] NonPlaceInstsArea:        1.108 um^2
[INFO GPL-0018] PlaceInstsArea:          37.718 um^2
[INFO GPL-0019] Util:                    71.662 %
[INFO GPL-0020] StdInstsArea:            37.718 um^2
[INFO GPL-0021] MacroInstsArea:           0.000 um^2
[INFO GPL-0031] FillerInit:NumGCells:       445
[INFO GPL-0032] FillerInit:NumGNets:        368
[INFO GPL-0033] FillerInit:NumGPins:       1171
[INFO GPL-0023] TargetDensity:            1.000
[INFO GPL-0024] AvrgPlaceInstArea:        0.120 um^2
[INFO GPL-0025] IdealBinArea:             0.120 um^2
[INFO GPL-0026] IdealBinCnt:                448
[INFO GPL-0027] TotalBinArea:            53.742 um^2
[INFO GPL-0028] BinCnt:        16      8
[INFO GPL-0029] BinSize: (  0.655  0.642 )
[INFO GPL-0030] NumBins: 128
Placement density is 0.8116343533992767, computed from PLACE_DENSITY_LB_ADDON 0.30 and lower bound 0.7166205048561096
global_placement -density 0.8116343533992767 -pad_left 0 -pad_right 0
[INFO GPL-0002] DBU: 1000
[INFO GPL-0003] SiteSize: (  0.054  0.270 ) um
[INFO GPL-0004] CoreBBox: (  1.026  1.080 ) ( 11.502  6.210 ) um
[INFO GPL-0006] NumInstances:               353
[INFO GPL-0007] NumPlaceInstances:          315
[INFO GPL-0008] NumFixedInstances:           38
[INFO GPL-0009] NumDummyInstances:            0
[INFO GPL-0010] NumNets:                    368
[INFO GPL-0011] NumPins:                   1171
[INFO GPL-0012] DieBBox:  (  0.000  0.000 ) ( 12.532  7.266 ) um
[INFO GPL-0013] CoreBBox: (  1.026  1.080 ) ( 11.502  6.210 ) um
[INFO GPL-0016] CoreArea:                53.742 um^2
[INFO GPL-0017] NonPlaceInstsArea:        1.108 um^2
[INFO GPL-0018] PlaceInstsArea:          37.718 um^2
[INFO GPL-0019] Util:                    71.662 %
[INFO GPL-0020] StdInstsArea:            37.718 um^2
[INFO GPL-0021] MacroInstsArea:           0.000 um^2
[InitialPlace]  Iter: 1 CG residual: 0.00000008 HPWL: 823363
[InitialPlace]  Iter: 2 CG residual: 0.00000009 HPWL: 696836
[InitialPlace]  Iter: 3 CG residual: 0.00000008 HPWL: 711133
[InitialPlace]  Iter: 4 CG residual: 0.00000011 HPWL: 716085
[InitialPlace]  Iter: 5 CG residual: 0.00000008 HPWL: 718654
[INFO GPL-0031] FillerInit:NumGCells:       358
[INFO GPL-0032] FillerInit:NumGNets:        368
[INFO GPL-0033] FillerInit:NumGPins:       1171
[INFO GPL-0023] TargetDensity:            0.812
[INFO GPL-0024] AvrgPlaceInstArea:        0.120 um^2
[INFO GPL-0025] IdealBinArea:             0.148 um^2
[INFO GPL-0026] IdealBinCnt:                364
[INFO GPL-0027] TotalBinArea:            53.742 um^2
[INFO GPL-0028] BinCnt:        16      8
[INFO GPL-0029] BinSize: (  0.655  0.642 )
[INFO GPL-0030] NumBins: 128
[NesterovSolve] Iter:    1 overflow: 0.658 HPWL: 544557
[NesterovSolve] Iter:   10 overflow: 0.597 HPWL: 501317
[NesterovSolve] Iter:   20 overflow: 0.588 HPWL: 501380
[NesterovSolve] Iter:   30 overflow: 0.591 HPWL: 500844
[NesterovSolve] Iter:   40 overflow: 0.589 HPWL: 501039
[NesterovSolve] Iter:   50 overflow: 0.589 HPWL: 500951
[NesterovSolve] Iter:   60 overflow: 0.588 HPWL: 501247
[NesterovSolve] Iter:   70 overflow: 0.586 HPWL: 501627
[NesterovSolve] Iter:   80 overflow: 0.585 HPWL: 502113
[NesterovSolve] Iter:   90 overflow: 0.582 HPWL: 502886
[NesterovSolve] Iter:  100 overflow: 0.578 HPWL: 503684
[NesterovSolve] Iter:  110 overflow: 0.571 HPWL: 504769
[NesterovSolve] Iter:  120 overflow: 0.561 HPWL: 506241
[NesterovSolve] Iter:  130 overflow: 0.546 HPWL: 507761
[NesterovSolve] Iter:  140 overflow: 0.525 HPWL: 509364
[NesterovSolve] Iter:  150 overflow: 0.502 HPWL: 512700
[NesterovSolve] Iter:  160 overflow: 0.470 HPWL: 515246
[NesterovSolve] Iter:  170 overflow: 0.437 HPWL: 518929
[NesterovSolve] Iter:  180 overflow: 0.397 HPWL: 522545
[NesterovSolve] Iter:  190 overflow: 0.354 HPWL: 524126
[NesterovSolve] Iter:  200 overflow: 0.316 HPWL: 527624
[NesterovSolve] Iter:  210 overflow: 0.279 HPWL: 529736
[NesterovSolve] Iter:  220 overflow: 0.243 HPWL: 531087
[NesterovSolve] Iter:  230 overflow: 0.214 HPWL: 534595
[NesterovSolve] Iter:  240 overflow: 0.184 HPWL: 537231
[NesterovSolve] Iter:  250 overflow: 0.154 HPWL: 538958
[NesterovSolve] Iter:  260 overflow: 0.127 HPWL: 540014
[NesterovSolve] Iter:  270 overflow: 0.104 HPWL: 541738
[NesterovSolve] Finished with Overflow: 0.099621
Report metrics stage 3, global place...

==========================================================================
global place report_design_area
--------------------------------------------------------------------------
Design area 38 u^2 70% utilization.
Elapsed time: 0:03.60[h:]min:sec. CPU time: user 29.35 sys 0.44 (827%). Peak memory: 213968KB.
