
==========================================================================
global place report_tns
--------------------------------------------------------------------------
tns 0.00

==========================================================================
global place report_wns
--------------------------------------------------------------------------
wns 0.00

==========================================================================
global place report_worst_slack
--------------------------------------------------------------------------
worst slack 0.03

==========================================================================
global place report_checks -path_delay min
--------------------------------------------------------------------------
Startpoint: reset (input port clocked by core_clock)
Endpoint: ctrl.state.out[2]$_DFF_P_
          (rising edge-triggered flip-flop clocked by core_clock)
Path Group: core_clock
Path Type: min

Fanout     Cap    Slew   Delay    Time   Description
-----------------------------------------------------------------------------
                  0.00    0.00    0.00   clock core_clock (rise edge)
                          0.00    0.00   clock network delay (ideal)
                          0.09    0.09 ^ input external delay
     3    4.73    0.00    0.00    0.09 ^ reset (in)
                                         reset (net)
                  0.00    0.00    0.09 ^ _514_/B1 (OAI22_X1)
     1    1.24    0.00    0.01    0.10 v _514_/ZN (OAI22_X1)
                                         _002_ (net)
                  0.00    0.00    0.10 v ctrl.state.out[2]$_DFF_P_/D (DFF_X1)
                                  0.10   data arrival time

                  0.00    0.00    0.00   clock core_clock (rise edge)
                          0.00    0.00   clock network delay (ideal)
                          0.00    0.00   clock reconvergence pessimism
                                  0.00 ^ ctrl.state.out[2]$_DFF_P_/CK (DFF_X1)
                          0.00    0.00   library hold time
                                  0.00   data required time
-----------------------------------------------------------------------------
                                  0.00   data required time
                                 -0.10   data arrival time
-----------------------------------------------------------------------------
                                  0.10   slack (MET)



==========================================================================
global place report_checks -path_delay max
--------------------------------------------------------------------------
Startpoint: dpath.a_reg.out[10]$_DFFE_PP_
            (rising edge-triggered flip-flop clocked by core_clock)
Endpoint: dpath.b_reg.out[2]$_DFFE_PP_
          (rising edge-triggered flip-flop clocked by core_clock)
Path Group: core_clock
Path Type: max

Fanout     Cap    Slew   Delay    Time   Description
-----------------------------------------------------------------------------
                  0.00    0.00    0.00   clock core_clock (rise edge)
                          0.00    0.00   clock network delay (ideal)
                  0.00    0.00    0.00 ^ dpath.a_reg.out[10]$_DFFE_PP_/CK (DFF_X1)
     3    6.58    0.02    0.10    0.10 ^ dpath.a_reg.out[10]$_DFFE_PP_/Q (DFF_X1)
                                         dpath.a_lt_b$in0[10] (net)
                  0.02    0.00    0.10 ^ _598_/A (INV_X1)
     2    3.42    0.01    0.01    0.11 v _598_/ZN (INV_X1)
                                         _143_ (net)
                  0.01    0.00    0.11 v _599_/A1 (NAND2_X1)
     2    5.87    0.02    0.02    0.13 ^ _599_/ZN (NAND2_X1)
                                         _144_ (net)
                  0.02    0.00    0.13 ^ _600_/A2 (NAND2_X2)
     3   11.06    0.01    0.02    0.16 v _600_/ZN (NAND2_X2)
                                         _145_ (net)
                  0.01    0.00    0.16 v _601_/A2 (NOR2_X4)
     3    6.75    0.02    0.03    0.19 ^ _601_/ZN (NOR2_X4)
                                         _146_ (net)
                  0.02    0.00    0.19 ^ _602_/A (INV_X1)
     1    2.80    0.01    0.01    0.20 v _602_/ZN (INV_X1)
                                         _147_ (net)
                  0.01    0.00    0.20 v _614_/A1 (NOR2_X2)
     3    5.46    0.02    0.03    0.22 ^ _614_/ZN (NOR2_X2)
                                         _159_ (net)
                  0.02    0.00    0.22 ^ _615_/A2 (AND2_X2)
     1    6.30    0.01    0.04    0.26 ^ _615_/ZN (AND2_X2)
                                         _160_ (net)
                  0.01    0.00    0.26 ^ _616_/A2 (NAND2_X4)
     4   24.43    0.01    0.02    0.29 v _616_/ZN (NAND2_X4)
                                         _161_ (net)
                  0.01    0.00    0.29 v _648_/A1 (NAND3_X4)
     2    9.33    0.01    0.02    0.31 ^ _648_/ZN (NAND3_X4)
                                         _192_ (net)
                  0.01    0.00    0.31 ^ _888_/A1 (NAND2_X4)
     5   22.76    0.01    0.02    0.33 v _888_/ZN (NAND2_X4)
                                         _402_ (net)
                  0.01    0.00    0.33 v _907_/A (BUF_X8)
    10   36.00    0.01    0.03    0.36 v _907_/Z (BUF_X8)
                                         _417_ (net)
                  0.01    0.00    0.36 v _924_/A1 (NAND2_X2)
     1    3.29    0.01    0.01    0.38 ^ _924_/ZN (NAND2_X2)
                                         _430_ (net)
                  0.01    0.00    0.38 ^ _925_/A (OAI21_X2)
     1    1.19    0.01    0.02    0.39 v _925_/ZN (OAI21_X2)
                                         _028_ (net)
                  0.01    0.00    0.39 v dpath.b_reg.out[2]$_DFFE_PP_/D (DFF_X1)
                                  0.39   data arrival time

                  0.00    0.46    0.46   clock core_clock (rise edge)
                          0.00    0.46   clock network delay (ideal)
                          0.00    0.46   clock reconvergence pessimism
                                  0.46 ^ dpath.b_reg.out[2]$_DFFE_PP_/CK (DFF_X1)
                         -0.04    0.42   library setup time
                                  0.42   data required time
-----------------------------------------------------------------------------
                                  0.42   data required time
                                 -0.39   data arrival time
-----------------------------------------------------------------------------
                                  0.03   slack (MET)



==========================================================================
global place report_checks -unconstrained
--------------------------------------------------------------------------
Startpoint: dpath.a_reg.out[10]$_DFFE_PP_
            (rising edge-triggered flip-flop clocked by core_clock)
Endpoint: dpath.b_reg.out[2]$_DFFE_PP_
          (rising edge-triggered flip-flop clocked by core_clock)
Path Group: core_clock
Path Type: max

Fanout     Cap    Slew   Delay    Time   Description
-----------------------------------------------------------------------------
                  0.00    0.00    0.00   clock core_clock (rise edge)
                          0.00    0.00   clock network delay (ideal)
                  0.00    0.00    0.00 ^ dpath.a_reg.out[10]$_DFFE_PP_/CK (DFF_X1)
     3    6.58    0.02    0.10    0.10 ^ dpath.a_reg.out[10]$_DFFE_PP_/Q (DFF_X1)
                                         dpath.a_lt_b$in0[10] (net)
                  0.02    0.00    0.10 ^ _598_/A (INV_X1)
     2    3.42    0.01    0.01    0.11 v _598_/ZN (INV_X1)
                                         _143_ (net)
                  0.01    0.00    0.11 v _599_/A1 (NAND2_X1)
     2    5.87    0.02    0.02    0.13 ^ _599_/ZN (NAND2_X1)
                                         _144_ (net)
                  0.02    0.00    0.13 ^ _600_/A2 (NAND2_X2)
     3   11.06    0.01    0.02    0.16 v _600_/ZN (NAND2_X2)
                                         _145_ (net)
                  0.01    0.00    0.16 v _601_/A2 (NOR2_X4)
     3    6.75    0.02    0.03    0.19 ^ _601_/ZN (NOR2_X4)
                                         _146_ (net)
                  0.02    0.00    0.19 ^ _602_/A (INV_X1)
     1    2.80    0.01    0.01    0.20 v _602_/ZN (INV_X1)
                                         _147_ (net)
                  0.01    0.00    0.20 v _614_/A1 (NOR2_X2)
     3    5.46    0.02    0.03    0.22 ^ _614_/ZN (NOR2_X2)
                                         _159_ (net)
                  0.02    0.00    0.22 ^ _615_/A2 (AND2_X2)
     1    6.30    0.01    0.04    0.26 ^ _615_/ZN (AND2_X2)
                                         _160_ (net)
                  0.01    0.00    0.26 ^ _616_/A2 (NAND2_X4)
     4   24.43    0.01    0.02    0.29 v _616_/ZN (NAND2_X4)
                                         _161_ (net)
                  0.01    0.00    0.29 v _648_/A1 (NAND3_X4)
     2    9.33    0.01    0.02    0.31 ^ _648_/ZN (NAND3_X4)
                                         _192_ (net)
                  0.01    0.00    0.31 ^ _888_/A1 (NAND2_X4)
     5   22.76    0.01    0.02    0.33 v _888_/ZN (NAND2_X4)
                                         _402_ (net)
                  0.01    0.00    0.33 v _907_/A (BUF_X8)
    10   36.00    0.01    0.03    0.36 v _907_/Z (BUF_X8)
                                         _417_ (net)
                  0.01    0.00    0.36 v _924_/A1 (NAND2_X2)
     1    3.29    0.01    0.01    0.38 ^ _924_/ZN (NAND2_X2)
                                         _430_ (net)
                  0.01    0.00    0.38 ^ _925_/A (OAI21_X2)
     1    1.19    0.01    0.02    0.39 v _925_/ZN (OAI21_X2)
                                         _028_ (net)
                  0.01    0.00    0.39 v dpath.b_reg.out[2]$_DFFE_PP_/D (DFF_X1)
                                  0.39   data arrival time

                  0.00    0.46    0.46   clock core_clock (rise edge)
                          0.00    0.46   clock network delay (ideal)
                          0.00    0.46   clock reconvergence pessimism
                                  0.46 ^ dpath.b_reg.out[2]$_DFFE_PP_/CK (DFF_X1)
                         -0.04    0.42   library setup time
                                  0.42   data required time
-----------------------------------------------------------------------------
                                  0.42   data required time
                                 -0.39   data arrival time
-----------------------------------------------------------------------------
                                  0.03   slack (MET)



==========================================================================
global place report_power
--------------------------------------------------------------------------
Group                  Internal  Switching    Leakage      Total
                          Power      Power      Power      Power (Watts)
----------------------------------------------------------------
Sequential             4.78e-04   7.15e-05   2.77e-06   5.53e-04  26.4%
Combinational          6.89e-04   8.42e-04   1.31e-05   1.54e-03  73.6%
Clock                  0.00e+00   0.00e+00   0.00e+00   0.00e+00   0.0%
Macro                  0.00e+00   0.00e+00   0.00e+00   0.00e+00   0.0%
Pad                    0.00e+00   0.00e+00   0.00e+00   0.00e+00   0.0%
----------------------------------------------------------------
Total                  1.17e-03   9.14e-04   1.59e-05   2.10e-03 100.0%
                          55.7%      43.6%       0.8%
