OpenROAD v2.0-19576-gec1bf1a13 
Features included (+) or not (-): +GPU +GUI +Python : None
This program is licensed under the BSD-3 license. See the LICENSE file for details.
Components of this program may be licensed under more restrictive licenses which must be honored.
[INFO ORD-0030] Using 16 thread(s).
[INFO GPL-0002] DBU: 2000
[INFO GPL-0003] SiteSize: (  0.190  1.400 ) um
[INFO GPL-0004] CoreBBox: (  1.140  1.400 ) ( 44.650 22.400 ) um
[INFO GPL-0006] NumInstances:               533
[INFO GPL-0007] NumPlaceInstances:          503
[INFO GPL-0008] NumFixedInstances:           30
[INFO GPL-0009] NumDummyInstances:            0
[INFO GPL-0010] NumNets:                    574
[INFO GPL-0011] NumPins:                   1626
[INFO GPL-0012] DieBBox:  (  0.000  0.000 ) ( 45.725 23.865 ) um
[INFO GPL-0013] CoreBBox: (  1.140  1.400 ) ( 44.650 22.400 ) um
[INFO GPL-0016] CoreArea:               913.710 um^2
[INFO GPL-0017] NonPlaceInstsArea:        7.980 um^2
[INFO GPL-0018] PlaceInstsArea:         650.104 um^2
[INFO GPL-0019] Util:                    71.777 %
[INFO GPL-0020] StdInstsArea:           650.104 um^2
[INFO GPL-0021] MacroInstsArea:           0.000 um^2
[INFO GPL-0031] FillerInit:NumGCells:       725
[INFO GPL-0032] FillerInit:NumGNets:        574
[INFO GPL-0033] FillerInit:NumGPins:       1626
[INFO GPL-0023] TargetDensity:            1.000
[INFO GPL-0024] AvrgPlaceInstArea:        1.292 um^2
[INFO GPL-0025] IdealBinArea:             1.292 um^2
[INFO GPL-0026] IdealBinCnt:                706
[INFO GPL-0027] TotalBinArea:           913.710 um^2
[INFO GPL-0028] BinCnt:        32     16
[INFO GPL-0029] BinSize: (  1.360  1.312 )
[INFO GPL-0030] NumBins: 512
Placement density is 0.8406608080863953, computed from PLACE_DENSITY_LB_ADDON 0.40 and lower bound 0.7177680134773254
global_placement -density 0.8406608080863953 -pad_left 0 -pad_right 0
[INFO GPL-0002] DBU: 2000
[INFO GPL-0003] SiteSize: (  0.190  1.400 ) um
[INFO GPL-0004] CoreBBox: (  1.140  1.400 ) ( 44.650 22.400 ) um
[INFO GPL-0006] NumInstances:               533
[INFO GPL-0007] NumPlaceInstances:          503
[INFO GPL-0008] NumFixedInstances:           30
[INFO GPL-0009] NumDummyInstances:            0
[INFO GPL-0010] NumNets:                    574
[INFO GPL-0011] NumPins:                   1626
[INFO GPL-0012] DieBBox:  (  0.000  0.000 ) ( 45.725 23.865 ) um
[INFO GPL-0013] CoreBBox: (  1.140  1.400 ) ( 44.650 22.400 ) um
[INFO GPL-0016] CoreArea:               913.710 um^2
[INFO GPL-0017] NonPlaceInstsArea:        7.980 um^2
[INFO GPL-0018] PlaceInstsArea:         650.104 um^2
[INFO GPL-0019] Util:                    71.777 %
[INFO GPL-0020] StdInstsArea:           650.104 um^2
[INFO GPL-0021] MacroInstsArea:           0.000 um^2
[InitialPlace]  Iter: 1 CG residual: 0.00000010 HPWL: 7976980
[InitialPlace]  Iter: 2 CG residual: 0.00000011 HPWL: 4089300
[InitialPlace]  Iter: 3 CG residual: 0.00000012 HPWL: 4086618
[InitialPlace]  Iter: 4 CG residual: 0.00000007 HPWL: 4096649
[InitialPlace]  Iter: 5 CG residual: 0.00000010 HPWL: 4095536
[INFO GPL-0031] FillerInit:NumGCells:       599
[INFO GPL-0032] FillerInit:NumGNets:        574
[INFO GPL-0033] FillerInit:NumGPins:       1626
[INFO GPL-0023] TargetDensity:            0.841
[INFO GPL-0024] AvrgPlaceInstArea:        1.292 um^2
[INFO GPL-0025] IdealBinArea:             1.537 um^2
[INFO GPL-0026] IdealBinCnt:                594
[INFO GPL-0027] TotalBinArea:           913.710 um^2
[INFO GPL-0028] BinCnt:        32     16
[INFO GPL-0029] BinSize: (  1.360  1.312 )
[INFO GPL-0030] NumBins: 512
[NesterovSolve] Iter:    1 overflow: 0.969 HPWL: 1775792
[NesterovSolve] Iter:   10 overflow: 0.954 HPWL: 1969988
[NesterovSolve] Iter:   20 overflow: 0.954 HPWL: 1964569
[NesterovSolve] Iter:   30 overflow: 0.954 HPWL: 1962030
[NesterovSolve] Iter:   40 overflow: 0.954 HPWL: 1961043
[NesterovSolve] Iter:   50 overflow: 0.954 HPWL: 1962014
[NesterovSolve] Iter:   60 overflow: 0.954 HPWL: 1961990
[NesterovSolve] Iter:   70 overflow: 0.954 HPWL: 1961831
[NesterovSolve] Iter:   80 overflow: 0.954 HPWL: 1962880
[NesterovSolve] Iter:   90 overflow: 0.954 HPWL: 1963844
[NesterovSolve] Iter:  100 overflow: 0.953 HPWL: 1965717
[NesterovSolve] Iter:  110 overflow: 0.953 HPWL: 1969898
[NesterovSolve] Iter:  120 overflow: 0.953 HPWL: 1979911
[NesterovSolve] Iter:  130 overflow: 0.953 HPWL: 2002524
[NesterovSolve] Iter:  140 overflow: 0.953 HPWL: 2042944
[NesterovSolve] Iter:  150 overflow: 0.949 HPWL: 2109874
[NesterovSolve] Iter:  160 overflow: 0.940 HPWL: 2207118
[NesterovSolve] Iter:  170 overflow: 0.931 HPWL: 2338638
[NesterovSolve] Iter:  180 overflow: 0.918 HPWL: 2513321
[NesterovSolve] Iter:  190 overflow: 0.901 HPWL: 2727317
[NesterovSolve] Iter:  200 overflow: 0.875 HPWL: 2971266
[NesterovSolve] Iter:  210 overflow: 0.845 HPWL: 3225721
[NesterovSolve] Iter:  220 overflow: 0.814 HPWL: 3475935
[NesterovSolve] Iter:  230 overflow: 0.776 HPWL: 3760686
[NesterovSolve] Iter:  240 overflow: 0.739 HPWL: 4043506
[NesterovSolve] Iter:  250 overflow: 0.696 HPWL: 4339513
[NesterovSolve] Iter:  260 overflow: 0.649 HPWL: 4620947
[NesterovSolve] Iter:  270 overflow: 0.601 HPWL: 4895131
[NesterovSolve] Iter:  280 overflow: 0.549 HPWL: 5145177
[NesterovSolve] Iter:  290 overflow: 0.492 HPWL: 5335383
[NesterovSolve] Iter:  300 overflow: 0.433 HPWL: 5500172
[NesterovSolve] Iter:  310 overflow: 0.377 HPWL: 5671738
[NesterovSolve] Iter:  320 overflow: 0.337 HPWL: 5742865
[NesterovSolve] Iter:  330 overflow: 0.288 HPWL: 5787104
[NesterovSolve] Iter:  340 overflow: 0.255 HPWL: 5831657
[NesterovSolve] Iter:  350 overflow: 0.225 HPWL: 5881284
[NesterovSolve] Iter:  360 overflow: 0.200 HPWL: 5924648
[NesterovSolve] Iter:  370 overflow: 0.174 HPWL: 5952965
[NesterovSolve] Iter:  380 overflow: 0.150 HPWL: 5987159
[NesterovSolve] Iter:  390 overflow: 0.132 HPWL: 6012099
[NesterovSolve] Iter:  400 overflow: 0.112 HPWL: 6031524
[NesterovSolve] Finished with Overflow: 0.099052
Report metrics stage 3, global place...

==========================================================================
global place report_design_area
--------------------------------------------------------------------------
Design area 650 u^2 71% utilization.
Elapsed time: 0:01.08[h:]min:sec. CPU time: user 8.64 sys 0.29 (820%). Peak memory: 120348KB.
