
==========================================================================
global place report_tns
--------------------------------------------------------------------------
tns -15.78

==========================================================================
global place report_wns
--------------------------------------------------------------------------
wns -0.18

==========================================================================
global place report_worst_slack
--------------------------------------------------------------------------
worst slack -0.18

==========================================================================
global place report_checks -path_delay min
--------------------------------------------------------------------------
Startpoint: u0.u2.d[7]$_DFF_P_ (rising edge-triggered flip-flop clocked by clk)
Endpoint: u0.w[1][15]$_DFF_P_ (rising edge-triggered flip-flop clocked by clk)
Path Group: clk
Path Type: min

Fanout     Cap    Slew   Delay    Time   Description
-----------------------------------------------------------------------------
                  0.00    0.00    0.00   clock clk (rise edge)
                          0.00    0.00   clock network delay (ideal)
                  0.00    0.00    0.00 ^ u0.u2.d[7]$_DFF_P_/CK (DFF_X1)
     1    2.33    0.01    0.06    0.06 ^ u0.u2.d[7]$_DFF_P_/QN (DFF_X1)
                                         _00424_ (net)
                  0.01    0.00    0.06 ^ _15915_/A (XOR2_X1)
     2    4.11    0.01    0.02    0.08 v _15915_/Z (XOR2_X1)
                                         _06752_ (net)
                  0.01    0.00    0.08 v _16014_/B1 (AOI21_X1)
     1    1.23    0.01    0.02    0.11 ^ _16014_/ZN (AOI21_X1)
                                         _00327_ (net)
                  0.01    0.00    0.11 ^ u0.w[1][15]$_DFF_P_/D (DFF_X1)
                                  0.11   data arrival time

                  0.00    0.00    0.00   clock clk (rise edge)
                          0.00    0.00   clock network delay (ideal)
                          0.00    0.00   clock reconvergence pessimism
                                  0.00 ^ u0.w[1][15]$_DFF_P_/CK (DFF_X1)
                          0.01    0.01   library hold time
                                  0.01   data required time
-----------------------------------------------------------------------------
                                  0.01   data required time
                                 -0.11   data arrival time
-----------------------------------------------------------------------------
                                  0.10   slack (MET)



==========================================================================
global place report_checks -path_delay max
--------------------------------------------------------------------------
Startpoint: sa00_sr[1]$_DFF_P_ (rising edge-triggered flip-flop clocked by clk)
Endpoint: sa22_sr[1]$_DFF_P_ (rising edge-triggered flip-flop clocked by clk)
Path Group: clk
Path Type: max

Fanout     Cap    Slew   Delay    Time   Description
-----------------------------------------------------------------------------
                  0.00    0.00    0.00   clock clk (rise edge)
                          0.00    0.00   clock network delay (ideal)
                  0.00    0.00    0.00 ^ sa00_sr[1]$_DFF_P_/CK (DFF_X1)
     6   21.19    0.05    0.13    0.13 ^ sa00_sr[1]$_DFF_P_/Q (DFF_X1)
                                         sa00_sr[1] (net)
                  0.05    0.00    0.13 ^ _23888_/B (XOR2_X1)
     3    7.49    0.05    0.08    0.21 ^ _23888_/Z (XOR2_X1)
                                         _00939_ (net)
                  0.05    0.00    0.21 ^ _23889_/B (XNOR2_X1)
     1    2.19    0.02    0.03    0.24 v _23889_/ZN (XNOR2_X1)
                                         _00940_ (net)
                  0.02    0.00    0.24 v _23892_/A (XNOR2_X1)
     1    3.77    0.01    0.05    0.29 v _23892_/ZN (XNOR2_X1)
                                         _00943_ (net)
                  0.01    0.00    0.29 v _23893_/B (MUX2_X1)
     2    9.52    0.02    0.08    0.36 v _23893_/Z (MUX2_X1)
                                         _00944_ (net)
                  0.02    0.00    0.36 v _23894_/B (XOR2_X2)
     5   11.43    0.02    0.07    0.43 v _23894_/Z (XOR2_X2)
                                         _00945_ (net)
                  0.02    0.00    0.43 v _23895_/A (INV_X1)
     2    5.07    0.02    0.03    0.46 ^ _23895_/ZN (INV_X1)
                                         _00946_ (net)
                  0.02    0.00    0.46 ^ _23896_/A (BUF_X4)
    10   24.68    0.02    0.03    0.49 ^ _23896_/Z (BUF_X4)
                                         _00947_ (net)
                  0.02    0.00    0.49 ^ _23897_/A (BUF_X4)
    17   51.22    0.03    0.05    0.54 ^ _23897_/Z (BUF_X4)
                                         _15056_ (net)
                  0.03    0.00    0.54 ^ _29712_/B (HA_X1)
     9   21.34    0.05    0.08    0.63 ^ _29712_/CO (HA_X1)
                                         _15057_ (net)
                  0.05    0.00    0.63 ^ _24121_/A1 (NAND3_X1)
     5   10.10    0.03    0.06    0.68 v _24121_/ZN (NAND3_X1)
                                         _01166_ (net)
                  0.03    0.00    0.69 v _24122_/A (OAI21_X1)
     2    4.43    0.03    0.04    0.72 ^ _24122_/ZN (OAI21_X1)
                                         _01167_ (net)
                  0.03    0.00    0.72 ^ _24192_/A (MUX2_X1)
     1    1.68    0.01    0.04    0.77 ^ _24192_/Z (MUX2_X1)
                                         _01236_ (net)
                  0.01    0.00    0.77 ^ _24193_/B1 (AOI21_X1)
     1    1.96    0.01    0.01    0.78 v _24193_/ZN (AOI21_X1)
                                         _01237_ (net)
                  0.01    0.00    0.78 v _24212_/B1 (AOI221_X1)
     1    4.34    0.06    0.09    0.87 ^ _24212_/ZN (AOI221_X1)
                                         _01256_ (net)
                  0.06    0.00    0.87 ^ _24222_/A3 (NAND4_X1)
     1    9.33    0.04    0.07    0.94 v _24222_/ZN (NAND4_X1)
                                         _00097_ (net)
                  0.04    0.00    0.95 v sa22_sr[1]$_DFF_P_/D (DFF_X1)
                                  0.95   data arrival time

                  0.00    0.82    0.82   clock clk (rise edge)
                          0.00    0.82   clock network delay (ideal)
                          0.00    0.82   clock reconvergence pessimism
                                  0.82 ^ sa22_sr[1]$_DFF_P_/CK (DFF_X1)
                         -0.05    0.77   library setup time
                                  0.77   data required time
-----------------------------------------------------------------------------
                                  0.77   data required time
                                 -0.95   data arrival time
-----------------------------------------------------------------------------
                                 -0.18   slack (VIOLATED)



==========================================================================
global place report_checks -unconstrained
--------------------------------------------------------------------------
Startpoint: sa00_sr[1]$_DFF_P_ (rising edge-triggered flip-flop clocked by clk)
Endpoint: sa22_sr[1]$_DFF_P_ (rising edge-triggered flip-flop clocked by clk)
Path Group: clk
Path Type: max

Fanout     Cap    Slew   Delay    Time   Description
-----------------------------------------------------------------------------
                  0.00    0.00    0.00   clock clk (rise edge)
                          0.00    0.00   clock network delay (ideal)
                  0.00    0.00    0.00 ^ sa00_sr[1]$_DFF_P_/CK (DFF_X1)
     6   21.19    0.05    0.13    0.13 ^ sa00_sr[1]$_DFF_P_/Q (DFF_X1)
                                         sa00_sr[1] (net)
                  0.05    0.00    0.13 ^ _23888_/B (XOR2_X1)
     3    7.49    0.05    0.08    0.21 ^ _23888_/Z (XOR2_X1)
                                         _00939_ (net)
                  0.05    0.00    0.21 ^ _23889_/B (XNOR2_X1)
     1    2.19    0.02    0.03    0.24 v _23889_/ZN (XNOR2_X1)
                                         _00940_ (net)
                  0.02    0.00    0.24 v _23892_/A (XNOR2_X1)
     1    3.77    0.01    0.05    0.29 v _23892_/ZN (XNOR2_X1)
                                         _00943_ (net)
                  0.01    0.00    0.29 v _23893_/B (MUX2_X1)
     2    9.52    0.02    0.08    0.36 v _23893_/Z (MUX2_X1)
                                         _00944_ (net)
                  0.02    0.00    0.36 v _23894_/B (XOR2_X2)
     5   11.43    0.02    0.07    0.43 v _23894_/Z (XOR2_X2)
                                         _00945_ (net)
                  0.02    0.00    0.43 v _23895_/A (INV_X1)
     2    5.07    0.02    0.03    0.46 ^ _23895_/ZN (INV_X1)
                                         _00946_ (net)
                  0.02    0.00    0.46 ^ _23896_/A (BUF_X4)
    10   24.68    0.02    0.03    0.49 ^ _23896_/Z (BUF_X4)
                                         _00947_ (net)
                  0.02    0.00    0.49 ^ _23897_/A (BUF_X4)
    17   51.22    0.03    0.05    0.54 ^ _23897_/Z (BUF_X4)
                                         _15056_ (net)
                  0.03    0.00    0.54 ^ _29712_/B (HA_X1)
     9   21.34    0.05    0.08    0.63 ^ _29712_/CO (HA_X1)
                                         _15057_ (net)
                  0.05    0.00    0.63 ^ _24121_/A1 (NAND3_X1)
     5   10.10    0.03    0.06    0.68 v _24121_/ZN (NAND3_X1)
                                         _01166_ (net)
                  0.03    0.00    0.69 v _24122_/A (OAI21_X1)
     2    4.43    0.03    0.04    0.72 ^ _24122_/ZN (OAI21_X1)
                                         _01167_ (net)
                  0.03    0.00    0.72 ^ _24192_/A (MUX2_X1)
     1    1.68    0.01    0.04    0.77 ^ _24192_/Z (MUX2_X1)
                                         _01236_ (net)
                  0.01    0.00    0.77 ^ _24193_/B1 (AOI21_X1)
     1    1.96    0.01    0.01    0.78 v _24193_/ZN (AOI21_X1)
                                         _01237_ (net)
                  0.01    0.00    0.78 v _24212_/B1 (AOI221_X1)
     1    4.34    0.06    0.09    0.87 ^ _24212_/ZN (AOI221_X1)
                                         _01256_ (net)
                  0.06    0.00    0.87 ^ _24222_/A3 (NAND4_X1)
     1    9.33    0.04    0.07    0.94 v _24222_/ZN (NAND4_X1)
                                         _00097_ (net)
                  0.04    0.00    0.95 v sa22_sr[1]$_DFF_P_/D (DFF_X1)
                                  0.95   data arrival time

                  0.00    0.82    0.82   clock clk (rise edge)
                          0.00    0.82   clock network delay (ideal)
                          0.00    0.82   clock reconvergence pessimism
                                  0.82 ^ sa22_sr[1]$_DFF_P_/CK (DFF_X1)
                         -0.05    0.77   library setup time
                                  0.77   data required time
-----------------------------------------------------------------------------
                                  0.77   data required time
                                 -0.95   data arrival time
-----------------------------------------------------------------------------
                                 -0.18   slack (VIOLATED)



==========================================================================
global place report_power
--------------------------------------------------------------------------
Group                  Internal  Switching    Leakage      Total
                          Power      Power      Power      Power (Watts)
----------------------------------------------------------------
Sequential             9.23e-03   1.07e-03   4.44e-05   1.03e-02   2.9%
Combinational          1.67e-01   1.79e-01   5.07e-04   3.46e-01  97.1%
Clock                  0.00e+00   0.00e+00   0.00e+00   0.00e+00   0.0%
Macro                  0.00e+00   0.00e+00   0.00e+00   0.00e+00   0.0%
Pad                    0.00e+00   0.00e+00   0.00e+00   0.00e+00   0.0%
----------------------------------------------------------------
Total                  1.76e-01   1.80e-01   5.51e-04   3.57e-01 100.0%
                          49.4%      50.5%       0.2%
