OpenROAD v2.0-19576-gec1bf1a13 
Features included (+) or not (-): +GPU +GUI +Python : None
This program is licensed under the BSD-3 license. See the LICENSE file for details.
Components of this program may be licensed under more restrictive licenses which must be honored.
[INFO ORD-0030] Using 16 thread(s).
Placement Analysis
---------------------------------
total displacement       4525.9 u
average displacement        0.2 u
max displacement            1.1 u
original HPWL           84518.0 u
legalized HPWL          88500.0 u
delta HPWL                    5 %

[INFO DPL-0020] Mirrored 7131 instances
[INFO DPL-0021] HPWL before           88500.0 u
[INFO DPL-0022] HPWL after            86996.0 u
[INFO DPL-0023] HPWL delta               -1.7 %
[INFO FLW-0012] Placement violations .
Report metrics stage 3, detailed place...

==========================================================================
detailed place report_design_area
--------------------------------------------------------------------------
Design area 2323 u^2 54% utilization.
Elapsed time: 0:18.26[h:]min:sec. CPU time: user 18.12 sys 0.14 (100%). Peak memory: 356116KB.
