
==========================================================================
detailed place report_tns
--------------------------------------------------------------------------
tns -44010.70

==========================================================================
detailed place report_wns
--------------------------------------------------------------------------
wns -229.37

==========================================================================
detailed place report_worst_slack
--------------------------------------------------------------------------
worst slack -229.37

==========================================================================
detailed place report_checks -path_delay min
--------------------------------------------------------------------------
Startpoint: rst_ni (input port clocked by core_clock)
Endpoint: cs_registers_i.minstret_counter_i.counter_q[51]$_DFFE_PN0P_
          (removal check against rising-edge clock core_clock)
Path Group: asynchronous
Path Type: min

Fanout     Cap    Slew   Delay    Time   Description
-----------------------------------------------------------------------------
                  0.00    0.00    0.00   clock core_clock (rise edge)
                          0.00    0.00   clock network delay (ideal)
                        252.00  252.00 ^ input external delay
    48   54.65    0.00    0.00  252.00 ^ rst_ni (in)
                                         rst_ni (net)
                 25.34    7.99  259.99 ^ cs_registers_i.minstret_counter_i.counter_q[51]$_DFFE_PN0P_/SETN (DFFASRHQNx1_ASAP7_75t_R)
                                259.99   data arrival time

                  0.00    0.00    0.00   clock core_clock (rise edge)
                          0.00    0.00   clock network delay (ideal)
                          0.00    0.00   clock reconvergence pessimism
                                  0.00 ^ cs_registers_i.minstret_counter_i.counter_q[51]$_DFFE_PN0P_/CLK (DFFASRHQNx1_ASAP7_75t_R)
                         13.90   13.90   library removal time
                                 13.90   data required time
-----------------------------------------------------------------------------
                                 13.90   data required time
                               -259.99   data arrival time
-----------------------------------------------------------------------------
                                246.09   slack (MET)


Startpoint: core_clock_gate_i.en_latch$_DLATCH_N_
            (negative level-sensitive latch clocked by core_clock)
Endpoint: _35046_ (rising clock gating-check end-point clocked by core_clock)
Path Group: gated clock
Path Type: min

Fanout     Cap    Slew   Delay    Time   Description
-----------------------------------------------------------------------------
                  0.00  630.00  630.00   clock core_clock (fall edge)
                          0.00  630.00   clock network delay (ideal)
                  0.00    0.00  630.00 v core_clock_gate_i.en_latch$_DLATCH_N_/CLK (DLLx1_ASAP7_75t_R)
     1    0.61    7.77   18.30  648.30 ^ core_clock_gate_i.en_latch$_DLATCH_N_/Q (DLLx1_ASAP7_75t_R)
                                         core_clock_gate_i.en_latch (net)
                  7.77    0.03  648.33 ^ _35046_/B (AND2x2_ASAP7_75t_R)
                                648.33   data arrival time

                  0.00  630.00  630.00   clock core_clock (fall edge)
                          0.00  630.00   clock network delay (ideal)
                          0.00  630.00   clock reconvergence pessimism
                                630.00 v _35046_/A (AND2x2_ASAP7_75t_R)
                          0.00  630.00   clock gating hold time
                                630.00   data required time
-----------------------------------------------------------------------------
                                630.00   data required time
                               -648.33   data arrival time
-----------------------------------------------------------------------------
                                 18.33   slack (MET)


Startpoint: gen_regfile_ff.register_file_i.rf_reg_q[168]$_DFFE_PN0P_
            (rising edge-triggered flip-flop clocked by core_clock)
Endpoint: gen_regfile_ff.register_file_i.rf_reg_q[168]$_DFFE_PN0P_
          (rising edge-triggered flip-flop clocked by core_clock)
Path Group: core_clock
Path Type: min

Fanout     Cap    Slew   Delay    Time   Description
-----------------------------------------------------------------------------
                  0.00    0.00    0.00   clock core_clock (rise edge)
                          0.00    0.00   clock network delay (ideal)
                  0.00    0.00    0.00 ^ gen_regfile_ff.register_file_i.rf_reg_q[168]$_DFFE_PN0P_/CLK (DFFASRHQNx1_ASAP7_75t_R)
     2    1.67   19.79   39.86   39.86 ^ gen_regfile_ff.register_file_i.rf_reg_q[168]$_DFFE_PN0P_/QN (DFFASRHQNx1_ASAP7_75t_R)
                                         _00667_ (net)
                 19.79    0.04   39.89 ^ _29815_/A1 (OAI21x1_ASAP7_75t_R)
     1    0.61    6.03    7.24   47.13 v _29815_/Y (OAI21x1_ASAP7_75t_R)
                                         _02933_ (net)
                  6.03    0.01   47.14 v gen_regfile_ff.register_file_i.rf_reg_q[168]$_DFFE_PN0P_/D (DFFASRHQNx1_ASAP7_75t_R)
                                 47.14   data arrival time

                  0.00    0.00    0.00   clock core_clock (rise edge)
                          0.00    0.00   clock network delay (ideal)
                          0.00    0.00   clock reconvergence pessimism
                                  0.00 ^ gen_regfile_ff.register_file_i.rf_reg_q[168]$_DFFE_PN0P_/CLK (DFFASRHQNx1_ASAP7_75t_R)
                          9.29    9.29   library hold time
                                  9.29   data required time
-----------------------------------------------------------------------------
                                  9.29   data required time
                                -47.14   data arrival time
-----------------------------------------------------------------------------
                                 37.84   slack (MET)



==========================================================================
detailed place report_checks -path_delay max
--------------------------------------------------------------------------
Startpoint: rst_ni (input port clocked by core_clock)
Endpoint: gen_regfile_ff.register_file_i.rf_reg_q[74]$_DFFE_PN0P_
          (recovery check against rising-edge clock core_clock)
Path Group: asynchronous
Path Type: max

Fanout     Cap    Slew   Delay    Time   Description
-----------------------------------------------------------------------------
                  0.00    0.00    0.00   clock core_clock (rise edge)
                          0.00    0.00   clock network delay (ideal)
                        252.00  252.00 ^ input external delay
    48   67.91    0.00    0.00  252.00 ^ rst_ni (in)
                                         rst_ni (net)
                 41.50   13.09  265.09 ^ load_slew39/A (BUFx24_ASAP7_75t_R)
    82  109.41   47.16   33.09  298.18 ^ load_slew39/Y (BUFx24_ASAP7_75t_R)
                                         net61 (net)
                 69.08   14.90  313.08 ^ load_slew38/A (BUFx16f_ASAP7_75t_R)
    76  100.54   57.62   32.66  345.74 ^ load_slew38/Y (BUFx16f_ASAP7_75t_R)
                                         net60 (net)
                103.99   29.63  375.37 ^ load_slew37/A (BUFx16f_ASAP7_75t_R)
    73  100.28   54.27   38.29  413.66 ^ load_slew37/Y (BUFx16f_ASAP7_75t_R)
                                         net59 (net)
                 57.74    7.08  420.74 ^ load_slew36/A (BUFx24_ASAP7_75t_R)
    96  127.05   58.40   36.35  457.10 ^ load_slew36/Y (BUFx24_ASAP7_75t_R)
                                         net58 (net)
                105.78   28.20  485.30 ^ load_slew35/A (BUFx16f_ASAP7_75t_R)
    69   95.06   53.05   42.08  527.38 ^ load_slew35/Y (BUFx16f_ASAP7_75t_R)
                                         net57 (net)
                 77.58   18.44  545.82 ^ load_slew34/A (BUFx24_ASAP7_75t_R)
    81  105.59   51.65   40.42  586.24 ^ load_slew34/Y (BUFx24_ASAP7_75t_R)
                                         net56 (net)
                 91.37   24.70  610.94 ^ load_slew32/A (BUFx16f_ASAP7_75t_R)
    73   94.32   54.48   43.87  654.81 ^ load_slew32/Y (BUFx16f_ASAP7_75t_R)
                                         net54 (net)
                 64.68   12.32  667.13 ^ gen_regfile_ff.register_file_i.rf_reg_q[74]$_DFFE_PN0P_/SETN (DFFASRHQNx1_ASAP7_75t_R)
                                667.13   data arrival time

                  0.00 1260.00 1260.00   clock core_clock (rise edge)
                          0.00 1260.00   clock network delay (ideal)
                          0.00 1260.00   clock reconvergence pessimism
                               1260.00 ^ gen_regfile_ff.register_file_i.rf_reg_q[74]$_DFFE_PN0P_/CLK (DFFASRHQNx1_ASAP7_75t_R)
                         -5.58 1254.42   library recovery time
                               1254.42   data required time
-----------------------------------------------------------------------------
                               1254.42   data required time
                               -667.13   data arrival time
-----------------------------------------------------------------------------
                                587.29   slack (MET)


Startpoint: core_clock_gate_i.en_latch$_DLATCH_N_
            (negative level-sensitive latch clocked by core_clock)
Endpoint: _35046_ (rising clock gating-check end-point clocked by core_clock)
Path Group: gated clock
Path Type: max

Fanout     Cap    Slew   Delay    Time   Description
-----------------------------------------------------------------------------
                  0.00  630.00  630.00   clock core_clock (fall edge)
                          0.00  630.00   clock network delay (ideal)
                  0.00    0.00  630.00 v core_clock_gate_i.en_latch$_DLATCH_N_/CLK (DLLx1_ASAP7_75t_R)
     1    0.86    8.85   28.16  658.16 v core_clock_gate_i.en_latch$_DLATCH_N_/Q (DLLx1_ASAP7_75t_R)
                                         core_clock_gate_i.en_latch (net)
                  8.85    0.04  658.20 v _35046_/B (AND2x2_ASAP7_75t_R)
                                658.20   data arrival time

                  0.00 1260.00 1260.00   clock core_clock (rise edge)
                          0.00 1260.00   clock network delay (ideal)
                          0.00 1260.00   clock reconvergence pessimism
                               1260.00 ^ _35046_/A (AND2x2_ASAP7_75t_R)
                          0.00 1260.00   clock gating setup time
                               1260.00   data required time
-----------------------------------------------------------------------------
                               1260.00   data required time
                               -658.20   data arrival time
-----------------------------------------------------------------------------
                                601.80   slack (MET)


Startpoint: if_stage_i.instr_rdata_alu_id_o[20]$_DFFE_PN_
            (rising edge-triggered flip-flop clocked by core_clock)
Endpoint: gen_regfile_ff.register_file_i.rf_reg_q[317]$_DFFE_PN0P_
          (rising edge-triggered flip-flop clocked by core_clock)
Path Group: core_clock
Path Type: max

Fanout     Cap    Slew   Delay    Time   Description
-----------------------------------------------------------------------------
                  0.00    0.00    0.00   clock core_clock (rise edge)
                          0.00    0.00   clock network delay (ideal)
                  0.00    0.00    0.00 ^ if_stage_i.instr_rdata_alu_id_o[20]$_DFFE_PN_/CLK (DFFHQNx2_ASAP7_75t_R)
     6    5.38   28.26   46.94   46.94 ^ if_stage_i.instr_rdata_alu_id_o[20]$_DFFE_PN_/QN (DFFHQNx2_ASAP7_75t_R)
                                         _00368_ (net)
                 28.26    0.12   47.06 ^ _19195_/A (INVx2_ASAP7_75t_R)
     4    3.00   13.89   11.18   58.24 v _19195_/Y (INVx2_ASAP7_75t_R)
                                         _13466_ (net)
                 13.89    0.03   58.27 v _19196_/A (BUFx3_ASAP7_75t_R)
     6    5.22   12.38   18.68   76.94 v _19196_/Y (BUFx3_ASAP7_75t_R)
                                         _13467_ (net)
                 12.39    0.25   77.20 v _19197_/A (BUFx3_ASAP7_75t_R)
     6    4.93   12.18   17.83   95.03 v _19197_/Y (BUFx3_ASAP7_75t_R)
                                         _13468_ (net)
                 12.26    0.55   95.58 v _19198_/A (BUFx6f_ASAP7_75t_R)
     6    9.23   12.37   16.77  112.35 v _19198_/Y (BUFx6f_ASAP7_75t_R)
                                         _13469_ (net)
                 12.73    1.16  113.51 v _19199_/A (BUFx6f_ASAP7_75t_R)
     6    9.61   12.84   16.91  130.42 v _19199_/Y (BUFx6f_ASAP7_75t_R)
                                         _13470_ (net)
                 14.85    2.64  133.06 v _21321_/A (BUFx12f_ASAP7_75t_R)
     6    8.74    8.36   16.07  149.13 v _21321_/Y (BUFx12f_ASAP7_75t_R)
                                         _15518_ (net)
                  8.49    0.55  149.68 v _21340_/A (BUFx12f_ASAP7_75t_R)
     8   11.36   10.21   14.05  163.73 v _21340_/Y (BUFx12f_ASAP7_75t_R)
                                         _15537_ (net)
                 12.77    2.64  166.37 v _21341_/A (BUFx6f_ASAP7_75t_R)
    10   12.03   14.84   17.91  184.29 v _21341_/Y (BUFx6f_ASAP7_75t_R)
                                         _15538_ (net)
                 14.85    0.18  184.46 v _22387_/C (OA211x2_ASAP7_75t_R)
     1    0.64    9.13   28.65  213.11 v _22387_/Y (OA211x2_ASAP7_75t_R)
                                         _16554_ (net)
                  9.13    0.01  213.12 v _22391_/B (OR3x1_ASAP7_75t_R)
     1    0.69    9.45   23.56  236.68 v _22391_/Y (OR3x1_ASAP7_75t_R)
                                         _16558_ (net)
                  9.45    0.01  236.68 v _22392_/C (AND3x2_ASAP7_75t_R)
     1    3.75   14.36   19.69  256.37 v _22392_/Y (AND3x2_ASAP7_75t_R)
                                         _16559_ (net)
                 14.74    1.26  257.63 v _22393_/B (AO21x1_ASAP7_75t_R)
     1    1.12    9.11   18.31  275.93 v _22393_/Y (AO21x1_ASAP7_75t_R)
                                         _16560_ (net)
                  9.11    0.01  275.94 v _22425_/A2 (OAI21x1_ASAP7_75t_R)
     8    9.48   66.64   29.54  305.48 ^ _22425_/Y (OAI21x1_ASAP7_75t_R)
                                         _16592_ (net)
                 66.98    2.74  308.23 ^ _24194_/B (NOR2x1_ASAP7_75t_R)
     1    0.81   17.85   16.45  324.68 v _24194_/Y (NOR2x1_ASAP7_75t_R)
                                         _05201_ (net)
                 17.85    0.02  324.70 v _24195_/B (AO21x2_ASAP7_75t_R)
     8    6.45   22.23   28.02  352.72 v _24195_/Y (AO21x2_ASAP7_75t_R)
                                         _05202_ (net)
                 22.40    1.08  353.80 v _24442_/A (AND2x2_ASAP7_75t_R)
     1    1.73    9.09   23.41  377.21 v _24442_/Y (AND2x2_ASAP7_75t_R)
                                         _17911_ (net)
                  9.09    0.04  377.25 v _35401_/CI (FAx1_ASAP7_75t_R)
     8   17.01  255.42  116.47  493.72 ^ _35401_/CON (FAx1_ASAP7_75t_R)
                                         _17962_ (net)
     4    7.97  185.55   92.62  586.34 v _35401_/SN (FAx1_ASAP7_75t_R)
                                         _17914_ (net)
                185.57    0.87  587.20 v _35040_/A (INVx2_ASAP7_75t_R)
     2    3.78   42.31   32.75  619.95 ^ _35040_/Y (INVx2_ASAP7_75t_R)
                                         _17913_ (net)
                 42.31    0.07  620.03 ^ _35461_/CI (FAx1_ASAP7_75t_R)
     7   12.12  192.64  207.16  827.19 v _35461_/SN (FAx1_ASAP7_75t_R)
                                         _18080_ (net)
                192.64    0.26  827.45 v _35462_/A (FAx1_ASAP7_75t_R)
     1    2.31   76.05   60.68  888.13 ^ _35462_/CON (FAx1_ASAP7_75t_R)
                                         _18122_ (net)
     1    0.90   58.98   21.60  909.73 v _35462_/SN (FAx1_ASAP7_75t_R)
                                         _18479_ (net)
                 58.98    0.03  909.76 v _34879_/A (INVx1_ASAP7_75t_R)
     1    2.28   27.50   22.01  931.77 ^ _34879_/Y (INVx1_ASAP7_75t_R)
                                         _18081_ (net)
                 27.51    0.12  931.88 ^ _35463_/A (FAx1_ASAP7_75t_R)
     1    0.90   26.11   40.00  971.89 v _35463_/SN (FAx1_ASAP7_75t_R)
                                         _18480_ (net)
                 26.11    0.03  971.92 v _34816_/A (INVx1_ASAP7_75t_R)
     1    2.04   18.81   14.74  986.66 ^ _34816_/Y (INVx1_ASAP7_75t_R)
                                         _18083_ (net)
                 18.82    0.15  986.81 ^ _35467_/CI (FAx1_ASAP7_75t_R)
     1    0.95   28.87   37.88 1024.69 v _35467_/SN (FAx1_ASAP7_75t_R)
                                         _18484_ (net)
                 28.87    0.04 1024.73 v _34856_/A (INVx1_ASAP7_75t_R)
     1    2.39   21.30   16.65 1041.38 ^ _34856_/Y (INVx1_ASAP7_75t_R)
                                         _18092_ (net)
                 21.31    0.09 1041.47 ^ _35468_/B (FAx1_ASAP7_75t_R)
     1    1.07   31.53   40.50 1081.97 v _35468_/SN (FAx1_ASAP7_75t_R)
                                         _18486_ (net)
                 31.53    0.01 1081.98 v _35578_/B (HAxp5_ASAP7_75t_R)
     4    4.13   84.25   74.02 1156.01 v _35578_/SN (HAxp5_ASAP7_75t_R)
                                         _00252_ (net)
                 84.25    0.10 1156.11 v _29453_/B (AO21x1_ASAP7_75t_R)
     1    0.97    9.95   27.45 1183.56 v _29453_/Y (AO21x1_ASAP7_75t_R)
                                         _09481_ (net)
                  9.95    0.05 1183.61 v _29454_/A2 (AO21x1_ASAP7_75t_R)
     2    1.41   11.37   16.95 1200.55 v _29454_/Y (AO21x1_ASAP7_75t_R)
                                         _09482_ (net)
                 11.37    0.03 1200.59 v _29488_/A2 (AO21x1_ASAP7_75t_R)
     1    0.85    8.90   15.64 1216.22 v _29488_/Y (AO21x1_ASAP7_75t_R)
                                         _09514_ (net)
                  8.90    0.03 1216.25 v _29489_/A2 (AO21x1_ASAP7_75t_R)
     2    1.76   13.40   17.55 1233.80 v _29489_/Y (AO21x1_ASAP7_75t_R)
                                         _09515_ (net)
                 13.41    0.12 1233.92 v _29532_/A2 (AO21x1_ASAP7_75t_R)
     1    0.86    8.96   16.18 1250.10 v _29532_/Y (AO21x1_ASAP7_75t_R)
                                         _09557_ (net)
                  8.96    0.05 1250.15 v _29536_/A2 (AO221x1_ASAP7_75t_R)
     2    2.52   18.17   27.65 1277.80 v _29536_/Y (AO221x1_ASAP7_75t_R)
                                         _09561_ (net)
                 18.17    0.05 1277.85 v _29537_/A (XNOR2x1_ASAP7_75t_R)
     1    1.06   24.73   13.71 1291.56 ^ _29537_/Y (XNOR2x1_ASAP7_75t_R)
                                         _09562_ (net)
                 24.73    0.07 1291.62 ^ _29539_/A2 (AO21x1_ASAP7_75t_R)
     2    2.67   19.49   22.33 1313.95 ^ _29539_/Y (AO21x1_ASAP7_75t_R)
                                         _09564_ (net)
                 19.50    0.26 1314.21 ^ _29540_/B (NAND2x1_ASAP7_75t_R)
     1    0.52    9.10    8.02 1322.23 v _29540_/Y (NAND2x1_ASAP7_75t_R)
                                         _09565_ (net)
                  9.10    0.01 1322.23 v _29541_/B (OA211x2_ASAP7_75t_R)
     1    1.20   10.43   26.38 1348.61 v _29541_/Y (OA211x2_ASAP7_75t_R)
                                         _09566_ (net)
                 10.43    0.10 1348.71 v _29545_/B (OR3x1_ASAP7_75t_R)
     1    0.58    8.77   23.39 1372.10 v _29545_/Y (OR3x1_ASAP7_75t_R)
                                         _09570_ (net)
                  8.77    0.00 1372.11 v _29547_/A1 (OA211x2_ASAP7_75t_R)
     3    6.04   24.17   29.73 1401.83 v _29547_/Y (OA211x2_ASAP7_75t_R)
                                         _09572_ (net)
                 25.47    2.97 1404.81 v _29554_/B (OR2x2_ASAP7_75t_R)
     3    3.74   16.08   29.16 1433.97 v _29554_/Y (OR2x2_ASAP7_75t_R)
                                         _09579_ (net)
                 16.11    0.37 1434.34 v _29555_/A (BUFx6f_ASAP7_75t_R)
     6    5.47    8.56   16.49 1450.83 v _29555_/Y (BUFx6f_ASAP7_75t_R)
                                         _09580_ (net)
                  8.81    0.77 1451.60 v _29767_/A (BUFx3_ASAP7_75t_R)
     5    3.63    9.56   15.65 1467.25 v _29767_/Y (BUFx3_ASAP7_75t_R)
                                         _09757_ (net)
                  9.57    0.18 1467.44 v _30204_/A1 (OA21x2_ASAP7_75t_R)
     1    0.71    6.24   16.70 1484.14 v _30204_/Y (OA21x2_ASAP7_75t_R)
                                         _03099_ (net)
                  6.24    0.01 1484.15 v gen_regfile_ff.register_file_i.rf_reg_q[317]$_DFFE_PN0P_/D (DFFASRHQNx1_ASAP7_75t_R)
                               1484.15   data arrival time

                  0.00 1260.00 1260.00   clock core_clock (rise edge)
                          0.00 1260.00   clock network delay (ideal)
                          0.00 1260.00   clock reconvergence pessimism
                               1260.00 ^ gen_regfile_ff.register_file_i.rf_reg_q[317]$_DFFE_PN0P_/CLK (DFFASRHQNx1_ASAP7_75t_R)
                         -5.21 1254.79   library setup time
                               1254.79   data required time
-----------------------------------------------------------------------------
                               1254.79   data required time
                               -1484.15   data arrival time
-----------------------------------------------------------------------------
                               -229.37   slack (VIOLATED)



==========================================================================
detailed place report_checks -unconstrained
--------------------------------------------------------------------------
Startpoint: rst_ni (input port clocked by core_clock)
Endpoint: gen_regfile_ff.register_file_i.rf_reg_q[74]$_DFFE_PN0P_
          (recovery check against rising-edge clock core_clock)
Path Group: asynchronous
Path Type: max

Fanout     Cap    Slew   Delay    Time   Description
-----------------------------------------------------------------------------
                  0.00    0.00    0.00   clock core_clock (rise edge)
                          0.00    0.00   clock network delay (ideal)
                        252.00  252.00 ^ input external delay
    48   67.91    0.00    0.00  252.00 ^ rst_ni (in)
                                         rst_ni (net)
                 41.50   13.09  265.09 ^ load_slew39/A (BUFx24_ASAP7_75t_R)
    82  109.41   47.16   33.09  298.18 ^ load_slew39/Y (BUFx24_ASAP7_75t_R)
                                         net61 (net)
                 69.08   14.90  313.08 ^ load_slew38/A (BUFx16f_ASAP7_75t_R)
    76  100.54   57.62   32.66  345.74 ^ load_slew38/Y (BUFx16f_ASAP7_75t_R)
                                         net60 (net)
                103.99   29.63  375.37 ^ load_slew37/A (BUFx16f_ASAP7_75t_R)
    73  100.28   54.27   38.29  413.66 ^ load_slew37/Y (BUFx16f_ASAP7_75t_R)
                                         net59 (net)
                 57.74    7.08  420.74 ^ load_slew36/A (BUFx24_ASAP7_75t_R)
    96  127.05   58.40   36.35  457.10 ^ load_slew36/Y (BUFx24_ASAP7_75t_R)
                                         net58 (net)
                105.78   28.20  485.30 ^ load_slew35/A (BUFx16f_ASAP7_75t_R)
    69   95.06   53.05   42.08  527.38 ^ load_slew35/Y (BUFx16f_ASAP7_75t_R)
                                         net57 (net)
                 77.58   18.44  545.82 ^ load_slew34/A (BUFx24_ASAP7_75t_R)
    81  105.59   51.65   40.42  586.24 ^ load_slew34/Y (BUFx24_ASAP7_75t_R)
                                         net56 (net)
                 91.37   24.70  610.94 ^ load_slew32/A (BUFx16f_ASAP7_75t_R)
    73   94.32   54.48   43.87  654.81 ^ load_slew32/Y (BUFx16f_ASAP7_75t_R)
                                         net54 (net)
                 64.68   12.32  667.13 ^ gen_regfile_ff.register_file_i.rf_reg_q[74]$_DFFE_PN0P_/SETN (DFFASRHQNx1_ASAP7_75t_R)
                                667.13   data arrival time

                  0.00 1260.00 1260.00   clock core_clock (rise edge)
                          0.00 1260.00   clock network delay (ideal)
                          0.00 1260.00   clock reconvergence pessimism
                               1260.00 ^ gen_regfile_ff.register_file_i.rf_reg_q[74]$_DFFE_PN0P_/CLK (DFFASRHQNx1_ASAP7_75t_R)
                         -5.58 1254.42   library recovery time
                               1254.42   data required time
-----------------------------------------------------------------------------
                               1254.42   data required time
                               -667.13   data arrival time
-----------------------------------------------------------------------------
                                587.29   slack (MET)


Startpoint: core_clock_gate_i.en_latch$_DLATCH_N_
            (negative level-sensitive latch clocked by core_clock)
Endpoint: _35046_ (rising clock gating-check end-point clocked by core_clock)
Path Group: gated clock
Path Type: max

Fanout     Cap    Slew   Delay    Time   Description
-----------------------------------------------------------------------------
                  0.00  630.00  630.00   clock core_clock (fall edge)
                          0.00  630.00   clock network delay (ideal)
                  0.00    0.00  630.00 v core_clock_gate_i.en_latch$_DLATCH_N_/CLK (DLLx1_ASAP7_75t_R)
     1    0.86    8.85   28.16  658.16 v core_clock_gate_i.en_latch$_DLATCH_N_/Q (DLLx1_ASAP7_75t_R)
                                         core_clock_gate_i.en_latch (net)
                  8.85    0.04  658.20 v _35046_/B (AND2x2_ASAP7_75t_R)
                                658.20   data arrival time

                  0.00 1260.00 1260.00   clock core_clock (rise edge)
                          0.00 1260.00   clock network delay (ideal)
                          0.00 1260.00   clock reconvergence pessimism
                               1260.00 ^ _35046_/A (AND2x2_ASAP7_75t_R)
                          0.00 1260.00   clock gating setup time
                               1260.00   data required time
-----------------------------------------------------------------------------
                               1260.00   data required time
                               -658.20   data arrival time
-----------------------------------------------------------------------------
                                601.80   slack (MET)


Startpoint: if_stage_i.instr_rdata_alu_id_o[20]$_DFFE_PN_
            (rising edge-triggered flip-flop clocked by core_clock)
Endpoint: gen_regfile_ff.register_file_i.rf_reg_q[317]$_DFFE_PN0P_
          (rising edge-triggered flip-flop clocked by core_clock)
Path Group: core_clock
Path Type: max

Fanout     Cap    Slew   Delay    Time   Description
-----------------------------------------------------------------------------
                  0.00    0.00    0.00   clock core_clock (rise edge)
                          0.00    0.00   clock network delay (ideal)
                  0.00    0.00    0.00 ^ if_stage_i.instr_rdata_alu_id_o[20]$_DFFE_PN_/CLK (DFFHQNx2_ASAP7_75t_R)
     6    5.38   28.26   46.94   46.94 ^ if_stage_i.instr_rdata_alu_id_o[20]$_DFFE_PN_/QN (DFFHQNx2_ASAP7_75t_R)
                                         _00368_ (net)
                 28.26    0.12   47.06 ^ _19195_/A (INVx2_ASAP7_75t_R)
     4    3.00   13.89   11.18   58.24 v _19195_/Y (INVx2_ASAP7_75t_R)
                                         _13466_ (net)
                 13.89    0.03   58.27 v _19196_/A (BUFx3_ASAP7_75t_R)
     6    5.22   12.38   18.68   76.94 v _19196_/Y (BUFx3_ASAP7_75t_R)
                                         _13467_ (net)
                 12.39    0.25   77.20 v _19197_/A (BUFx3_ASAP7_75t_R)
     6    4.93   12.18   17.83   95.03 v _19197_/Y (BUFx3_ASAP7_75t_R)
                                         _13468_ (net)
                 12.26    0.55   95.58 v _19198_/A (BUFx6f_ASAP7_75t_R)
     6    9.23   12.37   16.77  112.35 v _19198_/Y (BUFx6f_ASAP7_75t_R)
                                         _13469_ (net)
                 12.73    1.16  113.51 v _19199_/A (BUFx6f_ASAP7_75t_R)
     6    9.61   12.84   16.91  130.42 v _19199_/Y (BUFx6f_ASAP7_75t_R)
                                         _13470_ (net)
                 14.85    2.64  133.06 v _21321_/A (BUFx12f_ASAP7_75t_R)
     6    8.74    8.36   16.07  149.13 v _21321_/Y (BUFx12f_ASAP7_75t_R)
                                         _15518_ (net)
                  8.49    0.55  149.68 v _21340_/A (BUFx12f_ASAP7_75t_R)
     8   11.36   10.21   14.05  163.73 v _21340_/Y (BUFx12f_ASAP7_75t_R)
                                         _15537_ (net)
                 12.77    2.64  166.37 v _21341_/A (BUFx6f_ASAP7_75t_R)
    10   12.03   14.84   17.91  184.29 v _21341_/Y (BUFx6f_ASAP7_75t_R)
                                         _15538_ (net)
                 14.85    0.18  184.46 v _22387_/C (OA211x2_ASAP7_75t_R)
     1    0.64    9.13   28.65  213.11 v _22387_/Y (OA211x2_ASAP7_75t_R)
                                         _16554_ (net)
                  9.13    0.01  213.12 v _22391_/B (OR3x1_ASAP7_75t_R)
     1    0.69    9.45   23.56  236.68 v _22391_/Y (OR3x1_ASAP7_75t_R)
                                         _16558_ (net)
                  9.45    0.01  236.68 v _22392_/C (AND3x2_ASAP7_75t_R)
     1    3.75   14.36   19.69  256.37 v _22392_/Y (AND3x2_ASAP7_75t_R)
                                         _16559_ (net)
                 14.74    1.26  257.63 v _22393_/B (AO21x1_ASAP7_75t_R)
     1    1.12    9.11   18.31  275.93 v _22393_/Y (AO21x1_ASAP7_75t_R)
                                         _16560_ (net)
                  9.11    0.01  275.94 v _22425_/A2 (OAI21x1_ASAP7_75t_R)
     8    9.48   66.64   29.54  305.48 ^ _22425_/Y (OAI21x1_ASAP7_75t_R)
                                         _16592_ (net)
                 66.98    2.74  308.23 ^ _24194_/B (NOR2x1_ASAP7_75t_R)
     1    0.81   17.85   16.45  324.68 v _24194_/Y (NOR2x1_ASAP7_75t_R)
                                         _05201_ (net)
                 17.85    0.02  324.70 v _24195_/B (AO21x2_ASAP7_75t_R)
     8    6.45   22.23   28.02  352.72 v _24195_/Y (AO21x2_ASAP7_75t_R)
                                         _05202_ (net)
                 22.40    1.08  353.80 v _24442_/A (AND2x2_ASAP7_75t_R)
     1    1.73    9.09   23.41  377.21 v _24442_/Y (AND2x2_ASAP7_75t_R)
                                         _17911_ (net)
                  9.09    0.04  377.25 v _35401_/CI (FAx1_ASAP7_75t_R)
     8   17.01  255.42  116.47  493.72 ^ _35401_/CON (FAx1_ASAP7_75t_R)
                                         _17962_ (net)
     4    7.97  185.55   92.62  586.34 v _35401_/SN (FAx1_ASAP7_75t_R)
                                         _17914_ (net)
                185.57    0.87  587.20 v _35040_/A (INVx2_ASAP7_75t_R)
     2    3.78   42.31   32.75  619.95 ^ _35040_/Y (INVx2_ASAP7_75t_R)
                                         _17913_ (net)
                 42.31    0.07  620.03 ^ _35461_/CI (FAx1_ASAP7_75t_R)
     7   12.12  192.64  207.16  827.19 v _35461_/SN (FAx1_ASAP7_75t_R)
                                         _18080_ (net)
                192.64    0.26  827.45 v _35462_/A (FAx1_ASAP7_75t_R)
     1    2.31   76.05   60.68  888.13 ^ _35462_/CON (FAx1_ASAP7_75t_R)
                                         _18122_ (net)
     1    0.90   58.98   21.60  909.73 v _35462_/SN (FAx1_ASAP7_75t_R)
                                         _18479_ (net)
                 58.98    0.03  909.76 v _34879_/A (INVx1_ASAP7_75t_R)
     1    2.28   27.50   22.01  931.77 ^ _34879_/Y (INVx1_ASAP7_75t_R)
                                         _18081_ (net)
                 27.51    0.12  931.88 ^ _35463_/A (FAx1_ASAP7_75t_R)
     1    0.90   26.11   40.00  971.89 v _35463_/SN (FAx1_ASAP7_75t_R)
                                         _18480_ (net)
                 26.11    0.03  971.92 v _34816_/A (INVx1_ASAP7_75t_R)
     1    2.04   18.81   14.74  986.66 ^ _34816_/Y (INVx1_ASAP7_75t_R)
                                         _18083_ (net)
                 18.82    0.15  986.81 ^ _35467_/CI (FAx1_ASAP7_75t_R)
     1    0.95   28.87   37.88 1024.69 v _35467_/SN (FAx1_ASAP7_75t_R)
                                         _18484_ (net)
                 28.87    0.04 1024.73 v _34856_/A (INVx1_ASAP7_75t_R)
     1    2.39   21.30   16.65 1041.38 ^ _34856_/Y (INVx1_ASAP7_75t_R)
                                         _18092_ (net)
                 21.31    0.09 1041.47 ^ _35468_/B (FAx1_ASAP7_75t_R)
     1    1.07   31.53   40.50 1081.97 v _35468_/SN (FAx1_ASAP7_75t_R)
                                         _18486_ (net)
                 31.53    0.01 1081.98 v _35578_/B (HAxp5_ASAP7_75t_R)
     4    4.13   84.25   74.02 1156.01 v _35578_/SN (HAxp5_ASAP7_75t_R)
                                         _00252_ (net)
                 84.25    0.10 1156.11 v _29453_/B (AO21x1_ASAP7_75t_R)
     1    0.97    9.95   27.45 1183.56 v _29453_/Y (AO21x1_ASAP7_75t_R)
                                         _09481_ (net)
                  9.95    0.05 1183.61 v _29454_/A2 (AO21x1_ASAP7_75t_R)
     2    1.41   11.37   16.95 1200.55 v _29454_/Y (AO21x1_ASAP7_75t_R)
                                         _09482_ (net)
                 11.37    0.03 1200.59 v _29488_/A2 (AO21x1_ASAP7_75t_R)
     1    0.85    8.90   15.64 1216.22 v _29488_/Y (AO21x1_ASAP7_75t_R)
                                         _09514_ (net)
                  8.90    0.03 1216.25 v _29489_/A2 (AO21x1_ASAP7_75t_R)
     2    1.76   13.40   17.55 1233.80 v _29489_/Y (AO21x1_ASAP7_75t_R)
                                         _09515_ (net)
                 13.41    0.12 1233.92 v _29532_/A2 (AO21x1_ASAP7_75t_R)
     1    0.86    8.96   16.18 1250.10 v _29532_/Y (AO21x1_ASAP7_75t_R)
                                         _09557_ (net)
                  8.96    0.05 1250.15 v _29536_/A2 (AO221x1_ASAP7_75t_R)
     2    2.52   18.17   27.65 1277.80 v _29536_/Y (AO221x1_ASAP7_75t_R)
                                         _09561_ (net)
                 18.17    0.05 1277.85 v _29537_/A (XNOR2x1_ASAP7_75t_R)
     1    1.06   24.73   13.71 1291.56 ^ _29537_/Y (XNOR2x1_ASAP7_75t_R)
                                         _09562_ (net)
                 24.73    0.07 1291.62 ^ _29539_/A2 (AO21x1_ASAP7_75t_R)
     2    2.67   19.49   22.33 1313.95 ^ _29539_/Y (AO21x1_ASAP7_75t_R)
                                         _09564_ (net)
                 19.50    0.26 1314.21 ^ _29540_/B (NAND2x1_ASAP7_75t_R)
     1    0.52    9.10    8.02 1322.23 v _29540_/Y (NAND2x1_ASAP7_75t_R)
                                         _09565_ (net)
                  9.10    0.01 1322.23 v _29541_/B (OA211x2_ASAP7_75t_R)
     1    1.20   10.43   26.38 1348.61 v _29541_/Y (OA211x2_ASAP7_75t_R)
                                         _09566_ (net)
                 10.43    0.10 1348.71 v _29545_/B (OR3x1_ASAP7_75t_R)
     1    0.58    8.77   23.39 1372.10 v _29545_/Y (OR3x1_ASAP7_75t_R)
                                         _09570_ (net)
                  8.77    0.00 1372.11 v _29547_/A1 (OA211x2_ASAP7_75t_R)
     3    6.04   24.17   29.73 1401.83 v _29547_/Y (OA211x2_ASAP7_75t_R)
                                         _09572_ (net)
                 25.47    2.97 1404.81 v _29554_/B (OR2x2_ASAP7_75t_R)
     3    3.74   16.08   29.16 1433.97 v _29554_/Y (OR2x2_ASAP7_75t_R)
                                         _09579_ (net)
                 16.11    0.37 1434.34 v _29555_/A (BUFx6f_ASAP7_75t_R)
     6    5.47    8.56   16.49 1450.83 v _29555_/Y (BUFx6f_ASAP7_75t_R)
                                         _09580_ (net)
                  8.81    0.77 1451.60 v _29767_/A (BUFx3_ASAP7_75t_R)
     5    3.63    9.56   15.65 1467.25 v _29767_/Y (BUFx3_ASAP7_75t_R)
                                         _09757_ (net)
                  9.57    0.18 1467.44 v _30204_/A1 (OA21x2_ASAP7_75t_R)
     1    0.71    6.24   16.70 1484.14 v _30204_/Y (OA21x2_ASAP7_75t_R)
                                         _03099_ (net)
                  6.24    0.01 1484.15 v gen_regfile_ff.register_file_i.rf_reg_q[317]$_DFFE_PN0P_/D (DFFASRHQNx1_ASAP7_75t_R)
                               1484.15   data arrival time

                  0.00 1260.00 1260.00   clock core_clock (rise edge)
                          0.00 1260.00   clock network delay (ideal)
                          0.00 1260.00   clock reconvergence pessimism
                               1260.00 ^ gen_regfile_ff.register_file_i.rf_reg_q[317]$_DFFE_PN0P_/CLK (DFFASRHQNx1_ASAP7_75t_R)
                         -5.21 1254.79   library setup time
                               1254.79   data required time
-----------------------------------------------------------------------------
                               1254.79   data required time
                               -1484.15   data arrival time
-----------------------------------------------------------------------------
                               -229.37   slack (VIOLATED)



==========================================================================
detailed place report_check_types -max_slew -max_cap -max_fanout -violators
--------------------------------------------------------------------------

==========================================================================
detailed place max_slew_check_slack
--------------------------------------------------------------------------
33.962276458740234

==========================================================================
detailed place max_slew_check_limit
--------------------------------------------------------------------------
320.0

==========================================================================
detailed place max_slew_check_slack_limit
--------------------------------------------------------------------------
0.1061

==========================================================================
detailed place max_fanout_check_slack
--------------------------------------------------------------------------
1.0000000150474662e+30

==========================================================================
detailed place max_fanout_check_limit
--------------------------------------------------------------------------
1.0000000150474662e+30

==========================================================================
detailed place max_capacitance_check_slack
--------------------------------------------------------------------------
7.8226423263549805

==========================================================================
detailed place max_capacitance_check_limit
--------------------------------------------------------------------------
23.040000915527344

==========================================================================
detailed place max_capacitance_check_slack_limit
--------------------------------------------------------------------------
0.3395

==========================================================================
detailed place max_slew_violation_count
--------------------------------------------------------------------------
max slew violation count 0

==========================================================================
detailed place max_fanout_violation_count
--------------------------------------------------------------------------
max fanout violation count 0

==========================================================================
detailed place max_cap_violation_count
--------------------------------------------------------------------------
max cap violation count 0

==========================================================================
detailed place setup_violation_count
--------------------------------------------------------------------------
setup violation count 287

==========================================================================
detailed place hold_violation_count
--------------------------------------------------------------------------
hold violation count 0

==========================================================================
detailed place report_checks -path_delay max reg to reg
--------------------------------------------------------------------------
Startpoint: if_stage_i.instr_rdata_alu_id_o[20]$_DFFE_PN_
            (rising edge-triggered flip-flop clocked by core_clock)
Endpoint: gen_regfile_ff.register_file_i.rf_reg_q[317]$_DFFE_PN0P_
          (rising edge-triggered flip-flop clocked by core_clock)
Path Group: core_clock
Path Type: max

  Delay    Time   Description
---------------------------------------------------------
   0.00    0.00   clock core_clock (rise edge)
   0.00    0.00   clock network delay (ideal)
   0.00    0.00 ^ if_stage_i.instr_rdata_alu_id_o[20]$_DFFE_PN_/CLK (DFFHQNx2_ASAP7_75t_R)
  46.94   46.94 ^ if_stage_i.instr_rdata_alu_id_o[20]$_DFFE_PN_/QN (DFFHQNx2_ASAP7_75t_R)
  11.30   58.24 v _19195_/Y (INVx2_ASAP7_75t_R)
  18.70   76.94 v _19196_/Y (BUFx3_ASAP7_75t_R)
  18.08   95.03 v _19197_/Y (BUFx3_ASAP7_75t_R)
  17.32  112.35 v _19198_/Y (BUFx6f_ASAP7_75t_R)
  18.08  130.42 v _19199_/Y (BUFx6f_ASAP7_75t_R)
  18.71  149.13 v _21321_/Y (BUFx12f_ASAP7_75t_R)
  14.60  163.73 v _21340_/Y (BUFx12f_ASAP7_75t_R)
  20.56  184.29 v _21341_/Y (BUFx6f_ASAP7_75t_R)
  28.82  213.11 v _22387_/Y (OA211x2_ASAP7_75t_R)
  23.56  236.68 v _22391_/Y (OR3x1_ASAP7_75t_R)
  19.70  256.37 v _22392_/Y (AND3x2_ASAP7_75t_R)
  19.56  275.93 v _22393_/Y (AO21x1_ASAP7_75t_R)
  29.55  305.48 ^ _22425_/Y (OAI21x1_ASAP7_75t_R)
  19.19  324.68 v _24194_/Y (NOR2x1_ASAP7_75t_R)
  28.04  352.72 v _24195_/Y (AO21x2_ASAP7_75t_R)
  24.49  377.21 v _24442_/Y (AND2x2_ASAP7_75t_R)
 116.51  493.72 ^ _35401_/CON (FAx1_ASAP7_75t_R)
  92.62  586.34 v _35401_/SN (FAx1_ASAP7_75t_R)
  33.62  619.95 ^ _35040_/Y (INVx2_ASAP7_75t_R)
 207.23  827.19 v _35461_/SN (FAx1_ASAP7_75t_R)
  60.94  888.13 ^ _35462_/CON (FAx1_ASAP7_75t_R)
  21.60  909.73 v _35462_/SN (FAx1_ASAP7_75t_R)
  22.04  931.77 ^ _34879_/Y (INVx1_ASAP7_75t_R)
  40.12  971.89 v _35463_/SN (FAx1_ASAP7_75t_R)
  14.77  986.66 ^ _34816_/Y (INVx1_ASAP7_75t_R)
  38.03 1024.69 v _35467_/SN (FAx1_ASAP7_75t_R)
  16.69 1041.38 ^ _34856_/Y (INVx1_ASAP7_75t_R)
  40.59 1081.97 v _35468_/SN (FAx1_ASAP7_75t_R)
  74.04 1156.01 v _35578_/SN (HAxp5_ASAP7_75t_R)
  27.55 1183.56 v _29453_/Y (AO21x1_ASAP7_75t_R)
  17.00 1200.55 v _29454_/Y (AO21x1_ASAP7_75t_R)
  15.67 1216.22 v _29488_/Y (AO21x1_ASAP7_75t_R)
  17.58 1233.80 v _29489_/Y (AO21x1_ASAP7_75t_R)
  16.31 1250.10 v _29532_/Y (AO21x1_ASAP7_75t_R)
  27.70 1277.80 v _29536_/Y (AO221x1_ASAP7_75t_R)
  13.75 1291.56 ^ _29537_/Y (XNOR2x1_ASAP7_75t_R)
  22.39 1313.95 ^ _29539_/Y (AO21x1_ASAP7_75t_R)
   8.28 1322.23 v _29540_/Y (NAND2x1_ASAP7_75t_R)
  26.38 1348.61 v _29541_/Y (OA211x2_ASAP7_75t_R)
  23.49 1372.10 v _29545_/Y (OR3x1_ASAP7_75t_R)
  29.73 1401.83 v _29547_/Y (OA211x2_ASAP7_75t_R)
  32.13 1433.97 v _29554_/Y (OR2x2_ASAP7_75t_R)
  16.86 1450.83 v _29555_/Y (BUFx6f_ASAP7_75t_R)
  16.42 1467.25 v _29767_/Y (BUFx3_ASAP7_75t_R)
  16.89 1484.14 v _30204_/Y (OA21x2_ASAP7_75t_R)
   0.01 1484.15 v gen_regfile_ff.register_file_i.rf_reg_q[317]$_DFFE_PN0P_/D (DFFASRHQNx1_ASAP7_75t_R)
        1484.15   data arrival time

1260.00 1260.00   clock core_clock (rise edge)
   0.00 1260.00   clock network delay (ideal)
   0.00 1260.00   clock reconvergence pessimism
        1260.00 ^ gen_regfile_ff.register_file_i.rf_reg_q[317]$_DFFE_PN0P_/CLK (DFFASRHQNx1_ASAP7_75t_R)
  -5.21 1254.79   library setup time
        1254.79   data required time
---------------------------------------------------------
        1254.79   data required time
        -1484.15   data arrival time
---------------------------------------------------------
        -229.37   slack (VIOLATED)



==========================================================================
detailed place report_checks -path_delay min reg to reg
--------------------------------------------------------------------------
Startpoint: gen_regfile_ff.register_file_i.rf_reg_q[168]$_DFFE_PN0P_
            (rising edge-triggered flip-flop clocked by core_clock)
Endpoint: gen_regfile_ff.register_file_i.rf_reg_q[168]$_DFFE_PN0P_
          (rising edge-triggered flip-flop clocked by core_clock)
Path Group: core_clock
Path Type: min

  Delay    Time   Description
---------------------------------------------------------
   0.00    0.00   clock core_clock (rise edge)
   0.00    0.00   clock network delay (ideal)
   0.00    0.00 ^ gen_regfile_ff.register_file_i.rf_reg_q[168]$_DFFE_PN0P_/CLK (DFFASRHQNx1_ASAP7_75t_R)
  39.86   39.86 ^ gen_regfile_ff.register_file_i.rf_reg_q[168]$_DFFE_PN0P_/QN (DFFASRHQNx1_ASAP7_75t_R)
   7.27   47.13 v _29815_/Y (OAI21x1_ASAP7_75t_R)
   0.01   47.14 v gen_regfile_ff.register_file_i.rf_reg_q[168]$_DFFE_PN0P_/D (DFFASRHQNx1_ASAP7_75t_R)
          47.14   data arrival time

   0.00    0.00   clock core_clock (rise edge)
   0.00    0.00   clock network delay (ideal)
   0.00    0.00   clock reconvergence pessimism
           0.00 ^ gen_regfile_ff.register_file_i.rf_reg_q[168]$_DFFE_PN0P_/CLK (DFFASRHQNx1_ASAP7_75t_R)
   9.29    9.29   library hold time
           9.29   data required time
---------------------------------------------------------
           9.29   data required time
         -47.14   data arrival time
---------------------------------------------------------
          37.84   slack (MET)



==========================================================================
detailed place critical path target clock latency max path
--------------------------------------------------------------------------
0.0000

==========================================================================
detailed place critical path target clock latency min path
--------------------------------------------------------------------------
0.0000

==========================================================================
detailed place critical path source clock latency min path
--------------------------------------------------------------------------
0.0000

==========================================================================
detailed place critical path delay
--------------------------------------------------------------------------
1484.1516

==========================================================================
detailed place critical path slack
--------------------------------------------------------------------------
-229.3663

==========================================================================
detailed place slack div critical path delay
--------------------------------------------------------------------------
-15.454371

==========================================================================
detailed place report_power
--------------------------------------------------------------------------
Group                  Internal  Switching    Leakage      Total
                          Power      Power      Power      Power (Watts)
----------------------------------------------------------------
Sequential             3.12e-03   9.30e-04   2.10e-07   4.05e-03   9.9%
Combinational          1.61e-02   2.05e-02   1.78e-06   3.66e-02  89.8%
Clock                  5.95e-07   1.04e-04   1.16e-10   1.04e-04   0.3%
Macro                  0.00e+00   0.00e+00   0.00e+00   0.00e+00   0.0%
Pad                    0.00e+00   0.00e+00   0.00e+00   0.00e+00   0.0%
----------------------------------------------------------------
Total                  1.92e-02   2.15e-02   1.99e-06   4.08e-02 100.0%
                          47.2%      52.8%       0.0%
