OpenROAD v2.0-19576-gec1bf1a13 
Features included (+) or not (-): +GPU +GUI +Python : None
This program is licensed under the BSD-3 license. See the LICENSE file for details.
Components of this program may be licensed under more restrictive licenses which must be honored.
[INFO ORD-0030] Using 16 thread(s).
[INFO GPL-0002] DBU: 1000
[INFO GPL-0003] SiteSize: (  0.054  0.270 ) um
[INFO GPL-0004] CoreBBox: (  2.052  2.160 ) ( 89.100 45.360 ) um
[INFO GPL-0006] NumInstances:             19262
[INFO GPL-0007] NumPlaceInstances:        18699
[INFO GPL-0008] NumFixedInstances:          563
[INFO GPL-0009] NumDummyInstances:            0
[INFO GPL-0010] NumNets:                  19431
[INFO GPL-0011] NumPins:                  69487
[INFO GPL-0012] DieBBox:  (  0.000  0.000 ) ( 91.127 47.564 ) um
[INFO GPL-0013] CoreBBox: (  2.052  2.160 ) ( 89.100 45.360 ) um
[INFO GPL-0016] CoreArea:              3760.474 um^2
[INFO GPL-0017] NonPlaceInstsArea:       16.417 um^2
[INFO GPL-0018] PlaceInstsArea:        2323.206 um^2
[INFO GPL-0019] Util:                    62.051 %
[INFO GPL-0020] StdInstsArea:          2323.206 um^2
[INFO GPL-0021] MacroInstsArea:           0.000 um^2
[INFO GPL-0031] FillerInit:NumGCells:     31110
[INFO GPL-0032] FillerInit:NumGNets:      19431
[INFO GPL-0033] FillerInit:NumGPins:      69487
[INFO GPL-0023] TargetDensity:            1.000
[INFO GPL-0024] AvrgPlaceInstArea:        0.124 um^2
[INFO GPL-0025] IdealBinArea:             0.124 um^2
[INFO GPL-0026] IdealBinCnt:              30267
[INFO GPL-0027] TotalBinArea:          3760.474 um^2
[INFO GPL-0028] BinCnt:       128     64
[INFO GPL-0029] BinSize: (  0.681  0.675 )
[INFO GPL-0030] NumBins: 8192
Placement density is 0.7443536078929901, computed from PLACE_DENSITY_LB_ADDON 0.30 and lower bound 0.620505154132843
global_placement -density 0.7443536078929901 -pad_left 0 -pad_right 0
[INFO GPL-0002] DBU: 1000
[INFO GPL-0003] SiteSize: (  0.054  0.270 ) um
[INFO GPL-0004] CoreBBox: (  2.052  2.160 ) ( 89.100 45.360 ) um
[INFO GPL-0006] NumInstances:             19262
[INFO GPL-0007] NumPlaceInstances:        18699
[INFO GPL-0008] NumFixedInstances:          563
[INFO GPL-0009] NumDummyInstances:            0
[INFO GPL-0010] NumNets:                  19431
[INFO GPL-0011] NumPins:                  69487
[INFO GPL-0012] DieBBox:  (  0.000  0.000 ) ( 91.127 47.564 ) um
[INFO GPL-0013] CoreBBox: (  2.052  2.160 ) ( 89.100 45.360 ) um
[INFO GPL-0016] CoreArea:              3760.474 um^2
[INFO GPL-0017] NonPlaceInstsArea:       16.417 um^2
[INFO GPL-0018] PlaceInstsArea:        2323.206 um^2
[INFO GPL-0019] Util:                    62.051 %
[INFO GPL-0020] StdInstsArea:          2323.206 um^2
[INFO GPL-0021] MacroInstsArea:           0.000 um^2
[InitialPlace]  Iter: 1 CG residual: 0.00009994 HPWL: 91602146
[InitialPlace]  Iter: 2 CG residual: 0.00000237 HPWL: 29094934
[InitialPlace]  Iter: 3 CG residual: 0.00000714 HPWL: 28360880
[InitialPlace]  Iter: 4 CG residual: 0.00000264 HPWL: 28145933
[InitialPlace]  Iter: 5 CG residual: 0.00000065 HPWL: 27785355
[INFO GPL-0031] FillerInit:NumGCells:     22749
[INFO GPL-0032] FillerInit:NumGNets:      19431
[INFO GPL-0033] FillerInit:NumGPins:      69487
[INFO GPL-0023] TargetDensity:            0.744
[INFO GPL-0024] AvrgPlaceInstArea:        0.124 um^2
[INFO GPL-0025] IdealBinArea:             0.167 um^2
[INFO GPL-0026] IdealBinCnt:              22529
[INFO GPL-0027] TotalBinArea:          3760.474 um^2
[INFO GPL-0028] BinCnt:       128     64
[INFO GPL-0029] BinSize: (  0.681  0.675 )
[INFO GPL-0030] NumBins: 8192
[NesterovSolve] Iter:    1 overflow: 0.981 HPWL: 21866663
[NesterovSolve] Iter:   10 overflow: 0.967 HPWL: 17742542
[NesterovSolve] Iter:   20 overflow: 0.958 HPWL: 19844978
[NesterovSolve] Iter:   30 overflow: 0.953 HPWL: 20862753
[NesterovSolve] Iter:   40 overflow: 0.950 HPWL: 21524034
[NesterovSolve] Iter:   50 overflow: 0.948 HPWL: 22227803
[NesterovSolve] Iter:   60 overflow: 0.947 HPWL: 22665152
[NesterovSolve] Iter:   70 overflow: 0.944 HPWL: 22722729
[NesterovSolve] Iter:   80 overflow: 0.944 HPWL: 22573526
[NesterovSolve] Iter:   90 overflow: 0.942 HPWL: 22449771
[NesterovSolve] Iter:  100 overflow: 0.940 HPWL: 22428742
[NesterovSolve] Iter:  110 overflow: 0.940 HPWL: 22548308
[NesterovSolve] Iter:  120 overflow: 0.938 HPWL: 22813733
[NesterovSolve] Iter:  130 overflow: 0.936 HPWL: 23243967
[NesterovSolve] Iter:  140 overflow: 0.932 HPWL: 23971506
[NesterovSolve] Iter:  150 overflow: 0.927 HPWL: 25200529
[NesterovSolve] Iter:  160 overflow: 0.921 HPWL: 26792259
[NesterovSolve] Iter:  170 overflow: 0.912 HPWL: 28749051
[NesterovSolve] Iter:  180 overflow: 0.900 HPWL: 31315550
[NesterovSolve] Iter:  190 overflow: 0.886 HPWL: 34451569
[NesterovSolve] Iter:  200 overflow: 0.867 HPWL: 37855506
[NesterovSolve] Iter:  210 overflow: 0.844 HPWL: 41416950
[NesterovSolve] Iter:  220 overflow: 0.816 HPWL: 45607460
[NesterovSolve] Iter:  230 overflow: 0.783 HPWL: 49874538
[NesterovSolve] Iter:  240 overflow: 0.749 HPWL: 53531635
[NesterovSolve] Iter:  250 overflow: 0.711 HPWL: 57159172
[NesterovSolve] Iter:  260 overflow: 0.670 HPWL: 60145554
[NesterovSolve] Iter:  270 overflow: 0.626 HPWL: 62910982
[NesterovSolve] Iter:  280 overflow: 0.577 HPWL: 65232452
[NesterovSolve] Iter:  290 overflow: 0.522 HPWL: 67381013
[NesterovSolve] Iter:  300 overflow: 0.463 HPWL: 69162740
[NesterovSolve] Iter:  310 overflow: 0.401 HPWL: 70807172
[NesterovSolve] Iter:  320 overflow: 0.347 HPWL: 72207817
[NesterovSolve] Iter:  330 overflow: 0.311 HPWL: 73065988
[NesterovSolve] Iter:  340 overflow: 0.274 HPWL: 73457258
[NesterovSolve] Iter:  350 overflow: 0.240 HPWL: 74162130
[NesterovSolve] Iter:  360 overflow: 0.209 HPWL: 74539882
[NesterovSolve] Iter:  370 overflow: 0.180 HPWL: 74900184
[NesterovSolve] Iter:  380 overflow: 0.155 HPWL: 75105734
[NesterovSolve] Iter:  390 overflow: 0.131 HPWL: 75266435
[NesterovSolve] Iter:  400 overflow: 0.111 HPWL: 75398627
[NesterovSolve] Finished with Overflow: 0.099982
Took 7 seconds: global_placement -density 0.7443536078929901 -pad_left 0 -pad_right 0
Report metrics stage 3, global place...

==========================================================================
global place report_design_area
--------------------------------------------------------------------------
Design area 2323 u^2 62% utilization.
Elapsed time: 0:21.06[h:]min:sec. CPU time: user 123.66 sys 0.27 (588%). Peak memory: 307480KB.
