
==========================================================================
global place report_tns
--------------------------------------------------------------------------
tns -35935.02

==========================================================================
global place report_wns
--------------------------------------------------------------------------
wns -211.35

==========================================================================
global place report_worst_slack
--------------------------------------------------------------------------
worst slack -211.35

==========================================================================
global place report_checks -path_delay min
--------------------------------------------------------------------------
Startpoint: rst_ni (input port clocked by core_clock)
Endpoint: cs_registers_i.minstret_counter_i.counter_q[60]$_DFFE_PN0P_
          (removal check against rising-edge clock core_clock)
Path Group: asynchronous
Path Type: min

Fanout     Cap    Slew   Delay    Time   Description
-----------------------------------------------------------------------------
                  0.00    0.00    0.00   clock core_clock (rise edge)
                          0.00    0.00   clock network delay (ideal)
                        252.00  252.00 ^ input external delay
    60   65.65    0.00    0.00  252.00 ^ rst_ni (in)
                                         rst_ni (net)
                 44.65   14.09  266.09 ^ cs_registers_i.minstret_counter_i.counter_q[60]$_DFFE_PN0P_/SETN (DFFASRHQNx1_ASAP7_75t_R)
                                266.09   data arrival time

                  0.00    0.00    0.00   clock core_clock (rise edge)
                          0.00    0.00   clock network delay (ideal)
                          0.00    0.00   clock reconvergence pessimism
                                  0.00 ^ cs_registers_i.minstret_counter_i.counter_q[60]$_DFFE_PN0P_/CLK (DFFASRHQNx1_ASAP7_75t_R)
                         10.97   10.97   library removal time
                                 10.97   data required time
-----------------------------------------------------------------------------
                                 10.97   data required time
                               -266.09   data arrival time
-----------------------------------------------------------------------------
                                255.11   slack (MET)


Startpoint: core_clock_gate_i.en_latch$_DLATCH_N_
            (negative level-sensitive latch clocked by core_clock)
Endpoint: _35046_ (rising clock gating-check end-point clocked by core_clock)
Path Group: gated clock
Path Type: min

Fanout     Cap    Slew   Delay    Time   Description
-----------------------------------------------------------------------------
                  0.00  630.00  630.00   clock core_clock (fall edge)
                          0.00  630.00   clock network delay (ideal)
                  0.00    0.00  630.00 v core_clock_gate_i.en_latch$_DLATCH_N_/CLK (DLLx1_ASAP7_75t_R)
     1    0.32    6.19   17.27  647.27 ^ core_clock_gate_i.en_latch$_DLATCH_N_/Q (DLLx1_ASAP7_75t_R)
                                         core_clock_gate_i.en_latch (net)
                  6.19    0.00  647.27 ^ _35046_/B (AND2x2_ASAP7_75t_R)
                                647.27   data arrival time

                  0.00  630.00  630.00   clock core_clock (fall edge)
                          0.00  630.00   clock network delay (ideal)
                          0.00  630.00   clock reconvergence pessimism
                                630.00 v _35046_/A (AND2x2_ASAP7_75t_R)
                          0.00  630.00   clock gating hold time
                                630.00   data required time
-----------------------------------------------------------------------------
                                630.00   data required time
                               -647.27   data arrival time
-----------------------------------------------------------------------------
                                 17.27   slack (MET)


Startpoint: cs_registers_i.u_mstack_epc_csr.rdata_q[4]$_DFFE_PN0P_
            (rising edge-triggered flip-flop clocked by core_clock)
Endpoint: cs_registers_i.u_mstack_epc_csr.rdata_q[4]$_DFFE_PN0P_
          (rising edge-triggered flip-flop clocked by core_clock)
Path Group: core_clock
Path Type: min

Fanout     Cap    Slew   Delay    Time   Description
-----------------------------------------------------------------------------
                  0.00    0.00    0.00   clock core_clock (rise edge)
                          0.00    0.00   clock network delay (ideal)
                  0.00    0.00    0.00 ^ cs_registers_i.u_mstack_epc_csr.rdata_q[4]$_DFFE_PN0P_/CLK (DFFASRHQNx1_ASAP7_75t_R)
     2    1.20   16.50   37.78   37.78 ^ cs_registers_i.u_mstack_epc_csr.rdata_q[4]$_DFFE_PN0P_/QN (DFFASRHQNx1_ASAP7_75t_R)
                                         _01861_ (net)
                 16.50    0.01   37.78 ^ _27552_/A1 (AOI21x1_ASAP7_75t_R)
     1    0.66    5.51    8.76   46.54 v _27552_/Y (AOI21x1_ASAP7_75t_R)
                                         _02719_ (net)
                  5.51    0.01   46.55 v cs_registers_i.u_mstack_epc_csr.rdata_q[4]$_DFFE_PN0P_/D (DFFASRHQNx1_ASAP7_75t_R)
                                 46.55   data arrival time

                  0.00    0.00    0.00   clock core_clock (rise edge)
                          0.00    0.00   clock network delay (ideal)
                          0.00    0.00   clock reconvergence pessimism
                                  0.00 ^ cs_registers_i.u_mstack_epc_csr.rdata_q[4]$_DFFE_PN0P_/CLK (DFFASRHQNx1_ASAP7_75t_R)
                          9.35    9.35   library hold time
                                  9.35   data required time
-----------------------------------------------------------------------------
                                  9.35   data required time
                                -46.55   data arrival time
-----------------------------------------------------------------------------
                                 37.20   slack (MET)



==========================================================================
global place report_checks -path_delay max
--------------------------------------------------------------------------
Startpoint: rst_ni (input port clocked by core_clock)
Endpoint: gen_regfile_ff.register_file_i.rf_reg_q[425]$_DFFE_PN0P_
          (recovery check against rising-edge clock core_clock)
Path Group: asynchronous
Path Type: max

Fanout     Cap    Slew   Delay    Time   Description
-----------------------------------------------------------------------------
                  0.00    0.00    0.00   clock core_clock (rise edge)
                          0.00    0.00   clock network delay (ideal)
                        252.00  252.00 ^ input external delay
    60   81.95    0.00    0.00  252.00 ^ rst_ni (in)
                                         rst_ni (net)
                 87.57   27.62  279.62 ^ load_slew46/A (BUFx24_ASAP7_75t_R)
    86  112.65   56.20   46.00  325.63 ^ load_slew46/Y (BUFx24_ASAP7_75t_R)
                                         net68 (net)
                 84.76   21.22  346.84 ^ load_slew45/A (BUFx24_ASAP7_75t_R)
    82  110.43   49.69   39.04  385.88 ^ load_slew45/Y (BUFx24_ASAP7_75t_R)
                                         net67 (net)
                110.65   31.30  417.19 ^ load_slew43/A (BUFx16f_ASAP7_75t_R)
    59   83.83   42.81   34.35  451.54 ^ load_slew43/Y (BUFx16f_ASAP7_75t_R)
                                         net65 (net)
                132.05   40.24  491.78 ^ load_slew41/A (BUFx24_ASAP7_75t_R)
    89  116.34   59.70   53.39  545.17 ^ load_slew41/Y (BUFx24_ASAP7_75t_R)
                                         net63 (net)
                 74.15   15.29  560.46 ^ load_slew40/A (BUFx16f_ASAP7_75t_R)
    73   95.38   55.38   40.71  601.17 ^ load_slew40/Y (BUFx16f_ASAP7_75t_R)
                                         net62 (net)
                 68.54   14.01  615.18 ^ gen_regfile_ff.register_file_i.rf_reg_q[425]$_DFFE_PN0P_/SETN (DFFASRHQNx1_ASAP7_75t_R)
                                615.18   data arrival time

                  0.00 1260.00 1260.00   clock core_clock (rise edge)
                          0.00 1260.00   clock network delay (ideal)
                          0.00 1260.00   clock reconvergence pessimism
                               1260.00 ^ gen_regfile_ff.register_file_i.rf_reg_q[425]$_DFFE_PN0P_/CLK (DFFASRHQNx1_ASAP7_75t_R)
                         -5.88 1254.12   library recovery time
                               1254.12   data required time
-----------------------------------------------------------------------------
                               1254.12   data required time
                               -615.18   data arrival time
-----------------------------------------------------------------------------
                                638.95   slack (MET)


Startpoint: core_clock_gate_i.en_latch$_DLATCH_N_
            (negative level-sensitive latch clocked by core_clock)
Endpoint: _35046_ (rising clock gating-check end-point clocked by core_clock)
Path Group: gated clock
Path Type: max

Fanout     Cap    Slew   Delay    Time   Description
-----------------------------------------------------------------------------
                  0.00  630.00  630.00   clock core_clock (fall edge)
                          0.00  630.00   clock network delay (ideal)
                  0.00    0.00  630.00 v core_clock_gate_i.en_latch$_DLATCH_N_/CLK (DLLx1_ASAP7_75t_R)
     1    0.57    7.53   27.16  657.16 v core_clock_gate_i.en_latch$_DLATCH_N_/Q (DLLx1_ASAP7_75t_R)
                                         core_clock_gate_i.en_latch (net)
                  7.53    0.00  657.16 v _35046_/B (AND2x2_ASAP7_75t_R)
                                657.16   data arrival time

                  0.00 1260.00 1260.00   clock core_clock (rise edge)
                          0.00 1260.00   clock network delay (ideal)
                          0.00 1260.00   clock reconvergence pessimism
                               1260.00 ^ _35046_/A (AND2x2_ASAP7_75t_R)
                          0.00 1260.00   clock gating setup time
                               1260.00   data required time
-----------------------------------------------------------------------------
                               1260.00   data required time
                               -657.16   data arrival time
-----------------------------------------------------------------------------
                                602.84   slack (MET)


Startpoint: if_stage_i.instr_rdata_alu_id_o[20]$_DFFE_PN_
            (rising edge-triggered flip-flop clocked by core_clock)
Endpoint: gen_regfile_ff.register_file_i.rf_reg_q[607]$_DFFE_PN0P_
          (rising edge-triggered flip-flop clocked by core_clock)
Path Group: core_clock
Path Type: max

Fanout     Cap    Slew   Delay    Time   Description
-----------------------------------------------------------------------------
                  0.00    0.00    0.00   clock core_clock (rise edge)
                          0.00    0.00   clock network delay (ideal)
                  0.00    0.00    0.00 ^ if_stage_i.instr_rdata_alu_id_o[20]$_DFFE_PN_/CLK (DFFHQNx2_ASAP7_75t_R)
     6    6.71   32.49   49.19   49.19 ^ if_stage_i.instr_rdata_alu_id_o[20]$_DFFE_PN_/QN (DFFHQNx2_ASAP7_75t_R)
                                         _00368_ (net)
                 32.56    0.81   50.00 ^ _19195_/A (INVx2_ASAP7_75t_R)
     4    3.28   15.61   12.25   62.25 v _19195_/Y (INVx2_ASAP7_75t_R)
                                         _13466_ (net)
                 15.61    0.02   62.26 v _19196_/A (BUFx3_ASAP7_75t_R)
     6    4.59   11.36   18.69   80.95 v _19196_/Y (BUFx3_ASAP7_75t_R)
                                         _13467_ (net)
                 11.37    0.09   81.04 v _19197_/A (BUFx3_ASAP7_75t_R)
     6    5.20   12.61   17.72   98.77 v _19197_/Y (BUFx3_ASAP7_75t_R)
                                         _13468_ (net)
                 12.75    0.74   99.51 v _19198_/A (BUFx6f_ASAP7_75t_R)
     6    6.84    9.91   15.99  115.50 v _19198_/Y (BUFx6f_ASAP7_75t_R)
                                         _13469_ (net)
                 10.36    1.11  116.61 v _19199_/A (BUFx6f_ASAP7_75t_R)
     6    7.70   10.86   15.51  132.12 v _19199_/Y (BUFx6f_ASAP7_75t_R)
                                         _13470_ (net)
                 11.68    1.58  133.69 v _21321_/A (BUFx12f_ASAP7_75t_R)
     6   11.30   10.35   14.47  148.16 v _21321_/Y (BUFx12f_ASAP7_75t_R)
                                         _15518_ (net)
                 12.44    2.30  150.46 v clone18/A (BUFx2_ASAP7_75t_R)
     6    5.00   16.55   20.48  170.94 v clone18/Y (BUFx2_ASAP7_75t_R)
                                         net18 (net)
                 16.67    0.79  171.73 v _21567_/A (BUFx3_ASAP7_75t_R)
     5    4.60   11.58   18.94  190.67 v _21567_/Y (BUFx3_ASAP7_75t_R)
                                         _15758_ (net)
                 11.62    0.35  191.02 v _22371_/C (OA211x2_ASAP7_75t_R)
     1    0.63    9.10   27.56  218.58 v _22371_/Y (OA211x2_ASAP7_75t_R)
                                         _16538_ (net)
                  9.10    0.00  218.58 v _22376_/B (OR3x1_ASAP7_75t_R)
     1    1.76   15.80   27.56  246.15 v _22376_/Y (OR3x1_ASAP7_75t_R)
                                         _16543_ (net)
                 15.82    0.25  246.40 v _22377_/B (OA21x2_ASAP7_75t_R)
     1    0.86    6.61   15.06  261.46 v _22377_/Y (OA21x2_ASAP7_75t_R)
                                         _16544_ (net)
                  6.61    0.03  261.49 v _22393_/A2 (AO21x1_ASAP7_75t_R)
     1    1.17    9.42   15.31  276.80 v _22393_/Y (AO21x1_ASAP7_75t_R)
                                         _16560_ (net)
                  9.42    0.02  276.82 v _22425_/A2 (OAI21x1_ASAP7_75t_R)
     8    8.47   57.80   27.46  304.28 ^ _22425_/Y (OAI21x1_ASAP7_75t_R)
                                         _16592_ (net)
                 57.93    1.59  305.86 ^ _24194_/B (NOR2x1_ASAP7_75t_R)
     1    0.65   15.88   14.53  320.39 v _24194_/Y (NOR2x1_ASAP7_75t_R)
                                         _05201_ (net)
                 15.88    0.00  320.40 v _24195_/B (AO21x2_ASAP7_75t_R)
     8    6.37   21.99   27.48  347.87 v _24195_/Y (AO21x2_ASAP7_75t_R)
                                         _05202_ (net)
                 22.25    1.30  349.17 v _24442_/A (AND2x2_ASAP7_75t_R)
     1    1.72    9.07   23.35  372.52 v _24442_/Y (AND2x2_ASAP7_75t_R)
                                         _17911_ (net)
                  9.07    0.03  372.56 v _35401_/CI (FAx1_ASAP7_75t_R)
     8   17.19  258.61  117.13  489.69 ^ _35401_/CON (FAx1_ASAP7_75t_R)
                                         _17962_ (net)
     4    7.67  178.32   91.40  581.08 v _35401_/SN (FAx1_ASAP7_75t_R)
                                         _17914_ (net)
                178.33    0.49  581.57 v _35040_/A (INVx2_ASAP7_75t_R)
     2    3.69   40.94   31.87  613.44 ^ _35040_/Y (INVx2_ASAP7_75t_R)
                                         _17913_ (net)
                 40.94    0.02  613.46 ^ _35461_/CI (FAx1_ASAP7_75t_R)
     7   12.20  193.78  207.88  821.34 v _35461_/SN (FAx1_ASAP7_75t_R)
                                         _18080_ (net)
                193.79    0.28  821.62 v _35462_/A (FAx1_ASAP7_75t_R)
     1    2.35   76.79   61.24  882.87 ^ _35462_/CON (FAx1_ASAP7_75t_R)
                                         _18122_ (net)
     1    0.74   56.64   20.44  903.31 v _35462_/SN (FAx1_ASAP7_75t_R)
                                         _18479_ (net)
                 56.64    0.01  903.31 v _34879_/A (INVx1_ASAP7_75t_R)
     1    2.08   25.73   20.69  924.00 ^ _34879_/Y (INVx1_ASAP7_75t_R)
                                         _18081_ (net)
                 25.73    0.03  924.04 ^ _35463_/A (FAx1_ASAP7_75t_R)
     1    0.76   23.97   37.46  961.49 v _35463_/SN (FAx1_ASAP7_75t_R)
                                         _18480_ (net)
                 23.97    0.01  961.50 v _34816_/A (INVx1_ASAP7_75t_R)
     1    1.77   16.69   13.40  974.90 ^ _34816_/Y (INVx1_ASAP7_75t_R)
                                         _18083_ (net)
                 16.69    0.05  974.95 ^ _35467_/CI (FAx1_ASAP7_75t_R)
     1    0.79   26.70   34.84 1009.79 v _35467_/SN (FAx1_ASAP7_75t_R)
                                         _18484_ (net)
                 26.70    0.01 1009.81 v _34856_/A (INVx1_ASAP7_75t_R)
     1    2.37   20.64   16.06 1025.87 ^ _34856_/Y (INVx1_ASAP7_75t_R)
                                         _18092_ (net)
                 20.64    0.09 1025.95 ^ _35468_/B (FAx1_ASAP7_75t_R)
     1    1.15   32.32   41.49 1067.44 v _35468_/SN (FAx1_ASAP7_75t_R)
                                         _18486_ (net)
                 32.32    0.03 1067.48 v _35578_/B (HAxp5_ASAP7_75t_R)
     4    3.79   77.71   70.05 1137.53 v _35578_/SN (HAxp5_ASAP7_75t_R)
                                         _00252_ (net)
                 77.71    0.04 1137.57 v _29453_/B (AO21x1_ASAP7_75t_R)
     1    0.71    8.63   25.93 1163.50 v _29453_/Y (AO21x1_ASAP7_75t_R)
                                         _09481_ (net)
                  8.63    0.01 1163.51 v _29454_/A2 (AO21x1_ASAP7_75t_R)
     2    1.18   10.40   15.89 1179.40 v _29454_/Y (AO21x1_ASAP7_75t_R)
                                         _09482_ (net)
                 10.40    0.01 1179.41 v _29488_/A2 (AO21x1_ASAP7_75t_R)
     1    0.76    8.43   15.12 1194.53 v _29488_/Y (AO21x1_ASAP7_75t_R)
                                         _09514_ (net)
                  8.43    0.02 1194.55 v _29489_/A2 (AO21x1_ASAP7_75t_R)
     2    1.15   10.17   15.74 1210.29 v _29489_/Y (AO21x1_ASAP7_75t_R)
                                         _09515_ (net)
                 10.17    0.00 1210.29 v _29532_/A2 (AO21x1_ASAP7_75t_R)
     1    0.61    7.76   14.60 1224.89 v _29532_/Y (AO21x1_ASAP7_75t_R)
                                         _09557_ (net)
                  7.76    0.01 1224.90 v _29536_/A2 (AO221x1_ASAP7_75t_R)
     2    2.41   17.58   27.08 1251.98 v _29536_/Y (AO221x1_ASAP7_75t_R)
                                         _09561_ (net)
                 17.58    0.03 1252.01 v _29607_/A1 (OA21x2_ASAP7_75t_R)
     4    4.75   17.15   24.64 1276.66 v _29607_/Y (OA21x2_ASAP7_75t_R)
                                         _09630_ (net)
                 17.21    0.58 1277.23 v _29608_/D (OR4x1_ASAP7_75t_R)
     1    0.65   12.73   32.41 1309.65 v _29608_/Y (OR4x1_ASAP7_75t_R)
                                         _09631_ (net)
                 12.73    0.01 1309.65 v _29613_/B (AND4x2_ASAP7_75t_R)
     2    3.58   14.05   20.19 1329.85 v _29613_/Y (AND4x2_ASAP7_75t_R)
                                         _09636_ (net)
                 14.25    0.94 1330.79 v _29616_/B (OR5x1_ASAP7_75t_R)
     1    1.38   17.26   38.47 1369.25 v _29616_/Y (OR5x1_ASAP7_75t_R)
                                         _09639_ (net)
                 17.27    0.07 1369.33 v _29617_/C (AOI211x1_ASAP7_75t_R)
     1    0.67   15.28   11.52 1380.84 ^ _29617_/Y (AOI211x1_ASAP7_75t_R)
                                         _09640_ (net)
                 15.28    0.00 1380.85 ^ _29620_/A2 (OA21x2_ASAP7_75t_R)
     1    4.89   20.12   22.93 1403.78 ^ _29620_/Y (OA21x2_ASAP7_75t_R)
                                         _09643_ (net)
                 20.63    1.76 1405.54 ^ _29624_/B (NOR2x2_ASAP7_75t_R)
     7    8.14   29.19   19.69 1425.23 v _29624_/Y (NOR2x2_ASAP7_75t_R)
                                         _09647_ (net)
                 29.47    1.63 1426.86 v _30626_/A (BUFx3_ASAP7_75t_R)
     5    4.58   12.17   22.12 1448.98 v _30626_/Y (BUFx3_ASAP7_75t_R)
                                         _10259_ (net)
                 12.30    0.70 1449.68 v _30976_/A1 (AO21x1_ASAP7_75t_R)
     1    0.68    6.94   16.28 1465.95 v _30976_/Y (AO21x1_ASAP7_75t_R)
                                         _03421_ (net)
                  6.94    0.01 1465.96 v gen_regfile_ff.register_file_i.rf_reg_q[607]$_DFFE_PN0P_/D (DFFASRHQNx1_ASAP7_75t_R)
                               1465.96   data arrival time

                  0.00 1260.00 1260.00   clock core_clock (rise edge)
                          0.00 1260.00   clock network delay (ideal)
                          0.00 1260.00   clock reconvergence pessimism
                               1260.00 ^ gen_regfile_ff.register_file_i.rf_reg_q[607]$_DFFE_PN0P_/CLK (DFFASRHQNx1_ASAP7_75t_R)
                         -5.39 1254.61   library setup time
                               1254.61   data required time
-----------------------------------------------------------------------------
                               1254.61   data required time
                               -1465.96   data arrival time
-----------------------------------------------------------------------------
                               -211.35   slack (VIOLATED)



==========================================================================
global place report_checks -unconstrained
--------------------------------------------------------------------------
Startpoint: rst_ni (input port clocked by core_clock)
Endpoint: gen_regfile_ff.register_file_i.rf_reg_q[425]$_DFFE_PN0P_
          (recovery check against rising-edge clock core_clock)
Path Group: asynchronous
Path Type: max

Fanout     Cap    Slew   Delay    Time   Description
-----------------------------------------------------------------------------
                  0.00    0.00    0.00   clock core_clock (rise edge)
                          0.00    0.00   clock network delay (ideal)
                        252.00  252.00 ^ input external delay
    60   81.95    0.00    0.00  252.00 ^ rst_ni (in)
                                         rst_ni (net)
                 87.57   27.62  279.62 ^ load_slew46/A (BUFx24_ASAP7_75t_R)
    86  112.65   56.20   46.00  325.63 ^ load_slew46/Y (BUFx24_ASAP7_75t_R)
                                         net68 (net)
                 84.76   21.22  346.84 ^ load_slew45/A (BUFx24_ASAP7_75t_R)
    82  110.43   49.69   39.04  385.88 ^ load_slew45/Y (BUFx24_ASAP7_75t_R)
                                         net67 (net)
                110.65   31.30  417.19 ^ load_slew43/A (BUFx16f_ASAP7_75t_R)
    59   83.83   42.81   34.35  451.54 ^ load_slew43/Y (BUFx16f_ASAP7_75t_R)
                                         net65 (net)
                132.05   40.24  491.78 ^ load_slew41/A (BUFx24_ASAP7_75t_R)
    89  116.34   59.70   53.39  545.17 ^ load_slew41/Y (BUFx24_ASAP7_75t_R)
                                         net63 (net)
                 74.15   15.29  560.46 ^ load_slew40/A (BUFx16f_ASAP7_75t_R)
    73   95.38   55.38   40.71  601.17 ^ load_slew40/Y (BUFx16f_ASAP7_75t_R)
                                         net62 (net)
                 68.54   14.01  615.18 ^ gen_regfile_ff.register_file_i.rf_reg_q[425]$_DFFE_PN0P_/SETN (DFFASRHQNx1_ASAP7_75t_R)
                                615.18   data arrival time

                  0.00 1260.00 1260.00   clock core_clock (rise edge)
                          0.00 1260.00   clock network delay (ideal)
                          0.00 1260.00   clock reconvergence pessimism
                               1260.00 ^ gen_regfile_ff.register_file_i.rf_reg_q[425]$_DFFE_PN0P_/CLK (DFFASRHQNx1_ASAP7_75t_R)
                         -5.88 1254.12   library recovery time
                               1254.12   data required time
-----------------------------------------------------------------------------
                               1254.12   data required time
                               -615.18   data arrival time
-----------------------------------------------------------------------------
                                638.95   slack (MET)


Startpoint: core_clock_gate_i.en_latch$_DLATCH_N_
            (negative level-sensitive latch clocked by core_clock)
Endpoint: _35046_ (rising clock gating-check end-point clocked by core_clock)
Path Group: gated clock
Path Type: max

Fanout     Cap    Slew   Delay    Time   Description
-----------------------------------------------------------------------------
                  0.00  630.00  630.00   clock core_clock (fall edge)
                          0.00  630.00   clock network delay (ideal)
                  0.00    0.00  630.00 v core_clock_gate_i.en_latch$_DLATCH_N_/CLK (DLLx1_ASAP7_75t_R)
     1    0.57    7.53   27.16  657.16 v core_clock_gate_i.en_latch$_DLATCH_N_/Q (DLLx1_ASAP7_75t_R)
                                         core_clock_gate_i.en_latch (net)
                  7.53    0.00  657.16 v _35046_/B (AND2x2_ASAP7_75t_R)
                                657.16   data arrival time

                  0.00 1260.00 1260.00   clock core_clock (rise edge)
                          0.00 1260.00   clock network delay (ideal)
                          0.00 1260.00   clock reconvergence pessimism
                               1260.00 ^ _35046_/A (AND2x2_ASAP7_75t_R)
                          0.00 1260.00   clock gating setup time
                               1260.00   data required time
-----------------------------------------------------------------------------
                               1260.00   data required time
                               -657.16   data arrival time
-----------------------------------------------------------------------------
                                602.84   slack (MET)


Startpoint: if_stage_i.instr_rdata_alu_id_o[20]$_DFFE_PN_
            (rising edge-triggered flip-flop clocked by core_clock)
Endpoint: gen_regfile_ff.register_file_i.rf_reg_q[607]$_DFFE_PN0P_
          (rising edge-triggered flip-flop clocked by core_clock)
Path Group: core_clock
Path Type: max

Fanout     Cap    Slew   Delay    Time   Description
-----------------------------------------------------------------------------
                  0.00    0.00    0.00   clock core_clock (rise edge)
                          0.00    0.00   clock network delay (ideal)
                  0.00    0.00    0.00 ^ if_stage_i.instr_rdata_alu_id_o[20]$_DFFE_PN_/CLK (DFFHQNx2_ASAP7_75t_R)
     6    6.71   32.49   49.19   49.19 ^ if_stage_i.instr_rdata_alu_id_o[20]$_DFFE_PN_/QN (DFFHQNx2_ASAP7_75t_R)
                                         _00368_ (net)
                 32.56    0.81   50.00 ^ _19195_/A (INVx2_ASAP7_75t_R)
     4    3.28   15.61   12.25   62.25 v _19195_/Y (INVx2_ASAP7_75t_R)
                                         _13466_ (net)
                 15.61    0.02   62.26 v _19196_/A (BUFx3_ASAP7_75t_R)
     6    4.59   11.36   18.69   80.95 v _19196_/Y (BUFx3_ASAP7_75t_R)
                                         _13467_ (net)
                 11.37    0.09   81.04 v _19197_/A (BUFx3_ASAP7_75t_R)
     6    5.20   12.61   17.72   98.77 v _19197_/Y (BUFx3_ASAP7_75t_R)
                                         _13468_ (net)
                 12.75    0.74   99.51 v _19198_/A (BUFx6f_ASAP7_75t_R)
     6    6.84    9.91   15.99  115.50 v _19198_/Y (BUFx6f_ASAP7_75t_R)
                                         _13469_ (net)
                 10.36    1.11  116.61 v _19199_/A (BUFx6f_ASAP7_75t_R)
     6    7.70   10.86   15.51  132.12 v _19199_/Y (BUFx6f_ASAP7_75t_R)
                                         _13470_ (net)
                 11.68    1.58  133.69 v _21321_/A (BUFx12f_ASAP7_75t_R)
     6   11.30   10.35   14.47  148.16 v _21321_/Y (BUFx12f_ASAP7_75t_R)
                                         _15518_ (net)
                 12.44    2.30  150.46 v clone18/A (BUFx2_ASAP7_75t_R)
     6    5.00   16.55   20.48  170.94 v clone18/Y (BUFx2_ASAP7_75t_R)
                                         net18 (net)
                 16.67    0.79  171.73 v _21567_/A (BUFx3_ASAP7_75t_R)
     5    4.60   11.58   18.94  190.67 v _21567_/Y (BUFx3_ASAP7_75t_R)
                                         _15758_ (net)
                 11.62    0.35  191.02 v _22371_/C (OA211x2_ASAP7_75t_R)
     1    0.63    9.10   27.56  218.58 v _22371_/Y (OA211x2_ASAP7_75t_R)
                                         _16538_ (net)
                  9.10    0.00  218.58 v _22376_/B (OR3x1_ASAP7_75t_R)
     1    1.76   15.80   27.56  246.15 v _22376_/Y (OR3x1_ASAP7_75t_R)
                                         _16543_ (net)
                 15.82    0.25  246.40 v _22377_/B (OA21x2_ASAP7_75t_R)
     1    0.86    6.61   15.06  261.46 v _22377_/Y (OA21x2_ASAP7_75t_R)
                                         _16544_ (net)
                  6.61    0.03  261.49 v _22393_/A2 (AO21x1_ASAP7_75t_R)
     1    1.17    9.42   15.31  276.80 v _22393_/Y (AO21x1_ASAP7_75t_R)
                                         _16560_ (net)
                  9.42    0.02  276.82 v _22425_/A2 (OAI21x1_ASAP7_75t_R)
     8    8.47   57.80   27.46  304.28 ^ _22425_/Y (OAI21x1_ASAP7_75t_R)
                                         _16592_ (net)
                 57.93    1.59  305.86 ^ _24194_/B (NOR2x1_ASAP7_75t_R)
     1    0.65   15.88   14.53  320.39 v _24194_/Y (NOR2x1_ASAP7_75t_R)
                                         _05201_ (net)
                 15.88    0.00  320.40 v _24195_/B (AO21x2_ASAP7_75t_R)
     8    6.37   21.99   27.48  347.87 v _24195_/Y (AO21x2_ASAP7_75t_R)
                                         _05202_ (net)
                 22.25    1.30  349.17 v _24442_/A (AND2x2_ASAP7_75t_R)
     1    1.72    9.07   23.35  372.52 v _24442_/Y (AND2x2_ASAP7_75t_R)
                                         _17911_ (net)
                  9.07    0.03  372.56 v _35401_/CI (FAx1_ASAP7_75t_R)
     8   17.19  258.61  117.13  489.69 ^ _35401_/CON (FAx1_ASAP7_75t_R)
                                         _17962_ (net)
     4    7.67  178.32   91.40  581.08 v _35401_/SN (FAx1_ASAP7_75t_R)
                                         _17914_ (net)
                178.33    0.49  581.57 v _35040_/A (INVx2_ASAP7_75t_R)
     2    3.69   40.94   31.87  613.44 ^ _35040_/Y (INVx2_ASAP7_75t_R)
                                         _17913_ (net)
                 40.94    0.02  613.46 ^ _35461_/CI (FAx1_ASAP7_75t_R)
     7   12.20  193.78  207.88  821.34 v _35461_/SN (FAx1_ASAP7_75t_R)
                                         _18080_ (net)
                193.79    0.28  821.62 v _35462_/A (FAx1_ASAP7_75t_R)
     1    2.35   76.79   61.24  882.87 ^ _35462_/CON (FAx1_ASAP7_75t_R)
                                         _18122_ (net)
     1    0.74   56.64   20.44  903.31 v _35462_/SN (FAx1_ASAP7_75t_R)
                                         _18479_ (net)
                 56.64    0.01  903.31 v _34879_/A (INVx1_ASAP7_75t_R)
     1    2.08   25.73   20.69  924.00 ^ _34879_/Y (INVx1_ASAP7_75t_R)
                                         _18081_ (net)
                 25.73    0.03  924.04 ^ _35463_/A (FAx1_ASAP7_75t_R)
     1    0.76   23.97   37.46  961.49 v _35463_/SN (FAx1_ASAP7_75t_R)
                                         _18480_ (net)
                 23.97    0.01  961.50 v _34816_/A (INVx1_ASAP7_75t_R)
     1    1.77   16.69   13.40  974.90 ^ _34816_/Y (INVx1_ASAP7_75t_R)
                                         _18083_ (net)
                 16.69    0.05  974.95 ^ _35467_/CI (FAx1_ASAP7_75t_R)
     1    0.79   26.70   34.84 1009.79 v _35467_/SN (FAx1_ASAP7_75t_R)
                                         _18484_ (net)
                 26.70    0.01 1009.81 v _34856_/A (INVx1_ASAP7_75t_R)
     1    2.37   20.64   16.06 1025.87 ^ _34856_/Y (INVx1_ASAP7_75t_R)
                                         _18092_ (net)
                 20.64    0.09 1025.95 ^ _35468_/B (FAx1_ASAP7_75t_R)
     1    1.15   32.32   41.49 1067.44 v _35468_/SN (FAx1_ASAP7_75t_R)
                                         _18486_ (net)
                 32.32    0.03 1067.48 v _35578_/B (HAxp5_ASAP7_75t_R)
     4    3.79   77.71   70.05 1137.53 v _35578_/SN (HAxp5_ASAP7_75t_R)
                                         _00252_ (net)
                 77.71    0.04 1137.57 v _29453_/B (AO21x1_ASAP7_75t_R)
     1    0.71    8.63   25.93 1163.50 v _29453_/Y (AO21x1_ASAP7_75t_R)
                                         _09481_ (net)
                  8.63    0.01 1163.51 v _29454_/A2 (AO21x1_ASAP7_75t_R)
     2    1.18   10.40   15.89 1179.40 v _29454_/Y (AO21x1_ASAP7_75t_R)
                                         _09482_ (net)
                 10.40    0.01 1179.41 v _29488_/A2 (AO21x1_ASAP7_75t_R)
     1    0.76    8.43   15.12 1194.53 v _29488_/Y (AO21x1_ASAP7_75t_R)
                                         _09514_ (net)
                  8.43    0.02 1194.55 v _29489_/A2 (AO21x1_ASAP7_75t_R)
     2    1.15   10.17   15.74 1210.29 v _29489_/Y (AO21x1_ASAP7_75t_R)
                                         _09515_ (net)
                 10.17    0.00 1210.29 v _29532_/A2 (AO21x1_ASAP7_75t_R)
     1    0.61    7.76   14.60 1224.89 v _29532_/Y (AO21x1_ASAP7_75t_R)
                                         _09557_ (net)
                  7.76    0.01 1224.90 v _29536_/A2 (AO221x1_ASAP7_75t_R)
     2    2.41   17.58   27.08 1251.98 v _29536_/Y (AO221x1_ASAP7_75t_R)
                                         _09561_ (net)
                 17.58    0.03 1252.01 v _29607_/A1 (OA21x2_ASAP7_75t_R)
     4    4.75   17.15   24.64 1276.66 v _29607_/Y (OA21x2_ASAP7_75t_R)
                                         _09630_ (net)
                 17.21    0.58 1277.23 v _29608_/D (OR4x1_ASAP7_75t_R)
     1    0.65   12.73   32.41 1309.65 v _29608_/Y (OR4x1_ASAP7_75t_R)
                                         _09631_ (net)
                 12.73    0.01 1309.65 v _29613_/B (AND4x2_ASAP7_75t_R)
     2    3.58   14.05   20.19 1329.85 v _29613_/Y (AND4x2_ASAP7_75t_R)
                                         _09636_ (net)
                 14.25    0.94 1330.79 v _29616_/B (OR5x1_ASAP7_75t_R)
     1    1.38   17.26   38.47 1369.25 v _29616_/Y (OR5x1_ASAP7_75t_R)
                                         _09639_ (net)
                 17.27    0.07 1369.33 v _29617_/C (AOI211x1_ASAP7_75t_R)
     1    0.67   15.28   11.52 1380.84 ^ _29617_/Y (AOI211x1_ASAP7_75t_R)
                                         _09640_ (net)
                 15.28    0.00 1380.85 ^ _29620_/A2 (OA21x2_ASAP7_75t_R)
     1    4.89   20.12   22.93 1403.78 ^ _29620_/Y (OA21x2_ASAP7_75t_R)
                                         _09643_ (net)
                 20.63    1.76 1405.54 ^ _29624_/B (NOR2x2_ASAP7_75t_R)
     7    8.14   29.19   19.69 1425.23 v _29624_/Y (NOR2x2_ASAP7_75t_R)
                                         _09647_ (net)
                 29.47    1.63 1426.86 v _30626_/A (BUFx3_ASAP7_75t_R)
     5    4.58   12.17   22.12 1448.98 v _30626_/Y (BUFx3_ASAP7_75t_R)
                                         _10259_ (net)
                 12.30    0.70 1449.68 v _30976_/A1 (AO21x1_ASAP7_75t_R)
     1    0.68    6.94   16.28 1465.95 v _30976_/Y (AO21x1_ASAP7_75t_R)
                                         _03421_ (net)
                  6.94    0.01 1465.96 v gen_regfile_ff.register_file_i.rf_reg_q[607]$_DFFE_PN0P_/D (DFFASRHQNx1_ASAP7_75t_R)
                               1465.96   data arrival time

                  0.00 1260.00 1260.00   clock core_clock (rise edge)
                          0.00 1260.00   clock network delay (ideal)
                          0.00 1260.00   clock reconvergence pessimism
                               1260.00 ^ gen_regfile_ff.register_file_i.rf_reg_q[607]$_DFFE_PN0P_/CLK (DFFASRHQNx1_ASAP7_75t_R)
                         -5.39 1254.61   library setup time
                               1254.61   data required time
-----------------------------------------------------------------------------
                               1254.61   data required time
                               -1465.96   data arrival time
-----------------------------------------------------------------------------
                               -211.35   slack (VIOLATED)



==========================================================================
global place report_power
--------------------------------------------------------------------------
Group                  Internal  Switching    Leakage      Total
                          Power      Power      Power      Power (Watts)
----------------------------------------------------------------
Sequential             3.13e-03   9.15e-04   2.10e-07   4.04e-03  10.0%
Combinational          1.63e-02   1.99e-02   1.76e-06   3.62e-02  89.7%
Clock                  5.95e-07   1.04e-04   1.16e-10   1.04e-04   0.3%
Macro                  0.00e+00   0.00e+00   0.00e+00   0.00e+00   0.0%
Pad                    0.00e+00   0.00e+00   0.00e+00   0.00e+00   0.0%
----------------------------------------------------------------
Total                  1.95e-02   2.09e-02   1.97e-06   4.04e-02 100.0%
                          48.2%      51.7%       0.0%
