OpenROAD v2.0-19576-gec1bf1a13 
Features included (+) or not (-): +GPU +GUI +Python : None
This program is licensed under the BSD-3 license. See the LICENSE file for details.
Components of this program may be licensed under more restrictive licenses which must be honored.
[INFO ORD-0030] Using 16 thread(s).
Placement Analysis
---------------------------------
total displacement        513.3 u
average displacement        1.0 u
max displacement            3.0 u
original HPWL            2822.7 u
legalized HPWL           3245.6 u
delta HPWL                   15 %

Detailed placement improvement.
Importing netlist into detailed improver.
[INFO DPO-0100] Creating network with 539 cells, 54 terminals, 574 edges, 1626 pins, and 0 blockages.
[INFO DPO-0109] Network stats: inst 593, edges 574, pins 1626
[INFO DPO-0110] Number of regions is 1
[INFO DPO-0401] Setting random seed to 1.
[INFO DPO-0402] Setting maximum displacement 5 1 to 14000 2800 units.
[INFO DPO-0320] Collected 90 fixed cells.
[INFO DPO-0318] Collected 503 single height cells.
[INFO DPO-0321] Collected 0 wide cells.
[INFO DPO-0322] Image (2280, 2800) - (91580, 53200)
[INFO DPO-0310] Assigned 503 cells into segments.  Movement in X-direction is 0.000000, movement in Y-direction is 0.000000.
[INFO DPO-0313] Found 0 cells in wrong regions.
[INFO DPO-0315] Found 0 row alignment problems.
[INFO DPO-0314] Found 0 site alignment problems.
[INFO DPO-0311] Found 0 overlaps between adjacent cells.
[INFO DPO-0312] Found 0 edge spacing violations and 0 padding violations.
[INFO DPO-0303] Running algorithm for independent set matching.
[INFO DPO-0300] Set matching objective is wirelength.
[INFO DPO-0301] Pass   1 of matching; objective is 6.579995e+06.
[INFO DPO-0302] End of matching; objective is 6.569530e+06, improvement is 0.16 percent.
[INFO DPO-0303] Running algorithm for global swaps.
[INFO DPO-0306] Pass   1 of global swaps; hpwl is 6.370515e+06.
[INFO DPO-0306] Pass   2 of global swaps; hpwl is 6.316535e+06.
[INFO DPO-0307] End of global swaps; objective is 6.316535e+06, improvement is 3.85 percent.
[INFO DPO-0303] Running algorithm for vertical swaps.
[INFO DPO-0308] Pass   1 of vertical swaps; hpwl is 6.298590e+06.
[INFO DPO-0309] End of vertical swaps; objective is 6.298590e+06, improvement is 0.28 percent.
[INFO DPO-0303] Running algorithm for reordering.
[INFO DPO-0304] Pass   1 of reordering; objective is 6.262630e+06.
[INFO DPO-0305] End of reordering; objective is 6.262630e+06, improvement is 0.57 percent.
[INFO DPO-0303] Running algorithm for random improvement.
[INFO DPO-0324] Random improver is using displacement generator.
[INFO DPO-0325] Random improver is using hpwl objective.
[INFO DPO-0326] Random improver cost string is (a).
[INFO DPO-0332] End of pass, Generator displacement called 10060 times.
[INFO DPO-0335] Generator displacement, Cumulative attempts 10060, swaps 2055, moves  2721 since last reset.
[INFO DPO-0333] End of pass, Objective hpwl, Initial cost 6.262630e+06, Scratch cost 6.197635e+06, Incremental cost 6.197635e+06, Mismatch? N
[INFO DPO-0338] End of pass, Total cost is 6.197635e+06.
[INFO DPO-0327] Pass   1 of random improver; improvement in cost is 1.04 percent.
[INFO DPO-0332] End of pass, Generator displacement called 10060 times.
[INFO DPO-0335] Generator displacement, Cumulative attempts 20120, swaps 3980, moves  5446 since last reset.
[INFO DPO-0333] End of pass, Objective hpwl, Initial cost 6.197635e+06, Scratch cost 6.160420e+06, Incremental cost 6.160420e+06, Mismatch? N
[INFO DPO-0338] End of pass, Total cost is 6.160420e+06.
[INFO DPO-0327] Pass   2 of random improver; improvement in cost is 0.60 percent.
[INFO DPO-0328] End of random improver; improvement is 1.632062 percent.
[INFO DPO-0380] Cell flipping.
[INFO DPO-0382] Changed 271 cell orientations for row compatibility.
[INFO DPO-0383] Performed 167 cell flips.
[INFO DPO-0384] End of flipping; objective is 6.113020e+06, improvement is 0.77 percent.
[INFO DPO-0313] Found 0 cells in wrong regions.
[INFO DPO-0315] Found 0 row alignment problems.
[INFO DPO-0314] Found 0 site alignment problems.
[INFO DPO-0311] Found 0 overlaps between adjacent cells.
[INFO DPO-0312] Found 0 edge spacing violations and 0 padding violations.
Detailed Improvement Results
------------------------------------------
Original HPWL             3245.6 u
Final HPWL                2984.7 u
Delta HPWL                  -8.0 %

[INFO DPL-0020] Mirrored 48 instances
[INFO DPL-0021] HPWL before            2984.7 u
[INFO DPL-0022] HPWL after             2983.8 u
[INFO DPL-0023] HPWL delta               -0.0 %
[INFO FLW-0012] Placement violations .
Report metrics stage 3, detailed place...

==========================================================================
detailed place report_design_area
--------------------------------------------------------------------------
Design area 650 u^2 58% utilization.
Elapsed time: 0:00.46[h:]min:sec. CPU time: user 0.45 sys 0.00 (99%). Peak memory: 122200KB.
