OpenROAD v2.0-19576-gec1bf1a13 
Features included (+) or not (-): +GPU +GUI +Python : None
This program is licensed under the BSD-3 license. See the LICENSE file for details.
Components of this program may be licensed under more restrictive licenses which must be honored.
[INFO ORD-0030] Using 16 thread(s).
[INFO GPL-0002] DBU: 2000
[INFO GPL-0003] SiteSize: (  0.190  1.400 ) um
[INFO GPL-0004] CoreBBox: (  1.140  1.400 ) ( 42.370 29.400 ) um
[INFO GPL-0006] NumInstances:               543
[INFO GPL-0007] NumPlaceInstances:          503
[INFO GPL-0008] NumFixedInstances:           40
[INFO GPL-0009] NumDummyInstances:            0
[INFO GPL-0010] NumNets:                    574
[INFO GPL-0011] NumPins:                   1626
[INFO GPL-0012] DieBBox:  (  0.000  0.000 ) ( 43.470 31.030 ) um
[INFO GPL-0013] CoreBBox: (  1.140  1.400 ) ( 42.370 29.400 ) um
[INFO GPL-0016] CoreArea:              1154.440 um^2
[INFO GPL-0017] NonPlaceInstsArea:       10.640 um^2
[INFO GPL-0018] PlaceInstsArea:         650.104 um^2
[INFO GPL-0019] Util:                    56.837 %
[INFO GPL-0020] StdInstsArea:           650.104 um^2
[INFO GPL-0021] MacroInstsArea:           0.000 um^2
[INFO GPL-0031] FillerInit:NumGCells:       933
[INFO GPL-0032] FillerInit:NumGNets:        574
[INFO GPL-0033] FillerInit:NumGPins:       1626
[INFO GPL-0023] TargetDensity:            1.000
[INFO GPL-0024] AvrgPlaceInstArea:        1.292 um^2
[INFO GPL-0025] IdealBinArea:             1.292 um^2
[INFO GPL-0026] IdealBinCnt:                893
[INFO GPL-0027] TotalBinArea:          1154.440 um^2
[INFO GPL-0028] BinCnt:        16     16
[INFO GPL-0029] BinSize: (  2.577  1.750 )
[INFO GPL-0030] NumBins: 256
Placement density is 0.6646976566314697, computed from PLACE_DENSITY_LB_ADDON 0.20 and lower bound 0.5683720707893372
global_placement -density 0.6646976566314697 -pad_left 0 -pad_right 0
[INFO GPL-0002] DBU: 2000
[INFO GPL-0003] SiteSize: (  0.190  1.400 ) um
[INFO GPL-0004] CoreBBox: (  1.140  1.400 ) ( 42.370 29.400 ) um
[INFO GPL-0006] NumInstances:               543
[INFO GPL-0007] NumPlaceInstances:          503
[INFO GPL-0008] NumFixedInstances:           40
[INFO GPL-0009] NumDummyInstances:            0
[INFO GPL-0010] NumNets:                    574
[INFO GPL-0011] NumPins:                   1626
[INFO GPL-0012] DieBBox:  (  0.000  0.000 ) ( 43.470 31.030 ) um
[INFO GPL-0013] CoreBBox: (  1.140  1.400 ) ( 42.370 29.400 ) um
[INFO GPL-0016] CoreArea:              1154.440 um^2
[INFO GPL-0017] NonPlaceInstsArea:       10.640 um^2
[INFO GPL-0018] PlaceInstsArea:         650.104 um^2
[INFO GPL-0019] Util:                    56.837 %
[INFO GPL-0020] StdInstsArea:           650.104 um^2
[INFO GPL-0021] MacroInstsArea:           0.000 um^2
[InitialPlace]  Iter: 1 CG residual: 0.00000009 HPWL: 8464202
[InitialPlace]  Iter: 2 CG residual: 0.00000012 HPWL: 5787714
[InitialPlace]  Iter: 3 CG residual: 0.00000012 HPWL: 5800513
[InitialPlace]  Iter: 4 CG residual: 0.00000005 HPWL: 5808589
[InitialPlace]  Iter: 5 CG residual: 0.00000006 HPWL: 5807334
[INFO GPL-0031] FillerInit:NumGCells:       598
[INFO GPL-0032] FillerInit:NumGNets:        574
[INFO GPL-0033] FillerInit:NumGPins:       1626
[INFO GPL-0023] TargetDensity:            0.665
[INFO GPL-0024] AvrgPlaceInstArea:        1.292 um^2
[INFO GPL-0025] IdealBinArea:             1.944 um^2
[INFO GPL-0026] IdealBinCnt:                593
[INFO GPL-0027] TotalBinArea:          1154.440 um^2
[INFO GPL-0028] BinCnt:        16     16
[INFO GPL-0029] BinSize: (  2.577  1.750 )
[INFO GPL-0030] NumBins: 256
[NesterovSolve] Iter:    1 overflow: 0.875 HPWL: 3750630
[NesterovSolve] Iter:   10 overflow: 0.712 HPWL: 4447332
[NesterovSolve] Iter:   20 overflow: 0.682 HPWL: 4473353
[NesterovSolve] Iter:   30 overflow: 0.683 HPWL: 4455583
[NesterovSolve] Iter:   40 overflow: 0.685 HPWL: 4456081
[NesterovSolve] Iter:   50 overflow: 0.681 HPWL: 4459148
[NesterovSolve] Iter:   60 overflow: 0.683 HPWL: 4453259
[NesterovSolve] Iter:   70 overflow: 0.684 HPWL: 4452082
[NesterovSolve] Iter:   80 overflow: 0.683 HPWL: 4454300
[NesterovSolve] Iter:   90 overflow: 0.682 HPWL: 4455695
[NesterovSolve] Iter:  100 overflow: 0.682 HPWL: 4456394
[NesterovSolve] Iter:  110 overflow: 0.681 HPWL: 4457108
[NesterovSolve] Iter:  120 overflow: 0.680 HPWL: 4458532
[NesterovSolve] Iter:  130 overflow: 0.678 HPWL: 4462417
[NesterovSolve] Iter:  140 overflow: 0.675 HPWL: 4470753
[NesterovSolve] Iter:  150 overflow: 0.672 HPWL: 4482291
[NesterovSolve] Iter:  160 overflow: 0.667 HPWL: 4494740
[NesterovSolve] Iter:  170 overflow: 0.661 HPWL: 4511374
[NesterovSolve] Iter:  180 overflow: 0.653 HPWL: 4542011
[NesterovSolve] Iter:  190 overflow: 0.641 HPWL: 4590425
[NesterovSolve] Iter:  200 overflow: 0.619 HPWL: 4644175
[NesterovSolve] Iter:  210 overflow: 0.591 HPWL: 4696564
[NesterovSolve] Iter:  220 overflow: 0.560 HPWL: 4767593
[NesterovSolve] Iter:  230 overflow: 0.526 HPWL: 4851663
[NesterovSolve] Iter:  240 overflow: 0.488 HPWL: 4934386
[NesterovSolve] Iter:  250 overflow: 0.445 HPWL: 4999582
[NesterovSolve] Iter:  260 overflow: 0.396 HPWL: 5032290
[NesterovSolve] Iter:  270 overflow: 0.345 HPWL: 5072613
[NesterovSolve] Iter:  280 overflow: 0.298 HPWL: 5132547
[NesterovSolve] Iter:  290 overflow: 0.264 HPWL: 5185742
[NesterovSolve] Iter:  300 overflow: 0.227 HPWL: 5245082
[NesterovSolve] Iter:  310 overflow: 0.202 HPWL: 5284304
[NesterovSolve] Iter:  320 overflow: 0.181 HPWL: 5343131
[NesterovSolve] Iter:  330 overflow: 0.156 HPWL: 5393074
[NesterovSolve] Iter:  340 overflow: 0.134 HPWL: 5427435
[NesterovSolve] Iter:  350 overflow: 0.113 HPWL: 5456607
[NesterovSolve] Finished with Overflow: 0.099833
Report metrics stage 3, global place...

==========================================================================
global place report_design_area
--------------------------------------------------------------------------
Design area 650 u^2 56% utilization.
Elapsed time: 0:01.18[h:]min:sec. CPU time: user 11.92 sys 0.50 (1045%). Peak memory: 122380KB.
