
==========================================================================
global place report_tns
--------------------------------------------------------------------------
tns -40689.93

==========================================================================
global place report_wns
--------------------------------------------------------------------------
wns -225.27

==========================================================================
global place report_worst_slack
--------------------------------------------------------------------------
worst slack -225.27

==========================================================================
global place report_checks -path_delay min
--------------------------------------------------------------------------
Startpoint: rst_ni (input port clocked by core_clock)
Endpoint: cs_registers_i.mcycle_counter_i.counter_q[35]$_DFFE_PN0P_
          (removal check against rising-edge clock core_clock)
Path Group: asynchronous
Path Type: min

Fanout     Cap    Slew   Delay    Time   Description
-----------------------------------------------------------------------------
                  0.00    0.00    0.00   clock core_clock (rise edge)
                          0.00    0.00   clock network delay (ideal)
                        252.00  252.00 ^ input external delay
    44   49.27    0.00    0.00  252.00 ^ rst_ni (in)
                                         rst_ni (net)
                 22.89    7.22  259.22 ^ cs_registers_i.mcycle_counter_i.counter_q[35]$_DFFE_PN0P_/SETN (DFFASRHQNx1_ASAP7_75t_R)
                                259.22   data arrival time

                  0.00    0.00    0.00   clock core_clock (rise edge)
                          0.00    0.00   clock network delay (ideal)
                          0.00    0.00   clock reconvergence pessimism
                                  0.00 ^ cs_registers_i.mcycle_counter_i.counter_q[35]$_DFFE_PN0P_/CLK (DFFASRHQNx1_ASAP7_75t_R)
                         14.42   14.42   library removal time
                                 14.42   data required time
-----------------------------------------------------------------------------
                                 14.42   data required time
                               -259.22   data arrival time
-----------------------------------------------------------------------------
                                244.80   slack (MET)


Startpoint: core_clock_gate_i.en_latch$_DLATCH_N_
            (negative level-sensitive latch clocked by core_clock)
Endpoint: _35046_ (rising clock gating-check end-point clocked by core_clock)
Path Group: gated clock
Path Type: min

Fanout     Cap    Slew   Delay    Time   Description
-----------------------------------------------------------------------------
                  0.00  630.00  630.00   clock core_clock (fall edge)
                          0.00  630.00   clock network delay (ideal)
                  0.00    0.00  630.00 v core_clock_gate_i.en_latch$_DLATCH_N_/CLK (DLLx1_ASAP7_75t_R)
     1    0.33    6.15   17.32  647.32 ^ core_clock_gate_i.en_latch$_DLATCH_N_/Q (DLLx1_ASAP7_75t_R)
                                         core_clock_gate_i.en_latch (net)
                  6.15    0.00  647.33 ^ _35046_/B (AND2x2_ASAP7_75t_R)
                                647.33   data arrival time

                  0.00  630.00  630.00   clock core_clock (fall edge)
                          0.00  630.00   clock network delay (ideal)
                          0.00  630.00   clock reconvergence pessimism
                                630.00 v _35046_/A (AND2x2_ASAP7_75t_R)
                          0.00  630.00   clock gating hold time
                                630.00   data required time
-----------------------------------------------------------------------------
                                630.00   data required time
                               -647.33   data arrival time
-----------------------------------------------------------------------------
                                 17.33   slack (MET)


Startpoint: gen_regfile_ff.register_file_i.rf_reg_q[936]$_DFFE_PN0P_
            (rising edge-triggered flip-flop clocked by core_clock)
Endpoint: gen_regfile_ff.register_file_i.rf_reg_q[936]$_DFFE_PN0P_
          (rising edge-triggered flip-flop clocked by core_clock)
Path Group: core_clock
Path Type: min

Fanout     Cap    Slew   Delay    Time   Description
-----------------------------------------------------------------------------
                  0.00    0.00    0.00   clock core_clock (rise edge)
                          0.00    0.00   clock network delay (ideal)
                  0.00    0.00    0.00 ^ gen_regfile_ff.register_file_i.rf_reg_q[936]$_DFFE_PN0P_/CLK (DFFASRHQNx1_ASAP7_75t_R)
     2    1.57   19.08   39.47   39.47 ^ gen_regfile_ff.register_file_i.rf_reg_q[936]$_DFFE_PN0P_/QN (DFFASRHQNx1_ASAP7_75t_R)
                                         _00691_ (net)
                 19.08    0.01   39.48 ^ _31822_/A1 (OAI21x1_ASAP7_75t_R)
     1    0.68    6.08    7.36   46.84 v _31822_/Y (OAI21x1_ASAP7_75t_R)
                                         _03786_ (net)
                  6.08    0.02   46.85 v gen_regfile_ff.register_file_i.rf_reg_q[936]$_DFFE_PN0P_/D (DFFASRHQNx1_ASAP7_75t_R)
                                 46.85   data arrival time

                  0.00    0.00    0.00   clock core_clock (rise edge)
                          0.00    0.00   clock network delay (ideal)
                          0.00    0.00   clock reconvergence pessimism
                                  0.00 ^ gen_regfile_ff.register_file_i.rf_reg_q[936]$_DFFE_PN0P_/CLK (DFFASRHQNx1_ASAP7_75t_R)
                          9.29    9.29   library hold time
                                  9.29   data required time
-----------------------------------------------------------------------------
                                  9.29   data required time
                                -46.85   data arrival time
-----------------------------------------------------------------------------
                                 37.56   slack (MET)



==========================================================================
global place report_checks -path_delay max
--------------------------------------------------------------------------
Startpoint: rst_ni (input port clocked by core_clock)
Endpoint: gen_regfile_ff.register_file_i.rf_reg_q[68]$_DFFE_PN0P_
          (recovery check against rising-edge clock core_clock)
Path Group: asynchronous
Path Type: max

Fanout     Cap    Slew   Delay    Time   Description
-----------------------------------------------------------------------------
                  0.00    0.00    0.00   clock core_clock (rise edge)
                          0.00    0.00   clock network delay (ideal)
                        252.00  252.00 ^ input external delay
    44   61.22    0.00    0.00  252.00 ^ rst_ni (in)
                                         rst_ni (net)
                 29.01    9.15  261.15 ^ load_slew49/A (BUFx16f_ASAP7_75t_R)
    76   99.05   56.61   35.26  296.41 ^ load_slew49/Y (BUFx16f_ASAP7_75t_R)
                                         net71 (net)
                 56.66    1.24  297.66 ^ load_slew48/A (BUFx24_ASAP7_75t_R)
    79  109.09   48.41   33.26  330.91 ^ load_slew48/Y (BUFx24_ASAP7_75t_R)
                                         net70 (net)
                142.73   44.13  375.04 ^ load_slew47/A (BUFx24_ASAP7_75t_R)
    76  106.37   54.73   52.28  427.33 ^ load_slew47/Y (BUFx24_ASAP7_75t_R)
                                         net69 (net)
                 59.68    8.50  435.83 ^ load_slew42/A (BUFx16f_ASAP7_75t_R)
    75   98.55   56.46   36.61  472.44 ^ load_slew42/Y (BUFx16f_ASAP7_75t_R)
                                         net64 (net)
                 81.92   20.09  492.54 ^ load_slew41/A (BUFx16f_ASAP7_75t_R)
    78  107.82   59.93   38.10  530.64 ^ load_slew41/Y (BUFx16f_ASAP7_75t_R)
                                         net63 (net)
                 79.90   16.99  547.62 ^ load_slew40/A (BUFx24_ASAP7_75t_R)
    81  108.62   53.23   41.62  589.24 ^ load_slew40/Y (BUFx24_ASAP7_75t_R)
                                         net62 (net)
                 53.24    0.42  589.67 ^ load_slew39/A (BUFx24_ASAP7_75t_R)
   101  128.36   63.36   46.48  636.15 ^ load_slew39/Y (BUFx24_ASAP7_75t_R)
                                         net61 (net)
                 68.21    9.29  645.44 ^ gen_regfile_ff.register_file_i.rf_reg_q[68]$_DFFE_PN0P_/SETN (DFFASRHQNx1_ASAP7_75t_R)
                                645.44   data arrival time

                  0.00 1260.00 1260.00   clock core_clock (rise edge)
                          0.00 1260.00   clock network delay (ideal)
                          0.00 1260.00   clock reconvergence pessimism
                               1260.00 ^ gen_regfile_ff.register_file_i.rf_reg_q[68]$_DFFE_PN0P_/CLK (DFFASRHQNx1_ASAP7_75t_R)
                         -5.85 1254.15   library recovery time
                               1254.15   data required time
-----------------------------------------------------------------------------
                               1254.15   data required time
                               -645.44   data arrival time
-----------------------------------------------------------------------------
                                608.71   slack (MET)


Startpoint: core_clock_gate_i.en_latch$_DLATCH_N_
            (negative level-sensitive latch clocked by core_clock)
Endpoint: _35046_ (rising clock gating-check end-point clocked by core_clock)
Path Group: gated clock
Path Type: max

Fanout     Cap    Slew   Delay    Time   Description
-----------------------------------------------------------------------------
                  0.00  630.00  630.00   clock core_clock (fall edge)
                          0.00  630.00   clock network delay (ideal)
                  0.00    0.00  630.00 v core_clock_gate_i.en_latch$_DLATCH_N_/CLK (DLLx1_ASAP7_75t_R)
     1    0.58    7.42   27.22  657.22 v core_clock_gate_i.en_latch$_DLATCH_N_/Q (DLLx1_ASAP7_75t_R)
                                         core_clock_gate_i.en_latch (net)
                  7.42    0.00  657.22 v _35046_/B (AND2x2_ASAP7_75t_R)
                                657.22   data arrival time

                  0.00 1260.00 1260.00   clock core_clock (rise edge)
                          0.00 1260.00   clock network delay (ideal)
                          0.00 1260.00   clock reconvergence pessimism
                               1260.00 ^ _35046_/A (AND2x2_ASAP7_75t_R)
                          0.00 1260.00   clock gating setup time
                               1260.00   data required time
-----------------------------------------------------------------------------
                               1260.00   data required time
                               -657.22   data arrival time
-----------------------------------------------------------------------------
                                602.78   slack (MET)


Startpoint: if_stage_i.instr_rdata_alu_id_o[21]$_DFFE_PN_
            (rising edge-triggered flip-flop clocked by core_clock)
Endpoint: gen_regfile_ff.register_file_i.rf_reg_q[127]$_DFFE_PN0P_
          (rising edge-triggered flip-flop clocked by core_clock)
Path Group: core_clock
Path Type: max

Fanout     Cap    Slew   Delay    Time   Description
-----------------------------------------------------------------------------
                  0.00    0.00    0.00   clock core_clock (rise edge)
                          0.00    0.00   clock network delay (ideal)
                  0.00    0.00    0.00 ^ if_stage_i.instr_rdata_alu_id_o[21]$_DFFE_PN_/CLK (DFFHQNx2_ASAP7_75t_R)
     5    7.22   33.26   51.23   51.23 v if_stage_i.instr_rdata_alu_id_o[21]$_DFFE_PN_/QN (DFFHQNx2_ASAP7_75t_R)
                                         _01552_ (net)
                 33.31    0.71   51.94 v _19184_/A (BUFx6f_ASAP7_75t_R)
     5    8.94   12.69   22.16   74.10 v _19184_/Y (BUFx6f_ASAP7_75t_R)
                                         _13455_ (net)
                 13.30    1.48   75.58 v _19185_/A (BUFx12f_ASAP7_75t_R)
    11   10.47   10.30   15.23   90.81 v _19185_/Y (BUFx12f_ASAP7_75t_R)
                                         _13456_ (net)
                 13.73    3.06   93.87 v _19186_/A (BUFx6f_ASAP7_75t_R)
     6    7.83   10.41   17.01  110.88 v _19186_/Y (BUFx6f_ASAP7_75t_R)
                                         _13457_ (net)
                 10.42    0.14  111.02 v _19187_/A (BUFx12f_ASAP7_75t_R)
     6   14.34   11.13   14.12  125.14 v _19187_/Y (BUFx12f_ASAP7_75t_R)
                                         _13458_ (net)
                 25.00    7.15  132.29 v _21306_/A (BUFx12f_ASAP7_75t_R)
     6    9.45    8.88   19.05  151.34 v _21306_/Y (BUFx12f_ASAP7_75t_R)
                                         _15503_ (net)
                  8.88    0.08  151.42 v _21379_/A (BUFx10_ASAP7_75t_R)
    10   15.07   14.29   19.75  171.17 v _21379_/Y (BUFx10_ASAP7_75t_R)
                                         _15576_ (net)
                 16.08    2.65  173.82 v _21380_/A (BUFx6f_ASAP7_75t_R)
    10   13.39   16.74   18.68  192.49 v _21380_/Y (BUFx6f_ASAP7_75t_R)
                                         _15577_ (net)
                 21.53    4.65  197.14 v _22380_/A1 (OA211x2_ASAP7_75t_R)
     1    0.78    9.42   24.57  221.71 v _22380_/Y (OA211x2_ASAP7_75t_R)
                                         _16547_ (net)
                  9.42    0.02  221.73 v _22384_/B (OR3x1_ASAP7_75t_R)
     1    2.18   18.23   28.97  250.70 v _22384_/Y (OR3x1_ASAP7_75t_R)
                                         _16551_ (net)
                 18.26    0.41  251.11 v _22392_/B (AND3x1_ASAP7_75t_R)
     1    1.02    8.44   17.51  268.62 v _22392_/Y (AND3x1_ASAP7_75t_R)
                                         _16559_ (net)
                  8.44    0.06  268.68 v _22393_/B (AO21x1_ASAP7_75t_R)
     1    1.11    9.13   16.93  285.61 v _22393_/Y (AO21x1_ASAP7_75t_R)
                                         _16560_ (net)
                  9.13    0.01  285.62 v _22425_/A2 (OAI21x1_ASAP7_75t_R)
     8    8.10   55.88   26.78  312.40 ^ _22425_/Y (OAI21x1_ASAP7_75t_R)
                                         _16592_ (net)
                 55.92    0.83  313.23 ^ _24194_/B (NOR2x1_ASAP7_75t_R)
     1    0.65   15.55   14.30  327.52 v _24194_/Y (NOR2x1_ASAP7_75t_R)
                                         _05201_ (net)
                 15.55    0.00  327.53 v _24195_/B (AO21x2_ASAP7_75t_R)
     8    7.34   25.11   28.09  355.62 v _24195_/Y (AO21x2_ASAP7_75t_R)
                                         _05202_ (net)
                 25.82    2.30  357.92 v _24442_/A (AND2x2_ASAP7_75t_R)
     1    1.65    8.97   24.38  382.29 v _24442_/Y (AND2x2_ASAP7_75t_R)
                                         _17911_ (net)
                  8.97    0.01  382.30 v _35401_/CI (FAx1_ASAP7_75t_R)
     8   17.22  258.83  117.39  499.69 ^ _35401_/CON (FAx1_ASAP7_75t_R)
                                         _17962_ (net)
     4    7.76  180.70   91.91  591.61 v _35401_/SN (FAx1_ASAP7_75t_R)
                                         _17914_ (net)
                180.71    0.63  592.24 v _35040_/A (INVx2_ASAP7_75t_R)
     2    3.76   41.61   32.32  624.56 ^ _35040_/Y (INVx2_ASAP7_75t_R)
                                         _17913_ (net)
                 41.61    0.04  624.60 ^ _35461_/CI (FAx1_ASAP7_75t_R)
     7   12.18  193.39  208.02  832.62 v _35461_/SN (FAx1_ASAP7_75t_R)
                                         _18080_ (net)
                193.39    0.23  832.86 v _35462_/A (FAx1_ASAP7_75t_R)
     1    2.29   75.96   60.61  893.47 ^ _35462_/CON (FAx1_ASAP7_75t_R)
                                         _18122_ (net)
     1    0.76   56.90   20.51  913.98 v _35462_/SN (FAx1_ASAP7_75t_R)
                                         _18479_ (net)
                 56.90    0.01  913.99 v _34879_/A (INVx1_ASAP7_75t_R)
     1    2.11   25.96   20.86  934.85 ^ _34879_/Y (INVx1_ASAP7_75t_R)
                                         _18081_ (net)
                 25.96    0.04  934.89 ^ _35463_/A (FAx1_ASAP7_75t_R)
     1    0.77   24.22   37.76  972.65 v _35463_/SN (FAx1_ASAP7_75t_R)
                                         _18480_ (net)
                 24.22    0.01  972.66 v _34816_/A (INVx1_ASAP7_75t_R)
     1    1.76   16.70   13.43  986.09 ^ _34816_/Y (INVx1_ASAP7_75t_R)
                                         _18083_ (net)
                 16.70    0.05  986.14 ^ _35467_/CI (FAx1_ASAP7_75t_R)
     1    0.80   26.94   35.11 1021.24 v _35467_/SN (FAx1_ASAP7_75t_R)
                                         _18484_ (net)
                 26.94    0.02 1021.26 v _34856_/A (INVx1_ASAP7_75t_R)
     1    2.31   20.37   15.92 1037.18 ^ _34856_/Y (INVx1_ASAP7_75t_R)
                                         _18092_ (net)
                 20.37    0.06 1037.24 ^ _35468_/B (FAx1_ASAP7_75t_R)
     1    1.17   32.71   41.70 1078.94 v _35468_/SN (FAx1_ASAP7_75t_R)
                                         _18486_ (net)
                 32.71    0.04 1078.97 v _35578_/B (HAxp5_ASAP7_75t_R)
     4    3.72   76.51   69.39 1148.37 v _35578_/SN (HAxp5_ASAP7_75t_R)
                                         _00252_ (net)
                 76.51    0.06 1148.42 v _29453_/B (AO21x1_ASAP7_75t_R)
     1    0.72    8.63   25.81 1174.23 v _29453_/Y (AO21x1_ASAP7_75t_R)
                                         _09481_ (net)
                  8.63    0.01 1174.24 v _29454_/A2 (AO21x1_ASAP7_75t_R)
     2    1.14   10.20   15.78 1190.03 v _29454_/Y (AO21x1_ASAP7_75t_R)
                                         _09482_ (net)
                 10.20    0.01 1190.03 v _29488_/A2 (AO21x1_ASAP7_75t_R)
     1    0.71    8.15   14.92 1204.95 v _29488_/Y (AO21x1_ASAP7_75t_R)
                                         _09514_ (net)
                  8.15    0.01 1204.96 v _29489_/A2 (AO21x1_ASAP7_75t_R)
     2    1.20   10.45   15.81 1220.78 v _29489_/Y (AO21x1_ASAP7_75t_R)
                                         _09515_ (net)
                 10.45    0.02 1220.80 v _29532_/A2 (AO21x1_ASAP7_75t_R)
     1    0.58    7.62   14.59 1235.39 v _29532_/Y (AO21x1_ASAP7_75t_R)
                                         _09557_ (net)
                  7.62    0.01 1235.40 v _29536_/A2 (AO221x1_ASAP7_75t_R)
     2    2.41   17.61   27.04 1262.43 v _29536_/Y (AO221x1_ASAP7_75t_R)
                                         _09561_ (net)
                 17.61    0.05 1262.49 v _29607_/A1 (OA21x2_ASAP7_75t_R)
     4    4.85   17.31   24.82 1287.31 v _29607_/Y (OA21x2_ASAP7_75t_R)
                                         _09630_ (net)
                 17.37    0.54 1287.85 v _29609_/D (AND4x1_ASAP7_75t_R)
     1    0.79    9.67   18.06 1305.92 v _29609_/Y (AND4x1_ASAP7_75t_R)
                                         _09632_ (net)
                  9.67    0.01 1305.93 v _29610_/A (INVx1_ASAP7_75t_R)
     1    0.69    7.17    6.43 1312.36 ^ _29610_/Y (INVx1_ASAP7_75t_R)
                                         _09633_ (net)
                  7.17    0.01 1312.37 ^ _29613_/C (AND4x2_ASAP7_75t_R)
     2    4.19   24.92   36.84 1349.21 ^ _29613_/Y (AND4x2_ASAP7_75t_R)
                                         _09636_ (net)
                 25.18    1.39 1350.59 ^ _29616_/B (OR5x1_ASAP7_75t_R)
     1    1.10   11.77   22.20 1372.80 ^ _29616_/Y (OR5x1_ASAP7_75t_R)
                                         _09639_ (net)
                 11.77    0.01 1372.81 ^ _29617_/C (AOI211x1_ASAP7_75t_R)
     1    0.70   16.76    7.61 1380.42 v _29617_/Y (AOI211x1_ASAP7_75t_R)
                                         _09640_ (net)
                 16.76    0.01 1380.42 v _29620_/A2 (OA21x2_ASAP7_75t_R)
     1    3.55   14.03   23.43 1403.85 v _29620_/Y (OA21x2_ASAP7_75t_R)
                                         _09643_ (net)
                 14.15    0.73 1404.58 v _29624_/B (NOR2x2_ASAP7_75t_R)
     7   10.86   45.92   21.25 1425.82 ^ _29624_/Y (NOR2x2_ASAP7_75t_R)
                                         _09647_ (net)
                 49.92    7.17 1433.00 ^ clone7/A (BUFx3_ASAP7_75t_R)
     5    3.53   11.48   22.94 1455.94 ^ clone7/Y (BUFx3_ASAP7_75t_R)
                                         net7 (net)
                 11.48    0.02 1455.96 ^ _29627_/A2 (AO21x1_ASAP7_75t_R)
     1    0.84    8.48   14.45 1470.41 ^ _29627_/Y (AO21x1_ASAP7_75t_R)
                                         _02888_ (net)
                  8.48    0.03 1470.44 ^ gen_regfile_ff.register_file_i.rf_reg_q[127]$_DFFE_PN0P_/D (DFFASRHQNx1_ASAP7_75t_R)
                               1470.44   data arrival time

                  0.00 1260.00 1260.00   clock core_clock (rise edge)
                          0.00 1260.00   clock network delay (ideal)
                          0.00 1260.00   clock reconvergence pessimism
                               1260.00 ^ gen_regfile_ff.register_file_i.rf_reg_q[127]$_DFFE_PN0P_/CLK (DFFASRHQNx1_ASAP7_75t_R)
                        -14.83 1245.17   library setup time
                               1245.17   data required time
-----------------------------------------------------------------------------
                               1245.17   data required time
                               -1470.44   data arrival time
-----------------------------------------------------------------------------
                               -225.27   slack (VIOLATED)



==========================================================================
global place report_checks -unconstrained
--------------------------------------------------------------------------
Startpoint: rst_ni (input port clocked by core_clock)
Endpoint: gen_regfile_ff.register_file_i.rf_reg_q[68]$_DFFE_PN0P_
          (recovery check against rising-edge clock core_clock)
Path Group: asynchronous
Path Type: max

Fanout     Cap    Slew   Delay    Time   Description
-----------------------------------------------------------------------------
                  0.00    0.00    0.00   clock core_clock (rise edge)
                          0.00    0.00   clock network delay (ideal)
                        252.00  252.00 ^ input external delay
    44   61.22    0.00    0.00  252.00 ^ rst_ni (in)
                                         rst_ni (net)
                 29.01    9.15  261.15 ^ load_slew49/A (BUFx16f_ASAP7_75t_R)
    76   99.05   56.61   35.26  296.41 ^ load_slew49/Y (BUFx16f_ASAP7_75t_R)
                                         net71 (net)
                 56.66    1.24  297.66 ^ load_slew48/A (BUFx24_ASAP7_75t_R)
    79  109.09   48.41   33.26  330.91 ^ load_slew48/Y (BUFx24_ASAP7_75t_R)
                                         net70 (net)
                142.73   44.13  375.04 ^ load_slew47/A (BUFx24_ASAP7_75t_R)
    76  106.37   54.73   52.28  427.33 ^ load_slew47/Y (BUFx24_ASAP7_75t_R)
                                         net69 (net)
                 59.68    8.50  435.83 ^ load_slew42/A (BUFx16f_ASAP7_75t_R)
    75   98.55   56.46   36.61  472.44 ^ load_slew42/Y (BUFx16f_ASAP7_75t_R)
                                         net64 (net)
                 81.92   20.09  492.54 ^ load_slew41/A (BUFx16f_ASAP7_75t_R)
    78  107.82   59.93   38.10  530.64 ^ load_slew41/Y (BUFx16f_ASAP7_75t_R)
                                         net63 (net)
                 79.90   16.99  547.62 ^ load_slew40/A (BUFx24_ASAP7_75t_R)
    81  108.62   53.23   41.62  589.24 ^ load_slew40/Y (BUFx24_ASAP7_75t_R)
                                         net62 (net)
                 53.24    0.42  589.67 ^ load_slew39/A (BUFx24_ASAP7_75t_R)
   101  128.36   63.36   46.48  636.15 ^ load_slew39/Y (BUFx24_ASAP7_75t_R)
                                         net61 (net)
                 68.21    9.29  645.44 ^ gen_regfile_ff.register_file_i.rf_reg_q[68]$_DFFE_PN0P_/SETN (DFFASRHQNx1_ASAP7_75t_R)
                                645.44   data arrival time

                  0.00 1260.00 1260.00   clock core_clock (rise edge)
                          0.00 1260.00   clock network delay (ideal)
                          0.00 1260.00   clock reconvergence pessimism
                               1260.00 ^ gen_regfile_ff.register_file_i.rf_reg_q[68]$_DFFE_PN0P_/CLK (DFFASRHQNx1_ASAP7_75t_R)
                         -5.85 1254.15   library recovery time
                               1254.15   data required time
-----------------------------------------------------------------------------
                               1254.15   data required time
                               -645.44   data arrival time
-----------------------------------------------------------------------------
                                608.71   slack (MET)


Startpoint: core_clock_gate_i.en_latch$_DLATCH_N_
            (negative level-sensitive latch clocked by core_clock)
Endpoint: _35046_ (rising clock gating-check end-point clocked by core_clock)
Path Group: gated clock
Path Type: max

Fanout     Cap    Slew   Delay    Time   Description
-----------------------------------------------------------------------------
                  0.00  630.00  630.00   clock core_clock (fall edge)
                          0.00  630.00   clock network delay (ideal)
                  0.00    0.00  630.00 v core_clock_gate_i.en_latch$_DLATCH_N_/CLK (DLLx1_ASAP7_75t_R)
     1    0.58    7.42   27.22  657.22 v core_clock_gate_i.en_latch$_DLATCH_N_/Q (DLLx1_ASAP7_75t_R)
                                         core_clock_gate_i.en_latch (net)
                  7.42    0.00  657.22 v _35046_/B (AND2x2_ASAP7_75t_R)
                                657.22   data arrival time

                  0.00 1260.00 1260.00   clock core_clock (rise edge)
                          0.00 1260.00   clock network delay (ideal)
                          0.00 1260.00   clock reconvergence pessimism
                               1260.00 ^ _35046_/A (AND2x2_ASAP7_75t_R)
                          0.00 1260.00   clock gating setup time
                               1260.00   data required time
-----------------------------------------------------------------------------
                               1260.00   data required time
                               -657.22   data arrival time
-----------------------------------------------------------------------------
                                602.78   slack (MET)


Startpoint: if_stage_i.instr_rdata_alu_id_o[21]$_DFFE_PN_
            (rising edge-triggered flip-flop clocked by core_clock)
Endpoint: gen_regfile_ff.register_file_i.rf_reg_q[127]$_DFFE_PN0P_
          (rising edge-triggered flip-flop clocked by core_clock)
Path Group: core_clock
Path Type: max

Fanout     Cap    Slew   Delay    Time   Description
-----------------------------------------------------------------------------
                  0.00    0.00    0.00   clock core_clock (rise edge)
                          0.00    0.00   clock network delay (ideal)
                  0.00    0.00    0.00 ^ if_stage_i.instr_rdata_alu_id_o[21]$_DFFE_PN_/CLK (DFFHQNx2_ASAP7_75t_R)
     5    7.22   33.26   51.23   51.23 v if_stage_i.instr_rdata_alu_id_o[21]$_DFFE_PN_/QN (DFFHQNx2_ASAP7_75t_R)
                                         _01552_ (net)
                 33.31    0.71   51.94 v _19184_/A (BUFx6f_ASAP7_75t_R)
     5    8.94   12.69   22.16   74.10 v _19184_/Y (BUFx6f_ASAP7_75t_R)
                                         _13455_ (net)
                 13.30    1.48   75.58 v _19185_/A (BUFx12f_ASAP7_75t_R)
    11   10.47   10.30   15.23   90.81 v _19185_/Y (BUFx12f_ASAP7_75t_R)
                                         _13456_ (net)
                 13.73    3.06   93.87 v _19186_/A (BUFx6f_ASAP7_75t_R)
     6    7.83   10.41   17.01  110.88 v _19186_/Y (BUFx6f_ASAP7_75t_R)
                                         _13457_ (net)
                 10.42    0.14  111.02 v _19187_/A (BUFx12f_ASAP7_75t_R)
     6   14.34   11.13   14.12  125.14 v _19187_/Y (BUFx12f_ASAP7_75t_R)
                                         _13458_ (net)
                 25.00    7.15  132.29 v _21306_/A (BUFx12f_ASAP7_75t_R)
     6    9.45    8.88   19.05  151.34 v _21306_/Y (BUFx12f_ASAP7_75t_R)
                                         _15503_ (net)
                  8.88    0.08  151.42 v _21379_/A (BUFx10_ASAP7_75t_R)
    10   15.07   14.29   19.75  171.17 v _21379_/Y (BUFx10_ASAP7_75t_R)
                                         _15576_ (net)
                 16.08    2.65  173.82 v _21380_/A (BUFx6f_ASAP7_75t_R)
    10   13.39   16.74   18.68  192.49 v _21380_/Y (BUFx6f_ASAP7_75t_R)
                                         _15577_ (net)
                 21.53    4.65  197.14 v _22380_/A1 (OA211x2_ASAP7_75t_R)
     1    0.78    9.42   24.57  221.71 v _22380_/Y (OA211x2_ASAP7_75t_R)
                                         _16547_ (net)
                  9.42    0.02  221.73 v _22384_/B (OR3x1_ASAP7_75t_R)
     1    2.18   18.23   28.97  250.70 v _22384_/Y (OR3x1_ASAP7_75t_R)
                                         _16551_ (net)
                 18.26    0.41  251.11 v _22392_/B (AND3x1_ASAP7_75t_R)
     1    1.02    8.44   17.51  268.62 v _22392_/Y (AND3x1_ASAP7_75t_R)
                                         _16559_ (net)
                  8.44    0.06  268.68 v _22393_/B (AO21x1_ASAP7_75t_R)
     1    1.11    9.13   16.93  285.61 v _22393_/Y (AO21x1_ASAP7_75t_R)
                                         _16560_ (net)
                  9.13    0.01  285.62 v _22425_/A2 (OAI21x1_ASAP7_75t_R)
     8    8.10   55.88   26.78  312.40 ^ _22425_/Y (OAI21x1_ASAP7_75t_R)
                                         _16592_ (net)
                 55.92    0.83  313.23 ^ _24194_/B (NOR2x1_ASAP7_75t_R)
     1    0.65   15.55   14.30  327.52 v _24194_/Y (NOR2x1_ASAP7_75t_R)
                                         _05201_ (net)
                 15.55    0.00  327.53 v _24195_/B (AO21x2_ASAP7_75t_R)
     8    7.34   25.11   28.09  355.62 v _24195_/Y (AO21x2_ASAP7_75t_R)
                                         _05202_ (net)
                 25.82    2.30  357.92 v _24442_/A (AND2x2_ASAP7_75t_R)
     1    1.65    8.97   24.38  382.29 v _24442_/Y (AND2x2_ASAP7_75t_R)
                                         _17911_ (net)
                  8.97    0.01  382.30 v _35401_/CI (FAx1_ASAP7_75t_R)
     8   17.22  258.83  117.39  499.69 ^ _35401_/CON (FAx1_ASAP7_75t_R)
                                         _17962_ (net)
     4    7.76  180.70   91.91  591.61 v _35401_/SN (FAx1_ASAP7_75t_R)
                                         _17914_ (net)
                180.71    0.63  592.24 v _35040_/A (INVx2_ASAP7_75t_R)
     2    3.76   41.61   32.32  624.56 ^ _35040_/Y (INVx2_ASAP7_75t_R)
                                         _17913_ (net)
                 41.61    0.04  624.60 ^ _35461_/CI (FAx1_ASAP7_75t_R)
     7   12.18  193.39  208.02  832.62 v _35461_/SN (FAx1_ASAP7_75t_R)
                                         _18080_ (net)
                193.39    0.23  832.86 v _35462_/A (FAx1_ASAP7_75t_R)
     1    2.29   75.96   60.61  893.47 ^ _35462_/CON (FAx1_ASAP7_75t_R)
                                         _18122_ (net)
     1    0.76   56.90   20.51  913.98 v _35462_/SN (FAx1_ASAP7_75t_R)
                                         _18479_ (net)
                 56.90    0.01  913.99 v _34879_/A (INVx1_ASAP7_75t_R)
     1    2.11   25.96   20.86  934.85 ^ _34879_/Y (INVx1_ASAP7_75t_R)
                                         _18081_ (net)
                 25.96    0.04  934.89 ^ _35463_/A (FAx1_ASAP7_75t_R)
     1    0.77   24.22   37.76  972.65 v _35463_/SN (FAx1_ASAP7_75t_R)
                                         _18480_ (net)
                 24.22    0.01  972.66 v _34816_/A (INVx1_ASAP7_75t_R)
     1    1.76   16.70   13.43  986.09 ^ _34816_/Y (INVx1_ASAP7_75t_R)
                                         _18083_ (net)
                 16.70    0.05  986.14 ^ _35467_/CI (FAx1_ASAP7_75t_R)
     1    0.80   26.94   35.11 1021.24 v _35467_/SN (FAx1_ASAP7_75t_R)
                                         _18484_ (net)
                 26.94    0.02 1021.26 v _34856_/A (INVx1_ASAP7_75t_R)
     1    2.31   20.37   15.92 1037.18 ^ _34856_/Y (INVx1_ASAP7_75t_R)
                                         _18092_ (net)
                 20.37    0.06 1037.24 ^ _35468_/B (FAx1_ASAP7_75t_R)
     1    1.17   32.71   41.70 1078.94 v _35468_/SN (FAx1_ASAP7_75t_R)
                                         _18486_ (net)
                 32.71    0.04 1078.97 v _35578_/B (HAxp5_ASAP7_75t_R)
     4    3.72   76.51   69.39 1148.37 v _35578_/SN (HAxp5_ASAP7_75t_R)
                                         _00252_ (net)
                 76.51    0.06 1148.42 v _29453_/B (AO21x1_ASAP7_75t_R)
     1    0.72    8.63   25.81 1174.23 v _29453_/Y (AO21x1_ASAP7_75t_R)
                                         _09481_ (net)
                  8.63    0.01 1174.24 v _29454_/A2 (AO21x1_ASAP7_75t_R)
     2    1.14   10.20   15.78 1190.03 v _29454_/Y (AO21x1_ASAP7_75t_R)
                                         _09482_ (net)
                 10.20    0.01 1190.03 v _29488_/A2 (AO21x1_ASAP7_75t_R)
     1    0.71    8.15   14.92 1204.95 v _29488_/Y (AO21x1_ASAP7_75t_R)
                                         _09514_ (net)
                  8.15    0.01 1204.96 v _29489_/A2 (AO21x1_ASAP7_75t_R)
     2    1.20   10.45   15.81 1220.78 v _29489_/Y (AO21x1_ASAP7_75t_R)
                                         _09515_ (net)
                 10.45    0.02 1220.80 v _29532_/A2 (AO21x1_ASAP7_75t_R)
     1    0.58    7.62   14.59 1235.39 v _29532_/Y (AO21x1_ASAP7_75t_R)
                                         _09557_ (net)
                  7.62    0.01 1235.40 v _29536_/A2 (AO221x1_ASAP7_75t_R)
     2    2.41   17.61   27.04 1262.43 v _29536_/Y (AO221x1_ASAP7_75t_R)
                                         _09561_ (net)
                 17.61    0.05 1262.49 v _29607_/A1 (OA21x2_ASAP7_75t_R)
     4    4.85   17.31   24.82 1287.31 v _29607_/Y (OA21x2_ASAP7_75t_R)
                                         _09630_ (net)
                 17.37    0.54 1287.85 v _29609_/D (AND4x1_ASAP7_75t_R)
     1    0.79    9.67   18.06 1305.92 v _29609_/Y (AND4x1_ASAP7_75t_R)
                                         _09632_ (net)
                  9.67    0.01 1305.93 v _29610_/A (INVx1_ASAP7_75t_R)
     1    0.69    7.17    6.43 1312.36 ^ _29610_/Y (INVx1_ASAP7_75t_R)
                                         _09633_ (net)
                  7.17    0.01 1312.37 ^ _29613_/C (AND4x2_ASAP7_75t_R)
     2    4.19   24.92   36.84 1349.21 ^ _29613_/Y (AND4x2_ASAP7_75t_R)
                                         _09636_ (net)
                 25.18    1.39 1350.59 ^ _29616_/B (OR5x1_ASAP7_75t_R)
     1    1.10   11.77   22.20 1372.80 ^ _29616_/Y (OR5x1_ASAP7_75t_R)
                                         _09639_ (net)
                 11.77    0.01 1372.81 ^ _29617_/C (AOI211x1_ASAP7_75t_R)
     1    0.70   16.76    7.61 1380.42 v _29617_/Y (AOI211x1_ASAP7_75t_R)
                                         _09640_ (net)
                 16.76    0.01 1380.42 v _29620_/A2 (OA21x2_ASAP7_75t_R)
     1    3.55   14.03   23.43 1403.85 v _29620_/Y (OA21x2_ASAP7_75t_R)
                                         _09643_ (net)
                 14.15    0.73 1404.58 v _29624_/B (NOR2x2_ASAP7_75t_R)
     7   10.86   45.92   21.25 1425.82 ^ _29624_/Y (NOR2x2_ASAP7_75t_R)
                                         _09647_ (net)
                 49.92    7.17 1433.00 ^ clone7/A (BUFx3_ASAP7_75t_R)
     5    3.53   11.48   22.94 1455.94 ^ clone7/Y (BUFx3_ASAP7_75t_R)
                                         net7 (net)
                 11.48    0.02 1455.96 ^ _29627_/A2 (AO21x1_ASAP7_75t_R)
     1    0.84    8.48   14.45 1470.41 ^ _29627_/Y (AO21x1_ASAP7_75t_R)
                                         _02888_ (net)
                  8.48    0.03 1470.44 ^ gen_regfile_ff.register_file_i.rf_reg_q[127]$_DFFE_PN0P_/D (DFFASRHQNx1_ASAP7_75t_R)
                               1470.44   data arrival time

                  0.00 1260.00 1260.00   clock core_clock (rise edge)
                          0.00 1260.00   clock network delay (ideal)
                          0.00 1260.00   clock reconvergence pessimism
                               1260.00 ^ gen_regfile_ff.register_file_i.rf_reg_q[127]$_DFFE_PN0P_/CLK (DFFASRHQNx1_ASAP7_75t_R)
                        -14.83 1245.17   library setup time
                               1245.17   data required time
-----------------------------------------------------------------------------
                               1245.17   data required time
                               -1470.44   data arrival time
-----------------------------------------------------------------------------
                               -225.27   slack (VIOLATED)



==========================================================================
global place report_power
--------------------------------------------------------------------------
Group                  Internal  Switching    Leakage      Total
                          Power      Power      Power      Power (Watts)
----------------------------------------------------------------
Sequential             3.13e-03   9.78e-04   2.10e-07   4.10e-03  10.1%
Combinational          1.63e-02   2.00e-02   1.79e-06   3.64e-02  89.6%
Clock                  5.95e-07   1.04e-04   1.16e-10   1.04e-04   0.3%
Macro                  0.00e+00   0.00e+00   0.00e+00   0.00e+00   0.0%
Pad                    0.00e+00   0.00e+00   0.00e+00   0.00e+00   0.0%
----------------------------------------------------------------
Total                  1.95e-02   2.11e-02   2.00e-06   4.06e-02 100.0%
                          47.9%      52.1%       0.0%
