
==========================================================================
global place report_tns
--------------------------------------------------------------------------
tns -51647.97

==========================================================================
global place report_wns
--------------------------------------------------------------------------
wns -264.77

==========================================================================
global place report_worst_slack
--------------------------------------------------------------------------
worst slack -264.77

==========================================================================
global place report_checks -path_delay min
--------------------------------------------------------------------------
Startpoint: rst_ni (input port clocked by core_clock)
Endpoint: gen_regfile_ff.register_file_i.rf_reg_q[853]$_DFFE_PN0P_
          (removal check against rising-edge clock core_clock)
Path Group: asynchronous
Path Type: min

Fanout     Cap    Slew   Delay    Time   Description
-----------------------------------------------------------------------------
                  0.00    0.00    0.00   clock core_clock (rise edge)
                          0.00    0.00   clock network delay (ideal)
                        252.00  252.00 ^ input external delay
    65   74.11    0.00    0.00  252.00 ^ rst_ni (in)
                                         rst_ni (net)
                 80.26   25.32  277.32 ^ gen_regfile_ff.register_file_i.rf_reg_q[853]$_DFFE_PN0P_/SETN (DFFASRHQNx1_ASAP7_75t_R)
                                277.32   data arrival time

                  0.00    0.00    0.00   clock core_clock (rise edge)
                          0.00    0.00   clock network delay (ideal)
                          0.00    0.00   clock reconvergence pessimism
                                  0.00 ^ gen_regfile_ff.register_file_i.rf_reg_q[853]$_DFFE_PN0P_/CLK (DFFASRHQNx1_ASAP7_75t_R)
                         12.00   12.00   library removal time
                                 12.00   data required time
-----------------------------------------------------------------------------
                                 12.00   data required time
                               -277.32   data arrival time
-----------------------------------------------------------------------------
                                265.32   slack (MET)


Startpoint: core_clock_gate_i.en_latch$_DLATCH_N_
            (negative level-sensitive latch clocked by core_clock)
Endpoint: _35046_ (rising clock gating-check end-point clocked by core_clock)
Path Group: gated clock
Path Type: min

Fanout     Cap    Slew   Delay    Time   Description
-----------------------------------------------------------------------------
                  0.00  630.00  630.00   clock core_clock (fall edge)
                          0.00  630.00   clock network delay (ideal)
                  0.00    0.00  630.00 v core_clock_gate_i.en_latch$_DLATCH_N_/CLK (DLLx1_ASAP7_75t_R)
     1    0.33    6.16   17.33  647.33 ^ core_clock_gate_i.en_latch$_DLATCH_N_/Q (DLLx1_ASAP7_75t_R)
                                         core_clock_gate_i.en_latch (net)
                  6.16    0.00  647.33 ^ _35046_/B (AND2x2_ASAP7_75t_R)
                                647.33   data arrival time

                  0.00  630.00  630.00   clock core_clock (fall edge)
                          0.00  630.00   clock network delay (ideal)
                          0.00  630.00   clock reconvergence pessimism
                                630.00 v _35046_/A (AND2x2_ASAP7_75t_R)
                          0.00  630.00   clock gating hold time
                                630.00   data required time
-----------------------------------------------------------------------------
                                630.00   data required time
                               -647.33   data arrival time
-----------------------------------------------------------------------------
                                 17.33   slack (MET)


Startpoint: cs_registers_i.u_mstack_epc_csr.rdata_q[4]$_DFFE_PN0P_
            (rising edge-triggered flip-flop clocked by core_clock)
Endpoint: cs_registers_i.u_mstack_epc_csr.rdata_q[4]$_DFFE_PN0P_
          (rising edge-triggered flip-flop clocked by core_clock)
Path Group: core_clock
Path Type: min

Fanout     Cap    Slew   Delay    Time   Description
-----------------------------------------------------------------------------
                  0.00    0.00    0.00   clock core_clock (rise edge)
                          0.00    0.00   clock network delay (ideal)
                  0.00    0.00    0.00 ^ cs_registers_i.u_mstack_epc_csr.rdata_q[4]$_DFFE_PN0P_/CLK (DFFASRHQNx1_ASAP7_75t_R)
     2    1.25   16.82   38.00   38.00 ^ cs_registers_i.u_mstack_epc_csr.rdata_q[4]$_DFFE_PN0P_/QN (DFFASRHQNx1_ASAP7_75t_R)
                                         _01861_ (net)
                 16.82    0.00   38.00 ^ _27552_/A1 (AOI21x1_ASAP7_75t_R)
     1    0.70    5.65    8.92   46.92 v _27552_/Y (AOI21x1_ASAP7_75t_R)
                                         _02719_ (net)
                  5.65    0.02   46.94 v cs_registers_i.u_mstack_epc_csr.rdata_q[4]$_DFFE_PN0P_/D (DFFASRHQNx1_ASAP7_75t_R)
                                 46.94   data arrival time

                  0.00    0.00    0.00   clock core_clock (rise edge)
                          0.00    0.00   clock network delay (ideal)
                          0.00    0.00   clock reconvergence pessimism
                                  0.00 ^ cs_registers_i.u_mstack_epc_csr.rdata_q[4]$_DFFE_PN0P_/CLK (DFFASRHQNx1_ASAP7_75t_R)
                          9.34    9.34   library hold time
                                  9.34   data required time
-----------------------------------------------------------------------------
                                  9.34   data required time
                                -46.94   data arrival time
-----------------------------------------------------------------------------
                                 37.60   slack (MET)



==========================================================================
global place report_checks -path_delay max
--------------------------------------------------------------------------
Startpoint: rst_ni (input port clocked by core_clock)
Endpoint: cs_registers_i.u_mscratch_csr.rdata_q[5]$_DFFE_PN0P_
          (recovery check against rising-edge clock core_clock)
Path Group: asynchronous
Path Type: max

Fanout     Cap    Slew   Delay    Time   Description
-----------------------------------------------------------------------------
                  0.00    0.00    0.00   clock core_clock (rise edge)
                          0.00    0.00   clock network delay (ideal)
                        252.00  252.00 ^ input external delay
    65   91.67    0.00    0.00  252.00 ^ rst_ni (in)
                                         rst_ni (net)
                101.10   31.89  283.89 ^ load_slew50/A (BUFx24_ASAP7_75t_R)
    96  129.29   62.84   46.76  330.65 ^ load_slew50/Y (BUFx24_ASAP7_75t_R)
                                         net72 (net)
                100.63   25.86  356.51 ^ load_slew44/A (BUFx16f_ASAP7_75t_R)
    77  106.44   60.83   42.62  399.13 ^ load_slew44/Y (BUFx16f_ASAP7_75t_R)
                                         net66 (net)
                 88.18   21.44  420.57 ^ load_slew43/A (BUFx24_ASAP7_75t_R)
    78  106.55   44.67   39.07  459.64 ^ load_slew43/Y (BUFx24_ASAP7_75t_R)
                                         net65 (net)
                132.19   39.61  499.25 ^ load_slew42/A (BUFx24_ASAP7_75t_R)
    80  112.96   43.40   41.63  540.88 ^ load_slew42/Y (BUFx24_ASAP7_75t_R)
                                         net64 (net)
                193.07   60.59  601.47 ^ load_slew39/A (BUFx24_ASAP7_75t_R)
    97  125.17   62.75   50.46  651.93 ^ load_slew39/Y (BUFx24_ASAP7_75t_R)
                                         net61 (net)
                130.08   37.97  689.90 ^ cs_registers_i.u_mscratch_csr.rdata_q[5]$_DFFE_PN0P_/SETN (DFFASRHQNx1_ASAP7_75t_R)
                                689.90   data arrival time

                  0.00 1260.00 1260.00   clock core_clock (rise edge)
                          0.00 1260.00   clock network delay (ideal)
                          0.00 1260.00   clock reconvergence pessimism
                               1260.00 ^ cs_registers_i.u_mscratch_csr.rdata_q[5]$_DFFE_PN0P_/CLK (DFFASRHQNx1_ASAP7_75t_R)
                        -13.41 1246.59   library recovery time
                               1246.59   data required time
-----------------------------------------------------------------------------
                               1246.59   data required time
                               -689.90   data arrival time
-----------------------------------------------------------------------------
                                556.69   slack (MET)


Startpoint: core_clock_gate_i.en_latch$_DLATCH_N_
            (negative level-sensitive latch clocked by core_clock)
Endpoint: _35046_ (rising clock gating-check end-point clocked by core_clock)
Path Group: gated clock
Path Type: max

Fanout     Cap    Slew   Delay    Time   Description
-----------------------------------------------------------------------------
                  0.00  630.00  630.00   clock core_clock (fall edge)
                          0.00  630.00   clock network delay (ideal)
                  0.00    0.00  630.00 v core_clock_gate_i.en_latch$_DLATCH_N_/CLK (DLLx1_ASAP7_75t_R)
     1    0.58    7.43   27.22  657.22 v core_clock_gate_i.en_latch$_DLATCH_N_/Q (DLLx1_ASAP7_75t_R)
                                         core_clock_gate_i.en_latch (net)
                  7.43    0.00  657.22 v _35046_/B (AND2x2_ASAP7_75t_R)
                                657.22   data arrival time

                  0.00 1260.00 1260.00   clock core_clock (rise edge)
                          0.00 1260.00   clock network delay (ideal)
                          0.00 1260.00   clock reconvergence pessimism
                               1260.00 ^ _35046_/A (AND2x2_ASAP7_75t_R)
                          0.00 1260.00   clock gating setup time
                               1260.00   data required time
-----------------------------------------------------------------------------
                               1260.00   data required time
                               -657.22   data arrival time
-----------------------------------------------------------------------------
                                602.78   slack (MET)


Startpoint: if_stage_i.instr_rdata_alu_id_o[20]$_DFFE_PN_
            (rising edge-triggered flip-flop clocked by core_clock)
Endpoint: gen_regfile_ff.register_file_i.rf_reg_q[639]$_DFFE_PN0P_
          (rising edge-triggered flip-flop clocked by core_clock)
Path Group: core_clock
Path Type: max

Fanout     Cap    Slew   Delay    Time   Description
-----------------------------------------------------------------------------
                  0.00    0.00    0.00   clock core_clock (rise edge)
                          0.00    0.00   clock network delay (ideal)
                  0.00    0.00    0.00 ^ if_stage_i.instr_rdata_alu_id_o[20]$_DFFE_PN_/CLK (DFFHQNx2_ASAP7_75t_R)
     6    7.57   34.83   51.57   51.57 v if_stage_i.instr_rdata_alu_id_o[20]$_DFFE_PN_/QN (DFFHQNx2_ASAP7_75t_R)
                                         _00368_ (net)
                 35.04    1.51   53.08 v _19205_/A (BUFx3_ASAP7_75t_R)
     5    5.77   13.73   24.81   77.89 v _19205_/Y (BUFx3_ASAP7_75t_R)
                                         _13476_ (net)
                 13.73    0.07   77.96 v _19206_/A (BUFx6f_ASAP7_75t_R)
    10   12.68   15.49   18.56   96.52 v _19206_/Y (BUFx6f_ASAP7_75t_R)
                                         _13477_ (net)
                 16.41    2.02   98.54 v _19207_/A (BUFx6f_ASAP7_75t_R)
    10   13.71   16.69   19.53  118.08 v _19207_/Y (BUFx6f_ASAP7_75t_R)
                                         _13478_ (net)
                 17.20    1.62  119.69 v _19208_/A (BUFx16f_ASAP7_75t_R)
    19   31.33   19.50   21.35  141.05 v _19208_/Y (BUFx16f_ASAP7_75t_R)
                                         _13479_ (net)
                 20.01    1.81  142.86 v _21620_/A (BUFx12_ASAP7_75t_R)
    10   18.22   15.99   24.41  167.27 v _21620_/Y (BUFx12_ASAP7_75t_R)
                                         _15811_ (net)
                 29.19    7.93  175.19 v _22242_/C (OA211x2_ASAP7_75t_R)
     1    0.72    9.40   33.75  208.94 v _22242_/Y (OA211x2_ASAP7_75t_R)
                                         _16414_ (net)
                  9.40    0.01  208.96 v _22243_/C (OR3x2_ASAP7_75t_R)
     1    2.42   15.00   32.26  241.21 v _22243_/Y (OR3x2_ASAP7_75t_R)
                                         _16415_ (net)
                 15.06    0.53  241.74 v _22244_/B (OA211x2_ASAP7_75t_R)
     1    0.64    9.12   27.14  268.88 v _22244_/Y (OA211x2_ASAP7_75t_R)
                                         _16416_ (net)
                  9.12    0.00  268.89 v _22262_/C (OR3x4_ASAP7_75t_R)
     2    4.71   20.41   43.77  312.66 v _22262_/Y (OR3x4_ASAP7_75t_R)
                                         _16434_ (net)
                 20.95    1.79  314.44 v _22294_/B (AND2x6_ASAP7_75t_R)
     6   10.06   17.73   25.60  340.04 v _22294_/Y (AND2x6_ASAP7_75t_R)
                                         _16466_ (net)
                 22.00    4.41  344.45 v _24184_/A2 (AO21x2_ASAP7_75t_R)
     8    8.32   27.08   30.21  374.67 v _24184_/Y (AO21x2_ASAP7_75t_R)
                                         _05194_ (net)
                 27.82    2.47  377.14 v _24433_/B (NAND2x2_ASAP7_75t_R)
     2    3.39   19.56   17.59  394.73 ^ _24433_/Y (NAND2x2_ASAP7_75t_R)
                                         _17863_ (net)
                 19.56    0.03  394.75 ^ _24434_/A (INVx2_ASAP7_75t_R)
     1    2.31   10.57    8.62  403.37 v _24434_/Y (INVx2_ASAP7_75t_R)
                                         _17910_ (net)
                 10.57    0.06  403.42 v _35401_/B (FAx1_ASAP7_75t_R)
     8   17.43  261.78  119.50  522.92 ^ _35401_/CON (FAx1_ASAP7_75t_R)
                                         _17962_ (net)
     4    7.79  181.07   92.58  615.50 v _35401_/SN (FAx1_ASAP7_75t_R)
                                         _17914_ (net)
                181.08    0.59  616.09 v _35040_/A (INVx2_ASAP7_75t_R)
     2    3.75   41.62   32.33  648.42 ^ _35040_/Y (INVx2_ASAP7_75t_R)
                                         _17913_ (net)
                 41.62    0.04  648.46 ^ _35461_/CI (FAx1_ASAP7_75t_R)
     7   12.20  193.63  208.55  857.00 v _35461_/SN (FAx1_ASAP7_75t_R)
                                         _18080_ (net)
                193.63    0.13  857.13 v _35462_/A (FAx1_ASAP7_75t_R)
     1    2.34   76.56   61.06  918.19 ^ _35462_/CON (FAx1_ASAP7_75t_R)
                                         _18122_ (net)
     1    0.80   57.53   20.88  939.07 v _35462_/SN (FAx1_ASAP7_75t_R)
                                         _18479_ (net)
                 57.53    0.02  939.09 v _34879_/A (INVx1_ASAP7_75t_R)
     1    2.16   26.40   21.18  960.27 ^ _34879_/Y (INVx1_ASAP7_75t_R)
                                         _18081_ (net)
                 26.40    0.06  960.33 ^ _35463_/A (FAx1_ASAP7_75t_R)
     1    0.85   25.26   38.99  999.32 v _35463_/SN (FAx1_ASAP7_75t_R)
                                         _18480_ (net)
                 25.26    0.02  999.34 v _34816_/A (INVx1_ASAP7_75t_R)
     1    1.76   16.95   13.64 1012.99 ^ _34816_/Y (INVx1_ASAP7_75t_R)
                                         _18083_ (net)
                 16.96    0.05 1013.03 ^ _35467_/CI (FAx1_ASAP7_75t_R)
     1    0.94   28.70   37.17 1050.20 v _35467_/SN (FAx1_ASAP7_75t_R)
                                         _18484_ (net)
                 28.70    0.04 1050.24 v _34856_/A (INVx1_ASAP7_75t_R)
     1    2.26   20.51   16.15 1066.39 ^ _34856_/Y (INVx1_ASAP7_75t_R)
                                         _18092_ (net)
                 20.51    0.03 1066.43 ^ _35468_/B (FAx1_ASAP7_75t_R)
     1    1.16   32.70   41.66 1108.08 v _35468_/SN (FAx1_ASAP7_75t_R)
                                         _18486_ (net)
                 32.70    0.03 1108.12 v _35578_/B (HAxp5_ASAP7_75t_R)
     4    3.79   77.69   70.15 1178.27 v _35578_/SN (HAxp5_ASAP7_75t_R)
                                         _00252_ (net)
                 77.69    0.05 1178.31 v _29453_/B (AO21x1_ASAP7_75t_R)
     1    0.68    8.47   25.82 1204.13 v _29453_/Y (AO21x1_ASAP7_75t_R)
                                         _09481_ (net)
                  8.47    0.01 1204.14 v _29454_/A2 (AO21x1_ASAP7_75t_R)
     2    1.17   10.16   15.83 1219.97 v _29454_/Y (AO21x1_ASAP7_75t_R)
                                         _09482_ (net)
                 10.16    0.01 1219.99 v _29488_/A2 (AO21x1_ASAP7_75t_R)
     1    0.76    8.39   15.05 1235.04 v _29488_/Y (AO21x1_ASAP7_75t_R)
                                         _09514_ (net)
                  8.39    0.02 1235.05 v _29489_/A2 (AO21x1_ASAP7_75t_R)
     2    1.17   10.42   15.81 1250.86 v _29489_/Y (AO21x1_ASAP7_75t_R)
                                         _09515_ (net)
                 10.42    0.00 1250.87 v _29532_/A2 (AO21x1_ASAP7_75t_R)
     1    0.64    7.98   14.77 1265.64 v _29532_/Y (AO21x1_ASAP7_75t_R)
                                         _09557_ (net)
                  7.98    0.02 1265.65 v _29536_/A2 (AO221x1_ASAP7_75t_R)
     2    2.45   17.84   27.24 1292.89 v _29536_/Y (AO221x1_ASAP7_75t_R)
                                         _09561_ (net)
                 17.85    0.06 1292.96 v _29607_/A1 (OA21x2_ASAP7_75t_R)
     4    4.05   15.00   23.85 1316.80 v _29607_/Y (OA21x2_ASAP7_75t_R)
                                         _09630_ (net)
                 15.01    0.21 1317.01 v _29609_/D (AND4x1_ASAP7_75t_R)
     1    0.76    9.16   17.15 1334.16 v _29609_/Y (AND4x1_ASAP7_75t_R)
                                         _09632_ (net)
                  9.17    0.01 1334.17 v _29610_/A (INVx1_ASAP7_75t_R)
     1    0.72    7.18    6.35 1340.52 ^ _29610_/Y (INVx1_ASAP7_75t_R)
                                         _09633_ (net)
                  7.18    0.01 1340.53 ^ _29613_/C (AND4x2_ASAP7_75t_R)
     2    6.37   32.93   40.75 1381.28 ^ _29613_/Y (AND4x2_ASAP7_75t_R)
                                         _09636_ (net)
                 34.24    3.50 1384.78 ^ _29616_/B (OR5x1_ASAP7_75t_R)
     1    1.10   11.73   24.37 1409.15 ^ _29616_/Y (OR5x1_ASAP7_75t_R)
                                         _09639_ (net)
                 11.73    0.01 1409.16 ^ _29617_/C (AOI211x1_ASAP7_75t_R)
     1    0.69   16.74    7.60 1416.76 v _29617_/Y (AOI211x1_ASAP7_75t_R)
                                         _09640_ (net)
                 16.74    0.01 1416.76 v _29620_/A2 (OA21x2_ASAP7_75t_R)
     1    2.24   10.19   21.65 1438.42 v _29620_/Y (OA21x2_ASAP7_75t_R)
                                         _09643_ (net)
                 10.19    0.02 1438.44 v _29624_/B (NOR2x2_ASAP7_75t_R)
     7   12.97   54.17   21.16 1459.60 ^ _29624_/Y (NOR2x2_ASAP7_75t_R)
                                         _09647_ (net)
                 63.29   11.48 1471.08 ^ _30626_/A (BUFx3_ASAP7_75t_R)
     5    4.24   13.27   25.23 1496.31 ^ _30626_/Y (BUFx3_ASAP7_75t_R)
                                         _10259_ (net)
                 13.29    0.25 1496.56 ^ _31057_/A1 (AO21x1_ASAP7_75t_R)
     1    0.65    7.73   13.45 1510.01 ^ _31057_/Y (AO21x1_ASAP7_75t_R)
                                         _03456_ (net)
                  7.73    0.00 1510.01 ^ gen_regfile_ff.register_file_i.rf_reg_q[639]$_DFFE_PN0P_/D (DFFASRHQNx1_ASAP7_75t_R)
                               1510.01   data arrival time

                  0.00 1260.00 1260.00   clock core_clock (rise edge)
                          0.00 1260.00   clock network delay (ideal)
                          0.00 1260.00   clock reconvergence pessimism
                               1260.00 ^ gen_regfile_ff.register_file_i.rf_reg_q[639]$_DFFE_PN0P_/CLK (DFFASRHQNx1_ASAP7_75t_R)
                        -14.76 1245.24   library setup time
                               1245.24   data required time
-----------------------------------------------------------------------------
                               1245.24   data required time
                               -1510.01   data arrival time
-----------------------------------------------------------------------------
                               -264.77   slack (VIOLATED)



==========================================================================
global place report_checks -unconstrained
--------------------------------------------------------------------------
Startpoint: rst_ni (input port clocked by core_clock)
Endpoint: cs_registers_i.u_mscratch_csr.rdata_q[5]$_DFFE_PN0P_
          (recovery check against rising-edge clock core_clock)
Path Group: asynchronous
Path Type: max

Fanout     Cap    Slew   Delay    Time   Description
-----------------------------------------------------------------------------
                  0.00    0.00    0.00   clock core_clock (rise edge)
                          0.00    0.00   clock network delay (ideal)
                        252.00  252.00 ^ input external delay
    65   91.67    0.00    0.00  252.00 ^ rst_ni (in)
                                         rst_ni (net)
                101.10   31.89  283.89 ^ load_slew50/A (BUFx24_ASAP7_75t_R)
    96  129.29   62.84   46.76  330.65 ^ load_slew50/Y (BUFx24_ASAP7_75t_R)
                                         net72 (net)
                100.63   25.86  356.51 ^ load_slew44/A (BUFx16f_ASAP7_75t_R)
    77  106.44   60.83   42.62  399.13 ^ load_slew44/Y (BUFx16f_ASAP7_75t_R)
                                         net66 (net)
                 88.18   21.44  420.57 ^ load_slew43/A (BUFx24_ASAP7_75t_R)
    78  106.55   44.67   39.07  459.64 ^ load_slew43/Y (BUFx24_ASAP7_75t_R)
                                         net65 (net)
                132.19   39.61  499.25 ^ load_slew42/A (BUFx24_ASAP7_75t_R)
    80  112.96   43.40   41.63  540.88 ^ load_slew42/Y (BUFx24_ASAP7_75t_R)
                                         net64 (net)
                193.07   60.59  601.47 ^ load_slew39/A (BUFx24_ASAP7_75t_R)
    97  125.17   62.75   50.46  651.93 ^ load_slew39/Y (BUFx24_ASAP7_75t_R)
                                         net61 (net)
                130.08   37.97  689.90 ^ cs_registers_i.u_mscratch_csr.rdata_q[5]$_DFFE_PN0P_/SETN (DFFASRHQNx1_ASAP7_75t_R)
                                689.90   data arrival time

                  0.00 1260.00 1260.00   clock core_clock (rise edge)
                          0.00 1260.00   clock network delay (ideal)
                          0.00 1260.00   clock reconvergence pessimism
                               1260.00 ^ cs_registers_i.u_mscratch_csr.rdata_q[5]$_DFFE_PN0P_/CLK (DFFASRHQNx1_ASAP7_75t_R)
                        -13.41 1246.59   library recovery time
                               1246.59   data required time
-----------------------------------------------------------------------------
                               1246.59   data required time
                               -689.90   data arrival time
-----------------------------------------------------------------------------
                                556.69   slack (MET)


Startpoint: core_clock_gate_i.en_latch$_DLATCH_N_
            (negative level-sensitive latch clocked by core_clock)
Endpoint: _35046_ (rising clock gating-check end-point clocked by core_clock)
Path Group: gated clock
Path Type: max

Fanout     Cap    Slew   Delay    Time   Description
-----------------------------------------------------------------------------
                  0.00  630.00  630.00   clock core_clock (fall edge)
                          0.00  630.00   clock network delay (ideal)
                  0.00    0.00  630.00 v core_clock_gate_i.en_latch$_DLATCH_N_/CLK (DLLx1_ASAP7_75t_R)
     1    0.58    7.43   27.22  657.22 v core_clock_gate_i.en_latch$_DLATCH_N_/Q (DLLx1_ASAP7_75t_R)
                                         core_clock_gate_i.en_latch (net)
                  7.43    0.00  657.22 v _35046_/B (AND2x2_ASAP7_75t_R)
                                657.22   data arrival time

                  0.00 1260.00 1260.00   clock core_clock (rise edge)
                          0.00 1260.00   clock network delay (ideal)
                          0.00 1260.00   clock reconvergence pessimism
                               1260.00 ^ _35046_/A (AND2x2_ASAP7_75t_R)
                          0.00 1260.00   clock gating setup time
                               1260.00   data required time
-----------------------------------------------------------------------------
                               1260.00   data required time
                               -657.22   data arrival time
-----------------------------------------------------------------------------
                                602.78   slack (MET)


Startpoint: if_stage_i.instr_rdata_alu_id_o[20]$_DFFE_PN_
            (rising edge-triggered flip-flop clocked by core_clock)
Endpoint: gen_regfile_ff.register_file_i.rf_reg_q[639]$_DFFE_PN0P_
          (rising edge-triggered flip-flop clocked by core_clock)
Path Group: core_clock
Path Type: max

Fanout     Cap    Slew   Delay    Time   Description
-----------------------------------------------------------------------------
                  0.00    0.00    0.00   clock core_clock (rise edge)
                          0.00    0.00   clock network delay (ideal)
                  0.00    0.00    0.00 ^ if_stage_i.instr_rdata_alu_id_o[20]$_DFFE_PN_/CLK (DFFHQNx2_ASAP7_75t_R)
     6    7.57   34.83   51.57   51.57 v if_stage_i.instr_rdata_alu_id_o[20]$_DFFE_PN_/QN (DFFHQNx2_ASAP7_75t_R)
                                         _00368_ (net)
                 35.04    1.51   53.08 v _19205_/A (BUFx3_ASAP7_75t_R)
     5    5.77   13.73   24.81   77.89 v _19205_/Y (BUFx3_ASAP7_75t_R)
                                         _13476_ (net)
                 13.73    0.07   77.96 v _19206_/A (BUFx6f_ASAP7_75t_R)
    10   12.68   15.49   18.56   96.52 v _19206_/Y (BUFx6f_ASAP7_75t_R)
                                         _13477_ (net)
                 16.41    2.02   98.54 v _19207_/A (BUFx6f_ASAP7_75t_R)
    10   13.71   16.69   19.53  118.08 v _19207_/Y (BUFx6f_ASAP7_75t_R)
                                         _13478_ (net)
                 17.20    1.62  119.69 v _19208_/A (BUFx16f_ASAP7_75t_R)
    19   31.33   19.50   21.35  141.05 v _19208_/Y (BUFx16f_ASAP7_75t_R)
                                         _13479_ (net)
                 20.01    1.81  142.86 v _21620_/A (BUFx12_ASAP7_75t_R)
    10   18.22   15.99   24.41  167.27 v _21620_/Y (BUFx12_ASAP7_75t_R)
                                         _15811_ (net)
                 29.19    7.93  175.19 v _22242_/C (OA211x2_ASAP7_75t_R)
     1    0.72    9.40   33.75  208.94 v _22242_/Y (OA211x2_ASAP7_75t_R)
                                         _16414_ (net)
                  9.40    0.01  208.96 v _22243_/C (OR3x2_ASAP7_75t_R)
     1    2.42   15.00   32.26  241.21 v _22243_/Y (OR3x2_ASAP7_75t_R)
                                         _16415_ (net)
                 15.06    0.53  241.74 v _22244_/B (OA211x2_ASAP7_75t_R)
     1    0.64    9.12   27.14  268.88 v _22244_/Y (OA211x2_ASAP7_75t_R)
                                         _16416_ (net)
                  9.12    0.00  268.89 v _22262_/C (OR3x4_ASAP7_75t_R)
     2    4.71   20.41   43.77  312.66 v _22262_/Y (OR3x4_ASAP7_75t_R)
                                         _16434_ (net)
                 20.95    1.79  314.44 v _22294_/B (AND2x6_ASAP7_75t_R)
     6   10.06   17.73   25.60  340.04 v _22294_/Y (AND2x6_ASAP7_75t_R)
                                         _16466_ (net)
                 22.00    4.41  344.45 v _24184_/A2 (AO21x2_ASAP7_75t_R)
     8    8.32   27.08   30.21  374.67 v _24184_/Y (AO21x2_ASAP7_75t_R)
                                         _05194_ (net)
                 27.82    2.47  377.14 v _24433_/B (NAND2x2_ASAP7_75t_R)
     2    3.39   19.56   17.59  394.73 ^ _24433_/Y (NAND2x2_ASAP7_75t_R)
                                         _17863_ (net)
                 19.56    0.03  394.75 ^ _24434_/A (INVx2_ASAP7_75t_R)
     1    2.31   10.57    8.62  403.37 v _24434_/Y (INVx2_ASAP7_75t_R)
                                         _17910_ (net)
                 10.57    0.06  403.42 v _35401_/B (FAx1_ASAP7_75t_R)
     8   17.43  261.78  119.50  522.92 ^ _35401_/CON (FAx1_ASAP7_75t_R)
                                         _17962_ (net)
     4    7.79  181.07   92.58  615.50 v _35401_/SN (FAx1_ASAP7_75t_R)
                                         _17914_ (net)
                181.08    0.59  616.09 v _35040_/A (INVx2_ASAP7_75t_R)
     2    3.75   41.62   32.33  648.42 ^ _35040_/Y (INVx2_ASAP7_75t_R)
                                         _17913_ (net)
                 41.62    0.04  648.46 ^ _35461_/CI (FAx1_ASAP7_75t_R)
     7   12.20  193.63  208.55  857.00 v _35461_/SN (FAx1_ASAP7_75t_R)
                                         _18080_ (net)
                193.63    0.13  857.13 v _35462_/A (FAx1_ASAP7_75t_R)
     1    2.34   76.56   61.06  918.19 ^ _35462_/CON (FAx1_ASAP7_75t_R)
                                         _18122_ (net)
     1    0.80   57.53   20.88  939.07 v _35462_/SN (FAx1_ASAP7_75t_R)
                                         _18479_ (net)
                 57.53    0.02  939.09 v _34879_/A (INVx1_ASAP7_75t_R)
     1    2.16   26.40   21.18  960.27 ^ _34879_/Y (INVx1_ASAP7_75t_R)
                                         _18081_ (net)
                 26.40    0.06  960.33 ^ _35463_/A (FAx1_ASAP7_75t_R)
     1    0.85   25.26   38.99  999.32 v _35463_/SN (FAx1_ASAP7_75t_R)
                                         _18480_ (net)
                 25.26    0.02  999.34 v _34816_/A (INVx1_ASAP7_75t_R)
     1    1.76   16.95   13.64 1012.99 ^ _34816_/Y (INVx1_ASAP7_75t_R)
                                         _18083_ (net)
                 16.96    0.05 1013.03 ^ _35467_/CI (FAx1_ASAP7_75t_R)
     1    0.94   28.70   37.17 1050.20 v _35467_/SN (FAx1_ASAP7_75t_R)
                                         _18484_ (net)
                 28.70    0.04 1050.24 v _34856_/A (INVx1_ASAP7_75t_R)
     1    2.26   20.51   16.15 1066.39 ^ _34856_/Y (INVx1_ASAP7_75t_R)
                                         _18092_ (net)
                 20.51    0.03 1066.43 ^ _35468_/B (FAx1_ASAP7_75t_R)
     1    1.16   32.70   41.66 1108.08 v _35468_/SN (FAx1_ASAP7_75t_R)
                                         _18486_ (net)
                 32.70    0.03 1108.12 v _35578_/B (HAxp5_ASAP7_75t_R)
     4    3.79   77.69   70.15 1178.27 v _35578_/SN (HAxp5_ASAP7_75t_R)
                                         _00252_ (net)
                 77.69    0.05 1178.31 v _29453_/B (AO21x1_ASAP7_75t_R)
     1    0.68    8.47   25.82 1204.13 v _29453_/Y (AO21x1_ASAP7_75t_R)
                                         _09481_ (net)
                  8.47    0.01 1204.14 v _29454_/A2 (AO21x1_ASAP7_75t_R)
     2    1.17   10.16   15.83 1219.97 v _29454_/Y (AO21x1_ASAP7_75t_R)
                                         _09482_ (net)
                 10.16    0.01 1219.99 v _29488_/A2 (AO21x1_ASAP7_75t_R)
     1    0.76    8.39   15.05 1235.04 v _29488_/Y (AO21x1_ASAP7_75t_R)
                                         _09514_ (net)
                  8.39    0.02 1235.05 v _29489_/A2 (AO21x1_ASAP7_75t_R)
     2    1.17   10.42   15.81 1250.86 v _29489_/Y (AO21x1_ASAP7_75t_R)
                                         _09515_ (net)
                 10.42    0.00 1250.87 v _29532_/A2 (AO21x1_ASAP7_75t_R)
     1    0.64    7.98   14.77 1265.64 v _29532_/Y (AO21x1_ASAP7_75t_R)
                                         _09557_ (net)
                  7.98    0.02 1265.65 v _29536_/A2 (AO221x1_ASAP7_75t_R)
     2    2.45   17.84   27.24 1292.89 v _29536_/Y (AO221x1_ASAP7_75t_R)
                                         _09561_ (net)
                 17.85    0.06 1292.96 v _29607_/A1 (OA21x2_ASAP7_75t_R)
     4    4.05   15.00   23.85 1316.80 v _29607_/Y (OA21x2_ASAP7_75t_R)
                                         _09630_ (net)
                 15.01    0.21 1317.01 v _29609_/D (AND4x1_ASAP7_75t_R)
     1    0.76    9.16   17.15 1334.16 v _29609_/Y (AND4x1_ASAP7_75t_R)
                                         _09632_ (net)
                  9.17    0.01 1334.17 v _29610_/A (INVx1_ASAP7_75t_R)
     1    0.72    7.18    6.35 1340.52 ^ _29610_/Y (INVx1_ASAP7_75t_R)
                                         _09633_ (net)
                  7.18    0.01 1340.53 ^ _29613_/C (AND4x2_ASAP7_75t_R)
     2    6.37   32.93   40.75 1381.28 ^ _29613_/Y (AND4x2_ASAP7_75t_R)
                                         _09636_ (net)
                 34.24    3.50 1384.78 ^ _29616_/B (OR5x1_ASAP7_75t_R)
     1    1.10   11.73   24.37 1409.15 ^ _29616_/Y (OR5x1_ASAP7_75t_R)
                                         _09639_ (net)
                 11.73    0.01 1409.16 ^ _29617_/C (AOI211x1_ASAP7_75t_R)
     1    0.69   16.74    7.60 1416.76 v _29617_/Y (AOI211x1_ASAP7_75t_R)
                                         _09640_ (net)
                 16.74    0.01 1416.76 v _29620_/A2 (OA21x2_ASAP7_75t_R)
     1    2.24   10.19   21.65 1438.42 v _29620_/Y (OA21x2_ASAP7_75t_R)
                                         _09643_ (net)
                 10.19    0.02 1438.44 v _29624_/B (NOR2x2_ASAP7_75t_R)
     7   12.97   54.17   21.16 1459.60 ^ _29624_/Y (NOR2x2_ASAP7_75t_R)
                                         _09647_ (net)
                 63.29   11.48 1471.08 ^ _30626_/A (BUFx3_ASAP7_75t_R)
     5    4.24   13.27   25.23 1496.31 ^ _30626_/Y (BUFx3_ASAP7_75t_R)
                                         _10259_ (net)
                 13.29    0.25 1496.56 ^ _31057_/A1 (AO21x1_ASAP7_75t_R)
     1    0.65    7.73   13.45 1510.01 ^ _31057_/Y (AO21x1_ASAP7_75t_R)
                                         _03456_ (net)
                  7.73    0.00 1510.01 ^ gen_regfile_ff.register_file_i.rf_reg_q[639]$_DFFE_PN0P_/D (DFFASRHQNx1_ASAP7_75t_R)
                               1510.01   data arrival time

                  0.00 1260.00 1260.00   clock core_clock (rise edge)
                          0.00 1260.00   clock network delay (ideal)
                          0.00 1260.00   clock reconvergence pessimism
                               1260.00 ^ gen_regfile_ff.register_file_i.rf_reg_q[639]$_DFFE_PN0P_/CLK (DFFASRHQNx1_ASAP7_75t_R)
                        -14.76 1245.24   library setup time
                               1245.24   data required time
-----------------------------------------------------------------------------
                               1245.24   data required time
                               -1510.01   data arrival time
-----------------------------------------------------------------------------
                               -264.77   slack (VIOLATED)



==========================================================================
global place report_power
--------------------------------------------------------------------------
Group                  Internal  Switching    Leakage      Total
                          Power      Power      Power      Power (Watts)
----------------------------------------------------------------
Sequential             3.13e-03   1.02e-03   2.10e-07   4.15e-03   9.9%
Combinational          1.66e-02   2.10e-02   1.81e-06   3.76e-02  89.8%
Clock                  5.95e-07   1.04e-04   1.16e-10   1.04e-04   0.2%
Macro                  0.00e+00   0.00e+00   0.00e+00   0.00e+00   0.0%
Pad                    0.00e+00   0.00e+00   0.00e+00   0.00e+00   0.0%
----------------------------------------------------------------
Total                  1.97e-02   2.21e-02   2.02e-06   4.19e-02 100.0%
                          47.1%      52.9%       0.0%
