OpenROAD v2.0-19576-gec1bf1a13 
Features included (+) or not (-): +GPU +GUI +Python : None
This program is licensed under the BSD-3 license. See the LICENSE file for details.
Components of this program may be licensed under more restrictive licenses which must be honored.
[INFO ORD-0030] Using 16 thread(s).
[INFO GPL-0002] DBU: 1000
[INFO GPL-0003] SiteSize: (  0.054  0.270 ) um
[INFO GPL-0004] CoreBBox: (  2.052  2.160 ) ( 81.486 49.680 ) um
[INFO GPL-0006] NumInstances:             19318
[INFO GPL-0007] NumPlaceInstances:        18699
[INFO GPL-0008] NumFixedInstances:          619
[INFO GPL-0009] NumDummyInstances:            0
[INFO GPL-0010] NumNets:                  19431
[INFO GPL-0011] NumPins:                  69487
[INFO GPL-0012] DieBBox:  (  0.000  0.000 ) ( 83.536 51.722 ) um
[INFO GPL-0013] CoreBBox: (  2.052  2.160 ) ( 81.486 49.680 ) um
[INFO GPL-0016] CoreArea:              3774.704 um^2
[INFO GPL-0017] NonPlaceInstsArea:       18.050 um^2
[INFO GPL-0018] PlaceInstsArea:        2323.206 um^2
[INFO GPL-0019] Util:                    61.842 %
[INFO GPL-0020] StdInstsArea:          2323.206 um^2
[INFO GPL-0021] MacroInstsArea:           0.000 um^2
[INFO GPL-0031] FillerInit:NumGCells:     31220
[INFO GPL-0032] FillerInit:NumGNets:      19431
[INFO GPL-0033] FillerInit:NumGPins:      69487
[INFO GPL-0023] TargetDensity:            1.000
[INFO GPL-0024] AvrgPlaceInstArea:        0.124 um^2
[INFO GPL-0025] IdealBinArea:             0.124 um^2
[INFO GPL-0026] IdealBinCnt:              30381
[INFO GPL-0027] TotalBinArea:          3774.704 um^2
[INFO GPL-0028] BinCnt:       128    128
[INFO GPL-0029] BinSize: (  0.621  0.372 )
[INFO GPL-0030] NumBins: 16384
Placement density is 0.704739580154419, computed from PLACE_DENSITY_LB_ADDON 0.20 and lower bound 0.6184244751930237
global_placement -density 0.704739580154419 -pad_left 0 -pad_right 0 -routability_driven -timing_driven
[INFO GPL-0002] DBU: 1000
[INFO GPL-0003] SiteSize: (  0.054  0.270 ) um
[INFO GPL-0004] CoreBBox: (  2.052  2.160 ) ( 81.486 49.680 ) um
[INFO GPL-0006] NumInstances:             19318
[INFO GPL-0007] NumPlaceInstances:        18699
[INFO GPL-0008] NumFixedInstances:          619
[INFO GPL-0009] NumDummyInstances:            0
[INFO GPL-0010] NumNets:                  19431
[INFO GPL-0011] NumPins:                  69487
[INFO GPL-0012] DieBBox:  (  0.000  0.000 ) ( 83.536 51.722 ) um
[INFO GPL-0013] CoreBBox: (  2.052  2.160 ) ( 81.486 49.680 ) um
[INFO GPL-0016] CoreArea:              3774.704 um^2
[INFO GPL-0017] NonPlaceInstsArea:       18.050 um^2
[INFO GPL-0018] PlaceInstsArea:        2323.206 um^2
[INFO GPL-0019] Util:                    61.842 %
[INFO GPL-0020] StdInstsArea:          2323.206 um^2
[INFO GPL-0021] MacroInstsArea:           0.000 um^2
[InitialPlace]  Iter: 1 CG residual: 0.00006469 HPWL: 101455355
[InitialPlace]  Iter: 2 CG residual: 0.00000248 HPWL: 30303092
[InitialPlace]  Iter: 3 CG residual: 0.00000473 HPWL: 29744830
[InitialPlace]  Iter: 4 CG residual: 0.00000095 HPWL: 29607630
[InitialPlace]  Iter: 5 CG residual: 0.00000057 HPWL: 29321501
[INFO GPL-0031] FillerInit:NumGCells:     21531
[INFO GPL-0032] FillerInit:NumGNets:      19431
[INFO GPL-0033] FillerInit:NumGPins:      69487
[INFO GPL-0023] TargetDensity:            0.705
[INFO GPL-0024] AvrgPlaceInstArea:        0.124 um^2
[INFO GPL-0025] IdealBinArea:             0.176 um^2
[INFO GPL-0026] IdealBinCnt:              21411
[INFO GPL-0027] TotalBinArea:          3774.704 um^2
[INFO GPL-0028] BinCnt:       128    128
[INFO GPL-0029] BinSize: (  0.621  0.372 )
[INFO GPL-0030] NumBins: 16384
[NesterovSolve] Iter:    1 overflow: 0.978 HPWL: 23608902
[NesterovSolve] Iter:   10 overflow: 0.960 HPWL: 19427327
[NesterovSolve] Iter:   20 overflow: 0.950 HPWL: 20943402
[NesterovSolve] Iter:   30 overflow: 0.943 HPWL: 21976815
[NesterovSolve] Iter:   40 overflow: 0.940 HPWL: 22503301
[NesterovSolve] Iter:   50 overflow: 0.939 HPWL: 22625666
[NesterovSolve] Iter:   60 overflow: 0.939 HPWL: 22517170
[NesterovSolve] Iter:   70 overflow: 0.940 HPWL: 22518658
[NesterovSolve] Iter:   80 overflow: 0.939 HPWL: 22571807
[NesterovSolve] Iter:   90 overflow: 0.938 HPWL: 22609041
[NesterovSolve] Iter:  100 overflow: 0.938 HPWL: 22693093
[NesterovSolve] Iter:  110 overflow: 0.937 HPWL: 22909087
[NesterovSolve] Iter:  120 overflow: 0.935 HPWL: 23355187
[NesterovSolve] Iter:  130 overflow: 0.933 HPWL: 24046854
[NesterovSolve] Iter:  140 overflow: 0.930 HPWL: 24924221
[NesterovSolve] Iter:  150 overflow: 0.927 HPWL: 26093864
[NesterovSolve] Iter:  160 overflow: 0.921 HPWL: 27786344
[NesterovSolve] Iter:  170 overflow: 0.912 HPWL: 30079310
[NesterovSolve] Iter:  180 overflow: 0.900 HPWL: 32879797
[NesterovSolve] Iter:  190 overflow: 0.885 HPWL: 35926261
[NesterovSolve] Iter:  200 overflow: 0.865 HPWL: 39498310
[NesterovSolve] Iter:  210 overflow: 0.841 HPWL: 43086384
[NesterovSolve] Iter:  220 overflow: 0.813 HPWL: 46322986
[NesterovSolve] Iter:  230 overflow: 0.782 HPWL: 49751665
[INFO GPL-0100] Timing-driven iteration 1/5, virtual: true.
[INFO GPL-0101]    Iter: 230, overflow: 0.782, keep rsz at: 0.3, HPWL: 49751665
Iteration |   Area    | Resized | Buffers | Nets repaired | Remaining
---------------------------------------------------------------------
        0 |     +0.0% |       0 |       0 |             0 |     19431
    final |     +4.4% |    2897 |      13 |             1 |         0
---------------------------------------------------------------------
[INFO RSZ-0034] Found 1 slew violations.
[INFO RSZ-0039] Resized 2897 instances.
[INFO RSZ-0038] Inserted 13 buffers in 1 nets.
[INFO GPL-0106] Timing-driven: worst slack -1.9e-10
[INFO GPL-0103] Timing-driven: weighted 1938 nets.
[NesterovSolve] Iter:  240 overflow: 0.751 HPWL: 52566225
[NesterovSolve] Iter:  250 overflow: 0.717 HPWL: 55985080
[NesterovSolve] Iter:  260 overflow: 0.671 HPWL: 60397074
[INFO GPL-0100] Timing-driven iteration 2/5, virtual: true.
[INFO GPL-0101]    Iter: 268, overflow: 0.631, keep rsz at: 0.3, HPWL: 63793757
Iteration |   Area    | Resized | Buffers | Nets repaired | Remaining
---------------------------------------------------------------------
        0 |     +0.0% |       0 |       0 |             0 |     19431
    final |     +5.0% |    3009 |      16 |             1 |         0
---------------------------------------------------------------------
[INFO RSZ-0034] Found 1 slew violations.
[INFO RSZ-0039] Resized 3009 instances.
[INFO RSZ-0038] Inserted 16 buffers in 1 nets.
[INFO GPL-0106] Timing-driven: worst slack -2.81e-10
[INFO GPL-0103] Timing-driven: weighted 1942 nets.
[NesterovSolve] Iter:  270 overflow: 0.621 HPWL: 64579168
[INFO GPL-0088] Routability snapshot saved at iter = 273
[NesterovSolve] Iter:  280 overflow: 0.561 HPWL: 69141467
[NesterovSolve] Iter:  290 overflow: 0.499 HPWL: 74741409
[NesterovSolve] Iter:  300 overflow: 0.447 HPWL: 79994931
[NesterovSolve] Iter:  310 overflow: 0.402 HPWL: 83315851
[NesterovSolve] Iter:  320 overflow: 0.357 HPWL: 85514946
[NesterovSolve] Iter:  330 overflow: 0.313 HPWL: 87906392
[INFO GPL-0075] Routability iteration: 1
[INFO GPL-0036] TileBBox: (    0    0 ) (  540  540 ) DBU
[INFO GPL-0038] TileCnt:     154   95
[INFO GPL-0040] NumTiles: 14630
[INFO GPL-0081] TotalRouteOverflow: 156.9952
[INFO GPL-0082] OverflowTileCnt: 1676
[INFO GPL-0083] 0.5%RC: 1.2825
[INFO GPL-0084] 1.0%RC: 1.2521
[INFO GPL-0085] 2.0%RC: 1.2176
[INFO GPL-0086] 5.0%RC: 1.1611
[INFO GPL-0087] FinalRC: 1.2672967
[INFO GPL-0078] FinalRC lower than minRC (1000000015047466219876688855040.0000), min RC updated.
[INFO GPL-0045] InflatedAreaDelta:      170.907 um^2 (+7.36%)
[INFO GPL-0046] TargetDensity:            0.705
[INFO GPL-0049] WhiteSpaceArea:        3756.654 um^2
[INFO GPL-0050] NesterovInstsArea:     2323.206 um^2
[INFO GPL-0051] TotalFillerArea:        324.256 um^2
[INFO GPL-0052] TotalGCellsArea:       2647.462 um^2
[INFO GPL-0053] ExpectedGCellsArea:    2818.369 um^2
[INFO GPL-0054] NewTargetDensity:         0.750
[INFO GPL-0055] NewWhiteSpaceArea:     3756.654 um^2
[INFO GPL-0056] MovableArea:           2818.369 um^2
[INFO GPL-0057] NewNesterovInstArea:   2494.113 um^2
[INFO GPL-0058] NewTotalFillerArea:     324.256 um^2
[INFO GPL-0059] NewTotalGCellsArea:    2818.369 um^2
[INFO GPL-0089] Routability: revert back to snapshot
[NesterovSolve] Iter:  340 overflow: 0.557 HPWL: 71335773
[NesterovSolve] Iter:  350 overflow: 0.510 HPWL: 77034454
[NesterovSolve] Iter:  360 overflow: 0.468 HPWL: 81406692
[NesterovSolve] Iter:  370 overflow: 0.432 HPWL: 83878648
[NesterovSolve] Iter:  380 overflow: 0.395 HPWL: 85119136
[NesterovSolve] Iter:  390 overflow: 0.353 HPWL: 88014828
[NesterovSolve] Iter:  400 overflow: 0.319 HPWL: 89978814
[INFO GPL-0075] Routability iteration: 2
[INFO GPL-0036] TileBBox: (    0    0 ) (  540  540 ) DBU
[INFO GPL-0038] TileCnt:     154   95
[INFO GPL-0040] NumTiles: 14630
[INFO GPL-0081] TotalRouteOverflow: 114.5696
[INFO GPL-0082] OverflowTileCnt: 1642
[INFO GPL-0083] 0.5%RC: 1.2099
[INFO GPL-0084] 1.0%RC: 1.1873
[INFO GPL-0085] 2.0%RC: 1.1589
[INFO GPL-0086] 5.0%RC: 1.1167
[INFO GPL-0087] FinalRC: 1.1986148
[INFO GPL-0078] FinalRC lower than minRC (1.2673), min RC updated.
[INFO GPL-0045] InflatedAreaDelta:      116.201 um^2 (+4.66%)
[INFO GPL-0046] TargetDensity:            0.750
[INFO GPL-0049] WhiteSpaceArea:        3756.654 um^2
[INFO GPL-0050] NesterovInstsArea:     2494.113 um^2
[INFO GPL-0051] TotalFillerArea:        324.256 um^2
[INFO GPL-0052] TotalGCellsArea:       2818.369 um^2
[INFO GPL-0053] ExpectedGCellsArea:    2934.570 um^2
[INFO GPL-0054] NewTargetDensity:         0.781
[INFO GPL-0055] NewWhiteSpaceArea:     3756.654 um^2
[INFO GPL-0056] MovableArea:           2934.570 um^2
[INFO GPL-0057] NewNesterovInstArea:   2610.314 um^2
[INFO GPL-0058] NewTotalFillerArea:     324.256 um^2
[INFO GPL-0059] NewTotalGCellsArea:    2934.570 um^2
[INFO GPL-0089] Routability: revert back to snapshot
[NesterovSolve] Iter:  410 overflow: 0.573 HPWL: 70990680
[NesterovSolve] Iter:  420 overflow: 0.513 HPWL: 78940548
[NesterovSolve] Iter:  430 overflow: 0.473 HPWL: 83272974
[NesterovSolve] Iter:  440 overflow: 0.436 HPWL: 86036898
[NesterovSolve] Iter:  450 overflow: 0.401 HPWL: 86351620
[NesterovSolve] Iter:  460 overflow: 0.359 HPWL: 89271583
[NesterovSolve] Iter:  470 overflow: 0.322 HPWL: 91419511
[INFO GPL-0075] Routability iteration: 3
[INFO GPL-0036] TileBBox: (    0    0 ) (  540  540 ) DBU
[INFO GPL-0038] TileCnt:     154   95
[INFO GPL-0040] NumTiles: 14630
[INFO GPL-0081] TotalRouteOverflow: 94.8004
[INFO GPL-0082] OverflowTileCnt: 1601
[INFO GPL-0083] 0.5%RC: 1.1877
[INFO GPL-0084] 1.0%RC: 1.1660
[INFO GPL-0085] 2.0%RC: 1.1404
[INFO GPL-0086] 5.0%RC: 1.1006
[INFO GPL-0087] FinalRC: 1.1768873
[INFO GPL-0078] FinalRC lower than minRC (1.1986), min RC updated.
[INFO GPL-0045] InflatedAreaDelta:      104.550 um^2 (+4.01%)
[INFO GPL-0046] TargetDensity:            0.781
[INFO GPL-0049] WhiteSpaceArea:        3756.654 um^2
[INFO GPL-0050] NesterovInstsArea:     2610.314 um^2
[INFO GPL-0051] TotalFillerArea:        324.256 um^2
[INFO GPL-0052] TotalGCellsArea:       2934.570 um^2
[INFO GPL-0053] ExpectedGCellsArea:    3039.120 um^2
[INFO GPL-0054] NewTargetDensity:         0.809
[INFO GPL-0055] NewWhiteSpaceArea:     3756.654 um^2
[INFO GPL-0056] MovableArea:           3039.120 um^2
[INFO GPL-0057] NewNesterovInstArea:   2714.864 um^2
[INFO GPL-0058] NewTotalFillerArea:     324.256 um^2
[INFO GPL-0059] NewTotalGCellsArea:    3039.120 um^2
[INFO GPL-0089] Routability: revert back to snapshot
[NesterovSolve] Iter:  480 overflow: 0.600 HPWL: 68040647
[NesterovSolve] Iter:  490 overflow: 0.519 HPWL: 80351849
[NesterovSolve] Iter:  500 overflow: 0.479 HPWL: 84856366
[NesterovSolve] Iter:  510 overflow: 0.438 HPWL: 87999899
[NesterovSolve] Iter:  520 overflow: 0.403 HPWL: 87383365
[NesterovSolve] Iter:  530 overflow: 0.363 HPWL: 90045412
[NesterovSolve] Iter:  540 overflow: 0.327 HPWL: 92521775
[INFO GPL-0075] Routability iteration: 4
[INFO GPL-0036] TileBBox: (    0    0 ) (  540  540 ) DBU
[INFO GPL-0038] TileCnt:     154   95
[INFO GPL-0040] NumTiles: 14630
[INFO GPL-0081] TotalRouteOverflow: 88.9413
[INFO GPL-0082] OverflowTileCnt: 1540
[INFO GPL-0083] 0.5%RC: 1.1902
[INFO GPL-0084] 1.0%RC: 1.1628
[INFO GPL-0085] 2.0%RC: 1.1358
[INFO GPL-0086] 5.0%RC: 1.0956
[INFO GPL-0087] FinalRC: 1.1765115
[INFO GPL-0079] MinRC (1.1768873) violation occurred, total count: 1.
[INFO GPL-0045] InflatedAreaDelta:      100.808 um^2 (+3.71%)
[INFO GPL-0046] TargetDensity:            0.809
[INFO GPL-0049] WhiteSpaceArea:        3756.654 um^2
[INFO GPL-0050] NesterovInstsArea:     2714.864 um^2
[INFO GPL-0051] TotalFillerArea:        324.256 um^2
[INFO GPL-0052] TotalGCellsArea:       3039.120 um^2
[INFO GPL-0053] ExpectedGCellsArea:    3139.928 um^2
[INFO GPL-0054] NewTargetDensity:         0.836
[INFO GPL-0055] NewWhiteSpaceArea:     3756.654 um^2
[INFO GPL-0056] MovableArea:           3139.929 um^2
[INFO GPL-0057] NewNesterovInstArea:   2815.672 um^2
[INFO GPL-0058] NewTotalFillerArea:     324.256 um^2
[INFO GPL-0059] NewTotalGCellsArea:    3139.929 um^2
[INFO GPL-0089] Routability: revert back to snapshot
[NesterovSolve] Iter:  550 overflow: 0.614 HPWL: 66673724
[NesterovSolve] Iter:  560 overflow: 0.519 HPWL: 81552048
[NesterovSolve] Iter:  570 overflow: 0.480 HPWL: 86775765
[NesterovSolve] Iter:  580 overflow: 0.440 HPWL: 89811851
[NesterovSolve] Iter:  590 overflow: 0.400 HPWL: 88713313
[NesterovSolve] Iter:  600 overflow: 0.364 HPWL: 90999289
[NesterovSolve] Iter:  610 overflow: 0.327 HPWL: 93683044
[INFO GPL-0075] Routability iteration: 5
[INFO GPL-0036] TileBBox: (    0    0 ) (  540  540 ) DBU
[INFO GPL-0038] TileCnt:     154   95
[INFO GPL-0040] NumTiles: 14630
[INFO GPL-0081] TotalRouteOverflow: 68.0120
[INFO GPL-0082] OverflowTileCnt: 1386
[INFO GPL-0083] 0.5%RC: 1.1637
[INFO GPL-0084] 1.0%RC: 1.1404
[INFO GPL-0085] 2.0%RC: 1.1156
[INFO GPL-0086] 5.0%RC: 1.0783
[INFO GPL-0087] FinalRC: 1.1520467
[INFO GPL-0078] FinalRC lower than minRC (1.1769), min RC updated.
[INFO GPL-0045] InflatedAreaDelta:       80.702 um^2 (+2.87%)
[INFO GPL-0046] TargetDensity:            0.836
[INFO GPL-0049] WhiteSpaceArea:        3756.654 um^2
[INFO GPL-0050] NesterovInstsArea:     2815.672 um^2
[INFO GPL-0051] TotalFillerArea:        324.256 um^2
[INFO GPL-0052] TotalGCellsArea:       3139.929 um^2
[INFO GPL-0053] ExpectedGCellsArea:    3220.631 um^2
[INFO GPL-0054] NewTargetDensity:         0.857
[INFO GPL-0055] NewWhiteSpaceArea:     3756.654 um^2
[INFO GPL-0056] MovableArea:           3220.631 um^2
[INFO GPL-0057] NewNesterovInstArea:   2896.374 um^2
[INFO GPL-0058] NewTotalFillerArea:     324.256 um^2
[INFO GPL-0059] NewTotalGCellsArea:    3220.631 um^2
[INFO GPL-0089] Routability: revert back to snapshot
[NesterovSolve] Iter:  620 overflow: 0.617 HPWL: 66673724
[NesterovSolve] Iter:  630 overflow: 0.516 HPWL: 83925632
[NesterovSolve] Iter:  640 overflow: 0.480 HPWL: 88573922
[NesterovSolve] Iter:  650 overflow: 0.435 HPWL: 90988708
[NesterovSolve] Iter:  660 overflow: 0.397 HPWL: 89721012
[NesterovSolve] Iter:  670 overflow: 0.363 HPWL: 92236683
[NesterovSolve] Iter:  680 overflow: 0.325 HPWL: 94457836
[INFO GPL-0075] Routability iteration: 6
[INFO GPL-0036] TileBBox: (    0    0 ) (  540  540 ) DBU
[INFO GPL-0038] TileCnt:     154   95
[INFO GPL-0040] NumTiles: 14630
[INFO GPL-0081] TotalRouteOverflow: 69.6778
[INFO GPL-0082] OverflowTileCnt: 1306
[INFO GPL-0083] 0.5%RC: 1.1924
[INFO GPL-0084] 1.0%RC: 1.1592
[INFO GPL-0085] 2.0%RC: 1.1259
[INFO GPL-0086] 5.0%RC: 1.0828
[INFO GPL-0087] FinalRC: 1.1758007
[INFO GPL-0079] MinRC (1.1520467) violation occurred, total count: 1.
[INFO GPL-0045] InflatedAreaDelta:       84.639 um^2 (+2.92%)
[INFO GPL-0046] TargetDensity:            0.857
[INFO GPL-0049] WhiteSpaceArea:        3756.654 um^2
[INFO GPL-0050] NesterovInstsArea:     2896.374 um^2
[INFO GPL-0051] TotalFillerArea:        324.256 um^2
[INFO GPL-0052] TotalGCellsArea:       3220.631 um^2
[INFO GPL-0053] ExpectedGCellsArea:    3305.270 um^2
[INFO GPL-0054] NewTargetDensity:         0.880
[INFO GPL-0055] NewWhiteSpaceArea:     3756.654 um^2
[INFO GPL-0056] MovableArea:           3305.270 um^2
[INFO GPL-0057] NewNesterovInstArea:   2981.014 um^2
[INFO GPL-0058] NewTotalFillerArea:     324.256 um^2
[INFO GPL-0059] NewTotalGCellsArea:    3305.270 um^2
[INFO GPL-0089] Routability: revert back to snapshot
[NesterovSolve] Iter:  690 overflow: 0.620 HPWL: 66529514
[NesterovSolve] Iter:  700 overflow: 0.512 HPWL: 86109511
[NesterovSolve] Iter:  710 overflow: 0.475 HPWL: 90377154
[NesterovSolve] Iter:  720 overflow: 0.432 HPWL: 92247438
[NesterovSolve] Iter:  730 overflow: 0.397 HPWL: 90389942
[NesterovSolve] Iter:  740 overflow: 0.361 HPWL: 93255068
[NesterovSolve] Iter:  750 overflow: 0.325 HPWL: 95330409
[INFO GPL-0075] Routability iteration: 7
[INFO GPL-0036] TileBBox: (    0    0 ) (  540  540 ) DBU
[INFO GPL-0038] TileCnt:     154   95
[INFO GPL-0040] NumTiles: 14630
[INFO GPL-0081] TotalRouteOverflow: 67.2161
[INFO GPL-0082] OverflowTileCnt: 1298
[INFO GPL-0083] 0.5%RC: 1.1741
[INFO GPL-0084] 1.0%RC: 1.1473
[INFO GPL-0085] 2.0%RC: 1.1204
[INFO GPL-0086] 5.0%RC: 1.0805
[INFO GPL-0087] FinalRC: 1.1606804
[INFO GPL-0079] MinRC (1.1520467) violation occurred, total count: 2.
[INFO GPL-0045] InflatedAreaDelta:       89.974 um^2 (+3.02%)
[INFO GPL-0046] TargetDensity:            0.880
[INFO GPL-0049] WhiteSpaceArea:        3756.654 um^2
[INFO GPL-0050] NesterovInstsArea:     2981.014 um^2
[INFO GPL-0051] TotalFillerArea:        324.256 um^2
[INFO GPL-0052] TotalGCellsArea:       3305.270 um^2
[INFO GPL-0053] ExpectedGCellsArea:    3395.243 um^2
[INFO GPL-0054] NewTargetDensity:         0.904
[INFO GPL-0055] NewWhiteSpaceArea:     3756.654 um^2
[INFO GPL-0056] MovableArea:           3395.243 um^2
[INFO GPL-0057] NewNesterovInstArea:   3070.987 um^2
[INFO GPL-0058] NewTotalFillerArea:     324.256 um^2
[INFO GPL-0059] NewTotalGCellsArea:    3395.243 um^2
[INFO GPL-0089] Routability: revert back to snapshot
[NesterovSolve] Iter:  760 overflow: 0.608 HPWL: 68669485
[NesterovSolve] Iter:  770 overflow: 0.506 HPWL: 87938403
[NesterovSolve] Iter:  780 overflow: 0.472 HPWL: 92425239
[NesterovSolve] Iter:  790 overflow: 0.426 HPWL: 93007735
[NesterovSolve] Iter:  800 overflow: 0.391 HPWL: 91207992
[NesterovSolve] Iter:  810 overflow: 0.354 HPWL: 94669345
[NesterovSolve] Iter:  820 overflow: 0.321 HPWL: 95970258
[INFO GPL-0075] Routability iteration: 8
[INFO GPL-0036] TileBBox: (    0    0 ) (  540  540 ) DBU
[INFO GPL-0038] TileCnt:     154   95
[INFO GPL-0040] NumTiles: 14630
[INFO GPL-0081] TotalRouteOverflow: 66.0286
[INFO GPL-0082] OverflowTileCnt: 1336
[INFO GPL-0083] 0.5%RC: 1.1846
[INFO GPL-0084] 1.0%RC: 1.1532
[INFO GPL-0085] 2.0%RC: 1.1212
[INFO GPL-0086] 5.0%RC: 1.0787
[INFO GPL-0087] FinalRC: 1.1689143
[INFO GPL-0079] MinRC (1.1520467) violation occurred, total count: 3.
[INFO GPL-0045] InflatedAreaDelta:       85.201 um^2 (+2.77%)
[INFO GPL-0046] TargetDensity:            0.904
Revert Routability Procedure. Target density higher than max, or minRC max violations.
[INFO GPL-0080] minRcViolatedCnt: 3
[INFO GPL-0047] SavedMinRC: 1.1520
[INFO GPL-0048] SavedTargetDensity: 0.8358
[INFO GPL-0089] Routability: revert back to snapshot
[NesterovSolve] Iter:  830 overflow: 0.546 HPWL: 69730450
[NesterovSolve] Iter:  840 overflow: 0.485 HPWL: 81711738
[NesterovSolve] Iter:  850 overflow: 0.446 HPWL: 86829681
[NesterovSolve] Iter:  860 overflow: 0.409 HPWL: 89825172
[NesterovSolve] Iter:  870 overflow: 0.371 HPWL: 88805109
[NesterovSolve] Iter:  880 overflow: 0.334 HPWL: 91316024
[NesterovSolve] Iter:  890 overflow: 0.301 HPWL: 93904817
[INFO GPL-0100] Timing-driven iteration 3/5, virtual: false.
[INFO GPL-0101]    Iter: 896, overflow: 0.283, keep rsz at: 0.3, HPWL: 94066053
Iteration |   Area    | Resized | Buffers | Nets repaired | Remaining
---------------------------------------------------------------------
        0 |     +0.0% |       0 |       0 |             0 |     19431
    final |     +6.3% |    3272 |      21 |             1 |         0
---------------------------------------------------------------------
[INFO RSZ-0034] Found 1 slew violations.
[INFO RSZ-0039] Resized 3272 instances.
[INFO RSZ-0038] Inserted 21 buffers in 1 nets.
[INFO GPL-0106] Timing-driven: worst slack -2.33e-10
[INFO GPL-0103] Timing-driven: weighted 1942 nets.
[INFO GPL-0107] Timing-driven: repair_design delta area: 98.978 um^2 (+3.22%)
[INFO GPL-0108] Timing-driven: repair_design, gpl cells created: 21 (+0.00%)
[INFO GPL-0109] Timing-driven: inserted buffers as reported by repair_design: 21
[INFO GPL-0110] Timing-driven: new target density: 0.9301421
[NesterovSolve] Iter:  900 overflow: 0.269 HPWL: 91946587
[NesterovSolve] Iter:  910 overflow: 0.238 HPWL: 92072084
[NesterovSolve] Iter:  920 overflow: 0.208 HPWL: 92654458
[INFO GPL-0100] Timing-driven iteration 4/5, virtual: false.
[INFO GPL-0101]    Iter: 922, overflow: 0.202, keep rsz at: 0.3, HPWL: 92666040
Iteration |   Area    | Resized | Buffers | Nets repaired | Remaining
---------------------------------------------------------------------
        0 |     +0.0% |       0 |       0 |             0 |     19431
    final |     +1.0% |     531 |       1 |             1 |         0
---------------------------------------------------------------------
[INFO RSZ-0034] Found 1 slew violations.
[INFO RSZ-0039] Resized 531 instances.
[INFO RSZ-0038] Inserted 1 buffers in 1 nets.
[INFO GPL-0106] Timing-driven: worst slack -2.23e-10
[INFO GPL-0103] Timing-driven: weighted 1941 nets.
[INFO GPL-0107] Timing-driven: repair_design delta area: 22.035 um^2 (+0.76%)
[INFO GPL-0108] Timing-driven: repair_design, gpl cells created: 1 (+0.00%)
[INFO GPL-0109] Timing-driven: inserted buffers as reported by repair_design: 1
[INFO GPL-0110] Timing-driven: new target density: 0.9360077
[NesterovSolve] Iter:  930 overflow: 0.178 HPWL: 92868654
[NesterovSolve] Iter:  940 overflow: 0.151 HPWL: 93089592
[INFO GPL-0100] Timing-driven iteration 5/5, virtual: false.
[INFO GPL-0101]    Iter: 943, overflow: 0.144, keep rsz at: 0.3, HPWL: 93154633
Iteration |   Area    | Resized | Buffers | Nets repaired | Remaining
---------------------------------------------------------------------
        0 |     +0.0% |       0 |       0 |             0 |     19431
    final |     +0.1% |     202 |       0 |             0 |         0
---------------------------------------------------------------------
[INFO RSZ-0039] Resized 202 instances.
[INFO GPL-0106] Timing-driven: worst slack -2.25e-10
[INFO GPL-0103] Timing-driven: weighted 1942 nets.
[INFO GPL-0107] Timing-driven: repair_design delta area: 2.809 um^2 (+0.10%)
[INFO GPL-0108] Timing-driven: repair_design, gpl cells created: 0 (+0.00%)
[INFO GPL-0109] Timing-driven: inserted buffers as reported by repair_design: 0
[INFO GPL-0110] Timing-driven: new target density: 0.93675536
[NesterovSolve] Iter:  950 overflow: 0.129 HPWL: 93249766
[NesterovSolve] Iter:  960 overflow: 0.110 HPWL: 93414087
[NesterovSolve] Finished with Overflow: 0.098119
Took 63 seconds: global_placement -density 0.704739580154419 -pad_left 0 -pad_right 0 -routability_driven -timing_driven
Report metrics stage 3, global place...

==========================================================================
global place report_design_area
--------------------------------------------------------------------------
Design area 2497 u^2 66% utilization.
Elapsed time: 1:18.65[h:]min:sec. CPU time: user 499.17 sys 2.30 (637%). Peak memory: 730664KB.
