OpenROAD v2.0-19576-gec1bf1a13 
Features included (+) or not (-): +GPU +GUI +Python : None
This program is licensed under the BSD-3 license. See the LICENSE file for details.
Components of this program may be licensed under more restrictive licenses which must be honored.
[INFO ORD-0030] Using 16 thread(s).
Placement Analysis
---------------------------------
total displacement       4717.6 u
average displacement        0.2 u
max displacement            1.2 u
original HPWL           84785.8 u
legalized HPWL          88889.5 u
delta HPWL                    5 %

[INFO DPL-0020] Mirrored 7336 instances
[INFO DPL-0021] HPWL before           88889.5 u
[INFO DPL-0022] HPWL after            87368.5 u
[INFO DPL-0023] HPWL delta               -1.7 %
[INFO FLW-0012] Placement violations .
Report metrics stage 3, detailed place...

==========================================================================
detailed place report_design_area
--------------------------------------------------------------------------
Design area 2323 u^2 48% utilization.
Elapsed time: 0:19.25[h:]min:sec. CPU time: user 18.88 sys 0.36 (99%). Peak memory: 364320KB.
