
==========================================================================
detailed place report_tns
--------------------------------------------------------------------------
tns -44290.86

==========================================================================
detailed place report_wns
--------------------------------------------------------------------------
wns -236.31

==========================================================================
detailed place report_worst_slack
--------------------------------------------------------------------------
worst slack -236.31

==========================================================================
detailed place report_checks -path_delay min
--------------------------------------------------------------------------
Startpoint: rst_ni (input port clocked by core_clock)
Endpoint: cs_registers_i.minstret_counter_i.counter_q[52]$_DFFE_PN0P_
          (removal check against rising-edge clock core_clock)
Path Group: asynchronous
Path Type: min

Fanout     Cap    Slew   Delay    Time   Description
-----------------------------------------------------------------------------
                  0.00    0.00    0.00   clock core_clock (rise edge)
                          0.00    0.00   clock network delay (ideal)
                        252.00  252.00 ^ input external delay
    80   87.34    0.00    0.00  252.00 ^ rst_ni (in)
                                         rst_ni (net)
                 33.42   10.54  262.54 ^ cs_registers_i.minstret_counter_i.counter_q[52]$_DFFE_PN0P_/SETN (DFFASRHQNx1_ASAP7_75t_R)
                                262.54   data arrival time

                  0.00    0.00    0.00   clock core_clock (rise edge)
                          0.00    0.00   clock network delay (ideal)
                          0.00    0.00   clock reconvergence pessimism
                                  0.00 ^ cs_registers_i.minstret_counter_i.counter_q[52]$_DFFE_PN0P_/CLK (DFFASRHQNx1_ASAP7_75t_R)
                         12.21   12.21   library removal time
                                 12.21   data required time
-----------------------------------------------------------------------------
                                 12.21   data required time
                               -262.54   data arrival time
-----------------------------------------------------------------------------
                                250.33   slack (MET)


Startpoint: core_clock_gate_i.en_latch$_DLATCH_N_
            (negative level-sensitive latch clocked by core_clock)
Endpoint: _35046_ (rising clock gating-check end-point clocked by core_clock)
Path Group: gated clock
Path Type: min

Fanout     Cap    Slew   Delay    Time   Description
-----------------------------------------------------------------------------
                  0.00  630.00  630.00   clock core_clock (fall edge)
                          0.00  630.00   clock network delay (ideal)
                  0.00    0.00  630.00 v core_clock_gate_i.en_latch$_DLATCH_N_/CLK (DLLx1_ASAP7_75t_R)
     1    0.57    7.52   18.16  648.16 ^ core_clock_gate_i.en_latch$_DLATCH_N_/Q (DLLx1_ASAP7_75t_R)
                                         core_clock_gate_i.en_latch (net)
                  7.52    0.02  648.18 ^ _35046_/B (AND2x2_ASAP7_75t_R)
                                648.18   data arrival time

                  0.00  630.00  630.00   clock core_clock (fall edge)
                          0.00  630.00   clock network delay (ideal)
                          0.00  630.00   clock reconvergence pessimism
                                630.00 v _35046_/A (AND2x2_ASAP7_75t_R)
                          0.00  630.00   clock gating hold time
                                630.00   data required time
-----------------------------------------------------------------------------
                                630.00   data required time
                               -648.18   data arrival time
-----------------------------------------------------------------------------
                                 18.18   slack (MET)


Startpoint: gen_regfile_ff.register_file_i.rf_reg_q[552]$_DFFE_PN0P_
            (rising edge-triggered flip-flop clocked by core_clock)
Endpoint: gen_regfile_ff.register_file_i.rf_reg_q[552]$_DFFE_PN0P_
          (rising edge-triggered flip-flop clocked by core_clock)
Path Group: core_clock
Path Type: min

Fanout     Cap    Slew   Delay    Time   Description
-----------------------------------------------------------------------------
                  0.00    0.00    0.00   clock core_clock (rise edge)
                          0.00    0.00   clock network delay (ideal)
                  0.00    0.00    0.00 ^ gen_regfile_ff.register_file_i.rf_reg_q[552]$_DFFE_PN0P_/CLK (DFFASRHQNx1_ASAP7_75t_R)
     2    1.61   19.37   39.63   39.63 ^ gen_regfile_ff.register_file_i.rf_reg_q[552]$_DFFE_PN0P_/QN (DFFASRHQNx1_ASAP7_75t_R)
                                         _00679_ (net)
                 19.37    0.02   39.65 ^ _30827_/A1 (OAI21x1_ASAP7_75t_R)
     1    0.67    6.25    7.36   47.01 v _30827_/Y (OAI21x1_ASAP7_75t_R)
                                         _03360_ (net)
                  6.25    0.01   47.02 v gen_regfile_ff.register_file_i.rf_reg_q[552]$_DFFE_PN0P_/D (DFFASRHQNx1_ASAP7_75t_R)
                                 47.02   data arrival time

                  0.00    0.00    0.00   clock core_clock (rise edge)
                          0.00    0.00   clock network delay (ideal)
                          0.00    0.00   clock reconvergence pessimism
                                  0.00 ^ gen_regfile_ff.register_file_i.rf_reg_q[552]$_DFFE_PN0P_/CLK (DFFASRHQNx1_ASAP7_75t_R)
                          9.27    9.27   library hold time
                                  9.27   data required time
-----------------------------------------------------------------------------
                                  9.27   data required time
                                -47.02   data arrival time
-----------------------------------------------------------------------------
                                 37.75   slack (MET)



==========================================================================
detailed place report_checks -path_delay max
--------------------------------------------------------------------------
Startpoint: rst_ni (input port clocked by core_clock)
Endpoint: gen_regfile_ff.register_file_i.rf_reg_q[282]$_DFFE_PN0P_
          (recovery check against rising-edge clock core_clock)
Path Group: asynchronous
Path Type: max

Fanout     Cap    Slew   Delay    Time   Description
-----------------------------------------------------------------------------
                  0.00    0.00    0.00   clock core_clock (rise edge)
                          0.00    0.00   clock network delay (ideal)
                        252.00  252.00 ^ input external delay
    80  108.35    0.00    0.00  252.00 ^ rst_ni (in)
                                         rst_ni (net)
                 38.38   12.11  264.11 ^ load_slew46/A (BUFx24_ASAP7_75t_R)
    91  118.53   56.93   34.10  298.21 ^ load_slew46/Y (BUFx24_ASAP7_75t_R)
                                         net68 (net)
                 67.58   11.96  310.17 ^ load_slew37/A (BUFx16f_ASAP7_75t_R)
    78  104.64   60.31   40.24  350.41 ^ load_slew37/Y (BUFx16f_ASAP7_75t_R)
                                         net59 (net)
                 64.43    8.41  358.82 ^ load_slew36/A (BUFx24_ASAP7_75t_R)
    84  107.67   50.32   41.56  400.38 ^ load_slew36/Y (BUFx24_ASAP7_75t_R)
                                         net58 (net)
                 59.69   10.48  410.86 ^ load_slew35/A (BUFx16f_ASAP7_75t_R)
    63   89.23   49.65   29.68  440.54 ^ load_slew35/Y (BUFx16f_ASAP7_75t_R)
                                         net57 (net)
                 88.69   23.59  464.13 ^ load_slew34/A (BUFx24_ASAP7_75t_R)
    82  111.31   54.21   41.74  505.87 ^ load_slew34/Y (BUFx24_ASAP7_75t_R)
                                         net56 (net)
                108.62   31.23  537.10 ^ load_slew32/A (BUFx24_ASAP7_75t_R)
    96  122.84   61.75   50.18  587.28 ^ load_slew32/Y (BUFx24_ASAP7_75t_R)
                                         net54 (net)
                 80.19   17.38  604.66 ^ gen_regfile_ff.register_file_i.rf_reg_q[282]$_DFFE_PN0P_/SETN (DFFASRHQNx1_ASAP7_75t_R)
                                604.66   data arrival time

                  0.00 1260.00 1260.00   clock core_clock (rise edge)
                          0.00 1260.00   clock network delay (ideal)
                          0.00 1260.00   clock reconvergence pessimism
                               1260.00 ^ gen_regfile_ff.register_file_i.rf_reg_q[282]$_DFFE_PN0P_/CLK (DFFASRHQNx1_ASAP7_75t_R)
                         -6.79 1253.21   library recovery time
                               1253.21   data required time
-----------------------------------------------------------------------------
                               1253.21   data required time
                               -604.66   data arrival time
-----------------------------------------------------------------------------
                                648.55   slack (MET)


Startpoint: core_clock_gate_i.en_latch$_DLATCH_N_
            (negative level-sensitive latch clocked by core_clock)
Endpoint: _35046_ (rising clock gating-check end-point clocked by core_clock)
Path Group: gated clock
Path Type: max

Fanout     Cap    Slew   Delay    Time   Description
-----------------------------------------------------------------------------
                  0.00  630.00  630.00   clock core_clock (fall edge)
                          0.00  630.00   clock network delay (ideal)
                  0.00    0.00  630.00 v core_clock_gate_i.en_latch$_DLATCH_N_/CLK (DLLx1_ASAP7_75t_R)
     1    0.82    8.63   28.02  658.02 v core_clock_gate_i.en_latch$_DLATCH_N_/Q (DLLx1_ASAP7_75t_R)
                                         core_clock_gate_i.en_latch (net)
                  8.64    0.03  658.05 v _35046_/B (AND2x2_ASAP7_75t_R)
                                658.05   data arrival time

                  0.00 1260.00 1260.00   clock core_clock (rise edge)
                          0.00 1260.00   clock network delay (ideal)
                          0.00 1260.00   clock reconvergence pessimism
                               1260.00 ^ _35046_/A (AND2x2_ASAP7_75t_R)
                          0.00 1260.00   clock gating setup time
                               1260.00   data required time
-----------------------------------------------------------------------------
                               1260.00   data required time
                               -658.05   data arrival time
-----------------------------------------------------------------------------
                                601.95   slack (MET)


Startpoint: if_stage_i.instr_rdata_alu_id_o[20]$_DFFE_PN_
            (rising edge-triggered flip-flop clocked by core_clock)
Endpoint: gen_regfile_ff.register_file_i.rf_reg_q[445]$_DFFE_PN0P_
          (rising edge-triggered flip-flop clocked by core_clock)
Path Group: core_clock
Path Type: max

Fanout     Cap    Slew   Delay    Time   Description
-----------------------------------------------------------------------------
                  0.00    0.00    0.00   clock core_clock (rise edge)
                          0.00    0.00   clock network delay (ideal)
                  0.00    0.00    0.00 ^ if_stage_i.instr_rdata_alu_id_o[20]$_DFFE_PN_/CLK (DFFHQNx2_ASAP7_75t_R)
     6    5.51   28.61   47.20   47.20 ^ if_stage_i.instr_rdata_alu_id_o[20]$_DFFE_PN_/QN (DFFHQNx2_ASAP7_75t_R)
                                         _00368_ (net)
                 28.61    0.15   47.35 ^ _19195_/A (INVx2_ASAP7_75t_R)
     4    2.94   13.76   11.14   58.48 v _19195_/Y (INVx2_ASAP7_75t_R)
                                         _13466_ (net)
                 13.76    0.01   58.49 v _19196_/A (BUFx3_ASAP7_75t_R)
     6    5.01   12.03   18.50   77.00 v _19196_/Y (BUFx3_ASAP7_75t_R)
                                         _13467_ (net)
                 12.03    0.12   77.12 v _19197_/A (BUFx3_ASAP7_75t_R)
     6    5.37   12.74   18.16   95.28 v _19197_/Y (BUFx3_ASAP7_75t_R)
                                         _13468_ (net)
                 12.78    0.37   95.65 v _19198_/A (BUFx6f_ASAP7_75t_R)
     6    8.52   11.88   16.43  112.08 v _19198_/Y (BUFx6f_ASAP7_75t_R)
                                         _13469_ (net)
                 12.99    1.91  113.99 v _19199_/A (BUFx6f_ASAP7_75t_R)
     6    7.74   10.48   16.66  130.66 v _19199_/Y (BUFx6f_ASAP7_75t_R)
                                         _13470_ (net)
                 10.64    0.70  131.36 v _21321_/A (BUFx12f_ASAP7_75t_R)
     6    8.29    8.68   14.16  145.52 v _21321_/Y (BUFx12f_ASAP7_75t_R)
                                         _15518_ (net)
                 10.19    1.88  147.40 v _21340_/A (BUFx6f_ASAP7_75t_R)
     8    7.93   10.98   15.65  163.06 v _21340_/Y (BUFx6f_ASAP7_75t_R)
                                         _15537_ (net)
                 11.29    1.01  164.07 v _21384_/A (BUFx6f_ASAP7_75t_R)
    10   10.93   13.68   17.37  181.44 v _21384_/Y (BUFx6f_ASAP7_75t_R)
                                         _15581_ (net)
                 13.77    0.64  182.08 v _22380_/C (OA211x2_ASAP7_75t_R)
     1    0.81    9.48   28.62  210.70 v _22380_/Y (OA211x2_ASAP7_75t_R)
                                         _16547_ (net)
                  9.48    0.03  210.73 v _22384_/B (OR3x1_ASAP7_75t_R)
     1    0.76    9.90   23.93  234.65 v _22384_/Y (OR3x1_ASAP7_75t_R)
                                         _16551_ (net)
                  9.91    0.02  234.68 v _22392_/B (AND3x2_ASAP7_75t_R)
     1    3.96   15.03   19.49  254.17 v _22392_/Y (AND3x2_ASAP7_75t_R)
                                         _16559_ (net)
                 15.48    1.40  255.57 v _22393_/B (AO21x1_ASAP7_75t_R)
     1    1.23    9.72   18.79  274.36 v _22393_/Y (AO21x1_ASAP7_75t_R)
                                         _16560_ (net)
                  9.72    0.03  274.40 v _22425_/A2 (OAI21x1_ASAP7_75t_R)
     8    9.36   62.92   29.73  304.13 ^ _22425_/Y (OAI21x1_ASAP7_75t_R)
                                         _16592_ (net)
                 63.11    2.03  306.15 ^ _24194_/B (NOR2x1_ASAP7_75t_R)
     1    0.83   17.39   16.13  322.28 v _24194_/Y (NOR2x1_ASAP7_75t_R)
                                         _05201_ (net)
                 17.39    0.03  322.31 v _24195_/B (AO21x2_ASAP7_75t_R)
     8    6.36   21.84   27.86  350.16 v _24195_/Y (AO21x2_ASAP7_75t_R)
                                         _05202_ (net)
                 22.03    1.11  351.27 v _24442_/A (AND2x2_ASAP7_75t_R)
     1    1.77    9.20   23.35  374.63 v _24442_/Y (AND2x2_ASAP7_75t_R)
                                         _17911_ (net)
                  9.20    0.05  374.67 v _35401_/CI (FAx1_ASAP7_75t_R)
     8   17.30  259.74  118.18  492.85 ^ _35401_/CON (FAx1_ASAP7_75t_R)
                                         _17962_ (net)
     4    7.84  182.56   92.52  585.37 v _35401_/SN (FAx1_ASAP7_75t_R)
                                         _17914_ (net)
                182.57    0.70  586.07 v _35040_/A (INVx2_ASAP7_75t_R)
     2    3.87   42.53   32.89  618.97 ^ _35040_/Y (INVx2_ASAP7_75t_R)
                                         _17913_ (net)
                 42.53    0.08  619.05 ^ _35461_/CI (FAx1_ASAP7_75t_R)
     7   12.08  191.84  207.55  826.59 v _35461_/SN (FAx1_ASAP7_75t_R)
                                         _18080_ (net)
                191.84    0.11  826.70 v _35462_/A (FAx1_ASAP7_75t_R)
     1    2.26   75.36   60.16  886.86 ^ _35462_/CON (FAx1_ASAP7_75t_R)
                                         _18122_ (net)
     1    1.02   60.84   22.46  909.31 v _35462_/SN (FAx1_ASAP7_75t_R)
                                         _18479_ (net)
                 60.84    0.05  909.37 v _34879_/A (INVx1_ASAP7_75t_R)
     1    2.28   27.86   22.29  931.66 ^ _34879_/Y (INVx1_ASAP7_75t_R)
                                         _18081_ (net)
                 27.86    0.11  931.77 ^ _35463_/A (FAx1_ASAP7_75t_R)
     1    0.77   24.57   38.22  969.99 v _35463_/SN (FAx1_ASAP7_75t_R)
                                         _18480_ (net)
                 24.57    0.01  970.00 v _34816_/A (INVx1_ASAP7_75t_R)
     1    1.81   17.06   13.64  983.64 ^ _34816_/Y (INVx1_ASAP7_75t_R)
                                         _18083_ (net)
                 17.06    0.06  983.71 ^ _35467_/CI (FAx1_ASAP7_75t_R)
     1    1.01   29.67   38.26 1021.97 v _35467_/SN (FAx1_ASAP7_75t_R)
                                         _18484_ (net)
                 29.67    0.05 1022.02 v _34856_/A (INVx1_ASAP7_75t_R)
     1    2.37   21.39   16.77 1038.79 ^ _34856_/Y (INVx1_ASAP7_75t_R)
                                         _18092_ (net)
                 21.40    0.08 1038.87 ^ _35468_/B (FAx1_ASAP7_75t_R)
     1    1.19   33.34   42.39 1081.26 v _35468_/SN (FAx1_ASAP7_75t_R)
                                         _18486_ (net)
                 33.34    0.04 1081.30 v _35578_/B (HAxp5_ASAP7_75t_R)
     4    4.08   83.42   74.22 1155.53 v _35578_/SN (HAxp5_ASAP7_75t_R)
                                         _00252_ (net)
                 83.42    0.07 1155.60 v _29453_/B (AO21x1_ASAP7_75t_R)
     1    0.71    8.73   26.52 1182.11 v _29453_/Y (AO21x1_ASAP7_75t_R)
                                         _09481_ (net)
                  8.73    0.01 1182.12 v _29454_/A2 (AO21x1_ASAP7_75t_R)
     2    1.56   12.19   17.01 1199.13 v _29454_/Y (AO21x1_ASAP7_75t_R)
                                         _09482_ (net)
                 12.19    0.07 1199.20 v _29488_/A2 (AO21x1_ASAP7_75t_R)
     1    0.78    8.58   15.64 1214.83 v _29488_/Y (AO21x1_ASAP7_75t_R)
                                         _09514_ (net)
                  8.58    0.02 1214.85 v _29489_/A2 (AO21x1_ASAP7_75t_R)
     2    1.66   12.89   17.24 1232.09 v _29489_/Y (AO21x1_ASAP7_75t_R)
                                         _09515_ (net)
                 12.89    0.04 1232.13 v _29532_/A2 (AO21x1_ASAP7_75t_R)
     1    1.07   10.06   16.67 1248.80 v _29532_/Y (AO21x1_ASAP7_75t_R)
                                         _09557_ (net)
                 10.06    0.08 1248.88 v _29536_/A2 (AO221x1_ASAP7_75t_R)
     2    2.46   17.90   27.72 1276.60 v _29536_/Y (AO221x1_ASAP7_75t_R)
                                         _09561_ (net)
                 17.90    0.04 1276.64 v _29537_/A (XNOR2x1_ASAP7_75t_R)
     1    1.27   27.25   14.38 1291.02 ^ _29537_/Y (XNOR2x1_ASAP7_75t_R)
                                         _09562_ (net)
                 27.25    0.11 1291.13 ^ _29539_/A2 (AO21x1_ASAP7_75t_R)
     2    2.89   20.88   23.27 1314.40 ^ _29539_/Y (AO21x1_ASAP7_75t_R)
                                         _09564_ (net)
                 20.90    0.37 1314.77 ^ _29540_/B (NAND2x1_ASAP7_75t_R)
     1    0.48    9.18    8.04 1322.81 v _29540_/Y (NAND2x1_ASAP7_75t_R)
                                         _09565_ (net)
                  9.18    0.00 1322.82 v _29541_/B (OA211x2_ASAP7_75t_R)
     1    0.97    9.84   25.94 1348.75 v _29541_/Y (OA211x2_ASAP7_75t_R)
                                         _09566_ (net)
                  9.84    0.05 1348.81 v _29545_/B (OR3x1_ASAP7_75t_R)
     1    0.57    8.72   23.22 1372.02 v _29545_/Y (OR3x1_ASAP7_75t_R)
                                         _09570_ (net)
                  8.72    0.00 1372.02 v _29547_/A1 (OA211x2_ASAP7_75t_R)
     3    6.30   25.00   30.02 1402.04 v _29547_/Y (OA211x2_ASAP7_75t_R)
                                         _09572_ (net)
                 26.54    3.28 1405.32 v _29554_/B (OR2x4_ASAP7_75t_R)
     3    4.69   16.06   35.27 1440.59 v _29554_/Y (OR2x4_ASAP7_75t_R)
                                         _09579_ (net)
                 16.29    1.03 1441.62 v _29555_/A (BUFx6f_ASAP7_75t_R)
     6    5.44    8.50   16.57 1458.19 v _29555_/Y (BUFx6f_ASAP7_75t_R)
                                         _09580_ (net)
                  8.61    0.53 1458.72 v _29767_/A (BUFx3_ASAP7_75t_R)
     5    3.58    9.40   15.60 1474.31 v _29767_/Y (BUFx3_ASAP7_75t_R)
                                         _09757_ (net)
                  9.40    0.05 1474.36 v _30538_/A1 (OA21x2_ASAP7_75t_R)
     1    0.73    6.32   16.70 1491.06 v _30538_/Y (OA21x2_ASAP7_75t_R)
                                         _03241_ (net)
                  6.32    0.01 1491.07 v gen_regfile_ff.register_file_i.rf_reg_q[445]$_DFFE_PN0P_/D (DFFASRHQNx1_ASAP7_75t_R)
                               1491.07   data arrival time

                  0.00 1260.00 1260.00   clock core_clock (rise edge)
                          0.00 1260.00   clock network delay (ideal)
                          0.00 1260.00   clock reconvergence pessimism
                               1260.00 ^ gen_regfile_ff.register_file_i.rf_reg_q[445]$_DFFE_PN0P_/CLK (DFFASRHQNx1_ASAP7_75t_R)
                         -5.24 1254.76   library setup time
                               1254.76   data required time
-----------------------------------------------------------------------------
                               1254.76   data required time
                               -1491.07   data arrival time
-----------------------------------------------------------------------------
                               -236.31   slack (VIOLATED)



==========================================================================
detailed place report_checks -unconstrained
--------------------------------------------------------------------------
Startpoint: rst_ni (input port clocked by core_clock)
Endpoint: gen_regfile_ff.register_file_i.rf_reg_q[282]$_DFFE_PN0P_
          (recovery check against rising-edge clock core_clock)
Path Group: asynchronous
Path Type: max

Fanout     Cap    Slew   Delay    Time   Description
-----------------------------------------------------------------------------
                  0.00    0.00    0.00   clock core_clock (rise edge)
                          0.00    0.00   clock network delay (ideal)
                        252.00  252.00 ^ input external delay
    80  108.35    0.00    0.00  252.00 ^ rst_ni (in)
                                         rst_ni (net)
                 38.38   12.11  264.11 ^ load_slew46/A (BUFx24_ASAP7_75t_R)
    91  118.53   56.93   34.10  298.21 ^ load_slew46/Y (BUFx24_ASAP7_75t_R)
                                         net68 (net)
                 67.58   11.96  310.17 ^ load_slew37/A (BUFx16f_ASAP7_75t_R)
    78  104.64   60.31   40.24  350.41 ^ load_slew37/Y (BUFx16f_ASAP7_75t_R)
                                         net59 (net)
                 64.43    8.41  358.82 ^ load_slew36/A (BUFx24_ASAP7_75t_R)
    84  107.67   50.32   41.56  400.38 ^ load_slew36/Y (BUFx24_ASAP7_75t_R)
                                         net58 (net)
                 59.69   10.48  410.86 ^ load_slew35/A (BUFx16f_ASAP7_75t_R)
    63   89.23   49.65   29.68  440.54 ^ load_slew35/Y (BUFx16f_ASAP7_75t_R)
                                         net57 (net)
                 88.69   23.59  464.13 ^ load_slew34/A (BUFx24_ASAP7_75t_R)
    82  111.31   54.21   41.74  505.87 ^ load_slew34/Y (BUFx24_ASAP7_75t_R)
                                         net56 (net)
                108.62   31.23  537.10 ^ load_slew32/A (BUFx24_ASAP7_75t_R)
    96  122.84   61.75   50.18  587.28 ^ load_slew32/Y (BUFx24_ASAP7_75t_R)
                                         net54 (net)
                 80.19   17.38  604.66 ^ gen_regfile_ff.register_file_i.rf_reg_q[282]$_DFFE_PN0P_/SETN (DFFASRHQNx1_ASAP7_75t_R)
                                604.66   data arrival time

                  0.00 1260.00 1260.00   clock core_clock (rise edge)
                          0.00 1260.00   clock network delay (ideal)
                          0.00 1260.00   clock reconvergence pessimism
                               1260.00 ^ gen_regfile_ff.register_file_i.rf_reg_q[282]$_DFFE_PN0P_/CLK (DFFASRHQNx1_ASAP7_75t_R)
                         -6.79 1253.21   library recovery time
                               1253.21   data required time
-----------------------------------------------------------------------------
                               1253.21   data required time
                               -604.66   data arrival time
-----------------------------------------------------------------------------
                                648.55   slack (MET)


Startpoint: core_clock_gate_i.en_latch$_DLATCH_N_
            (negative level-sensitive latch clocked by core_clock)
Endpoint: _35046_ (rising clock gating-check end-point clocked by core_clock)
Path Group: gated clock
Path Type: max

Fanout     Cap    Slew   Delay    Time   Description
-----------------------------------------------------------------------------
                  0.00  630.00  630.00   clock core_clock (fall edge)
                          0.00  630.00   clock network delay (ideal)
                  0.00    0.00  630.00 v core_clock_gate_i.en_latch$_DLATCH_N_/CLK (DLLx1_ASAP7_75t_R)
     1    0.82    8.63   28.02  658.02 v core_clock_gate_i.en_latch$_DLATCH_N_/Q (DLLx1_ASAP7_75t_R)
                                         core_clock_gate_i.en_latch (net)
                  8.64    0.03  658.05 v _35046_/B (AND2x2_ASAP7_75t_R)
                                658.05   data arrival time

                  0.00 1260.00 1260.00   clock core_clock (rise edge)
                          0.00 1260.00   clock network delay (ideal)
                          0.00 1260.00   clock reconvergence pessimism
                               1260.00 ^ _35046_/A (AND2x2_ASAP7_75t_R)
                          0.00 1260.00   clock gating setup time
                               1260.00   data required time
-----------------------------------------------------------------------------
                               1260.00   data required time
                               -658.05   data arrival time
-----------------------------------------------------------------------------
                                601.95   slack (MET)


Startpoint: if_stage_i.instr_rdata_alu_id_o[20]$_DFFE_PN_
            (rising edge-triggered flip-flop clocked by core_clock)
Endpoint: gen_regfile_ff.register_file_i.rf_reg_q[445]$_DFFE_PN0P_
          (rising edge-triggered flip-flop clocked by core_clock)
Path Group: core_clock
Path Type: max

Fanout     Cap    Slew   Delay    Time   Description
-----------------------------------------------------------------------------
                  0.00    0.00    0.00   clock core_clock (rise edge)
                          0.00    0.00   clock network delay (ideal)
                  0.00    0.00    0.00 ^ if_stage_i.instr_rdata_alu_id_o[20]$_DFFE_PN_/CLK (DFFHQNx2_ASAP7_75t_R)
     6    5.51   28.61   47.20   47.20 ^ if_stage_i.instr_rdata_alu_id_o[20]$_DFFE_PN_/QN (DFFHQNx2_ASAP7_75t_R)
                                         _00368_ (net)
                 28.61    0.15   47.35 ^ _19195_/A (INVx2_ASAP7_75t_R)
     4    2.94   13.76   11.14   58.48 v _19195_/Y (INVx2_ASAP7_75t_R)
                                         _13466_ (net)
                 13.76    0.01   58.49 v _19196_/A (BUFx3_ASAP7_75t_R)
     6    5.01   12.03   18.50   77.00 v _19196_/Y (BUFx3_ASAP7_75t_R)
                                         _13467_ (net)
                 12.03    0.12   77.12 v _19197_/A (BUFx3_ASAP7_75t_R)
     6    5.37   12.74   18.16   95.28 v _19197_/Y (BUFx3_ASAP7_75t_R)
                                         _13468_ (net)
                 12.78    0.37   95.65 v _19198_/A (BUFx6f_ASAP7_75t_R)
     6    8.52   11.88   16.43  112.08 v _19198_/Y (BUFx6f_ASAP7_75t_R)
                                         _13469_ (net)
                 12.99    1.91  113.99 v _19199_/A (BUFx6f_ASAP7_75t_R)
     6    7.74   10.48   16.66  130.66 v _19199_/Y (BUFx6f_ASAP7_75t_R)
                                         _13470_ (net)
                 10.64    0.70  131.36 v _21321_/A (BUFx12f_ASAP7_75t_R)
     6    8.29    8.68   14.16  145.52 v _21321_/Y (BUFx12f_ASAP7_75t_R)
                                         _15518_ (net)
                 10.19    1.88  147.40 v _21340_/A (BUFx6f_ASAP7_75t_R)
     8    7.93   10.98   15.65  163.06 v _21340_/Y (BUFx6f_ASAP7_75t_R)
                                         _15537_ (net)
                 11.29    1.01  164.07 v _21384_/A (BUFx6f_ASAP7_75t_R)
    10   10.93   13.68   17.37  181.44 v _21384_/Y (BUFx6f_ASAP7_75t_R)
                                         _15581_ (net)
                 13.77    0.64  182.08 v _22380_/C (OA211x2_ASAP7_75t_R)
     1    0.81    9.48   28.62  210.70 v _22380_/Y (OA211x2_ASAP7_75t_R)
                                         _16547_ (net)
                  9.48    0.03  210.73 v _22384_/B (OR3x1_ASAP7_75t_R)
     1    0.76    9.90   23.93  234.65 v _22384_/Y (OR3x1_ASAP7_75t_R)
                                         _16551_ (net)
                  9.91    0.02  234.68 v _22392_/B (AND3x2_ASAP7_75t_R)
     1    3.96   15.03   19.49  254.17 v _22392_/Y (AND3x2_ASAP7_75t_R)
                                         _16559_ (net)
                 15.48    1.40  255.57 v _22393_/B (AO21x1_ASAP7_75t_R)
     1    1.23    9.72   18.79  274.36 v _22393_/Y (AO21x1_ASAP7_75t_R)
                                         _16560_ (net)
                  9.72    0.03  274.40 v _22425_/A2 (OAI21x1_ASAP7_75t_R)
     8    9.36   62.92   29.73  304.13 ^ _22425_/Y (OAI21x1_ASAP7_75t_R)
                                         _16592_ (net)
                 63.11    2.03  306.15 ^ _24194_/B (NOR2x1_ASAP7_75t_R)
     1    0.83   17.39   16.13  322.28 v _24194_/Y (NOR2x1_ASAP7_75t_R)
                                         _05201_ (net)
                 17.39    0.03  322.31 v _24195_/B (AO21x2_ASAP7_75t_R)
     8    6.36   21.84   27.86  350.16 v _24195_/Y (AO21x2_ASAP7_75t_R)
                                         _05202_ (net)
                 22.03    1.11  351.27 v _24442_/A (AND2x2_ASAP7_75t_R)
     1    1.77    9.20   23.35  374.63 v _24442_/Y (AND2x2_ASAP7_75t_R)
                                         _17911_ (net)
                  9.20    0.05  374.67 v _35401_/CI (FAx1_ASAP7_75t_R)
     8   17.30  259.74  118.18  492.85 ^ _35401_/CON (FAx1_ASAP7_75t_R)
                                         _17962_ (net)
     4    7.84  182.56   92.52  585.37 v _35401_/SN (FAx1_ASAP7_75t_R)
                                         _17914_ (net)
                182.57    0.70  586.07 v _35040_/A (INVx2_ASAP7_75t_R)
     2    3.87   42.53   32.89  618.97 ^ _35040_/Y (INVx2_ASAP7_75t_R)
                                         _17913_ (net)
                 42.53    0.08  619.05 ^ _35461_/CI (FAx1_ASAP7_75t_R)
     7   12.08  191.84  207.55  826.59 v _35461_/SN (FAx1_ASAP7_75t_R)
                                         _18080_ (net)
                191.84    0.11  826.70 v _35462_/A (FAx1_ASAP7_75t_R)
     1    2.26   75.36   60.16  886.86 ^ _35462_/CON (FAx1_ASAP7_75t_R)
                                         _18122_ (net)
     1    1.02   60.84   22.46  909.31 v _35462_/SN (FAx1_ASAP7_75t_R)
                                         _18479_ (net)
                 60.84    0.05  909.37 v _34879_/A (INVx1_ASAP7_75t_R)
     1    2.28   27.86   22.29  931.66 ^ _34879_/Y (INVx1_ASAP7_75t_R)
                                         _18081_ (net)
                 27.86    0.11  931.77 ^ _35463_/A (FAx1_ASAP7_75t_R)
     1    0.77   24.57   38.22  969.99 v _35463_/SN (FAx1_ASAP7_75t_R)
                                         _18480_ (net)
                 24.57    0.01  970.00 v _34816_/A (INVx1_ASAP7_75t_R)
     1    1.81   17.06   13.64  983.64 ^ _34816_/Y (INVx1_ASAP7_75t_R)
                                         _18083_ (net)
                 17.06    0.06  983.71 ^ _35467_/CI (FAx1_ASAP7_75t_R)
     1    1.01   29.67   38.26 1021.97 v _35467_/SN (FAx1_ASAP7_75t_R)
                                         _18484_ (net)
                 29.67    0.05 1022.02 v _34856_/A (INVx1_ASAP7_75t_R)
     1    2.37   21.39   16.77 1038.79 ^ _34856_/Y (INVx1_ASAP7_75t_R)
                                         _18092_ (net)
                 21.40    0.08 1038.87 ^ _35468_/B (FAx1_ASAP7_75t_R)
     1    1.19   33.34   42.39 1081.26 v _35468_/SN (FAx1_ASAP7_75t_R)
                                         _18486_ (net)
                 33.34    0.04 1081.30 v _35578_/B (HAxp5_ASAP7_75t_R)
     4    4.08   83.42   74.22 1155.53 v _35578_/SN (HAxp5_ASAP7_75t_R)
                                         _00252_ (net)
                 83.42    0.07 1155.60 v _29453_/B (AO21x1_ASAP7_75t_R)
     1    0.71    8.73   26.52 1182.11 v _29453_/Y (AO21x1_ASAP7_75t_R)
                                         _09481_ (net)
                  8.73    0.01 1182.12 v _29454_/A2 (AO21x1_ASAP7_75t_R)
     2    1.56   12.19   17.01 1199.13 v _29454_/Y (AO21x1_ASAP7_75t_R)
                                         _09482_ (net)
                 12.19    0.07 1199.20 v _29488_/A2 (AO21x1_ASAP7_75t_R)
     1    0.78    8.58   15.64 1214.83 v _29488_/Y (AO21x1_ASAP7_75t_R)
                                         _09514_ (net)
                  8.58    0.02 1214.85 v _29489_/A2 (AO21x1_ASAP7_75t_R)
     2    1.66   12.89   17.24 1232.09 v _29489_/Y (AO21x1_ASAP7_75t_R)
                                         _09515_ (net)
                 12.89    0.04 1232.13 v _29532_/A2 (AO21x1_ASAP7_75t_R)
     1    1.07   10.06   16.67 1248.80 v _29532_/Y (AO21x1_ASAP7_75t_R)
                                         _09557_ (net)
                 10.06    0.08 1248.88 v _29536_/A2 (AO221x1_ASAP7_75t_R)
     2    2.46   17.90   27.72 1276.60 v _29536_/Y (AO221x1_ASAP7_75t_R)
                                         _09561_ (net)
                 17.90    0.04 1276.64 v _29537_/A (XNOR2x1_ASAP7_75t_R)
     1    1.27   27.25   14.38 1291.02 ^ _29537_/Y (XNOR2x1_ASAP7_75t_R)
                                         _09562_ (net)
                 27.25    0.11 1291.13 ^ _29539_/A2 (AO21x1_ASAP7_75t_R)
     2    2.89   20.88   23.27 1314.40 ^ _29539_/Y (AO21x1_ASAP7_75t_R)
                                         _09564_ (net)
                 20.90    0.37 1314.77 ^ _29540_/B (NAND2x1_ASAP7_75t_R)
     1    0.48    9.18    8.04 1322.81 v _29540_/Y (NAND2x1_ASAP7_75t_R)
                                         _09565_ (net)
                  9.18    0.00 1322.82 v _29541_/B (OA211x2_ASAP7_75t_R)
     1    0.97    9.84   25.94 1348.75 v _29541_/Y (OA211x2_ASAP7_75t_R)
                                         _09566_ (net)
                  9.84    0.05 1348.81 v _29545_/B (OR3x1_ASAP7_75t_R)
     1    0.57    8.72   23.22 1372.02 v _29545_/Y (OR3x1_ASAP7_75t_R)
                                         _09570_ (net)
                  8.72    0.00 1372.02 v _29547_/A1 (OA211x2_ASAP7_75t_R)
     3    6.30   25.00   30.02 1402.04 v _29547_/Y (OA211x2_ASAP7_75t_R)
                                         _09572_ (net)
                 26.54    3.28 1405.32 v _29554_/B (OR2x4_ASAP7_75t_R)
     3    4.69   16.06   35.27 1440.59 v _29554_/Y (OR2x4_ASAP7_75t_R)
                                         _09579_ (net)
                 16.29    1.03 1441.62 v _29555_/A (BUFx6f_ASAP7_75t_R)
     6    5.44    8.50   16.57 1458.19 v _29555_/Y (BUFx6f_ASAP7_75t_R)
                                         _09580_ (net)
                  8.61    0.53 1458.72 v _29767_/A (BUFx3_ASAP7_75t_R)
     5    3.58    9.40   15.60 1474.31 v _29767_/Y (BUFx3_ASAP7_75t_R)
                                         _09757_ (net)
                  9.40    0.05 1474.36 v _30538_/A1 (OA21x2_ASAP7_75t_R)
     1    0.73    6.32   16.70 1491.06 v _30538_/Y (OA21x2_ASAP7_75t_R)
                                         _03241_ (net)
                  6.32    0.01 1491.07 v gen_regfile_ff.register_file_i.rf_reg_q[445]$_DFFE_PN0P_/D (DFFASRHQNx1_ASAP7_75t_R)
                               1491.07   data arrival time

                  0.00 1260.00 1260.00   clock core_clock (rise edge)
                          0.00 1260.00   clock network delay (ideal)
                          0.00 1260.00   clock reconvergence pessimism
                               1260.00 ^ gen_regfile_ff.register_file_i.rf_reg_q[445]$_DFFE_PN0P_/CLK (DFFASRHQNx1_ASAP7_75t_R)
                         -5.24 1254.76   library setup time
                               1254.76   data required time
-----------------------------------------------------------------------------
                               1254.76   data required time
                               -1491.07   data arrival time
-----------------------------------------------------------------------------
                               -236.31   slack (VIOLATED)



==========================================================================
detailed place report_check_types -max_slew -max_cap -max_fanout -violators
--------------------------------------------------------------------------

==========================================================================
detailed place max_slew_check_slack
--------------------------------------------------------------------------
35.24919128417969

==========================================================================
detailed place max_slew_check_limit
--------------------------------------------------------------------------
320.0

==========================================================================
detailed place max_slew_check_slack_limit
--------------------------------------------------------------------------
0.1102

==========================================================================
detailed place max_fanout_check_slack
--------------------------------------------------------------------------
1.0000000150474662e+30

==========================================================================
detailed place max_fanout_check_limit
--------------------------------------------------------------------------
1.0000000150474662e+30

==========================================================================
detailed place max_capacitance_check_slack
--------------------------------------------------------------------------
6.930806636810303

==========================================================================
detailed place max_capacitance_check_limit
--------------------------------------------------------------------------
23.040000915527344

==========================================================================
detailed place max_capacitance_check_slack_limit
--------------------------------------------------------------------------
0.3008

==========================================================================
detailed place max_slew_violation_count
--------------------------------------------------------------------------
max slew violation count 0

==========================================================================
detailed place max_fanout_violation_count
--------------------------------------------------------------------------
max fanout violation count 0

==========================================================================
detailed place max_cap_violation_count
--------------------------------------------------------------------------
max cap violation count 0

==========================================================================
detailed place setup_violation_count
--------------------------------------------------------------------------
setup violation count 288

==========================================================================
detailed place hold_violation_count
--------------------------------------------------------------------------
hold violation count 0

==========================================================================
detailed place report_checks -path_delay max reg to reg
--------------------------------------------------------------------------
Startpoint: if_stage_i.instr_rdata_alu_id_o[20]$_DFFE_PN_
            (rising edge-triggered flip-flop clocked by core_clock)
Endpoint: gen_regfile_ff.register_file_i.rf_reg_q[445]$_DFFE_PN0P_
          (rising edge-triggered flip-flop clocked by core_clock)
Path Group: core_clock
Path Type: max

  Delay    Time   Description
---------------------------------------------------------
   0.00    0.00   clock core_clock (rise edge)
   0.00    0.00   clock network delay (ideal)
   0.00    0.00 ^ if_stage_i.instr_rdata_alu_id_o[20]$_DFFE_PN_/CLK (DFFHQNx2_ASAP7_75t_R)
  47.20   47.20 ^ if_stage_i.instr_rdata_alu_id_o[20]$_DFFE_PN_/QN (DFFHQNx2_ASAP7_75t_R)
  11.28   58.48 v _19195_/Y (INVx2_ASAP7_75t_R)
  18.51   77.00 v _19196_/Y (BUFx3_ASAP7_75t_R)
  18.28   95.28 v _19197_/Y (BUFx3_ASAP7_75t_R)
  16.80  112.08 v _19198_/Y (BUFx6f_ASAP7_75t_R)
  18.57  130.66 v _19199_/Y (BUFx6f_ASAP7_75t_R)
  14.87  145.52 v _21321_/Y (BUFx12f_ASAP7_75t_R)
  17.53  163.06 v _21340_/Y (BUFx6f_ASAP7_75t_R)
  18.39  181.44 v _21384_/Y (BUFx6f_ASAP7_75t_R)
  29.26  210.70 v _22380_/Y (OA211x2_ASAP7_75t_R)
  23.95  234.65 v _22384_/Y (OR3x1_ASAP7_75t_R)
  19.51  254.17 v _22392_/Y (AND3x2_ASAP7_75t_R)
  20.19  274.36 v _22393_/Y (AO21x1_ASAP7_75t_R)
  29.76  304.13 ^ _22425_/Y (OAI21x1_ASAP7_75t_R)
  18.15  322.28 v _24194_/Y (NOR2x1_ASAP7_75t_R)
  27.88  350.16 v _24195_/Y (AO21x2_ASAP7_75t_R)
  24.46  374.63 v _24442_/Y (AND2x2_ASAP7_75t_R)
 118.22  492.85 ^ _35401_/CON (FAx1_ASAP7_75t_R)
  92.52  585.37 v _35401_/SN (FAx1_ASAP7_75t_R)
  33.59  618.97 ^ _35040_/Y (INVx2_ASAP7_75t_R)
 207.63  826.59 v _35461_/SN (FAx1_ASAP7_75t_R)
  60.26  886.86 ^ _35462_/CON (FAx1_ASAP7_75t_R)
  22.46  909.31 v _35462_/SN (FAx1_ASAP7_75t_R)
  22.35  931.66 ^ _34879_/Y (INVx1_ASAP7_75t_R)
  38.33  969.99 v _35463_/SN (FAx1_ASAP7_75t_R)
  13.65  983.64 ^ _34816_/Y (INVx1_ASAP7_75t_R)
  38.33 1021.97 v _35467_/SN (FAx1_ASAP7_75t_R)
  16.82 1038.79 ^ _34856_/Y (INVx1_ASAP7_75t_R)
  42.47 1081.26 v _35468_/SN (FAx1_ASAP7_75t_R)
  74.27 1155.53 v _35578_/SN (HAxp5_ASAP7_75t_R)
  26.59 1182.11 v _29453_/Y (AO21x1_ASAP7_75t_R)
  17.02 1199.13 v _29454_/Y (AO21x1_ASAP7_75t_R)
  15.70 1214.83 v _29488_/Y (AO21x1_ASAP7_75t_R)
  17.26 1232.09 v _29489_/Y (AO21x1_ASAP7_75t_R)
  16.71 1248.80 v _29532_/Y (AO21x1_ASAP7_75t_R)
  27.80 1276.60 v _29536_/Y (AO221x1_ASAP7_75t_R)
  14.42 1291.02 ^ _29537_/Y (XNOR2x1_ASAP7_75t_R)
  23.38 1314.40 ^ _29539_/Y (AO21x1_ASAP7_75t_R)
   8.41 1322.81 v _29540_/Y (NAND2x1_ASAP7_75t_R)
  25.94 1348.75 v _29541_/Y (OA211x2_ASAP7_75t_R)
  23.27 1372.02 v _29545_/Y (OR3x1_ASAP7_75t_R)
  30.02 1402.04 v _29547_/Y (OA211x2_ASAP7_75t_R)
  38.55 1440.59 v _29554_/Y (OR2x4_ASAP7_75t_R)
  17.60 1458.19 v _29555_/Y (BUFx6f_ASAP7_75t_R)
  16.12 1474.31 v _29767_/Y (BUFx3_ASAP7_75t_R)
  16.74 1491.06 v _30538_/Y (OA21x2_ASAP7_75t_R)
   0.01 1491.07 v gen_regfile_ff.register_file_i.rf_reg_q[445]$_DFFE_PN0P_/D (DFFASRHQNx1_ASAP7_75t_R)
        1491.07   data arrival time

1260.00 1260.00   clock core_clock (rise edge)
   0.00 1260.00   clock network delay (ideal)
   0.00 1260.00   clock reconvergence pessimism
        1260.00 ^ gen_regfile_ff.register_file_i.rf_reg_q[445]$_DFFE_PN0P_/CLK (DFFASRHQNx1_ASAP7_75t_R)
  -5.24 1254.76   library setup time
        1254.76   data required time
---------------------------------------------------------
        1254.76   data required time
        -1491.07   data arrival time
---------------------------------------------------------
        -236.31   slack (VIOLATED)



==========================================================================
detailed place report_checks -path_delay min reg to reg
--------------------------------------------------------------------------
Startpoint: gen_regfile_ff.register_file_i.rf_reg_q[552]$_DFFE_PN0P_
            (rising edge-triggered flip-flop clocked by core_clock)
Endpoint: gen_regfile_ff.register_file_i.rf_reg_q[552]$_DFFE_PN0P_
          (rising edge-triggered flip-flop clocked by core_clock)
Path Group: core_clock
Path Type: min

  Delay    Time   Description
---------------------------------------------------------
   0.00    0.00   clock core_clock (rise edge)
   0.00    0.00   clock network delay (ideal)
   0.00    0.00 ^ gen_regfile_ff.register_file_i.rf_reg_q[552]$_DFFE_PN0P_/CLK (DFFASRHQNx1_ASAP7_75t_R)
  39.63   39.63 ^ gen_regfile_ff.register_file_i.rf_reg_q[552]$_DFFE_PN0P_/QN (DFFASRHQNx1_ASAP7_75t_R)
   7.38   47.01 v _30827_/Y (OAI21x1_ASAP7_75t_R)
   0.01   47.02 v gen_regfile_ff.register_file_i.rf_reg_q[552]$_DFFE_PN0P_/D (DFFASRHQNx1_ASAP7_75t_R)
          47.02   data arrival time

   0.00    0.00   clock core_clock (rise edge)
   0.00    0.00   clock network delay (ideal)
   0.00    0.00   clock reconvergence pessimism
           0.00 ^ gen_regfile_ff.register_file_i.rf_reg_q[552]$_DFFE_PN0P_/CLK (DFFASRHQNx1_ASAP7_75t_R)
   9.27    9.27   library hold time
           9.27   data required time
---------------------------------------------------------
           9.27   data required time
         -47.02   data arrival time
---------------------------------------------------------
          37.75   slack (MET)



==========================================================================
detailed place critical path target clock latency max path
--------------------------------------------------------------------------
0.0000

==========================================================================
detailed place critical path target clock latency min path
--------------------------------------------------------------------------
0.0000

==========================================================================
detailed place critical path source clock latency min path
--------------------------------------------------------------------------
0.0000

==========================================================================
detailed place critical path delay
--------------------------------------------------------------------------
1491.0690

==========================================================================
detailed place critical path slack
--------------------------------------------------------------------------
-236.3056

==========================================================================
detailed place slack div critical path delay
--------------------------------------------------------------------------
-15.848066

==========================================================================
detailed place report_power
--------------------------------------------------------------------------
Group                  Internal  Switching    Leakage      Total
                          Power      Power      Power      Power (Watts)
----------------------------------------------------------------
Sequential             3.12e-03   9.37e-04   2.10e-07   4.06e-03  10.0%
Combinational          1.61e-02   2.02e-02   1.77e-06   3.63e-02  89.7%
Clock                  5.95e-07   1.04e-04   1.16e-10   1.04e-04   0.3%
Macro                  0.00e+00   0.00e+00   0.00e+00   0.00e+00   0.0%
Pad                    0.00e+00   0.00e+00   0.00e+00   0.00e+00   0.0%
----------------------------------------------------------------
Total                  1.92e-02   2.13e-02   1.98e-06   4.05e-02 100.0%
                          47.5%      52.5%       0.0%
