
==========================================================================
detailed place report_tns
--------------------------------------------------------------------------
tns -42729.04

==========================================================================
detailed place report_wns
--------------------------------------------------------------------------
wns -230.08

==========================================================================
detailed place report_worst_slack
--------------------------------------------------------------------------
worst slack -230.08

==========================================================================
detailed place report_checks -path_delay min
--------------------------------------------------------------------------
Startpoint: rst_ni (input port clocked by core_clock)
Endpoint: ex_block_i.genblk3.gen_multdiv_fast.multdiv_i.op_quotient_q[14]$_DFFE_PN0P_
          (removal check against rising-edge clock core_clock)
Path Group: asynchronous
Path Type: min

Fanout     Cap    Slew   Delay    Time   Description
-----------------------------------------------------------------------------
                  0.00    0.00    0.00   clock core_clock (rise edge)
                          0.00    0.00   clock network delay (ideal)
                        252.00  252.00 ^ input external delay
    59   64.23    0.00    0.00  252.00 ^ rst_ni (in)
                                         rst_ni (net)
                 62.26   19.64  271.64 ^ ex_block_i.genblk3.gen_multdiv_fast.multdiv_i.op_quotient_q[14]$_DFFE_PN0P_/SETN (DFFASRHQNx1_ASAP7_75t_R)
                                271.64   data arrival time

                  0.00    0.00    0.00   clock core_clock (rise edge)
                          0.00    0.00   clock network delay (ideal)
                          0.00    0.00   clock reconvergence pessimism
                                  0.00 ^ ex_block_i.genblk3.gen_multdiv_fast.multdiv_i.op_quotient_q[14]$_DFFE_PN0P_/CLK (DFFASRHQNx1_ASAP7_75t_R)
                         11.49   11.49   library removal time
                                 11.49   data required time
-----------------------------------------------------------------------------
                                 11.49   data required time
                               -271.64   data arrival time
-----------------------------------------------------------------------------
                                260.15   slack (MET)


Startpoint: core_clock_gate_i.en_latch$_DLATCH_N_
            (negative level-sensitive latch clocked by core_clock)
Endpoint: _35046_ (rising clock gating-check end-point clocked by core_clock)
Path Group: gated clock
Path Type: min

Fanout     Cap    Slew   Delay    Time   Description
-----------------------------------------------------------------------------
                  0.00  630.00  630.00   clock core_clock (fall edge)
                          0.00  630.00   clock network delay (ideal)
                  0.00    0.00  630.00 v core_clock_gate_i.en_latch$_DLATCH_N_/CLK (DLLx1_ASAP7_75t_R)
     1    0.36    6.28   17.40  647.40 ^ core_clock_gate_i.en_latch$_DLATCH_N_/Q (DLLx1_ASAP7_75t_R)
                                         core_clock_gate_i.en_latch (net)
                  6.28    0.00  647.41 ^ _35046_/B (AND2x2_ASAP7_75t_R)
                                647.41   data arrival time

                  0.00  630.00  630.00   clock core_clock (fall edge)
                          0.00  630.00   clock network delay (ideal)
                          0.00  630.00   clock reconvergence pessimism
                                630.00 v _35046_/A (AND2x2_ASAP7_75t_R)
                          0.00  630.00   clock gating hold time
                                630.00   data required time
-----------------------------------------------------------------------------
                                630.00   data required time
                               -647.41   data arrival time
-----------------------------------------------------------------------------
                                 17.41   slack (MET)


Startpoint: gen_regfile_ff.register_file_i.rf_reg_q[552]$_DFFE_PN0P_
            (rising edge-triggered flip-flop clocked by core_clock)
Endpoint: gen_regfile_ff.register_file_i.rf_reg_q[552]$_DFFE_PN0P_
          (rising edge-triggered flip-flop clocked by core_clock)
Path Group: core_clock
Path Type: min

Fanout     Cap    Slew   Delay    Time   Description
-----------------------------------------------------------------------------
                  0.00    0.00    0.00   clock core_clock (rise edge)
                          0.00    0.00   clock network delay (ideal)
                  0.00    0.00    0.00 ^ gen_regfile_ff.register_file_i.rf_reg_q[552]$_DFFE_PN0P_/CLK (DFFASRHQNx1_ASAP7_75t_R)
     2    1.61   19.39   39.64   39.64 ^ gen_regfile_ff.register_file_i.rf_reg_q[552]$_DFFE_PN0P_/QN (DFFASRHQNx1_ASAP7_75t_R)
                                         _00679_ (net)
                 19.39    0.02   39.66 ^ _30827_/A1 (OAI21x1_ASAP7_75t_R)
     1    0.70    6.15    7.43   47.09 v _30827_/Y (OAI21x1_ASAP7_75t_R)
                                         _03360_ (net)
                  6.15    0.02   47.11 v gen_regfile_ff.register_file_i.rf_reg_q[552]$_DFFE_PN0P_/D (DFFASRHQNx1_ASAP7_75t_R)
                                 47.11   data arrival time

                  0.00    0.00    0.00   clock core_clock (rise edge)
                          0.00    0.00   clock network delay (ideal)
                          0.00    0.00   clock reconvergence pessimism
                                  0.00 ^ gen_regfile_ff.register_file_i.rf_reg_q[552]$_DFFE_PN0P_/CLK (DFFASRHQNx1_ASAP7_75t_R)
                          9.28    9.28   library hold time
                                  9.28   data required time
-----------------------------------------------------------------------------
                                  9.28   data required time
                                -47.11   data arrival time
-----------------------------------------------------------------------------
                                 37.83   slack (MET)



==========================================================================
detailed place report_checks -path_delay max
--------------------------------------------------------------------------
Startpoint: rst_ni (input port clocked by core_clock)
Endpoint: gen_regfile_ff.register_file_i.rf_reg_q[837]$_DFFE_PN0P_
          (recovery check against rising-edge clock core_clock)
Path Group: asynchronous
Path Type: max

Fanout     Cap    Slew   Delay    Time   Description
-----------------------------------------------------------------------------
                  0.00    0.00    0.00   clock core_clock (rise edge)
                          0.00    0.00   clock network delay (ideal)
                        252.00  252.00 ^ input external delay
    59   79.87    0.00    0.00  252.00 ^ rst_ni (in)
                                         rst_ni (net)
                 85.44   26.95  278.95 ^ load_slew40/A (BUFx24_ASAP7_75t_R)
    88  118.86   44.47   37.86  316.81 ^ load_slew40/Y (BUFx24_ASAP7_75t_R)
                                         net62 (net)
                188.73   58.95  375.77 ^ load_slew38/A (BUFx24_ASAP7_75t_R)
    88  122.14   62.04   54.34  430.11 ^ load_slew38/Y (BUFx24_ASAP7_75t_R)
                                         net60 (net)
                 84.54   18.72  448.83 ^ load_slew33/A (BUFx24_ASAP7_75t_R)
    86  121.50   36.41   35.91  484.74 ^ load_slew33/Y (BUFx24_ASAP7_75t_R)
                                         net55 (net)
                229.07   71.95  556.69 ^ load_slew32/A (BUFx24_ASAP7_75t_R)
    95  125.06   65.25   58.63  615.32 ^ load_slew32/Y (BUFx24_ASAP7_75t_R)
                                         net54 (net)
                 78.25   14.71  630.03 ^ load_slew31/A (BUFx16f_ASAP7_75t_R)
    55   75.51   44.89   35.99  666.02 ^ load_slew31/Y (BUFx16f_ASAP7_75t_R)
                                         net53 (net)
                 45.91    3.89  669.90 ^ load_slew30/A (BUFx24_ASAP7_75t_R)
    91  116.04   57.77   42.99  712.90 ^ load_slew30/Y (BUFx24_ASAP7_75t_R)
                                         net52 (net)
                 66.21   11.62  724.52 ^ gen_regfile_ff.register_file_i.rf_reg_q[837]$_DFFE_PN0P_/SETN (DFFASRHQNx1_ASAP7_75t_R)
                                724.52   data arrival time

                  0.00 1260.00 1260.00   clock core_clock (rise edge)
                          0.00 1260.00   clock network delay (ideal)
                          0.00 1260.00   clock reconvergence pessimism
                               1260.00 ^ gen_regfile_ff.register_file_i.rf_reg_q[837]$_DFFE_PN0P_/CLK (DFFASRHQNx1_ASAP7_75t_R)
                         -5.70 1254.30   library recovery time
                               1254.30   data required time
-----------------------------------------------------------------------------
                               1254.30   data required time
                               -724.52   data arrival time
-----------------------------------------------------------------------------
                                529.78   slack (MET)


Startpoint: core_clock_gate_i.en_latch$_DLATCH_N_
            (negative level-sensitive latch clocked by core_clock)
Endpoint: _35046_ (rising clock gating-check end-point clocked by core_clock)
Path Group: gated clock
Path Type: max

Fanout     Cap    Slew   Delay    Time   Description
-----------------------------------------------------------------------------
                  0.00  630.00  630.00   clock core_clock (fall edge)
                          0.00  630.00   clock network delay (ideal)
                  0.00    0.00  630.00 v core_clock_gate_i.en_latch$_DLATCH_N_/CLK (DLLx1_ASAP7_75t_R)
     1    0.60    7.53   27.29  657.29 v core_clock_gate_i.en_latch$_DLATCH_N_/Q (DLLx1_ASAP7_75t_R)
                                         core_clock_gate_i.en_latch (net)
                  7.53    0.00  657.30 v _35046_/B (AND2x2_ASAP7_75t_R)
                                657.30   data arrival time

                  0.00 1260.00 1260.00   clock core_clock (rise edge)
                          0.00 1260.00   clock network delay (ideal)
                          0.00 1260.00   clock reconvergence pessimism
                               1260.00 ^ _35046_/A (AND2x2_ASAP7_75t_R)
                          0.00 1260.00   clock gating setup time
                               1260.00   data required time
-----------------------------------------------------------------------------
                               1260.00   data required time
                               -657.30   data arrival time
-----------------------------------------------------------------------------
                                602.70   slack (MET)


Startpoint: if_stage_i.instr_rdata_alu_id_o[20]$_DFFE_PN_
            (rising edge-triggered flip-flop clocked by core_clock)
Endpoint: gen_regfile_ff.register_file_i.rf_reg_q[413]$_DFFE_PN0P_
          (rising edge-triggered flip-flop clocked by core_clock)
Path Group: core_clock
Path Type: max

Fanout     Cap    Slew   Delay    Time   Description
-----------------------------------------------------------------------------
                  0.00    0.00    0.00   clock core_clock (rise edge)
                          0.00    0.00   clock network delay (ideal)
                  0.00    0.00    0.00 ^ if_stage_i.instr_rdata_alu_id_o[20]$_DFFE_PN_/CLK (DFFHQNx2_ASAP7_75t_R)
     6    5.93   30.11   47.78   47.78 ^ if_stage_i.instr_rdata_alu_id_o[20]$_DFFE_PN_/QN (DFFHQNx2_ASAP7_75t_R)
                                         _00368_ (net)
                 30.18    0.78   48.56 ^ _19195_/A (INVx2_ASAP7_75t_R)
     4    3.23   14.96   11.83   60.39 v _19195_/Y (INVx2_ASAP7_75t_R)
                                         _13466_ (net)
                 14.96    0.07   60.46 v _19196_/A (BUFx3_ASAP7_75t_R)
     6    4.72   11.54   18.64   79.10 v _19196_/Y (BUFx3_ASAP7_75t_R)
                                         _13467_ (net)
                 11.54    0.01   79.11 v _19197_/A (BUFx3_ASAP7_75t_R)
     6    6.09   13.81   18.69   97.80 v _19197_/Y (BUFx3_ASAP7_75t_R)
                                         _13468_ (net)
                 13.84    0.33   98.12 v _19198_/A (BUFx6f_ASAP7_75t_R)
     6    8.31   11.96   16.44  114.56 v _19198_/Y (BUFx6f_ASAP7_75t_R)
                                         _13469_ (net)
                 12.90    1.77  116.34 v _19199_/A (BUFx6f_ASAP7_75t_R)
     6    9.51   13.07   16.71  133.05 v _19199_/Y (BUFx6f_ASAP7_75t_R)
                                         _13470_ (net)
                 14.96    2.59  135.64 v _21321_/A (BUFx12f_ASAP7_75t_R)
     6    9.63    8.96   16.30  151.95 v _21321_/Y (BUFx12f_ASAP7_75t_R)
                                         _15518_ (net)
                  9.12    0.67  152.62 v _21340_/A (BUFx12f_ASAP7_75t_R)
     8    8.90    8.37   14.30  166.91 v _21340_/Y (BUFx12f_ASAP7_75t_R)
                                         _15537_ (net)
                  8.94    1.15  168.06 v _22130_/A (BUFx3_ASAP7_75t_R)
     5    4.71   11.70   16.59  184.65 v _22130_/Y (BUFx3_ASAP7_75t_R)
                                         _16305_ (net)
                 11.70    0.14  184.79 v _22149_/B (OA211x2_ASAP7_75t_R)
     1    0.63    9.09   26.06  210.85 v _22149_/Y (OA211x2_ASAP7_75t_R)
                                         _16324_ (net)
                  9.09    0.00  210.85 v _22153_/C (OR3x1_ASAP7_75t_R)
     1    0.69    9.44   23.95  234.80 v _22153_/Y (OR3x1_ASAP7_75t_R)
                                         _16328_ (net)
                  9.44    0.01  234.81 v _22161_/C (AND3x2_ASAP7_75t_R)
     1    3.00   11.96   18.76  253.57 v _22161_/Y (AND3x2_ASAP7_75t_R)
                                         _16336_ (net)
                 12.14    0.80  254.37 v _22178_/C (OR3x4_ASAP7_75t_R)
     2    3.70   18.10   43.25  297.62 v _22178_/Y (OR3x4_ASAP7_75t_R)
                                         _16353_ (net)
                 18.28    1.00  298.62 v _22179_/A (AND2x4_ASAP7_75t_R)
     6    6.44   13.14   23.93  322.54 v _22179_/Y (AND2x4_ASAP7_75t_R)
                                         _16354_ (net)
                 13.20    0.47  323.02 v _24175_/A2 (AO21x2_ASAP7_75t_R)
     8    8.40   27.29   27.80  350.82 v _24175_/Y (AO21x2_ASAP7_75t_R)
                                         _05187_ (net)
                 27.93    2.30  353.11 v _24418_/B (NAND2x2_ASAP7_75t_R)
     2    3.17   18.91   17.21  370.33 ^ _24418_/Y (NAND2x2_ASAP7_75t_R)
                                         _17865_ (net)
                 18.91    0.04  370.37 ^ _24419_/A (INVx2_ASAP7_75t_R)
     2    3.95   14.57   11.08  381.45 v _24419_/Y (INVx2_ASAP7_75t_R)
                                         _17820_ (net)
                 14.58    0.20  381.65 v _35401_/A (FAx1_ASAP7_75t_R)
     8   17.37  261.11  120.30  501.95 ^ _35401_/CON (FAx1_ASAP7_75t_R)
                                         _17962_ (net)
     4    7.84  182.34   92.68  594.64 v _35401_/SN (FAx1_ASAP7_75t_R)
                                         _17914_ (net)
                182.35    0.77  595.41 v _35040_/A (INVx2_ASAP7_75t_R)
     2    3.77   41.94   32.47  627.88 ^ _35040_/Y (INVx2_ASAP7_75t_R)
                                         _17913_ (net)
                 41.94    0.07  627.96 ^ _35461_/CI (FAx1_ASAP7_75t_R)
     7   12.15  193.05  207.82  835.77 v _35461_/SN (FAx1_ASAP7_75t_R)
                                         _18080_ (net)
                193.05    0.21  835.99 v _35462_/A (FAx1_ASAP7_75t_R)
     1    2.26   75.52   60.28  896.27 ^ _35462_/CON (FAx1_ASAP7_75t_R)
                                         _18122_ (net)
     1    0.95   59.98   21.98  918.25 v _35462_/SN (FAx1_ASAP7_75t_R)
                                         _18479_ (net)
                 59.98    0.04  918.29 v _34879_/A (INVx1_ASAP7_75t_R)
     1    2.23   27.36   21.92  940.21 ^ _34879_/Y (INVx1_ASAP7_75t_R)
                                         _18081_ (net)
                 27.36    0.09  940.30 ^ _35463_/A (FAx1_ASAP7_75t_R)
     1    0.80   24.84   38.52  978.82 v _35463_/SN (FAx1_ASAP7_75t_R)
                                         _18480_ (net)
                 24.84    0.02  978.84 v _34816_/A (INVx1_ASAP7_75t_R)
     1    1.97   18.08   14.22  993.06 ^ _34816_/Y (INVx1_ASAP7_75t_R)
                                         _18083_ (net)
                 18.08    0.12  993.18 ^ _35467_/CI (FAx1_ASAP7_75t_R)
     1    0.94   31.19   17.37 1010.55 v _35467_/CON (FAx1_ASAP7_75t_R)
                                         _18506_ (net)
     1    0.77   32.68   17.34 1027.90 ^ _35467_/SN (FAx1_ASAP7_75t_R)
                                         _18484_ (net)
                 32.68    0.01 1027.91 ^ _34856_/A (INVx1_ASAP7_75t_R)
     1    2.41   19.63   15.36 1043.27 v _34856_/Y (INVx1_ASAP7_75t_R)
                                         _18092_ (net)
                 19.63    0.10 1043.37 v _35468_/B (FAx1_ASAP7_75t_R)
     1    1.07   37.00   23.90 1067.27 ^ _35468_/CON (FAx1_ASAP7_75t_R)
                                         _18508_ (net)
     1    1.03   30.75   17.33 1084.59 v _35468_/SN (FAx1_ASAP7_75t_R)
                                         _18486_ (net)
                 30.75    0.01 1084.60 v _35578_/B (HAxp5_ASAP7_75t_R)
     4    3.96   80.93   71.55 1156.15 v _35578_/SN (HAxp5_ASAP7_75t_R)
                                         _00252_ (net)
                 80.93    0.06 1156.21 v _29453_/B (AO21x1_ASAP7_75t_R)
     1    0.95    9.78   27.08 1183.30 v _29453_/Y (AO21x1_ASAP7_75t_R)
                                         _09481_ (net)
                  9.78    0.05 1183.34 v _29454_/A2 (AO21x1_ASAP7_75t_R)
     2    1.46   11.61   17.01 1200.36 v _29454_/Y (AO21x1_ASAP7_75t_R)
                                         _09482_ (net)
                 11.61    0.07 1200.43 v _29488_/A2 (AO21x1_ASAP7_75t_R)
     1    1.01    9.66   16.17 1216.60 v _29488_/Y (AO21x1_ASAP7_75t_R)
                                         _09514_ (net)
                  9.66    0.06 1216.66 v _29489_/A2 (AO21x1_ASAP7_75t_R)
     2    1.43   11.69   16.90 1233.56 v _29489_/Y (AO21x1_ASAP7_75t_R)
                                         _09515_ (net)
                 11.69    0.07 1233.63 v _29532_/A2 (AO21x1_ASAP7_75t_R)
     1    0.68    8.06   15.22 1248.85 v _29532_/Y (AO21x1_ASAP7_75t_R)
                                         _09557_ (net)
                  8.06    0.02 1248.87 v _29536_/A2 (AO221x1_ASAP7_75t_R)
     2    2.45   17.85   27.26 1276.13 v _29536_/Y (AO221x1_ASAP7_75t_R)
                                         _09561_ (net)
                 17.85    0.08 1276.21 v _29537_/A (XNOR2x1_ASAP7_75t_R)
     1    2.00   30.96   16.68 1292.88 ^ _29537_/Y (XNOR2x1_ASAP7_75t_R)
                                         _09562_ (net)
                 30.98    0.34 1293.22 ^ _29539_/A2 (AO21x1_ASAP7_75t_R)
     2    2.74   20.06   23.32 1316.54 ^ _29539_/Y (AO21x1_ASAP7_75t_R)
                                         _09564_ (net)
                 20.07    0.36 1316.90 ^ _29540_/B (NAND2x1_ASAP7_75t_R)
     1    0.55    9.35    8.22 1325.11 v _29540_/Y (NAND2x1_ASAP7_75t_R)
                                         _09565_ (net)
                  9.35    0.01 1325.12 v _29541_/B (OA211x2_ASAP7_75t_R)
     1    1.52   11.32   27.08 1352.20 v _29541_/Y (OA211x2_ASAP7_75t_R)
                                         _09566_ (net)
                 11.33    0.18 1352.38 v _29545_/B (OR3x1_ASAP7_75t_R)
     1    0.62    9.05   23.80 1376.18 v _29545_/Y (OR3x1_ASAP7_75t_R)
                                         _09570_ (net)
                  9.05    0.01 1376.19 v _29547_/A1 (OA211x2_ASAP7_75t_R)
     3    4.94   21.66   28.48 1404.67 v _29547_/Y (OA211x2_ASAP7_75t_R)
                                         _09572_ (net)
                 22.20    1.89 1406.55 v _29554_/B (OR2x2_ASAP7_75t_R)
     3    3.09   13.86   27.34 1433.89 v _29554_/Y (OR2x2_ASAP7_75t_R)
                                         _09579_ (net)
                 13.86    0.03 1433.92 v _29555_/A (BUFx6f_ASAP7_75t_R)
     6    6.80   10.04   16.19 1450.11 v _29555_/Y (BUFx6f_ASAP7_75t_R)
                                         _09580_ (net)
                 11.08    1.69 1451.81 v clone13/A (BUFx3_ASAP7_75t_R)
     5    3.40    9.16   16.19 1467.99 v clone13/Y (BUFx3_ASAP7_75t_R)
                                         net13 (net)
                  9.17    0.09 1468.09 v _30455_/A1 (OA21x2_ASAP7_75t_R)
     1    0.72    6.76   16.64 1484.73 v _30455_/Y (OA21x2_ASAP7_75t_R)
                                         _03206_ (net)
                  6.76    0.01 1484.74 v gen_regfile_ff.register_file_i.rf_reg_q[413]$_DFFE_PN0P_/D (DFFASRHQNx1_ASAP7_75t_R)
                               1484.74   data arrival time

                  0.00 1260.00 1260.00   clock core_clock (rise edge)
                          0.00 1260.00   clock network delay (ideal)
                          0.00 1260.00   clock reconvergence pessimism
                               1260.00 ^ gen_regfile_ff.register_file_i.rf_reg_q[413]$_DFFE_PN0P_/CLK (DFFASRHQNx1_ASAP7_75t_R)
                         -5.35 1254.65   library setup time
                               1254.65   data required time
-----------------------------------------------------------------------------
                               1254.65   data required time
                               -1484.74   data arrival time
-----------------------------------------------------------------------------
                               -230.08   slack (VIOLATED)



==========================================================================
detailed place report_checks -unconstrained
--------------------------------------------------------------------------
Startpoint: rst_ni (input port clocked by core_clock)
Endpoint: gen_regfile_ff.register_file_i.rf_reg_q[837]$_DFFE_PN0P_
          (recovery check against rising-edge clock core_clock)
Path Group: asynchronous
Path Type: max

Fanout     Cap    Slew   Delay    Time   Description
-----------------------------------------------------------------------------
                  0.00    0.00    0.00   clock core_clock (rise edge)
                          0.00    0.00   clock network delay (ideal)
                        252.00  252.00 ^ input external delay
    59   79.87    0.00    0.00  252.00 ^ rst_ni (in)
                                         rst_ni (net)
                 85.44   26.95  278.95 ^ load_slew40/A (BUFx24_ASAP7_75t_R)
    88  118.86   44.47   37.86  316.81 ^ load_slew40/Y (BUFx24_ASAP7_75t_R)
                                         net62 (net)
                188.73   58.95  375.77 ^ load_slew38/A (BUFx24_ASAP7_75t_R)
    88  122.14   62.04   54.34  430.11 ^ load_slew38/Y (BUFx24_ASAP7_75t_R)
                                         net60 (net)
                 84.54   18.72  448.83 ^ load_slew33/A (BUFx24_ASAP7_75t_R)
    86  121.50   36.41   35.91  484.74 ^ load_slew33/Y (BUFx24_ASAP7_75t_R)
                                         net55 (net)
                229.07   71.95  556.69 ^ load_slew32/A (BUFx24_ASAP7_75t_R)
    95  125.06   65.25   58.63  615.32 ^ load_slew32/Y (BUFx24_ASAP7_75t_R)
                                         net54 (net)
                 78.25   14.71  630.03 ^ load_slew31/A (BUFx16f_ASAP7_75t_R)
    55   75.51   44.89   35.99  666.02 ^ load_slew31/Y (BUFx16f_ASAP7_75t_R)
                                         net53 (net)
                 45.91    3.89  669.90 ^ load_slew30/A (BUFx24_ASAP7_75t_R)
    91  116.04   57.77   42.99  712.90 ^ load_slew30/Y (BUFx24_ASAP7_75t_R)
                                         net52 (net)
                 66.21   11.62  724.52 ^ gen_regfile_ff.register_file_i.rf_reg_q[837]$_DFFE_PN0P_/SETN (DFFASRHQNx1_ASAP7_75t_R)
                                724.52   data arrival time

                  0.00 1260.00 1260.00   clock core_clock (rise edge)
                          0.00 1260.00   clock network delay (ideal)
                          0.00 1260.00   clock reconvergence pessimism
                               1260.00 ^ gen_regfile_ff.register_file_i.rf_reg_q[837]$_DFFE_PN0P_/CLK (DFFASRHQNx1_ASAP7_75t_R)
                         -5.70 1254.30   library recovery time
                               1254.30   data required time
-----------------------------------------------------------------------------
                               1254.30   data required time
                               -724.52   data arrival time
-----------------------------------------------------------------------------
                                529.78   slack (MET)


Startpoint: core_clock_gate_i.en_latch$_DLATCH_N_
            (negative level-sensitive latch clocked by core_clock)
Endpoint: _35046_ (rising clock gating-check end-point clocked by core_clock)
Path Group: gated clock
Path Type: max

Fanout     Cap    Slew   Delay    Time   Description
-----------------------------------------------------------------------------
                  0.00  630.00  630.00   clock core_clock (fall edge)
                          0.00  630.00   clock network delay (ideal)
                  0.00    0.00  630.00 v core_clock_gate_i.en_latch$_DLATCH_N_/CLK (DLLx1_ASAP7_75t_R)
     1    0.60    7.53   27.29  657.29 v core_clock_gate_i.en_latch$_DLATCH_N_/Q (DLLx1_ASAP7_75t_R)
                                         core_clock_gate_i.en_latch (net)
                  7.53    0.00  657.30 v _35046_/B (AND2x2_ASAP7_75t_R)
                                657.30   data arrival time

                  0.00 1260.00 1260.00   clock core_clock (rise edge)
                          0.00 1260.00   clock network delay (ideal)
                          0.00 1260.00   clock reconvergence pessimism
                               1260.00 ^ _35046_/A (AND2x2_ASAP7_75t_R)
                          0.00 1260.00   clock gating setup time
                               1260.00   data required time
-----------------------------------------------------------------------------
                               1260.00   data required time
                               -657.30   data arrival time
-----------------------------------------------------------------------------
                                602.70   slack (MET)


Startpoint: if_stage_i.instr_rdata_alu_id_o[20]$_DFFE_PN_
            (rising edge-triggered flip-flop clocked by core_clock)
Endpoint: gen_regfile_ff.register_file_i.rf_reg_q[413]$_DFFE_PN0P_
          (rising edge-triggered flip-flop clocked by core_clock)
Path Group: core_clock
Path Type: max

Fanout     Cap    Slew   Delay    Time   Description
-----------------------------------------------------------------------------
                  0.00    0.00    0.00   clock core_clock (rise edge)
                          0.00    0.00   clock network delay (ideal)
                  0.00    0.00    0.00 ^ if_stage_i.instr_rdata_alu_id_o[20]$_DFFE_PN_/CLK (DFFHQNx2_ASAP7_75t_R)
     6    5.93   30.11   47.78   47.78 ^ if_stage_i.instr_rdata_alu_id_o[20]$_DFFE_PN_/QN (DFFHQNx2_ASAP7_75t_R)
                                         _00368_ (net)
                 30.18    0.78   48.56 ^ _19195_/A (INVx2_ASAP7_75t_R)
     4    3.23   14.96   11.83   60.39 v _19195_/Y (INVx2_ASAP7_75t_R)
                                         _13466_ (net)
                 14.96    0.07   60.46 v _19196_/A (BUFx3_ASAP7_75t_R)
     6    4.72   11.54   18.64   79.10 v _19196_/Y (BUFx3_ASAP7_75t_R)
                                         _13467_ (net)
                 11.54    0.01   79.11 v _19197_/A (BUFx3_ASAP7_75t_R)
     6    6.09   13.81   18.69   97.80 v _19197_/Y (BUFx3_ASAP7_75t_R)
                                         _13468_ (net)
                 13.84    0.33   98.12 v _19198_/A (BUFx6f_ASAP7_75t_R)
     6    8.31   11.96   16.44  114.56 v _19198_/Y (BUFx6f_ASAP7_75t_R)
                                         _13469_ (net)
                 12.90    1.77  116.34 v _19199_/A (BUFx6f_ASAP7_75t_R)
     6    9.51   13.07   16.71  133.05 v _19199_/Y (BUFx6f_ASAP7_75t_R)
                                         _13470_ (net)
                 14.96    2.59  135.64 v _21321_/A (BUFx12f_ASAP7_75t_R)
     6    9.63    8.96   16.30  151.95 v _21321_/Y (BUFx12f_ASAP7_75t_R)
                                         _15518_ (net)
                  9.12    0.67  152.62 v _21340_/A (BUFx12f_ASAP7_75t_R)
     8    8.90    8.37   14.30  166.91 v _21340_/Y (BUFx12f_ASAP7_75t_R)
                                         _15537_ (net)
                  8.94    1.15  168.06 v _22130_/A (BUFx3_ASAP7_75t_R)
     5    4.71   11.70   16.59  184.65 v _22130_/Y (BUFx3_ASAP7_75t_R)
                                         _16305_ (net)
                 11.70    0.14  184.79 v _22149_/B (OA211x2_ASAP7_75t_R)
     1    0.63    9.09   26.06  210.85 v _22149_/Y (OA211x2_ASAP7_75t_R)
                                         _16324_ (net)
                  9.09    0.00  210.85 v _22153_/C (OR3x1_ASAP7_75t_R)
     1    0.69    9.44   23.95  234.80 v _22153_/Y (OR3x1_ASAP7_75t_R)
                                         _16328_ (net)
                  9.44    0.01  234.81 v _22161_/C (AND3x2_ASAP7_75t_R)
     1    3.00   11.96   18.76  253.57 v _22161_/Y (AND3x2_ASAP7_75t_R)
                                         _16336_ (net)
                 12.14    0.80  254.37 v _22178_/C (OR3x4_ASAP7_75t_R)
     2    3.70   18.10   43.25  297.62 v _22178_/Y (OR3x4_ASAP7_75t_R)
                                         _16353_ (net)
                 18.28    1.00  298.62 v _22179_/A (AND2x4_ASAP7_75t_R)
     6    6.44   13.14   23.93  322.54 v _22179_/Y (AND2x4_ASAP7_75t_R)
                                         _16354_ (net)
                 13.20    0.47  323.02 v _24175_/A2 (AO21x2_ASAP7_75t_R)
     8    8.40   27.29   27.80  350.82 v _24175_/Y (AO21x2_ASAP7_75t_R)
                                         _05187_ (net)
                 27.93    2.30  353.11 v _24418_/B (NAND2x2_ASAP7_75t_R)
     2    3.17   18.91   17.21  370.33 ^ _24418_/Y (NAND2x2_ASAP7_75t_R)
                                         _17865_ (net)
                 18.91    0.04  370.37 ^ _24419_/A (INVx2_ASAP7_75t_R)
     2    3.95   14.57   11.08  381.45 v _24419_/Y (INVx2_ASAP7_75t_R)
                                         _17820_ (net)
                 14.58    0.20  381.65 v _35401_/A (FAx1_ASAP7_75t_R)
     8   17.37  261.11  120.30  501.95 ^ _35401_/CON (FAx1_ASAP7_75t_R)
                                         _17962_ (net)
     4    7.84  182.34   92.68  594.64 v _35401_/SN (FAx1_ASAP7_75t_R)
                                         _17914_ (net)
                182.35    0.77  595.41 v _35040_/A (INVx2_ASAP7_75t_R)
     2    3.77   41.94   32.47  627.88 ^ _35040_/Y (INVx2_ASAP7_75t_R)
                                         _17913_ (net)
                 41.94    0.07  627.96 ^ _35461_/CI (FAx1_ASAP7_75t_R)
     7   12.15  193.05  207.82  835.77 v _35461_/SN (FAx1_ASAP7_75t_R)
                                         _18080_ (net)
                193.05    0.21  835.99 v _35462_/A (FAx1_ASAP7_75t_R)
     1    2.26   75.52   60.28  896.27 ^ _35462_/CON (FAx1_ASAP7_75t_R)
                                         _18122_ (net)
     1    0.95   59.98   21.98  918.25 v _35462_/SN (FAx1_ASAP7_75t_R)
                                         _18479_ (net)
                 59.98    0.04  918.29 v _34879_/A (INVx1_ASAP7_75t_R)
     1    2.23   27.36   21.92  940.21 ^ _34879_/Y (INVx1_ASAP7_75t_R)
                                         _18081_ (net)
                 27.36    0.09  940.30 ^ _35463_/A (FAx1_ASAP7_75t_R)
     1    0.80   24.84   38.52  978.82 v _35463_/SN (FAx1_ASAP7_75t_R)
                                         _18480_ (net)
                 24.84    0.02  978.84 v _34816_/A (INVx1_ASAP7_75t_R)
     1    1.97   18.08   14.22  993.06 ^ _34816_/Y (INVx1_ASAP7_75t_R)
                                         _18083_ (net)
                 18.08    0.12  993.18 ^ _35467_/CI (FAx1_ASAP7_75t_R)
     1    0.94   31.19   17.37 1010.55 v _35467_/CON (FAx1_ASAP7_75t_R)
                                         _18506_ (net)
     1    0.77   32.68   17.34 1027.90 ^ _35467_/SN (FAx1_ASAP7_75t_R)
                                         _18484_ (net)
                 32.68    0.01 1027.91 ^ _34856_/A (INVx1_ASAP7_75t_R)
     1    2.41   19.63   15.36 1043.27 v _34856_/Y (INVx1_ASAP7_75t_R)
                                         _18092_ (net)
                 19.63    0.10 1043.37 v _35468_/B (FAx1_ASAP7_75t_R)
     1    1.07   37.00   23.90 1067.27 ^ _35468_/CON (FAx1_ASAP7_75t_R)
                                         _18508_ (net)
     1    1.03   30.75   17.33 1084.59 v _35468_/SN (FAx1_ASAP7_75t_R)
                                         _18486_ (net)
                 30.75    0.01 1084.60 v _35578_/B (HAxp5_ASAP7_75t_R)
     4    3.96   80.93   71.55 1156.15 v _35578_/SN (HAxp5_ASAP7_75t_R)
                                         _00252_ (net)
                 80.93    0.06 1156.21 v _29453_/B (AO21x1_ASAP7_75t_R)
     1    0.95    9.78   27.08 1183.30 v _29453_/Y (AO21x1_ASAP7_75t_R)
                                         _09481_ (net)
                  9.78    0.05 1183.34 v _29454_/A2 (AO21x1_ASAP7_75t_R)
     2    1.46   11.61   17.01 1200.36 v _29454_/Y (AO21x1_ASAP7_75t_R)
                                         _09482_ (net)
                 11.61    0.07 1200.43 v _29488_/A2 (AO21x1_ASAP7_75t_R)
     1    1.01    9.66   16.17 1216.60 v _29488_/Y (AO21x1_ASAP7_75t_R)
                                         _09514_ (net)
                  9.66    0.06 1216.66 v _29489_/A2 (AO21x1_ASAP7_75t_R)
     2    1.43   11.69   16.90 1233.56 v _29489_/Y (AO21x1_ASAP7_75t_R)
                                         _09515_ (net)
                 11.69    0.07 1233.63 v _29532_/A2 (AO21x1_ASAP7_75t_R)
     1    0.68    8.06   15.22 1248.85 v _29532_/Y (AO21x1_ASAP7_75t_R)
                                         _09557_ (net)
                  8.06    0.02 1248.87 v _29536_/A2 (AO221x1_ASAP7_75t_R)
     2    2.45   17.85   27.26 1276.13 v _29536_/Y (AO221x1_ASAP7_75t_R)
                                         _09561_ (net)
                 17.85    0.08 1276.21 v _29537_/A (XNOR2x1_ASAP7_75t_R)
     1    2.00   30.96   16.68 1292.88 ^ _29537_/Y (XNOR2x1_ASAP7_75t_R)
                                         _09562_ (net)
                 30.98    0.34 1293.22 ^ _29539_/A2 (AO21x1_ASAP7_75t_R)
     2    2.74   20.06   23.32 1316.54 ^ _29539_/Y (AO21x1_ASAP7_75t_R)
                                         _09564_ (net)
                 20.07    0.36 1316.90 ^ _29540_/B (NAND2x1_ASAP7_75t_R)
     1    0.55    9.35    8.22 1325.11 v _29540_/Y (NAND2x1_ASAP7_75t_R)
                                         _09565_ (net)
                  9.35    0.01 1325.12 v _29541_/B (OA211x2_ASAP7_75t_R)
     1    1.52   11.32   27.08 1352.20 v _29541_/Y (OA211x2_ASAP7_75t_R)
                                         _09566_ (net)
                 11.33    0.18 1352.38 v _29545_/B (OR3x1_ASAP7_75t_R)
     1    0.62    9.05   23.80 1376.18 v _29545_/Y (OR3x1_ASAP7_75t_R)
                                         _09570_ (net)
                  9.05    0.01 1376.19 v _29547_/A1 (OA211x2_ASAP7_75t_R)
     3    4.94   21.66   28.48 1404.67 v _29547_/Y (OA211x2_ASAP7_75t_R)
                                         _09572_ (net)
                 22.20    1.89 1406.55 v _29554_/B (OR2x2_ASAP7_75t_R)
     3    3.09   13.86   27.34 1433.89 v _29554_/Y (OR2x2_ASAP7_75t_R)
                                         _09579_ (net)
                 13.86    0.03 1433.92 v _29555_/A (BUFx6f_ASAP7_75t_R)
     6    6.80   10.04   16.19 1450.11 v _29555_/Y (BUFx6f_ASAP7_75t_R)
                                         _09580_ (net)
                 11.08    1.69 1451.81 v clone13/A (BUFx3_ASAP7_75t_R)
     5    3.40    9.16   16.19 1467.99 v clone13/Y (BUFx3_ASAP7_75t_R)
                                         net13 (net)
                  9.17    0.09 1468.09 v _30455_/A1 (OA21x2_ASAP7_75t_R)
     1    0.72    6.76   16.64 1484.73 v _30455_/Y (OA21x2_ASAP7_75t_R)
                                         _03206_ (net)
                  6.76    0.01 1484.74 v gen_regfile_ff.register_file_i.rf_reg_q[413]$_DFFE_PN0P_/D (DFFASRHQNx1_ASAP7_75t_R)
                               1484.74   data arrival time

                  0.00 1260.00 1260.00   clock core_clock (rise edge)
                          0.00 1260.00   clock network delay (ideal)
                          0.00 1260.00   clock reconvergence pessimism
                               1260.00 ^ gen_regfile_ff.register_file_i.rf_reg_q[413]$_DFFE_PN0P_/CLK (DFFASRHQNx1_ASAP7_75t_R)
                         -5.35 1254.65   library setup time
                               1254.65   data required time
-----------------------------------------------------------------------------
                               1254.65   data required time
                               -1484.74   data arrival time
-----------------------------------------------------------------------------
                               -230.08   slack (VIOLATED)



==========================================================================
detailed place report_check_types -max_slew -max_cap -max_fanout -violators
--------------------------------------------------------------------------

==========================================================================
detailed place max_slew_check_slack
--------------------------------------------------------------------------
33.33858108520508

==========================================================================
detailed place max_slew_check_limit
--------------------------------------------------------------------------
320.0

==========================================================================
detailed place max_slew_check_slack_limit
--------------------------------------------------------------------------
0.1042

==========================================================================
detailed place max_fanout_check_slack
--------------------------------------------------------------------------
1.0000000150474662e+30

==========================================================================
detailed place max_fanout_check_limit
--------------------------------------------------------------------------
1.0000000150474662e+30

==========================================================================
detailed place max_capacitance_check_slack
--------------------------------------------------------------------------
7.602930545806885

==========================================================================
detailed place max_capacitance_check_limit
--------------------------------------------------------------------------
23.040000915527344

==========================================================================
detailed place max_capacitance_check_slack_limit
--------------------------------------------------------------------------
0.3300

==========================================================================
detailed place max_slew_violation_count
--------------------------------------------------------------------------
max slew violation count 0

==========================================================================
detailed place max_fanout_violation_count
--------------------------------------------------------------------------
max fanout violation count 0

==========================================================================
detailed place max_cap_violation_count
--------------------------------------------------------------------------
max cap violation count 0

==========================================================================
detailed place setup_violation_count
--------------------------------------------------------------------------
setup violation count 287

==========================================================================
detailed place hold_violation_count
--------------------------------------------------------------------------
hold violation count 0

==========================================================================
detailed place report_checks -path_delay max reg to reg
--------------------------------------------------------------------------
Startpoint: if_stage_i.instr_rdata_alu_id_o[20]$_DFFE_PN_
            (rising edge-triggered flip-flop clocked by core_clock)
Endpoint: gen_regfile_ff.register_file_i.rf_reg_q[413]$_DFFE_PN0P_
          (rising edge-triggered flip-flop clocked by core_clock)
Path Group: core_clock
Path Type: max

  Delay    Time   Description
---------------------------------------------------------
   0.00    0.00   clock core_clock (rise edge)
   0.00    0.00   clock network delay (ideal)
   0.00    0.00 ^ if_stage_i.instr_rdata_alu_id_o[20]$_DFFE_PN_/CLK (DFFHQNx2_ASAP7_75t_R)
  47.78   47.78 ^ if_stage_i.instr_rdata_alu_id_o[20]$_DFFE_PN_/QN (DFFHQNx2_ASAP7_75t_R)
  12.61   60.39 v _19195_/Y (INVx2_ASAP7_75t_R)
  18.71   79.10 v _19196_/Y (BUFx3_ASAP7_75t_R)
  18.70   97.80 v _19197_/Y (BUFx3_ASAP7_75t_R)
  16.77  114.56 v _19198_/Y (BUFx6f_ASAP7_75t_R)
  18.48  133.05 v _19199_/Y (BUFx6f_ASAP7_75t_R)
  18.90  151.95 v _21321_/Y (BUFx12f_ASAP7_75t_R)
  14.97  166.91 v _21340_/Y (BUFx12f_ASAP7_75t_R)
  17.74  184.65 v _22130_/Y (BUFx3_ASAP7_75t_R)
  26.20  210.85 v _22149_/Y (OA211x2_ASAP7_75t_R)
  23.95  234.80 v _22153_/Y (OR3x1_ASAP7_75t_R)
  18.77  253.57 v _22161_/Y (AND3x2_ASAP7_75t_R)
  44.05  297.62 v _22178_/Y (OR3x4_ASAP7_75t_R)
  24.93  322.54 v _22179_/Y (AND2x4_ASAP7_75t_R)
  28.27  350.82 v _24175_/Y (AO21x2_ASAP7_75t_R)
  19.51  370.33 ^ _24418_/Y (NAND2x2_ASAP7_75t_R)
  11.12  381.45 v _24419_/Y (INVx2_ASAP7_75t_R)
 120.50  501.95 ^ _35401_/CON (FAx1_ASAP7_75t_R)
  92.68  594.64 v _35401_/SN (FAx1_ASAP7_75t_R)
  33.24  627.88 ^ _35040_/Y (INVx2_ASAP7_75t_R)
 207.89  835.77 v _35461_/SN (FAx1_ASAP7_75t_R)
  60.50  896.27 ^ _35462_/CON (FAx1_ASAP7_75t_R)
  21.98  918.25 v _35462_/SN (FAx1_ASAP7_75t_R)
  21.96  940.21 ^ _34879_/Y (INVx1_ASAP7_75t_R)
  38.61  978.82 v _35463_/SN (FAx1_ASAP7_75t_R)
  14.24  993.06 ^ _34816_/Y (INVx1_ASAP7_75t_R)
  17.49 1010.55 v _35467_/CON (FAx1_ASAP7_75t_R)
  17.34 1027.90 ^ _35467_/SN (FAx1_ASAP7_75t_R)
  15.37 1043.27 v _34856_/Y (INVx1_ASAP7_75t_R)
  24.00 1067.27 ^ _35468_/CON (FAx1_ASAP7_75t_R)
  17.33 1084.59 v _35468_/SN (FAx1_ASAP7_75t_R)
  71.56 1156.15 v _35578_/SN (HAxp5_ASAP7_75t_R)
  27.15 1183.30 v _29453_/Y (AO21x1_ASAP7_75t_R)
  17.06 1200.36 v _29454_/Y (AO21x1_ASAP7_75t_R)
  16.24 1216.60 v _29488_/Y (AO21x1_ASAP7_75t_R)
  16.96 1233.56 v _29489_/Y (AO21x1_ASAP7_75t_R)
  15.29 1248.85 v _29532_/Y (AO21x1_ASAP7_75t_R)
  27.28 1276.13 v _29536_/Y (AO221x1_ASAP7_75t_R)
  16.76 1292.88 ^ _29537_/Y (XNOR2x1_ASAP7_75t_R)
  23.66 1316.54 ^ _29539_/Y (AO21x1_ASAP7_75t_R)
   8.57 1325.11 v _29540_/Y (NAND2x1_ASAP7_75t_R)
  27.09 1352.20 v _29541_/Y (OA211x2_ASAP7_75t_R)
  23.98 1376.18 v _29545_/Y (OR3x1_ASAP7_75t_R)
  28.49 1404.67 v _29547_/Y (OA211x2_ASAP7_75t_R)
  29.22 1433.89 v _29554_/Y (OR2x2_ASAP7_75t_R)
  16.22 1450.11 v _29555_/Y (BUFx6f_ASAP7_75t_R)
  17.88 1467.99 v clone13/Y (BUFx3_ASAP7_75t_R)
  16.73 1484.73 v _30455_/Y (OA21x2_ASAP7_75t_R)
   0.01 1484.74 v gen_regfile_ff.register_file_i.rf_reg_q[413]$_DFFE_PN0P_/D (DFFASRHQNx1_ASAP7_75t_R)
        1484.74   data arrival time

1260.00 1260.00   clock core_clock (rise edge)
   0.00 1260.00   clock network delay (ideal)
   0.00 1260.00   clock reconvergence pessimism
        1260.00 ^ gen_regfile_ff.register_file_i.rf_reg_q[413]$_DFFE_PN0P_/CLK (DFFASRHQNx1_ASAP7_75t_R)
  -5.35 1254.65   library setup time
        1254.65   data required time
---------------------------------------------------------
        1254.65   data required time
        -1484.74   data arrival time
---------------------------------------------------------
        -230.08   slack (VIOLATED)



==========================================================================
detailed place report_checks -path_delay min reg to reg
--------------------------------------------------------------------------
Startpoint: gen_regfile_ff.register_file_i.rf_reg_q[552]$_DFFE_PN0P_
            (rising edge-triggered flip-flop clocked by core_clock)
Endpoint: gen_regfile_ff.register_file_i.rf_reg_q[552]$_DFFE_PN0P_
          (rising edge-triggered flip-flop clocked by core_clock)
Path Group: core_clock
Path Type: min

  Delay    Time   Description
---------------------------------------------------------
   0.00    0.00   clock core_clock (rise edge)
   0.00    0.00   clock network delay (ideal)
   0.00    0.00 ^ gen_regfile_ff.register_file_i.rf_reg_q[552]$_DFFE_PN0P_/CLK (DFFASRHQNx1_ASAP7_75t_R)
  39.64   39.64 ^ gen_regfile_ff.register_file_i.rf_reg_q[552]$_DFFE_PN0P_/QN (DFFASRHQNx1_ASAP7_75t_R)
   7.45   47.09 v _30827_/Y (OAI21x1_ASAP7_75t_R)
   0.02   47.11 v gen_regfile_ff.register_file_i.rf_reg_q[552]$_DFFE_PN0P_/D (DFFASRHQNx1_ASAP7_75t_R)
          47.11   data arrival time

   0.00    0.00   clock core_clock (rise edge)
   0.00    0.00   clock network delay (ideal)
   0.00    0.00   clock reconvergence pessimism
           0.00 ^ gen_regfile_ff.register_file_i.rf_reg_q[552]$_DFFE_PN0P_/CLK (DFFASRHQNx1_ASAP7_75t_R)
   9.28    9.28   library hold time
           9.28   data required time
---------------------------------------------------------
           9.28   data required time
         -47.11   data arrival time
---------------------------------------------------------
          37.83   slack (MET)



==========================================================================
detailed place critical path target clock latency max path
--------------------------------------------------------------------------
0.0000

==========================================================================
detailed place critical path target clock latency min path
--------------------------------------------------------------------------
0.0000

==========================================================================
detailed place critical path source clock latency min path
--------------------------------------------------------------------------
0.0000

==========================================================================
detailed place critical path delay
--------------------------------------------------------------------------
1484.7382

==========================================================================
detailed place critical path slack
--------------------------------------------------------------------------
-230.0833

==========================================================================
detailed place slack div critical path delay
--------------------------------------------------------------------------
-15.496557

==========================================================================
detailed place report_power
--------------------------------------------------------------------------
Group                  Internal  Switching    Leakage      Total
                          Power      Power      Power      Power (Watts)
----------------------------------------------------------------
Sequential             3.13e-03   9.35e-04   2.10e-07   4.06e-03  10.0%
Combinational          1.63e-02   2.03e-02   1.76e-06   3.66e-02  89.8%
Clock                  5.95e-07   1.04e-04   1.16e-10   1.04e-04   0.3%
Macro                  0.00e+00   0.00e+00   0.00e+00   0.00e+00   0.0%
Pad                    0.00e+00   0.00e+00   0.00e+00   0.00e+00   0.0%
----------------------------------------------------------------
Total                  1.94e-02   2.14e-02   1.97e-06   4.08e-02 100.0%
                          47.6%      52.4%       0.0%
