
==========================================================================
global place report_tns
--------------------------------------------------------------------------
tns -211.48

==========================================================================
global place report_wns
--------------------------------------------------------------------------
wns -19.82

==========================================================================
global place report_worst_slack
--------------------------------------------------------------------------
worst slack -19.82

==========================================================================
global place report_checks -path_delay min
--------------------------------------------------------------------------
Startpoint: dpath.a_reg.out[11]$_DFFE_PP_
            (rising edge-triggered flip-flop clocked by core_clock)
Endpoint: dpath.a_reg.out[11]$_DFFE_PP_
          (rising edge-triggered flip-flop clocked by core_clock)
Path Group: core_clock
Path Type: min

Fanout     Cap    Slew   Delay    Time   Description
-----------------------------------------------------------------------------
                  0.00    0.00    0.00   clock core_clock (rise edge)
                          0.00    0.00   clock network delay (ideal)
                  0.00    0.00    0.00 ^ dpath.a_reg.out[11]$_DFFE_PP_/CLK (DFFHQNx1_ASAP7_75t_R)
     2    1.56   17.91   35.98   35.98 ^ dpath.a_reg.out[11]$_DFFE_PP_/QN (DFFHQNx1_ASAP7_75t_R)
                                         _043_ (net)
                 17.91    0.02   36.00 ^ _408_/A1 (AOI22x1_ASAP7_75t_R)
     1    0.59    8.69    7.19   43.19 v _408_/Y (AOI22x1_ASAP7_75t_R)
                                         _054_ (net)
                  8.69    0.00   43.20 v dpath.a_reg.out[11]$_DFFE_PP_/D (DFFHQNx1_ASAP7_75t_R)
                                 43.20   data arrival time

                  0.00    0.00    0.00   clock core_clock (rise edge)
                          0.00    0.00   clock network delay (ideal)
                          0.00    0.00   clock reconvergence pessimism
                                  0.00 ^ dpath.a_reg.out[11]$_DFFE_PP_/CLK (DFFHQNx1_ASAP7_75t_R)
                          8.40    8.40   library hold time
                                  8.40   data required time
-----------------------------------------------------------------------------
                                  8.40   data required time
                                -43.20   data arrival time
-----------------------------------------------------------------------------
                                 34.79   slack (MET)



==========================================================================
global place report_checks -path_delay max
--------------------------------------------------------------------------
Startpoint: dpath.b_reg.out[8]$_DFFE_PP_
            (rising edge-triggered flip-flop clocked by core_clock)
Endpoint: resp_msg[13] (output port clocked by core_clock)
Path Group: core_clock
Path Type: max

Fanout     Cap    Slew   Delay    Time   Description
-----------------------------------------------------------------------------
                  0.00    0.00    0.00   clock core_clock (rise edge)
                          0.00    0.00   clock network delay (ideal)
                  0.00    0.00    0.00 ^ dpath.b_reg.out[8]$_DFFE_PP_/CLK (DFFHQNx1_ASAP7_75t_R)
     4    3.67   29.16   42.46   42.46 v dpath.b_reg.out[8]$_DFFE_PP_/QN (DFFHQNx1_ASAP7_75t_R)
                                         _287_ (net)
                 29.16    0.04   42.50 v _568_/A (HAxp5_ASAP7_75t_R)
     5    3.67   74.93   67.74  110.24 v _568_/SN (HAxp5_ASAP7_75t_R)
                                         _016_ (net)
                 74.93    0.08  110.32 v _314_/A (OR3x1_ASAP7_75t_R)
     3    2.16   19.21   42.34  152.66 v _314_/Y (OR3x1_ASAP7_75t_R)
                                         _098_ (net)
                 19.21    0.01  152.67 v _396_/B (OR2x2_ASAP7_75t_R)
     1    0.66    7.90   21.89  174.56 v _396_/Y (OR2x2_ASAP7_75t_R)
                                         _157_ (net)
                  7.90    0.00  174.56 v _400_/A2 (OA21x2_ASAP7_75t_R)
     3    2.83   11.69   19.98  194.54 v _400_/Y (OA21x2_ASAP7_75t_R)
                                         _161_ (net)
                 11.70    0.20  194.74 v _402_/A2 (AO21x1_ASAP7_75t_R)
     3    2.51   16.00   20.30  215.04 v _402_/Y (AO21x1_ASAP7_75t_R)
                                         _163_ (net)
                 16.00    0.01  215.05 v _417_/A2 (AO32x1_ASAP7_75t_R)
     1    1.16   11.33   24.27  239.31 v _417_/Y (AO32x1_ASAP7_75t_R)
                                         _175_ (net)
                 11.33    0.02  239.34 v _418_/B (XOR2x2_ASAP7_75t_R)
     2    0.93    9.48   28.46  267.80 ^ _418_/Y (XOR2x2_ASAP7_75t_R)
                                         resp_msg[13] (net)
                  9.48    0.02  267.82 ^ resp_msg[13] (out)
                                267.82   data arrival time

                  0.00  310.00  310.00   clock core_clock (rise edge)
                          0.00  310.00   clock network delay (ideal)
                          0.00  310.00   clock reconvergence pessimism
                        -62.00  248.00   output external delay
                                248.00   data required time
-----------------------------------------------------------------------------
                                248.00   data required time
                               -267.82   data arrival time
-----------------------------------------------------------------------------
                                -19.82   slack (VIOLATED)



==========================================================================
global place report_checks -unconstrained
--------------------------------------------------------------------------
Startpoint: dpath.b_reg.out[8]$_DFFE_PP_
            (rising edge-triggered flip-flop clocked by core_clock)
Endpoint: resp_msg[13] (output port clocked by core_clock)
Path Group: core_clock
Path Type: max

Fanout     Cap    Slew   Delay    Time   Description
-----------------------------------------------------------------------------
                  0.00    0.00    0.00   clock core_clock (rise edge)
                          0.00    0.00   clock network delay (ideal)
                  0.00    0.00    0.00 ^ dpath.b_reg.out[8]$_DFFE_PP_/CLK (DFFHQNx1_ASAP7_75t_R)
     4    3.67   29.16   42.46   42.46 v dpath.b_reg.out[8]$_DFFE_PP_/QN (DFFHQNx1_ASAP7_75t_R)
                                         _287_ (net)
                 29.16    0.04   42.50 v _568_/A (HAxp5_ASAP7_75t_R)
     5    3.67   74.93   67.74  110.24 v _568_/SN (HAxp5_ASAP7_75t_R)
                                         _016_ (net)
                 74.93    0.08  110.32 v _314_/A (OR3x1_ASAP7_75t_R)
     3    2.16   19.21   42.34  152.66 v _314_/Y (OR3x1_ASAP7_75t_R)
                                         _098_ (net)
                 19.21    0.01  152.67 v _396_/B (OR2x2_ASAP7_75t_R)
     1    0.66    7.90   21.89  174.56 v _396_/Y (OR2x2_ASAP7_75t_R)
                                         _157_ (net)
                  7.90    0.00  174.56 v _400_/A2 (OA21x2_ASAP7_75t_R)
     3    2.83   11.69   19.98  194.54 v _400_/Y (OA21x2_ASAP7_75t_R)
                                         _161_ (net)
                 11.70    0.20  194.74 v _402_/A2 (AO21x1_ASAP7_75t_R)
     3    2.51   16.00   20.30  215.04 v _402_/Y (AO21x1_ASAP7_75t_R)
                                         _163_ (net)
                 16.00    0.01  215.05 v _417_/A2 (AO32x1_ASAP7_75t_R)
     1    1.16   11.33   24.27  239.31 v _417_/Y (AO32x1_ASAP7_75t_R)
                                         _175_ (net)
                 11.33    0.02  239.34 v _418_/B (XOR2x2_ASAP7_75t_R)
     2    0.93    9.48   28.46  267.80 ^ _418_/Y (XOR2x2_ASAP7_75t_R)
                                         resp_msg[13] (net)
                  9.48    0.02  267.82 ^ resp_msg[13] (out)
                                267.82   data arrival time

                  0.00  310.00  310.00   clock core_clock (rise edge)
                          0.00  310.00   clock network delay (ideal)
                          0.00  310.00   clock reconvergence pessimism
                        -62.00  248.00   output external delay
                                248.00   data required time
-----------------------------------------------------------------------------
                                248.00   data required time
                               -267.82   data arrival time
-----------------------------------------------------------------------------
                                -19.82   slack (VIOLATED)



==========================================================================
global place report_power
--------------------------------------------------------------------------
Group                  Internal  Switching    Leakage      Total
                          Power      Power      Power      Power (Watts)
----------------------------------------------------------------
Sequential             2.11e-04   2.33e-05   5.34e-09   2.34e-04  42.1%
Combinational          1.70e-04   1.52e-04   2.17e-08   3.22e-04  57.9%
Clock                  0.00e+00   0.00e+00   0.00e+00   0.00e+00   0.0%
Macro                  0.00e+00   0.00e+00   0.00e+00   0.00e+00   0.0%
Pad                    0.00e+00   0.00e+00   0.00e+00   0.00e+00   0.0%
----------------------------------------------------------------
Total                  3.81e-04   1.76e-04   2.70e-08   5.57e-04 100.0%
                          68.5%      31.5%       0.0%
