
==========================================================================
detailed place report_tns
--------------------------------------------------------------------------
tns -303.28

==========================================================================
detailed place report_wns
--------------------------------------------------------------------------
wns -22.96

==========================================================================
detailed place report_worst_slack
--------------------------------------------------------------------------
worst slack -22.96

==========================================================================
detailed place report_checks -path_delay min
--------------------------------------------------------------------------
Startpoint: dpath.a_reg.out[11]$_DFFE_PP_
            (rising edge-triggered flip-flop clocked by core_clock)
Endpoint: dpath.a_reg.out[11]$_DFFE_PP_
          (rising edge-triggered flip-flop clocked by core_clock)
Path Group: core_clock
Path Type: min

Fanout     Cap    Slew   Delay    Time   Description
-----------------------------------------------------------------------------
                  0.00    0.00    0.00   clock core_clock (rise edge)
                          0.00    0.00   clock network delay (ideal)
                  0.00    0.00    0.00 ^ dpath.a_reg.out[11]$_DFFE_PP_/CLK (DFFHQNx1_ASAP7_75t_R)
     2    1.55   17.83   35.95   35.95 ^ dpath.a_reg.out[11]$_DFFE_PP_/QN (DFFHQNx1_ASAP7_75t_R)
                                         _043_ (net)
                 17.83    0.01   35.96 ^ _408_/A1 (AOI22x1_ASAP7_75t_R)
     1    0.65    8.89    7.33   43.29 v _408_/Y (AOI22x1_ASAP7_75t_R)
                                         _054_ (net)
                  8.89    0.01   43.30 v dpath.a_reg.out[11]$_DFFE_PP_/D (DFFHQNx1_ASAP7_75t_R)
                                 43.30   data arrival time

                  0.00    0.00    0.00   clock core_clock (rise edge)
                          0.00    0.00   clock network delay (ideal)
                          0.00    0.00   clock reconvergence pessimism
                                  0.00 ^ dpath.a_reg.out[11]$_DFFE_PP_/CLK (DFFHQNx1_ASAP7_75t_R)
                          8.39    8.39   library hold time
                                  8.39   data required time
-----------------------------------------------------------------------------
                                  8.39   data required time
                                -43.30   data arrival time
-----------------------------------------------------------------------------
                                 34.91   slack (MET)



==========================================================================
detailed place report_checks -path_delay max
--------------------------------------------------------------------------
Startpoint: dpath.b_reg.out[8]$_DFFE_PP_
            (rising edge-triggered flip-flop clocked by core_clock)
Endpoint: resp_msg[13] (output port clocked by core_clock)
Path Group: core_clock
Path Type: max

Fanout     Cap    Slew   Delay    Time   Description
-----------------------------------------------------------------------------
                  0.00    0.00    0.00   clock core_clock (rise edge)
                          0.00    0.00   clock network delay (ideal)
                  0.00    0.00    0.00 ^ dpath.b_reg.out[8]$_DFFE_PP_/CLK (DFFHQNx1_ASAP7_75t_R)
     4    3.84   30.17   42.94   42.94 v dpath.b_reg.out[8]$_DFFE_PP_/QN (DFFHQNx1_ASAP7_75t_R)
                                         _287_ (net)
                 30.17    0.13   43.08 v _568_/A (HAxp5_ASAP7_75t_R)
     5    3.78   77.00   69.46  112.53 v _568_/SN (HAxp5_ASAP7_75t_R)
                                         _016_ (net)
                 77.00    0.06  112.59 v _314_/A (OR3x1_ASAP7_75t_R)
     3    2.02   18.52   42.27  154.86 v _314_/Y (OR3x1_ASAP7_75t_R)
                                         _098_ (net)
                 18.52    0.01  154.87 v _396_/B (OR2x2_ASAP7_75t_R)
     1    0.69    8.78   21.73  176.60 v _396_/Y (OR2x2_ASAP7_75t_R)
                                         _157_ (net)
                  8.78    0.01  176.60 v _400_/A2 (OA21x2_ASAP7_75t_R)
     3    2.79   11.61   20.16  196.77 v _400_/Y (OA21x2_ASAP7_75t_R)
                                         _161_ (net)
                 11.62    0.19  196.96 v _402_/A2 (AO21x1_ASAP7_75t_R)
     3    2.81   17.54   20.97  217.93 v _402_/Y (AO21x1_ASAP7_75t_R)
                                         _163_ (net)
                 17.54    0.13  218.06 v _417_/A2 (AO32x1_ASAP7_75t_R)
     1    1.09   10.90   24.36  242.43 v _417_/Y (AO32x1_ASAP7_75t_R)
                                         _175_ (net)
                 10.90    0.01  242.43 v _418_/B (XOR2x2_ASAP7_75t_R)
     2    1.02    9.77   28.51  270.95 ^ _418_/Y (XOR2x2_ASAP7_75t_R)
                                         resp_msg[13] (net)
                  9.77    0.02  270.96 ^ resp_msg[13] (out)
                                270.96   data arrival time

                  0.00  310.00  310.00   clock core_clock (rise edge)
                          0.00  310.00   clock network delay (ideal)
                          0.00  310.00   clock reconvergence pessimism
                        -62.00  248.00   output external delay
                                248.00   data required time
-----------------------------------------------------------------------------
                                248.00   data required time
                               -270.96   data arrival time
-----------------------------------------------------------------------------
                                -22.96   slack (VIOLATED)



==========================================================================
detailed place report_checks -unconstrained
--------------------------------------------------------------------------
Startpoint: dpath.b_reg.out[8]$_DFFE_PP_
            (rising edge-triggered flip-flop clocked by core_clock)
Endpoint: resp_msg[13] (output port clocked by core_clock)
Path Group: core_clock
Path Type: max

Fanout     Cap    Slew   Delay    Time   Description
-----------------------------------------------------------------------------
                  0.00    0.00    0.00   clock core_clock (rise edge)
                          0.00    0.00   clock network delay (ideal)
                  0.00    0.00    0.00 ^ dpath.b_reg.out[8]$_DFFE_PP_/CLK (DFFHQNx1_ASAP7_75t_R)
     4    3.84   30.17   42.94   42.94 v dpath.b_reg.out[8]$_DFFE_PP_/QN (DFFHQNx1_ASAP7_75t_R)
                                         _287_ (net)
                 30.17    0.13   43.08 v _568_/A (HAxp5_ASAP7_75t_R)
     5    3.78   77.00   69.46  112.53 v _568_/SN (HAxp5_ASAP7_75t_R)
                                         _016_ (net)
                 77.00    0.06  112.59 v _314_/A (OR3x1_ASAP7_75t_R)
     3    2.02   18.52   42.27  154.86 v _314_/Y (OR3x1_ASAP7_75t_R)
                                         _098_ (net)
                 18.52    0.01  154.87 v _396_/B (OR2x2_ASAP7_75t_R)
     1    0.69    8.78   21.73  176.60 v _396_/Y (OR2x2_ASAP7_75t_R)
                                         _157_ (net)
                  8.78    0.01  176.60 v _400_/A2 (OA21x2_ASAP7_75t_R)
     3    2.79   11.61   20.16  196.77 v _400_/Y (OA21x2_ASAP7_75t_R)
                                         _161_ (net)
                 11.62    0.19  196.96 v _402_/A2 (AO21x1_ASAP7_75t_R)
     3    2.81   17.54   20.97  217.93 v _402_/Y (AO21x1_ASAP7_75t_R)
                                         _163_ (net)
                 17.54    0.13  218.06 v _417_/A2 (AO32x1_ASAP7_75t_R)
     1    1.09   10.90   24.36  242.43 v _417_/Y (AO32x1_ASAP7_75t_R)
                                         _175_ (net)
                 10.90    0.01  242.43 v _418_/B (XOR2x2_ASAP7_75t_R)
     2    1.02    9.77   28.51  270.95 ^ _418_/Y (XOR2x2_ASAP7_75t_R)
                                         resp_msg[13] (net)
                  9.77    0.02  270.96 ^ resp_msg[13] (out)
                                270.96   data arrival time

                  0.00  310.00  310.00   clock core_clock (rise edge)
                          0.00  310.00   clock network delay (ideal)
                          0.00  310.00   clock reconvergence pessimism
                        -62.00  248.00   output external delay
                                248.00   data required time
-----------------------------------------------------------------------------
                                248.00   data required time
                               -270.96   data arrival time
-----------------------------------------------------------------------------
                                -22.96   slack (VIOLATED)



==========================================================================
detailed place report_check_types -max_slew -max_cap -max_fanout -violators
--------------------------------------------------------------------------

==========================================================================
detailed place max_slew_check_slack
--------------------------------------------------------------------------
235.03152465820312

==========================================================================
detailed place max_slew_check_limit
--------------------------------------------------------------------------
320.0

==========================================================================
detailed place max_slew_check_slack_limit
--------------------------------------------------------------------------
0.7345

==========================================================================
detailed place max_fanout_check_slack
--------------------------------------------------------------------------
1.0000000150474662e+30

==========================================================================
detailed place max_fanout_check_limit
--------------------------------------------------------------------------
1.0000000150474662e+30

==========================================================================
detailed place max_capacitance_check_slack
--------------------------------------------------------------------------
18.846467971801758

==========================================================================
detailed place max_capacitance_check_limit
--------------------------------------------------------------------------
23.040000915527344

==========================================================================
detailed place max_capacitance_check_slack_limit
--------------------------------------------------------------------------
0.8180

==========================================================================
detailed place max_slew_violation_count
--------------------------------------------------------------------------
max slew violation count 0

==========================================================================
detailed place max_fanout_violation_count
--------------------------------------------------------------------------
max fanout violation count 0

==========================================================================
detailed place max_cap_violation_count
--------------------------------------------------------------------------
max cap violation count 0

==========================================================================
detailed place setup_violation_count
--------------------------------------------------------------------------
setup violation count 35

==========================================================================
detailed place hold_violation_count
--------------------------------------------------------------------------
hold violation count 0

==========================================================================
detailed place report_checks -path_delay max reg to reg
--------------------------------------------------------------------------
Startpoint: dpath.b_reg.out[8]$_DFFE_PP_
            (rising edge-triggered flip-flop clocked by core_clock)
Endpoint: dpath.a_reg.out[1]$_DFFE_PP_
          (rising edge-triggered flip-flop clocked by core_clock)
Path Group: core_clock
Path Type: max

  Delay    Time   Description
---------------------------------------------------------
   0.00    0.00   clock core_clock (rise edge)
   0.00    0.00   clock network delay (ideal)
   0.00    0.00 ^ dpath.b_reg.out[8]$_DFFE_PP_/CLK (DFFHQNx1_ASAP7_75t_R)
  42.94   42.94 v dpath.b_reg.out[8]$_DFFE_PP_/QN (DFFHQNx1_ASAP7_75t_R)
  69.59  112.53 v _568_/SN (HAxp5_ASAP7_75t_R)
  42.33  154.86 v _314_/Y (OR3x1_ASAP7_75t_R)
  30.10  184.96 v _317_/Y (OR3x1_ASAP7_75t_R)
  22.15  207.12 v _369_/Y (OA21x2_ASAP7_75t_R)
  15.89  223.01 v _370_/Y (AND3x1_ASAP7_75t_R)
  26.97  249.98 ^ _372_/Y (OAI21x1_ASAP7_75t_R)
  26.33  276.30 ^ _444_/Y (BUFx6f_ASAP7_75t_R)
  10.27  286.57 v _445_/Y (NOR2x1_ASAP7_75t_R)
  25.76  312.33 v _446_/Y (OA33x2_ASAP7_75t_R)
   0.02  312.36 v dpath.a_reg.out[1]$_DFFE_PP_/D (DFFHQNx1_ASAP7_75t_R)
         312.36   data arrival time

 310.00  310.00   clock core_clock (rise edge)
   0.00  310.00   clock network delay (ideal)
   0.00  310.00   clock reconvergence pessimism
         310.00 ^ dpath.a_reg.out[1]$_DFFE_PP_/CLK (DFFHQNx1_ASAP7_75t_R)
 -10.97  299.03   library setup time
         299.03   data required time
---------------------------------------------------------
         299.03   data required time
        -312.36   data arrival time
---------------------------------------------------------
         -13.33   slack (VIOLATED)



==========================================================================
detailed place report_checks -path_delay min reg to reg
--------------------------------------------------------------------------
Startpoint: dpath.a_reg.out[11]$_DFFE_PP_
            (rising edge-triggered flip-flop clocked by core_clock)
Endpoint: dpath.a_reg.out[11]$_DFFE_PP_
          (rising edge-triggered flip-flop clocked by core_clock)
Path Group: core_clock
Path Type: min

  Delay    Time   Description
---------------------------------------------------------
   0.00    0.00   clock core_clock (rise edge)
   0.00    0.00   clock network delay (ideal)
   0.00    0.00 ^ dpath.a_reg.out[11]$_DFFE_PP_/CLK (DFFHQNx1_ASAP7_75t_R)
  35.95   35.95 ^ dpath.a_reg.out[11]$_DFFE_PP_/QN (DFFHQNx1_ASAP7_75t_R)
   7.34   43.29 v _408_/Y (AOI22x1_ASAP7_75t_R)
   0.01   43.30 v dpath.a_reg.out[11]$_DFFE_PP_/D (DFFHQNx1_ASAP7_75t_R)
          43.30   data arrival time

   0.00    0.00   clock core_clock (rise edge)
   0.00    0.00   clock network delay (ideal)
   0.00    0.00   clock reconvergence pessimism
           0.00 ^ dpath.a_reg.out[11]$_DFFE_PP_/CLK (DFFHQNx1_ASAP7_75t_R)
   8.39    8.39   library hold time
           8.39   data required time
---------------------------------------------------------
           8.39   data required time
         -43.30   data arrival time
---------------------------------------------------------
          34.91   slack (MET)



==========================================================================
detailed place critical path target clock latency max path
--------------------------------------------------------------------------
0.0000

==========================================================================
detailed place critical path target clock latency min path
--------------------------------------------------------------------------
0.0000

==========================================================================
detailed place critical path source clock latency min path
--------------------------------------------------------------------------
0.0000

==========================================================================
detailed place critical path delay
--------------------------------------------------------------------------
270.9647

==========================================================================
detailed place critical path slack
--------------------------------------------------------------------------
-22.9647

==========================================================================
detailed place slack div critical path delay
--------------------------------------------------------------------------
-8.475163

==========================================================================
detailed place report_power
--------------------------------------------------------------------------
Group                  Internal  Switching    Leakage      Total
                          Power      Power      Power      Power (Watts)
----------------------------------------------------------------
Sequential             2.11e-04   2.32e-05   5.34e-09   2.34e-04  41.8%
Combinational          1.70e-04   1.57e-04   2.17e-08   3.27e-04  58.2%
Clock                  0.00e+00   0.00e+00   0.00e+00   0.00e+00   0.0%
Macro                  0.00e+00   0.00e+00   0.00e+00   0.00e+00   0.0%
Pad                    0.00e+00   0.00e+00   0.00e+00   0.00e+00   0.0%
----------------------------------------------------------------
Total                  3.81e-04   1.80e-04   2.70e-08   5.61e-04 100.0%
                          67.9%      32.1%       0.0%
