OpenROAD v2.0-19576-gec1bf1a13 
Features included (+) or not (-): +GPU +GUI +Python : None
This program is licensed under the BSD-3 license. See the LICENSE file for details.
Components of this program may be licensed under more restrictive licenses which must be honored.
[INFO ORD-0030] Using 16 thread(s).
[INFO GPL-0002] DBU: 1000
[INFO GPL-0003] SiteSize: (  0.054  0.270 ) um
[INFO GPL-0004] CoreBBox: (  1.026  1.080 ) ( 10.368  7.560 ) um
[INFO GPL-0006] NumInstances:               363
[INFO GPL-0007] NumPlaceInstances:          315
[INFO GPL-0008] NumFixedInstances:           48
[INFO GPL-0009] NumDummyInstances:            0
[INFO GPL-0010] NumNets:                    368
[INFO GPL-0011] NumPins:                   1171
[INFO GPL-0012] DieBBox:  (  0.000  0.000 ) ( 11.398  8.579 ) um
[INFO GPL-0013] CoreBBox: (  1.026  1.080 ) ( 10.368  7.560 ) um
[INFO GPL-0016] CoreArea:                60.536 um^2
[INFO GPL-0017] NonPlaceInstsArea:        1.400 um^2
[INFO GPL-0018] PlaceInstsArea:          37.718 um^2
[INFO GPL-0019] Util:                    63.782 %
[INFO GPL-0020] StdInstsArea:            37.718 um^2
[INFO GPL-0021] MacroInstsArea:           0.000 um^2
[INFO GPL-0031] FillerInit:NumGCells:       502
[INFO GPL-0032] FillerInit:NumGNets:        368
[INFO GPL-0033] FillerInit:NumGPins:       1171
[INFO GPL-0023] TargetDensity:            1.000
[INFO GPL-0024] AvrgPlaceInstArea:        0.120 um^2
[INFO GPL-0025] IdealBinArea:             0.120 um^2
[INFO GPL-0026] IdealBinCnt:                505
[INFO GPL-0027] TotalBinArea:            60.536 um^2
[INFO GPL-0028] BinCnt:        16     16
[INFO GPL-0029] BinSize: (  0.584  0.405 )
[INFO GPL-0030] NumBins: 256
Placement density is 0.8289102709293366, computed from PLACE_DENSITY_LB_ADDON 0.50 and lower bound 0.6378205418586731
global_placement -density 0.8289102709293366 -pad_left 0 -pad_right 0
[INFO GPL-0002] DBU: 1000
[INFO GPL-0003] SiteSize: (  0.054  0.270 ) um
[INFO GPL-0004] CoreBBox: (  1.026  1.080 ) ( 10.368  7.560 ) um
[INFO GPL-0006] NumInstances:               363
[INFO GPL-0007] NumPlaceInstances:          315
[INFO GPL-0008] NumFixedInstances:           48
[INFO GPL-0009] NumDummyInstances:            0
[INFO GPL-0010] NumNets:                    368
[INFO GPL-0011] NumPins:                   1171
[INFO GPL-0012] DieBBox:  (  0.000  0.000 ) ( 11.398  8.579 ) um
[INFO GPL-0013] CoreBBox: (  1.026  1.080 ) ( 10.368  7.560 ) um
[INFO GPL-0016] CoreArea:                60.536 um^2
[INFO GPL-0017] NonPlaceInstsArea:        1.400 um^2
[INFO GPL-0018] PlaceInstsArea:          37.718 um^2
[INFO GPL-0019] Util:                    63.782 %
[INFO GPL-0020] StdInstsArea:            37.718 um^2
[INFO GPL-0021] MacroInstsArea:           0.000 um^2
[InitialPlace]  Iter: 1 CG residual: 0.00000005 HPWL: 846558
[InitialPlace]  Iter: 2 CG residual: 0.00000007 HPWL: 707526
[InitialPlace]  Iter: 3 CG residual: 0.00000010 HPWL: 719924
[InitialPlace]  Iter: 4 CG residual: 0.00000006 HPWL: 722915
[InitialPlace]  Iter: 5 CG residual: 0.00000005 HPWL: 728762
[INFO GPL-0031] FillerInit:NumGCells:       414
[INFO GPL-0032] FillerInit:NumGNets:        368
[INFO GPL-0033] FillerInit:NumGPins:       1171
[INFO GPL-0023] TargetDensity:            0.829
[INFO GPL-0024] AvrgPlaceInstArea:        0.120 um^2
[INFO GPL-0025] IdealBinArea:             0.144 um^2
[INFO GPL-0026] IdealBinCnt:                419
[INFO GPL-0027] TotalBinArea:            60.536 um^2
[INFO GPL-0028] BinCnt:        16     16
[INFO GPL-0029] BinSize: (  0.584  0.405 )
[INFO GPL-0030] NumBins: 256
[NesterovSolve] Iter:    1 overflow: 0.672 HPWL: 563551
[NesterovSolve] Iter:   10 overflow: 0.606 HPWL: 522555
[NesterovSolve] Iter:   20 overflow: 0.600 HPWL: 521730
[NesterovSolve] Iter:   30 overflow: 0.601 HPWL: 521853
[NesterovSolve] Iter:   40 overflow: 0.600 HPWL: 521986
[NesterovSolve] Iter:   50 overflow: 0.600 HPWL: 521947
[NesterovSolve] Iter:   60 overflow: 0.600 HPWL: 522166
[NesterovSolve] Iter:   70 overflow: 0.598 HPWL: 522431
[NesterovSolve] Iter:   80 overflow: 0.597 HPWL: 523002
[NesterovSolve] Iter:   90 overflow: 0.594 HPWL: 523617
[NesterovSolve] Iter:  100 overflow: 0.589 HPWL: 524158
[NesterovSolve] Iter:  110 overflow: 0.583 HPWL: 524527
[NesterovSolve] Iter:  120 overflow: 0.574 HPWL: 525801
[NesterovSolve] Iter:  130 overflow: 0.562 HPWL: 527600
[NesterovSolve] Iter:  140 overflow: 0.545 HPWL: 528734
[NesterovSolve] Iter:  150 overflow: 0.524 HPWL: 531003
[NesterovSolve] Iter:  160 overflow: 0.493 HPWL: 532336
[NesterovSolve] Iter:  170 overflow: 0.460 HPWL: 535209
[NesterovSolve] Iter:  180 overflow: 0.420 HPWL: 538247
[NesterovSolve] Iter:  190 overflow: 0.370 HPWL: 540431
[NesterovSolve] Iter:  200 overflow: 0.326 HPWL: 543625
[NesterovSolve] Iter:  210 overflow: 0.280 HPWL: 545915
[NesterovSolve] Iter:  220 overflow: 0.247 HPWL: 547948
[NesterovSolve] Iter:  230 overflow: 0.216 HPWL: 552814
[NesterovSolve] Iter:  240 overflow: 0.182 HPWL: 555671
[NesterovSolve] Iter:  250 overflow: 0.154 HPWL: 558321
[NesterovSolve] Iter:  260 overflow: 0.131 HPWL: 561313
[NesterovSolve] Iter:  270 overflow: 0.116 HPWL: 564416
[NesterovSolve] Iter:  280 overflow: 0.102 HPWL: 567142
[NesterovSolve] Finished with Overflow: 0.099004
Report metrics stage 3, global place...

==========================================================================
global place report_design_area
--------------------------------------------------------------------------
Design area 38 u^2 62% utilization.
Elapsed time: 0:04.17[h:]min:sec. CPU time: user 39.36 sys 0.44 (954%). Peak memory: 213860KB.
