
==========================================================================
global place report_tns
--------------------------------------------------------------------------
tns 0.00

==========================================================================
global place report_wns
--------------------------------------------------------------------------
wns 0.00

==========================================================================
global place report_worst_slack
--------------------------------------------------------------------------
worst slack 0.03

==========================================================================
global place report_checks -path_delay min
--------------------------------------------------------------------------
Startpoint: reset (input port clocked by core_clock)
Endpoint: ctrl.state.out[2]$_DFF_P_
          (rising edge-triggered flip-flop clocked by core_clock)
Path Group: core_clock
Path Type: min

Fanout     Cap    Slew   Delay    Time   Description
-----------------------------------------------------------------------------
                  0.00    0.00    0.00   clock core_clock (rise edge)
                          0.00    0.00   clock network delay (ideal)
                          0.09    0.09 ^ input external delay
     3    5.74    0.00    0.00    0.09 ^ reset (in)
                                         reset (net)
                  0.00    0.00    0.09 ^ _514_/B1 (OAI22_X1)
     1    1.13    0.00    0.01    0.10 v _514_/ZN (OAI22_X1)
                                         _002_ (net)
                  0.00    0.00    0.10 v ctrl.state.out[2]$_DFF_P_/D (DFF_X1)
                                  0.10   data arrival time

                  0.00    0.00    0.00   clock core_clock (rise edge)
                          0.00    0.00   clock network delay (ideal)
                          0.00    0.00   clock reconvergence pessimism
                                  0.00 ^ ctrl.state.out[2]$_DFF_P_/CK (DFF_X1)
                          0.00    0.00   library hold time
                                  0.00   data required time
-----------------------------------------------------------------------------
                                  0.00   data required time
                                 -0.10   data arrival time
-----------------------------------------------------------------------------
                                  0.10   slack (MET)



==========================================================================
global place report_checks -path_delay max
--------------------------------------------------------------------------
Startpoint: dpath.a_reg.out[4]$_DFFE_PP_
            (rising edge-triggered flip-flop clocked by core_clock)
Endpoint: dpath.b_reg.out[11]$_DFFE_PP_
          (rising edge-triggered flip-flop clocked by core_clock)
Path Group: core_clock
Path Type: max

Fanout     Cap    Slew   Delay    Time   Description
-----------------------------------------------------------------------------
                  0.00    0.00    0.00   clock core_clock (rise edge)
                          0.00    0.00   clock network delay (ideal)
                  0.00    0.00    0.00 ^ dpath.a_reg.out[4]$_DFFE_PP_/CK (DFF_X1)
     3    5.24    0.02    0.09    0.09 ^ dpath.a_reg.out[4]$_DFFE_PP_/Q (DFF_X1)
                                         dpath.a_lt_b$in0[4] (net)
                  0.02    0.00    0.09 ^ _559_/A (INV_X1)
     3    4.83    0.01    0.01    0.11 v _559_/ZN (INV_X1)
                                         _104_ (net)
                  0.01    0.00    0.11 v _560_/A1 (NAND2_X1)
     2    6.81    0.02    0.03    0.13 ^ _560_/ZN (NAND2_X1)
                                         _105_ (net)
                  0.02    0.00    0.13 ^ _561_/A2 (NAND2_X2)
     3    9.36    0.01    0.02    0.16 v _561_/ZN (NAND2_X2)
                                         _106_ (net)
                  0.01    0.00    0.16 v _562_/A2 (NOR2_X2)
     3    5.85    0.02    0.04    0.19 ^ _562_/ZN (NOR2_X2)
                                         _107_ (net)
                  0.02    0.00    0.19 ^ _563_/A2 (AND2_X2)
     2    5.50    0.01    0.04    0.23 ^ _563_/ZN (AND2_X2)
                                         _108_ (net)
                  0.01    0.00    0.23 ^ _564_/A2 (NAND2_X2)
     2    7.36    0.01    0.02    0.25 v _564_/ZN (NAND2_X2)
                                         _109_ (net)
                  0.01    0.00    0.25 v _573_/A1 (NAND2_X4)
     2    7.95    0.01    0.02    0.26 ^ _573_/ZN (NAND2_X4)
                                         _118_ (net)
                  0.01    0.00    0.26 ^ _616_/A1 (NAND2_X4)
     4   24.54    0.01    0.02    0.29 v _616_/ZN (NAND2_X4)
                                         _161_ (net)
                  0.01    0.00    0.29 v _648_/A1 (NAND3_X4)
     2    9.35    0.01    0.02    0.31 ^ _648_/ZN (NAND3_X4)
                                         _192_ (net)
                  0.01    0.00    0.31 ^ _888_/A1 (NAND2_X4)
     5   22.51    0.01    0.02    0.33 v _888_/ZN (NAND2_X4)
                                         _402_ (net)
                  0.01    0.00    0.33 v _889_/A (BUF_X8)
    10   36.04    0.01    0.03    0.36 v _889_/Z (BUF_X8)
                                         _403_ (net)
                  0.01    0.00    0.36 v _900_/A1 (NAND2_X2)
     1    3.34    0.01    0.01    0.38 ^ _900_/ZN (NAND2_X2)
                                         _412_ (net)
                  0.01    0.00    0.38 ^ _901_/A (OAI21_X2)
     1    1.29    0.01    0.02    0.39 v _901_/ZN (OAI21_X2)
                                         _022_ (net)
                  0.01    0.00    0.39 v dpath.b_reg.out[11]$_DFFE_PP_/D (DFF_X1)
                                  0.39   data arrival time

                  0.00    0.46    0.46   clock core_clock (rise edge)
                          0.00    0.46   clock network delay (ideal)
                          0.00    0.46   clock reconvergence pessimism
                                  0.46 ^ dpath.b_reg.out[11]$_DFFE_PP_/CK (DFF_X1)
                         -0.04    0.42   library setup time
                                  0.42   data required time
-----------------------------------------------------------------------------
                                  0.42   data required time
                                 -0.39   data arrival time
-----------------------------------------------------------------------------
                                  0.03   slack (MET)



==========================================================================
global place report_checks -unconstrained
--------------------------------------------------------------------------
Startpoint: dpath.a_reg.out[4]$_DFFE_PP_
            (rising edge-triggered flip-flop clocked by core_clock)
Endpoint: dpath.b_reg.out[11]$_DFFE_PP_
          (rising edge-triggered flip-flop clocked by core_clock)
Path Group: core_clock
Path Type: max

Fanout     Cap    Slew   Delay    Time   Description
-----------------------------------------------------------------------------
                  0.00    0.00    0.00   clock core_clock (rise edge)
                          0.00    0.00   clock network delay (ideal)
                  0.00    0.00    0.00 ^ dpath.a_reg.out[4]$_DFFE_PP_/CK (DFF_X1)
     3    5.24    0.02    0.09    0.09 ^ dpath.a_reg.out[4]$_DFFE_PP_/Q (DFF_X1)
                                         dpath.a_lt_b$in0[4] (net)
                  0.02    0.00    0.09 ^ _559_/A (INV_X1)
     3    4.83    0.01    0.01    0.11 v _559_/ZN (INV_X1)
                                         _104_ (net)
                  0.01    0.00    0.11 v _560_/A1 (NAND2_X1)
     2    6.81    0.02    0.03    0.13 ^ _560_/ZN (NAND2_X1)
                                         _105_ (net)
                  0.02    0.00    0.13 ^ _561_/A2 (NAND2_X2)
     3    9.36    0.01    0.02    0.16 v _561_/ZN (NAND2_X2)
                                         _106_ (net)
                  0.01    0.00    0.16 v _562_/A2 (NOR2_X2)
     3    5.85    0.02    0.04    0.19 ^ _562_/ZN (NOR2_X2)
                                         _107_ (net)
                  0.02    0.00    0.19 ^ _563_/A2 (AND2_X2)
     2    5.50    0.01    0.04    0.23 ^ _563_/ZN (AND2_X2)
                                         _108_ (net)
                  0.01    0.00    0.23 ^ _564_/A2 (NAND2_X2)
     2    7.36    0.01    0.02    0.25 v _564_/ZN (NAND2_X2)
                                         _109_ (net)
                  0.01    0.00    0.25 v _573_/A1 (NAND2_X4)
     2    7.95    0.01    0.02    0.26 ^ _573_/ZN (NAND2_X4)
                                         _118_ (net)
                  0.01    0.00    0.26 ^ _616_/A1 (NAND2_X4)
     4   24.54    0.01    0.02    0.29 v _616_/ZN (NAND2_X4)
                                         _161_ (net)
                  0.01    0.00    0.29 v _648_/A1 (NAND3_X4)
     2    9.35    0.01    0.02    0.31 ^ _648_/ZN (NAND3_X4)
                                         _192_ (net)
                  0.01    0.00    0.31 ^ _888_/A1 (NAND2_X4)
     5   22.51    0.01    0.02    0.33 v _888_/ZN (NAND2_X4)
                                         _402_ (net)
                  0.01    0.00    0.33 v _889_/A (BUF_X8)
    10   36.04    0.01    0.03    0.36 v _889_/Z (BUF_X8)
                                         _403_ (net)
                  0.01    0.00    0.36 v _900_/A1 (NAND2_X2)
     1    3.34    0.01    0.01    0.38 ^ _900_/ZN (NAND2_X2)
                                         _412_ (net)
                  0.01    0.00    0.38 ^ _901_/A (OAI21_X2)
     1    1.29    0.01    0.02    0.39 v _901_/ZN (OAI21_X2)
                                         _022_ (net)
                  0.01    0.00    0.39 v dpath.b_reg.out[11]$_DFFE_PP_/D (DFF_X1)
                                  0.39   data arrival time

                  0.00    0.46    0.46   clock core_clock (rise edge)
                          0.00    0.46   clock network delay (ideal)
                          0.00    0.46   clock reconvergence pessimism
                                  0.46 ^ dpath.b_reg.out[11]$_DFFE_PP_/CK (DFF_X1)
                         -0.04    0.42   library setup time
                                  0.42   data required time
-----------------------------------------------------------------------------
                                  0.42   data required time
                                 -0.39   data arrival time
-----------------------------------------------------------------------------
                                  0.03   slack (MET)



==========================================================================
global place report_power
--------------------------------------------------------------------------
Group                  Internal  Switching    Leakage      Total
                          Power      Power      Power      Power (Watts)
----------------------------------------------------------------
Sequential             4.78e-04   7.27e-05   2.77e-06   5.54e-04  26.2%
Combinational          6.89e-04   8.57e-04   1.31e-05   1.56e-03  73.8%
Clock                  0.00e+00   0.00e+00   0.00e+00   0.00e+00   0.0%
Macro                  0.00e+00   0.00e+00   0.00e+00   0.00e+00   0.0%
Pad                    0.00e+00   0.00e+00   0.00e+00   0.00e+00   0.0%
----------------------------------------------------------------
Total                  1.17e-03   9.30e-04   1.59e-05   2.11e-03 100.0%
                          55.2%      44.0%       0.8%
