
==========================================================================
global place report_tns
--------------------------------------------------------------------------
tns -557.26

==========================================================================
global place report_wns
--------------------------------------------------------------------------
wns -0.47

==========================================================================
global place report_worst_slack
--------------------------------------------------------------------------
worst slack -0.47

==========================================================================
global place report_checks -path_delay min
--------------------------------------------------------------------------
Startpoint: rst_ni (input port clocked by core_clock)
Endpoint: gen_regfile_ff.register_file_i.rf_reg_q[751]$_DFFE_PN0P_
          (removal check against rising-edge clock core_clock)
Path Group: asynchronous
Path Type: min

Fanout     Cap    Slew   Delay    Time   Description
-----------------------------------------------------------------------------
                  0.00    0.00    0.00   clock core_clock (rise edge)
                          0.00    0.00   clock network delay (ideal)
                          0.44    0.44 ^ input external delay
  1658 3499.21    0.00    0.00    0.44 ^ rst_ni (in)
                                         rst_ni (net)
                  2.17    1.77    2.21 ^ gen_regfile_ff.register_file_i.rf_reg_q[751]$_DFFE_PN0P_/RN (DFFR_X1)
                                  2.21   data arrival time

                  0.00    0.00    0.00   clock core_clock (rise edge)
                          0.00    0.00   clock network delay (ideal)
                          0.00    0.00   clock reconvergence pessimism
                                  0.00 ^ gen_regfile_ff.register_file_i.rf_reg_q[751]$_DFFE_PN0P_/CK (DFFR_X1)
                          2.89    2.89   library removal time
                                  2.89   data required time
-----------------------------------------------------------------------------
                                  2.89   data required time
                                 -2.21   data arrival time
-----------------------------------------------------------------------------
                                 -0.68   slack (VIOLATED)


Startpoint: core_clock_gate_i.en_latch$_DLATCH_N_
            (negative level-sensitive latch clocked by core_clock)
Endpoint: _29919_ (rising clock gating-check end-point clocked by core_clock)
Path Group: gated clock
Path Type: min

Fanout     Cap    Slew   Delay    Time   Description
-----------------------------------------------------------------------------
                  0.00    1.10    1.10   clock core_clock (fall edge)
                          0.00    1.10   clock network delay (ideal)
                  0.00    0.00    1.10 v core_clock_gate_i.en_latch$_DLATCH_N_/GN (DLL_X1)
     1    1.01    0.01    0.04    1.14 ^ core_clock_gate_i.en_latch$_DLATCH_N_/Q (DLL_X1)
                                         core_clock_gate_i.en_latch (net)
                  0.01    0.00    1.14 ^ _29919_/A2 (AND2_X1)
                                  1.14   data arrival time

                  0.00    1.10    1.10   clock core_clock (fall edge)
                          0.00    1.10   clock network delay (ideal)
                          0.00    1.10   clock reconvergence pessimism
                                  1.10 v _29919_/A1 (AND2_X1)
                          0.00    1.10   clock gating hold time
                                  1.10   data required time
-----------------------------------------------------------------------------
                                  1.10   data required time
                                 -1.14   data arrival time
-----------------------------------------------------------------------------
                                  0.04   slack (MET)


Startpoint: load_store_unit_i.data_we_q$_DFFE_PN0P_
            (rising edge-triggered flip-flop clocked by core_clock)
Endpoint: id_stage_i.controller_i.store_err_q$_DFF_PN0_
          (rising edge-triggered flip-flop clocked by core_clock)
Path Group: core_clock
Path Type: min

Fanout     Cap    Slew   Delay    Time   Description
-----------------------------------------------------------------------------
                  0.00    0.00    0.00   clock core_clock (rise edge)
                          0.00    0.00   clock network delay (ideal)
                  0.00    0.00    0.00 ^ load_store_unit_i.data_we_q$_DFFE_PN0P_/CK (DFFR_X1)
     2    2.82    0.01    0.07    0.07 ^ load_store_unit_i.data_we_q$_DFFE_PN0P_/QN (DFFR_X1)
                                         _01159_ (net)
                  0.01    0.00    0.07 ^ _20134_/A1 (NOR3_X1)
     2    3.46    0.01    0.01    0.08 v _20134_/ZN (NOR3_X1)
                                         id_stage_i.controller_i.store_err_d (net)
                  0.01    0.00    0.08 v id_stage_i.controller_i.store_err_q$_DFF_PN0_/D (DFFR_X1)
                                  0.08   data arrival time

                  0.00    0.00    0.00   clock core_clock (rise edge)
                          0.00    0.00   clock network delay (ideal)
                          0.00    0.00   clock reconvergence pessimism
                                  0.00 ^ id_stage_i.controller_i.store_err_q$_DFF_PN0_/CK (DFFR_X1)
                          0.00    0.00   library hold time
                                  0.00   data required time
-----------------------------------------------------------------------------
                                  0.00   data required time
                                 -0.08   data arrival time
-----------------------------------------------------------------------------
                                  0.08   slack (MET)



==========================================================================
global place report_checks -path_delay max
--------------------------------------------------------------------------
Startpoint: rst_ni (input port clocked by core_clock)
Endpoint: gen_regfile_ff.register_file_i.rf_reg_q[751]$_DFFE_PN0P_
          (recovery check against rising-edge clock core_clock)
Path Group: asynchronous
Path Type: max

Fanout     Cap    Slew   Delay    Time   Description
-----------------------------------------------------------------------------
                  0.00    0.00    0.00   clock core_clock (rise edge)
                          0.00    0.00   clock network delay (ideal)
                          0.44    0.44 ^ input external delay
  1658 3499.21    0.00    0.00    0.44 ^ rst_ni (in)
                                         rst_ni (net)
                  2.17    1.77    2.21 ^ gen_regfile_ff.register_file_i.rf_reg_q[751]$_DFFE_PN0P_/RN (DFFR_X1)
                                  2.21   data arrival time

                  0.00    2.20    2.20   clock core_clock (rise edge)
                          0.00    2.20   clock network delay (ideal)
                          0.00    2.20   clock reconvergence pessimism
                                  2.20 ^ gen_regfile_ff.register_file_i.rf_reg_q[751]$_DFFE_PN0P_/CK (DFFR_X1)
                         -0.46    1.74   library recovery time
                                  1.74   data required time
-----------------------------------------------------------------------------
                                  1.74   data required time
                                 -2.21   data arrival time
-----------------------------------------------------------------------------
                                 -0.47   slack (VIOLATED)


Startpoint: core_clock_gate_i.en_latch$_DLATCH_N_
            (negative level-sensitive latch clocked by core_clock)
Endpoint: _29919_ (rising clock gating-check end-point clocked by core_clock)
Path Group: gated clock
Path Type: max

Fanout     Cap    Slew   Delay    Time   Description
-----------------------------------------------------------------------------
                  0.00    1.10    1.10   clock core_clock (fall edge)
                          0.00    1.10   clock network delay (ideal)
                  0.00    0.00    1.10 v core_clock_gate_i.en_latch$_DLATCH_N_/GN (DLL_X1)
     1    0.93    0.01    0.07    1.17 v core_clock_gate_i.en_latch$_DLATCH_N_/Q (DLL_X1)
                                         core_clock_gate_i.en_latch (net)
                  0.01    0.00    1.17 v _29919_/A2 (AND2_X1)
                                  1.17   data arrival time

                  0.00    2.20    2.20   clock core_clock (rise edge)
                          0.00    2.20   clock network delay (ideal)
                          0.00    2.20   clock reconvergence pessimism
                                  2.20 ^ _29919_/A1 (AND2_X1)
                          0.00    2.20   clock gating setup time
                                  2.20   data required time
-----------------------------------------------------------------------------
                                  2.20   data required time
                                 -1.17   data arrival time
-----------------------------------------------------------------------------
                                  1.03   slack (MET)


Startpoint: if_stage_i.instr_rdata_alu_id_o[20]$_DFFE_PN_
            (rising edge-triggered flip-flop clocked by core_clock)
Endpoint: gen_regfile_ff.register_file_i.rf_reg_q[733]$_DFFE_PN0P_
          (rising edge-triggered flip-flop clocked by core_clock)
Path Group: core_clock
Path Type: max

Fanout     Cap    Slew   Delay    Time   Description
-----------------------------------------------------------------------------
                  0.00    0.00    0.00   clock core_clock (rise edge)
                          0.00    0.00   clock network delay (ideal)
                  0.00    0.00    0.00 ^ if_stage_i.instr_rdata_alu_id_o[20]$_DFFE_PN_/CK (DFF_X1)
     1    3.48    0.01    0.09    0.09 ^ if_stage_i.instr_rdata_alu_id_o[20]$_DFFE_PN_/Q (DFF_X1)
                                         gen_regfile_ff.register_file_i.raddr_b_i[0] (net)
                  0.01    0.00    0.09 ^ _16524_/A (BUF_X4)
     9   23.67    0.02    0.03    0.12 ^ _16524_/Z (BUF_X4)
                                         _10708_ (net)
                  0.02    0.00    0.12 ^ _16525_/A (BUF_X4)
    10   42.05    0.02    0.04    0.16 ^ _16525_/Z (BUF_X4)
                                         _10709_ (net)
                  0.03    0.00    0.17 ^ _16526_/A (BUF_X2)
    10   34.95    0.04    0.06    0.23 ^ _16526_/Z (BUF_X2)
                                         _10710_ (net)
                  0.04    0.00    0.23 ^ _16527_/A (BUF_X2)
    19   58.82    0.07    0.09    0.32 ^ _16527_/Z (BUF_X2)
                                         _10711_ (net)
                  0.07    0.00    0.32 ^ _18242_/A (BUF_X2)
    10   16.83    0.02    0.05    0.37 ^ _18242_/Z (BUF_X2)
                                         _12359_ (net)
                  0.02    0.00    0.37 ^ _18263_/A (BUF_X2)
    10   34.23    0.04    0.06    0.43 ^ _18263_/Z (BUF_X2)
                                         _12380_ (net)
                  0.04    0.00    0.43 ^ _18264_/A (BUF_X2)
    10   29.46    0.04    0.06    0.49 ^ _18264_/Z (BUF_X2)
                                         _12381_ (net)
                  0.04    0.00    0.49 ^ _18458_/S (MUX2_X1)
     1    2.13    0.01    0.06    0.56 v _18458_/Z (MUX2_X1)
                                         _12567_ (net)
                  0.01    0.00    0.56 v _18462_/A (MUX2_X1)
     1    1.00    0.01    0.06    0.61 v _18462_/Z (MUX2_X1)
                                         _12571_ (net)
                  0.01    0.00    0.61 v _18470_/A (MUX2_X1)
     1    4.60    0.01    0.06    0.68 v _18470_/Z (MUX2_X1)
                                         _12579_ (net)
                  0.01    0.00    0.68 v _18471_/B1 (AOI21_X1)
     8   33.84    0.16    0.18    0.86 ^ _18471_/ZN (AOI21_X1)
                                         _12580_ (net)
                  0.16    0.01    0.87 ^ _20600_/A (MUX2_X1)
     7   18.03    0.04    0.10    0.97 ^ _20600_/Z (MUX2_X1)
                                         _03909_ (net)
                  0.04    0.00    0.97 ^ _20998_/A (BUF_X1)
    10   22.58    0.05    0.08    1.05 ^ _20998_/Z (BUF_X1)
                                         _04142_ (net)
                  0.05    0.00    1.05 ^ _21067_/A2 (NAND2_X1)
     1    3.46    0.02    0.03    1.08 v _21067_/ZN (NAND2_X1)
                                         _15009_ (net)
                  0.02    0.00    1.08 v _30197_/B (FA_X1)
     1    4.42    0.02    0.13    1.21 ^ _30197_/S (FA_X1)
                                         _15012_ (net)
                  0.02    0.00    1.21 ^ _30199_/A (FA_X1)
     1    3.55    0.02    0.09    1.30 v _30199_/S (FA_X1)
                                         _15020_ (net)
                  0.02    0.00    1.30 v _30202_/B (FA_X1)
     1    4.56    0.02    0.13    1.43 ^ _30202_/S (FA_X1)
                                         _15031_ (net)
                  0.02    0.00    1.43 ^ _30207_/A (FA_X1)
     1    4.27    0.02    0.09    1.52 v _30207_/S (FA_X1)
                                         _15049_ (net)
                  0.02    0.00    1.52 v _30211_/A (FA_X1)
     1    4.02    0.02    0.12    1.64 ^ _30211_/S (FA_X1)
                                         _15064_ (net)
                  0.02    0.00    1.64 ^ _30212_/A (FA_X1)
     1    2.78    0.02    0.09    1.73 v _30212_/S (FA_X1)
                                         _15067_ (net)
                  0.02    0.00    1.73 v _21502_/A (INV_X1)
     1    3.32    0.01    0.02    1.75 ^ _21502_/ZN (INV_X1)
                                         _16138_ (net)
                  0.01    0.00    1.75 ^ _30538_/A (HA_X1)
     1    1.12    0.02    0.04    1.80 ^ _30538_/S (HA_X1)
                                         _16141_ (net)
                  0.02    0.00    1.80 ^ _23588_/A (BUF_X1)
     5    8.64    0.02    0.04    1.84 ^ _23588_/Z (BUF_X1)
                                         _06098_ (net)
                  0.02    0.00    1.84 ^ _23632_/A2 (NAND3_X1)
     1    1.60    0.02    0.02    1.86 v _23632_/ZN (NAND3_X1)
                                         _06140_ (net)
                  0.02    0.00    1.86 v _23633_/A3 (NOR3_X1)
     2    3.55    0.04    0.07    1.93 ^ _23633_/ZN (NOR3_X1)
                                         _06141_ (net)
                  0.04    0.00    1.93 ^ _23682_/A2 (NOR2_X1)
     1    3.10    0.01    0.02    1.95 v _23682_/ZN (NOR2_X1)
                                         _06188_ (net)
                  0.01    0.00    1.95 v _23683_/B2 (AOI21_X2)
     5   11.76    0.04    0.05    2.00 ^ _23683_/ZN (AOI21_X2)
                                         _06189_ (net)
                  0.04    0.00    2.00 ^ _23908_/A3 (AND4_X1)
     2    3.58    0.02    0.07    2.07 ^ _23908_/ZN (AND4_X1)
                                         _06405_ (net)
                  0.02    0.00    2.07 ^ _23912_/A2 (NOR3_X1)
     1    2.47    0.01    0.01    2.09 v _23912_/ZN (NOR3_X1)
                                         _06409_ (net)
                  0.01    0.00    2.09 v _23913_/B (XOR2_X1)
     1    6.80    0.04    0.06    2.14 ^ _23913_/Z (XOR2_X1)
                                         _06410_ (net)
                  0.04    0.00    2.14 ^ _23914_/B (MUX2_X1)
     2    4.80    0.02    0.05    2.20 ^ _23914_/Z (MUX2_X1)
                                         _06411_ (net)
                  0.02    0.00    2.20 ^ _23915_/A2 (NAND2_X1)
     1    4.28    0.02    0.02    2.22 v _23915_/ZN (NAND2_X1)
                                         _06412_ (net)
                  0.02    0.00    2.22 v _23924_/B2 (AOI221_X1)
     1    4.27    0.06    0.10    2.32 ^ _23924_/ZN (AOI221_X1)
                                         _06421_ (net)
                  0.06    0.00    2.32 ^ _23925_/B1 (AOI21_X1)
     4   11.85    0.03    0.05    2.37 v _23925_/ZN (AOI21_X1)
                                         _06422_ (net)
                  0.03    0.00    2.38 v _24593_/A (BUF_X1)
    10   15.16    0.02    0.06    2.43 v _24593_/Z (BUF_X1)
                                         _06806_ (net)
                  0.02    0.00    2.43 v _25223_/A (MUX2_X1)
     1    1.26    0.01    0.06    2.49 v _25223_/Z (MUX2_X1)
                                         _01983_ (net)
                  0.01    0.00    2.49 v gen_regfile_ff.register_file_i.rf_reg_q[733]$_DFFE_PN0P_/D (DFFR_X1)
                                  2.49   data arrival time

                  0.00    2.20    2.20   clock core_clock (rise edge)
                          0.00    2.20   clock network delay (ideal)
                          0.00    2.20   clock reconvergence pessimism
                                  2.20 ^ gen_regfile_ff.register_file_i.rf_reg_q[733]$_DFFE_PN0P_/CK (DFFR_X1)
                         -0.04    2.16   library setup time
                                  2.16   data required time
-----------------------------------------------------------------------------
                                  2.16   data required time
                                 -2.49   data arrival time
-----------------------------------------------------------------------------
                                 -0.34   slack (VIOLATED)



==========================================================================
global place report_checks -unconstrained
--------------------------------------------------------------------------
Startpoint: rst_ni (input port clocked by core_clock)
Endpoint: gen_regfile_ff.register_file_i.rf_reg_q[751]$_DFFE_PN0P_
          (recovery check against rising-edge clock core_clock)
Path Group: asynchronous
Path Type: max

Fanout     Cap    Slew   Delay    Time   Description
-----------------------------------------------------------------------------
                  0.00    0.00    0.00   clock core_clock (rise edge)
                          0.00    0.00   clock network delay (ideal)
                          0.44    0.44 ^ input external delay
  1658 3499.21    0.00    0.00    0.44 ^ rst_ni (in)
                                         rst_ni (net)
                  2.17    1.77    2.21 ^ gen_regfile_ff.register_file_i.rf_reg_q[751]$_DFFE_PN0P_/RN (DFFR_X1)
                                  2.21   data arrival time

                  0.00    2.20    2.20   clock core_clock (rise edge)
                          0.00    2.20   clock network delay (ideal)
                          0.00    2.20   clock reconvergence pessimism
                                  2.20 ^ gen_regfile_ff.register_file_i.rf_reg_q[751]$_DFFE_PN0P_/CK (DFFR_X1)
                         -0.46    1.74   library recovery time
                                  1.74   data required time
-----------------------------------------------------------------------------
                                  1.74   data required time
                                 -2.21   data arrival time
-----------------------------------------------------------------------------
                                 -0.47   slack (VIOLATED)


Startpoint: core_clock_gate_i.en_latch$_DLATCH_N_
            (negative level-sensitive latch clocked by core_clock)
Endpoint: _29919_ (rising clock gating-check end-point clocked by core_clock)
Path Group: gated clock
Path Type: max

Fanout     Cap    Slew   Delay    Time   Description
-----------------------------------------------------------------------------
                  0.00    1.10    1.10   clock core_clock (fall edge)
                          0.00    1.10   clock network delay (ideal)
                  0.00    0.00    1.10 v core_clock_gate_i.en_latch$_DLATCH_N_/GN (DLL_X1)
     1    0.93    0.01    0.07    1.17 v core_clock_gate_i.en_latch$_DLATCH_N_/Q (DLL_X1)
                                         core_clock_gate_i.en_latch (net)
                  0.01    0.00    1.17 v _29919_/A2 (AND2_X1)
                                  1.17   data arrival time

                  0.00    2.20    2.20   clock core_clock (rise edge)
                          0.00    2.20   clock network delay (ideal)
                          0.00    2.20   clock reconvergence pessimism
                                  2.20 ^ _29919_/A1 (AND2_X1)
                          0.00    2.20   clock gating setup time
                                  2.20   data required time
-----------------------------------------------------------------------------
                                  2.20   data required time
                                 -1.17   data arrival time
-----------------------------------------------------------------------------
                                  1.03   slack (MET)


Startpoint: if_stage_i.instr_rdata_alu_id_o[20]$_DFFE_PN_
            (rising edge-triggered flip-flop clocked by core_clock)
Endpoint: gen_regfile_ff.register_file_i.rf_reg_q[733]$_DFFE_PN0P_
          (rising edge-triggered flip-flop clocked by core_clock)
Path Group: core_clock
Path Type: max

Fanout     Cap    Slew   Delay    Time   Description
-----------------------------------------------------------------------------
                  0.00    0.00    0.00   clock core_clock (rise edge)
                          0.00    0.00   clock network delay (ideal)
                  0.00    0.00    0.00 ^ if_stage_i.instr_rdata_alu_id_o[20]$_DFFE_PN_/CK (DFF_X1)
     1    3.48    0.01    0.09    0.09 ^ if_stage_i.instr_rdata_alu_id_o[20]$_DFFE_PN_/Q (DFF_X1)
                                         gen_regfile_ff.register_file_i.raddr_b_i[0] (net)
                  0.01    0.00    0.09 ^ _16524_/A (BUF_X4)
     9   23.67    0.02    0.03    0.12 ^ _16524_/Z (BUF_X4)
                                         _10708_ (net)
                  0.02    0.00    0.12 ^ _16525_/A (BUF_X4)
    10   42.05    0.02    0.04    0.16 ^ _16525_/Z (BUF_X4)
                                         _10709_ (net)
                  0.03    0.00    0.17 ^ _16526_/A (BUF_X2)
    10   34.95    0.04    0.06    0.23 ^ _16526_/Z (BUF_X2)
                                         _10710_ (net)
                  0.04    0.00    0.23 ^ _16527_/A (BUF_X2)
    19   58.82    0.07    0.09    0.32 ^ _16527_/Z (BUF_X2)
                                         _10711_ (net)
                  0.07    0.00    0.32 ^ _18242_/A (BUF_X2)
    10   16.83    0.02    0.05    0.37 ^ _18242_/Z (BUF_X2)
                                         _12359_ (net)
                  0.02    0.00    0.37 ^ _18263_/A (BUF_X2)
    10   34.23    0.04    0.06    0.43 ^ _18263_/Z (BUF_X2)
                                         _12380_ (net)
                  0.04    0.00    0.43 ^ _18264_/A (BUF_X2)
    10   29.46    0.04    0.06    0.49 ^ _18264_/Z (BUF_X2)
                                         _12381_ (net)
                  0.04    0.00    0.49 ^ _18458_/S (MUX2_X1)
     1    2.13    0.01    0.06    0.56 v _18458_/Z (MUX2_X1)
                                         _12567_ (net)
                  0.01    0.00    0.56 v _18462_/A (MUX2_X1)
     1    1.00    0.01    0.06    0.61 v _18462_/Z (MUX2_X1)
                                         _12571_ (net)
                  0.01    0.00    0.61 v _18470_/A (MUX2_X1)
     1    4.60    0.01    0.06    0.68 v _18470_/Z (MUX2_X1)
                                         _12579_ (net)
                  0.01    0.00    0.68 v _18471_/B1 (AOI21_X1)
     8   33.84    0.16    0.18    0.86 ^ _18471_/ZN (AOI21_X1)
                                         _12580_ (net)
                  0.16    0.01    0.87 ^ _20600_/A (MUX2_X1)
     7   18.03    0.04    0.10    0.97 ^ _20600_/Z (MUX2_X1)
                                         _03909_ (net)
                  0.04    0.00    0.97 ^ _20998_/A (BUF_X1)
    10   22.58    0.05    0.08    1.05 ^ _20998_/Z (BUF_X1)
                                         _04142_ (net)
                  0.05    0.00    1.05 ^ _21067_/A2 (NAND2_X1)
     1    3.46    0.02    0.03    1.08 v _21067_/ZN (NAND2_X1)
                                         _15009_ (net)
                  0.02    0.00    1.08 v _30197_/B (FA_X1)
     1    4.42    0.02    0.13    1.21 ^ _30197_/S (FA_X1)
                                         _15012_ (net)
                  0.02    0.00    1.21 ^ _30199_/A (FA_X1)
     1    3.55    0.02    0.09    1.30 v _30199_/S (FA_X1)
                                         _15020_ (net)
                  0.02    0.00    1.30 v _30202_/B (FA_X1)
     1    4.56    0.02    0.13    1.43 ^ _30202_/S (FA_X1)
                                         _15031_ (net)
                  0.02    0.00    1.43 ^ _30207_/A (FA_X1)
     1    4.27    0.02    0.09    1.52 v _30207_/S (FA_X1)
                                         _15049_ (net)
                  0.02    0.00    1.52 v _30211_/A (FA_X1)
     1    4.02    0.02    0.12    1.64 ^ _30211_/S (FA_X1)
                                         _15064_ (net)
                  0.02    0.00    1.64 ^ _30212_/A (FA_X1)
     1    2.78    0.02    0.09    1.73 v _30212_/S (FA_X1)
                                         _15067_ (net)
                  0.02    0.00    1.73 v _21502_/A (INV_X1)
     1    3.32    0.01    0.02    1.75 ^ _21502_/ZN (INV_X1)
                                         _16138_ (net)
                  0.01    0.00    1.75 ^ _30538_/A (HA_X1)
     1    1.12    0.02    0.04    1.80 ^ _30538_/S (HA_X1)
                                         _16141_ (net)
                  0.02    0.00    1.80 ^ _23588_/A (BUF_X1)
     5    8.64    0.02    0.04    1.84 ^ _23588_/Z (BUF_X1)
                                         _06098_ (net)
                  0.02    0.00    1.84 ^ _23632_/A2 (NAND3_X1)
     1    1.60    0.02    0.02    1.86 v _23632_/ZN (NAND3_X1)
                                         _06140_ (net)
                  0.02    0.00    1.86 v _23633_/A3 (NOR3_X1)
     2    3.55    0.04    0.07    1.93 ^ _23633_/ZN (NOR3_X1)
                                         _06141_ (net)
                  0.04    0.00    1.93 ^ _23682_/A2 (NOR2_X1)
     1    3.10    0.01    0.02    1.95 v _23682_/ZN (NOR2_X1)
                                         _06188_ (net)
                  0.01    0.00    1.95 v _23683_/B2 (AOI21_X2)
     5   11.76    0.04    0.05    2.00 ^ _23683_/ZN (AOI21_X2)
                                         _06189_ (net)
                  0.04    0.00    2.00 ^ _23908_/A3 (AND4_X1)
     2    3.58    0.02    0.07    2.07 ^ _23908_/ZN (AND4_X1)
                                         _06405_ (net)
                  0.02    0.00    2.07 ^ _23912_/A2 (NOR3_X1)
     1    2.47    0.01    0.01    2.09 v _23912_/ZN (NOR3_X1)
                                         _06409_ (net)
                  0.01    0.00    2.09 v _23913_/B (XOR2_X1)
     1    6.80    0.04    0.06    2.14 ^ _23913_/Z (XOR2_X1)
                                         _06410_ (net)
                  0.04    0.00    2.14 ^ _23914_/B (MUX2_X1)
     2    4.80    0.02    0.05    2.20 ^ _23914_/Z (MUX2_X1)
                                         _06411_ (net)
                  0.02    0.00    2.20 ^ _23915_/A2 (NAND2_X1)
     1    4.28    0.02    0.02    2.22 v _23915_/ZN (NAND2_X1)
                                         _06412_ (net)
                  0.02    0.00    2.22 v _23924_/B2 (AOI221_X1)
     1    4.27    0.06    0.10    2.32 ^ _23924_/ZN (AOI221_X1)
                                         _06421_ (net)
                  0.06    0.00    2.32 ^ _23925_/B1 (AOI21_X1)
     4   11.85    0.03    0.05    2.37 v _23925_/ZN (AOI21_X1)
                                         _06422_ (net)
                  0.03    0.00    2.38 v _24593_/A (BUF_X1)
    10   15.16    0.02    0.06    2.43 v _24593_/Z (BUF_X1)
                                         _06806_ (net)
                  0.02    0.00    2.43 v _25223_/A (MUX2_X1)
     1    1.26    0.01    0.06    2.49 v _25223_/Z (MUX2_X1)
                                         _01983_ (net)
                  0.01    0.00    2.49 v gen_regfile_ff.register_file_i.rf_reg_q[733]$_DFFE_PN0P_/D (DFFR_X1)
                                  2.49   data arrival time

                  0.00    2.20    2.20   clock core_clock (rise edge)
                          0.00    2.20   clock network delay (ideal)
                          0.00    2.20   clock reconvergence pessimism
                                  2.20 ^ gen_regfile_ff.register_file_i.rf_reg_q[733]$_DFFE_PN0P_/CK (DFFR_X1)
                         -0.04    2.16   library setup time
                                  2.16   data required time
-----------------------------------------------------------------------------
                                  2.16   data required time
                                 -2.49   data arrival time
-----------------------------------------------------------------------------
                                 -0.34   slack (VIOLATED)



==========================================================================
global place report_power
--------------------------------------------------------------------------
Group                  Internal  Switching    Leakage      Total
                          Power      Power      Power      Power (Watts)
----------------------------------------------------------------
Sequential             1.15e-02   1.45e-03   1.56e-04   1.31e-02  16.9%
Combinational          2.98e-02   3.39e-02   4.29e-04   6.42e-02  82.6%
Clock                  1.63e-06   3.75e-04   2.97e-08   3.76e-04   0.5%
Macro                  0.00e+00   0.00e+00   0.00e+00   0.00e+00   0.0%
Pad                    0.00e+00   0.00e+00   0.00e+00   0.00e+00   0.0%
----------------------------------------------------------------
Total                  4.14e-02   3.57e-02   5.85e-04   7.77e-02 100.0%
                          53.2%      46.0%       0.8%
