OpenROAD v2.0-19576-gec1bf1a13 
Features included (+) or not (-): +GPU +GUI +Python : None
This program is licensed under the BSD-3 license. See the LICENSE file for details.
Components of this program may be licensed under more restrictive licenses which must be honored.
[INFO ORD-0030] Using 16 thread(s).
[INFO GPL-0002] DBU: 2000
[INFO GPL-0003] SiteSize: (  0.190  1.400 ) um
[INFO GPL-0004] CoreBBox: (  1.140  1.400 ) ( 37.430 33.600 ) um
[WARNING GPL-0001] clk toplevel port is not placed!
       Replace will regard clk is placed in (0, 0)
[WARNING GPL-0001] req_msg[0] toplevel port is not placed!
       Replace will regard req_msg[0] is placed in (0, 0)
[WARNING GPL-0001] req_msg[10] toplevel port is not placed!
       Replace will regard req_msg[10] is placed in (0, 0)
[WARNING GPL-0001] req_msg[11] toplevel port is not placed!
       Replace will regard req_msg[11] is placed in (0, 0)
[WARNING GPL-0001] req_msg[12] toplevel port is not placed!
       Replace will regard req_msg[12] is placed in (0, 0)
[WARNING GPL-0001] req_msg[13] toplevel port is not placed!
       Replace will regard req_msg[13] is placed in (0, 0)
[WARNING GPL-0001] req_msg[14] toplevel port is not placed!
       Replace will regard req_msg[14] is placed in (0, 0)
[WARNING GPL-0001] req_msg[15] toplevel port is not placed!
       Replace will regard req_msg[15] is placed in (0, 0)
[WARNING GPL-0001] req_msg[16] toplevel port is not placed!
       Replace will regard req_msg[16] is placed in (0, 0)
[WARNING GPL-0001] req_msg[17] toplevel port is not placed!
       Replace will regard req_msg[17] is placed in (0, 0)
[WARNING GPL-0001] req_msg[18] toplevel port is not placed!
       Replace will regard req_msg[18] is placed in (0, 0)
[WARNING GPL-0001] req_msg[19] toplevel port is not placed!
       Replace will regard req_msg[19] is placed in (0, 0)
[WARNING GPL-0001] req_msg[1] toplevel port is not placed!
       Replace will regard req_msg[1] is placed in (0, 0)
[WARNING GPL-0001] req_msg[20] toplevel port is not placed!
       Replace will regard req_msg[20] is placed in (0, 0)
[WARNING GPL-0001] req_msg[21] toplevel port is not placed!
       Replace will regard req_msg[21] is placed in (0, 0)
[WARNING GPL-0001] req_msg[22] toplevel port is not placed!
       Replace will regard req_msg[22] is placed in (0, 0)
[WARNING GPL-0001] req_msg[23] toplevel port is not placed!
       Replace will regard req_msg[23] is placed in (0, 0)
[WARNING GPL-0001] req_msg[24] toplevel port is not placed!
       Replace will regard req_msg[24] is placed in (0, 0)
[WARNING GPL-0001] req_msg[25] toplevel port is not placed!
       Replace will regard req_msg[25] is placed in (0, 0)
[WARNING GPL-0001] req_msg[26] toplevel port is not placed!
       Replace will regard req_msg[26] is placed in (0, 0)
[WARNING GPL-0001] req_msg[27] toplevel port is not placed!
       Replace will regard req_msg[27] is placed in (0, 0)
[WARNING GPL-0001] req_msg[28] toplevel port is not placed!
       Replace will regard req_msg[28] is placed in (0, 0)
[WARNING GPL-0001] req_msg[29] toplevel port is not placed!
       Replace will regard req_msg[29] is placed in (0, 0)
[WARNING GPL-0001] req_msg[2] toplevel port is not placed!
       Replace will regard req_msg[2] is placed in (0, 0)
[WARNING GPL-0001] req_msg[30] toplevel port is not placed!
       Replace will regard req_msg[30] is placed in (0, 0)
[WARNING GPL-0001] req_msg[31] toplevel port is not placed!
       Replace will regard req_msg[31] is placed in (0, 0)
[WARNING GPL-0001] req_msg[3] toplevel port is not placed!
       Replace will regard req_msg[3] is placed in (0, 0)
[WARNING GPL-0001] req_msg[4] toplevel port is not placed!
       Replace will regard req_msg[4] is placed in (0, 0)
[WARNING GPL-0001] req_msg[5] toplevel port is not placed!
       Replace will regard req_msg[5] is placed in (0, 0)
[WARNING GPL-0001] req_msg[6] toplevel port is not placed!
       Replace will regard req_msg[6] is placed in (0, 0)
[WARNING GPL-0001] req_msg[7] toplevel port is not placed!
       Replace will regard req_msg[7] is placed in (0, 0)
[WARNING GPL-0001] req_msg[8] toplevel port is not placed!
       Replace will regard req_msg[8] is placed in (0, 0)
[WARNING GPL-0001] req_msg[9] toplevel port is not placed!
       Replace will regard req_msg[9] is placed in (0, 0)
[WARNING GPL-0001] req_rdy toplevel port is not placed!
       Replace will regard req_rdy is placed in (0, 0)
[WARNING GPL-0001] req_val toplevel port is not placed!
       Replace will regard req_val is placed in (0, 0)
[WARNING GPL-0001] reset toplevel port is not placed!
       Replace will regard reset is placed in (0, 0)
[WARNING GPL-0001] resp_msg[0] toplevel port is not placed!
       Replace will regard resp_msg[0] is placed in (0, 0)
[WARNING GPL-0001] resp_msg[10] toplevel port is not placed!
       Replace will regard resp_msg[10] is placed in (0, 0)
[WARNING GPL-0001] resp_msg[11] toplevel port is not placed!
       Replace will regard resp_msg[11] is placed in (0, 0)
[WARNING GPL-0001] resp_msg[12] toplevel port is not placed!
       Replace will regard resp_msg[12] is placed in (0, 0)
[WARNING GPL-0001] resp_msg[13] toplevel port is not placed!
       Replace will regard resp_msg[13] is placed in (0, 0)
[WARNING GPL-0001] resp_msg[14] toplevel port is not placed!
       Replace will regard resp_msg[14] is placed in (0, 0)
[WARNING GPL-0001] resp_msg[15] toplevel port is not placed!
       Replace will regard resp_msg[15] is placed in (0, 0)
[WARNING GPL-0001] resp_msg[1] toplevel port is not placed!
       Replace will regard resp_msg[1] is placed in (0, 0)
[WARNING GPL-0001] resp_msg[2] toplevel port is not placed!
       Replace will regard resp_msg[2] is placed in (0, 0)
[WARNING GPL-0001] resp_msg[3] toplevel port is not placed!
       Replace will regard resp_msg[3] is placed in (0, 0)
[WARNING GPL-0001] resp_msg[4] toplevel port is not placed!
       Replace will regard resp_msg[4] is placed in (0, 0)
[WARNING GPL-0001] resp_msg[5] toplevel port is not placed!
       Replace will regard resp_msg[5] is placed in (0, 0)
[WARNING GPL-0001] resp_msg[6] toplevel port is not placed!
       Replace will regard resp_msg[6] is placed in (0, 0)
[WARNING GPL-0001] resp_msg[7] toplevel port is not placed!
       Replace will regard resp_msg[7] is placed in (0, 0)
[WARNING GPL-0001] resp_msg[8] toplevel port is not placed!
       Replace will regard resp_msg[8] is placed in (0, 0)
[WARNING GPL-0001] resp_msg[9] toplevel port is not placed!
       Replace will regard resp_msg[9] is placed in (0, 0)
[WARNING GPL-0001] resp_rdy toplevel port is not placed!
       Replace will regard resp_rdy is placed in (0, 0)
[WARNING GPL-0001] resp_val toplevel port is not placed!
       Replace will regard resp_val is placed in (0, 0)
[INFO GPL-0006] NumInstances:               549
[INFO GPL-0007] NumPlaceInstances:          503
[INFO GPL-0008] NumFixedInstances:           46
[INFO GPL-0009] NumDummyInstances:            0
[INFO GPL-0010] NumNets:                    574
[INFO GPL-0011] NumPins:                   1626
[INFO GPL-0012] DieBBox:  (  0.000  0.000 ) ( 38.575 34.915 ) um
[INFO GPL-0013] CoreBBox: (  1.140  1.400 ) ( 37.430 33.600 ) um
[INFO GPL-0016] CoreArea:              1168.538 um^2
[INFO GPL-0017] NonPlaceInstsArea:       12.236 um^2
[INFO GPL-0018] PlaceInstsArea:         650.104 um^2
[INFO GPL-0019] Util:                    56.223 %
[INFO GPL-0020] StdInstsArea:           650.104 um^2
[INFO GPL-0021] MacroInstsArea:           0.000 um^2
[INFO GPL-0031] FillerInit:NumGCells:       943
[INFO GPL-0032] FillerInit:NumGNets:        574
[INFO GPL-0033] FillerInit:NumGPins:       1626
[INFO GPL-0023] TargetDensity:            1.000
[INFO GPL-0024] AvrgPlaceInstArea:        1.292 um^2
[INFO GPL-0025] IdealBinArea:             1.292 um^2
[INFO GPL-0026] IdealBinCnt:                904
[INFO GPL-0027] TotalBinArea:          1168.538 um^2
[INFO GPL-0028] BinCnt:        16     16
[INFO GPL-0029] BinSize: (  2.268  2.013 )
[INFO GPL-0030] NumBins: 256
Placement density is 0.7035587823390961, computed from PLACE_DENSITY_LB_ADDON 0.30 and lower bound 0.5622268319129944
global_placement -skip_io -density 0.7035587823390961 -pad_left 0 -pad_right 0
[INFO GPL-0002] DBU: 2000
[INFO GPL-0003] SiteSize: (  0.190  1.400 ) um
[INFO GPL-0004] CoreBBox: (  1.140  1.400 ) ( 37.430 33.600 ) um
[INFO GPL-0006] NumInstances:               549
[INFO GPL-0007] NumPlaceInstances:          503
[INFO GPL-0008] NumFixedInstances:           46
[INFO GPL-0009] NumDummyInstances:            0
[INFO GPL-0010] NumNets:                    574
[INFO GPL-0011] NumPins:                   1572
[INFO GPL-0012] DieBBox:  (  0.000  0.000 ) ( 38.575 34.915 ) um
[INFO GPL-0013] CoreBBox: (  1.140  1.400 ) ( 37.430 33.600 ) um
[INFO GPL-0016] CoreArea:              1168.538 um^2
[INFO GPL-0017] NonPlaceInstsArea:       12.236 um^2
[INFO GPL-0018] PlaceInstsArea:         650.104 um^2
[INFO GPL-0019] Util:                    56.223 %
[INFO GPL-0020] StdInstsArea:           650.104 um^2
[INFO GPL-0021] MacroInstsArea:           0.000 um^2
[INFO GPL-0031] FillerInit:NumGCells:       645
[INFO GPL-0032] FillerInit:NumGNets:        574
[INFO GPL-0033] FillerInit:NumGPins:       1572
[INFO GPL-0023] TargetDensity:            0.704
[INFO GPL-0024] AvrgPlaceInstArea:        1.292 um^2
[INFO GPL-0025] IdealBinArea:             1.837 um^2
[INFO GPL-0026] IdealBinCnt:                636
[INFO GPL-0027] TotalBinArea:          1168.538 um^2
[INFO GPL-0028] BinCnt:        16     16
[INFO GPL-0029] BinSize: (  2.268  2.013 )
[INFO GPL-0030] NumBins: 256
[NesterovSolve] Iter:    1 overflow: 0.977 HPWL: 867628
[NesterovSolve] Iter:   10 overflow: 0.979 HPWL: 458161
[NesterovSolve] Iter:   20 overflow: 0.979 HPWL: 457147
[NesterovSolve] Iter:   30 overflow: 0.979 HPWL: 456768
[NesterovSolve] Iter:   40 overflow: 0.979 HPWL: 456398
[NesterovSolve] Iter:   50 overflow: 0.979 HPWL: 456672
[NesterovSolve] Iter:   60 overflow: 0.979 HPWL: 457364
[NesterovSolve] Iter:   70 overflow: 0.979 HPWL: 458238
[NesterovSolve] Iter:   80 overflow: 0.979 HPWL: 460181
[NesterovSolve] Iter:   90 overflow: 0.978 HPWL: 463405
[NesterovSolve] Iter:  100 overflow: 0.978 HPWL: 468567
[NesterovSolve] Iter:  110 overflow: 0.976 HPWL: 477075
[NesterovSolve] Iter:  120 overflow: 0.970 HPWL: 490687
[NesterovSolve] Iter:  130 overflow: 0.967 HPWL: 518108
[NesterovSolve] Iter:  140 overflow: 0.958 HPWL: 661919
[NesterovSolve] Iter:  150 overflow: 0.918 HPWL: 1049030
[NesterovSolve] Iter:  160 overflow: 0.893 HPWL: 1278867
[NesterovSolve] Iter:  170 overflow: 0.876 HPWL: 1417296
[NesterovSolve] Iter:  180 overflow: 0.836 HPWL: 1759628
[NesterovSolve] Iter:  190 overflow: 0.804 HPWL: 1976982
[NesterovSolve] Iter:  200 overflow: 0.765 HPWL: 2293590
[NesterovSolve] Iter:  210 overflow: 0.721 HPWL: 2487911
[NesterovSolve] Iter:  220 overflow: 0.673 HPWL: 2747278
[NesterovSolve] Iter:  230 overflow: 0.629 HPWL: 3016350
[NesterovSolve] Iter:  240 overflow: 0.572 HPWL: 3237616
[NesterovSolve] Iter:  250 overflow: 0.519 HPWL: 3466014
[NesterovSolve] Iter:  260 overflow: 0.467 HPWL: 3679288
[NesterovSolve] Iter:  270 overflow: 0.413 HPWL: 3890575
[NesterovSolve] Iter:  280 overflow: 0.360 HPWL: 4035237
[NesterovSolve] Iter:  290 overflow: 0.316 HPWL: 4122526
[NesterovSolve] Iter:  300 overflow: 0.274 HPWL: 4193936
[NesterovSolve] Iter:  310 overflow: 0.231 HPWL: 4245252
[NesterovSolve] Iter:  320 overflow: 0.198 HPWL: 4295135
[NesterovSolve] Iter:  330 overflow: 0.163 HPWL: 4333741
[NesterovSolve] Iter:  340 overflow: 0.145 HPWL: 4375177
[NesterovSolve] Iter:  350 overflow: 0.119 HPWL: 4401196
[NesterovSolve] Iter:  360 overflow: 0.099 HPWL: 4422143
[NesterovSolve] Finished with Overflow: 0.099032
Elapsed time: 0:00.47[h:]min:sec. CPU time: user 3.37 sys 0.09 (735%). Peak memory: 118560KB.
