
==========================================================================
global place report_tns
--------------------------------------------------------------------------
tns -15.31

==========================================================================
global place report_wns
--------------------------------------------------------------------------
wns -0.16

==========================================================================
global place report_worst_slack
--------------------------------------------------------------------------
worst slack -0.16

==========================================================================
global place report_checks -path_delay min
--------------------------------------------------------------------------
Startpoint: u0.u1.d[0]$_DFF_P_ (rising edge-triggered flip-flop clocked by clk)
Endpoint: u0.w[1][16]$_DFF_P_ (rising edge-triggered flip-flop clocked by clk)
Path Group: clk
Path Type: min

Fanout     Cap    Slew   Delay    Time   Description
-----------------------------------------------------------------------------
                  0.00    0.00    0.00   clock clk (rise edge)
                          0.00    0.00   clock network delay (ideal)
                  0.00    0.00    0.00 ^ u0.u1.d[0]$_DFF_P_/CK (DFF_X1)
     1    2.43    0.01    0.06    0.06 ^ u0.u1.d[0]$_DFF_P_/QN (DFF_X1)
                                         _00425_ (net)
                  0.01    0.00    0.06 ^ _15918_/A (XNOR2_X1)
     2    4.19    0.01    0.02    0.08 v _15918_/ZN (XNOR2_X1)
                                         _06754_ (net)
                  0.01    0.00    0.08 v _16016_/B1 (AOI21_X1)
     1    1.17    0.01    0.02    0.11 ^ _16016_/ZN (AOI21_X1)
                                         _00328_ (net)
                  0.01    0.00    0.11 ^ u0.w[1][16]$_DFF_P_/D (DFF_X1)
                                  0.11   data arrival time

                  0.00    0.00    0.00   clock clk (rise edge)
                          0.00    0.00   clock network delay (ideal)
                          0.00    0.00   clock reconvergence pessimism
                                  0.00 ^ u0.w[1][16]$_DFF_P_/CK (DFF_X1)
                          0.01    0.01   library hold time
                                  0.01   data required time
-----------------------------------------------------------------------------
                                  0.01   data required time
                                 -0.11   data arrival time
-----------------------------------------------------------------------------
                                  0.10   slack (MET)



==========================================================================
global place report_checks -path_delay max
--------------------------------------------------------------------------
Startpoint: ld_r$_DFF_P_ (rising edge-triggered flip-flop clocked by clk)
Endpoint: sa21_sr[2]$_DFF_P_ (rising edge-triggered flip-flop clocked by clk)
Path Group: clk
Path Type: max

Fanout     Cap    Slew   Delay    Time   Description
-----------------------------------------------------------------------------
                  0.00    0.00    0.00   clock clk (rise edge)
                          0.00    0.00   clock network delay (ideal)
                  0.00    0.00    0.00 ^ ld_r$_DFF_P_/CK (DFF_X1)
     1    6.61    0.02    0.10    0.10 ^ ld_r$_DFF_P_/Q (DFF_X1)
                                         ld_r (net)
                  0.02    0.00    0.10 ^ _18258_/A (BUF_X4)
     5   21.73    0.01    0.03    0.13 ^ _18258_/Z (BUF_X4)
                                         _08970_ (net)
                  0.01    0.00    0.13 ^ _18280_/A (BUF_X4)
    10   31.23    0.02    0.04    0.17 ^ _18280_/Z (BUF_X4)
                                         _08992_ (net)
                  0.02    0.00    0.17 ^ _18304_/A (BUF_X4)
    10   30.32    0.02    0.04    0.20 ^ _18304_/Z (BUF_X4)
                                         _09015_ (net)
                  0.02    0.00    0.21 ^ _18395_/A (BUF_X8)
    10   29.18    0.01    0.03    0.23 ^ _18395_/Z (BUF_X8)
                                         _09102_ (net)
                  0.01    0.00    0.24 ^ _18396_/A (BUF_X2)
    10   37.91    0.04    0.06    0.30 ^ _18396_/Z (BUF_X2)
                                         _09103_ (net)
                  0.04    0.00    0.30 ^ _18428_/A (BUF_X2)
    10   32.68    0.04    0.06    0.36 ^ _18428_/Z (BUF_X2)
                                         _09135_ (net)
                  0.04    0.00    0.37 ^ _25924_/A2 (NAND3_X1)
     1    1.68    0.02    0.03    0.39 v _25924_/ZN (NAND3_X1)
                                         _02933_ (net)
                  0.02    0.00    0.39 v _25926_/A (OAI21_X1)
     1    3.58    0.03    0.03    0.42 ^ _25926_/ZN (OAI21_X1)
                                         _02935_ (net)
                  0.03    0.00    0.42 ^ _25927_/A2 (NOR2_X2)
     4   13.69    0.01    0.02    0.44 v _25927_/ZN (NOR2_X2)
                                         _02936_ (net)
                  0.01    0.00    0.45 v _25928_/A (INV_X1)
     3    5.49    0.01    0.02    0.47 ^ _25928_/ZN (INV_X1)
                                         _02937_ (net)
                  0.01    0.00    0.47 ^ _25929_/A (BUF_X2)
    10   24.17    0.03    0.05    0.52 ^ _25929_/Z (BUF_X2)
                                         _02938_ (net)
                  0.03    0.00    0.52 ^ _25930_/A (BUF_X8)
    17   50.89    0.02    0.04    0.56 ^ _25930_/Z (BUF_X8)
                                         _15164_ (net)
                  0.02    0.00    0.56 ^ _29757_/B (HA_X1)
    10   23.58    0.05    0.09    0.64 ^ _29757_/CO (HA_X1)
                                         _15165_ (net)
                  0.05    0.00    0.64 ^ _26094_/A (INV_X1)
     6   13.56    0.02    0.04    0.68 v _26094_/ZN (INV_X1)
                                         _03098_ (net)
                  0.02    0.00    0.68 v _26095_/A (AOI21_X2)
     6   14.10    0.05    0.07    0.75 ^ _26095_/ZN (AOI21_X2)
                                         _03099_ (net)
                  0.05    0.00    0.75 ^ _26302_/A1 (NOR2_X1)
     1    1.06    0.02    0.01    0.76 v _26302_/ZN (NOR2_X1)
                                         _03303_ (net)
                  0.02    0.00    0.76 v _26304_/A (MUX2_X1)
     1    1.75    0.01    0.06    0.83 v _26304_/Z (MUX2_X1)
                                         _03305_ (net)
                  0.01    0.00    0.83 v _26305_/C1 (AOI221_X1)
     1    3.10    0.05    0.06    0.88 ^ _26305_/ZN (AOI221_X1)
                                         _03306_ (net)
                  0.05    0.00    0.88 ^ _26306_/A3 (OR3_X1)
     1    1.74    0.01    0.04    0.92 ^ _26306_/ZN (OR3_X1)
                                         _03307_ (net)
                  0.01    0.00    0.92 ^ _26322_/B1 (AOI22_X1)
     1    1.52    0.01    0.02    0.94 v _26322_/ZN (AOI22_X1)
                                         _00122_ (net)
                  0.01    0.00    0.94 v sa21_sr[2]$_DFF_P_/D (DFF_X1)
                                  0.94   data arrival time

                  0.00    0.82    0.82   clock clk (rise edge)
                          0.00    0.82   clock network delay (ideal)
                          0.00    0.82   clock reconvergence pessimism
                                  0.82 ^ sa21_sr[2]$_DFF_P_/CK (DFF_X1)
                         -0.04    0.78   library setup time
                                  0.78   data required time
-----------------------------------------------------------------------------
                                  0.78   data required time
                                 -0.94   data arrival time
-----------------------------------------------------------------------------
                                 -0.16   slack (VIOLATED)



==========================================================================
global place report_checks -unconstrained
--------------------------------------------------------------------------
Startpoint: ld_r$_DFF_P_ (rising edge-triggered flip-flop clocked by clk)
Endpoint: sa21_sr[2]$_DFF_P_ (rising edge-triggered flip-flop clocked by clk)
Path Group: clk
Path Type: max

Fanout     Cap    Slew   Delay    Time   Description
-----------------------------------------------------------------------------
                  0.00    0.00    0.00   clock clk (rise edge)
                          0.00    0.00   clock network delay (ideal)
                  0.00    0.00    0.00 ^ ld_r$_DFF_P_/CK (DFF_X1)
     1    6.61    0.02    0.10    0.10 ^ ld_r$_DFF_P_/Q (DFF_X1)
                                         ld_r (net)
                  0.02    0.00    0.10 ^ _18258_/A (BUF_X4)
     5   21.73    0.01    0.03    0.13 ^ _18258_/Z (BUF_X4)
                                         _08970_ (net)
                  0.01    0.00    0.13 ^ _18280_/A (BUF_X4)
    10   31.23    0.02    0.04    0.17 ^ _18280_/Z (BUF_X4)
                                         _08992_ (net)
                  0.02    0.00    0.17 ^ _18304_/A (BUF_X4)
    10   30.32    0.02    0.04    0.20 ^ _18304_/Z (BUF_X4)
                                         _09015_ (net)
                  0.02    0.00    0.21 ^ _18395_/A (BUF_X8)
    10   29.18    0.01    0.03    0.23 ^ _18395_/Z (BUF_X8)
                                         _09102_ (net)
                  0.01    0.00    0.24 ^ _18396_/A (BUF_X2)
    10   37.91    0.04    0.06    0.30 ^ _18396_/Z (BUF_X2)
                                         _09103_ (net)
                  0.04    0.00    0.30 ^ _18428_/A (BUF_X2)
    10   32.68    0.04    0.06    0.36 ^ _18428_/Z (BUF_X2)
                                         _09135_ (net)
                  0.04    0.00    0.37 ^ _25924_/A2 (NAND3_X1)
     1    1.68    0.02    0.03    0.39 v _25924_/ZN (NAND3_X1)
                                         _02933_ (net)
                  0.02    0.00    0.39 v _25926_/A (OAI21_X1)
     1    3.58    0.03    0.03    0.42 ^ _25926_/ZN (OAI21_X1)
                                         _02935_ (net)
                  0.03    0.00    0.42 ^ _25927_/A2 (NOR2_X2)
     4   13.69    0.01    0.02    0.44 v _25927_/ZN (NOR2_X2)
                                         _02936_ (net)
                  0.01    0.00    0.45 v _25928_/A (INV_X1)
     3    5.49    0.01    0.02    0.47 ^ _25928_/ZN (INV_X1)
                                         _02937_ (net)
                  0.01    0.00    0.47 ^ _25929_/A (BUF_X2)
    10   24.17    0.03    0.05    0.52 ^ _25929_/Z (BUF_X2)
                                         _02938_ (net)
                  0.03    0.00    0.52 ^ _25930_/A (BUF_X8)
    17   50.89    0.02    0.04    0.56 ^ _25930_/Z (BUF_X8)
                                         _15164_ (net)
                  0.02    0.00    0.56 ^ _29757_/B (HA_X1)
    10   23.58    0.05    0.09    0.64 ^ _29757_/CO (HA_X1)
                                         _15165_ (net)
                  0.05    0.00    0.64 ^ _26094_/A (INV_X1)
     6   13.56    0.02    0.04    0.68 v _26094_/ZN (INV_X1)
                                         _03098_ (net)
                  0.02    0.00    0.68 v _26095_/A (AOI21_X2)
     6   14.10    0.05    0.07    0.75 ^ _26095_/ZN (AOI21_X2)
                                         _03099_ (net)
                  0.05    0.00    0.75 ^ _26302_/A1 (NOR2_X1)
     1    1.06    0.02    0.01    0.76 v _26302_/ZN (NOR2_X1)
                                         _03303_ (net)
                  0.02    0.00    0.76 v _26304_/A (MUX2_X1)
     1    1.75    0.01    0.06    0.83 v _26304_/Z (MUX2_X1)
                                         _03305_ (net)
                  0.01    0.00    0.83 v _26305_/C1 (AOI221_X1)
     1    3.10    0.05    0.06    0.88 ^ _26305_/ZN (AOI221_X1)
                                         _03306_ (net)
                  0.05    0.00    0.88 ^ _26306_/A3 (OR3_X1)
     1    1.74    0.01    0.04    0.92 ^ _26306_/ZN (OR3_X1)
                                         _03307_ (net)
                  0.01    0.00    0.92 ^ _26322_/B1 (AOI22_X1)
     1    1.52    0.01    0.02    0.94 v _26322_/ZN (AOI22_X1)
                                         _00122_ (net)
                  0.01    0.00    0.94 v sa21_sr[2]$_DFF_P_/D (DFF_X1)
                                  0.94   data arrival time

                  0.00    0.82    0.82   clock clk (rise edge)
                          0.00    0.82   clock network delay (ideal)
                          0.00    0.82   clock reconvergence pessimism
                                  0.82 ^ sa21_sr[2]$_DFF_P_/CK (DFF_X1)
                         -0.04    0.78   library setup time
                                  0.78   data required time
-----------------------------------------------------------------------------
                                  0.78   data required time
                                 -0.94   data arrival time
-----------------------------------------------------------------------------
                                 -0.16   slack (VIOLATED)



==========================================================================
global place report_power
--------------------------------------------------------------------------
Group                  Internal  Switching    Leakage      Total
                          Power      Power      Power      Power (Watts)
----------------------------------------------------------------
Sequential             9.24e-03   1.25e-03   4.44e-05   1.05e-02   3.0%
Combinational          1.67e-01   1.76e-01   5.07e-04   3.43e-01  97.0%
Clock                  0.00e+00   0.00e+00   0.00e+00   0.00e+00   0.0%
Macro                  0.00e+00   0.00e+00   0.00e+00   0.00e+00   0.0%
Pad                    0.00e+00   0.00e+00   0.00e+00   0.00e+00   0.0%
----------------------------------------------------------------
Total                  1.76e-01   1.77e-01   5.51e-04   3.54e-01 100.0%
                          49.7%      50.1%       0.2%
