OpenROAD v2.0-19576-gec1bf1a13 
Features included (+) or not (-): +GPU +GUI +Python : None
This program is licensed under the BSD-3 license. See the LICENSE file for details.
Components of this program may be licensed under more restrictive licenses which must be honored.
[INFO ORD-0030] Using 16 thread(s).
[INFO GPL-0002] DBU: 2000
[INFO GPL-0003] SiteSize: (  0.190  1.400 ) um
[INFO GPL-0004] CoreBBox: (  1.140  1.400 ) ( 296.590 207.200 ) um
[INFO GPL-0006] NumInstances:             16538
[INFO GPL-0007] NumPlaceInstances:        16095
[INFO GPL-0008] NumFixedInstances:          443
[INFO GPL-0009] NumDummyInstances:            0
[INFO GPL-0010] NumNets:                  18758
[INFO GPL-0011] NumPins:                  60707
[INFO GPL-0012] DieBBox:  (  0.000  0.000 ) ( 297.645 208.950 ) um
[INFO GPL-0013] CoreBBox: (  1.140  1.400 ) ( 296.590 207.200 ) um
[INFO GPL-0016] CoreArea:             60803.610 um^2
[INFO GPL-0017] NonPlaceInstsArea:      117.838 um^2
[INFO GPL-0018] PlaceInstsArea:       28787.052 um^2
[INFO GPL-0019] Util:                    47.436 %
[INFO GPL-0020] StdInstsArea:         28787.052 um^2
[INFO GPL-0021] MacroInstsArea:           0.000 um^2
[INFO GPL-0031] FillerInit:NumGCells:     35298
[INFO GPL-0032] FillerInit:NumGNets:      18758
[INFO GPL-0033] FillerInit:NumGPins:      60707
[INFO GPL-0023] TargetDensity:            1.000
[INFO GPL-0024] AvrgPlaceInstArea:        1.789 um^2
[INFO GPL-0025] IdealBinArea:             1.789 um^2
[INFO GPL-0026] IdealBinCnt:              33995
[INFO GPL-0027] TotalBinArea:         60803.610 um^2
[INFO GPL-0028] BinCnt:       128    128
[INFO GPL-0029] BinSize: (  2.308  1.608 )
[INFO GPL-0030] NumBins: 16384
Placement density is 0.5894899702072144, computed from PLACE_DENSITY_LB_ADDON 0.20 and lower bound 0.47436246275901794
global_placement -density 0.5894899702072144 -pad_left 0 -pad_right 0
[INFO GPL-0002] DBU: 2000
[INFO GPL-0003] SiteSize: (  0.190  1.400 ) um
[INFO GPL-0004] CoreBBox: (  1.140  1.400 ) ( 296.590 207.200 ) um
[INFO GPL-0006] NumInstances:             16538
[INFO GPL-0007] NumPlaceInstances:        16095
[INFO GPL-0008] NumFixedInstances:          443
[INFO GPL-0009] NumDummyInstances:            0
[INFO GPL-0010] NumNets:                  18758
[INFO GPL-0011] NumPins:                  60707
[INFO GPL-0012] DieBBox:  (  0.000  0.000 ) ( 297.645 208.950 ) um
[INFO GPL-0013] CoreBBox: (  1.140  1.400 ) ( 296.590 207.200 ) um
[INFO GPL-0016] CoreArea:             60803.610 um^2
[INFO GPL-0017] NonPlaceInstsArea:      117.838 um^2
[INFO GPL-0018] PlaceInstsArea:       28787.052 um^2
[INFO GPL-0019] Util:                    47.436 %
[INFO GPL-0020] StdInstsArea:         28787.052 um^2
[INFO GPL-0021] MacroInstsArea:           0.000 um^2
[InitialPlace]  Iter: 1 CG residual: 0.00220229 HPWL: 640428867
[InitialPlace]  Iter: 2 CG residual: 0.00038863 HPWL: 210835192
[InitialPlace]  Iter: 3 CG residual: 0.00004020 HPWL: 207756812
[InitialPlace]  Iter: 4 CG residual: 0.00001144 HPWL: 205999970
[InitialPlace]  Iter: 5 CG residual: 0.00010367 HPWL: 204649076
[InitialPlace]  Iter: 6 CG residual: 0.00001502 HPWL: 203413314
[InitialPlace]  Iter: 7 CG residual: 0.00000779 HPWL: 201844902
[INFO GPL-0031] FillerInit:NumGCells:     20301
[INFO GPL-0032] FillerInit:NumGNets:      18758
[INFO GPL-0033] FillerInit:NumGPins:      60707
[INFO GPL-0023] TargetDensity:            0.589
[INFO GPL-0024] AvrgPlaceInstArea:        1.789 um^2
[INFO GPL-0025] IdealBinArea:             3.034 um^2
[INFO GPL-0026] IdealBinCnt:              20040
[INFO GPL-0027] TotalBinArea:         60803.610 um^2
[INFO GPL-0028] BinCnt:       128    128
[INFO GPL-0029] BinSize: (  2.308  1.608 )
[INFO GPL-0030] NumBins: 16384
[NesterovSolve] Iter:    1 overflow: 0.987 HPWL: 140960279
[NesterovSolve] Iter:   10 overflow: 0.960 HPWL: 137005193
[NesterovSolve] Iter:   20 overflow: 0.944 HPWL: 153301513
[NesterovSolve] Iter:   30 overflow: 0.939 HPWL: 160707661
[NesterovSolve] Iter:   40 overflow: 0.935 HPWL: 164636057
[NesterovSolve] Iter:   50 overflow: 0.933 HPWL: 165578662
[NesterovSolve] Iter:   60 overflow: 0.932 HPWL: 165481815
[NesterovSolve] Iter:   70 overflow: 0.932 HPWL: 165094111
[NesterovSolve] Iter:   80 overflow: 0.932 HPWL: 164264716
[NesterovSolve] Iter:   90 overflow: 0.931 HPWL: 163482688
[NesterovSolve] Iter:  100 overflow: 0.931 HPWL: 163140272
[NesterovSolve] Iter:  110 overflow: 0.931 HPWL: 163502524
[NesterovSolve] Iter:  120 overflow: 0.930 HPWL: 164409563
[NesterovSolve] Iter:  130 overflow: 0.929 HPWL: 165507474
[NesterovSolve] Iter:  140 overflow: 0.928 HPWL: 166745224
[NesterovSolve] Iter:  150 overflow: 0.927 HPWL: 168587618
[NesterovSolve] Iter:  160 overflow: 0.925 HPWL: 171848521
[NesterovSolve] Iter:  170 overflow: 0.924 HPWL: 176951004
[NesterovSolve] Iter:  180 overflow: 0.921 HPWL: 183684258
[NesterovSolve] Iter:  190 overflow: 0.916 HPWL: 192657026
[NesterovSolve] Iter:  200 overflow: 0.909 HPWL: 205128943
[NesterovSolve] Iter:  210 overflow: 0.900 HPWL: 221662582
[NesterovSolve] Iter:  220 overflow: 0.888 HPWL: 241625993
[NesterovSolve] Iter:  230 overflow: 0.872 HPWL: 263172057
[NesterovSolve] Iter:  240 overflow: 0.851 HPWL: 287589205
[NesterovSolve] Iter:  250 overflow: 0.825 HPWL: 312720626
[NesterovSolve] Iter:  260 overflow: 0.794 HPWL: 334610199
[NesterovSolve] Iter:  270 overflow: 0.761 HPWL: 359091292
[NesterovSolve] Iter:  280 overflow: 0.725 HPWL: 380193100
[NesterovSolve] Iter:  290 overflow: 0.683 HPWL: 400276664
[NesterovSolve] Iter:  300 overflow: 0.634 HPWL: 421686160
[NesterovSolve] Iter:  310 overflow: 0.580 HPWL: 438740861
[NesterovSolve] Iter:  320 overflow: 0.536 HPWL: 458821285
[NesterovSolve] Iter:  330 overflow: 0.488 HPWL: 475076398
[NesterovSolve] Iter:  340 overflow: 0.443 HPWL: 480420723
[NesterovSolve] Iter:  350 overflow: 0.402 HPWL: 488845874
[NesterovSolve] Iter:  360 overflow: 0.356 HPWL: 496961160
[NesterovSolve] Iter:  370 overflow: 0.321 HPWL: 501324918
[NesterovSolve] Iter:  380 overflow: 0.289 HPWL: 504169375
[NesterovSolve] Iter:  390 overflow: 0.258 HPWL: 506236743
[NesterovSolve] Iter:  400 overflow: 0.229 HPWL: 507659212
[NesterovSolve] Iter:  410 overflow: 0.201 HPWL: 508554597
[NesterovSolve] Iter:  420 overflow: 0.176 HPWL: 509042182
[NesterovSolve] Iter:  430 overflow: 0.155 HPWL: 509390727
[NesterovSolve] Iter:  440 overflow: 0.137 HPWL: 509790198
[NesterovSolve] Iter:  450 overflow: 0.119 HPWL: 510181487
[NesterovSolve] Iter:  460 overflow: 0.105 HPWL: 510938050
[NesterovSolve] Finished with Overflow: 0.099873
Took 8 seconds: global_placement -density 0.5894899702072144 -pad_left 0 -pad_right 0
Report metrics stage 3, global place...

==========================================================================
global place report_design_area
--------------------------------------------------------------------------
Design area 28787 u^2 47% utilization.
Elapsed time: 0:15.43[h:]min:sec. CPU time: user 126.12 sys 0.27 (818%). Peak memory: 196672KB.
