OpenROAD v2.0-19576-gec1bf1a13 
Features included (+) or not (-): +GPU +GUI +Python : None
This program is licensed under the BSD-3 license. See the LICENSE file for details.
Components of this program may be licensed under more restrictive licenses which must be honored.
[INFO ORD-0030] Using 16 thread(s).
[INFO GPL-0002] DBU: 2000
[INFO GPL-0003] SiteSize: (  0.190  1.400 ) um
[INFO GPL-0004] CoreBBox: (  1.140  1.400 ) ( 250.230 175.000 ) um
[INFO GPL-0006] NumInstances:             15441
[INFO GPL-0007] NumPlaceInstances:        15067
[INFO GPL-0008] NumFixedInstances:          374
[INFO GPL-0009] NumDummyInstances:            0
[INFO GPL-0010] NumNets:                  16165
[INFO GPL-0011] NumPins:                  56154
[INFO GPL-0012] DieBBox:  (  0.000  0.000 ) ( 251.240 176.465 ) um
[INFO GPL-0013] CoreBBox: (  1.140  1.400 ) ( 250.230 175.000 ) um
[INFO GPL-0016] CoreArea:             43242.024 um^2
[INFO GPL-0017] NonPlaceInstsArea:       99.484 um^2
[INFO GPL-0018] PlaceInstsArea:       21470.456 um^2
[INFO GPL-0019] Util:                    49.766 %
[INFO GPL-0020] StdInstsArea:         21470.456 um^2
[INFO GPL-0021] MacroInstsArea:           0.000 um^2
[INFO GPL-0031] FillerInit:NumGCells:     31865
[INFO GPL-0032] FillerInit:NumGNets:      16165
[INFO GPL-0033] FillerInit:NumGPins:      56154
[INFO GPL-0023] TargetDensity:            1.000
[INFO GPL-0024] AvrgPlaceInstArea:        1.425 um^2
[INFO GPL-0025] IdealBinArea:             1.425 um^2
[INFO GPL-0026] IdealBinCnt:              30345
[INFO GPL-0027] TotalBinArea:         43242.024 um^2
[INFO GPL-0028] BinCnt:       128    128
[INFO GPL-0029] BinSize: (  1.946  1.357 )
[INFO GPL-0030] NumBins: 16384
Placement density is 0.7085979378223419, computed from PLACE_DENSITY_LB_ADDON 0.40 and lower bound 0.4976632297039032
global_placement -density 0.7085979378223419 -pad_left 0 -pad_right 0
[INFO GPL-0002] DBU: 2000
[INFO GPL-0003] SiteSize: (  0.190  1.400 ) um
[INFO GPL-0004] CoreBBox: (  1.140  1.400 ) ( 250.230 175.000 ) um
[INFO GPL-0006] NumInstances:             15441
[INFO GPL-0007] NumPlaceInstances:        15067
[INFO GPL-0008] NumFixedInstances:          374
[INFO GPL-0009] NumDummyInstances:            0
[INFO GPL-0010] NumNets:                  16165
[INFO GPL-0011] NumPins:                  56154
[INFO GPL-0012] DieBBox:  (  0.000  0.000 ) ( 251.240 176.465 ) um
[INFO GPL-0013] CoreBBox: (  1.140  1.400 ) ( 250.230 175.000 ) um
[INFO GPL-0016] CoreArea:             43242.024 um^2
[INFO GPL-0017] NonPlaceInstsArea:       99.484 um^2
[INFO GPL-0018] PlaceInstsArea:       21470.456 um^2
[INFO GPL-0019] Util:                    49.766 %
[INFO GPL-0020] StdInstsArea:         21470.456 um^2
[INFO GPL-0021] MacroInstsArea:           0.000 um^2
[InitialPlace]  Iter: 1 CG residual: 0.00008587 HPWL: 510721508
[InitialPlace]  Iter: 2 CG residual: 0.00012192 HPWL: 191916505
[InitialPlace]  Iter: 3 CG residual: 0.00026780 HPWL: 190497928
[InitialPlace]  Iter: 4 CG residual: 0.00012275 HPWL: 190551165
[InitialPlace]  Iter: 5 CG residual: 0.00002717 HPWL: 189562229
[InitialPlace]  Iter: 6 CG residual: 0.00016426 HPWL: 189521297
[InitialPlace]  Iter: 7 CG residual: 0.00003443 HPWL: 188621505
[InitialPlace]  Iter: 8 CG residual: 0.00016256 HPWL: 188601262
[InitialPlace]  Iter: 9 CG residual: 0.00004086 HPWL: 187802786
[InitialPlace]  Iter: 10 CG residual: 0.00005038 HPWL: 187807917
[InitialPlace]  Iter: 11 CG residual: 0.00003547 HPWL: 187093808
[InitialPlace]  Iter: 12 CG residual: 0.00010200 HPWL: 187177399
[InitialPlace]  Iter: 13 CG residual: 0.00002463 HPWL: 186572717
[InitialPlace]  Iter: 14 CG residual: 0.00010188 HPWL: 186709643
[InitialPlace]  Iter: 15 CG residual: 0.00000382 HPWL: 186148481
[INFO GPL-0031] FillerInit:NumGCells:     22120
[INFO GPL-0032] FillerInit:NumGNets:      16165
[INFO GPL-0033] FillerInit:NumGPins:      56154
[INFO GPL-0023] TargetDensity:            0.709
[INFO GPL-0024] AvrgPlaceInstArea:        1.425 um^2
[INFO GPL-0025] IdealBinArea:             2.011 um^2
[INFO GPL-0026] IdealBinCnt:              21502
[INFO GPL-0027] TotalBinArea:         43242.024 um^2
[INFO GPL-0028] BinCnt:       128    128
[INFO GPL-0029] BinSize: (  1.946  1.357 )
[INFO GPL-0030] NumBins: 16384
[NesterovSolve] Iter:    1 overflow: 0.980 HPWL: 138947870
[NesterovSolve] Iter:   10 overflow: 0.891 HPWL: 169064953
[NesterovSolve] Iter:   20 overflow: 0.869 HPWL: 177092058
[NesterovSolve] Iter:   30 overflow: 0.867 HPWL: 175169358
[NesterovSolve] Iter:   40 overflow: 0.863 HPWL: 170221729
[NesterovSolve] Iter:   50 overflow: 0.856 HPWL: 167860230
[NesterovSolve] Iter:   60 overflow: 0.850 HPWL: 166548551
[NesterovSolve] Iter:   70 overflow: 0.844 HPWL: 165098821
[NesterovSolve] Iter:   80 overflow: 0.840 HPWL: 163749670
[NesterovSolve] Iter:   90 overflow: 0.837 HPWL: 162773345
[NesterovSolve] Iter:  100 overflow: 0.835 HPWL: 162076630
[NesterovSolve] Iter:  110 overflow: 0.834 HPWL: 161492143
[NesterovSolve] Iter:  120 overflow: 0.834 HPWL: 161090574
[NesterovSolve] Iter:  130 overflow: 0.834 HPWL: 160844658
[NesterovSolve] Iter:  140 overflow: 0.835 HPWL: 160716621
[NesterovSolve] Iter:  150 overflow: 0.835 HPWL: 160709783
[NesterovSolve] Iter:  160 overflow: 0.834 HPWL: 160919990
[NesterovSolve] Iter:  170 overflow: 0.833 HPWL: 161333709
[NesterovSolve] Iter:  180 overflow: 0.830 HPWL: 162050426
[NesterovSolve] Iter:  190 overflow: 0.824 HPWL: 163463188
[NesterovSolve] Iter:  200 overflow: 0.816 HPWL: 165965619
[NesterovSolve] Iter:  210 overflow: 0.805 HPWL: 170105023
[NesterovSolve] Iter:  220 overflow: 0.793 HPWL: 175962952
[NesterovSolve] Iter:  230 overflow: 0.779 HPWL: 183176547
[NesterovSolve] Iter:  240 overflow: 0.760 HPWL: 192120793
[NesterovSolve] Iter:  250 overflow: 0.737 HPWL: 204487235
[NesterovSolve] Iter:  260 overflow: 0.712 HPWL: 216633769
[NesterovSolve] Iter:  270 overflow: 0.688 HPWL: 227775954
[NesterovSolve] Iter:  280 overflow: 0.664 HPWL: 239006384
[NesterovSolve] Iter:  290 overflow: 0.642 HPWL: 248359849
[NesterovSolve] Iter:  300 overflow: 0.617 HPWL: 259075135
[NesterovSolve] Iter:  310 overflow: 0.588 HPWL: 268219871
[NesterovSolve] Iter:  320 overflow: 0.558 HPWL: 280136664
[NesterovSolve] Iter:  330 overflow: 0.522 HPWL: 292847419
[NesterovSolve] Iter:  340 overflow: 0.483 HPWL: 305805922
[NesterovSolve] Iter:  350 overflow: 0.432 HPWL: 320946744
[NesterovSolve] Iter:  360 overflow: 0.365 HPWL: 341565852
[NesterovSolve] Iter:  370 overflow: 0.300 HPWL: 366307746
[NesterovSolve] Iter:  380 overflow: 0.253 HPWL: 380883212
[NesterovSolve] Iter:  390 overflow: 0.214 HPWL: 389655713
[NesterovSolve] Iter:  400 overflow: 0.183 HPWL: 396813450
[NesterovSolve] Iter:  410 overflow: 0.158 HPWL: 401412247
[NesterovSolve] Iter:  420 overflow: 0.137 HPWL: 405861786
[NesterovSolve] Iter:  430 overflow: 0.118 HPWL: 409123233
[NesterovSolve] Iter:  440 overflow: 0.102 HPWL: 411591834
[NesterovSolve] Finished with Overflow: 0.099368
Took 9 seconds: global_placement -density 0.7085979378223419 -pad_left 0 -pad_right 0
Report metrics stage 3, global place...

==========================================================================
global place report_design_area
--------------------------------------------------------------------------
Design area 21470 u^2 50% utilization.
Elapsed time: 0:13.42[h:]min:sec. CPU time: user 150.87 sys 0.38 (1126%). Peak memory: 188636KB.
