
==========================================================================
detailed place report_tns
--------------------------------------------------------------------------
tns -178.90

==========================================================================
detailed place report_wns
--------------------------------------------------------------------------
wns -0.36

==========================================================================
detailed place report_worst_slack
--------------------------------------------------------------------------
worst slack -0.36

==========================================================================
detailed place report_checks -path_delay min
--------------------------------------------------------------------------
Startpoint: rst_ni (input port clocked by core_clock)
Endpoint: gen_regfile_ff.register_file_i.rf_reg_q[134]$_DFFE_PN0P_
          (removal check against rising-edge clock core_clock)
Path Group: asynchronous
Path Type: min

Fanout     Cap    Slew   Delay    Time   Description
-----------------------------------------------------------------------------
                  0.00    0.00    0.00   clock core_clock (rise edge)
                          0.00    0.00   clock network delay (ideal)
                          0.44    0.44 ^ input external delay
  1658 3462.13    0.00    0.00    0.44 ^ rst_ni (in)
                                         rst_ni (net)
                  0.72    0.59    1.03 ^ gen_regfile_ff.register_file_i.rf_reg_q[134]$_DFFE_PN0P_/RN (DFFR_X1)
                                  1.03   data arrival time

                  0.00    0.00    0.00   clock core_clock (rise edge)
                          0.00    0.00   clock network delay (ideal)
                          0.00    0.00   clock reconvergence pessimism
                                  0.00 ^ gen_regfile_ff.register_file_i.rf_reg_q[134]$_DFFE_PN0P_/CK (DFFR_X1)
                          1.08    1.08   library removal time
                                  1.08   data required time
-----------------------------------------------------------------------------
                                  1.08   data required time
                                 -1.03   data arrival time
-----------------------------------------------------------------------------
                                 -0.05   slack (VIOLATED)


Startpoint: core_clock_gate_i.en_latch$_DLATCH_N_
            (negative level-sensitive latch clocked by core_clock)
Endpoint: _29919_ (rising clock gating-check end-point clocked by core_clock)
Path Group: gated clock
Path Type: min

Fanout     Cap    Slew   Delay    Time   Description
-----------------------------------------------------------------------------
                  0.00    1.10    1.10   clock core_clock (fall edge)
                          0.00    1.10   clock network delay (ideal)
                  0.00    0.00    1.10 v core_clock_gate_i.en_latch$_DLATCH_N_/GN (DLL_X1)
     1    1.17    0.01    0.05    1.15 ^ core_clock_gate_i.en_latch$_DLATCH_N_/Q (DLL_X1)
                                         core_clock_gate_i.en_latch (net)
                  0.01    0.00    1.15 ^ _29919_/A2 (AND2_X1)
                                  1.15   data arrival time

                  0.00    1.10    1.10   clock core_clock (fall edge)
                          0.00    1.10   clock network delay (ideal)
                          0.00    1.10   clock reconvergence pessimism
                                  1.10 v _29919_/A1 (AND2_X1)
                          0.00    1.10   clock gating hold time
                                  1.10   data required time
-----------------------------------------------------------------------------
                                  1.10   data required time
                                 -1.15   data arrival time
-----------------------------------------------------------------------------
                                  0.05   slack (MET)


Startpoint: load_store_unit_i.data_we_q$_DFFE_PN0P_
            (rising edge-triggered flip-flop clocked by core_clock)
Endpoint: id_stage_i.controller_i.store_err_q$_DFF_PN0_
          (rising edge-triggered flip-flop clocked by core_clock)
Path Group: core_clock
Path Type: min

Fanout     Cap    Slew   Delay    Time   Description
-----------------------------------------------------------------------------
                  0.00    0.00    0.00   clock core_clock (rise edge)
                          0.00    0.00   clock network delay (ideal)
                  0.00    0.00    0.00 ^ load_store_unit_i.data_we_q$_DFFE_PN0P_/CK (DFFR_X1)
     2    2.96    0.01    0.07    0.07 ^ load_store_unit_i.data_we_q$_DFFE_PN0P_/QN (DFFR_X1)
                                         _01159_ (net)
                  0.01    0.00    0.07 ^ _20134_/A1 (NOR3_X1)
     2    5.08    0.01    0.01    0.08 v _20134_/ZN (NOR3_X1)
                                         id_stage_i.controller_i.store_err_d (net)
                  0.01    0.00    0.08 v id_stage_i.controller_i.store_err_q$_DFF_PN0_/D (DFFR_X1)
                                  0.08   data arrival time

                  0.00    0.00    0.00   clock core_clock (rise edge)
                          0.00    0.00   clock network delay (ideal)
                          0.00    0.00   clock reconvergence pessimism
                                  0.00 ^ id_stage_i.controller_i.store_err_q$_DFF_PN0_/CK (DFFR_X1)
                          0.00    0.00   library hold time
                                  0.00   data required time
-----------------------------------------------------------------------------
                                  0.00   data required time
                                 -0.08   data arrival time
-----------------------------------------------------------------------------
                                  0.08   slack (MET)



==========================================================================
detailed place report_checks -path_delay max
--------------------------------------------------------------------------
Startpoint: rst_ni (input port clocked by core_clock)
Endpoint: gen_regfile_ff.register_file_i.rf_reg_q[134]$_DFFE_PN0P_
          (recovery check against rising-edge clock core_clock)
Path Group: asynchronous
Path Type: max

Fanout     Cap    Slew   Delay    Time   Description
-----------------------------------------------------------------------------
                  0.00    0.00    0.00   clock core_clock (rise edge)
                          0.00    0.00   clock network delay (ideal)
                          0.44    0.44 ^ input external delay
  1658 3462.13    0.00    0.00    0.44 ^ rst_ni (in)
                                         rst_ni (net)
                  0.72    0.59    1.03 ^ gen_regfile_ff.register_file_i.rf_reg_q[134]$_DFFE_PN0P_/RN (DFFR_X1)
                                  1.03   data arrival time

                  0.00    2.20    2.20   clock core_clock (rise edge)
                          0.00    2.20   clock network delay (ideal)
                          0.00    2.20   clock reconvergence pessimism
                                  2.20 ^ gen_regfile_ff.register_file_i.rf_reg_q[134]$_DFFE_PN0P_/CK (DFFR_X1)
                         -0.11    2.09   library recovery time
                                  2.09   data required time
-----------------------------------------------------------------------------
                                  2.09   data required time
                                 -1.03   data arrival time
-----------------------------------------------------------------------------
                                  1.06   slack (MET)


Startpoint: core_clock_gate_i.en_latch$_DLATCH_N_
            (negative level-sensitive latch clocked by core_clock)
Endpoint: _29919_ (rising clock gating-check end-point clocked by core_clock)
Path Group: gated clock
Path Type: max

Fanout     Cap    Slew   Delay    Time   Description
-----------------------------------------------------------------------------
                  0.00    1.10    1.10   clock core_clock (fall edge)
                          0.00    1.10   clock network delay (ideal)
                  0.00    0.00    1.10 v core_clock_gate_i.en_latch$_DLATCH_N_/GN (DLL_X1)
     1    1.09    0.01    0.07    1.17 v core_clock_gate_i.en_latch$_DLATCH_N_/Q (DLL_X1)
                                         core_clock_gate_i.en_latch (net)
                  0.01    0.00    1.17 v _29919_/A2 (AND2_X1)
                                  1.17   data arrival time

                  0.00    2.20    2.20   clock core_clock (rise edge)
                          0.00    2.20   clock network delay (ideal)
                          0.00    2.20   clock reconvergence pessimism
                                  2.20 ^ _29919_/A1 (AND2_X1)
                          0.00    2.20   clock gating setup time
                                  2.20   data required time
-----------------------------------------------------------------------------
                                  2.20   data required time
                                 -1.17   data arrival time
-----------------------------------------------------------------------------
                                  1.03   slack (MET)


Startpoint: if_stage_i.instr_rdata_alu_id_o[20]$_DFFE_PN_
            (rising edge-triggered flip-flop clocked by core_clock)
Endpoint: gen_regfile_ff.register_file_i.rf_reg_q[671]$_DFFE_PN0P_
          (rising edge-triggered flip-flop clocked by core_clock)
Path Group: core_clock
Path Type: max

Fanout     Cap    Slew   Delay    Time   Description
-----------------------------------------------------------------------------
                  0.00    0.00    0.00   clock core_clock (rise edge)
                          0.00    0.00   clock network delay (ideal)
                  0.00    0.00    0.00 ^ if_stage_i.instr_rdata_alu_id_o[20]$_DFFE_PN_/CK (DFF_X1)
     1    3.43    0.01    0.09    0.09 ^ if_stage_i.instr_rdata_alu_id_o[20]$_DFFE_PN_/Q (DFF_X1)
                                         gen_regfile_ff.register_file_i.raddr_b_i[0] (net)
                  0.01    0.00    0.09 ^ _16524_/A (BUF_X4)
     9   23.60    0.02    0.03    0.12 ^ _16524_/Z (BUF_X4)
                                         _10708_ (net)
                  0.02    0.00    0.12 ^ _16525_/A (BUF_X4)
    10   38.00    0.02    0.04    0.16 ^ _16525_/Z (BUF_X4)
                                         _10709_ (net)
                  0.02    0.01    0.17 ^ _16526_/A (BUF_X2)
    10   51.15    0.06    0.08    0.25 ^ _16526_/Z (BUF_X2)
                                         _10710_ (net)
                  0.06    0.01    0.26 ^ _16527_/A (BUF_X2)
    19   48.63    0.06    0.08    0.34 ^ _16527_/Z (BUF_X2)
                                         _10711_ (net)
                  0.06    0.00    0.34 ^ _18242_/A (BUF_X2)
    10   19.53    0.02    0.05    0.39 ^ _18242_/Z (BUF_X2)
                                         _12359_ (net)
                  0.02    0.00    0.39 ^ _18263_/A (BUF_X2)
    10   35.69    0.04    0.06    0.45 ^ _18263_/Z (BUF_X2)
                                         _12380_ (net)
                  0.04    0.00    0.45 ^ _18264_/A (BUF_X2)
    10   28.03    0.03    0.06    0.51 ^ _18264_/Z (BUF_X2)
                                         _12381_ (net)
                  0.03    0.00    0.51 ^ _18458_/S (MUX2_X1)
     1    1.56    0.01    0.06    0.57 v _18458_/Z (MUX2_X1)
                                         _12567_ (net)
                  0.01    0.00    0.57 v _18462_/A (MUX2_X1)
     1    1.75    0.01    0.06    0.63 v _18462_/Z (MUX2_X1)
                                         _12571_ (net)
                  0.01    0.00    0.63 v _18470_/A (MUX2_X1)
     1    1.60    0.01    0.06    0.69 v _18470_/Z (MUX2_X1)
                                         _12579_ (net)
                  0.01    0.00    0.69 v _18471_/B1 (AOI21_X1)
     8   34.02    0.16    0.18    0.87 ^ _18471_/ZN (AOI21_X1)
                                         _12580_ (net)
                  0.16    0.02    0.89 ^ _20600_/A (MUX2_X1)
     7   17.93    0.04    0.10    0.99 ^ _20600_/Z (MUX2_X1)
                                         _03909_ (net)
                  0.04    0.00    0.99 ^ _20998_/A (BUF_X1)
    10   20.90    0.05    0.08    1.07 ^ _20998_/Z (BUF_X1)
                                         _04142_ (net)
                  0.05    0.00    1.07 ^ _21067_/A2 (NAND2_X1)
     1    3.61    0.02    0.03    1.09 v _21067_/ZN (NAND2_X1)
                                         _15009_ (net)
                  0.02    0.00    1.09 v _30197_/B (FA_X1)
     1    4.18    0.02    0.13    1.22 ^ _30197_/S (FA_X1)
                                         _15012_ (net)
                  0.02    0.00    1.22 ^ _30199_/A (FA_X1)
     1    4.43    0.02    0.09    1.31 v _30199_/S (FA_X1)
                                         _15020_ (net)
                  0.02    0.00    1.31 v _30202_/B (FA_X1)
     1    4.02    0.02    0.13    1.44 ^ _30202_/S (FA_X1)
                                         _15031_ (net)
                  0.02    0.00    1.44 ^ _30207_/A (FA_X1)
     1    3.85    0.02    0.09    1.53 v _30207_/S (FA_X1)
                                         _15049_ (net)
                  0.02    0.00    1.53 v _30211_/A (FA_X1)
     1    4.75    0.02    0.12    1.66 ^ _30211_/S (FA_X1)
                                         _15064_ (net)
                  0.02    0.00    1.66 ^ _30212_/A (FA_X1)
     1    1.75    0.01    0.09    1.74 v _30212_/S (FA_X1)
                                         _15067_ (net)
                  0.01    0.00    1.74 v _21502_/A (INV_X1)
     1    3.82    0.01    0.02    1.76 ^ _21502_/ZN (INV_X1)
                                         _16138_ (net)
                  0.01    0.00    1.76 ^ _30538_/A (HA_X1)
     1    1.12    0.02    0.04    1.81 ^ _30538_/S (HA_X1)
                                         _16141_ (net)
                  0.02    0.00    1.81 ^ _23588_/A (BUF_X1)
     5    8.82    0.02    0.04    1.85 ^ _23588_/Z (BUF_X1)
                                         _06098_ (net)
                  0.02    0.00    1.85 ^ _23632_/A2 (NAND3_X1)
     1    1.63    0.02    0.02    1.87 v _23632_/ZN (NAND3_X1)
                                         _06140_ (net)
                  0.02    0.00    1.87 v _23633_/A3 (NOR3_X1)
     2    3.92    0.04    0.07    1.94 ^ _23633_/ZN (NOR3_X1)
                                         _06141_ (net)
                  0.04    0.00    1.94 ^ _23682_/A2 (NOR2_X1)
     1    3.22    0.01    0.02    1.96 v _23682_/ZN (NOR2_X1)
                                         _06188_ (net)
                  0.01    0.00    1.96 v _23683_/B2 (AOI21_X2)
     5   12.77    0.04    0.06    2.02 ^ _23683_/ZN (AOI21_X2)
                                         _06189_ (net)
                  0.04    0.00    2.02 ^ _23908_/A3 (AND4_X1)
     2    3.73    0.02    0.07    2.09 ^ _23908_/ZN (AND4_X1)
                                         _06405_ (net)
                  0.02    0.00    2.09 ^ _23966_/A1 (NOR2_X1)
     1    4.63    0.01    0.02    2.11 v _23966_/ZN (NOR2_X1)
                                         _06461_ (net)
                  0.01    0.00    2.11 v _23969_/B2 (AOI221_X2)
     2    4.49    0.05    0.08    2.19 ^ _23969_/ZN (AOI221_X2)
                                         _06464_ (net)
                  0.05    0.00    2.19 ^ _23970_/B (XNOR2_X1)
     1    6.69    0.04    0.06    2.25 ^ _23970_/ZN (XNOR2_X1)
                                         _06465_ (net)
                  0.04    0.00    2.25 ^ _23971_/B (MUX2_X1)
     2    6.15    0.02    0.06    2.31 ^ _23971_/Z (MUX2_X1)
                                         _06466_ (net)
                  0.02    0.00    2.31 ^ _23972_/B2 (AOI221_X2)
     1    5.64    0.02    0.03    2.33 v _23972_/ZN (AOI221_X2)
                                         _06467_ (net)
                  0.02    0.00    2.33 v _23981_/A1 (NOR4_X2)
     4   14.46    0.09    0.11    2.44 ^ _23981_/ZN (NOR4_X2)
                                         _06476_ (net)
                  0.09    0.00    2.45 ^ _24666_/A (BUF_X2)
    10   19.24    0.02    0.05    2.50 ^ _24666_/Z (BUF_X2)
                                         _06841_ (net)
                  0.02    0.00    2.50 ^ _25108_/B2 (OAI21_X1)
     1    1.40    0.01    0.02    2.52 v _25108_/ZN (OAI21_X1)
                                         _01914_ (net)
                  0.01    0.00    2.52 v gen_regfile_ff.register_file_i.rf_reg_q[671]$_DFFE_PN0P_/D (DFFR_X1)
                                  2.52   data arrival time

                  0.00    2.20    2.20   clock core_clock (rise edge)
                          0.00    2.20   clock network delay (ideal)
                          0.00    2.20   clock reconvergence pessimism
                                  2.20 ^ gen_regfile_ff.register_file_i.rf_reg_q[671]$_DFFE_PN0P_/CK (DFFR_X1)
                         -0.04    2.16   library setup time
                                  2.16   data required time
-----------------------------------------------------------------------------
                                  2.16   data required time
                                 -2.52   data arrival time
-----------------------------------------------------------------------------
                                 -0.36   slack (VIOLATED)



==========================================================================
detailed place report_checks -unconstrained
--------------------------------------------------------------------------
Startpoint: rst_ni (input port clocked by core_clock)
Endpoint: gen_regfile_ff.register_file_i.rf_reg_q[134]$_DFFE_PN0P_
          (recovery check against rising-edge clock core_clock)
Path Group: asynchronous
Path Type: max

Fanout     Cap    Slew   Delay    Time   Description
-----------------------------------------------------------------------------
                  0.00    0.00    0.00   clock core_clock (rise edge)
                          0.00    0.00   clock network delay (ideal)
                          0.44    0.44 ^ input external delay
  1658 3462.13    0.00    0.00    0.44 ^ rst_ni (in)
                                         rst_ni (net)
                  0.72    0.59    1.03 ^ gen_regfile_ff.register_file_i.rf_reg_q[134]$_DFFE_PN0P_/RN (DFFR_X1)
                                  1.03   data arrival time

                  0.00    2.20    2.20   clock core_clock (rise edge)
                          0.00    2.20   clock network delay (ideal)
                          0.00    2.20   clock reconvergence pessimism
                                  2.20 ^ gen_regfile_ff.register_file_i.rf_reg_q[134]$_DFFE_PN0P_/CK (DFFR_X1)
                         -0.11    2.09   library recovery time
                                  2.09   data required time
-----------------------------------------------------------------------------
                                  2.09   data required time
                                 -1.03   data arrival time
-----------------------------------------------------------------------------
                                  1.06   slack (MET)


Startpoint: core_clock_gate_i.en_latch$_DLATCH_N_
            (negative level-sensitive latch clocked by core_clock)
Endpoint: _29919_ (rising clock gating-check end-point clocked by core_clock)
Path Group: gated clock
Path Type: max

Fanout     Cap    Slew   Delay    Time   Description
-----------------------------------------------------------------------------
                  0.00    1.10    1.10   clock core_clock (fall edge)
                          0.00    1.10   clock network delay (ideal)
                  0.00    0.00    1.10 v core_clock_gate_i.en_latch$_DLATCH_N_/GN (DLL_X1)
     1    1.09    0.01    0.07    1.17 v core_clock_gate_i.en_latch$_DLATCH_N_/Q (DLL_X1)
                                         core_clock_gate_i.en_latch (net)
                  0.01    0.00    1.17 v _29919_/A2 (AND2_X1)
                                  1.17   data arrival time

                  0.00    2.20    2.20   clock core_clock (rise edge)
                          0.00    2.20   clock network delay (ideal)
                          0.00    2.20   clock reconvergence pessimism
                                  2.20 ^ _29919_/A1 (AND2_X1)
                          0.00    2.20   clock gating setup time
                                  2.20   data required time
-----------------------------------------------------------------------------
                                  2.20   data required time
                                 -1.17   data arrival time
-----------------------------------------------------------------------------
                                  1.03   slack (MET)


Startpoint: if_stage_i.instr_rdata_alu_id_o[20]$_DFFE_PN_
            (rising edge-triggered flip-flop clocked by core_clock)
Endpoint: gen_regfile_ff.register_file_i.rf_reg_q[671]$_DFFE_PN0P_
          (rising edge-triggered flip-flop clocked by core_clock)
Path Group: core_clock
Path Type: max

Fanout     Cap    Slew   Delay    Time   Description
-----------------------------------------------------------------------------
                  0.00    0.00    0.00   clock core_clock (rise edge)
                          0.00    0.00   clock network delay (ideal)
                  0.00    0.00    0.00 ^ if_stage_i.instr_rdata_alu_id_o[20]$_DFFE_PN_/CK (DFF_X1)
     1    3.43    0.01    0.09    0.09 ^ if_stage_i.instr_rdata_alu_id_o[20]$_DFFE_PN_/Q (DFF_X1)
                                         gen_regfile_ff.register_file_i.raddr_b_i[0] (net)
                  0.01    0.00    0.09 ^ _16524_/A (BUF_X4)
     9   23.60    0.02    0.03    0.12 ^ _16524_/Z (BUF_X4)
                                         _10708_ (net)
                  0.02    0.00    0.12 ^ _16525_/A (BUF_X4)
    10   38.00    0.02    0.04    0.16 ^ _16525_/Z (BUF_X4)
                                         _10709_ (net)
                  0.02    0.01    0.17 ^ _16526_/A (BUF_X2)
    10   51.15    0.06    0.08    0.25 ^ _16526_/Z (BUF_X2)
                                         _10710_ (net)
                  0.06    0.01    0.26 ^ _16527_/A (BUF_X2)
    19   48.63    0.06    0.08    0.34 ^ _16527_/Z (BUF_X2)
                                         _10711_ (net)
                  0.06    0.00    0.34 ^ _18242_/A (BUF_X2)
    10   19.53    0.02    0.05    0.39 ^ _18242_/Z (BUF_X2)
                                         _12359_ (net)
                  0.02    0.00    0.39 ^ _18263_/A (BUF_X2)
    10   35.69    0.04    0.06    0.45 ^ _18263_/Z (BUF_X2)
                                         _12380_ (net)
                  0.04    0.00    0.45 ^ _18264_/A (BUF_X2)
    10   28.03    0.03    0.06    0.51 ^ _18264_/Z (BUF_X2)
                                         _12381_ (net)
                  0.03    0.00    0.51 ^ _18458_/S (MUX2_X1)
     1    1.56    0.01    0.06    0.57 v _18458_/Z (MUX2_X1)
                                         _12567_ (net)
                  0.01    0.00    0.57 v _18462_/A (MUX2_X1)
     1    1.75    0.01    0.06    0.63 v _18462_/Z (MUX2_X1)
                                         _12571_ (net)
                  0.01    0.00    0.63 v _18470_/A (MUX2_X1)
     1    1.60    0.01    0.06    0.69 v _18470_/Z (MUX2_X1)
                                         _12579_ (net)
                  0.01    0.00    0.69 v _18471_/B1 (AOI21_X1)
     8   34.02    0.16    0.18    0.87 ^ _18471_/ZN (AOI21_X1)
                                         _12580_ (net)
                  0.16    0.02    0.89 ^ _20600_/A (MUX2_X1)
     7   17.93    0.04    0.10    0.99 ^ _20600_/Z (MUX2_X1)
                                         _03909_ (net)
                  0.04    0.00    0.99 ^ _20998_/A (BUF_X1)
    10   20.90    0.05    0.08    1.07 ^ _20998_/Z (BUF_X1)
                                         _04142_ (net)
                  0.05    0.00    1.07 ^ _21067_/A2 (NAND2_X1)
     1    3.61    0.02    0.03    1.09 v _21067_/ZN (NAND2_X1)
                                         _15009_ (net)
                  0.02    0.00    1.09 v _30197_/B (FA_X1)
     1    4.18    0.02    0.13    1.22 ^ _30197_/S (FA_X1)
                                         _15012_ (net)
                  0.02    0.00    1.22 ^ _30199_/A (FA_X1)
     1    4.43    0.02    0.09    1.31 v _30199_/S (FA_X1)
                                         _15020_ (net)
                  0.02    0.00    1.31 v _30202_/B (FA_X1)
     1    4.02    0.02    0.13    1.44 ^ _30202_/S (FA_X1)
                                         _15031_ (net)
                  0.02    0.00    1.44 ^ _30207_/A (FA_X1)
     1    3.85    0.02    0.09    1.53 v _30207_/S (FA_X1)
                                         _15049_ (net)
                  0.02    0.00    1.53 v _30211_/A (FA_X1)
     1    4.75    0.02    0.12    1.66 ^ _30211_/S (FA_X1)
                                         _15064_ (net)
                  0.02    0.00    1.66 ^ _30212_/A (FA_X1)
     1    1.75    0.01    0.09    1.74 v _30212_/S (FA_X1)
                                         _15067_ (net)
                  0.01    0.00    1.74 v _21502_/A (INV_X1)
     1    3.82    0.01    0.02    1.76 ^ _21502_/ZN (INV_X1)
                                         _16138_ (net)
                  0.01    0.00    1.76 ^ _30538_/A (HA_X1)
     1    1.12    0.02    0.04    1.81 ^ _30538_/S (HA_X1)
                                         _16141_ (net)
                  0.02    0.00    1.81 ^ _23588_/A (BUF_X1)
     5    8.82    0.02    0.04    1.85 ^ _23588_/Z (BUF_X1)
                                         _06098_ (net)
                  0.02    0.00    1.85 ^ _23632_/A2 (NAND3_X1)
     1    1.63    0.02    0.02    1.87 v _23632_/ZN (NAND3_X1)
                                         _06140_ (net)
                  0.02    0.00    1.87 v _23633_/A3 (NOR3_X1)
     2    3.92    0.04    0.07    1.94 ^ _23633_/ZN (NOR3_X1)
                                         _06141_ (net)
                  0.04    0.00    1.94 ^ _23682_/A2 (NOR2_X1)
     1    3.22    0.01    0.02    1.96 v _23682_/ZN (NOR2_X1)
                                         _06188_ (net)
                  0.01    0.00    1.96 v _23683_/B2 (AOI21_X2)
     5   12.77    0.04    0.06    2.02 ^ _23683_/ZN (AOI21_X2)
                                         _06189_ (net)
                  0.04    0.00    2.02 ^ _23908_/A3 (AND4_X1)
     2    3.73    0.02    0.07    2.09 ^ _23908_/ZN (AND4_X1)
                                         _06405_ (net)
                  0.02    0.00    2.09 ^ _23966_/A1 (NOR2_X1)
     1    4.63    0.01    0.02    2.11 v _23966_/ZN (NOR2_X1)
                                         _06461_ (net)
                  0.01    0.00    2.11 v _23969_/B2 (AOI221_X2)
     2    4.49    0.05    0.08    2.19 ^ _23969_/ZN (AOI221_X2)
                                         _06464_ (net)
                  0.05    0.00    2.19 ^ _23970_/B (XNOR2_X1)
     1    6.69    0.04    0.06    2.25 ^ _23970_/ZN (XNOR2_X1)
                                         _06465_ (net)
                  0.04    0.00    2.25 ^ _23971_/B (MUX2_X1)
     2    6.15    0.02    0.06    2.31 ^ _23971_/Z (MUX2_X1)
                                         _06466_ (net)
                  0.02    0.00    2.31 ^ _23972_/B2 (AOI221_X2)
     1    5.64    0.02    0.03    2.33 v _23972_/ZN (AOI221_X2)
                                         _06467_ (net)
                  0.02    0.00    2.33 v _23981_/A1 (NOR4_X2)
     4   14.46    0.09    0.11    2.44 ^ _23981_/ZN (NOR4_X2)
                                         _06476_ (net)
                  0.09    0.00    2.45 ^ _24666_/A (BUF_X2)
    10   19.24    0.02    0.05    2.50 ^ _24666_/Z (BUF_X2)
                                         _06841_ (net)
                  0.02    0.00    2.50 ^ _25108_/B2 (OAI21_X1)
     1    1.40    0.01    0.02    2.52 v _25108_/ZN (OAI21_X1)
                                         _01914_ (net)
                  0.01    0.00    2.52 v gen_regfile_ff.register_file_i.rf_reg_q[671]$_DFFE_PN0P_/D (DFFR_X1)
                                  2.52   data arrival time

                  0.00    2.20    2.20   clock core_clock (rise edge)
                          0.00    2.20   clock network delay (ideal)
                          0.00    2.20   clock reconvergence pessimism
                                  2.20 ^ gen_regfile_ff.register_file_i.rf_reg_q[671]$_DFFE_PN0P_/CK (DFFR_X1)
                         -0.04    2.16   library setup time
                                  2.16   data required time
-----------------------------------------------------------------------------
                                  2.16   data required time
                                 -2.52   data arrival time
-----------------------------------------------------------------------------
                                 -0.36   slack (VIOLATED)



==========================================================================
detailed place report_check_types -max_slew -max_cap -max_fanout -violators
--------------------------------------------------------------------------
max slew

Pin                                    Limit    Slew   Slack
------------------------------------------------------------
_20440_/ZN                              0.20    0.25   -0.06 (VIOLATED)
_20328_/ZN                              0.20    0.23   -0.03 (VIOLATED)
_22284_/ZN                              0.20    0.21   -0.01 (VIOLATED)
_22911_/ZN                              0.20    0.21   -0.01 (VIOLATED)
_26507_/ZN                              0.20    0.20   -0.01 (VIOLATED)
_22217_/ZN                              0.20    0.20   -0.01 (VIOLATED)

max capacitance

Pin                                    Limit     Cap   Slack
------------------------------------------------------------
_22284_/ZN                             23.23   42.29  -19.06 (VIOLATED)
_22217_/ZN                             23.23   40.49  -17.26 (VIOLATED)
_27512_/ZN                             23.23   39.20  -15.97 (VIOLATED)
_20328_/ZN                             16.02   31.91  -15.89 (VIOLATED)
_22344_/ZN                             23.23   39.01  -15.78 (VIOLATED)
_20440_/ZN                             10.47   25.09  -14.62 (VIOLATED)
_18977_/ZN                             26.02   40.20  -14.18 (VIOLATED)
_19924_/ZN                             25.33   39.16  -13.83 (VIOLATED)
_19553_/ZN                             26.02   39.27  -13.26 (VIOLATED)
_27504_/ZN                             23.23   36.33  -13.10 (VIOLATED)
_22176_/ZN                             23.23   36.23  -13.00 (VIOLATED)
_18417_/ZN                             26.02   38.81  -12.79 (VIOLATED)
_19183_/ZN                             26.70   39.48  -12.78 (VIOLATED)
_19731_/ZN                             26.02   38.72  -12.71 (VIOLATED)
_26507_/ZN                             13.01   24.64  -11.63 (VIOLATED)
_18429_/ZN                             26.02   37.64  -11.63 (VIOLATED)
_22133_/ZN                             23.23   34.29  -11.06 (VIOLATED)
_22073_/ZN                             23.23   34.25  -11.01 (VIOLATED)
_27522_/ZN                             23.23   34.23  -11.00 (VIOLATED)
_20319_/Z                              25.33   35.86  -10.53 (VIOLATED)
_18603_/ZN                             26.02   36.51  -10.49 (VIOLATED)
_19370_/ZN                             26.02   36.48  -10.47 (VIOLATED)
_18215_/ZN                             26.02   36.43  -10.42 (VIOLATED)
_24776_/ZN                             16.02   26.24  -10.22 (VIOLATED)
_22052_/ZN                             23.23   32.96   -9.73 (VIOLATED)
_18055_/ZN                             28.99   38.68   -9.69 (VIOLATED)
_22911_/ZN                             10.47   19.85   -9.38 (VIOLATED)
_22089_/ZN                             23.23   32.55   -9.32 (VIOLATED)
_17048_/Z                              25.33   34.58   -9.26 (VIOLATED)
_18471_/ZN                             25.33   34.02   -8.69 (VIOLATED)
_17534_/ZN                             13.81   22.48   -8.67 (VIOLATED)
_20318_/Z                              25.33   33.82   -8.49 (VIOLATED)
_18225_/ZN                             26.02   34.07   -8.05 (VIOLATED)
_25831_/ZN                             10.47   17.64   -7.17 (VIOLATED)
_18358_/ZN                             25.33   31.42   -6.09 (VIOLATED)
_18615_/ZN                             28.99   34.72   -5.73 (VIOLATED)
_20147_/ZN                             10.47   16.11   -5.64 (VIOLATED)
_18303_/ZN                             25.33   30.22   -4.89 (VIOLATED)
_20890_/ZN                             16.02   20.77   -4.75 (VIOLATED)
_22363_/ZN                             26.05   30.58   -4.52 (VIOLATED)
_18028_/ZN                             26.02   30.39   -4.37 (VIOLATED)
_23513_/ZN                             13.81   16.85   -3.04 (VIOLATED)
_17872_/ZN                             25.33   27.90   -2.57 (VIOLATED)
_20352_/ZN                             16.02   18.57   -2.55 (VIOLATED)
_19384_/ZN                             26.70   28.88   -2.18 (VIOLATED)
_17619_/ZN                             16.02   18.12   -2.10 (VIOLATED)
_27336_/ZN                             25.33   27.21   -1.88 (VIOLATED)
_17917_/ZN                             25.33   27.03   -1.70 (VIOLATED)
_17600_/ZN                             16.02   17.62   -1.59 (VIOLATED)
_20148_/ZN                             10.47   11.98   -1.51 (VIOLATED)
_19681_/ZN                             25.33   26.74   -1.41 (VIOLATED)
_19863_/ZN                             25.33   26.51   -1.18 (VIOLATED)
_22868_/ZN                             10.47   11.45   -0.98 (VIOLATED)
_22883_/ZN                             16.02   16.97   -0.95 (VIOLATED)
_28321_/ZN                             16.02   16.81   -0.79 (VIOLATED)
_21836_/ZN                             10.47   11.18   -0.71 (VIOLATED)
_19781_/ZN                             25.33   26.02   -0.69 (VIOLATED)
_26414_/ZN                             10.47   11.06   -0.59 (VIOLATED)
_18991_/ZN                             31.74   32.18   -0.44 (VIOLATED)
_23367_/ZN                             16.02   16.38   -0.36 (VIOLATED)
_19965_/ZN                             25.33   25.57   -0.24 (VIOLATED)
_17829_/ZN                             26.05   26.30   -0.24 (VIOLATED)


==========================================================================
detailed place max_slew_check_slack
--------------------------------------------------------------------------
-0.055417727679014206

==========================================================================
detailed place max_slew_check_limit
--------------------------------------------------------------------------
0.1985349953174591

==========================================================================
detailed place max_slew_check_slack_limit
--------------------------------------------------------------------------
-0.2791

==========================================================================
detailed place max_fanout_check_slack
--------------------------------------------------------------------------
1.0000000150474662e+30

==========================================================================
detailed place max_fanout_check_limit
--------------------------------------------------------------------------
1.0000000150474662e+30

==========================================================================
detailed place max_capacitance_check_slack
--------------------------------------------------------------------------
-19.056604385375977

==========================================================================
detailed place max_capacitance_check_limit
--------------------------------------------------------------------------
23.23150062561035

==========================================================================
detailed place max_capacitance_check_slack_limit
--------------------------------------------------------------------------
-0.8203

==========================================================================
detailed place max_slew_violation_count
--------------------------------------------------------------------------
max slew violation count 6

==========================================================================
detailed place max_fanout_violation_count
--------------------------------------------------------------------------
max fanout violation count 0

==========================================================================
detailed place max_cap_violation_count
--------------------------------------------------------------------------
max cap violation count 62

==========================================================================
detailed place setup_violation_count
--------------------------------------------------------------------------
setup violation count 1138

==========================================================================
detailed place hold_violation_count
--------------------------------------------------------------------------
hold violation count 505

==========================================================================
detailed place report_checks -path_delay max reg to reg
--------------------------------------------------------------------------
Startpoint: if_stage_i.instr_rdata_alu_id_o[20]$_DFFE_PN_
            (rising edge-triggered flip-flop clocked by core_clock)
Endpoint: gen_regfile_ff.register_file_i.rf_reg_q[671]$_DFFE_PN0P_
          (rising edge-triggered flip-flop clocked by core_clock)
Path Group: core_clock
Path Type: max

  Delay    Time   Description
---------------------------------------------------------
   0.00    0.00   clock core_clock (rise edge)
   0.00    0.00   clock network delay (ideal)
   0.00    0.00 ^ if_stage_i.instr_rdata_alu_id_o[20]$_DFFE_PN_/CK (DFF_X1)
   0.09    0.09 ^ if_stage_i.instr_rdata_alu_id_o[20]$_DFFE_PN_/Q (DFF_X1)
   0.03    0.12 ^ _16524_/Z (BUF_X4)
   0.04    0.16 ^ _16525_/Z (BUF_X4)
   0.09    0.25 ^ _16526_/Z (BUF_X2)
   0.09    0.34 ^ _16527_/Z (BUF_X2)
   0.05    0.39 ^ _18242_/Z (BUF_X2)
   0.06    0.45 ^ _18263_/Z (BUF_X2)
   0.06    0.51 ^ _18264_/Z (BUF_X2)
   0.07    0.57 v _18458_/Z (MUX2_X1)
   0.06    0.63 v _18462_/Z (MUX2_X1)
   0.06    0.69 v _18470_/Z (MUX2_X1)
   0.18    0.87 ^ _18471_/ZN (AOI21_X1)
   0.11    0.99 ^ _20600_/Z (MUX2_X1)
   0.08    1.07 ^ _20998_/Z (BUF_X1)
   0.03    1.09 v _21067_/ZN (NAND2_X1)
   0.13    1.22 ^ _30197_/S (FA_X1)
   0.09    1.31 v _30199_/S (FA_X1)
   0.13    1.44 ^ _30202_/S (FA_X1)
   0.09    1.53 v _30207_/S (FA_X1)
   0.12    1.66 ^ _30211_/S (FA_X1)
   0.09    1.74 v _30212_/S (FA_X1)
   0.02    1.76 ^ _21502_/ZN (INV_X1)
   0.04    1.81 ^ _30538_/S (HA_X1)
   0.04    1.85 ^ _23588_/Z (BUF_X1)
   0.02    1.87 v _23632_/ZN (NAND3_X1)
   0.07    1.94 ^ _23633_/ZN (NOR3_X1)
   0.02    1.96 v _23682_/ZN (NOR2_X1)
   0.06    2.02 ^ _23683_/ZN (AOI21_X2)
   0.07    2.09 ^ _23908_/ZN (AND4_X1)
   0.02    2.11 v _23966_/ZN (NOR2_X1)
   0.08    2.19 ^ _23969_/ZN (AOI221_X2)
   0.06    2.25 ^ _23970_/ZN (XNOR2_X1)
   0.06    2.31 ^ _23971_/Z (MUX2_X1)
   0.03    2.33 v _23972_/ZN (AOI221_X2)
   0.11    2.44 ^ _23981_/ZN (NOR4_X2)
   0.05    2.50 ^ _24666_/Z (BUF_X2)
   0.02    2.52 v _25108_/ZN (OAI21_X1)
   0.00    2.52 v gen_regfile_ff.register_file_i.rf_reg_q[671]$_DFFE_PN0P_/D (DFFR_X1)
           2.52   data arrival time

   2.20    2.20   clock core_clock (rise edge)
   0.00    2.20   clock network delay (ideal)
   0.00    2.20   clock reconvergence pessimism
           2.20 ^ gen_regfile_ff.register_file_i.rf_reg_q[671]$_DFFE_PN0P_/CK (DFFR_X1)
  -0.04    2.16   library setup time
           2.16   data required time
---------------------------------------------------------
           2.16   data required time
          -2.52   data arrival time
---------------------------------------------------------
          -0.36   slack (VIOLATED)



==========================================================================
detailed place report_checks -path_delay min reg to reg
--------------------------------------------------------------------------
Startpoint: load_store_unit_i.data_we_q$_DFFE_PN0P_
            (rising edge-triggered flip-flop clocked by core_clock)
Endpoint: id_stage_i.controller_i.store_err_q$_DFF_PN0_
          (rising edge-triggered flip-flop clocked by core_clock)
Path Group: core_clock
Path Type: min

  Delay    Time   Description
---------------------------------------------------------
   0.00    0.00   clock core_clock (rise edge)
   0.00    0.00   clock network delay (ideal)
   0.00    0.00 ^ load_store_unit_i.data_we_q$_DFFE_PN0P_/CK (DFFR_X1)
   0.07    0.07 ^ load_store_unit_i.data_we_q$_DFFE_PN0P_/QN (DFFR_X1)
   0.01    0.08 v _20134_/ZN (NOR3_X1)
   0.00    0.08 v id_stage_i.controller_i.store_err_q$_DFF_PN0_/D (DFFR_X1)
           0.08   data arrival time

   0.00    0.00   clock core_clock (rise edge)
   0.00    0.00   clock network delay (ideal)
   0.00    0.00   clock reconvergence pessimism
           0.00 ^ id_stage_i.controller_i.store_err_q$_DFF_PN0_/CK (DFFR_X1)
   0.00    0.00   library hold time
           0.00   data required time
---------------------------------------------------------
           0.00   data required time
          -0.08   data arrival time
---------------------------------------------------------
           0.08   slack (MET)



==========================================================================
detailed place critical path target clock latency max path
--------------------------------------------------------------------------
0.0000

==========================================================================
detailed place critical path target clock latency min path
--------------------------------------------------------------------------
0.0000

==========================================================================
detailed place critical path source clock latency min path
--------------------------------------------------------------------------
0.0000

==========================================================================
detailed place critical path delay
--------------------------------------------------------------------------
2.5184

==========================================================================
detailed place critical path slack
--------------------------------------------------------------------------
-0.3599

==========================================================================
detailed place slack div critical path delay
--------------------------------------------------------------------------
-14.290820

==========================================================================
detailed place report_power
--------------------------------------------------------------------------
Group                  Internal  Switching    Leakage      Total
                          Power      Power      Power      Power (Watts)
----------------------------------------------------------------
Sequential             1.11e-02   1.51e-03   1.56e-04   1.28e-02  16.3%
Combinational          2.99e-02   3.48e-02   4.29e-04   6.51e-02  83.2%
Clock                  1.63e-06   3.75e-04   2.97e-08   3.76e-04   0.5%
Macro                  0.00e+00   0.00e+00   0.00e+00   0.00e+00   0.0%
Pad                    0.00e+00   0.00e+00   0.00e+00   0.00e+00   0.0%
----------------------------------------------------------------
Total                  4.10e-02   3.67e-02   5.85e-04   7.83e-02 100.0%
                          52.3%      46.9%       0.7%
