OpenROAD v2.0-19576-gec1bf1a13 
Features included (+) or not (-): +GPU +GUI +Python : None
This program is licensed under the BSD-3 license. See the LICENSE file for details.
Components of this program may be licensed under more restrictive licenses which must be honored.
[INFO ORD-0030] Using 16 thread(s).
[INFO GPL-0002] DBU: 1000
[INFO GPL-0003] SiteSize: (  0.054  0.270 ) um
[INFO GPL-0004] CoreBBox: (  2.052  2.160 ) ( 67.230 54.000 ) um
[INFO GPL-0006] NumInstances:             19277
[INFO GPL-0007] NumPlaceInstances:        18699
[INFO GPL-0008] NumFixedInstances:          578
[INFO GPL-0009] NumDummyInstances:            0
[INFO GPL-0010] NumNets:                  19431
[INFO GPL-0011] NumPins:                  69487
[INFO GPL-0012] DieBBox:  (  0.000  0.000 ) ( 69.238 56.190 ) um
[INFO GPL-0013] CoreBBox: (  2.052  2.160 ) ( 67.230 54.000 ) um
[INFO GPL-0016] CoreArea:              3378.828 um^2
[INFO GPL-0017] NonPlaceInstsArea:       16.854 um^2
[INFO GPL-0018] PlaceInstsArea:        2323.206 um^2
[INFO GPL-0019] Util:                    69.102 %
[INFO GPL-0020] StdInstsArea:          2323.206 um^2
[INFO GPL-0021] MacroInstsArea:           0.000 um^2
[INFO GPL-0031] FillerInit:NumGCells:     27772
[INFO GPL-0032] FillerInit:NumGNets:      19431
[INFO GPL-0033] FillerInit:NumGPins:      69487
[INFO GPL-0023] TargetDensity:            1.000
[INFO GPL-0024] AvrgPlaceInstArea:        0.124 um^2
[INFO GPL-0025] IdealBinArea:             0.124 um^2
[INFO GPL-0026] IdealBinCnt:              27195
[INFO GPL-0027] TotalBinArea:          3378.828 um^2
[INFO GPL-0028] BinCnt:       128    128
[INFO GPL-0029] BinSize: (  0.510  0.405 )
[INFO GPL-0030] NumBins: 16384
Placement density is 0.8246148324012756, computed from PLACE_DENSITY_LB_ADDON 0.40 and lower bound 0.6910247206687927
global_placement -density 0.8246148324012756 -pad_left 0 -pad_right 0
[INFO GPL-0002] DBU: 1000
[INFO GPL-0003] SiteSize: (  0.054  0.270 ) um
[INFO GPL-0004] CoreBBox: (  2.052  2.160 ) ( 67.230 54.000 ) um
[INFO GPL-0006] NumInstances:             19277
[INFO GPL-0007] NumPlaceInstances:        18699
[INFO GPL-0008] NumFixedInstances:          578
[INFO GPL-0009] NumDummyInstances:            0
[INFO GPL-0010] NumNets:                  19431
[INFO GPL-0011] NumPins:                  69487
[INFO GPL-0012] DieBBox:  (  0.000  0.000 ) ( 69.238 56.190 ) um
[INFO GPL-0013] CoreBBox: (  2.052  2.160 ) ( 67.230 54.000 ) um
[INFO GPL-0016] CoreArea:              3378.828 um^2
[INFO GPL-0017] NonPlaceInstsArea:       16.854 um^2
[INFO GPL-0018] PlaceInstsArea:        2323.206 um^2
[INFO GPL-0019] Util:                    69.102 %
[INFO GPL-0020] StdInstsArea:          2323.206 um^2
[INFO GPL-0021] MacroInstsArea:           0.000 um^2
[InitialPlace]  Iter: 1 CG residual: 0.00012799 HPWL: 90569736
[InitialPlace]  Iter: 2 CG residual: 0.00000876 HPWL: 30382109
[InitialPlace]  Iter: 3 CG residual: 0.00000292 HPWL: 29980820
[InitialPlace]  Iter: 4 CG residual: 0.00000035 HPWL: 30016972
[InitialPlace]  Iter: 5 CG residual: 0.00000158 HPWL: 29843685
[INFO GPL-0031] FillerInit:NumGCells:     22622
[INFO GPL-0032] FillerInit:NumGNets:      19431
[INFO GPL-0033] FillerInit:NumGPins:      69487
[INFO GPL-0023] TargetDensity:            0.825
[INFO GPL-0024] AvrgPlaceInstArea:        0.124 um^2
[INFO GPL-0025] IdealBinArea:             0.151 um^2
[INFO GPL-0026] IdealBinCnt:              22425
[INFO GPL-0027] TotalBinArea:          3378.828 um^2
[INFO GPL-0028] BinCnt:       128    128
[INFO GPL-0029] BinSize: (  0.510  0.405 )
[INFO GPL-0030] NumBins: 16384
[NesterovSolve] Iter:    1 overflow: 0.969 HPWL: 24038685
[NesterovSolve] Iter:   10 overflow: 0.948 HPWL: 20399570
[NesterovSolve] Iter:   20 overflow: 0.936 HPWL: 22191470
[NesterovSolve] Iter:   30 overflow: 0.929 HPWL: 22939350
[NesterovSolve] Iter:   40 overflow: 0.925 HPWL: 23120030
[NesterovSolve] Iter:   50 overflow: 0.923 HPWL: 23187863
[NesterovSolve] Iter:   60 overflow: 0.922 HPWL: 23245832
[NesterovSolve] Iter:   70 overflow: 0.922 HPWL: 23324697
[NesterovSolve] Iter:   80 overflow: 0.922 HPWL: 23343378
[NesterovSolve] Iter:   90 overflow: 0.923 HPWL: 23298209
[NesterovSolve] Iter:  100 overflow: 0.923 HPWL: 23264567
[NesterovSolve] Iter:  110 overflow: 0.923 HPWL: 23351094
[NesterovSolve] Iter:  120 overflow: 0.922 HPWL: 23689802
[NesterovSolve] Iter:  130 overflow: 0.921 HPWL: 24413217
[NesterovSolve] Iter:  140 overflow: 0.917 HPWL: 25393379
[NesterovSolve] Iter:  150 overflow: 0.912 HPWL: 26628963
[NesterovSolve] Iter:  160 overflow: 0.906 HPWL: 28413292
[NesterovSolve] Iter:  170 overflow: 0.896 HPWL: 30834831
[NesterovSolve] Iter:  180 overflow: 0.882 HPWL: 33733550
[NesterovSolve] Iter:  190 overflow: 0.865 HPWL: 36844242
[NesterovSolve] Iter:  200 overflow: 0.841 HPWL: 40131422
[NesterovSolve] Iter:  210 overflow: 0.817 HPWL: 43504557
[NesterovSolve] Iter:  220 overflow: 0.786 HPWL: 46562616
[NesterovSolve] Iter:  230 overflow: 0.754 HPWL: 49867083
[NesterovSolve] Iter:  240 overflow: 0.718 HPWL: 53463388
[NesterovSolve] Iter:  250 overflow: 0.678 HPWL: 56220368
[NesterovSolve] Iter:  260 overflow: 0.631 HPWL: 59508159
[NesterovSolve] Iter:  270 overflow: 0.579 HPWL: 62137692
[NesterovSolve] Iter:  280 overflow: 0.517 HPWL: 65604365
[NesterovSolve] Iter:  290 overflow: 0.456 HPWL: 68894545
[NesterovSolve] Iter:  300 overflow: 0.404 HPWL: 70915590
[NesterovSolve] Iter:  310 overflow: 0.362 HPWL: 71764847
[NesterovSolve] Iter:  320 overflow: 0.321 HPWL: 73126798
[NesterovSolve] Iter:  330 overflow: 0.292 HPWL: 73428426
[NesterovSolve] Iter:  340 overflow: 0.259 HPWL: 73701810
[NesterovSolve] Iter:  350 overflow: 0.230 HPWL: 73873278
[NesterovSolve] Iter:  360 overflow: 0.202 HPWL: 73930646
[NesterovSolve] Iter:  370 overflow: 0.177 HPWL: 73988056
[NesterovSolve] Iter:  380 overflow: 0.155 HPWL: 74030090
[NesterovSolve] Iter:  390 overflow: 0.134 HPWL: 74063532
[NesterovSolve] Iter:  400 overflow: 0.117 HPWL: 74113370
[NesterovSolve] Iter:  410 overflow: 0.102 HPWL: 74140422
[NesterovSolve] Finished with Overflow: 0.098831
Took 9 seconds: global_placement -density 0.8246148324012756 -pad_left 0 -pad_right 0
Report metrics stage 3, global place...

==========================================================================
global place report_design_area
--------------------------------------------------------------------------
Design area 2323 u^2 69% utilization.
Elapsed time: 0:22.50[h:]min:sec. CPU time: user 160.48 sys 0.50 (715%). Peak memory: 307756KB.
