OpenROAD v2.0-19576-gec1bf1a13 
Features included (+) or not (-): +GPU +GUI +Python : None
This program is licensed under the BSD-3 license. See the LICENSE file for details.
Components of this program may be licensed under more restrictive licenses which must be honored.
[INFO ORD-0030] Using 16 thread(s).
[INFO GPL-0002] DBU: 2000
[INFO GPL-0003] SiteSize: (  0.190  1.400 ) um
[INFO GPL-0004] CoreBBox: (  1.140  1.400 ) ( 291.650 145.600 ) um
[INFO GPL-0006] NumInstances:             16406
[INFO GPL-0007] NumPlaceInstances:        16095
[INFO GPL-0008] NumFixedInstances:          311
[INFO GPL-0009] NumDummyInstances:            0
[INFO GPL-0010] NumNets:                  18758
[INFO GPL-0011] NumPins:                  60707
[INFO GPL-0012] DieBBox:  (  0.000  0.000 ) ( 292.825 147.410 ) um
[INFO GPL-0013] CoreBBox: (  1.140  1.400 ) ( 291.650 145.600 ) um
[INFO GPL-0016] CoreArea:             41891.542 um^2
[INFO GPL-0017] NonPlaceInstsArea:       82.726 um^2
[INFO GPL-0018] PlaceInstsArea:       28787.052 um^2
[INFO GPL-0019] Util:                    68.854 %
[INFO GPL-0020] StdInstsArea:         28787.052 um^2
[INFO GPL-0021] MacroInstsArea:           0.000 um^2
[INFO GPL-0031] FillerInit:NumGCells:     23934
[INFO GPL-0032] FillerInit:NumGNets:      18758
[INFO GPL-0033] FillerInit:NumGPins:      60707
[INFO GPL-0023] TargetDensity:            1.000
[INFO GPL-0024] AvrgPlaceInstArea:        1.789 um^2
[INFO GPL-0025] IdealBinArea:             1.789 um^2
[INFO GPL-0026] IdealBinCnt:              23421
[INFO GPL-0027] TotalBinArea:         41891.542 um^2
[INFO GPL-0028] BinCnt:       128     64
[INFO GPL-0029] BinSize: (  2.270  2.253 )
[INFO GPL-0030] NumBins: 8192
Placement density is 0.760832223892212, computed from PLACE_DENSITY_LB_ADDON 0.20 and lower bound 0.6885402798652649
global_placement -density 0.760832223892212 -pad_left 0 -pad_right 0
[INFO GPL-0002] DBU: 2000
[INFO GPL-0003] SiteSize: (  0.190  1.400 ) um
[INFO GPL-0004] CoreBBox: (  1.140  1.400 ) ( 291.650 145.600 ) um
[INFO GPL-0006] NumInstances:             16406
[INFO GPL-0007] NumPlaceInstances:        16095
[INFO GPL-0008] NumFixedInstances:          311
[INFO GPL-0009] NumDummyInstances:            0
[INFO GPL-0010] NumNets:                  18758
[INFO GPL-0011] NumPins:                  60707
[INFO GPL-0012] DieBBox:  (  0.000  0.000 ) ( 292.825 147.410 ) um
[INFO GPL-0013] CoreBBox: (  1.140  1.400 ) ( 291.650 145.600 ) um
[INFO GPL-0016] CoreArea:             41891.542 um^2
[INFO GPL-0017] NonPlaceInstsArea:       82.726 um^2
[INFO GPL-0018] PlaceInstsArea:       28787.052 um^2
[INFO GPL-0019] Util:                    68.854 %
[INFO GPL-0020] StdInstsArea:         28787.052 um^2
[INFO GPL-0021] MacroInstsArea:           0.000 um^2
[InitialPlace]  Iter: 1 CG residual: 0.00066360 HPWL: 542628264
[InitialPlace]  Iter: 2 CG residual: 0.01096402 HPWL: 201909696
[InitialPlace]  Iter: 3 CG residual: 0.00004081 HPWL: 201727962
[InitialPlace]  Iter: 4 CG residual: 0.00000769 HPWL: 198816725
[InitialPlace]  Iter: 5 CG residual: 0.00001025 HPWL: 197063779
[InitialPlace]  Iter: 6 CG residual: 0.00001242 HPWL: 196412969
[InitialPlace]  Iter: 7 CG residual: 0.00000467 HPWL: 195583874
[INFO GPL-0031] FillerInit:NumGCells:     17914
[INFO GPL-0032] FillerInit:NumGNets:      18758
[INFO GPL-0033] FillerInit:NumGPins:      60707
[INFO GPL-0023] TargetDensity:            0.761
[INFO GPL-0024] AvrgPlaceInstArea:        1.789 um^2
[INFO GPL-0025] IdealBinArea:             2.351 um^2
[INFO GPL-0026] IdealBinCnt:              17820
[INFO GPL-0027] TotalBinArea:         41891.542 um^2
[INFO GPL-0028] BinCnt:       128     64
[INFO GPL-0029] BinSize: (  2.270  2.253 )
[INFO GPL-0030] NumBins: 8192
[NesterovSolve] Iter:    1 overflow: 0.984 HPWL: 113972242
[NesterovSolve] Iter:   10 overflow: 0.953 HPWL: 130361925
[NesterovSolve] Iter:   20 overflow: 0.935 HPWL: 144470644
[NesterovSolve] Iter:   30 overflow: 0.930 HPWL: 147530687
[NesterovSolve] Iter:   40 overflow: 0.928 HPWL: 149140226
[NesterovSolve] Iter:   50 overflow: 0.927 HPWL: 149344351
[NesterovSolve] Iter:   60 overflow: 0.926 HPWL: 149197085
[NesterovSolve] Iter:   70 overflow: 0.926 HPWL: 149548456
[NesterovSolve] Iter:   80 overflow: 0.925 HPWL: 149557340
[NesterovSolve] Iter:   90 overflow: 0.926 HPWL: 149131005
[NesterovSolve] Iter:  100 overflow: 0.927 HPWL: 148524937
[NesterovSolve] Iter:  110 overflow: 0.927 HPWL: 148046129
[NesterovSolve] Iter:  120 overflow: 0.927 HPWL: 147905691
[NesterovSolve] Iter:  130 overflow: 0.927 HPWL: 148196752
[NesterovSolve] Iter:  140 overflow: 0.926 HPWL: 149116212
[NesterovSolve] Iter:  150 overflow: 0.925 HPWL: 151157229
[NesterovSolve] Iter:  160 overflow: 0.923 HPWL: 154946048
[NesterovSolve] Iter:  170 overflow: 0.920 HPWL: 161698881
[NesterovSolve] Iter:  180 overflow: 0.914 HPWL: 170622086
[NesterovSolve] Iter:  190 overflow: 0.906 HPWL: 181437204
[NesterovSolve] Iter:  200 overflow: 0.895 HPWL: 195753588
[NesterovSolve] Iter:  210 overflow: 0.879 HPWL: 213727186
[NesterovSolve] Iter:  220 overflow: 0.857 HPWL: 234041332
[NesterovSolve] Iter:  230 overflow: 0.832 HPWL: 255166109
[NesterovSolve] Iter:  240 overflow: 0.804 HPWL: 279846701
[NesterovSolve] Iter:  250 overflow: 0.774 HPWL: 302721142
[NesterovSolve] Iter:  260 overflow: 0.742 HPWL: 319399925
[NesterovSolve] Iter:  270 overflow: 0.706 HPWL: 333845610
[NesterovSolve] Iter:  280 overflow: 0.668 HPWL: 348100084
[NesterovSolve] Iter:  290 overflow: 0.623 HPWL: 359186024
[NesterovSolve] Iter:  300 overflow: 0.573 HPWL: 372107624
[NesterovSolve] Iter:  310 overflow: 0.522 HPWL: 384372176
[NesterovSolve] Iter:  320 overflow: 0.469 HPWL: 392561790
[NesterovSolve] Iter:  330 overflow: 0.420 HPWL: 399698026
[NesterovSolve] Iter:  340 overflow: 0.373 HPWL: 408185019
[NesterovSolve] Iter:  350 overflow: 0.329 HPWL: 411363512
[NesterovSolve] Iter:  360 overflow: 0.298 HPWL: 414207246
[NesterovSolve] Iter:  370 overflow: 0.265 HPWL: 416535652
[NesterovSolve] Iter:  380 overflow: 0.231 HPWL: 418710847
[NesterovSolve] Iter:  390 overflow: 0.200 HPWL: 420377529
[NesterovSolve] Iter:  400 overflow: 0.173 HPWL: 421798485
[NesterovSolve] Iter:  410 overflow: 0.148 HPWL: 422983784
[NesterovSolve] Iter:  420 overflow: 0.126 HPWL: 423839780
[NesterovSolve] Iter:  430 overflow: 0.107 HPWL: 424668005
[NesterovSolve] Finished with Overflow: 0.099605
Took 5 seconds: global_placement -density 0.760832223892212 -pad_left 0 -pad_right 0
Report metrics stage 3, global place...

==========================================================================
global place report_design_area
--------------------------------------------------------------------------
Design area 28787 u^2 69% utilization.
Elapsed time: 0:16.25[h:]min:sec. CPU time: user 97.42 sys 0.75 (604%). Peak memory: 204948KB.
