OpenROAD v2.0-19576-gec1bf1a13 
Features included (+) or not (-): +GPU +GUI +Python : None
This program is licensed under the BSD-3 license. See the LICENSE file for details.
Components of this program may be licensed under more restrictive licenses which must be honored.
[INFO ORD-0030] Using 16 thread(s).
[INFO GPL-0002] DBU: 2000
[INFO GPL-0003] SiteSize: (  0.190  1.400 ) um
[INFO GPL-0004] CoreBBox: (  1.140  1.400 ) ( 243.580 194.600 ) um
[INFO GPL-0006] NumInstances:             16511
[INFO GPL-0007] NumPlaceInstances:        16095
[INFO GPL-0008] NumFixedInstances:          416
[INFO GPL-0009] NumDummyInstances:            0
[INFO GPL-0010] NumNets:                  18758
[INFO GPL-0011] NumPins:                  60707
[INFO GPL-0012] DieBBox:  (  0.000  0.000 ) ( 244.750 196.200 ) um
[INFO GPL-0013] CoreBBox: (  1.140  1.400 ) ( 243.580 194.600 ) um
[INFO GPL-0016] CoreArea:             46839.408 um^2
[INFO GPL-0017] NonPlaceInstsArea:      110.656 um^2
[INFO GPL-0018] PlaceInstsArea:       28787.052 um^2
[INFO GPL-0019] Util:                    61.605 %
[INFO GPL-0020] StdInstsArea:         28787.052 um^2
[INFO GPL-0021] MacroInstsArea:           0.000 um^2
[INFO GPL-0031] FillerInit:NumGCells:     26896
[INFO GPL-0032] FillerInit:NumGNets:      18758
[INFO GPL-0033] FillerInit:NumGPins:      60707
[INFO GPL-0023] TargetDensity:            1.000
[INFO GPL-0024] AvrgPlaceInstArea:        1.789 um^2
[INFO GPL-0025] IdealBinArea:             1.789 um^2
[INFO GPL-0026] IdealBinCnt:              26188
[INFO GPL-0027] TotalBinArea:         46839.408 um^2
[INFO GPL-0028] BinCnt:       128    128
[INFO GPL-0029] BinSize: (  1.895  1.510 )
[INFO GPL-0030] NumBins: 16384
Placement density is 0.8180229163169861, computed from PLACE_DENSITY_LB_ADDON 0.50 and lower bound 0.6160458326339722
global_placement -density 0.8180229163169861 -pad_left 0 -pad_right 0
[INFO GPL-0002] DBU: 2000
[INFO GPL-0003] SiteSize: (  0.190  1.400 ) um
[INFO GPL-0004] CoreBBox: (  1.140  1.400 ) ( 243.580 194.600 ) um
[INFO GPL-0006] NumInstances:             16511
[INFO GPL-0007] NumPlaceInstances:        16095
[INFO GPL-0008] NumFixedInstances:          416
[INFO GPL-0009] NumDummyInstances:            0
[INFO GPL-0010] NumNets:                  18758
[INFO GPL-0011] NumPins:                  60707
[INFO GPL-0012] DieBBox:  (  0.000  0.000 ) ( 244.750 196.200 ) um
[INFO GPL-0013] CoreBBox: (  1.140  1.400 ) ( 243.580 194.600 ) um
[INFO GPL-0016] CoreArea:             46839.408 um^2
[INFO GPL-0017] NonPlaceInstsArea:      110.656 um^2
[INFO GPL-0018] PlaceInstsArea:       28787.052 um^2
[INFO GPL-0019] Util:                    61.605 %
[INFO GPL-0020] StdInstsArea:         28787.052 um^2
[INFO GPL-0021] MacroInstsArea:           0.000 um^2
[InitialPlace]  Iter: 1 CG residual: 0.00779273 HPWL: 232169900
[InitialPlace]  Iter: 2 CG residual: 0.00084488 HPWL: 190983351
[InitialPlace]  Iter: 3 CG residual: 0.00007274 HPWL: 182350951
[InitialPlace]  Iter: 4 CG residual: 0.00003754 HPWL: 179350170
[InitialPlace]  Iter: 5 CG residual: 0.00001130 HPWL: 177963536
[InitialPlace]  Iter: 6 CG residual: 0.00000710 HPWL: 177652560
[INFO GPL-0031] FillerInit:NumGCells:     21776
[INFO GPL-0032] FillerInit:NumGNets:      18758
[INFO GPL-0033] FillerInit:NumGPins:      60707
[INFO GPL-0023] TargetDensity:            0.818
[INFO GPL-0024] AvrgPlaceInstArea:        1.789 um^2
[INFO GPL-0025] IdealBinArea:             2.186 um^2
[INFO GPL-0026] IdealBinCnt:              21422
[INFO GPL-0027] TotalBinArea:         46839.408 um^2
[INFO GPL-0028] BinCnt:       128    128
[INFO GPL-0029] BinSize: (  1.895  1.510 )
[INFO GPL-0030] NumBins: 16384
[NesterovSolve] Iter:    1 overflow: 0.994 HPWL: 77730783
[NesterovSolve] Iter:   10 overflow: 0.976 HPWL: 94763388
[NesterovSolve] Iter:   20 overflow: 0.964 HPWL: 105857033
[NesterovSolve] Iter:   30 overflow: 0.957 HPWL: 111931345
[NesterovSolve] Iter:   40 overflow: 0.954 HPWL: 117570528
[NesterovSolve] Iter:   50 overflow: 0.952 HPWL: 122363179
[NesterovSolve] Iter:   60 overflow: 0.953 HPWL: 124986804
[NesterovSolve] Iter:   70 overflow: 0.953 HPWL: 125488758
[NesterovSolve] Iter:   80 overflow: 0.953 HPWL: 124104224
[NesterovSolve] Iter:   90 overflow: 0.954 HPWL: 122307321
[NesterovSolve] Iter:  100 overflow: 0.955 HPWL: 121285639
[NesterovSolve] Iter:  110 overflow: 0.956 HPWL: 121219138
[NesterovSolve] Iter:  120 overflow: 0.957 HPWL: 121785351
[NesterovSolve] Iter:  130 overflow: 0.957 HPWL: 122488113
[NesterovSolve] Iter:  140 overflow: 0.957 HPWL: 123258463
[NesterovSolve] Iter:  150 overflow: 0.957 HPWL: 124252222
[NesterovSolve] Iter:  160 overflow: 0.956 HPWL: 125578894
[NesterovSolve] Iter:  170 overflow: 0.955 HPWL: 127586340
[NesterovSolve] Iter:  180 overflow: 0.954 HPWL: 130985653
[NesterovSolve] Iter:  190 overflow: 0.951 HPWL: 136630129
[NesterovSolve] Iter:  200 overflow: 0.947 HPWL: 144432402
[NesterovSolve] Iter:  210 overflow: 0.941 HPWL: 154682411
[NesterovSolve] Iter:  220 overflow: 0.932 HPWL: 168261314
[NesterovSolve] Iter:  230 overflow: 0.920 HPWL: 185282923
[NesterovSolve] Iter:  240 overflow: 0.906 HPWL: 204788835
[NesterovSolve] Iter:  250 overflow: 0.886 HPWL: 225111358
[NesterovSolve] Iter:  260 overflow: 0.864 HPWL: 246559292
[NesterovSolve] Iter:  270 overflow: 0.838 HPWL: 271590741
[NesterovSolve] Iter:  280 overflow: 0.808 HPWL: 295678165
[NesterovSolve] Iter:  290 overflow: 0.773 HPWL: 316022163
[NesterovSolve] Iter:  300 overflow: 0.738 HPWL: 339996542
[NesterovSolve] Iter:  310 overflow: 0.697 HPWL: 355359275
[NesterovSolve] Iter:  320 overflow: 0.652 HPWL: 371823601
[NesterovSolve] Iter:  330 overflow: 0.605 HPWL: 381172873
[NesterovSolve] Iter:  340 overflow: 0.556 HPWL: 394006689
[NesterovSolve] Iter:  350 overflow: 0.510 HPWL: 402974690
[NesterovSolve] Iter:  360 overflow: 0.465 HPWL: 408932689
[NesterovSolve] Iter:  370 overflow: 0.412 HPWL: 415050240
[NesterovSolve] Iter:  380 overflow: 0.367 HPWL: 421501718
[NesterovSolve] Iter:  390 overflow: 0.328 HPWL: 424693935
[NesterovSolve] Iter:  400 overflow: 0.292 HPWL: 426197022
[NesterovSolve] Iter:  410 overflow: 0.258 HPWL: 428228887
[NesterovSolve] Iter:  420 overflow: 0.226 HPWL: 429995658
[NesterovSolve] Iter:  430 overflow: 0.197 HPWL: 431374350
[NesterovSolve] Iter:  440 overflow: 0.171 HPWL: 432552335
[NesterovSolve] Iter:  450 overflow: 0.147 HPWL: 433710067
[NesterovSolve] Iter:  460 overflow: 0.127 HPWL: 434679175
[NesterovSolve] Iter:  470 overflow: 0.110 HPWL: 435528339
[NesterovSolve] Finished with Overflow: 0.098423
Took 863 seconds: global_placement -density 0.8180229163169861 -pad_left 0 -pad_right 0
Report metrics stage 3, global place...

==========================================================================
global place report_design_area
--------------------------------------------------------------------------
Design area 28787 u^2 61% utilization.
Elapsed time: 14:50.91[h:]min:sec. CPU time: user 1786.87 sys 6.30 (201%). Peak memory: 198760KB.
