
==========================================================================
global place report_tns
--------------------------------------------------------------------------
tns -37402.68

==========================================================================
global place report_wns
--------------------------------------------------------------------------
wns -211.66

==========================================================================
global place report_worst_slack
--------------------------------------------------------------------------
worst slack -211.66

==========================================================================
global place report_checks -path_delay min
--------------------------------------------------------------------------
Startpoint: rst_ni (input port clocked by core_clock)
Endpoint: gen_regfile_ff.register_file_i.rf_reg_q[310]$_DFFE_PN0P_
          (removal check against rising-edge clock core_clock)
Path Group: asynchronous
Path Type: min

Fanout     Cap    Slew   Delay    Time   Description
-----------------------------------------------------------------------------
                  0.00    0.00    0.00   clock core_clock (rise edge)
                          0.00    0.00   clock network delay (ideal)
                        252.00  252.00 ^ input external delay
    63   72.11    0.00    0.00  252.00 ^ rst_ni (in)
                                         rst_ni (net)
                 50.03   15.78  267.78 ^ gen_regfile_ff.register_file_i.rf_reg_q[310]$_DFFE_PN0P_/SETN (DFFASRHQNx1_ASAP7_75t_R)
                                267.78   data arrival time

                  0.00    0.00    0.00   clock core_clock (rise edge)
                          0.00    0.00   clock network delay (ideal)
                          0.00    0.00   clock reconvergence pessimism
                                  0.00 ^ gen_regfile_ff.register_file_i.rf_reg_q[310]$_DFFE_PN0P_/CLK (DFFASRHQNx1_ASAP7_75t_R)
                         11.13   11.13   library removal time
                                 11.13   data required time
-----------------------------------------------------------------------------
                                 11.13   data required time
                               -267.78   data arrival time
-----------------------------------------------------------------------------
                                256.65   slack (MET)


Startpoint: core_clock_gate_i.en_latch$_DLATCH_N_
            (negative level-sensitive latch clocked by core_clock)
Endpoint: _35046_ (rising clock gating-check end-point clocked by core_clock)
Path Group: gated clock
Path Type: min

Fanout     Cap    Slew   Delay    Time   Description
-----------------------------------------------------------------------------
                  0.00  630.00  630.00   clock core_clock (fall edge)
                          0.00  630.00   clock network delay (ideal)
                  0.00    0.00  630.00 v core_clock_gate_i.en_latch$_DLATCH_N_/CLK (DLLx1_ASAP7_75t_R)
     1    0.34    6.17   17.33  647.33 ^ core_clock_gate_i.en_latch$_DLATCH_N_/Q (DLLx1_ASAP7_75t_R)
                                         core_clock_gate_i.en_latch (net)
                  6.17    0.00  647.34 ^ _35046_/B (AND2x2_ASAP7_75t_R)
                                647.34   data arrival time

                  0.00  630.00  630.00   clock core_clock (fall edge)
                          0.00  630.00   clock network delay (ideal)
                          0.00  630.00   clock reconvergence pessimism
                                630.00 v _35046_/A (AND2x2_ASAP7_75t_R)
                          0.00  630.00   clock gating hold time
                                630.00   data required time
-----------------------------------------------------------------------------
                                630.00   data required time
                               -647.34   data arrival time
-----------------------------------------------------------------------------
                                 17.34   slack (MET)


Startpoint: cs_registers_i.u_mstack_epc_csr.rdata_q[2]$_DFFE_PN0P_
            (rising edge-triggered flip-flop clocked by core_clock)
Endpoint: cs_registers_i.u_mstack_epc_csr.rdata_q[2]$_DFFE_PN0P_
          (rising edge-triggered flip-flop clocked by core_clock)
Path Group: core_clock
Path Type: min

Fanout     Cap    Slew   Delay    Time   Description
-----------------------------------------------------------------------------
                  0.00    0.00    0.00   clock core_clock (rise edge)
                          0.00    0.00   clock network delay (ideal)
                  0.00    0.00    0.00 ^ cs_registers_i.u_mstack_epc_csr.rdata_q[2]$_DFFE_PN0P_/CLK (DFFASRHQNx1_ASAP7_75t_R)
     2    1.28   17.06   38.15   38.15 ^ cs_registers_i.u_mstack_epc_csr.rdata_q[2]$_DFFE_PN0P_/QN (DFFASRHQNx1_ASAP7_75t_R)
                                         _01865_ (net)
                 17.06    0.02   38.17 ^ _27544_/A1 (AOI21x1_ASAP7_75t_R)
     1    0.58    5.29    8.61   46.78 v _27544_/Y (AOI21x1_ASAP7_75t_R)
                                         _02715_ (net)
                  5.29    0.00   46.79 v cs_registers_i.u_mstack_epc_csr.rdata_q[2]$_DFFE_PN0P_/D (DFFASRHQNx1_ASAP7_75t_R)
                                 46.79   data arrival time

                  0.00    0.00    0.00   clock core_clock (rise edge)
                          0.00    0.00   clock network delay (ideal)
                          0.00    0.00   clock reconvergence pessimism
                                  0.00 ^ cs_registers_i.u_mstack_epc_csr.rdata_q[2]$_DFFE_PN0P_/CLK (DFFASRHQNx1_ASAP7_75t_R)
                          9.38    9.38   library hold time
                                  9.38   data required time
-----------------------------------------------------------------------------
                                  9.38   data required time
                                -46.79   data arrival time
-----------------------------------------------------------------------------
                                 37.41   slack (MET)



==========================================================================
global place report_checks -path_delay max
--------------------------------------------------------------------------
Startpoint: rst_ni (input port clocked by core_clock)
Endpoint: id_stage_i.controller_i.nmi_mode_q$_DFFE_PN0P_
          (recovery check against rising-edge clock core_clock)
Path Group: asynchronous
Path Type: max

Fanout     Cap    Slew   Delay    Time   Description
-----------------------------------------------------------------------------
                  0.00    0.00    0.00   clock core_clock (rise edge)
                          0.00    0.00   clock network delay (ideal)
                        252.00  252.00 ^ input external delay
    63   89.17    0.00    0.00  252.00 ^ rst_ni (in)
                                         rst_ni (net)
                 64.00   20.19  272.19 ^ load_slew40/A (BUFx16f_ASAP7_75t_R)
    69   89.55   51.49   40.83  313.02 ^ load_slew40/Y (BUFx16f_ASAP7_75t_R)
                                         net62 (net)
                 51.63    1.67  314.69 ^ load_slew38/A (BUFx24_ASAP7_75t_R)
    84  110.09   52.33   40.74  355.43 ^ load_slew38/Y (BUFx24_ASAP7_75t_R)
                                         net60 (net)
                 65.05   12.78  368.20 ^ load_slew37/A (BUFx16f_ASAP7_75t_R)
    65   88.19   51.80   39.03  407.23 ^ load_slew37/Y (BUFx16f_ASAP7_75t_R)
                                         net59 (net)
                 62.25   12.11  419.34 ^ load_slew36/A (BUFx24_ASAP7_75t_R)
    82  109.80   53.69   41.09  460.43 ^ load_slew36/Y (BUFx24_ASAP7_75t_R)
                                         net58 (net)
                 87.23   22.80  483.23 ^ load_slew35/A (BUFx24_ASAP7_75t_R)
    80  108.90   54.96   46.98  530.22 ^ load_slew35/Y (BUFx24_ASAP7_75t_R)
                                         net57 (net)
                 72.06   15.82  546.03 ^ load_slew34/A (BUFx16f_ASAP7_75t_R)
    74   99.61   57.30   43.09  589.12 ^ load_slew34/Y (BUFx16f_ASAP7_75t_R)
                                         net56 (net)
                 60.63    7.39  596.51 ^ load_slew33/A (BUFx24_ASAP7_75t_R)
    82  105.89   51.04   40.24  636.75 ^ load_slew33/Y (BUFx24_ASAP7_75t_R)
                                         net55 (net)
                 89.08   24.02  660.77 ^ load_slew31/A (BUFx16f_ASAP7_75t_R)
    77   98.62   57.72   41.09  701.86 ^ load_slew31/Y (BUFx16f_ASAP7_75t_R)
                                         net53 (net)
                 75.81   16.86  718.72 ^ id_stage_i.controller_i.nmi_mode_q$_DFFE_PN0P_/SETN (DFFASRHQNx1_ASAP7_75t_R)
                                718.72   data arrival time

                  0.00 1260.00 1260.00   clock core_clock (rise edge)
                          0.00 1260.00   clock network delay (ideal)
                          0.00 1260.00   clock reconvergence pessimism
                               1260.00 ^ id_stage_i.controller_i.nmi_mode_q$_DFFE_PN0P_/CLK (DFFASRHQNx1_ASAP7_75t_R)
                         -6.44 1253.56   library recovery time
                               1253.56   data required time
-----------------------------------------------------------------------------
                               1253.56   data required time
                               -718.72   data arrival time
-----------------------------------------------------------------------------
                                534.84   slack (MET)


Startpoint: core_clock_gate_i.en_latch$_DLATCH_N_
            (negative level-sensitive latch clocked by core_clock)
Endpoint: _35046_ (rising clock gating-check end-point clocked by core_clock)
Path Group: gated clock
Path Type: max

Fanout     Cap    Slew   Delay    Time   Description
-----------------------------------------------------------------------------
                  0.00  630.00  630.00   clock core_clock (fall edge)
                          0.00  630.00   clock network delay (ideal)
                  0.00    0.00  630.00 v core_clock_gate_i.en_latch$_DLATCH_N_/CLK (DLLx1_ASAP7_75t_R)
     1    0.58    7.44   27.23  657.23 v core_clock_gate_i.en_latch$_DLATCH_N_/Q (DLLx1_ASAP7_75t_R)
                                         core_clock_gate_i.en_latch (net)
                  7.44    0.00  657.23 v _35046_/B (AND2x2_ASAP7_75t_R)
                                657.23   data arrival time

                  0.00 1260.00 1260.00   clock core_clock (rise edge)
                          0.00 1260.00   clock network delay (ideal)
                          0.00 1260.00   clock reconvergence pessimism
                               1260.00 ^ _35046_/A (AND2x2_ASAP7_75t_R)
                          0.00 1260.00   clock gating setup time
                               1260.00   data required time
-----------------------------------------------------------------------------
                               1260.00   data required time
                               -657.23   data arrival time
-----------------------------------------------------------------------------
                                602.77   slack (MET)


Startpoint: if_stage_i.instr_rdata_alu_id_o[20]$_DFFE_PN_
            (rising edge-triggered flip-flop clocked by core_clock)
Endpoint: gen_regfile_ff.register_file_i.rf_reg_q[383]$_DFFE_PN0P_
          (rising edge-triggered flip-flop clocked by core_clock)
Path Group: core_clock
Path Type: max

Fanout     Cap    Slew   Delay    Time   Description
-----------------------------------------------------------------------------
                  0.00    0.00    0.00   clock core_clock (rise edge)
                          0.00    0.00   clock network delay (ideal)
                  0.00    0.00    0.00 ^ if_stage_i.instr_rdata_alu_id_o[20]$_DFFE_PN_/CLK (DFFHQNx2_ASAP7_75t_R)
     6    5.49   28.54   47.15   47.15 ^ if_stage_i.instr_rdata_alu_id_o[20]$_DFFE_PN_/QN (DFFHQNx2_ASAP7_75t_R)
                                         _00368_ (net)
                 28.54    0.15   47.30 ^ _19195_/A (INVx2_ASAP7_75t_R)
     4    3.13   14.33   11.43   58.73 v _19195_/Y (INVx2_ASAP7_75t_R)
                                         _13466_ (net)
                 14.33    0.00   58.74 v _19196_/A (BUFx3_ASAP7_75t_R)
     6    5.01   12.08   18.62   77.36 v _19196_/Y (BUFx3_ASAP7_75t_R)
                                         _13467_ (net)
                 12.09    0.24   77.60 v _19197_/A (BUFx3_ASAP7_75t_R)
     6    6.20   13.85   19.02   96.62 v _19197_/Y (BUFx3_ASAP7_75t_R)
                                         _13468_ (net)
                 13.86    0.22   96.84 v _19198_/A (BUFx6f_ASAP7_75t_R)
     6    9.43   12.55   17.37  114.21 v _19198_/Y (BUFx6f_ASAP7_75t_R)
                                         _13469_ (net)
                 13.62    1.93  116.14 v _19199_/A (BUFx6f_ASAP7_75t_R)
     6    8.16   11.28   16.76  132.90 v _19199_/Y (BUFx6f_ASAP7_75t_R)
                                         _13470_ (net)
                 12.23    1.72  134.62 v _21321_/A (BUFx12f_ASAP7_75t_R)
     6    9.48    9.61   14.82  149.44 v _21321_/Y (BUFx12f_ASAP7_75t_R)
                                         _15518_ (net)
                 11.40    2.15  151.59 v clone18/A (BUFx2_ASAP7_75t_R)
     6    4.85   15.84   20.17  171.75 v clone18/Y (BUFx2_ASAP7_75t_R)
                                         net18 (net)
                 15.86    0.33  172.09 v _21567_/A (BUFx3_ASAP7_75t_R)
     5    4.85   12.04   18.89  190.98 v _21567_/Y (BUFx3_ASAP7_75t_R)
                                         _15758_ (net)
                 12.09    0.43  191.42 v _22371_/C (OA211x2_ASAP7_75t_R)
     1    0.67    9.19   27.80  219.21 v _22371_/Y (OA211x2_ASAP7_75t_R)
                                         _16538_ (net)
                  9.19    0.01  219.22 v _22376_/B (OR3x2_ASAP7_75t_R)
     1    2.77   15.92   32.36  251.58 v _22376_/Y (OR3x2_ASAP7_75t_R)
                                         _16543_ (net)
                 16.02    0.68  252.26 v _22377_/B (OA21x2_ASAP7_75t_R)
     1    0.66    6.20   14.85  267.12 v _22377_/Y (OA21x2_ASAP7_75t_R)
                                         _16544_ (net)
                  6.20    0.00  267.12 v _22393_/A2 (AO21x1_ASAP7_75t_R)
     1    1.12    9.15   15.06  282.18 v _22393_/Y (AO21x1_ASAP7_75t_R)
                                         _16560_ (net)
                  9.15    0.01  282.19 v _22425_/A2 (OAI21x1_ASAP7_75t_R)
     8    9.26   62.90   29.32  311.51 ^ _22425_/Y (OAI21x1_ASAP7_75t_R)
                                         _16592_ (net)
                 63.16    2.37  313.88 ^ _24194_/B (NOR2x1_ASAP7_75t_R)
     1    0.69   16.45   15.29  329.17 v _24194_/Y (NOR2x1_ASAP7_75t_R)
                                         _05201_ (net)
                 16.45    0.01  329.17 v _24195_/B (AO21x2_ASAP7_75t_R)
     8    6.29   21.66   27.56  356.73 v _24195_/Y (AO21x2_ASAP7_75t_R)
                                         _05202_ (net)
                 21.83    1.07  357.80 v _24442_/A (AND2x2_ASAP7_75t_R)
     1    1.66    8.84   23.11  380.92 v _24442_/Y (AND2x2_ASAP7_75t_R)
                                         _17911_ (net)
                  8.84    0.01  380.93 v _35401_/CI (FAx1_ASAP7_75t_R)
     8   17.34  260.34  118.32  499.25 ^ _35401_/CON (FAx1_ASAP7_75t_R)
                                         _17962_ (net)
     4    7.83  182.29   92.53  591.78 v _35401_/SN (FAx1_ASAP7_75t_R)
                                         _17914_ (net)
                182.30    0.71  592.49 v _35040_/A (INVx2_ASAP7_75t_R)
     2    3.75   41.74   32.41  624.90 ^ _35040_/Y (INVx2_ASAP7_75t_R)
                                         _17913_ (net)
                 41.74    0.04  624.94 ^ _35461_/CI (FAx1_ASAP7_75t_R)
     7   12.07  191.71  207.33  832.28 v _35461_/SN (FAx1_ASAP7_75t_R)
                                         _18080_ (net)
                191.71    0.04  832.31 v _35462_/A (FAx1_ASAP7_75t_R)
     1    2.32   76.09   60.70  893.02 ^ _35462_/CON (FAx1_ASAP7_75t_R)
                                         _18122_ (net)
     1    0.73   57.31   20.27  913.29 v _35462_/SN (FAx1_ASAP7_75t_R)
                                         _18479_ (net)
                 57.31    0.01  913.30 v _34879_/A (INVx1_ASAP7_75t_R)
     1    2.10   25.98   20.88  934.18 ^ _34879_/Y (INVx1_ASAP7_75t_R)
                                         _18081_ (net)
                 25.98    0.04  934.22 ^ _35463_/A (FAx1_ASAP7_75t_R)
     1    0.70   23.90   36.70  970.92 v _35463_/SN (FAx1_ASAP7_75t_R)
                                         _18480_ (net)
                 23.90    0.00  970.92 v _34816_/A (INVx1_ASAP7_75t_R)
     1    1.72   16.35   13.22  984.14 ^ _34816_/Y (INVx1_ASAP7_75t_R)
                                         _18083_ (net)
                 16.35    0.03  984.17 ^ _35467_/CI (FAx1_ASAP7_75t_R)
     1    0.75   26.31   34.25 1018.42 v _35467_/SN (FAx1_ASAP7_75t_R)
                                         _18484_ (net)
                 26.31    0.01 1018.43 v _34856_/A (INVx1_ASAP7_75t_R)
     1    2.27   19.98   15.63 1034.07 ^ _34856_/Y (INVx1_ASAP7_75t_R)
                                         _18092_ (net)
                 19.98    0.04 1034.11 ^ _35468_/B (FAx1_ASAP7_75t_R)
     1    1.08   31.60   40.31 1074.42 v _35468_/SN (FAx1_ASAP7_75t_R)
                                         _18486_ (net)
                 31.60    0.02 1074.44 v _35578_/B (HAxp5_ASAP7_75t_R)
     4    3.72   76.39   68.99 1143.43 v _35578_/SN (HAxp5_ASAP7_75t_R)
                                         _00252_ (net)
                 76.39    0.03 1143.46 v _29453_/B (AO21x1_ASAP7_75t_R)
     1    0.70    8.52   25.74 1169.20 v _29453_/Y (AO21x1_ASAP7_75t_R)
                                         _09481_ (net)
                  8.52    0.01 1169.21 v _29454_/A2 (AO21x1_ASAP7_75t_R)
     2    1.11    9.83   15.65 1184.85 v _29454_/Y (AO21x1_ASAP7_75t_R)
                                         _09482_ (net)
                  9.83    0.00 1184.86 v _29488_/A2 (AO21x1_ASAP7_75t_R)
     1    0.72    8.16   14.83 1199.69 v _29488_/Y (AO21x1_ASAP7_75t_R)
                                         _09514_ (net)
                  8.16    0.01 1199.70 v _29489_/A2 (AO21x1_ASAP7_75t_R)
     2    1.15   10.24   15.69 1215.39 v _29489_/Y (AO21x1_ASAP7_75t_R)
                                         _09515_ (net)
                 10.24    0.01 1215.40 v _29532_/A2 (AO21x1_ASAP7_75t_R)
     1    0.59    7.60   14.56 1229.96 v _29532_/Y (AO21x1_ASAP7_75t_R)
                                         _09557_ (net)
                  7.60    0.01 1229.97 v _29536_/A2 (AO221x1_ASAP7_75t_R)
     2    2.41   17.58   27.05 1257.02 v _29536_/Y (AO221x1_ASAP7_75t_R)
                                         _09561_ (net)
                 17.58    0.05 1257.07 v _29607_/A1 (OA21x2_ASAP7_75t_R)
     4    4.51   16.44   24.35 1281.41 v _29607_/Y (OA21x2_ASAP7_75t_R)
                                         _09630_ (net)
                 16.48    0.45 1281.86 v _29608_/D (OR4x1_ASAP7_75t_R)
     1    0.71   13.03   32.55 1314.42 v _29608_/Y (OR4x1_ASAP7_75t_R)
                                         _09631_ (net)
                 13.03    0.01 1314.43 v _29613_/B (AND4x2_ASAP7_75t_R)
     2    3.63   14.20   20.36 1334.79 v _29613_/Y (AND4x2_ASAP7_75t_R)
                                         _09636_ (net)
                 14.41    0.95 1335.74 v _29616_/B (OR5x1_ASAP7_75t_R)
     1    1.13   15.63   37.27 1373.02 v _29616_/Y (OR5x1_ASAP7_75t_R)
                                         _09639_ (net)
                 15.63    0.02 1373.03 v _29617_/C (AOI211x1_ASAP7_75t_R)
     1    0.76   15.53   11.51 1384.54 ^ _29617_/Y (AOI211x1_ASAP7_75t_R)
                                         _09640_ (net)
                 15.53    0.02 1384.56 ^ _29620_/A2 (OA21x2_ASAP7_75t_R)
     1    4.09   17.38   22.04 1406.60 ^ _29620_/Y (OA21x2_ASAP7_75t_R)
                                         _09643_ (net)
                 17.61    1.10 1407.70 ^ _29624_/B (NOR2x2_ASAP7_75t_R)
     7    7.91   29.45   18.09 1425.79 v _29624_/Y (NOR2x2_ASAP7_75t_R)
                                         _09647_ (net)
                 30.23    2.61 1428.41 v clone8/A (BUFx3_ASAP7_75t_R)
     5    3.92   10.79   21.79 1450.20 v clone8/Y (BUFx3_ASAP7_75t_R)
                                         net8 (net)
                 10.82    0.32 1450.51 v _30377_/A1 (AO21x1_ASAP7_75t_R)
     1    0.65    6.94   15.76 1466.27 v _30377_/Y (AO21x1_ASAP7_75t_R)
                                         _03172_ (net)
                  6.94    0.00 1466.28 v gen_regfile_ff.register_file_i.rf_reg_q[383]$_DFFE_PN0P_/D (DFFASRHQNx1_ASAP7_75t_R)
                               1466.28   data arrival time

                  0.00 1260.00 1260.00   clock core_clock (rise edge)
                          0.00 1260.00   clock network delay (ideal)
                          0.00 1260.00   clock reconvergence pessimism
                               1260.00 ^ gen_regfile_ff.register_file_i.rf_reg_q[383]$_DFFE_PN0P_/CLK (DFFASRHQNx1_ASAP7_75t_R)
                         -5.39 1254.61   library setup time
                               1254.61   data required time
-----------------------------------------------------------------------------
                               1254.61   data required time
                               -1466.28   data arrival time
-----------------------------------------------------------------------------
                               -211.66   slack (VIOLATED)



==========================================================================
global place report_checks -unconstrained
--------------------------------------------------------------------------
Startpoint: rst_ni (input port clocked by core_clock)
Endpoint: id_stage_i.controller_i.nmi_mode_q$_DFFE_PN0P_
          (recovery check against rising-edge clock core_clock)
Path Group: asynchronous
Path Type: max

Fanout     Cap    Slew   Delay    Time   Description
-----------------------------------------------------------------------------
                  0.00    0.00    0.00   clock core_clock (rise edge)
                          0.00    0.00   clock network delay (ideal)
                        252.00  252.00 ^ input external delay
    63   89.17    0.00    0.00  252.00 ^ rst_ni (in)
                                         rst_ni (net)
                 64.00   20.19  272.19 ^ load_slew40/A (BUFx16f_ASAP7_75t_R)
    69   89.55   51.49   40.83  313.02 ^ load_slew40/Y (BUFx16f_ASAP7_75t_R)
                                         net62 (net)
                 51.63    1.67  314.69 ^ load_slew38/A (BUFx24_ASAP7_75t_R)
    84  110.09   52.33   40.74  355.43 ^ load_slew38/Y (BUFx24_ASAP7_75t_R)
                                         net60 (net)
                 65.05   12.78  368.20 ^ load_slew37/A (BUFx16f_ASAP7_75t_R)
    65   88.19   51.80   39.03  407.23 ^ load_slew37/Y (BUFx16f_ASAP7_75t_R)
                                         net59 (net)
                 62.25   12.11  419.34 ^ load_slew36/A (BUFx24_ASAP7_75t_R)
    82  109.80   53.69   41.09  460.43 ^ load_slew36/Y (BUFx24_ASAP7_75t_R)
                                         net58 (net)
                 87.23   22.80  483.23 ^ load_slew35/A (BUFx24_ASAP7_75t_R)
    80  108.90   54.96   46.98  530.22 ^ load_slew35/Y (BUFx24_ASAP7_75t_R)
                                         net57 (net)
                 72.06   15.82  546.03 ^ load_slew34/A (BUFx16f_ASAP7_75t_R)
    74   99.61   57.30   43.09  589.12 ^ load_slew34/Y (BUFx16f_ASAP7_75t_R)
                                         net56 (net)
                 60.63    7.39  596.51 ^ load_slew33/A (BUFx24_ASAP7_75t_R)
    82  105.89   51.04   40.24  636.75 ^ load_slew33/Y (BUFx24_ASAP7_75t_R)
                                         net55 (net)
                 89.08   24.02  660.77 ^ load_slew31/A (BUFx16f_ASAP7_75t_R)
    77   98.62   57.72   41.09  701.86 ^ load_slew31/Y (BUFx16f_ASAP7_75t_R)
                                         net53 (net)
                 75.81   16.86  718.72 ^ id_stage_i.controller_i.nmi_mode_q$_DFFE_PN0P_/SETN (DFFASRHQNx1_ASAP7_75t_R)
                                718.72   data arrival time

                  0.00 1260.00 1260.00   clock core_clock (rise edge)
                          0.00 1260.00   clock network delay (ideal)
                          0.00 1260.00   clock reconvergence pessimism
                               1260.00 ^ id_stage_i.controller_i.nmi_mode_q$_DFFE_PN0P_/CLK (DFFASRHQNx1_ASAP7_75t_R)
                         -6.44 1253.56   library recovery time
                               1253.56   data required time
-----------------------------------------------------------------------------
                               1253.56   data required time
                               -718.72   data arrival time
-----------------------------------------------------------------------------
                                534.84   slack (MET)


Startpoint: core_clock_gate_i.en_latch$_DLATCH_N_
            (negative level-sensitive latch clocked by core_clock)
Endpoint: _35046_ (rising clock gating-check end-point clocked by core_clock)
Path Group: gated clock
Path Type: max

Fanout     Cap    Slew   Delay    Time   Description
-----------------------------------------------------------------------------
                  0.00  630.00  630.00   clock core_clock (fall edge)
                          0.00  630.00   clock network delay (ideal)
                  0.00    0.00  630.00 v core_clock_gate_i.en_latch$_DLATCH_N_/CLK (DLLx1_ASAP7_75t_R)
     1    0.58    7.44   27.23  657.23 v core_clock_gate_i.en_latch$_DLATCH_N_/Q (DLLx1_ASAP7_75t_R)
                                         core_clock_gate_i.en_latch (net)
                  7.44    0.00  657.23 v _35046_/B (AND2x2_ASAP7_75t_R)
                                657.23   data arrival time

                  0.00 1260.00 1260.00   clock core_clock (rise edge)
                          0.00 1260.00   clock network delay (ideal)
                          0.00 1260.00   clock reconvergence pessimism
                               1260.00 ^ _35046_/A (AND2x2_ASAP7_75t_R)
                          0.00 1260.00   clock gating setup time
                               1260.00   data required time
-----------------------------------------------------------------------------
                               1260.00   data required time
                               -657.23   data arrival time
-----------------------------------------------------------------------------
                                602.77   slack (MET)


Startpoint: if_stage_i.instr_rdata_alu_id_o[20]$_DFFE_PN_
            (rising edge-triggered flip-flop clocked by core_clock)
Endpoint: gen_regfile_ff.register_file_i.rf_reg_q[383]$_DFFE_PN0P_
          (rising edge-triggered flip-flop clocked by core_clock)
Path Group: core_clock
Path Type: max

Fanout     Cap    Slew   Delay    Time   Description
-----------------------------------------------------------------------------
                  0.00    0.00    0.00   clock core_clock (rise edge)
                          0.00    0.00   clock network delay (ideal)
                  0.00    0.00    0.00 ^ if_stage_i.instr_rdata_alu_id_o[20]$_DFFE_PN_/CLK (DFFHQNx2_ASAP7_75t_R)
     6    5.49   28.54   47.15   47.15 ^ if_stage_i.instr_rdata_alu_id_o[20]$_DFFE_PN_/QN (DFFHQNx2_ASAP7_75t_R)
                                         _00368_ (net)
                 28.54    0.15   47.30 ^ _19195_/A (INVx2_ASAP7_75t_R)
     4    3.13   14.33   11.43   58.73 v _19195_/Y (INVx2_ASAP7_75t_R)
                                         _13466_ (net)
                 14.33    0.00   58.74 v _19196_/A (BUFx3_ASAP7_75t_R)
     6    5.01   12.08   18.62   77.36 v _19196_/Y (BUFx3_ASAP7_75t_R)
                                         _13467_ (net)
                 12.09    0.24   77.60 v _19197_/A (BUFx3_ASAP7_75t_R)
     6    6.20   13.85   19.02   96.62 v _19197_/Y (BUFx3_ASAP7_75t_R)
                                         _13468_ (net)
                 13.86    0.22   96.84 v _19198_/A (BUFx6f_ASAP7_75t_R)
     6    9.43   12.55   17.37  114.21 v _19198_/Y (BUFx6f_ASAP7_75t_R)
                                         _13469_ (net)
                 13.62    1.93  116.14 v _19199_/A (BUFx6f_ASAP7_75t_R)
     6    8.16   11.28   16.76  132.90 v _19199_/Y (BUFx6f_ASAP7_75t_R)
                                         _13470_ (net)
                 12.23    1.72  134.62 v _21321_/A (BUFx12f_ASAP7_75t_R)
     6    9.48    9.61   14.82  149.44 v _21321_/Y (BUFx12f_ASAP7_75t_R)
                                         _15518_ (net)
                 11.40    2.15  151.59 v clone18/A (BUFx2_ASAP7_75t_R)
     6    4.85   15.84   20.17  171.75 v clone18/Y (BUFx2_ASAP7_75t_R)
                                         net18 (net)
                 15.86    0.33  172.09 v _21567_/A (BUFx3_ASAP7_75t_R)
     5    4.85   12.04   18.89  190.98 v _21567_/Y (BUFx3_ASAP7_75t_R)
                                         _15758_ (net)
                 12.09    0.43  191.42 v _22371_/C (OA211x2_ASAP7_75t_R)
     1    0.67    9.19   27.80  219.21 v _22371_/Y (OA211x2_ASAP7_75t_R)
                                         _16538_ (net)
                  9.19    0.01  219.22 v _22376_/B (OR3x2_ASAP7_75t_R)
     1    2.77   15.92   32.36  251.58 v _22376_/Y (OR3x2_ASAP7_75t_R)
                                         _16543_ (net)
                 16.02    0.68  252.26 v _22377_/B (OA21x2_ASAP7_75t_R)
     1    0.66    6.20   14.85  267.12 v _22377_/Y (OA21x2_ASAP7_75t_R)
                                         _16544_ (net)
                  6.20    0.00  267.12 v _22393_/A2 (AO21x1_ASAP7_75t_R)
     1    1.12    9.15   15.06  282.18 v _22393_/Y (AO21x1_ASAP7_75t_R)
                                         _16560_ (net)
                  9.15    0.01  282.19 v _22425_/A2 (OAI21x1_ASAP7_75t_R)
     8    9.26   62.90   29.32  311.51 ^ _22425_/Y (OAI21x1_ASAP7_75t_R)
                                         _16592_ (net)
                 63.16    2.37  313.88 ^ _24194_/B (NOR2x1_ASAP7_75t_R)
     1    0.69   16.45   15.29  329.17 v _24194_/Y (NOR2x1_ASAP7_75t_R)
                                         _05201_ (net)
                 16.45    0.01  329.17 v _24195_/B (AO21x2_ASAP7_75t_R)
     8    6.29   21.66   27.56  356.73 v _24195_/Y (AO21x2_ASAP7_75t_R)
                                         _05202_ (net)
                 21.83    1.07  357.80 v _24442_/A (AND2x2_ASAP7_75t_R)
     1    1.66    8.84   23.11  380.92 v _24442_/Y (AND2x2_ASAP7_75t_R)
                                         _17911_ (net)
                  8.84    0.01  380.93 v _35401_/CI (FAx1_ASAP7_75t_R)
     8   17.34  260.34  118.32  499.25 ^ _35401_/CON (FAx1_ASAP7_75t_R)
                                         _17962_ (net)
     4    7.83  182.29   92.53  591.78 v _35401_/SN (FAx1_ASAP7_75t_R)
                                         _17914_ (net)
                182.30    0.71  592.49 v _35040_/A (INVx2_ASAP7_75t_R)
     2    3.75   41.74   32.41  624.90 ^ _35040_/Y (INVx2_ASAP7_75t_R)
                                         _17913_ (net)
                 41.74    0.04  624.94 ^ _35461_/CI (FAx1_ASAP7_75t_R)
     7   12.07  191.71  207.33  832.28 v _35461_/SN (FAx1_ASAP7_75t_R)
                                         _18080_ (net)
                191.71    0.04  832.31 v _35462_/A (FAx1_ASAP7_75t_R)
     1    2.32   76.09   60.70  893.02 ^ _35462_/CON (FAx1_ASAP7_75t_R)
                                         _18122_ (net)
     1    0.73   57.31   20.27  913.29 v _35462_/SN (FAx1_ASAP7_75t_R)
                                         _18479_ (net)
                 57.31    0.01  913.30 v _34879_/A (INVx1_ASAP7_75t_R)
     1    2.10   25.98   20.88  934.18 ^ _34879_/Y (INVx1_ASAP7_75t_R)
                                         _18081_ (net)
                 25.98    0.04  934.22 ^ _35463_/A (FAx1_ASAP7_75t_R)
     1    0.70   23.90   36.70  970.92 v _35463_/SN (FAx1_ASAP7_75t_R)
                                         _18480_ (net)
                 23.90    0.00  970.92 v _34816_/A (INVx1_ASAP7_75t_R)
     1    1.72   16.35   13.22  984.14 ^ _34816_/Y (INVx1_ASAP7_75t_R)
                                         _18083_ (net)
                 16.35    0.03  984.17 ^ _35467_/CI (FAx1_ASAP7_75t_R)
     1    0.75   26.31   34.25 1018.42 v _35467_/SN (FAx1_ASAP7_75t_R)
                                         _18484_ (net)
                 26.31    0.01 1018.43 v _34856_/A (INVx1_ASAP7_75t_R)
     1    2.27   19.98   15.63 1034.07 ^ _34856_/Y (INVx1_ASAP7_75t_R)
                                         _18092_ (net)
                 19.98    0.04 1034.11 ^ _35468_/B (FAx1_ASAP7_75t_R)
     1    1.08   31.60   40.31 1074.42 v _35468_/SN (FAx1_ASAP7_75t_R)
                                         _18486_ (net)
                 31.60    0.02 1074.44 v _35578_/B (HAxp5_ASAP7_75t_R)
     4    3.72   76.39   68.99 1143.43 v _35578_/SN (HAxp5_ASAP7_75t_R)
                                         _00252_ (net)
                 76.39    0.03 1143.46 v _29453_/B (AO21x1_ASAP7_75t_R)
     1    0.70    8.52   25.74 1169.20 v _29453_/Y (AO21x1_ASAP7_75t_R)
                                         _09481_ (net)
                  8.52    0.01 1169.21 v _29454_/A2 (AO21x1_ASAP7_75t_R)
     2    1.11    9.83   15.65 1184.85 v _29454_/Y (AO21x1_ASAP7_75t_R)
                                         _09482_ (net)
                  9.83    0.00 1184.86 v _29488_/A2 (AO21x1_ASAP7_75t_R)
     1    0.72    8.16   14.83 1199.69 v _29488_/Y (AO21x1_ASAP7_75t_R)
                                         _09514_ (net)
                  8.16    0.01 1199.70 v _29489_/A2 (AO21x1_ASAP7_75t_R)
     2    1.15   10.24   15.69 1215.39 v _29489_/Y (AO21x1_ASAP7_75t_R)
                                         _09515_ (net)
                 10.24    0.01 1215.40 v _29532_/A2 (AO21x1_ASAP7_75t_R)
     1    0.59    7.60   14.56 1229.96 v _29532_/Y (AO21x1_ASAP7_75t_R)
                                         _09557_ (net)
                  7.60    0.01 1229.97 v _29536_/A2 (AO221x1_ASAP7_75t_R)
     2    2.41   17.58   27.05 1257.02 v _29536_/Y (AO221x1_ASAP7_75t_R)
                                         _09561_ (net)
                 17.58    0.05 1257.07 v _29607_/A1 (OA21x2_ASAP7_75t_R)
     4    4.51   16.44   24.35 1281.41 v _29607_/Y (OA21x2_ASAP7_75t_R)
                                         _09630_ (net)
                 16.48    0.45 1281.86 v _29608_/D (OR4x1_ASAP7_75t_R)
     1    0.71   13.03   32.55 1314.42 v _29608_/Y (OR4x1_ASAP7_75t_R)
                                         _09631_ (net)
                 13.03    0.01 1314.43 v _29613_/B (AND4x2_ASAP7_75t_R)
     2    3.63   14.20   20.36 1334.79 v _29613_/Y (AND4x2_ASAP7_75t_R)
                                         _09636_ (net)
                 14.41    0.95 1335.74 v _29616_/B (OR5x1_ASAP7_75t_R)
     1    1.13   15.63   37.27 1373.02 v _29616_/Y (OR5x1_ASAP7_75t_R)
                                         _09639_ (net)
                 15.63    0.02 1373.03 v _29617_/C (AOI211x1_ASAP7_75t_R)
     1    0.76   15.53   11.51 1384.54 ^ _29617_/Y (AOI211x1_ASAP7_75t_R)
                                         _09640_ (net)
                 15.53    0.02 1384.56 ^ _29620_/A2 (OA21x2_ASAP7_75t_R)
     1    4.09   17.38   22.04 1406.60 ^ _29620_/Y (OA21x2_ASAP7_75t_R)
                                         _09643_ (net)
                 17.61    1.10 1407.70 ^ _29624_/B (NOR2x2_ASAP7_75t_R)
     7    7.91   29.45   18.09 1425.79 v _29624_/Y (NOR2x2_ASAP7_75t_R)
                                         _09647_ (net)
                 30.23    2.61 1428.41 v clone8/A (BUFx3_ASAP7_75t_R)
     5    3.92   10.79   21.79 1450.20 v clone8/Y (BUFx3_ASAP7_75t_R)
                                         net8 (net)
                 10.82    0.32 1450.51 v _30377_/A1 (AO21x1_ASAP7_75t_R)
     1    0.65    6.94   15.76 1466.27 v _30377_/Y (AO21x1_ASAP7_75t_R)
                                         _03172_ (net)
                  6.94    0.00 1466.28 v gen_regfile_ff.register_file_i.rf_reg_q[383]$_DFFE_PN0P_/D (DFFASRHQNx1_ASAP7_75t_R)
                               1466.28   data arrival time

                  0.00 1260.00 1260.00   clock core_clock (rise edge)
                          0.00 1260.00   clock network delay (ideal)
                          0.00 1260.00   clock reconvergence pessimism
                               1260.00 ^ gen_regfile_ff.register_file_i.rf_reg_q[383]$_DFFE_PN0P_/CLK (DFFASRHQNx1_ASAP7_75t_R)
                         -5.39 1254.61   library setup time
                               1254.61   data required time
-----------------------------------------------------------------------------
                               1254.61   data required time
                               -1466.28   data arrival time
-----------------------------------------------------------------------------
                               -211.66   slack (VIOLATED)



==========================================================================
global place report_power
--------------------------------------------------------------------------
Group                  Internal  Switching    Leakage      Total
                          Power      Power      Power      Power (Watts)
----------------------------------------------------------------
Sequential             3.13e-03   9.19e-04   2.10e-07   4.04e-03  10.0%
Combinational          1.63e-02   1.99e-02   1.77e-06   3.62e-02  89.7%
Clock                  5.95e-07   1.04e-04   1.16e-10   1.04e-04   0.3%
Macro                  0.00e+00   0.00e+00   0.00e+00   0.00e+00   0.0%
Pad                    0.00e+00   0.00e+00   0.00e+00   0.00e+00   0.0%
----------------------------------------------------------------
Total                  1.94e-02   2.10e-02   1.98e-06   4.04e-02 100.0%
                          48.1%      51.9%       0.0%
