
==========================================================================
detailed place report_tns
--------------------------------------------------------------------------
tns -288.82

==========================================================================
detailed place report_wns
--------------------------------------------------------------------------
wns -22.99

==========================================================================
detailed place report_worst_slack
--------------------------------------------------------------------------
worst slack -22.99

==========================================================================
detailed place report_checks -path_delay min
--------------------------------------------------------------------------
Startpoint: dpath.a_reg.out[11]$_DFFE_PP_
            (rising edge-triggered flip-flop clocked by core_clock)
Endpoint: dpath.a_reg.out[11]$_DFFE_PP_
          (rising edge-triggered flip-flop clocked by core_clock)
Path Group: core_clock
Path Type: min

Fanout     Cap    Slew   Delay    Time   Description
-----------------------------------------------------------------------------
                  0.00    0.00    0.00   clock core_clock (rise edge)
                          0.00    0.00   clock network delay (ideal)
                  0.00    0.00    0.00 ^ dpath.a_reg.out[11]$_DFFE_PP_/CLK (DFFHQNx1_ASAP7_75t_R)
     2    1.60   18.19   36.14   36.14 ^ dpath.a_reg.out[11]$_DFFE_PP_/QN (DFFHQNx1_ASAP7_75t_R)
                                         _043_ (net)
                 18.19    0.03   36.17 ^ _408_/A1 (AOI22x1_ASAP7_75t_R)
     1    0.59    8.70    7.21   43.38 v _408_/Y (AOI22x1_ASAP7_75t_R)
                                         _054_ (net)
                  8.70    0.00   43.39 v dpath.a_reg.out[11]$_DFFE_PP_/D (DFFHQNx1_ASAP7_75t_R)
                                 43.39   data arrival time

                  0.00    0.00    0.00   clock core_clock (rise edge)
                          0.00    0.00   clock network delay (ideal)
                          0.00    0.00   clock reconvergence pessimism
                                  0.00 ^ dpath.a_reg.out[11]$_DFFE_PP_/CLK (DFFHQNx1_ASAP7_75t_R)
                          8.40    8.40   library hold time
                                  8.40   data required time
-----------------------------------------------------------------------------
                                  8.40   data required time
                                -43.39   data arrival time
-----------------------------------------------------------------------------
                                 34.98   slack (MET)



==========================================================================
detailed place report_checks -path_delay max
--------------------------------------------------------------------------
Startpoint: dpath.b_reg.out[4]$_DFFE_PP_
            (rising edge-triggered flip-flop clocked by core_clock)
Endpoint: resp_msg[13] (output port clocked by core_clock)
Path Group: core_clock
Path Type: max

Fanout     Cap    Slew   Delay    Time   Description
-----------------------------------------------------------------------------
                  0.00    0.00    0.00   clock core_clock (rise edge)
                          0.00    0.00   clock network delay (ideal)
                  0.00    0.00    0.00 ^ dpath.b_reg.out[4]$_DFFE_PP_/CLK (DFFHQNx1_ASAP7_75t_R)
     4    3.65   29.10   42.32   42.32 v dpath.b_reg.out[4]$_DFFE_PP_/QN (DFFHQNx1_ASAP7_75t_R)
                                         _291_ (net)
                 29.10    0.17   42.48 v _572_/B (HAxp5_ASAP7_75t_R)
     5    3.81   77.96   69.17  111.65 v _572_/SN (HAxp5_ASAP7_75t_R)
                                         _022_ (net)
                 77.96    0.08  111.73 v _394_/B (OR3x1_ASAP7_75t_R)
     1    0.47    9.81   35.21  146.94 v _394_/Y (OR3x1_ASAP7_75t_R)
                                         _155_ (net)
                  9.81    0.00  146.95 v _395_/B (OA211x2_ASAP7_75t_R)
     3    2.66   14.34   29.48  176.42 v _395_/Y (OA211x2_ASAP7_75t_R)
                                         _156_ (net)
                 14.35    0.15  176.57 v _400_/A1 (OA21x2_ASAP7_75t_R)
     3    2.76   11.52   21.20  197.77 v _400_/Y (OA21x2_ASAP7_75t_R)
                                         _161_ (net)
                 11.53    0.16  197.93 v _402_/A2 (AO21x1_ASAP7_75t_R)
     3    2.54   16.19   20.31  218.24 v _402_/Y (AO21x1_ASAP7_75t_R)
                                         _163_ (net)
                 16.19    0.05  218.29 v _417_/A2 (AO32x1_ASAP7_75t_R)
     1    1.10   11.06   24.11  242.40 v _417_/Y (AO32x1_ASAP7_75t_R)
                                         _175_ (net)
                 11.07    0.01  242.42 v _418_/B (XOR2x2_ASAP7_75t_R)
     2    1.01    9.77   28.54  270.96 ^ _418_/Y (XOR2x2_ASAP7_75t_R)
                                         resp_msg[13] (net)
                  9.77    0.03  270.99 ^ resp_msg[13] (out)
                                270.99   data arrival time

                  0.00  310.00  310.00   clock core_clock (rise edge)
                          0.00  310.00   clock network delay (ideal)
                          0.00  310.00   clock reconvergence pessimism
                        -62.00  248.00   output external delay
                                248.00   data required time
-----------------------------------------------------------------------------
                                248.00   data required time
                               -270.99   data arrival time
-----------------------------------------------------------------------------
                                -22.99   slack (VIOLATED)



==========================================================================
detailed place report_checks -unconstrained
--------------------------------------------------------------------------
Startpoint: dpath.b_reg.out[4]$_DFFE_PP_
            (rising edge-triggered flip-flop clocked by core_clock)
Endpoint: resp_msg[13] (output port clocked by core_clock)
Path Group: core_clock
Path Type: max

Fanout     Cap    Slew   Delay    Time   Description
-----------------------------------------------------------------------------
                  0.00    0.00    0.00   clock core_clock (rise edge)
                          0.00    0.00   clock network delay (ideal)
                  0.00    0.00    0.00 ^ dpath.b_reg.out[4]$_DFFE_PP_/CLK (DFFHQNx1_ASAP7_75t_R)
     4    3.65   29.10   42.32   42.32 v dpath.b_reg.out[4]$_DFFE_PP_/QN (DFFHQNx1_ASAP7_75t_R)
                                         _291_ (net)
                 29.10    0.17   42.48 v _572_/B (HAxp5_ASAP7_75t_R)
     5    3.81   77.96   69.17  111.65 v _572_/SN (HAxp5_ASAP7_75t_R)
                                         _022_ (net)
                 77.96    0.08  111.73 v _394_/B (OR3x1_ASAP7_75t_R)
     1    0.47    9.81   35.21  146.94 v _394_/Y (OR3x1_ASAP7_75t_R)
                                         _155_ (net)
                  9.81    0.00  146.95 v _395_/B (OA211x2_ASAP7_75t_R)
     3    2.66   14.34   29.48  176.42 v _395_/Y (OA211x2_ASAP7_75t_R)
                                         _156_ (net)
                 14.35    0.15  176.57 v _400_/A1 (OA21x2_ASAP7_75t_R)
     3    2.76   11.52   21.20  197.77 v _400_/Y (OA21x2_ASAP7_75t_R)
                                         _161_ (net)
                 11.53    0.16  197.93 v _402_/A2 (AO21x1_ASAP7_75t_R)
     3    2.54   16.19   20.31  218.24 v _402_/Y (AO21x1_ASAP7_75t_R)
                                         _163_ (net)
                 16.19    0.05  218.29 v _417_/A2 (AO32x1_ASAP7_75t_R)
     1    1.10   11.06   24.11  242.40 v _417_/Y (AO32x1_ASAP7_75t_R)
                                         _175_ (net)
                 11.07    0.01  242.42 v _418_/B (XOR2x2_ASAP7_75t_R)
     2    1.01    9.77   28.54  270.96 ^ _418_/Y (XOR2x2_ASAP7_75t_R)
                                         resp_msg[13] (net)
                  9.77    0.03  270.99 ^ resp_msg[13] (out)
                                270.99   data arrival time

                  0.00  310.00  310.00   clock core_clock (rise edge)
                          0.00  310.00   clock network delay (ideal)
                          0.00  310.00   clock reconvergence pessimism
                        -62.00  248.00   output external delay
                                248.00   data required time
-----------------------------------------------------------------------------
                                248.00   data required time
                               -270.99   data arrival time
-----------------------------------------------------------------------------
                                -22.99   slack (VIOLATED)



==========================================================================
detailed place report_check_types -max_slew -max_cap -max_fanout -violators
--------------------------------------------------------------------------

==========================================================================
detailed place max_slew_check_slack
--------------------------------------------------------------------------
229.6788330078125

==========================================================================
detailed place max_slew_check_limit
--------------------------------------------------------------------------
320.0

==========================================================================
detailed place max_slew_check_slack_limit
--------------------------------------------------------------------------
0.7177

==========================================================================
detailed place max_fanout_check_slack
--------------------------------------------------------------------------
1.0000000150474662e+30

==========================================================================
detailed place max_fanout_check_limit
--------------------------------------------------------------------------
1.0000000150474662e+30

==========================================================================
detailed place max_capacitance_check_slack
--------------------------------------------------------------------------
18.58487892150879

==========================================================================
detailed place max_capacitance_check_limit
--------------------------------------------------------------------------
23.040000915527344

==========================================================================
detailed place max_capacitance_check_slack_limit
--------------------------------------------------------------------------
0.8066

==========================================================================
detailed place max_slew_violation_count
--------------------------------------------------------------------------
max slew violation count 0

==========================================================================
detailed place max_fanout_violation_count
--------------------------------------------------------------------------
max fanout violation count 0

==========================================================================
detailed place max_cap_violation_count
--------------------------------------------------------------------------
max cap violation count 0

==========================================================================
detailed place setup_violation_count
--------------------------------------------------------------------------
setup violation count 34

==========================================================================
detailed place hold_violation_count
--------------------------------------------------------------------------
hold violation count 0

==========================================================================
detailed place report_checks -path_delay max reg to reg
--------------------------------------------------------------------------
Startpoint: dpath.b_reg.out[7]$_DFFE_PP_
            (rising edge-triggered flip-flop clocked by core_clock)
Endpoint: dpath.a_reg.out[2]$_DFFE_PP_
          (rising edge-triggered flip-flop clocked by core_clock)
Path Group: core_clock
Path Type: max

  Delay    Time   Description
---------------------------------------------------------
   0.00    0.00   clock core_clock (rise edge)
   0.00    0.00   clock network delay (ideal)
   0.00    0.00 ^ dpath.b_reg.out[7]$_DFFE_PP_/CLK (DFFHQNx1_ASAP7_75t_R)
  42.48   42.48 v dpath.b_reg.out[7]$_DFFE_PP_/QN (DFFHQNx1_ASAP7_75t_R)
  66.60  109.08 v _569_/SN (HAxp5_ASAP7_75t_R)
  37.68  146.76 v _303_/Y (OA211x2_ASAP7_75t_R)
  17.85  164.61 v _305_/Y (OA21x2_ASAP7_75t_R)
  20.45  185.06 v _306_/Y (OR2x2_ASAP7_75t_R)
  20.15  205.21 v _368_/Y (AO21x1_ASAP7_75t_R)
  17.35  222.56 v _370_/Y (AND3x1_ASAP7_75t_R)
  26.94  249.50 ^ _372_/Y (OAI21x1_ASAP7_75t_R)
  26.18  275.69 ^ _444_/Y (BUFx6f_ASAP7_75t_R)
  10.90  286.59 v _450_/Y (NOR2x1_ASAP7_75t_R)
  25.51  312.09 v _451_/Y (OA33x2_ASAP7_75t_R)
   0.01  312.10 v dpath.a_reg.out[2]$_DFFE_PP_/D (DFFHQNx1_ASAP7_75t_R)
         312.10   data arrival time

 310.00  310.00   clock core_clock (rise edge)
   0.00  310.00   clock network delay (ideal)
   0.00  310.00   clock reconvergence pessimism
         310.00 ^ dpath.a_reg.out[2]$_DFFE_PP_/CLK (DFFHQNx1_ASAP7_75t_R)
 -10.90  299.10   library setup time
         299.10   data required time
---------------------------------------------------------
         299.10   data required time
        -312.10   data arrival time
---------------------------------------------------------
         -13.00   slack (VIOLATED)



==========================================================================
detailed place report_checks -path_delay min reg to reg
--------------------------------------------------------------------------
Startpoint: dpath.a_reg.out[11]$_DFFE_PP_
            (rising edge-triggered flip-flop clocked by core_clock)
Endpoint: dpath.a_reg.out[11]$_DFFE_PP_
          (rising edge-triggered flip-flop clocked by core_clock)
Path Group: core_clock
Path Type: min

  Delay    Time   Description
---------------------------------------------------------
   0.00    0.00   clock core_clock (rise edge)
   0.00    0.00   clock network delay (ideal)
   0.00    0.00 ^ dpath.a_reg.out[11]$_DFFE_PP_/CLK (DFFHQNx1_ASAP7_75t_R)
  36.14   36.14 ^ dpath.a_reg.out[11]$_DFFE_PP_/QN (DFFHQNx1_ASAP7_75t_R)
   7.24   43.38 v _408_/Y (AOI22x1_ASAP7_75t_R)
   0.00   43.39 v dpath.a_reg.out[11]$_DFFE_PP_/D (DFFHQNx1_ASAP7_75t_R)
          43.39   data arrival time

   0.00    0.00   clock core_clock (rise edge)
   0.00    0.00   clock network delay (ideal)
   0.00    0.00   clock reconvergence pessimism
           0.00 ^ dpath.a_reg.out[11]$_DFFE_PP_/CLK (DFFHQNx1_ASAP7_75t_R)
   8.40    8.40   library hold time
           8.40   data required time
---------------------------------------------------------
           8.40   data required time
         -43.39   data arrival time
---------------------------------------------------------
          34.98   slack (MET)



==========================================================================
detailed place critical path target clock latency max path
--------------------------------------------------------------------------
0.0000

==========================================================================
detailed place critical path target clock latency min path
--------------------------------------------------------------------------
0.0000

==========================================================================
detailed place critical path source clock latency min path
--------------------------------------------------------------------------
0.0000

==========================================================================
detailed place critical path delay
--------------------------------------------------------------------------
270.9872

==========================================================================
detailed place critical path slack
--------------------------------------------------------------------------
-22.9872

==========================================================================
detailed place slack div critical path delay
--------------------------------------------------------------------------
-8.482762

==========================================================================
detailed place report_power
--------------------------------------------------------------------------
Group                  Internal  Switching    Leakage      Total
                          Power      Power      Power      Power (Watts)
----------------------------------------------------------------
Sequential             2.11e-04   2.38e-05   5.34e-09   2.35e-04  41.8%
Combinational          1.70e-04   1.57e-04   2.17e-08   3.27e-04  58.2%
Clock                  0.00e+00   0.00e+00   0.00e+00   0.00e+00   0.0%
Macro                  0.00e+00   0.00e+00   0.00e+00   0.00e+00   0.0%
Pad                    0.00e+00   0.00e+00   0.00e+00   0.00e+00   0.0%
----------------------------------------------------------------
Total                  3.81e-04   1.80e-04   2.70e-08   5.62e-04 100.0%
                          67.9%      32.1%       0.0%
