OpenROAD v2.0-19576-gec1bf1a13 
Features included (+) or not (-): +GPU +GUI +Python : None
This program is licensed under the BSD-3 license. See the LICENSE file for details.
Components of this program may be licensed under more restrictive licenses which must be honored.
[INFO ORD-0030] Using 16 thread(s).
[INFO GPL-0002] DBU: 2000
[INFO GPL-0003] SiteSize: (  0.190  1.400 ) um
[INFO GPL-0004] CoreBBox: (  1.140  1.400 ) ( 296.590 207.200 ) um
[INFO GPL-0006] NumInstances:             16538
[INFO GPL-0007] NumPlaceInstances:        16095
[INFO GPL-0008] NumFixedInstances:          443
[INFO GPL-0009] NumDummyInstances:            0
[INFO GPL-0010] NumNets:                  18758
[INFO GPL-0011] NumPins:                  60707
[INFO GPL-0012] DieBBox:  (  0.000  0.000 ) ( 297.645 208.950 ) um
[INFO GPL-0013] CoreBBox: (  1.140  1.400 ) ( 296.590 207.200 ) um
[INFO GPL-0016] CoreArea:             60803.610 um^2
[INFO GPL-0017] NonPlaceInstsArea:      117.838 um^2
[INFO GPL-0018] PlaceInstsArea:       28787.052 um^2
[INFO GPL-0019] Util:                    47.436 %
[INFO GPL-0020] StdInstsArea:         28787.052 um^2
[INFO GPL-0021] MacroInstsArea:           0.000 um^2
[INFO GPL-0031] FillerInit:NumGCells:     35298
[INFO GPL-0032] FillerInit:NumGNets:      18758
[INFO GPL-0033] FillerInit:NumGPins:      60707
[INFO GPL-0023] TargetDensity:            1.000
[INFO GPL-0024] AvrgPlaceInstArea:        1.789 um^2
[INFO GPL-0025] IdealBinArea:             1.789 um^2
[INFO GPL-0026] IdealBinCnt:              33995
[INFO GPL-0027] TotalBinArea:         60803.610 um^2
[INFO GPL-0028] BinCnt:       128    128
[INFO GPL-0029] BinSize: (  2.308  1.608 )
[INFO GPL-0030] NumBins: 16384
Placement density is 0.6420537239313125, computed from PLACE_DENSITY_LB_ADDON 0.30 and lower bound 0.47436246275901794
global_placement -density 0.6420537239313125 -pad_left 0 -pad_right 0
[INFO GPL-0002] DBU: 2000
[INFO GPL-0003] SiteSize: (  0.190  1.400 ) um
[INFO GPL-0004] CoreBBox: (  1.140  1.400 ) ( 296.590 207.200 ) um
[INFO GPL-0006] NumInstances:             16538
[INFO GPL-0007] NumPlaceInstances:        16095
[INFO GPL-0008] NumFixedInstances:          443
[INFO GPL-0009] NumDummyInstances:            0
[INFO GPL-0010] NumNets:                  18758
[INFO GPL-0011] NumPins:                  60707
[INFO GPL-0012] DieBBox:  (  0.000  0.000 ) ( 297.645 208.950 ) um
[INFO GPL-0013] CoreBBox: (  1.140  1.400 ) ( 296.590 207.200 ) um
[INFO GPL-0016] CoreArea:             60803.610 um^2
[INFO GPL-0017] NonPlaceInstsArea:      117.838 um^2
[INFO GPL-0018] PlaceInstsArea:       28787.052 um^2
[INFO GPL-0019] Util:                    47.436 %
[INFO GPL-0020] StdInstsArea:         28787.052 um^2
[INFO GPL-0021] MacroInstsArea:           0.000 um^2
[InitialPlace]  Iter: 1 CG residual: 0.00351519 HPWL: 237298380
[InitialPlace]  Iter: 2 CG residual: 0.00024711 HPWL: 188205447
[InitialPlace]  Iter: 3 CG residual: 0.00003096 HPWL: 179323951
[InitialPlace]  Iter: 4 CG residual: 0.00001534 HPWL: 176418752
[InitialPlace]  Iter: 5 CG residual: 0.00001530 HPWL: 175167640
[InitialPlace]  Iter: 6 CG residual: 0.00000927 HPWL: 175113055
[INFO GPL-0031] FillerInit:NumGCells:     22221
[INFO GPL-0032] FillerInit:NumGNets:      18758
[INFO GPL-0033] FillerInit:NumGPins:      60707
[INFO GPL-0023] TargetDensity:            0.642
[INFO GPL-0024] AvrgPlaceInstArea:        1.789 um^2
[INFO GPL-0025] IdealBinArea:             2.786 um^2
[INFO GPL-0026] IdealBinCnt:              21827
[INFO GPL-0027] TotalBinArea:         60803.610 um^2
[INFO GPL-0028] BinCnt:       128    128
[INFO GPL-0029] BinSize: (  2.308  1.608 )
[INFO GPL-0030] NumBins: 16384
[NesterovSolve] Iter:    1 overflow: 0.994 HPWL: 74485280
[NesterovSolve] Iter:   10 overflow: 0.980 HPWL: 93274002
[NesterovSolve] Iter:   20 overflow: 0.968 HPWL: 104239348
[NesterovSolve] Iter:   30 overflow: 0.963 HPWL: 110250061
[NesterovSolve] Iter:   40 overflow: 0.961 HPWL: 116178660
[NesterovSolve] Iter:   50 overflow: 0.960 HPWL: 121240798
[NesterovSolve] Iter:   60 overflow: 0.959 HPWL: 124122086
[NesterovSolve] Iter:   70 overflow: 0.959 HPWL: 124769967
[NesterovSolve] Iter:   80 overflow: 0.959 HPWL: 123484917
[NesterovSolve] Iter:   90 overflow: 0.959 HPWL: 121764482
[NesterovSolve] Iter:  100 overflow: 0.959 HPWL: 120716374
[NesterovSolve] Iter:  110 overflow: 0.959 HPWL: 120616856
[NesterovSolve] Iter:  120 overflow: 0.959 HPWL: 121072208
[NesterovSolve] Iter:  130 overflow: 0.959 HPWL: 121708994
[NesterovSolve] Iter:  140 overflow: 0.959 HPWL: 122472925
[NesterovSolve] Iter:  150 overflow: 0.959 HPWL: 123465034
[NesterovSolve] Iter:  160 overflow: 0.958 HPWL: 124781556
[NesterovSolve] Iter:  170 overflow: 0.958 HPWL: 126768556
[NesterovSolve] Iter:  180 overflow: 0.956 HPWL: 130186017
[NesterovSolve] Iter:  190 overflow: 0.954 HPWL: 135691299
[NesterovSolve] Iter:  200 overflow: 0.951 HPWL: 143325962
[NesterovSolve] Iter:  210 overflow: 0.946 HPWL: 153638677
[NesterovSolve] Iter:  220 overflow: 0.938 HPWL: 167647984
[NesterovSolve] Iter:  230 overflow: 0.928 HPWL: 185661800
[NesterovSolve] Iter:  240 overflow: 0.915 HPWL: 206923304
[NesterovSolve] Iter:  250 overflow: 0.898 HPWL: 228630766
[NesterovSolve] Iter:  260 overflow: 0.878 HPWL: 250963653
[NesterovSolve] Iter:  270 overflow: 0.853 HPWL: 277729848
[NesterovSolve] Iter:  280 overflow: 0.829 HPWL: 305931590
[NesterovSolve] Iter:  290 overflow: 0.797 HPWL: 329454474
[NesterovSolve] Iter:  300 overflow: 0.758 HPWL: 358141070
[NesterovSolve] Iter:  310 overflow: 0.721 HPWL: 375592346
[NesterovSolve] Iter:  320 overflow: 0.675 HPWL: 403551484
[NesterovSolve] Iter:  330 overflow: 0.625 HPWL: 421377409
[NesterovSolve] Iter:  340 overflow: 0.578 HPWL: 438285600
[NesterovSolve] Iter:  350 overflow: 0.530 HPWL: 451028461
[NesterovSolve] Iter:  360 overflow: 0.485 HPWL: 461280771
[NesterovSolve] Iter:  370 overflow: 0.439 HPWL: 471656408
[NesterovSolve] Iter:  380 overflow: 0.393 HPWL: 481789612
[NesterovSolve] Iter:  390 overflow: 0.347 HPWL: 487762977
[NesterovSolve] Iter:  400 overflow: 0.310 HPWL: 492073706
[NesterovSolve] Iter:  410 overflow: 0.276 HPWL: 494183531
[NesterovSolve] Iter:  420 overflow: 0.246 HPWL: 497126734
[NesterovSolve] Iter:  430 overflow: 0.216 HPWL: 499577146
[NesterovSolve] Iter:  440 overflow: 0.188 HPWL: 501214780
[NesterovSolve] Iter:  450 overflow: 0.166 HPWL: 501155425
[NesterovSolve] Iter:  460 overflow: 0.145 HPWL: 501963346
[NesterovSolve] Iter:  470 overflow: 0.125 HPWL: 502615282
[NesterovSolve] Iter:  480 overflow: 0.109 HPWL: 503328358
[NesterovSolve] Finished with Overflow: 0.099152
Took 905 seconds: global_placement -density 0.6420537239313125 -pad_left 0 -pad_right 0
Report metrics stage 3, global place...

==========================================================================
global place report_design_area
--------------------------------------------------------------------------
Design area 28787 u^2 47% utilization.
Elapsed time: 15:48.89[h:]min:sec. CPU time: user 1819.97 sys 6.62 (192%). Peak memory: 201628KB.
