
==========================================================================
global place report_tns
--------------------------------------------------------------------------
tns -204.81

==========================================================================
global place report_wns
--------------------------------------------------------------------------
wns -20.85

==========================================================================
global place report_worst_slack
--------------------------------------------------------------------------
worst slack -20.85

==========================================================================
global place report_checks -path_delay min
--------------------------------------------------------------------------
Startpoint: dpath.a_reg.out[11]$_DFFE_PP_
            (rising edge-triggered flip-flop clocked by core_clock)
Endpoint: dpath.a_reg.out[11]$_DFFE_PP_
          (rising edge-triggered flip-flop clocked by core_clock)
Path Group: core_clock
Path Type: min

Fanout     Cap    Slew   Delay    Time   Description
-----------------------------------------------------------------------------
                  0.00    0.00    0.00   clock core_clock (rise edge)
                          0.00    0.00   clock network delay (ideal)
                  0.00    0.00    0.00 ^ dpath.a_reg.out[11]$_DFFE_PP_/CLK (DFFHQNx1_ASAP7_75t_R)
     2    1.55   17.89   35.97   35.97 ^ dpath.a_reg.out[11]$_DFFE_PP_/QN (DFFHQNx1_ASAP7_75t_R)
                                         _043_ (net)
                 17.89    0.02   35.99 ^ _408_/A1 (AOI22x1_ASAP7_75t_R)
     1    0.59    8.69    7.19   43.18 v _408_/Y (AOI22x1_ASAP7_75t_R)
                                         _054_ (net)
                  8.69    0.00   43.19 v dpath.a_reg.out[11]$_DFFE_PP_/D (DFFHQNx1_ASAP7_75t_R)
                                 43.19   data arrival time

                  0.00    0.00    0.00   clock core_clock (rise edge)
                          0.00    0.00   clock network delay (ideal)
                          0.00    0.00   clock reconvergence pessimism
                                  0.00 ^ dpath.a_reg.out[11]$_DFFE_PP_/CLK (DFFHQNx1_ASAP7_75t_R)
                          8.40    8.40   library hold time
                                  8.40   data required time
-----------------------------------------------------------------------------
                                  8.40   data required time
                                -43.19   data arrival time
-----------------------------------------------------------------------------
                                 34.78   slack (MET)



==========================================================================
global place report_checks -path_delay max
--------------------------------------------------------------------------
Startpoint: dpath.b_reg.out[4]$_DFFE_PP_
            (rising edge-triggered flip-flop clocked by core_clock)
Endpoint: resp_msg[13] (output port clocked by core_clock)
Path Group: core_clock
Path Type: max

Fanout     Cap    Slew   Delay    Time   Description
-----------------------------------------------------------------------------
                  0.00    0.00    0.00   clock core_clock (rise edge)
                          0.00    0.00   clock network delay (ideal)
                  0.00    0.00    0.00 ^ dpath.b_reg.out[4]$_DFFE_PP_/CLK (DFFHQNx1_ASAP7_75t_R)
     4    3.57   28.60   42.11   42.11 v dpath.b_reg.out[4]$_DFFE_PP_/QN (DFFHQNx1_ASAP7_75t_R)
                                         _291_ (net)
                 28.60    0.11   42.22 v _572_/B (HAxp5_ASAP7_75t_R)
     5    3.73   76.31   68.05  110.27 v _572_/SN (HAxp5_ASAP7_75t_R)
                                         _022_ (net)
                 76.31    0.02  110.29 v _394_/B (OR3x1_ASAP7_75t_R)
     1    0.45    9.66   34.86  145.16 v _394_/Y (OR3x1_ASAP7_75t_R)
                                         _155_ (net)
                  9.66    0.00  145.16 v _395_/B (OA211x2_ASAP7_75t_R)
     3    2.67   14.35   29.44  174.60 v _395_/Y (OA211x2_ASAP7_75t_R)
                                         _156_ (net)
                 14.36    0.16  174.76 v _400_/A1 (OA21x2_ASAP7_75t_R)
     3    2.68   11.34   21.07  195.83 v _400_/Y (OA21x2_ASAP7_75t_R)
                                         _161_ (net)
                 11.34    0.14  195.96 v _402_/A2 (AO21x1_ASAP7_75t_R)
     3    2.61   16.51   20.42  216.39 v _402_/Y (AO21x1_ASAP7_75t_R)
                                         _163_ (net)
                 16.51    0.04  216.42 v _417_/A2 (AO32x1_ASAP7_75t_R)
     1    1.12   11.10   24.23  240.65 v _417_/Y (AO32x1_ASAP7_75t_R)
                                         _175_ (net)
                 11.10    0.01  240.66 v _418_/B (XOR2x2_ASAP7_75t_R)
     2    0.83    9.21   28.17  268.84 ^ _418_/Y (XOR2x2_ASAP7_75t_R)
                                         resp_msg[13] (net)
                  9.21    0.01  268.85 ^ resp_msg[13] (out)
                                268.85   data arrival time

                  0.00  310.00  310.00   clock core_clock (rise edge)
                          0.00  310.00   clock network delay (ideal)
                          0.00  310.00   clock reconvergence pessimism
                        -62.00  248.00   output external delay
                                248.00   data required time
-----------------------------------------------------------------------------
                                248.00   data required time
                               -268.85   data arrival time
-----------------------------------------------------------------------------
                                -20.85   slack (VIOLATED)



==========================================================================
global place report_checks -unconstrained
--------------------------------------------------------------------------
Startpoint: dpath.b_reg.out[4]$_DFFE_PP_
            (rising edge-triggered flip-flop clocked by core_clock)
Endpoint: resp_msg[13] (output port clocked by core_clock)
Path Group: core_clock
Path Type: max

Fanout     Cap    Slew   Delay    Time   Description
-----------------------------------------------------------------------------
                  0.00    0.00    0.00   clock core_clock (rise edge)
                          0.00    0.00   clock network delay (ideal)
                  0.00    0.00    0.00 ^ dpath.b_reg.out[4]$_DFFE_PP_/CLK (DFFHQNx1_ASAP7_75t_R)
     4    3.57   28.60   42.11   42.11 v dpath.b_reg.out[4]$_DFFE_PP_/QN (DFFHQNx1_ASAP7_75t_R)
                                         _291_ (net)
                 28.60    0.11   42.22 v _572_/B (HAxp5_ASAP7_75t_R)
     5    3.73   76.31   68.05  110.27 v _572_/SN (HAxp5_ASAP7_75t_R)
                                         _022_ (net)
                 76.31    0.02  110.29 v _394_/B (OR3x1_ASAP7_75t_R)
     1    0.45    9.66   34.86  145.16 v _394_/Y (OR3x1_ASAP7_75t_R)
                                         _155_ (net)
                  9.66    0.00  145.16 v _395_/B (OA211x2_ASAP7_75t_R)
     3    2.67   14.35   29.44  174.60 v _395_/Y (OA211x2_ASAP7_75t_R)
                                         _156_ (net)
                 14.36    0.16  174.76 v _400_/A1 (OA21x2_ASAP7_75t_R)
     3    2.68   11.34   21.07  195.83 v _400_/Y (OA21x2_ASAP7_75t_R)
                                         _161_ (net)
                 11.34    0.14  195.96 v _402_/A2 (AO21x1_ASAP7_75t_R)
     3    2.61   16.51   20.42  216.39 v _402_/Y (AO21x1_ASAP7_75t_R)
                                         _163_ (net)
                 16.51    0.04  216.42 v _417_/A2 (AO32x1_ASAP7_75t_R)
     1    1.12   11.10   24.23  240.65 v _417_/Y (AO32x1_ASAP7_75t_R)
                                         _175_ (net)
                 11.10    0.01  240.66 v _418_/B (XOR2x2_ASAP7_75t_R)
     2    0.83    9.21   28.17  268.84 ^ _418_/Y (XOR2x2_ASAP7_75t_R)
                                         resp_msg[13] (net)
                  9.21    0.01  268.85 ^ resp_msg[13] (out)
                                268.85   data arrival time

                  0.00  310.00  310.00   clock core_clock (rise edge)
                          0.00  310.00   clock network delay (ideal)
                          0.00  310.00   clock reconvergence pessimism
                        -62.00  248.00   output external delay
                                248.00   data required time
-----------------------------------------------------------------------------
                                248.00   data required time
                               -268.85   data arrival time
-----------------------------------------------------------------------------
                                -20.85   slack (VIOLATED)



==========================================================================
global place report_power
--------------------------------------------------------------------------
Group                  Internal  Switching    Leakage      Total
                          Power      Power      Power      Power (Watts)
----------------------------------------------------------------
Sequential             2.11e-04   2.36e-05   5.34e-09   2.35e-04  42.1%
Combinational          1.70e-04   1.53e-04   2.17e-08   3.23e-04  57.9%
Clock                  0.00e+00   0.00e+00   0.00e+00   0.00e+00   0.0%
Macro                  0.00e+00   0.00e+00   0.00e+00   0.00e+00   0.0%
Pad                    0.00e+00   0.00e+00   0.00e+00   0.00e+00   0.0%
----------------------------------------------------------------
Total                  3.81e-04   1.77e-04   2.70e-08   5.58e-04 100.0%
                          68.3%      31.7%       0.0%
