OpenROAD v2.0-19576-gec1bf1a13 
Features included (+) or not (-): +GPU +GUI +Python : None
This program is licensed under the BSD-3 license. See the LICENSE file for details.
Components of this program may be licensed under more restrictive licenses which must be honored.
[INFO ORD-0030] Using 16 thread(s).
[INFO GPL-0002] DBU: 1000
[INFO GPL-0003] SiteSize: (  0.054  0.270 ) um
[INFO GPL-0004] CoreBBox: (  1.026  1.080 ) ( 12.528  7.830 ) um
[INFO GPL-0006] NumInstances:               365
[INFO GPL-0007] NumPlaceInstances:          315
[INFO GPL-0008] NumFixedInstances:           50
[INFO GPL-0009] NumDummyInstances:            0
[INFO GPL-0010] NumNets:                    368
[INFO GPL-0011] NumPins:                   1171
[INFO GPL-0012] DieBBox:  (  0.000  0.000 ) ( 13.565  8.939 ) um
[INFO GPL-0013] CoreBBox: (  1.026  1.080 ) ( 12.528  7.830 ) um
[INFO GPL-0016] CoreArea:                77.638 um^2
[INFO GPL-0017] NonPlaceInstsArea:        1.458 um^2
[INFO GPL-0018] PlaceInstsArea:          37.718 um^2
[INFO GPL-0019] Util:                    49.512 %
[INFO GPL-0020] StdInstsArea:            37.718 um^2
[INFO GPL-0021] MacroInstsArea:           0.000 um^2
[INFO GPL-0031] FillerInit:NumGCells:       652
[INFO GPL-0032] FillerInit:NumGNets:        368
[INFO GPL-0033] FillerInit:NumGPins:       1171
[INFO GPL-0023] TargetDensity:            1.000
[INFO GPL-0024] AvrgPlaceInstArea:        0.120 um^2
[INFO GPL-0025] IdealBinArea:             0.120 um^2
[INFO GPL-0026] IdealBinCnt:                648
[INFO GPL-0027] TotalBinArea:            77.638 um^2
[INFO GPL-0028] BinCnt:        16     16
[INFO GPL-0029] BinSize: (  0.719  0.422 )
[INFO GPL-0030] NumBins: 256
Placement density is 0.7070717787742615, computed from PLACE_DENSITY_LB_ADDON 0.40 and lower bound 0.4951196312904358
global_placement -density 0.7070717787742615 -pad_left 0 -pad_right 0
[INFO GPL-0002] DBU: 1000
[INFO GPL-0003] SiteSize: (  0.054  0.270 ) um
[INFO GPL-0004] CoreBBox: (  1.026  1.080 ) ( 12.528  7.830 ) um
[INFO GPL-0006] NumInstances:               365
[INFO GPL-0007] NumPlaceInstances:          315
[INFO GPL-0008] NumFixedInstances:           50
[INFO GPL-0009] NumDummyInstances:            0
[INFO GPL-0010] NumNets:                    368
[INFO GPL-0011] NumPins:                   1171
[INFO GPL-0012] DieBBox:  (  0.000  0.000 ) ( 13.565  8.939 ) um
[INFO GPL-0013] CoreBBox: (  1.026  1.080 ) ( 12.528  7.830 ) um
[INFO GPL-0016] CoreArea:                77.638 um^2
[INFO GPL-0017] NonPlaceInstsArea:        1.458 um^2
[INFO GPL-0018] PlaceInstsArea:          37.718 um^2
[INFO GPL-0019] Util:                    49.512 %
[INFO GPL-0020] StdInstsArea:            37.718 um^2
[INFO GPL-0021] MacroInstsArea:           0.000 um^2
[InitialPlace]  Iter: 1 CG residual: 0.00000004 HPWL: 926389
[InitialPlace]  Iter: 2 CG residual: 0.00000008 HPWL: 752741
[InitialPlace]  Iter: 3 CG residual: 0.00000011 HPWL: 761262
[InitialPlace]  Iter: 4 CG residual: 0.00000008 HPWL: 762889
[InitialPlace]  Iter: 5 CG residual: 0.00000009 HPWL: 767509
[INFO GPL-0031] FillerInit:NumGCells:       456
[INFO GPL-0032] FillerInit:NumGNets:        368
[INFO GPL-0033] FillerInit:NumGPins:       1171
[INFO GPL-0023] TargetDensity:            0.707
[INFO GPL-0024] AvrgPlaceInstArea:        0.120 um^2
[INFO GPL-0025] IdealBinArea:             0.169 um^2
[INFO GPL-0026] IdealBinCnt:                458
[INFO GPL-0027] TotalBinArea:            77.638 um^2
[INFO GPL-0028] BinCnt:        16     16
[INFO GPL-0029] BinSize: (  0.719  0.422 )
[INFO GPL-0030] NumBins: 256
[NesterovSolve] Iter:    1 overflow: 0.696 HPWL: 611183
[NesterovSolve] Iter:   10 overflow: 0.601 HPWL: 586004
[NesterovSolve] Iter:   20 overflow: 0.594 HPWL: 582901
[NesterovSolve] Iter:   30 overflow: 0.598 HPWL: 583532
[NesterovSolve] Iter:   40 overflow: 0.596 HPWL: 583415
[NesterovSolve] Iter:   50 overflow: 0.596 HPWL: 583380
[NesterovSolve] Iter:   60 overflow: 0.595 HPWL: 583501
[NesterovSolve] Iter:   70 overflow: 0.595 HPWL: 583720
[NesterovSolve] Iter:   80 overflow: 0.593 HPWL: 584083
[NesterovSolve] Iter:   90 overflow: 0.592 HPWL: 584580
[NesterovSolve] Iter:  100 overflow: 0.589 HPWL: 584923
[NesterovSolve] Iter:  110 overflow: 0.586 HPWL: 585247
[NesterovSolve] Iter:  120 overflow: 0.581 HPWL: 585844
[NesterovSolve] Iter:  130 overflow: 0.572 HPWL: 587018
[NesterovSolve] Iter:  140 overflow: 0.561 HPWL: 588558
[NesterovSolve] Iter:  150 overflow: 0.546 HPWL: 590447
[NesterovSolve] Iter:  160 overflow: 0.522 HPWL: 592070
[NesterovSolve] Iter:  170 overflow: 0.489 HPWL: 591227
[NesterovSolve] Iter:  180 overflow: 0.461 HPWL: 594846
[NesterovSolve] Iter:  190 overflow: 0.422 HPWL: 600199
[NesterovSolve] Iter:  200 overflow: 0.377 HPWL: 602131
[NesterovSolve] Iter:  210 overflow: 0.326 HPWL: 609174
[NesterovSolve] Iter:  220 overflow: 0.285 HPWL: 613508
[NesterovSolve] Iter:  230 overflow: 0.247 HPWL: 620740
[NesterovSolve] Iter:  240 overflow: 0.219 HPWL: 628521
[NesterovSolve] Iter:  250 overflow: 0.192 HPWL: 631512
[NesterovSolve] Iter:  260 overflow: 0.162 HPWL: 634237
[NesterovSolve] Iter:  270 overflow: 0.139 HPWL: 637645
[NesterovSolve] Iter:  280 overflow: 0.121 HPWL: 642026
[NesterovSolve] Iter:  290 overflow: 0.108 HPWL: 645790
[NesterovSolve] Finished with Overflow: 0.098351
Took 5 seconds: global_placement -density 0.7070717787742615 -pad_left 0 -pad_right 0
Report metrics stage 3, global place...

==========================================================================
global place report_design_area
--------------------------------------------------------------------------
Design area 38 u^2 49% utilization.
Elapsed time: 0:07.35[h:]min:sec. CPU time: user 84.43 sys 0.59 (1156%). Peak memory: 213404KB.
